165E:000001A0  int  15                                                EAX:0000220D EBX:0000FFFF ECX:00007FEA EDX:00000000 ESI:00007BD0 EDI:0000211E EBP:00007BD8 ESP:00007BC2 DS:3E00 ES:0000 FS:0000 GS:0000 SS:3E00 CF:0 ZF:0 SF:0 OF:0 AF:0 PF:1 IF:1
F000:000011E0  callback 000F  (Int 15 Bios)                           EAX:0000220D EBX:0000FFFF ECX:00007FEA EDX:00000000 ESI:00007BD0 EDI:0000211E EBP:00007BD8 ESP:00007BBC DS:3E00 ES:0000 FS:0000 GS:0000 SS:3E00 CF:0 ZF:0 SF:0 OF:0 AF:0 PF:1 IF:0
F000:000011E4  iret                                                   EAX:0000860D EBX:0000FFFF ECX:00007FEA EDX:00000000 ESI:00007BD0 EDI:0000211E EBP:00007BD8 ESP:00007BBC DS:3E00 ES:0000 FS:0000 GS:0000 SS:3E00 CF:0 ZF:0 SF:0 OF:0 AF:0 PF:1 IF:0
165E:000001A2  mov  ax,es                                             EAX:0000860D EBX:0000FFFF ECX:00007FEA EDX:00000000 ESI:00007BD0 EDI:0000211E EBP:00007BD8 ESP:00007BC2 DS:3E00 ES:0000 FS:0000 GS:0000 SS:3E00 CF:1 ZF:0 SF:0 OF:0 AF:0 PF:1 IF:1
165E:000001A4  jnc  000001A9 ($+3)             (no jmp)               EAX:00000000 EBX:0000FFFF ECX:00007FEA EDX:00000000 ESI:00007BD0 EDI:0000211E EBP:00007BD8 ESP:00007BC2 DS:3E00 ES:0000 FS:0000 GS:0000 SS:3E00 CF:1 ZF:0 SF:0 OF:0 AF:0 PF:1 IF:1
165E:000001A6  mov  ax,F600                                           EAX:00000000 EBX:0000FFFF ECX:00007FEA EDX:00000000 ESI:00007BD0 EDI:0000211E EBP:00007BD8 ESP:00007BC2 DS:3E00 ES:0000 FS:0000 GS:0000 SS:3E00 CF:1 ZF:0 SF:0 OF:0 AF:0 PF:1 IF:1
165E:000001A9  mov  ds,ax                                             EAX:0000F600 EBX:0000FFFF ECX:00007FEA EDX:00000000 ESI:00007BD0 EDI:0000211E EBP:00007BD8 ESP:00007BC2 DS:3E00 ES:0000 FS:0000 GS:0000 SS:3E00 CF:1 ZF:0 SF:0 OF:0 AF:0 PF:1 IF:1
165E:000001AB  xor  si,si                                             EAX:0000F600 EBX:0000FFFF ECX:00007FEA EDX:00000000 ESI:00007BD0 EDI:0000211E EBP:00007BD8 ESP:00007BC2 DS:F600 ES:0000 FS:0000 GS:0000 SS:3E00 CF:1 ZF:0 SF:0 OF:0 AF:0 PF:1 IF:1
165E:000001AD  mov  bx,080C                                           EAX:0000F600 EBX:0000FFFF ECX:00007FEA EDX:00000000 ESI:00000000 EDI:0000211E EBP:00007BD8 ESP:00007BC2 DS:F600 ES:0000 FS:0000 GS:0000 SS:3E00 CF:0 ZF:1 SF:0 OF:0 AF:0 PF:1 IF:1
165E:000001B0  mov  ax,1688                                           EAX:0000F600 EBX:0000080C ECX:00007FEA EDX:00000000 ESI:00000000 EDI:0000211E EBP:00007BD8 ESP:00007BC2 DS:F600 ES:0000 FS:0000 GS:0000 SS:3E00 CF:0 ZF:1 SF:0 OF:0 AF:0 PF:1 IF:1
165E:000001B3  mov  es,ax                                             EAX:00001688 EBX:0000080C ECX:00007FEA EDX:00000000 ESI:00000000 EDI:0000211E EBP:00007BD8 ESP:00007BC2 DS:F600 ES:0000 FS:0000 GS:0000 SS:3E00 CF:0 ZF:1 SF:0 OF:0 AF:0 PF:1 IF:1
165E:000001B5  lodsw                                                  EAX:00001688 EBX:0000080C ECX:00007FEA EDX:00000000 ESI:00000000 EDI:0000211E EBP:00007BD8 ESP:00007BC2 DS:F600 ES:1688 FS:0000 GS:0000 SS:3E00 CF:0 ZF:1 SF:0 OF:0 AF:0 PF:1 IF:1
165E:000001B6  xor  es:[bx],ax                 es:[080C]=D9B9         EAX:00000000 EBX:0000080C ECX:00007FEA EDX:00000000 ESI:00000002 EDI:0000211E EBP:00007BD8 ESP:00007BC2 DS:F600 ES:1688 FS:0000 GS:0000 SS:3E00 CF:0 ZF:1 SF:0 OF:0 AF:0 PF:1 IF:1
165E:000001B9  inc  bx                                                EAX:00000000 EBX:0000080C ECX:00007FEA EDX:00000000 ESI:00000002 EDI:0000211E EBP:00007BD8 ESP:00007BC2 DS:F600 ES:1688 FS:0000 GS:0000 SS:3E00 CF:0 ZF:0 SF:1 OF:0 AF:0 PF:0 IF:1
165E:000001BA  inc  bx                                                EAX:00000000 EBX:0000080D ECX:00007FEA EDX:00000000 ESI:00000002 EDI:0000211E EBP:00007BD8 ESP:00007BC2 DS:F600 ES:1688 FS:0000 GS:0000 SS:3E00 CF:0 ZF:0 SF:0 OF:0 AF:0 PF:0 IF:1
165E:000001BB  cmp  bx,0B19                                           EAX:00000000 EBX:0000080E ECX:00007FEA EDX:00000000 ESI:00000002 EDI:0000211E EBP:00007BD8 ESP:00007BC2 DS:F600 ES:1688 FS:0000 GS:0000 SS:3E00 CF:0 ZF:0 SF:0 OF:0 AF:0 PF:0 IF:1
165E:000001BF  jc   000001B5 ($-c)             (up)                   EAX:00000000 EBX:0000080E ECX:00007FEA EDX:00000000 ESI:00000002 EDI:0000211E EBP:00007BD8 ESP:00007BC2 DS:F600 ES:1688 FS:0000 GS:0000 SS:3E00 CF:1 ZF:0 SF:1 OF:0 AF:0 PF:1 IF:1
165E:000001B5  lodsw                                                  EAX:00000000 EBX:0000080E ECX:00007FEA EDX:00000000 ESI:00000002 EDI:0000211E EBP:00007BD8 ESP:00007BC2 DS:F600 ES:1688 FS:0000 GS:0000 SS:3E00 CF:1 ZF:0 SF:1 OF:0 AF:0 PF:1 IF:1
165E:000001B6  xor  es:[bx],ax                 es:[080E]=0029         EAX:00000000 EBX:0000080E ECX:00007FEA EDX:00000000 ESI:00000004 EDI:0000211E EBP:00007BD8 ESP:00007BC2 DS:F600 ES:1688 FS:0000 GS:0000 SS:3E00 CF:1 ZF:0 SF:1 OF:0 AF:0 PF:1 IF:1
165E:000001B9  inc  bx                                                EAX:00000000 EBX:0000080E ECX:00007FEA EDX:00000000 ESI:00000004 EDI:0000211E EBP:00007BD8 ESP:00007BC2 DS:F600 ES:1688 FS:0000 GS:0000 SS:3E00 CF:0 ZF:0 SF:0 OF:0 AF:0 PF:0 IF:1
165E:000001BA  inc  bx                                                EAX:00000000 EBX:0000080F ECX:00007FEA EDX:00000000 ESI:00000004 EDI:0000211E EBP:00007BD8 ESP:00007BC2 DS:F600 ES:1688 FS:0000 GS:0000 SS:3E00 CF:0 ZF:0 SF:0 OF:0 AF:0 PF:1 IF:1
165E:000001BB  cmp  bx,0B19                                           EAX:00000000 EBX:00000810 ECX:00007FEA EDX:00000000 ESI:00000004 EDI:0000211E EBP:00007BD8 ESP:00007BC2 DS:F600 ES:1688 FS:0000 GS:0000 SS:3E00 CF:0 ZF:0 SF:0 OF:0 AF:1 PF:0 IF:1
165E:000001BF  jc   000001B5 ($-c)             (up)                   EAX:00000000 EBX:00000810 ECX:00007FEA EDX:00000000 ESI:00000004 EDI:0000211E EBP:00007BD8 ESP:00007BC2 DS:F600 ES:1688 FS:0000 GS:0000 SS:3E00 CF:1 ZF:0 SF:1 OF:0 AF:1 PF:0 IF:1
165E:000001B5  lodsw                                                  EAX:00000000 EBX:00000810 ECX:00007FEA EDX:00000000 ESI:00000004 EDI:0000211E EBP:00007BD8 ESP:00007BC2 DS:F600 ES:1688 FS:0000 GS:0000 SS:3E00 CF:1 ZF:0 SF:1 OF:0 AF:1 PF:0 IF:1
165E:000001B6  xor  es:[bx],ax                 es:[0810]=66D5         EAX:00000000 EBX:00000810 ECX:00007FEA EDX:00000000 ESI:00000006 EDI:0000211E EBP:00007BD8 ESP:00007BC2 DS:F600 ES:1688 FS:0000 GS:0000 SS:3E00 CF:1 ZF:0 SF:1 OF:0 AF:1 PF:0 IF:1
165E:000001B9  inc  bx                                                EAX:00000000 EBX:00000810 ECX:00007FEA EDX:00000000 ESI:00000006 EDI:0000211E EBP:00007BD8 ESP:00007BC2 DS:F600 ES:1688 FS:0000 GS:0000 SS:3E00 CF:0 ZF:0 SF:0 OF:0 AF:0 PF:0 IF:1
165E:000001BA  inc  bx                                                EAX:00000000 EBX:00000811 ECX:00007FEA EDX:00000000 ESI:00000006 EDI:0000211E EBP:00007BD8 ESP:00007BC2 DS:F600 ES:1688 FS:0000 GS:0000 SS:3E00 CF:0 ZF:0 SF:0 OF:0 AF:0 PF:1 IF:1
165E:000001BB  cmp  bx,0B19                                           EAX:00000000 EBX:00000812 ECX:00007FEA EDX:00000000 ESI:00000006 EDI:0000211E EBP:00007BD8 ESP:00007BC2 DS:F600 ES:1688 FS:0000 GS:0000 SS:3E00 CF:0 ZF:0 SF:0 OF:0 AF:0 PF:1 IF:1
165E:000001BF  jc   000001B5 ($-c)             (up)                   EAX:00000000 EBX:00000812 ECX:00007FEA EDX:00000000 ESI:00000006 EDI:0000211E EBP:00007BD8 ESP:00007BC2 DS:F600 ES:1688 FS:0000 GS:0000 SS:3E00 CF:1 ZF:0 SF:1 OF:0 AF:1 PF:1 IF:1
165E:000001B5  lodsw                                                  EAX:00000000 EBX:00000812 ECX:00007FEA EDX:00000000 ESI:00000006 EDI:0000211E EBP:00007BD8 ESP:00007BC2 DS:F600 ES:1688 FS:0000 GS:0000 SS:3E00 CF:1 ZF:0 SF:1 OF:0 AF:1 PF:1 IF:1
165E:000001B6  xor  es:[bx],ax                 es:[0812]=5C6A         EAX:00000000 EBX:00000812 ECX:00007FEA EDX:00000000 ESI:00000008 EDI:0000211E EBP:00007BD8 ESP:00007BC2 DS:F600 ES:1688 FS:0000 GS:0000 SS:3E00 CF:1 ZF:0 SF:1 OF:0 AF:1 PF:1 IF:1
165E:000001B9  inc  bx                                                EAX:00000000 EBX:00000812 ECX:00007FEA EDX:00000000 ESI:00000008 EDI:0000211E EBP:00007BD8 ESP:00007BC2 DS:F600 ES:1688 FS:0000 GS:0000 SS:3E00 CF:0 ZF:0 SF:0 OF:0 AF:0 PF:1 IF:1
165E:000001BA  inc  bx                                                EAX:00000000 EBX:00000813 ECX:00007FEA EDX:00000000 ESI:00000008 EDI:0000211E EBP:00007BD8 ESP:00007BC2 DS:F600 ES:1688 FS:0000 GS:0000 SS:3E00 CF:0 ZF:0 SF:0 OF:0 AF:0 PF:0 IF:1
165E:000001BB  cmp  bx,0B19                                           EAX:00000000 EBX:00000814 ECX:00007FEA EDX:00000000 ESI:00000008 EDI:0000211E EBP:00007BD8 ESP:00007BC2 DS:F600 ES:1688 FS:0000 GS:0000 SS:3E00 CF:0 ZF:0 SF:0 OF:0 AF:0 PF:1 IF:1
165E:000001BF  jc   000001B5 ($-c)             (up)                   EAX:00000000 EBX:00000814 ECX:00007FEA EDX:00000000 ESI:00000008 EDI:0000211E EBP:00007BD8 ESP:00007BC2 DS:F600 ES:1688 FS:0000 GS:0000 SS:3E00 CF:1 ZF:0 SF:1 OF:0 AF:1 PF:0 IF:1
165E:000001B5  lodsw                                                  EAX:00000000 EBX:00000814 ECX:00007FEA EDX:00000000 ESI:00000008 EDI:0000211E EBP:00007BD8 ESP:00007BC2 DS:F600 ES:1688 FS:0000 GS:0000 SS:3E00 CF:1 ZF:0 SF:1 OF:0 AF:1 PF:0 IF:1
165E:000001B6  xor  es:[bx],ax                 es:[0814]=4E23         EAX:00000000 EBX:00000814 ECX:00007FEA EDX:00000000 ESI:0000000A EDI:0000211E EBP:00007BD8 ESP:00007BC2 DS:F600 ES:1688 FS:0000 GS:0000 SS:3E00 CF:1 ZF:0 SF:1 OF:0 AF:1 PF:0 IF:1
165E:000001B9  inc  bx                                                EAX:00000000 EBX:00000814 ECX:00007FEA EDX:00000000 ESI:0000000A EDI:0000211E EBP:00007BD8 ESP:00007BC2 DS:F600 ES:1688 FS:0000 GS:0000 SS:3E00 CF:0 ZF:0 SF:0 OF:0 AF:0 PF:0 IF:1
165E:000001BA  inc  bx                                                EAX:00000000 EBX:00000815 ECX:00007FEA EDX:00000000 ESI:0000000A EDI:0000211E EBP:00007BD8 ESP:00007BC2 DS:F600 ES:1688 FS:0000 GS:0000 SS:3E00 CF:0 ZF:0 SF:0 OF:0 AF:0 PF:0 IF:1
165E:000001BB  cmp  bx,0B19                                           EAX:00000000 EBX:00000816 ECX:00007FEA EDX:00000000 ESI:0000000A EDI:0000211E EBP:00007BD8 ESP:00007BC2 DS:F600 ES:1688 FS:0000 GS:0000 SS:3E00 CF:0 ZF:0 SF:0 OF:0 AF:0 PF:0 IF:1
165E:000001BF  jc   000001B5 ($-c)             (up)                   EAX:00000000 EBX:00000816 ECX:00007FEA EDX:00000000 ESI:0000000A EDI:0000211E EBP:00007BD8 ESP:00007BC2 DS:F600 ES:1688 FS:0000 GS:0000 SS:3E00 CF:1 ZF:0 SF:1 OF:0 AF:1 PF:0 IF:1
165E:000001B5  lodsw                                                  EAX:00000000 EBX:00000816 ECX:00007FEA EDX:00000000 ESI:0000000A EDI:0000211E EBP:00007BD8 ESP:00007BC2 DS:F600 ES:1688 FS:0000 GS:0000 SS:3E00 CF:1 ZF:0 SF:1 OF:0 AF:1 PF:0 IF:1
165E:000001B6  xor  es:[bx],ax                 es:[0816]=290D         EAX:00000000 EBX:00000816 ECX:00007FEA EDX:00000000 ESI:0000000C EDI:0000211E EBP:00007BD8 ESP:00007BC2 DS:F600 ES:1688 FS:0000 GS:0000 SS:3E00 CF:1 ZF:0 SF:1 OF:0 AF:1 PF:0 IF:1
165E:000001B9  inc  bx                                                EAX:00000000 EBX:00000816 ECX:00007FEA EDX:00000000 ESI:0000000C EDI:0000211E EBP:00007BD8 ESP:00007BC2 DS:F600 ES:1688 FS:0000 GS:0000 SS:3E00 CF:0 ZF:0 SF:0 OF:0 AF:0 PF:0 IF:1
165E:000001BA  inc  bx                                                EAX:00000000 EBX:00000817 ECX:00007FEA EDX:00000000 ESI:0000000C EDI:0000211E EBP:00007BD8 ESP:00007BC2 DS:F600 ES:1688 FS:0000 GS:0000 SS:3E00 CF:0 ZF:0 SF:0 OF:0 AF:0 PF:1 IF:1
165E:000001BB  cmp  bx,0B19                                           EAX:00000000 EBX:00000818 ECX:00007FEA EDX:00000000 ESI:0000000C EDI:0000211E EBP:00007BD8 ESP:00007BC2 DS:F600 ES:1688 FS:0000 GS:0000 SS:3E00 CF:0 ZF:0 SF:0 OF:0 AF:0 PF:1 IF:1
165E:000001BF  jc   000001B5 ($-c)             (up)                   EAX:00000000 EBX:00000818 ECX:00007FEA EDX:00000000 ESI:0000000C EDI:0000211E EBP:00007BD8 ESP:00007BC2 DS:F600 ES:1688 FS:0000 GS:0000 SS:3E00 CF:1 ZF:0 SF:1 OF:0 AF:1 PF:1 IF:1
165E:000001B5  lodsw                                                  EAX:00000000 EBX:00000818 ECX:00007FEA EDX:00000000 ESI:0000000C EDI:0000211E EBP:00007BD8 ESP:00007BC2 DS:F600 ES:1688 FS:0000 GS:0000 SS:3E00 CF:1 ZF:0 SF:1 OF:0 AF:1 PF:1 IF:1
165E:000001B6  xor  es:[bx],ax                 es:[0818]=4CAE         EAX:00000000 EBX:00000818 ECX:00007FEA EDX:00000000 ESI:0000000E EDI:0000211E EBP:00007BD8 ESP:00007BC2 DS:F600 ES:1688 FS:0000 GS:0000 SS:3E00 CF:1 ZF:0 SF:1 OF:0 AF:1 PF:1 IF:1
165E:000001B9  inc  bx                                                EAX:00000000 EBX:00000818 ECX:00007FEA EDX:00000000 ESI:0000000E EDI:0000211E EBP:00007BD8 ESP:00007BC2 DS:F600 ES:1688 FS:0000 GS:0000 SS:3E00 CF:0 ZF:0 SF:0 OF:0 AF:0 PF:0 IF:1
165E:000001BA  inc  bx                                                EAX:00000000 EBX:00000819 ECX:00007FEA EDX:00000000 ESI:0000000E EDI:0000211E EBP:00007BD8 ESP:00007BC2 DS:F600 ES:1688 FS:0000 GS:0000 SS:3E00 CF:0 ZF:0 SF:0 OF:0 AF:0 PF:0 IF:1
165E:000001BB  cmp  bx,0B19                                           EAX:00000000 EBX:0000081A ECX:00007FEA EDX:00000000 ESI:0000000E EDI:0000211E EBP:00007BD8 ESP:00007BC2 DS:F600 ES:1688 FS:0000 GS:0000 SS:3E00 CF:0 ZF:0 SF:0 OF:0 AF:0 PF:0 IF:1
165E:000001BF  jc   000001B5 ($-c)             (up)                   EAX:00000000 EBX:0000081A ECX:00007FEA EDX:00000000 ESI:0000000E EDI:0000211E EBP:00007BD8 ESP:00007BC2 DS:F600 ES:1688 FS:0000 GS:0000 SS:3E00 CF:1 ZF:0 SF:1 OF:0 AF:0 PF:0 IF:1
165E:000001B5  lodsw                                                  EAX:00000000 EBX:0000081A ECX:00007FEA EDX:00000000 ESI:0000000E EDI:0000211E EBP:00007BD8 ESP:00007BC2 DS:F600 ES:1688 FS:0000 GS:0000 SS:3E00 CF:1 ZF:0 SF:1 OF:0 AF:0 PF:0 IF:1
165E:000001B6  xor  es:[bx],ax                 es:[081A]=EE11         EAX:00000000 EBX:0000081A ECX:00007FEA EDX:00000000 ESI:00000010 EDI:0000211E EBP:00007BD8 ESP:00007BC2 DS:F600 ES:1688 FS:0000 GS:0000 SS:3E00 CF:1 ZF:0 SF:1 OF:0 AF:0 PF:0 IF:1
165E:000001B9  inc  bx                                                EAX:00000000 EBX:0000081A ECX:00007FEA EDX:00000000 ESI:00000010 EDI:0000211E EBP:00007BD8 ESP:00007BC2 DS:F600 ES:1688 FS:0000 GS:0000 SS:3E00 CF:0 ZF:0 SF:1 OF:0 AF:0 PF:1 IF:1
165E:000001BA  inc  bx                                                EAX:00000000 EBX:0000081B ECX:00007FEA EDX:00000000 ESI:00000010 EDI:0000211E EBP:00007BD8 ESP:00007BC2 DS:F600 ES:1688 FS:0000 GS:0000 SS:3E00 CF:0 ZF:0 SF:0 OF:0 AF:0 PF:1 IF:1
165E:000001BB  cmp  bx,0B19                                           EAX:00000000 EBX:0000081C ECX:00007FEA EDX:00000000 ESI:00000010 EDI:0000211E EBP:00007BD8 ESP:00007BC2 DS:F600 ES:1688 FS:0000 GS:0000 SS:3E00 CF:0 ZF:0 SF:0 OF:0 AF:0 PF:0 IF:1
165E:000001BF  jc   000001B5 ($-c)             (up)                   EAX:00000000 EBX:0000081C ECX:00007FEA EDX:00000000 ESI:00000010 EDI:0000211E EBP:00007BD8 ESP:00007BC2 DS:F600 ES:1688 FS:0000 GS:0000 SS:3E00 CF:1 ZF:0 SF:1 OF:0 AF:0 PF:1 IF:1
165E:000001B5  lodsw                                                  EAX:00000000 EBX:0000081C ECX:00007FEA EDX:00000000 ESI:00000010 EDI:0000211E EBP:00007BD8 ESP:00007BC2 DS:F600 ES:1688 FS:0000 GS:0000 SS:3E00 CF:1 ZF:0 SF:1 OF:0 AF:0 PF:1 IF:1
165E:000001B6  xor  es:[bx],ax                 es:[081C]=B02C         EAX:00000000 EBX:0000081C ECX:00007FEA EDX:00000000 ESI:00000012 EDI:0000211E EBP:00007BD8 ESP:00007BC2 DS:F600 ES:1688 FS:0000 GS:0000 SS:3E00 CF:1 ZF:0 SF:1 OF:0 AF:0 PF:1 IF:1
165E:000001B9  inc  bx                                                EAX:00000000 EBX:0000081C ECX:00007FEA EDX:00000000 ESI:00000012 EDI:0000211E EBP:00007BD8 ESP:00007BC2 DS:F600 ES:1688 FS:0000 GS:0000 SS:3E00 CF:0 ZF:0 SF:1 OF:0 AF:0 PF:0 IF:1
165E:000001BA  inc  bx                                                EAX:00000000 EBX:0000081D ECX:00007FEA EDX:00000000 ESI:00000012 EDI:0000211E EBP:00007BD8 ESP:00007BC2 DS:F600 ES:1688 FS:0000 GS:0000 SS:3E00 CF:0 ZF:0 SF:0 OF:0 AF:0 PF:1 IF:1
165E:000001BB  cmp  bx,0B19                                           EAX:00000000 EBX:0000081E ECX:00007FEA EDX:00000000 ESI:00000012 EDI:0000211E EBP:00007BD8 ESP:00007BC2 DS:F600 ES:1688 FS:0000 GS:0000 SS:3E00 CF:0 ZF:0 SF:0 OF:0 AF:0 PF:1 IF:1
165E:000001BF  jc   000001B5 ($-c)             (up)                   EAX:00000000 EBX:0000081E ECX:00007FEA EDX:00000000 ESI:00000012 EDI:0000211E EBP:00007BD8 ESP:00007BC2 DS:F600 ES:1688 FS:0000 GS:0000 SS:3E00 CF:1 ZF:0 SF:1 OF:0 AF:0 PF:1 IF:1
165E:000001B5  lodsw                                                  EAX:00000000 EBX:0000081E ECX:00007FEA EDX:00000000 ESI:00000012 EDI:0000211E EBP:00007BD8 ESP:00007BC2 DS:F600 ES:1688 FS:0000 GS:0000 SS:3E00 CF:1 ZF:0 SF:1 OF:0 AF:0 PF:1 IF:1
165E:000001B6  xor  es:[bx],ax                 es:[081E]=7F08         EAX:00000000 EBX:0000081E ECX:00007FEA EDX:00000000 ESI:00000014 EDI:0000211E EBP:00007BD8 ESP:00007BC2 DS:F600 ES:1688 FS:0000 GS:0000 SS:3E00 CF:1 ZF:0 SF:1 OF:0 AF:0 PF:1 IF:1
165E:000001B9  inc  bx                                                EAX:00000000 EBX:0000081E ECX:00007FEA EDX:00000000 ESI:00000014 EDI:0000211E EBP:00007BD8 ESP:00007BC2 DS:F600 ES:1688 FS:0000 GS:0000 SS:3E00 CF:0 ZF:0 SF:0 OF:0 AF:0 PF:0 IF:1
165E:000001BA  inc  bx                                                EAX:00000000 EBX:0000081F ECX:00007FEA EDX:00000000 ESI:00000014 EDI:0000211E EBP:00007BD8 ESP:00007BC2 DS:F600 ES:1688 FS:0000 GS:0000 SS:3E00 CF:0 ZF:0 SF:0 OF:0 AF:0 PF:0 IF:1
165E:000001BB  cmp  bx,0B19                                           EAX:00000000 EBX:00000820 ECX:00007FEA EDX:00000000 ESI:00000014 EDI:0000211E EBP:00007BD8 ESP:00007BC2 DS:F600 ES:1688 FS:0000 GS:0000 SS:3E00 CF:0 ZF:0 SF:0 OF:0 AF:1 PF:0 IF:1
165E:000001BF  jc   000001B5 ($-c)             (up)                   EAX:00000000 EBX:00000820 ECX:00007FEA EDX:00000000 ESI:00000014 EDI:0000211E EBP:00007BD8 ESP:00007BC2 DS:F600 ES:1688 FS:0000 GS:0000 SS:3E00 CF:1 ZF:0 SF:1 OF:0 AF:1 PF:0 IF:1
165E:000001B5  lodsw                                                  EAX:00000000 EBX:00000820 ECX:00007FEA EDX:00000000 ESI:00000014 EDI:0000211E EBP:00007BD8 ESP:00007BC2 DS:F600 ES:1688 FS:0000 GS:0000 SS:3E00 CF:1 ZF:0 SF:1 OF:0 AF:1 PF:0 IF:1
165E:000001B6  xor  es:[bx],ax                 es:[0820]=FE25         EAX:00000000 EBX:00000820 ECX:00007FEA EDX:00000000 ESI:00000016 EDI:0000211E EBP:00007BD8 ESP:00007BC2 DS:F600 ES:1688 FS:0000 GS:0000 SS:3E00 CF:1 ZF:0 SF:1 OF:0 AF:1 PF:0 IF:1
165E:000001B9  inc  bx                                                EAX:00000000 EBX:00000820 ECX:00007FEA EDX:00000000 ESI:00000016 EDI:0000211E EBP:00007BD8 ESP:00007BC2 DS:F600 ES:1688 FS:0000 GS:0000 SS:3E00 CF:0 ZF:0 SF:1 OF:0 AF:0 PF:0 IF:1
165E:000001BA  inc  bx                                                EAX:00000000 EBX:00000821 ECX:00007FEA EDX:00000000 ESI:00000016 EDI:0000211E EBP:00007BD8 ESP:00007BC2 DS:F600 ES:1688 FS:0000 GS:0000 SS:3E00 CF:0 ZF:0 SF:0 OF:0 AF:0 PF:1 IF:1
165E:000001BB  cmp  bx,0B19                                           EAX:00000000 EBX:00000822 ECX:00007FEA EDX:00000000 ESI:00000016 EDI:0000211E EBP:00007BD8 ESP:00007BC2 DS:F600 ES:1688 FS:0000 GS:0000 SS:3E00 CF:0 ZF:0 SF:0 OF:0 AF:0 PF:1 IF:1
165E:000001BF  jc   000001B5 ($-c)             (up)                   EAX:00000000 EBX:00000822 ECX:00007FEA EDX:00000000 ESI:00000016 EDI:0000211E EBP:00007BD8 ESP:00007BC2 DS:F600 ES:1688 FS:0000 GS:0000 SS:3E00 CF:1 ZF:0 SF:1 OF:0 AF:1 PF:1 IF:1
165E:000001B5  lodsw                                                  EAX:00000000 EBX:00000822 ECX:00007FEA EDX:00000000 ESI:00000016 EDI:0000211E EBP:00007BD8 ESP:00007BC2 DS:F600 ES:1688 FS:0000 GS:0000 SS:3E00 CF:1 ZF:0 SF:1 OF:0 AF:1 PF:1 IF:1
165E:000001B6  xor  es:[bx],ax                 es:[0822]=2D49         EAX:00000000 EBX:00000822 ECX:00007FEA EDX:00000000 ESI:00000018 EDI:0000211E EBP:00007BD8 ESP:00007BC2 DS:F600 ES:1688 FS:0000 GS:0000 SS:3E00 CF:1 ZF:0 SF:1 OF:0 AF:1 PF:1 IF:1
165E:000001B9  inc  bx                                                EAX:00000000 EBX:00000822 ECX:00007FEA EDX:00000000 ESI:00000018 EDI:0000211E EBP:00007BD8 ESP:00007BC2 DS:F600 ES:1688 FS:0000 GS:0000 SS:3E00 CF:0 ZF:0 SF:0 OF:0 AF:0 PF:0 IF:1
165E:000001BA  inc  bx                                                EAX:00000000 EBX:00000823 ECX:00007FEA EDX:00000000 ESI:00000018 EDI:0000211E EBP:00007BD8 ESP:00007BC2 DS:F600 ES:1688 FS:0000 GS:0000 SS:3E00 CF:0 ZF:0 SF:0 OF:0 AF:0 PF:0 IF:1
165E:000001BB  cmp  bx,0B19                                           EAX:00000000 EBX:00000824 ECX:00007FEA EDX:00000000 ESI:00000018 EDI:0000211E EBP:00007BD8 ESP:00007BC2 DS:F600 ES:1688 FS:0000 GS:0000 SS:3E00 CF:0 ZF:0 SF:0 OF:0 AF:0 PF:1 IF:1
165E:000001BF  jc   000001B5 ($-c)             (up)                   EAX:00000000 EBX:00000824 ECX:00007FEA EDX:00000000 ESI:00000018 EDI:0000211E EBP:00007BD8 ESP:00007BC2 DS:F600 ES:1688 FS:0000 GS:0000 SS:3E00 CF:1 ZF:0 SF:1 OF:0 AF:1 PF:0 IF:1
165E:000001B5  lodsw                                                  EAX:00000000 EBX:00000824 ECX:00007FEA EDX:00000000 ESI:00000018 EDI:0000211E EBP:00007BD8 ESP:00007BC2 DS:F600 ES:1688 FS:0000 GS:0000 SS:3E00 CF:1 ZF:0 SF:1 OF:0 AF:1 PF:0 IF:1
165E:000001B6  xor  es:[bx],ax                 es:[0824]=FF41         EAX:00000000 EBX:00000824 ECX:00007FEA EDX:00000000 ESI:0000001A EDI:0000211E EBP:00007BD8 ESP:00007BC2 DS:F600 ES:1688 FS:0000 GS:0000 SS:3E00 CF:1 ZF:0 SF:1 OF:0 AF:1 PF:0 IF:1
165E:000001B9  inc  bx                                                EAX:00000000 EBX:00000824 ECX:00007FEA EDX:00000000 ESI:0000001A EDI:0000211E EBP:00007BD8 ESP:00007BC2 DS:F600 ES:1688 FS:0000 GS:0000 SS:3E00 CF:0 ZF:0 SF:1 OF:0 AF:0 PF:1 IF:1
165E:000001BA  inc  bx                                                EAX:00000000 EBX:00000825 ECX:00007FEA EDX:00000000 ESI:0000001A EDI:0000211E EBP:00007BD8 ESP:00007BC2 DS:F600 ES:1688 FS:0000 GS:0000 SS:3E00 CF:0 ZF:0 SF:0 OF:0 AF:0 PF:0 IF:1
165E:000001BB  cmp  bx,0B19                                           EAX:00000000 EBX:00000826 ECX:00007FEA EDX:00000000 ESI:0000001A EDI:0000211E EBP:00007BD8 ESP:00007BC2 DS:F600 ES:1688 FS:0000 GS:0000 SS:3E00 CF:0 ZF:0 SF:0 OF:0 AF:0 PF:0 IF:1
165E:000001BF  jc   000001B5 ($-c)             (up)                   EAX:00000000 EBX:00000826 ECX:00007FEA EDX:00000000 ESI:0000001A EDI:0000211E EBP:00007BD8 ESP:00007BC2 DS:F600 ES:1688 FS:0000 GS:0000 SS:3E00 CF:1 ZF:0 SF:1 OF:0 AF:1 PF:0 IF:1
165E:000001B5  lodsw                                                  EAX:00000000 EBX:00000826 ECX:00007FEA EDX:00000000 ESI:0000001A EDI:0000211E EBP:00007BD8 ESP:00007BC2 DS:F600 ES:1688 FS:0000 GS:0000 SS:3E00 CF:1 ZF:0 SF:1 OF:0 AF:1 PF:0 IF:1
165E:000001B6  xor  es:[bx],ax                 es:[0826]=3FF4         EAX:00000000 EBX:00000826 ECX:00007FEA EDX:00000000 ESI:0000001C EDI:0000211E EBP:00007BD8 ESP:00007BC2 DS:F600 ES:1688 FS:0000 GS:0000 SS:3E00 CF:1 ZF:0 SF:1 OF:0 AF:1 PF:0 IF:1
165E:000001B9  inc  bx                                                EAX:00000000 EBX:00000826 ECX:00007FEA EDX:00000000 ESI:0000001C EDI:0000211E EBP:00007BD8 ESP:00007BC2 DS:F600 ES:1688 FS:0000 GS:0000 SS:3E00 CF:0 ZF:0 SF:0 OF:0 AF:0 PF:0 IF:1
165E:000001BA  inc  bx                                                EAX:00000000 EBX:00000827 ECX:00007FEA EDX:00000000 ESI:0000001C EDI:0000211E EBP:00007BD8 ESP:00007BC2 DS:F600 ES:1688 FS:0000 GS:0000 SS:3E00 CF:0 ZF:0 SF:0 OF:0 AF:0 PF:1 IF:1
165E:000001BB  cmp  bx,0B19                                           EAX:00000000 EBX:00000828 ECX:00007FEA EDX:00000000 ESI:0000001C EDI:0000211E EBP:00007BD8 ESP:00007BC2 DS:F600 ES:1688 FS:0000 GS:0000 SS:3E00 CF:0 ZF:0 SF:0 OF:0 AF:0 PF:1 IF:1
165E:000001BF  jc   000001B5 ($-c)             (up)                   EAX:00000000 EBX:00000828 ECX:00007FEA EDX:00000000 ESI:0000001C EDI:0000211E EBP:00007BD8 ESP:00007BC2 DS:F600 ES:1688 FS:0000 GS:0000 SS:3E00 CF:1 ZF:0 SF:1 OF:0 AF:1 PF:1 IF:1
165E:000001B5  lodsw                                                  EAX:00000000 EBX:00000828 ECX:00007FEA EDX:00000000 ESI:0000001C EDI:0000211E EBP:00007BD8 ESP:00007BC2 DS:F600 ES:1688 FS:0000 GS:0000 SS:3E00 CF:1 ZF:0 SF:1 OF:0 AF:1 PF:1 IF:1
165E:000001B6  xor  es:[bx],ax                 es:[0828]=883D         EAX:00000000 EBX:00000828 ECX:00007FEA EDX:00000000 ESI:0000001E EDI:0000211E EBP:00007BD8 ESP:00007BC2 DS:F600 ES:1688 FS:0000 GS:0000 SS:3E00 CF:1 ZF:0 SF:1 OF:0 AF:1 PF:1 IF:1
165E:000001B9  inc  bx                                                EAX:00000000 EBX:00000828 ECX:00007FEA EDX:00000000 ESI:0000001E EDI:0000211E EBP:00007BD8 ESP:00007BC2 DS:F600 ES:1688 FS:0000 GS:0000 SS:3E00 CF:0 ZF:0 SF:1 OF:0 AF:0 PF:0 IF:1
165E:000001BA  inc  bx                                                EAX:00000000 EBX:00000829 ECX:00007FEA EDX:00000000 ESI:0000001E EDI:0000211E EBP:00007BD8 ESP:00007BC2 DS:F600 ES:1688 FS:0000 GS:0000 SS:3E00 CF:0 ZF:0 SF:0 OF:0 AF:0 PF:0 IF:1
165E:000001BB  cmp  bx,0B19                                           EAX:00000000 EBX:0000082A ECX:00007FEA EDX:00000000 ESI:0000001E EDI:0000211E EBP:00007BD8 ESP:00007BC2 DS:F600 ES:1688 FS:0000 GS:0000 SS:3E00 CF:0 ZF:0 SF:0 OF:0 AF:0 PF:0 IF:1
165E:000001BF  jc   000001B5 ($-c)             (up)                   EAX:00000000 EBX:0000082A ECX:00007FEA EDX:00000000 ESI:0000001E EDI:0000211E EBP:00007BD8 ESP:00007BC2 DS:F600 ES:1688 FS:0000 GS:0000 SS:3E00 CF:1 ZF:0 SF:1 OF:0 AF:0 PF:1 IF:1
165E:000001B5  lodsw                                                  EAX:00000000 EBX:0000082A ECX:00007FEA EDX:00000000 ESI:0000001E EDI:0000211E EBP:00007BD8 ESP:00007BC2 DS:F600 ES:1688 FS:0000 GS:0000 SS:3E00 CF:1 ZF:0 SF:1 OF:0 AF:0 PF:1 IF:1
165E:000001B6  xor  es:[bx],ax                 es:[082A]=03C6         EAX:00000000 EBX:0000082A ECX:00007FEA EDX:00000000 ESI:00000020 EDI:0000211E EBP:00007BD8 ESP:00007BC2 DS:F600 ES:1688 FS:0000 GS:0000 SS:3E00 CF:1 ZF:0 SF:1 OF:0 AF:0 PF:1 IF:1
165E:000001B9  inc  bx                                                EAX:00000000 EBX:0000082A ECX:00007FEA EDX:00000000 ESI:00000020 EDI:0000211E EBP:00007BD8 ESP:00007BC2 DS:F600 ES:1688 FS:0000 GS:0000 SS:3E00 CF:0 ZF:0 SF:0 OF:0 AF:0 PF:1 IF:1
165E:000001BA  inc  bx                                                EAX:00000000 EBX:0000082B ECX:00007FEA EDX:00000000 ESI:00000020 EDI:0000211E EBP:00007BD8 ESP:00007BC2 DS:F600 ES:1688 FS:0000 GS:0000 SS:3E00 CF:0 ZF:0 SF:0 OF:0 AF:0 PF:1 IF:1
165E:000001BB  cmp  bx,0B19                                           EAX:00000000 EBX:0000082C ECX:00007FEA EDX:00000000 ESI:00000020 EDI:0000211E EBP:00007BD8 ESP:00007BC2 DS:F600 ES:1688 FS:0000 GS:0000 SS:3E00 CF:0 ZF:0 SF:0 OF:0 AF:0 PF:0 IF:1
165E:000001BF  jc   000001B5 ($-c)             (up)                   EAX:00000000 EBX:0000082C ECX:00007FEA EDX:00000000 ESI:00000020 EDI:0000211E EBP:00007BD8 ESP:00007BC2 DS:F600 ES:1688 FS:0000 GS:0000 SS:3E00 CF:1 ZF:0 SF:1 OF:0 AF:0 PF:0 IF:1
165E:000001B5  lodsw                                                  EAX:00000000 EBX:0000082C ECX:00007FEA EDX:00000000 ESI:00000020 EDI:0000211E EBP:00007BD8 ESP:00007BC2 DS:F600 ES:1688 FS:0000 GS:0000 SS:3E00 CF:1 ZF:0 SF:1 OF:0 AF:0 PF:0 IF:1
165E:000001B6  xor  es:[bx],ax                 es:[082C]=FD45         EAX:00000000 EBX:0000082C ECX:00007FEA EDX:00000000 ESI:00000022 EDI:0000211E EBP:00007BD8 ESP:00007BC2 DS:F600 ES:1688 FS:0000 GS:0000 SS:3E00 CF:1 ZF:0 SF:1 OF:0 AF:0 PF:0 IF:1
165E:000001B9  inc  bx                                                EAX:00000000 EBX:0000082C ECX:00007FEA EDX:00000000 ESI:00000022 EDI:0000211E EBP:00007BD8 ESP:00007BC2 DS:F600 ES:1688 FS:0000 GS:0000 SS:3E00 CF:0 ZF:0 SF:1 OF:0 AF:0 PF:0 IF:1
165E:000001BA  inc  bx                                                EAX:00000000 EBX:0000082D ECX:00007FEA EDX:00000000 ESI:00000022 EDI:0000211E EBP:00007BD8 ESP:00007BC2 DS:F600 ES:1688 FS:0000 GS:0000 SS:3E00 CF:0 ZF:0 SF:0 OF:0 AF:0 PF:1 IF:1
165E:000001BB  cmp  bx,0B19                                           EAX:00000000 EBX:0000082E ECX:00007FEA EDX:00000000 ESI:00000022 EDI:0000211E EBP:00007BD8 ESP:00007BC2 DS:F600 ES:1688 FS:0000 GS:0000 SS:3E00 CF:0 ZF:0 SF:0 OF:0 AF:0 PF:1 IF:1
165E:000001BF  jc   000001B5 ($-c)             (up)                   EAX:00000000 EBX:0000082E ECX:00007FEA EDX:00000000 ESI:00000022 EDI:0000211E EBP:00007BD8 ESP:00007BC2 DS:F600 ES:1688 FS:0000 GS:0000 SS:3E00 CF:1 ZF:0 SF:1 OF:0 AF:0 PF:0 IF:1
165E:000001B5  lodsw                                                  EAX:00000000 EBX:0000082E ECX:00007FEA EDX:00000000 ESI:00000022 EDI:0000211E EBP:00007BD8 ESP:00007BC2 DS:F600 ES:1688 FS:0000 GS:0000 SS:3E00 CF:1 ZF:0 SF:1 OF:0 AF:0 PF:0 IF:1
165E:000001B6  xor  es:[bx],ax                 es:[082E]=0CEB         EAX:00000000 EBX:0000082E ECX:00007FEA EDX:00000000 ESI:00000024 EDI:0000211E EBP:00007BD8 ESP:00007BC2 DS:F600 ES:1688 FS:0000 GS:0000 SS:3E00 CF:1 ZF:0 SF:1 OF:0 AF:0 PF:0 IF:1
165E:000001B9  inc  bx                                                EAX:00000000 EBX:0000082E ECX:00007FEA EDX:00000000 ESI:00000024 EDI:0000211E EBP:00007BD8 ESP:00007BC2 DS:F600 ES:1688 FS:0000 GS:0000 SS:3E00 CF:0 ZF:0 SF:0 OF:0 AF:0 PF:1 IF:1
165E:000001BA  inc  bx                                                EAX:00000000 EBX:0000082F ECX:00007FEA EDX:00000000 ESI:00000024 EDI:0000211E EBP:00007BD8 ESP:00007BC2 DS:F600 ES:1688 FS:0000 GS:0000 SS:3E00 CF:0 ZF:0 SF:0 OF:0 AF:0 PF:0 IF:1
165E:000001BB  cmp  bx,0B19                                           EAX:00000000 EBX:00000830 ECX:00007FEA EDX:00000000 ESI:00000024 EDI:0000211E EBP:00007BD8 ESP:00007BC2 DS:F600 ES:1688 FS:0000 GS:0000 SS:3E00 CF:0 ZF:0 SF:0 OF:0 AF:1 PF:1 IF:1
165E:000001BF  jc   000001B5 ($-c)             (up)                   EAX:00000000 EBX:00000830 ECX:00007FEA EDX:00000000 ESI:00000024 EDI:0000211E EBP:00007BD8 ESP:00007BC2 DS:F600 ES:1688 FS:0000 GS:0000 SS:3E00 CF:1 ZF:0 SF:1 OF:0 AF:1 PF:1 IF:1
165E:000001B5  lodsw                                                  EAX:00000000 EBX:00000830 ECX:00007FEA EDX:00000000 ESI:00000024 EDI:0000211E EBP:00007BD8 ESP:00007BC2 DS:F600 ES:1688 FS:0000 GS:0000 SS:3E00 CF:1 ZF:0 SF:1 OF:0 AF:1 PF:1 IF:1
165E:000001B6  xor  es:[bx],ax                 es:[0830]=3B3D         EAX:00000000 EBX:00000830 ECX:00007FEA EDX:00000000 ESI:00000026 EDI:0000211E EBP:00007BD8 ESP:00007BC2 DS:F600 ES:1688 FS:0000 GS:0000 SS:3E00 CF:1 ZF:0 SF:1 OF:0 AF:1 PF:1 IF:1
165E:000001B9  inc  bx                                                EAX:00000000 EBX:00000830 ECX:00007FEA EDX:00000000 ESI:00000026 EDI:0000211E EBP:00007BD8 ESP:00007BC2 DS:F600 ES:1688 FS:0000 GS:0000 SS:3E00 CF:0 ZF:0 SF:0 OF:0 AF:0 PF:0 IF:1
165E:000001BA  inc  bx                                                EAX:00000000 EBX:00000831 ECX:00007FEA EDX:00000000 ESI:00000026 EDI:0000211E EBP:00007BD8 ESP:00007BC2 DS:F600 ES:1688 FS:0000 GS:0000 SS:3E00 CF:0 ZF:0 SF:0 OF:0 AF:0 PF:0 IF:1
165E:000001BB  cmp  bx,0B19                                           EAX:00000000 EBX:00000832 ECX:00007FEA EDX:00000000 ESI:00000026 EDI:0000211E EBP:00007BD8 ESP:00007BC2 DS:F600 ES:1688 FS:0000 GS:0000 SS:3E00 CF:0 ZF:0 SF:0 OF:0 AF:0 PF:0 IF:1
165E:000001BF  jc   000001B5 ($-c)             (up)                   EAX:00000000 EBX:00000832 ECX:00007FEA EDX:00000000 ESI:00000026 EDI:0000211E EBP:00007BD8 ESP:00007BC2 DS:F600 ES:1688 FS:0000 GS:0000 SS:3E00 CF:1 ZF:0 SF:1 OF:0 AF:1 PF:0 IF:1
165E:000001B5  lodsw                                                  EAX:00000000 EBX:00000832 ECX:00007FEA EDX:00000000 ESI:00000026 EDI:0000211E EBP:00007BD8 ESP:00007BC2 DS:F600 ES:1688 FS:0000 GS:0000 SS:3E00 CF:1 ZF:0 SF:1 OF:0 AF:1 PF:0 IF:1
165E:000001B6  xor  es:[bx],ax                 es:[0832]=E62E         EAX:00000000 EBX:00000832 ECX:00007FEA EDX:00000000 ESI:00000028 EDI:0000211E EBP:00007BD8 ESP:00007BC2 DS:F600 ES:1688 FS:0000 GS:0000 SS:3E00 CF:1 ZF:0 SF:1 OF:0 AF:1 PF:0 IF:1
165E:000001B9  inc  bx                                                EAX:00000000 EBX:00000832 ECX:00007FEA EDX:00000000 ESI:00000028 EDI:0000211E EBP:00007BD8 ESP:00007BC2 DS:F600 ES:1688 FS:0000 GS:0000 SS:3E00 CF:0 ZF:0 SF:1 OF:0 AF:0 PF:1 IF:1
165E:000001BA  inc  bx                                                EAX:00000000 EBX:00000833 ECX:00007FEA EDX:00000000 ESI:00000028 EDI:0000211E EBP:00007BD8 ESP:00007BC2 DS:F600 ES:1688 FS:0000 GS:0000 SS:3E00 CF:0 ZF:0 SF:0 OF:0 AF:0 PF:1 IF:1
165E:000001BB  cmp  bx,0B19                                           EAX:00000000 EBX:00000834 ECX:00007FEA EDX:00000000 ESI:00000028 EDI:0000211E EBP:00007BD8 ESP:00007BC2 DS:F600 ES:1688 FS:0000 GS:0000 SS:3E00 CF:0 ZF:0 SF:0 OF:0 AF:0 PF:0 IF:1
165E:000001BF  jc   000001B5 ($-c)             (up)                   EAX:00000000 EBX:00000834 ECX:00007FEA EDX:00000000 ESI:00000028 EDI:0000211E EBP:00007BD8 ESP:00007BC2 DS:F600 ES:1688 FS:0000 GS:0000 SS:3E00 CF:1 ZF:0 SF:1 OF:0 AF:1 PF:1 IF:1
165E:000001B5  lodsw                                                  EAX:00000000 EBX:00000834 ECX:00007FEA EDX:00000000 ESI:00000028 EDI:0000211E EBP:00007BD8 ESP:00007BC2 DS:F600 ES:1688 FS:0000 GS:0000 SS:3E00 CF:1 ZF:0 SF:1 OF:0 AF:1 PF:1 IF:1
165E:000001B6  xor  es:[bx],ax                 es:[0834]=E327         EAX:00000000 EBX:00000834 ECX:00007FEA EDX:00000000 ESI:0000002A EDI:0000211E EBP:00007BD8 ESP:00007BC2 DS:F600 ES:1688 FS:0000 GS:0000 SS:3E00 CF:1 ZF:0 SF:1 OF:0 AF:1 PF:1 IF:1
165E:000001B9  inc  bx                                                EAX:00000000 EBX:00000834 ECX:00007FEA EDX:00000000 ESI:0000002A EDI:0000211E EBP:00007BD8 ESP:00007BC2 DS:F600 ES:1688 FS:0000 GS:0000 SS:3E00 CF:0 ZF:0 SF:1 OF:0 AF:0 PF:1 IF:1
165E:000001BA  inc  bx                                                EAX:00000000 EBX:00000835 ECX:00007FEA EDX:00000000 ESI:0000002A EDI:0000211E EBP:00007BD8 ESP:00007BC2 DS:F600 ES:1688 FS:0000 GS:0000 SS:3E00 CF:0 ZF:0 SF:0 OF:0 AF:0 PF:1 IF:1
165E:000001BB  cmp  bx,0B19                                           EAX:00000000 EBX:00000836 ECX:00007FEA EDX:00000000 ESI:0000002A EDI:0000211E EBP:00007BD8 ESP:00007BC2 DS:F600 ES:1688 FS:0000 GS:0000 SS:3E00 CF:0 ZF:0 SF:0 OF:0 AF:0 PF:1 IF:1
165E:000001BF  jc   000001B5 ($-c)             (up)                   EAX:00000000 EBX:00000836 ECX:00007FEA EDX:00000000 ESI:0000002A EDI:0000211E EBP:00007BD8 ESP:00007BC2 DS:F600 ES:1688 FS:0000 GS:0000 SS:3E00 CF:1 ZF:0 SF:1 OF:0 AF:1 PF:1 IF:1
165E:000001B5  lodsw                                                  EAX:00000000 EBX:00000836 ECX:00007FEA EDX:00000000 ESI:0000002A EDI:0000211E EBP:00007BD8 ESP:00007BC2 DS:F600 ES:1688 FS:0000 GS:0000 SS:3E00 CF:1 ZF:0 SF:1 OF:0 AF:1 PF:1 IF:1
165E:000001B6  xor  es:[bx],ax                 es:[0836]=D88D         EAX:00000000 EBX:00000836 ECX:00007FEA EDX:00000000 ESI:0000002C EDI:0000211E EBP:00007BD8 ESP:00007BC2 DS:F600 ES:1688 FS:0000 GS:0000 SS:3E00 CF:1 ZF:0 SF:1 OF:0 AF:1 PF:1 IF:1
165E:000001B9  inc  bx                                                EAX:00000000 EBX:00000836 ECX:00007FEA EDX:00000000 ESI:0000002C EDI:0000211E EBP:00007BD8 ESP:00007BC2 DS:F600 ES:1688 FS:0000 GS:0000 SS:3E00 CF:0 ZF:0 SF:1 OF:0 AF:0 PF:1 IF:1
165E:000001BA  inc  bx                                                EAX:00000000 EBX:00000837 ECX:00007FEA EDX:00000000 ESI:0000002C EDI:0000211E EBP:00007BD8 ESP:00007BC2 DS:F600 ES:1688 FS:0000 GS:0000 SS:3E00 CF:0 ZF:0 SF:0 OF:0 AF:0 PF:0 IF:1
165E:000001BB  cmp  bx,0B19                                           EAX:00000000 EBX:00000838 ECX:00007FEA EDX:00000000 ESI:0000002C EDI:0000211E EBP:00007BD8 ESP:00007BC2 DS:F600 ES:1688 FS:0000 GS:0000 SS:3E00 CF:0 ZF:0 SF:0 OF:0 AF:0 PF:0 IF:1
165E:000001BF  jc   000001B5 ($-c)             (up)                   EAX:00000000 EBX:00000838 ECX:00007FEA EDX:00000000 ESI:0000002C EDI:0000211E EBP:00007BD8 ESP:00007BC2 DS:F600 ES:1688 FS:0000 GS:0000 SS:3E00 CF:1 ZF:0 SF:1 OF:0 AF:1 PF:0 IF:1
165E:000001B5  lodsw                                                  EAX:00000000 EBX:00000838 ECX:00007FEA EDX:00000000 ESI:0000002C EDI:0000211E EBP:00007BD8 ESP:00007BC2 DS:F600 ES:1688 FS:0000 GS:0000 SS:3E00 CF:1 ZF:0 SF:1 OF:0 AF:1 PF:0 IF:1
165E:000001B6  xor  es:[bx],ax                 es:[0838]=5ED6         EAX:00000000 EBX:00000838 ECX:00007FEA EDX:00000000 ESI:0000002E EDI:0000211E EBP:00007BD8 ESP:00007BC2 DS:F600 ES:1688 FS:0000 GS:0000 SS:3E00 CF:1 ZF:0 SF:1 OF:0 AF:1 PF:0 IF:1
165E:000001B9  inc  bx                                                EAX:00000000 EBX:00000838 ECX:00007FEA EDX:00000000 ESI:0000002E EDI:0000211E EBP:00007BD8 ESP:00007BC2 DS:F600 ES:1688 FS:0000 GS:0000 SS:3E00 CF:0 ZF:0 SF:0 OF:0 AF:0 PF:0 IF:1
165E:000001BA  inc  bx                                                EAX:00000000 EBX:00000839 ECX:00007FEA EDX:00000000 ESI:0000002E EDI:0000211E EBP:00007BD8 ESP:00007BC2 DS:F600 ES:1688 FS:0000 GS:0000 SS:3E00 CF:0 ZF:0 SF:0 OF:0 AF:0 PF:1 IF:1
165E:000001BB  cmp  bx,0B19                                           EAX:00000000 EBX:0000083A ECX:00007FEA EDX:00000000 ESI:0000002E EDI:0000211E EBP:00007BD8 ESP:00007BC2 DS:F600 ES:1688 FS:0000 GS:0000 SS:3E00 CF:0 ZF:0 SF:0 OF:0 AF:0 PF:1 IF:1
165E:000001BF  jc   000001B5 ($-c)             (up)                   EAX:00000000 EBX:0000083A ECX:00007FEA EDX:00000000 ESI:0000002E EDI:0000211E EBP:00007BD8 ESP:00007BC2 DS:F600 ES:1688 FS:0000 GS:0000 SS:3E00 CF:1 ZF:0 SF:1 OF:0 AF:0 PF:1 IF:1
165E:000001B5  lodsw                                                  EAX:00000000 EBX:0000083A ECX:00007FEA EDX:00000000 ESI:0000002E EDI:0000211E EBP:00007BD8 ESP:00007BC2 DS:F600 ES:1688 FS:0000 GS:0000 SS:3E00 CF:1 ZF:0 SF:1 OF:0 AF:0 PF:1 IF:1
165E:000001B6  xor  es:[bx],ax                 es:[083A]=9E16         EAX:00000000 EBX:0000083A ECX:00007FEA EDX:00000000 ESI:00000030 EDI:0000211E EBP:00007BD8 ESP:00007BC2 DS:F600 ES:1688 FS:0000 GS:0000 SS:3E00 CF:1 ZF:0 SF:1 OF:0 AF:0 PF:1 IF:1
165E:000001B9  inc  bx                                                EAX:00000000 EBX:0000083A ECX:00007FEA EDX:00000000 ESI:00000030 EDI:0000211E EBP:00007BD8 ESP:00007BC2 DS:F600 ES:1688 FS:0000 GS:0000 SS:3E00 CF:0 ZF:0 SF:1 OF:0 AF:0 PF:0 IF:1
165E:000001BA  inc  bx                                                EAX:00000000 EBX:0000083B ECX:00007FEA EDX:00000000 ESI:00000030 EDI:0000211E EBP:00007BD8 ESP:00007BC2 DS:F600 ES:1688 FS:0000 GS:0000 SS:3E00 CF:0 ZF:0 SF:0 OF:0 AF:0 PF:0 IF:1
165E:000001BB  cmp  bx,0B19                                           EAX:00000000 EBX:0000083C ECX:00007FEA EDX:00000000 ESI:00000030 EDI:0000211E EBP:00007BD8 ESP:00007BC2 DS:F600 ES:1688 FS:0000 GS:0000 SS:3E00 CF:0 ZF:0 SF:0 OF:0 AF:0 PF:1 IF:1
165E:000001BF  jc   000001B5 ($-c)             (up)                   EAX:00000000 EBX:0000083C ECX:00007FEA EDX:00000000 ESI:00000030 EDI:0000211E EBP:00007BD8 ESP:00007BC2 DS:F600 ES:1688 FS:0000 GS:0000 SS:3E00 CF:1 ZF:0 SF:1 OF:0 AF:0 PF:0 IF:1
165E:000001B5  lodsw                                                  EAX:00000000 EBX:0000083C ECX:00007FEA EDX:00000000 ESI:00000030 EDI:0000211E EBP:00007BD8 ESP:00007BC2 DS:F600 ES:1688 FS:0000 GS:0000 SS:3E00 CF:1 ZF:0 SF:1 OF:0 AF:0 PF:0 IF:1
165E:000001B6  xor  es:[bx],ax                 es:[083C]=3AF0         EAX:00000000 EBX:0000083C ECX:00007FEA EDX:00000000 ESI:00000032 EDI:0000211E EBP:00007BD8 ESP:00007BC2 DS:F600 ES:1688 FS:0000 GS:0000 SS:3E00 CF:1 ZF:0 SF:1 OF:0 AF:0 PF:0 IF:1
165E:000001B9  inc  bx                                                EAX:00000000 EBX:0000083C ECX:00007FEA EDX:00000000 ESI:00000032 EDI:0000211E EBP:00007BD8 ESP:00007BC2 DS:F600 ES:1688 FS:0000 GS:0000 SS:3E00 CF:0 ZF:0 SF:0 OF:0 AF:0 PF:1 IF:1
165E:000001BA  inc  bx                                                EAX:00000000 EBX:0000083D ECX:00007FEA EDX:00000000 ESI:00000032 EDI:0000211E EBP:00007BD8 ESP:00007BC2 DS:F600 ES:1688 FS:0000 GS:0000 SS:3E00 CF:0 ZF:0 SF:0 OF:0 AF:0 PF:0 IF:1
165E:000001BB  cmp  bx,0B19                                           EAX:00000000 EBX:0000083E ECX:00007FEA EDX:00000000 ESI:00000032 EDI:0000211E EBP:00007BD8 ESP:00007BC2 DS:F600 ES:1688 FS:0000 GS:0000 SS:3E00 CF:0 ZF:0 SF:0 OF:0 AF:0 PF:0 IF:1
165E:000001BF  jc   000001B5 ($-c)             (up)                   EAX:00000000 EBX:0000083E ECX:00007FEA EDX:00000000 ESI:00000032 EDI:0000211E EBP:00007BD8 ESP:00007BC2 DS:F600 ES:1688 FS:0000 GS:0000 SS:3E00 CF:1 ZF:0 SF:1 OF:0 AF:0 PF:0 IF:1
165E:000001B5  lodsw                                                  EAX:00000000 EBX:0000083E ECX:00007FEA EDX:00000000 ESI:00000032 EDI:0000211E EBP:00007BD8 ESP:00007BC2 DS:F600 ES:1688 FS:0000 GS:0000 SS:3E00 CF:1 ZF:0 SF:1 OF:0 AF:0 PF:0 IF:1
165E:000001B6  xor  es:[bx],ax                 es:[083E]=70E9         EAX:00000000 EBX:0000083E ECX:00007FEA EDX:00000000 ESI:00000034 EDI:0000211E EBP:00007BD8 ESP:00007BC2 DS:F600 ES:1688 FS:0000 GS:0000 SS:3E00 CF:1 ZF:0 SF:1 OF:0 AF:0 PF:0 IF:1
165E:000001B9  inc  bx                                                EAX:00000000 EBX:0000083E ECX:00007FEA EDX:00000000 ESI:00000034 EDI:0000211E EBP:00007BD8 ESP:00007BC2 DS:F600 ES:1688 FS:0000 GS:0000 SS:3E00 CF:0 ZF:0 SF:0 OF:0 AF:0 PF:0 IF:1
165E:000001BA  inc  bx                                                EAX:00000000 EBX:0000083F ECX:00007FEA EDX:00000000 ESI:00000034 EDI:0000211E EBP:00007BD8 ESP:00007BC2 DS:F600 ES:1688 FS:0000 GS:0000 SS:3E00 CF:0 ZF:0 SF:0 OF:0 AF:0 PF:1 IF:1
165E:000001BB  cmp  bx,0B19                                           EAX:00000000 EBX:00000840 ECX:00007FEA EDX:00000000 ESI:00000034 EDI:0000211E EBP:00007BD8 ESP:00007BC2 DS:F600 ES:1688 FS:0000 GS:0000 SS:3E00 CF:0 ZF:0 SF:0 OF:0 AF:1 PF:0 IF:1
165E:000001BF  jc   000001B5 ($-c)             (up)                   EAX:00000000 EBX:00000840 ECX:00007FEA EDX:00000000 ESI:00000034 EDI:0000211E EBP:00007BD8 ESP:00007BC2 DS:F600 ES:1688 FS:0000 GS:0000 SS:3E00 CF:1 ZF:0 SF:1 OF:0 AF:1 PF:1 IF:1
165E:000001B5  lodsw                                                  EAX:00000000 EBX:00000840 ECX:00007FEA EDX:00000000 ESI:00000034 EDI:0000211E EBP:00007BD8 ESP:00007BC2 DS:F600 ES:1688 FS:0000 GS:0000 SS:3E00 CF:1 ZF:0 SF:1 OF:0 AF:1 PF:1 IF:1
165E:000001B6  xor  es:[bx],ax                 es:[0840]=DB98         EAX:00000000 EBX:00000840 ECX:00007FEA EDX:00000000 ESI:00000036 EDI:0000211E EBP:00007BD8 ESP:00007BC2 DS:F600 ES:1688 FS:0000 GS:0000 SS:3E00 CF:1 ZF:0 SF:1 OF:0 AF:1 PF:1 IF:1
165E:000001B9  inc  bx                                                EAX:00000000 EBX:00000840 ECX:00007FEA EDX:00000000 ESI:00000036 EDI:0000211E EBP:00007BD8 ESP:00007BC2 DS:F600 ES:1688 FS:0000 GS:0000 SS:3E00 CF:0 ZF:0 SF:1 OF:0 AF:0 PF:0 IF:1
165E:000001BA  inc  bx                                                EAX:00000000 EBX:00000841 ECX:00007FEA EDX:00000000 ESI:00000036 EDI:0000211E EBP:00007BD8 ESP:00007BC2 DS:F600 ES:1688 FS:0000 GS:0000 SS:3E00 CF:0 ZF:0 SF:0 OF:0 AF:0 PF:1 IF:1
165E:000001BB  cmp  bx,0B19                                           EAX:00000000 EBX:00000842 ECX:00007FEA EDX:00000000 ESI:00000036 EDI:0000211E EBP:00007BD8 ESP:00007BC2 DS:F600 ES:1688 FS:0000 GS:0000 SS:3E00 CF:0 ZF:0 SF:0 OF:0 AF:0 PF:1 IF:1
165E:000001BF  jc   000001B5 ($-c)             (up)                   EAX:00000000 EBX:00000842 ECX:00007FEA EDX:00000000 ESI:00000036 EDI:0000211E EBP:00007BD8 ESP:00007BC2 DS:F600 ES:1688 FS:0000 GS:0000 SS:3E00 CF:1 ZF:0 SF:1 OF:0 AF:1 PF:0 IF:1
165E:000001B5  lodsw                                                  EAX:00000000 EBX:00000842 ECX:00007FEA EDX:00000000 ESI:00000036 EDI:0000211E EBP:00007BD8 ESP:00007BC2 DS:F600 ES:1688 FS:0000 GS:0000 SS:3E00 CF:1 ZF:0 SF:1 OF:0 AF:1 PF:0 IF:1
165E:000001B6  xor  es:[bx],ax                 es:[0842]=97A4         EAX:00000000 EBX:00000842 ECX:00007FEA EDX:00000000 ESI:00000038 EDI:0000211E EBP:00007BD8 ESP:00007BC2 DS:F600 ES:1688 FS:0000 GS:0000 SS:3E00 CF:1 ZF:0 SF:1 OF:0 AF:1 PF:0 IF:1
165E:000001B9  inc  bx                                                EAX:00000000 EBX:00000842 ECX:00007FEA EDX:00000000 ESI:00000038 EDI:0000211E EBP:00007BD8 ESP:00007BC2 DS:F600 ES:1688 FS:0000 GS:0000 SS:3E00 CF:0 ZF:0 SF:1 OF:0 AF:0 PF:0 IF:1
165E:000001BA  inc  bx                                                EAX:00000000 EBX:00000843 ECX:00007FEA EDX:00000000 ESI:00000038 EDI:0000211E EBP:00007BD8 ESP:00007BC2 DS:F600 ES:1688 FS:0000 GS:0000 SS:3E00 CF:0 ZF:0 SF:0 OF:0 AF:0 PF:0 IF:1
165E:000001BB  cmp  bx,0B19                                           EAX:00000000 EBX:00000844 ECX:00007FEA EDX:00000000 ESI:00000038 EDI:0000211E EBP:00007BD8 ESP:00007BC2 DS:F600 ES:1688 FS:0000 GS:0000 SS:3E00 CF:0 ZF:0 SF:0 OF:0 AF:0 PF:1 IF:1
165E:000001BF  jc   000001B5 ($-c)             (up)                   EAX:00000000 EBX:00000844 ECX:00007FEA EDX:00000000 ESI:00000038 EDI:0000211E EBP:00007BD8 ESP:00007BC2 DS:F600 ES:1688 FS:0000 GS:0000 SS:3E00 CF:1 ZF:0 SF:1 OF:0 AF:1 PF:1 IF:1
165E:000001B5  lodsw                                                  EAX:00000000 EBX:00000844 ECX:00007FEA EDX:00000000 ESI:00000038 EDI:0000211E EBP:00007BD8 ESP:00007BC2 DS:F600 ES:1688 FS:0000 GS:0000 SS:3E00 CF:1 ZF:0 SF:1 OF:0 AF:1 PF:1 IF:1
165E:000001B6  xor  es:[bx],ax                 es:[0844]=CE99         EAX:00000000 EBX:00000844 ECX:00007FEA EDX:00000000 ESI:0000003A EDI:0000211E EBP:00007BD8 ESP:00007BC2 DS:F600 ES:1688 FS:0000 GS:0000 SS:3E00 CF:1 ZF:0 SF:1 OF:0 AF:1 PF:1 IF:1
165E:000001B9  inc  bx                                                EAX:00000000 EBX:00000844 ECX:00007FEA EDX:00000000 ESI:0000003A EDI:0000211E EBP:00007BD8 ESP:00007BC2 DS:F600 ES:1688 FS:0000 GS:0000 SS:3E00 CF:0 ZF:0 SF:1 OF:0 AF:0 PF:1 IF:1
165E:000001BA  inc  bx                                                EAX:00000000 EBX:00000845 ECX:00007FEA EDX:00000000 ESI:0000003A EDI:0000211E EBP:00007BD8 ESP:00007BC2 DS:F600 ES:1688 FS:0000 GS:0000 SS:3E00 CF:0 ZF:0 SF:0 OF:0 AF:0 PF:0 IF:1
165E:000001BB  cmp  bx,0B19                                           EAX:00000000 EBX:00000846 ECX:00007FEA EDX:00000000 ESI:0000003A EDI:0000211E EBP:00007BD8 ESP:00007BC2 DS:F600 ES:1688 FS:0000 GS:0000 SS:3E00 CF:0 ZF:0 SF:0 OF:0 AF:0 PF:0 IF:1
165E:000001BF  jc   000001B5 ($-c)             (up)                   EAX:00000000 EBX:00000846 ECX:00007FEA EDX:00000000 ESI:0000003A EDI:0000211E EBP:00007BD8 ESP:00007BC2 DS:F600 ES:1688 FS:0000 GS:0000 SS:3E00 CF:1 ZF:0 SF:1 OF:0 AF:1 PF:1 IF:1
165E:000001B5  lodsw                                                  EAX:00000000 EBX:00000846 ECX:00007FEA EDX:00000000 ESI:0000003A EDI:0000211E EBP:00007BD8 ESP:00007BC2 DS:F600 ES:1688 FS:0000 GS:0000 SS:3E00 CF:1 ZF:0 SF:1 OF:0 AF:1 PF:1 IF:1
165E:000001B6  xor  es:[bx],ax                 es:[0846]=2DA0         EAX:00000000 EBX:00000846 ECX:00007FEA EDX:00000000 ESI:0000003C EDI:0000211E EBP:00007BD8 ESP:00007BC2 DS:F600 ES:1688 FS:0000 GS:0000 SS:3E00 CF:1 ZF:0 SF:1 OF:0 AF:1 PF:1 IF:1
165E:000001B9  inc  bx                                                EAX:00000000 EBX:00000846 ECX:00007FEA EDX:00000000 ESI:0000003C EDI:0000211E EBP:00007BD8 ESP:00007BC2 DS:F600 ES:1688 FS:0000 GS:0000 SS:3E00 CF:0 ZF:0 SF:0 OF:0 AF:0 PF:1 IF:1
165E:000001BA  inc  bx                                                EAX:00000000 EBX:00000847 ECX:00007FEA EDX:00000000 ESI:0000003C EDI:0000211E EBP:00007BD8 ESP:00007BC2 DS:F600 ES:1688 FS:0000 GS:0000 SS:3E00 CF:0 ZF:0 SF:0 OF:0 AF:0 PF:1 IF:1
165E:000001BB  cmp  bx,0B19                                           EAX:00000000 EBX:00000848 ECX:00007FEA EDX:00000000 ESI:0000003C EDI:0000211E EBP:00007BD8 ESP:00007BC2 DS:F600 ES:1688 FS:0000 GS:0000 SS:3E00 CF:0 ZF:0 SF:0 OF:0 AF:0 PF:1 IF:1
165E:000001BF  jc   000001B5 ($-c)             (up)                   EAX:00000000 EBX:00000848 ECX:00007FEA EDX:00000000 ESI:0000003C EDI:0000211E EBP:00007BD8 ESP:00007BC2 DS:F600 ES:1688 FS:0000 GS:0000 SS:3E00 CF:1 ZF:0 SF:1 OF:0 AF:1 PF:0 IF:1
165E:000001B5  lodsw                                                  EAX:00000000 EBX:00000848 ECX:00007FEA EDX:00000000 ESI:0000003C EDI:0000211E EBP:00007BD8 ESP:00007BC2 DS:F600 ES:1688 FS:0000 GS:0000 SS:3E00 CF:1 ZF:0 SF:1 OF:0 AF:1 PF:0 IF:1
165E:000001B6  xor  es:[bx],ax                 es:[0848]=08AD         EAX:00000000 EBX:00000848 ECX:00007FEA EDX:00000000 ESI:0000003E EDI:0000211E EBP:00007BD8 ESP:00007BC2 DS:F600 ES:1688 FS:0000 GS:0000 SS:3E00 CF:1 ZF:0 SF:1 OF:0 AF:1 PF:0 IF:1
165E:000001B9  inc  bx                                                EAX:00000000 EBX:00000848 ECX:00007FEA EDX:00000000 ESI:0000003E EDI:0000211E EBP:00007BD8 ESP:00007BC2 DS:F600 ES:1688 FS:0000 GS:0000 SS:3E00 CF:0 ZF:0 SF:0 OF:0 AF:0 PF:0 IF:1
165E:000001BA  inc  bx                                                EAX:00000000 EBX:00000849 ECX:00007FEA EDX:00000000 ESI:0000003E EDI:0000211E EBP:00007BD8 ESP:00007BC2 DS:F600 ES:1688 FS:0000 GS:0000 SS:3E00 CF:0 ZF:0 SF:0 OF:0 AF:0 PF:0 IF:1
165E:000001BB  cmp  bx,0B19                                           EAX:00000000 EBX:0000084A ECX:00007FEA EDX:00000000 ESI:0000003E EDI:0000211E EBP:00007BD8 ESP:00007BC2 DS:F600 ES:1688 FS:0000 GS:0000 SS:3E00 CF:0 ZF:0 SF:0 OF:0 AF:0 PF:0 IF:1
165E:000001BF  jc   000001B5 ($-c)             (up)                   EAX:00000000 EBX:0000084A ECX:00007FEA EDX:00000000 ESI:0000003E EDI:0000211E EBP:00007BD8 ESP:00007BC2 DS:F600 ES:1688 FS:0000 GS:0000 SS:3E00 CF:1 ZF:0 SF:1 OF:0 AF:0 PF:0 IF:1
165E:000001B5  lodsw                                                  EAX:00000000 EBX:0000084A ECX:00007FEA EDX:00000000 ESI:0000003E EDI:0000211E EBP:00007BD8 ESP:00007BC2 DS:F600 ES:1688 FS:0000 GS:0000 SS:3E00 CF:1 ZF:0 SF:1 OF:0 AF:0 PF:0 IF:1
165E:000001B6  xor  es:[bx],ax                 es:[084A]=F317         EAX:00000000 EBX:0000084A ECX:00007FEA EDX:00000000 ESI:00000040 EDI:0000211E EBP:00007BD8 ESP:00007BC2 DS:F600 ES:1688 FS:0000 GS:0000 SS:3E00 CF:1 ZF:0 SF:1 OF:0 AF:0 PF:0 IF:1
165E:000001B9  inc  bx                                                EAX:00000000 EBX:0000084A ECX:00007FEA EDX:00000000 ESI:00000040 EDI:0000211E EBP:00007BD8 ESP:00007BC2 DS:F600 ES:1688 FS:0000 GS:0000 SS:3E00 CF:0 ZF:0 SF:1 OF:0 AF:0 PF:1 IF:1
165E:000001BA  inc  bx                                                EAX:00000000 EBX:0000084B ECX:00007FEA EDX:00000000 ESI:00000040 EDI:0000211E EBP:00007BD8 ESP:00007BC2 DS:F600 ES:1688 FS:0000 GS:0000 SS:3E00 CF:0 ZF:0 SF:0 OF:0 AF:0 PF:1 IF:1
165E:000001BB  cmp  bx,0B19                                           EAX:00000000 EBX:0000084C ECX:00007FEA EDX:00000000 ESI:00000040 EDI:0000211E EBP:00007BD8 ESP:00007BC2 DS:F600 ES:1688 FS:0000 GS:0000 SS:3E00 CF:0 ZF:0 SF:0 OF:0 AF:0 PF:0 IF:1
165E:000001BF  jc   000001B5 ($-c)             (up)                   EAX:00000000 EBX:0000084C ECX:00007FEA EDX:00000000 ESI:00000040 EDI:0000211E EBP:00007BD8 ESP:00007BC2 DS:F600 ES:1688 FS:0000 GS:0000 SS:3E00 CF:1 ZF:0 SF:1 OF:0 AF:0 PF:1 IF:1
165E:000001B5  lodsw                                                  EAX:00000000 EBX:0000084C ECX:00007FEA EDX:00000000 ESI:00000040 EDI:0000211E EBP:00007BD8 ESP:00007BC2 DS:F600 ES:1688 FS:0000 GS:0000 SS:3E00 CF:1 ZF:0 SF:1 OF:0 AF:0 PF:1 IF:1
165E:000001B6  xor  es:[bx],ax                 es:[084C]=5B15         EAX:00000000 EBX:0000084C ECX:00007FEA EDX:00000000 ESI:00000042 EDI:0000211E EBP:00007BD8 ESP:00007BC2 DS:F600 ES:1688 FS:0000 GS:0000 SS:3E00 CF:1 ZF:0 SF:1 OF:0 AF:0 PF:1 IF:1
165E:000001B9  inc  bx                                                EAX:00000000 EBX:0000084C ECX:00007FEA EDX:00000000 ESI:00000042 EDI:0000211E EBP:00007BD8 ESP:00007BC2 DS:F600 ES:1688 FS:0000 GS:0000 SS:3E00 CF:0 ZF:0 SF:0 OF:0 AF:0 PF:0 IF:1
165E:000001BA  inc  bx                                                EAX:00000000 EBX:0000084D ECX:00007FEA EDX:00000000 ESI:00000042 EDI:0000211E EBP:00007BD8 ESP:00007BC2 DS:F600 ES:1688 FS:0000 GS:0000 SS:3E00 CF:0 ZF:0 SF:0 OF:0 AF:0 PF:1 IF:1
165E:000001BB  cmp  bx,0B19                                           EAX:00000000 EBX:0000084E ECX:00007FEA EDX:00000000 ESI:00000042 EDI:0000211E EBP:00007BD8 ESP:00007BC2 DS:F600 ES:1688 FS:0000 GS:0000 SS:3E00 CF:0 ZF:0 SF:0 OF:0 AF:0 PF:1 IF:1
165E:000001BF  jc   000001B5 ($-c)             (up)                   EAX:00000000 EBX:0000084E ECX:00007FEA EDX:00000000 ESI:00000042 EDI:0000211E EBP:00007BD8 ESP:00007BC2 DS:F600 ES:1688 FS:0000 GS:0000 SS:3E00 CF:1 ZF:0 SF:1 OF:0 AF:0 PF:1 IF:1
165E:000001B5  lodsw                                                  EAX:00000000 EBX:0000084E ECX:00007FEA EDX:00000000 ESI:00000042 EDI:0000211E EBP:00007BD8 ESP:00007BC2 DS:F600 ES:1688 FS:0000 GS:0000 SS:3E00 CF:1 ZF:0 SF:1 OF:0 AF:0 PF:1 IF:1
165E:000001B6  xor  es:[bx],ax                 es:[084E]=1B98         EAX:00000000 EBX:0000084E ECX:00007FEA EDX:00000000 ESI:00000044 EDI:0000211E EBP:00007BD8 ESP:00007BC2 DS:F600 ES:1688 FS:0000 GS:0000 SS:3E00 CF:1 ZF:0 SF:1 OF:0 AF:0 PF:1 IF:1
165E:000001B9  inc  bx                                                EAX:00000000 EBX:0000084E ECX:00007FEA EDX:00000000 ESI:00000044 EDI:0000211E EBP:00007BD8 ESP:00007BC2 DS:F600 ES:1688 FS:0000 GS:0000 SS:3E00 CF:0 ZF:0 SF:0 OF:0 AF:0 PF:0 IF:1
165E:000001BA  inc  bx                                                EAX:00000000 EBX:0000084F ECX:00007FEA EDX:00000000 ESI:00000044 EDI:0000211E EBP:00007BD8 ESP:00007BC2 DS:F600 ES:1688 FS:0000 GS:0000 SS:3E00 CF:0 ZF:0 SF:0 OF:0 AF:0 PF:0 IF:1
165E:000001BB  cmp  bx,0B19                                           EAX:00000000 EBX:00000850 ECX:00007FEA EDX:00000000 ESI:00000044 EDI:0000211E EBP:00007BD8 ESP:00007BC2 DS:F600 ES:1688 FS:0000 GS:0000 SS:3E00 CF:0 ZF:0 SF:0 OF:0 AF:1 PF:1 IF:1
165E:000001BF  jc   000001B5 ($-c)             (up)                   EAX:00000000 EBX:00000850 ECX:00007FEA EDX:00000000 ESI:00000044 EDI:0000211E EBP:00007BD8 ESP:00007BC2 DS:F600 ES:1688 FS:0000 GS:0000 SS:3E00 CF:1 ZF:0 SF:1 OF:0 AF:1 PF:0 IF:1
165E:000001B5  lodsw                                                  EAX:00000000 EBX:00000850 ECX:00007FEA EDX:00000000 ESI:00000044 EDI:0000211E EBP:00007BD8 ESP:00007BC2 DS:F600 ES:1688 FS:0000 GS:0000 SS:3E00 CF:1 ZF:0 SF:1 OF:0 AF:1 PF:0 IF:1
165E:000001B6  xor  es:[bx],ax                 es:[0850]=69B4         EAX:00000000 EBX:00000850 ECX:00007FEA EDX:00000000 ESI:00000046 EDI:0000211E EBP:00007BD8 ESP:00007BC2 DS:F600 ES:1688 FS:0000 GS:0000 SS:3E00 CF:1 ZF:0 SF:1 OF:0 AF:1 PF:0 IF:1
165E:000001B9  inc  bx                                                EAX:00000000 EBX:00000850 ECX:00007FEA EDX:00000000 ESI:00000046 EDI:0000211E EBP:00007BD8 ESP:00007BC2 DS:F600 ES:1688 FS:0000 GS:0000 SS:3E00 CF:0 ZF:0 SF:0 OF:0 AF:0 PF:1 IF:1
165E:000001BA  inc  bx                                                EAX:00000000 EBX:00000851 ECX:00007FEA EDX:00000000 ESI:00000046 EDI:0000211E EBP:00007BD8 ESP:00007BC2 DS:F600 ES:1688 FS:0000 GS:0000 SS:3E00 CF:0 ZF:0 SF:0 OF:0 AF:0 PF:0 IF:1
165E:000001BB  cmp  bx,0B19                                           EAX:00000000 EBX:00000852 ECX:00007FEA EDX:00000000 ESI:00000046 EDI:0000211E EBP:00007BD8 ESP:00007BC2 DS:F600 ES:1688 FS:0000 GS:0000 SS:3E00 CF:0 ZF:0 SF:0 OF:0 AF:0 PF:0 IF:1
165E:000001BF  jc   000001B5 ($-c)             (up)                   EAX:00000000 EBX:00000852 ECX:00007FEA EDX:00000000 ESI:00000046 EDI:0000211E EBP:00007BD8 ESP:00007BC2 DS:F600 ES:1688 FS:0000 GS:0000 SS:3E00 CF:1 ZF:0 SF:1 OF:0 AF:1 PF:1 IF:1
165E:000001B5  lodsw                                                  EAX:00000000 EBX:00000852 ECX:00007FEA EDX:00000000 ESI:00000046 EDI:0000211E EBP:00007BD8 ESP:00007BC2 DS:F600 ES:1688 FS:0000 GS:0000 SS:3E00 CF:1 ZF:0 SF:1 OF:0 AF:1 PF:1 IF:1
165E:000001B6  xor  es:[bx],ax                 es:[0852]=55D5         EAX:00000000 EBX:00000852 ECX:00007FEA EDX:00000000 ESI:00000048 EDI:0000211E EBP:00007BD8 ESP:00007BC2 DS:F600 ES:1688 FS:0000 GS:0000 SS:3E00 CF:1 ZF:0 SF:1 OF:0 AF:1 PF:1 IF:1
165E:000001B9  inc  bx                                                EAX:00000000 EBX:00000852 ECX:00007FEA EDX:00000000 ESI:00000048 EDI:0000211E EBP:00007BD8 ESP:00007BC2 DS:F600 ES:1688 FS:0000 GS:0000 SS:3E00 CF:0 ZF:0 SF:0 OF:0 AF:0 PF:0 IF:1
165E:000001BA  inc  bx                                                EAX:00000000 EBX:00000853 ECX:00007FEA EDX:00000000 ESI:00000048 EDI:0000211E EBP:00007BD8 ESP:00007BC2 DS:F600 ES:1688 FS:0000 GS:0000 SS:3E00 CF:0 ZF:0 SF:0 OF:0 AF:0 PF:1 IF:1
165E:000001BB  cmp  bx,0B19                                           EAX:00000000 EBX:00000854 ECX:00007FEA EDX:00000000 ESI:00000048 EDI:0000211E EBP:00007BD8 ESP:00007BC2 DS:F600 ES:1688 FS:0000 GS:0000 SS:3E00 CF:0 ZF:0 SF:0 OF:0 AF:0 PF:0 IF:1
165E:000001BF  jc   000001B5 ($-c)             (up)                   EAX:00000000 EBX:00000854 ECX:00007FEA EDX:00000000 ESI:00000048 EDI:0000211E EBP:00007BD8 ESP:00007BC2 DS:F600 ES:1688 FS:0000 GS:0000 SS:3E00 CF:1 ZF:0 SF:1 OF:0 AF:1 PF:0 IF:1
165E:000001B5  lodsw                                                  EAX:00000000 EBX:00000854 ECX:00007FEA EDX:00000000 ESI:00000048 EDI:0000211E EBP:00007BD8 ESP:00007BC2 DS:F600 ES:1688 FS:0000 GS:0000 SS:3E00 CF:1 ZF:0 SF:1 OF:0 AF:1 PF:0 IF:1
165E:000001B6  xor  es:[bx],ax                 es:[0854]=BC2E         EAX:00000000 EBX:00000854 ECX:00007FEA EDX:00000000 ESI:0000004A EDI:0000211E EBP:00007BD8 ESP:00007BC2 DS:F600 ES:1688 FS:0000 GS:0000 SS:3E00 CF:1 ZF:0 SF:1 OF:0 AF:1 PF:0 IF:1
165E:000001B9  inc  bx                                                EAX:00000000 EBX:00000854 ECX:00007FEA EDX:00000000 ESI:0000004A EDI:0000211E EBP:00007BD8 ESP:00007BC2 DS:F600 ES:1688 FS:0000 GS:0000 SS:3E00 CF:0 ZF:0 SF:1 OF:0 AF:0 PF:1 IF:1
165E:000001BA  inc  bx                                                EAX:00000000 EBX:00000855 ECX:00007FEA EDX:00000000 ESI:0000004A EDI:0000211E EBP:00007BD8 ESP:00007BC2 DS:F600 ES:1688 FS:0000 GS:0000 SS:3E00 CF:0 ZF:0 SF:0 OF:0 AF:0 PF:1 IF:1
165E:000001BB  cmp  bx,0B19                                           EAX:00000000 EBX:00000856 ECX:00007FEA EDX:00000000 ESI:0000004A EDI:0000211E EBP:00007BD8 ESP:00007BC2 DS:F600 ES:1688 FS:0000 GS:0000 SS:3E00 CF:0 ZF:0 SF:0 OF:0 AF:0 PF:1 IF:1
165E:000001BF  jc   000001B5 ($-c)             (up)                   EAX:00000000 EBX:00000856 ECX:00007FEA EDX:00000000 ESI:0000004A EDI:0000211E EBP:00007BD8 ESP:00007BC2 DS:F600 ES:1688 FS:0000 GS:0000 SS:3E00 CF:1 ZF:0 SF:1 OF:0 AF:1 PF:0 IF:1
165E:000001B5  lodsw                                                  EAX:00000000 EBX:00000856 ECX:00007FEA EDX:00000000 ESI:0000004A EDI:0000211E EBP:00007BD8 ESP:00007BC2 DS:F600 ES:1688 FS:0000 GS:0000 SS:3E00 CF:1 ZF:0 SF:1 OF:0 AF:1 PF:0 IF:1
165E:000001B6  xor  es:[bx],ax                 es:[0856]=E65A         EAX:00000000 EBX:00000856 ECX:00007FEA EDX:00000000 ESI:0000004C EDI:0000211E EBP:00007BD8 ESP:00007BC2 DS:F600 ES:1688 FS:0000 GS:0000 SS:3E00 CF:1 ZF:0 SF:1 OF:0 AF:1 PF:0 IF:1
165E:000001B9  inc  bx                                                EAX:00000000 EBX:00000856 ECX:00007FEA EDX:00000000 ESI:0000004C EDI:0000211E EBP:00007BD8 ESP:00007BC2 DS:F600 ES:1688 FS:0000 GS:0000 SS:3E00 CF:0 ZF:0 SF:1 OF:0 AF:0 PF:1 IF:1
165E:000001BA  inc  bx                                                EAX:00000000 EBX:00000857 ECX:00007FEA EDX:00000000 ESI:0000004C EDI:0000211E EBP:00007BD8 ESP:00007BC2 DS:F600 ES:1688 FS:0000 GS:0000 SS:3E00 CF:0 ZF:0 SF:0 OF:0 AF:0 PF:0 IF:1
165E:000001BB  cmp  bx,0B19                                           EAX:00000000 EBX:00000858 ECX:00007FEA EDX:00000000 ESI:0000004C EDI:0000211E EBP:00007BD8 ESP:00007BC2 DS:F600 ES:1688 FS:0000 GS:0000 SS:3E00 CF:0 ZF:0 SF:0 OF:0 AF:0 PF:0 IF:1
165E:000001BF  jc   000001B5 ($-c)             (up)                   EAX:00000000 EBX:00000858 ECX:00007FEA EDX:00000000 ESI:0000004C EDI:0000211E EBP:00007BD8 ESP:00007BC2 DS:F600 ES:1688 FS:0000 GS:0000 SS:3E00 CF:1 ZF:0 SF:1 OF:0 AF:1 PF:1 IF:1
165E:000001B5  lodsw                                                  EAX:00000000 EBX:00000858 ECX:00007FEA EDX:00000000 ESI:0000004C EDI:0000211E EBP:00007BD8 ESP:00007BC2 DS:F600 ES:1688 FS:0000 GS:0000 SS:3E00 CF:1 ZF:0 SF:1 OF:0 AF:1 PF:1 IF:1
165E:000001B6  xor  es:[bx],ax                 es:[0858]=BAA4         EAX:00000000 EBX:00000858 ECX:00007FEA EDX:00000000 ESI:0000004E EDI:0000211E EBP:00007BD8 ESP:00007BC2 DS:F600 ES:1688 FS:0000 GS:0000 SS:3E00 CF:1 ZF:0 SF:1 OF:0 AF:1 PF:1 IF:1
165E:000001B9  inc  bx                                                EAX:00000000 EBX:00000858 ECX:00007FEA EDX:00000000 ESI:0000004E EDI:0000211E EBP:00007BD8 ESP:00007BC2 DS:F600 ES:1688 FS:0000 GS:0000 SS:3E00 CF:0 ZF:0 SF:1 OF:0 AF:0 PF:0 IF:1
165E:000001BA  inc  bx                                                EAX:00000000 EBX:00000859 ECX:00007FEA EDX:00000000 ESI:0000004E EDI:0000211E EBP:00007BD8 ESP:00007BC2 DS:F600 ES:1688 FS:0000 GS:0000 SS:3E00 CF:0 ZF:0 SF:0 OF:0 AF:0 PF:1 IF:1
165E:000001BB  cmp  bx,0B19                                           EAX:00000000 EBX:0000085A ECX:00007FEA EDX:00000000 ESI:0000004E EDI:0000211E EBP:00007BD8 ESP:00007BC2 DS:F600 ES:1688 FS:0000 GS:0000 SS:3E00 CF:0 ZF:0 SF:0 OF:0 AF:0 PF:1 IF:1
165E:000001BF  jc   000001B5 ($-c)             (up)                   EAX:00000000 EBX:0000085A ECX:00007FEA EDX:00000000 ESI:0000004E EDI:0000211E EBP:00007BD8 ESP:00007BC2 DS:F600 ES:1688 FS:0000 GS:0000 SS:3E00 CF:1 ZF:0 SF:1 OF:0 AF:0 PF:1 IF:1
165E:000001B5  lodsw                                                  EAX:00000000 EBX:0000085A ECX:00007FEA EDX:00000000 ESI:0000004E EDI:0000211E EBP:00007BD8 ESP:00007BC2 DS:F600 ES:1688 FS:0000 GS:0000 SS:3E00 CF:1 ZF:0 SF:1 OF:0 AF:0 PF:1 IF:1
165E:000001B6  xor  es:[bx],ax                 es:[085A]=D110         EAX:00000000 EBX:0000085A ECX:00007FEA EDX:00000000 ESI:00000050 EDI:0000211E EBP:00007BD8 ESP:00007BC2 DS:F600 ES:1688 FS:0000 GS:0000 SS:3E00 CF:1 ZF:0 SF:1 OF:0 AF:0 PF:1 IF:1
165E:000001B9  inc  bx                                                EAX:00000000 EBX:0000085A ECX:00007FEA EDX:00000000 ESI:00000050 EDI:0000211E EBP:00007BD8 ESP:00007BC2 DS:F600 ES:1688 FS:0000 GS:0000 SS:3E00 CF:0 ZF:0 SF:1 OF:0 AF:0 PF:0 IF:1
165E:000001BA  inc  bx                                                EAX:00000000 EBX:0000085B ECX:00007FEA EDX:00000000 ESI:00000050 EDI:0000211E EBP:00007BD8 ESP:00007BC2 DS:F600 ES:1688 FS:0000 GS:0000 SS:3E00 CF:0 ZF:0 SF:0 OF:0 AF:0 PF:0 IF:1
165E:000001BB  cmp  bx,0B19                                           EAX:00000000 EBX:0000085C ECX:00007FEA EDX:00000000 ESI:00000050 EDI:0000211E EBP:00007BD8 ESP:00007BC2 DS:F600 ES:1688 FS:0000 GS:0000 SS:3E00 CF:0 ZF:0 SF:0 OF:0 AF:0 PF:1 IF:1
165E:000001BF  jc   000001B5 ($-c)             (up)                   EAX:00000000 EBX:0000085C ECX:00007FEA EDX:00000000 ESI:00000050 EDI:0000211E EBP:00007BD8 ESP:00007BC2 DS:F600 ES:1688 FS:0000 GS:0000 SS:3E00 CF:1 ZF:0 SF:1 OF:0 AF:0 PF:0 IF:1
165E:000001B5  lodsw                                                  EAX:00000000 EBX:0000085C ECX:00007FEA EDX:00000000 ESI:00000050 EDI:0000211E EBP:00007BD8 ESP:00007BC2 DS:F600 ES:1688 FS:0000 GS:0000 SS:3E00 CF:1 ZF:0 SF:1 OF:0 AF:0 PF:0 IF:1
165E:000001B6  xor  es:[bx],ax                 es:[085C]=6820         EAX:00000000 EBX:0000085C ECX:00007FEA EDX:00000000 ESI:00000052 EDI:0000211E EBP:00007BD8 ESP:00007BC2 DS:F600 ES:1688 FS:0000 GS:0000 SS:3E00 CF:1 ZF:0 SF:1 OF:0 AF:0 PF:0 IF:1
165E:000001B9  inc  bx                                                EAX:00000000 EBX:0000085C ECX:00007FEA EDX:00000000 ESI:00000052 EDI:0000211E EBP:00007BD8 ESP:00007BC2 DS:F600 ES:1688 FS:0000 GS:0000 SS:3E00 CF:0 ZF:0 SF:0 OF:0 AF:0 PF:0 IF:1
165E:000001BA  inc  bx                                                EAX:00000000 EBX:0000085D ECX:00007FEA EDX:00000000 ESI:00000052 EDI:0000211E EBP:00007BD8 ESP:00007BC2 DS:F600 ES:1688 FS:0000 GS:0000 SS:3E00 CF:0 ZF:0 SF:0 OF:0 AF:0 PF:0 IF:1
165E:000001BB  cmp  bx,0B19                                           EAX:00000000 EBX:0000085E ECX:00007FEA EDX:00000000 ESI:00000052 EDI:0000211E EBP:00007BD8 ESP:00007BC2 DS:F600 ES:1688 FS:0000 GS:0000 SS:3E00 CF:0 ZF:0 SF:0 OF:0 AF:0 PF:0 IF:1
165E:000001BF  jc   000001B5 ($-c)             (up)                   EAX:00000000 EBX:0000085E ECX:00007FEA EDX:00000000 ESI:00000052 EDI:0000211E EBP:00007BD8 ESP:00007BC2 DS:F600 ES:1688 FS:0000 GS:0000 SS:3E00 CF:1 ZF:0 SF:1 OF:0 AF:0 PF:0 IF:1
165E:000001B5  lodsw                                                  EAX:00000000 EBX:0000085E ECX:00007FEA EDX:00000000 ESI:00000052 EDI:0000211E EBP:00007BD8 ESP:00007BC2 DS:F600 ES:1688 FS:0000 GS:0000 SS:3E00 CF:1 ZF:0 SF:1 OF:0 AF:0 PF:0 IF:1
165E:000001B6  xor  es:[bx],ax                 es:[085E]=CE3A         EAX:00000000 EBX:0000085E ECX:00007FEA EDX:00000000 ESI:00000054 EDI:0000211E EBP:00007BD8 ESP:00007BC2 DS:F600 ES:1688 FS:0000 GS:0000 SS:3E00 CF:1 ZF:0 SF:1 OF:0 AF:0 PF:0 IF:1
165E:000001B9  inc  bx                                                EAX:00000000 EBX:0000085E ECX:00007FEA EDX:00000000 ESI:00000054 EDI:0000211E EBP:00007BD8 ESP:00007BC2 DS:F600 ES:1688 FS:0000 GS:0000 SS:3E00 CF:0 ZF:0 SF:1 OF:0 AF:0 PF:1 IF:1
165E:000001BA  inc  bx                                                EAX:00000000 EBX:0000085F ECX:00007FEA EDX:00000000 ESI:00000054 EDI:0000211E EBP:00007BD8 ESP:00007BC2 DS:F600 ES:1688 FS:0000 GS:0000 SS:3E00 CF:0 ZF:0 SF:0 OF:0 AF:0 PF:1 IF:1
165E:000001BB  cmp  bx,0B19                                           EAX:00000000 EBX:00000860 ECX:00007FEA EDX:00000000 ESI:00000054 EDI:0000211E EBP:00007BD8 ESP:00007BC2 DS:F600 ES:1688 FS:0000 GS:0000 SS:3E00 CF:0 ZF:0 SF:0 OF:0 AF:1 PF:1 IF:1
165E:000001BF  jc   000001B5 ($-c)             (up)                   EAX:00000000 EBX:00000860 ECX:00007FEA EDX:00000000 ESI:00000054 EDI:0000211E EBP:00007BD8 ESP:00007BC2 DS:F600 ES:1688 FS:0000 GS:0000 SS:3E00 CF:1 ZF:0 SF:1 OF:0 AF:1 PF:1 IF:1
165E:000001B5  lodsw                                                  EAX:00000000 EBX:00000860 ECX:00007FEA EDX:00000000 ESI:00000054 EDI:0000211E EBP:00007BD8 ESP:00007BC2 DS:F600 ES:1688 FS:0000 GS:0000 SS:3E00 CF:1 ZF:0 SF:1 OF:0 AF:1 PF:1 IF:1
165E:000001B6  xor  es:[bx],ax                 es:[0860]=DD7C         EAX:00000000 EBX:00000860 ECX:00007FEA EDX:00000000 ESI:00000056 EDI:0000211E EBP:00007BD8 ESP:00007BC2 DS:F600 ES:1688 FS:0000 GS:0000 SS:3E00 CF:1 ZF:0 SF:1 OF:0 AF:1 PF:1 IF:1
165E:000001B9  inc  bx                                                EAX:00000000 EBX:00000860 ECX:00007FEA EDX:00000000 ESI:00000056 EDI:0000211E EBP:00007BD8 ESP:00007BC2 DS:F600 ES:1688 FS:0000 GS:0000 SS:3E00 CF:0 ZF:0 SF:1 OF:0 AF:0 PF:0 IF:1
165E:000001BA  inc  bx                                                EAX:00000000 EBX:00000861 ECX:00007FEA EDX:00000000 ESI:00000056 EDI:0000211E EBP:00007BD8 ESP:00007BC2 DS:F600 ES:1688 FS:0000 GS:0000 SS:3E00 CF:0 ZF:0 SF:0 OF:0 AF:0 PF:0 IF:1
165E:000001BB  cmp  bx,0B19                                           EAX:00000000 EBX:00000862 ECX:00007FEA EDX:00000000 ESI:00000056 EDI:0000211E EBP:00007BD8 ESP:00007BC2 DS:F600 ES:1688 FS:0000 GS:0000 SS:3E00 CF:0 ZF:0 SF:0 OF:0 AF:0 PF:0 IF:1
165E:000001BF  jc   000001B5 ($-c)             (up)                   EAX:00000000 EBX:00000862 ECX:00007FEA EDX:00000000 ESI:00000056 EDI:0000211E EBP:00007BD8 ESP:00007BC2 DS:F600 ES:1688 FS:0000 GS:0000 SS:3E00 CF:1 ZF:0 SF:1 OF:0 AF:1 PF:0 IF:1
165E:000001B5  lodsw                                                  EAX:00000000 EBX:00000862 ECX:00007FEA EDX:00000000 ESI:00000056 EDI:0000211E EBP:00007BD8 ESP:00007BC2 DS:F600 ES:1688 FS:0000 GS:0000 SS:3E00 CF:1 ZF:0 SF:1 OF:0 AF:1 PF:0 IF:1
165E:000001B6  xor  es:[bx],ax                 es:[0862]=35ED         EAX:00000000 EBX:00000862 ECX:00007FEA EDX:00000000 ESI:00000058 EDI:0000211E EBP:00007BD8 ESP:00007BC2 DS:F600 ES:1688 FS:0000 GS:0000 SS:3E00 CF:1 ZF:0 SF:1 OF:0 AF:1 PF:0 IF:1
165E:000001B9  inc  bx                                                EAX:00000000 EBX:00000862 ECX:00007FEA EDX:00000000 ESI:00000058 EDI:0000211E EBP:00007BD8 ESP:00007BC2 DS:F600 ES:1688 FS:0000 GS:0000 SS:3E00 CF:0 ZF:0 SF:0 OF:0 AF:0 PF:1 IF:1
165E:000001BA  inc  bx                                                EAX:00000000 EBX:00000863 ECX:00007FEA EDX:00000000 ESI:00000058 EDI:0000211E EBP:00007BD8 ESP:00007BC2 DS:F600 ES:1688 FS:0000 GS:0000 SS:3E00 CF:0 ZF:0 SF:0 OF:0 AF:0 PF:1 IF:1
165E:000001BB  cmp  bx,0B19                                           EAX:00000000 EBX:00000864 ECX:00007FEA EDX:00000000 ESI:00000058 EDI:0000211E EBP:00007BD8 ESP:00007BC2 DS:F600 ES:1688 FS:0000 GS:0000 SS:3E00 CF:0 ZF:0 SF:0 OF:0 AF:0 PF:0 IF:1
165E:000001BF  jc   000001B5 ($-c)             (up)                   EAX:00000000 EBX:00000864 ECX:00007FEA EDX:00000000 ESI:00000058 EDI:0000211E EBP:00007BD8 ESP:00007BC2 DS:F600 ES:1688 FS:0000 GS:0000 SS:3E00 CF:1 ZF:0 SF:1 OF:0 AF:1 PF:1 IF:1
165E:000001B5  lodsw                                                  EAX:00000000 EBX:00000864 ECX:00007FEA EDX:00000000 ESI:00000058 EDI:0000211E EBP:00007BD8 ESP:00007BC2 DS:F600 ES:1688 FS:0000 GS:0000 SS:3E00 CF:1 ZF:0 SF:1 OF:0 AF:1 PF:1 IF:1
165E:000001B6  xor  es:[bx],ax                 es:[0864]=2831         EAX:00000000 EBX:00000864 ECX:00007FEA EDX:00000000 ESI:0000005A EDI:0000211E EBP:00007BD8 ESP:00007BC2 DS:F600 ES:1688 FS:0000 GS:0000 SS:3E00 CF:1 ZF:0 SF:1 OF:0 AF:1 PF:1 IF:1
165E:000001B9  inc  bx                                                EAX:00000000 EBX:00000864 ECX:00007FEA EDX:00000000 ESI:0000005A EDI:0000211E EBP:00007BD8 ESP:00007BC2 DS:F600 ES:1688 FS:0000 GS:0000 SS:3E00 CF:0 ZF:0 SF:0 OF:0 AF:0 PF:0 IF:1
165E:000001BA  inc  bx                                                EAX:00000000 EBX:00000865 ECX:00007FEA EDX:00000000 ESI:0000005A EDI:0000211E EBP:00007BD8 ESP:00007BC2 DS:F600 ES:1688 FS:0000 GS:0000 SS:3E00 CF:0 ZF:0 SF:0 OF:0 AF:0 PF:1 IF:1
165E:000001BB  cmp  bx,0B19                                           EAX:00000000 EBX:00000866 ECX:00007FEA EDX:00000000 ESI:0000005A EDI:0000211E EBP:00007BD8 ESP:00007BC2 DS:F600 ES:1688 FS:0000 GS:0000 SS:3E00 CF:0 ZF:0 SF:0 OF:0 AF:0 PF:1 IF:1
165E:000001BF  jc   000001B5 ($-c)             (up)                   EAX:00000000 EBX:00000866 ECX:00007FEA EDX:00000000 ESI:0000005A EDI:0000211E EBP:00007BD8 ESP:00007BC2 DS:F600 ES:1688 FS:0000 GS:0000 SS:3E00 CF:1 ZF:0 SF:1 OF:0 AF:1 PF:1 IF:1
165E:000001B5  lodsw                                                  EAX:00000000 EBX:00000866 ECX:00007FEA EDX:00000000 ESI:0000005A EDI:0000211E EBP:00007BD8 ESP:00007BC2 DS:F600 ES:1688 FS:0000 GS:0000 SS:3E00 CF:1 ZF:0 SF:1 OF:0 AF:1 PF:1 IF:1
165E:000001B6  xor  es:[bx],ax                 es:[0866]=D326         EAX:00000000 EBX:00000866 ECX:00007FEA EDX:00000000 ESI:0000005C EDI:0000211E EBP:00007BD8 ESP:00007BC2 DS:F600 ES:1688 FS:0000 GS:0000 SS:3E00 CF:1 ZF:0 SF:1 OF:0 AF:1 PF:1 IF:1
165E:000001B9  inc  bx                                                EAX:00000000 EBX:00000866 ECX:00007FEA EDX:00000000 ESI:0000005C EDI:0000211E EBP:00007BD8 ESP:00007BC2 DS:F600 ES:1688 FS:0000 GS:0000 SS:3E00 CF:0 ZF:0 SF:1 OF:0 AF:0 PF:0 IF:1
165E:000001BA  inc  bx                                                EAX:00000000 EBX:00000867 ECX:00007FEA EDX:00000000 ESI:0000005C EDI:0000211E EBP:00007BD8 ESP:00007BC2 DS:F600 ES:1688 FS:0000 GS:0000 SS:3E00 CF:0 ZF:0 SF:0 OF:0 AF:0 PF:0 IF:1
165E:000001BB  cmp  bx,0B19                                           EAX:00000000 EBX:00000868 ECX:00007FEA EDX:00000000 ESI:0000005C EDI:0000211E EBP:00007BD8 ESP:00007BC2 DS:F600 ES:1688 FS:0000 GS:0000 SS:3E00 CF:0 ZF:0 SF:0 OF:0 AF:0 PF:0 IF:1
165E:000001BF  jc   000001B5 ($-c)             (up)                   EAX:00000000 EBX:00000868 ECX:00007FEA EDX:00000000 ESI:0000005C EDI:0000211E EBP:00007BD8 ESP:00007BC2 DS:F600 ES:1688 FS:0000 GS:0000 SS:3E00 CF:1 ZF:0 SF:1 OF:0 AF:1 PF:0 IF:1
165E:000001B5  lodsw                                                  EAX:00000000 EBX:00000868 ECX:00007FEA EDX:00000000 ESI:0000005C EDI:0000211E EBP:00007BD8 ESP:00007BC2 DS:F600 ES:1688 FS:0000 GS:0000 SS:3E00 CF:1 ZF:0 SF:1 OF:0 AF:1 PF:0 IF:1
165E:000001B6  xor  es:[bx],ax                 es:[0868]=4722         EAX:00000000 EBX:00000868 ECX:00007FEA EDX:00000000 ESI:0000005E EDI:0000211E EBP:00007BD8 ESP:00007BC2 DS:F600 ES:1688 FS:0000 GS:0000 SS:3E00 CF:1 ZF:0 SF:1 OF:0 AF:1 PF:0 IF:1
165E:000001B9  inc  bx                                                EAX:00000000 EBX:00000868 ECX:00007FEA EDX:00000000 ESI:0000005E EDI:0000211E EBP:00007BD8 ESP:00007BC2 DS:F600 ES:1688 FS:0000 GS:0000 SS:3E00 CF:0 ZF:0 SF:0 OF:0 AF:0 PF:1 IF:1
165E:000001BA  inc  bx                                                EAX:00000000 EBX:00000869 ECX:00007FEA EDX:00000000 ESI:0000005E EDI:0000211E EBP:00007BD8 ESP:00007BC2 DS:F600 ES:1688 FS:0000 GS:0000 SS:3E00 CF:0 ZF:0 SF:0 OF:0 AF:0 PF:1 IF:1
165E:000001BB  cmp  bx,0B19                                           EAX:00000000 EBX:0000086A ECX:00007FEA EDX:00000000 ESI:0000005E EDI:0000211E EBP:00007BD8 ESP:00007BC2 DS:F600 ES:1688 FS:0000 GS:0000 SS:3E00 CF:0 ZF:0 SF:0 OF:0 AF:0 PF:1 IF:1
165E:000001BF  jc   000001B5 ($-c)             (up)                   EAX:00000000 EBX:0000086A ECX:00007FEA EDX:00000000 ESI:0000005E EDI:0000211E EBP:00007BD8 ESP:00007BC2 DS:F600 ES:1688 FS:0000 GS:0000 SS:3E00 CF:1 ZF:0 SF:1 OF:0 AF:0 PF:0 IF:1
165E:000001B5  lodsw                                                  EAX:00000000 EBX:0000086A ECX:00007FEA EDX:00000000 ESI:0000005E EDI:0000211E EBP:00007BD8 ESP:00007BC2 DS:F600 ES:1688 FS:0000 GS:0000 SS:3E00 CF:1 ZF:0 SF:1 OF:0 AF:0 PF:0 IF:1
165E:000001B6  xor  es:[bx],ax                 es:[086A]=1467         EAX:00000000 EBX:0000086A ECX:00007FEA EDX:00000000 ESI:00000060 EDI:0000211E EBP:00007BD8 ESP:00007BC2 DS:F600 ES:1688 FS:0000 GS:0000 SS:3E00 CF:1 ZF:0 SF:1 OF:0 AF:0 PF:0 IF:1
165E:000001B9  inc  bx                                                EAX:00000000 EBX:0000086A ECX:00007FEA EDX:00000000 ESI:00000060 EDI:0000211E EBP:00007BD8 ESP:00007BC2 DS:F600 ES:1688 FS:0000 GS:0000 SS:3E00 CF:0 ZF:0 SF:0 OF:0 AF:0 PF:0 IF:1
165E:000001BA  inc  bx                                                EAX:00000000 EBX:0000086B ECX:00007FEA EDX:00000000 ESI:00000060 EDI:0000211E EBP:00007BD8 ESP:00007BC2 DS:F600 ES:1688 FS:0000 GS:0000 SS:3E00 CF:0 ZF:0 SF:0 OF:0 AF:0 PF:0 IF:1
165E:000001BB  cmp  bx,0B19                                           EAX:00000000 EBX:0000086C ECX:00007FEA EDX:00000000 ESI:00000060 EDI:0000211E EBP:00007BD8 ESP:00007BC2 DS:F600 ES:1688 FS:0000 GS:0000 SS:3E00 CF:0 ZF:0 SF:0 OF:0 AF:0 PF:1 IF:1
165E:000001BF  jc   000001B5 ($-c)             (up)                   EAX:00000000 EBX:0000086C ECX:00007FEA EDX:00000000 ESI:00000060 EDI:0000211E EBP:00007BD8 ESP:00007BC2 DS:F600 ES:1688 FS:0000 GS:0000 SS:3E00 CF:1 ZF:0 SF:1 OF:0 AF:0 PF:1 IF:1
165E:000001B5  lodsw                                                  EAX:00000000 EBX:0000086C ECX:00007FEA EDX:00000000 ESI:00000060 EDI:0000211E EBP:00007BD8 ESP:00007BC2 DS:F600 ES:1688 FS:0000 GS:0000 SS:3E00 CF:1 ZF:0 SF:1 OF:0 AF:0 PF:1 IF:1
165E:000001B6  xor  es:[bx],ax                 es:[086C]=3C9F         EAX:00000000 EBX:0000086C ECX:00007FEA EDX:00000000 ESI:00000062 EDI:0000211E EBP:00007BD8 ESP:00007BC2 DS:F600 ES:1688 FS:0000 GS:0000 SS:3E00 CF:1 ZF:0 SF:1 OF:0 AF:0 PF:1 IF:1
165E:000001B9  inc  bx                                                EAX:00000000 EBX:0000086C ECX:00007FEA EDX:00000000 ESI:00000062 EDI:0000211E EBP:00007BD8 ESP:00007BC2 DS:F600 ES:1688 FS:0000 GS:0000 SS:3E00 CF:0 ZF:0 SF:0 OF:0 AF:0 PF:1 IF:1
165E:000001BA  inc  bx                                                EAX:00000000 EBX:0000086D ECX:00007FEA EDX:00000000 ESI:00000062 EDI:0000211E EBP:00007BD8 ESP:00007BC2 DS:F600 ES:1688 FS:0000 GS:0000 SS:3E00 CF:0 ZF:0 SF:0 OF:0 AF:0 PF:0 IF:1
165E:000001BB  cmp  bx,0B19                                           EAX:00000000 EBX:0000086E ECX:00007FEA EDX:00000000 ESI:00000062 EDI:0000211E EBP:00007BD8 ESP:00007BC2 DS:F600 ES:1688 FS:0000 GS:0000 SS:3E00 CF:0 ZF:0 SF:0 OF:0 AF:0 PF:0 IF:1
165E:000001BF  jc   000001B5 ($-c)             (up)                   EAX:00000000 EBX:0000086E ECX:00007FEA EDX:00000000 ESI:00000062 EDI:0000211E EBP:00007BD8 ESP:00007BC2 DS:F600 ES:1688 FS:0000 GS:0000 SS:3E00 CF:1 ZF:0 SF:1 OF:0 AF:0 PF:1 IF:1
165E:000001B5  lodsw                                                  EAX:00000000 EBX:0000086E ECX:00007FEA EDX:00000000 ESI:00000062 EDI:0000211E EBP:00007BD8 ESP:00007BC2 DS:F600 ES:1688 FS:0000 GS:0000 SS:3E00 CF:1 ZF:0 SF:1 OF:0 AF:0 PF:1 IF:1
165E:000001B6  xor  es:[bx],ax                 es:[086E]=FE01         EAX:00000000 EBX:0000086E ECX:00007FEA EDX:00000000 ESI:00000064 EDI:0000211E EBP:00007BD8 ESP:00007BC2 DS:F600 ES:1688 FS:0000 GS:0000 SS:3E00 CF:1 ZF:0 SF:1 OF:0 AF:0 PF:1 IF:1
165E:000001B9  inc  bx                                                EAX:00000000 EBX:0000086E ECX:00007FEA EDX:00000000 ESI:00000064 EDI:0000211E EBP:00007BD8 ESP:00007BC2 DS:F600 ES:1688 FS:0000 GS:0000 SS:3E00 CF:0 ZF:0 SF:1 OF:0 AF:0 PF:0 IF:1
165E:000001BA  inc  bx                                                EAX:00000000 EBX:0000086F ECX:00007FEA EDX:00000000 ESI:00000064 EDI:0000211E EBP:00007BD8 ESP:00007BC2 DS:F600 ES:1688 FS:0000 GS:0000 SS:3E00 CF:0 ZF:0 SF:0 OF:0 AF:0 PF:1 IF:1
165E:000001BB  cmp  bx,0B19                                           EAX:00000000 EBX:00000870 ECX:00007FEA EDX:00000000 ESI:00000064 EDI:0000211E EBP:00007BD8 ESP:00007BC2 DS:F600 ES:1688 FS:0000 GS:0000 SS:3E00 CF:0 ZF:0 SF:0 OF:0 AF:1 PF:0 IF:1
165E:000001BF  jc   000001B5 ($-c)             (up)                   EAX:00000000 EBX:00000870 ECX:00007FEA EDX:00000000 ESI:00000064 EDI:0000211E EBP:00007BD8 ESP:00007BC2 DS:F600 ES:1688 FS:0000 GS:0000 SS:3E00 CF:1 ZF:0 SF:1 OF:0 AF:1 PF:0 IF:1
165E:000001B5  lodsw                                                  EAX:00000000 EBX:00000870 ECX:00007FEA EDX:00000000 ESI:00000064 EDI:0000211E EBP:00007BD8 ESP:00007BC2 DS:F600 ES:1688 FS:0000 GS:0000 SS:3E00 CF:1 ZF:0 SF:1 OF:0 AF:1 PF:0 IF:1
165E:000001B6  xor  es:[bx],ax                 es:[0870]=741B         EAX:00000000 EBX:00000870 ECX:00007FEA EDX:00000000 ESI:00000066 EDI:0000211E EBP:00007BD8 ESP:00007BC2 DS:F600 ES:1688 FS:0000 GS:0000 SS:3E00 CF:1 ZF:0 SF:1 OF:0 AF:1 PF:0 IF:1
165E:000001B9  inc  bx                                                EAX:00000000 EBX:00000870 ECX:00007FEA EDX:00000000 ESI:00000066 EDI:0000211E EBP:00007BD8 ESP:00007BC2 DS:F600 ES:1688 FS:0000 GS:0000 SS:3E00 CF:0 ZF:0 SF:0 OF:0 AF:0 PF:1 IF:1
165E:000001BA  inc  bx                                                EAX:00000000 EBX:00000871 ECX:00007FEA EDX:00000000 ESI:00000066 EDI:0000211E EBP:00007BD8 ESP:00007BC2 DS:F600 ES:1688 FS:0000 GS:0000 SS:3E00 CF:0 ZF:0 SF:0 OF:0 AF:0 PF:1 IF:1
165E:000001BB  cmp  bx,0B19                                           EAX:00000000 EBX:00000872 ECX:00007FEA EDX:00000000 ESI:00000066 EDI:0000211E EBP:00007BD8 ESP:00007BC2 DS:F600 ES:1688 FS:0000 GS:0000 SS:3E00 CF:0 ZF:0 SF:0 OF:0 AF:0 PF:1 IF:1
165E:000001BF  jc   000001B5 ($-c)             (up)                   EAX:00000000 EBX:00000872 ECX:00007FEA EDX:00000000 ESI:00000066 EDI:0000211E EBP:00007BD8 ESP:00007BC2 DS:F600 ES:1688 FS:0000 GS:0000 SS:3E00 CF:1 ZF:0 SF:1 OF:0 AF:1 PF:1 IF:1
165E:000001B5  lodsw                                                  EAX:00000000 EBX:00000872 ECX:00007FEA EDX:00000000 ESI:00000066 EDI:0000211E EBP:00007BD8 ESP:00007BC2 DS:F600 ES:1688 FS:0000 GS:0000 SS:3E00 CF:1 ZF:0 SF:1 OF:0 AF:1 PF:1 IF:1
165E:000001B6  xor  es:[bx],ax                 es:[0872]=6165         EAX:00000000 EBX:00000872 ECX:00007FEA EDX:00000000 ESI:00000068 EDI:0000211E EBP:00007BD8 ESP:00007BC2 DS:F600 ES:1688 FS:0000 GS:0000 SS:3E00 CF:1 ZF:0 SF:1 OF:0 AF:1 PF:1 IF:1
165E:000001B9  inc  bx                                                EAX:00000000 EBX:00000872 ECX:00007FEA EDX:00000000 ESI:00000068 EDI:0000211E EBP:00007BD8 ESP:00007BC2 DS:F600 ES:1688 FS:0000 GS:0000 SS:3E00 CF:0 ZF:0 SF:0 OF:0 AF:0 PF:1 IF:1
165E:000001BA  inc  bx                                                EAX:00000000 EBX:00000873 ECX:00007FEA EDX:00000000 ESI:00000068 EDI:0000211E EBP:00007BD8 ESP:00007BC2 DS:F600 ES:1688 FS:0000 GS:0000 SS:3E00 CF:0 ZF:0 SF:0 OF:0 AF:0 PF:0 IF:1
165E:000001BB  cmp  bx,0B19                                           EAX:00000000 EBX:00000874 ECX:00007FEA EDX:00000000 ESI:00000068 EDI:0000211E EBP:00007BD8 ESP:00007BC2 DS:F600 ES:1688 FS:0000 GS:0000 SS:3E00 CF:0 ZF:0 SF:0 OF:0 AF:0 PF:1 IF:1
165E:000001BF  jc   000001B5 ($-c)             (up)                   EAX:00000000 EBX:00000874 ECX:00007FEA EDX:00000000 ESI:00000068 EDI:0000211E EBP:00007BD8 ESP:00007BC2 DS:F600 ES:1688 FS:0000 GS:0000 SS:3E00 CF:1 ZF:0 SF:1 OF:0 AF:1 PF:0 IF:1
165E:000001B5  lodsw                                                  EAX:00000000 EBX:00000874 ECX:00007FEA EDX:00000000 ESI:00000068 EDI:0000211E EBP:00007BD8 ESP:00007BC2 DS:F600 ES:1688 FS:0000 GS:0000 SS:3E00 CF:1 ZF:0 SF:1 OF:0 AF:1 PF:0 IF:1
165E:000001B6  xor  es:[bx],ax                 es:[0874]=6CC5         EAX:00000000 EBX:00000874 ECX:00007FEA EDX:00000000 ESI:0000006A EDI:0000211E EBP:00007BD8 ESP:00007BC2 DS:F600 ES:1688 FS:0000 GS:0000 SS:3E00 CF:1 ZF:0 SF:1 OF:0 AF:1 PF:0 IF:1
165E:000001B9  inc  bx                                                EAX:00000000 EBX:00000874 ECX:00007FEA EDX:00000000 ESI:0000006A EDI:0000211E EBP:00007BD8 ESP:00007BC2 DS:F600 ES:1688 FS:0000 GS:0000 SS:3E00 CF:0 ZF:0 SF:0 OF:0 AF:0 PF:1 IF:1
165E:000001BA  inc  bx                                                EAX:00000000 EBX:00000875 ECX:00007FEA EDX:00000000 ESI:0000006A EDI:0000211E EBP:00007BD8 ESP:00007BC2 DS:F600 ES:1688 FS:0000 GS:0000 SS:3E00 CF:0 ZF:0 SF:0 OF:0 AF:0 PF:0 IF:1
165E:000001BB  cmp  bx,0B19                                           EAX:00000000 EBX:00000876 ECX:00007FEA EDX:00000000 ESI:0000006A EDI:0000211E EBP:00007BD8 ESP:00007BC2 DS:F600 ES:1688 FS:0000 GS:0000 SS:3E00 CF:0 ZF:0 SF:0 OF:0 AF:0 PF:0 IF:1
165E:000001BF  jc   000001B5 ($-c)             (up)                   EAX:00000000 EBX:00000876 ECX:00007FEA EDX:00000000 ESI:0000006A EDI:0000211E EBP:00007BD8 ESP:00007BC2 DS:F600 ES:1688 FS:0000 GS:0000 SS:3E00 CF:1 ZF:0 SF:1 OF:0 AF:1 PF:0 IF:1
165E:000001B5  lodsw                                                  EAX:00000000 EBX:00000876 ECX:00007FEA EDX:00000000 ESI:0000006A EDI:0000211E EBP:00007BD8 ESP:00007BC2 DS:F600 ES:1688 FS:0000 GS:0000 SS:3E00 CF:1 ZF:0 SF:1 OF:0 AF:1 PF:0 IF:1
165E:000001B6  xor  es:[bx],ax                 es:[0876]=E7A5         EAX:00000000 EBX:00000876 ECX:00007FEA EDX:00000000 ESI:0000006C EDI:0000211E EBP:00007BD8 ESP:00007BC2 DS:F600 ES:1688 FS:0000 GS:0000 SS:3E00 CF:1 ZF:0 SF:1 OF:0 AF:1 PF:0 IF:1
165E:000001B9  inc  bx                                                EAX:00000000 EBX:00000876 ECX:00007FEA EDX:00000000 ESI:0000006C EDI:0000211E EBP:00007BD8 ESP:00007BC2 DS:F600 ES:1688 FS:0000 GS:0000 SS:3E00 CF:0 ZF:0 SF:1 OF:0 AF:0 PF:1 IF:1
165E:000001BA  inc  bx                                                EAX:00000000 EBX:00000877 ECX:00007FEA EDX:00000000 ESI:0000006C EDI:0000211E EBP:00007BD8 ESP:00007BC2 DS:F600 ES:1688 FS:0000 GS:0000 SS:3E00 CF:0 ZF:0 SF:0 OF:0 AF:0 PF:1 IF:1
165E:000001BB  cmp  bx,0B19                                           EAX:00000000 EBX:00000878 ECX:00007FEA EDX:00000000 ESI:0000006C EDI:0000211E EBP:00007BD8 ESP:00007BC2 DS:F600 ES:1688 FS:0000 GS:0000 SS:3E00 CF:0 ZF:0 SF:0 OF:0 AF:0 PF:1 IF:1
165E:000001BF  jc   000001B5 ($-c)             (up)                   EAX:00000000 EBX:00000878 ECX:00007FEA EDX:00000000 ESI:0000006C EDI:0000211E EBP:00007BD8 ESP:00007BC2 DS:F600 ES:1688 FS:0000 GS:0000 SS:3E00 CF:1 ZF:0 SF:1 OF:0 AF:1 PF:1 IF:1
165E:000001B5  lodsw                                                  EAX:00000000 EBX:00000878 ECX:00007FEA EDX:00000000 ESI:0000006C EDI:0000211E EBP:00007BD8 ESP:00007BC2 DS:F600 ES:1688 FS:0000 GS:0000 SS:3E00 CF:1 ZF:0 SF:1 OF:0 AF:1 PF:1 IF:1
165E:000001B6  xor  es:[bx],ax                 es:[0878]=78D3         EAX:00000000 EBX:00000878 ECX:00007FEA EDX:00000000 ESI:0000006E EDI:0000211E EBP:00007BD8 ESP:00007BC2 DS:F600 ES:1688 FS:0000 GS:0000 SS:3E00 CF:1 ZF:0 SF:1 OF:0 AF:1 PF:1 IF:1
165E:000001B9  inc  bx                                                EAX:00000000 EBX:00000878 ECX:00007FEA EDX:00000000 ESI:0000006E EDI:0000211E EBP:00007BD8 ESP:00007BC2 DS:F600 ES:1688 FS:0000 GS:0000 SS:3E00 CF:0 ZF:0 SF:0 OF:0 AF:0 PF:0 IF:1
165E:000001BA  inc  bx                                                EAX:00000000 EBX:00000879 ECX:00007FEA EDX:00000000 ESI:0000006E EDI:0000211E EBP:00007BD8 ESP:00007BC2 DS:F600 ES:1688 FS:0000 GS:0000 SS:3E00 CF:0 ZF:0 SF:0 OF:0 AF:0 PF:0 IF:1
165E:000001BB  cmp  bx,0B19                                           EAX:00000000 EBX:0000087A ECX:00007FEA EDX:00000000 ESI:0000006E EDI:0000211E EBP:00007BD8 ESP:00007BC2 DS:F600 ES:1688 FS:0000 GS:0000 SS:3E00 CF:0 ZF:0 SF:0 OF:0 AF:0 PF:0 IF:1
165E:000001BF  jc   000001B5 ($-c)             (up)                   EAX:00000000 EBX:0000087A ECX:00007FEA EDX:00000000 ESI:0000006E EDI:0000211E EBP:00007BD8 ESP:00007BC2 DS:F600 ES:1688 FS:0000 GS:0000 SS:3E00 CF:1 ZF:0 SF:1 OF:0 AF:0 PF:0 IF:1
165E:000001B5  lodsw                                                  EAX:00000000 EBX:0000087A ECX:00007FEA EDX:00000000 ESI:0000006E EDI:0000211E EBP:00007BD8 ESP:00007BC2 DS:F600 ES:1688 FS:0000 GS:0000 SS:3E00 CF:1 ZF:0 SF:1 OF:0 AF:0 PF:0 IF:1
165E:000001B6  xor  es:[bx],ax                 es:[087A]=F4D0         EAX:00000000 EBX:0000087A ECX:00007FEA EDX:00000000 ESI:00000070 EDI:0000211E EBP:00007BD8 ESP:00007BC2 DS:F600 ES:1688 FS:0000 GS:0000 SS:3E00 CF:1 ZF:0 SF:1 OF:0 AF:0 PF:0 IF:1
165E:000001B9  inc  bx                                                EAX:00000000 EBX:0000087A ECX:00007FEA EDX:00000000 ESI:00000070 EDI:0000211E EBP:00007BD8 ESP:00007BC2 DS:F600 ES:1688 FS:0000 GS:0000 SS:3E00 CF:0 ZF:0 SF:1 OF:0 AF:0 PF:0 IF:1
165E:000001BA  inc  bx                                                EAX:00000000 EBX:0000087B ECX:00007FEA EDX:00000000 ESI:00000070 EDI:0000211E EBP:00007BD8 ESP:00007BC2 DS:F600 ES:1688 FS:0000 GS:0000 SS:3E00 CF:0 ZF:0 SF:0 OF:0 AF:0 PF:1 IF:1
165E:000001BB  cmp  bx,0B19                                           EAX:00000000 EBX:0000087C ECX:00007FEA EDX:00000000 ESI:00000070 EDI:0000211E EBP:00007BD8 ESP:00007BC2 DS:F600 ES:1688 FS:0000 GS:0000 SS:3E00 CF:0 ZF:0 SF:0 OF:0 AF:0 PF:0 IF:1
165E:000001BF  jc   000001B5 ($-c)             (up)                   EAX:00000000 EBX:0000087C ECX:00007FEA EDX:00000000 ESI:00000070 EDI:0000211E EBP:00007BD8 ESP:00007BC2 DS:F600 ES:1688 FS:0000 GS:0000 SS:3E00 CF:1 ZF:0 SF:1 OF:0 AF:0 PF:1 IF:1
165E:000001B5  lodsw                                                  EAX:00000000 EBX:0000087C ECX:00007FEA EDX:00000000 ESI:00000070 EDI:0000211E EBP:00007BD8 ESP:00007BC2 DS:F600 ES:1688 FS:0000 GS:0000 SS:3E00 CF:1 ZF:0 SF:1 OF:0 AF:0 PF:1 IF:1
165E:000001B6  xor  es:[bx],ax                 es:[087C]=29CE         EAX:00000000 EBX:0000087C ECX:00007FEA EDX:00000000 ESI:00000072 EDI:0000211E EBP:00007BD8 ESP:00007BC2 DS:F600 ES:1688 FS:0000 GS:0000 SS:3E00 CF:1 ZF:0 SF:1 OF:0 AF:0 PF:1 IF:1
165E:000001B9  inc  bx                                                EAX:00000000 EBX:0000087C ECX:00007FEA EDX:00000000 ESI:00000072 EDI:0000211E EBP:00007BD8 ESP:00007BC2 DS:F600 ES:1688 FS:0000 GS:0000 SS:3E00 CF:0 ZF:0 SF:0 OF:0 AF:0 PF:0 IF:1
165E:000001BA  inc  bx                                                EAX:00000000 EBX:0000087D ECX:00007FEA EDX:00000000 ESI:00000072 EDI:0000211E EBP:00007BD8 ESP:00007BC2 DS:F600 ES:1688 FS:0000 GS:0000 SS:3E00 CF:0 ZF:0 SF:0 OF:0 AF:0 PF:1 IF:1
165E:000001BB  cmp  bx,0B19                                           EAX:00000000 EBX:0000087E ECX:00007FEA EDX:00000000 ESI:00000072 EDI:0000211E EBP:00007BD8 ESP:00007BC2 DS:F600 ES:1688 FS:0000 GS:0000 SS:3E00 CF:0 ZF:0 SF:0 OF:0 AF:0 PF:1 IF:1
165E:000001BF  jc   000001B5 ($-c)             (up)                   EAX:00000000 EBX:0000087E ECX:00007FEA EDX:00000000 ESI:00000072 EDI:0000211E EBP:00007BD8 ESP:00007BC2 DS:F600 ES:1688 FS:0000 GS:0000 SS:3E00 CF:1 ZF:0 SF:1 OF:0 AF:0 PF:1 IF:1
165E:000001B5  lodsw                                                  EAX:00000000 EBX:0000087E ECX:00007FEA EDX:00000000 ESI:00000072 EDI:0000211E EBP:00007BD8 ESP:00007BC2 DS:F600 ES:1688 FS:0000 GS:0000 SS:3E00 CF:1 ZF:0 SF:1 OF:0 AF:0 PF:1 IF:1
165E:000001B6  xor  es:[bx],ax                 es:[087E]=5C2F         EAX:00000000 EBX:0000087E ECX:00007FEA EDX:00000000 ESI:00000074 EDI:0000211E EBP:00007BD8 ESP:00007BC2 DS:F600 ES:1688 FS:0000 GS:0000 SS:3E00 CF:1 ZF:0 SF:1 OF:0 AF:0 PF:1 IF:1
165E:000001B9  inc  bx                                                EAX:00000000 EBX:0000087E ECX:00007FEA EDX:00000000 ESI:00000074 EDI:0000211E EBP:00007BD8 ESP:00007BC2 DS:F600 ES:1688 FS:0000 GS:0000 SS:3E00 CF:0 ZF:0 SF:0 OF:0 AF:0 PF:0 IF:1
165E:000001BA  inc  bx                                                EAX:00000000 EBX:0000087F ECX:00007FEA EDX:00000000 ESI:00000074 EDI:0000211E EBP:00007BD8 ESP:00007BC2 DS:F600 ES:1688 FS:0000 GS:0000 SS:3E00 CF:0 ZF:0 SF:0 OF:0 AF:0 PF:0 IF:1
165E:000001BB  cmp  bx,0B19                                           EAX:00000000 EBX:00000880 ECX:00007FEA EDX:00000000 ESI:00000074 EDI:0000211E EBP:00007BD8 ESP:00007BC2 DS:F600 ES:1688 FS:0000 GS:0000 SS:3E00 CF:0 ZF:0 SF:0 OF:0 AF:1 PF:0 IF:1
165E:000001BF  jc   000001B5 ($-c)             (up)                   EAX:00000000 EBX:00000880 ECX:00007FEA EDX:00000000 ESI:00000074 EDI:0000211E EBP:00007BD8 ESP:00007BC2 DS:F600 ES:1688 FS:0000 GS:0000 SS:3E00 CF:1 ZF:0 SF:1 OF:0 AF:1 PF:0 IF:1
165E:000001B5  lodsw                                                  EAX:00000000 EBX:00000880 ECX:00007FEA EDX:00000000 ESI:00000074 EDI:0000211E EBP:00007BD8 ESP:00007BC2 DS:F600 ES:1688 FS:0000 GS:0000 SS:3E00 CF:1 ZF:0 SF:1 OF:0 AF:1 PF:0 IF:1
165E:000001B6  xor  es:[bx],ax                 es:[0880]=3366         EAX:00000000 EBX:00000880 ECX:00007FEA EDX:00000000 ESI:00000076 EDI:0000211E EBP:00007BD8 ESP:00007BC2 DS:F600 ES:1688 FS:0000 GS:0000 SS:3E00 CF:1 ZF:0 SF:1 OF:0 AF:1 PF:0 IF:1
165E:000001B9  inc  bx                                                EAX:00000000 EBX:00000880 ECX:00007FEA EDX:00000000 ESI:00000076 EDI:0000211E EBP:00007BD8 ESP:00007BC2 DS:F600 ES:1688 FS:0000 GS:0000 SS:3E00 CF:0 ZF:0 SF:0 OF:0 AF:0 PF:1 IF:1
165E:000001BA  inc  bx                                                EAX:00000000 EBX:00000881 ECX:00007FEA EDX:00000000 ESI:00000076 EDI:0000211E EBP:00007BD8 ESP:00007BC2 DS:F600 ES:1688 FS:0000 GS:0000 SS:3E00 CF:0 ZF:0 SF:0 OF:0 AF:0 PF:1 IF:1
165E:000001BB  cmp  bx,0B19                                           EAX:00000000 EBX:00000882 ECX:00007FEA EDX:00000000 ESI:00000076 EDI:0000211E EBP:00007BD8 ESP:00007BC2 DS:F600 ES:1688 FS:0000 GS:0000 SS:3E00 CF:0 ZF:0 SF:0 OF:0 AF:0 PF:1 IF:1
165E:000001BF  jc   000001B5 ($-c)             (up)                   EAX:00000000 EBX:00000882 ECX:00007FEA EDX:00000000 ESI:00000076 EDI:0000211E EBP:00007BD8 ESP:00007BC2 DS:F600 ES:1688 FS:0000 GS:0000 SS:3E00 CF:1 ZF:0 SF:1 OF:0 AF:1 PF:1 IF:1
165E:000001B5  lodsw                                                  EAX:00000000 EBX:00000882 ECX:00007FEA EDX:00000000 ESI:00000076 EDI:0000211E EBP:00007BD8 ESP:00007BC2 DS:F600 ES:1688 FS:0000 GS:0000 SS:3E00 CF:1 ZF:0 SF:1 OF:0 AF:1 PF:1 IF:1
165E:000001B6  xor  es:[bx],ax                 es:[0882]=85A2         EAX:00000000 EBX:00000882 ECX:00007FEA EDX:00000000 ESI:00000078 EDI:0000211E EBP:00007BD8 ESP:00007BC2 DS:F600 ES:1688 FS:0000 GS:0000 SS:3E00 CF:1 ZF:0 SF:1 OF:0 AF:1 PF:1 IF:1
165E:000001B9  inc  bx                                                EAX:00000000 EBX:00000882 ECX:00007FEA EDX:00000000 ESI:00000078 EDI:0000211E EBP:00007BD8 ESP:00007BC2 DS:F600 ES:1688 FS:0000 GS:0000 SS:3E00 CF:0 ZF:0 SF:1 OF:0 AF:0 PF:0 IF:1
165E:000001BA  inc  bx                                                EAX:00000000 EBX:00000883 ECX:00007FEA EDX:00000000 ESI:00000078 EDI:0000211E EBP:00007BD8 ESP:00007BC2 DS:F600 ES:1688 FS:0000 GS:0000 SS:3E00 CF:0 ZF:0 SF:0 OF:0 AF:0 PF:0 IF:1
165E:000001BB  cmp  bx,0B19                                           EAX:00000000 EBX:00000884 ECX:00007FEA EDX:00000000 ESI:00000078 EDI:0000211E EBP:00007BD8 ESP:00007BC2 DS:F600 ES:1688 FS:0000 GS:0000 SS:3E00 CF:0 ZF:0 SF:0 OF:0 AF:0 PF:1 IF:1
165E:000001BF  jc   000001B5 ($-c)             (up)                   EAX:00000000 EBX:00000884 ECX:00007FEA EDX:00000000 ESI:00000078 EDI:0000211E EBP:00007BD8 ESP:00007BC2 DS:F600 ES:1688 FS:0000 GS:0000 SS:3E00 CF:1 ZF:0 SF:1 OF:0 AF:1 PF:0 IF:1
165E:000001B5  lodsw                                                  EAX:00000000 EBX:00000884 ECX:00007FEA EDX:00000000 ESI:00000078 EDI:0000211E EBP:00007BD8 ESP:00007BC2 DS:F600 ES:1688 FS:0000 GS:0000 SS:3E00 CF:1 ZF:0 SF:1 OF:0 AF:1 PF:0 IF:1
165E:000001B6  xor  es:[bx],ax                 es:[0884]=AD13         EAX:00000000 EBX:00000884 ECX:00007FEA EDX:00000000 ESI:0000007A EDI:0000211E EBP:00007BD8 ESP:00007BC2 DS:F600 ES:1688 FS:0000 GS:0000 SS:3E00 CF:1 ZF:0 SF:1 OF:0 AF:1 PF:0 IF:1
165E:000001B9  inc  bx                                                EAX:00000000 EBX:00000884 ECX:00007FEA EDX:00000000 ESI:0000007A EDI:0000211E EBP:00007BD8 ESP:00007BC2 DS:F600 ES:1688 FS:0000 GS:0000 SS:3E00 CF:0 ZF:0 SF:1 OF:0 AF:0 PF:0 IF:1
165E:000001BA  inc  bx                                                EAX:00000000 EBX:00000885 ECX:00007FEA EDX:00000000 ESI:0000007A EDI:0000211E EBP:00007BD8 ESP:00007BC2 DS:F600 ES:1688 FS:0000 GS:0000 SS:3E00 CF:0 ZF:0 SF:0 OF:0 AF:0 PF:0 IF:1
165E:000001BB  cmp  bx,0B19                                           EAX:00000000 EBX:00000886 ECX:00007FEA EDX:00000000 ESI:0000007A EDI:0000211E EBP:00007BD8 ESP:00007BC2 DS:F600 ES:1688 FS:0000 GS:0000 SS:3E00 CF:0 ZF:0 SF:0 OF:0 AF:0 PF:0 IF:1
165E:000001BF  jc   000001B5 ($-c)             (up)                   EAX:00000000 EBX:00000886 ECX:00007FEA EDX:00000000 ESI:0000007A EDI:0000211E EBP:00007BD8 ESP:00007BC2 DS:F600 ES:1688 FS:0000 GS:0000 SS:3E00 CF:1 ZF:0 SF:1 OF:0 AF:1 PF:0 IF:1
165E:000001B5  lodsw                                                  EAX:00000000 EBX:00000886 ECX:00007FEA EDX:00000000 ESI:0000007A EDI:0000211E EBP:00007BD8 ESP:00007BC2 DS:F600 ES:1688 FS:0000 GS:0000 SS:3E00 CF:1 ZF:0 SF:1 OF:0 AF:1 PF:0 IF:1
165E:000001B6  xor  es:[bx],ax                 es:[0886]=F827         EAX:00000000 EBX:00000886 ECX:00007FEA EDX:00000000 ESI:0000007C EDI:0000211E EBP:00007BD8 ESP:00007BC2 DS:F600 ES:1688 FS:0000 GS:0000 SS:3E00 CF:1 ZF:0 SF:1 OF:0 AF:1 PF:0 IF:1
165E:000001B9  inc  bx                                                EAX:00000000 EBX:00000886 ECX:00007FEA EDX:00000000 ESI:0000007C EDI:0000211E EBP:00007BD8 ESP:00007BC2 DS:F600 ES:1688 FS:0000 GS:0000 SS:3E00 CF:0 ZF:0 SF:1 OF:0 AF:0 PF:1 IF:1
165E:000001BA  inc  bx                                                EAX:00000000 EBX:00000887 ECX:00007FEA EDX:00000000 ESI:0000007C EDI:0000211E EBP:00007BD8 ESP:00007BC2 DS:F600 ES:1688 FS:0000 GS:0000 SS:3E00 CF:0 ZF:0 SF:0 OF:0 AF:0 PF:1 IF:1
165E:000001BB  cmp  bx,0B19                                           EAX:00000000 EBX:00000888 ECX:00007FEA EDX:00000000 ESI:0000007C EDI:0000211E EBP:00007BD8 ESP:00007BC2 DS:F600 ES:1688 FS:0000 GS:0000 SS:3E00 CF:0 ZF:0 SF:0 OF:0 AF:0 PF:1 IF:1
165E:000001BF  jc   000001B5 ($-c)             (up)                   EAX:00000000 EBX:00000888 ECX:00007FEA EDX:00000000 ESI:0000007C EDI:0000211E EBP:00007BD8 ESP:00007BC2 DS:F600 ES:1688 FS:0000 GS:0000 SS:3E00 CF:1 ZF:0 SF:1 OF:0 AF:1 PF:1 IF:1
165E:000001B5  lodsw                                                  EAX:00000000 EBX:00000888 ECX:00007FEA EDX:00000000 ESI:0000007C EDI:0000211E EBP:00007BD8 ESP:00007BC2 DS:F600 ES:1688 FS:0000 GS:0000 SS:3E00 CF:1 ZF:0 SF:1 OF:0 AF:1 PF:1 IF:1
165E:000001B6  xor  es:[bx],ax                 es:[0888]=034A         EAX:00000000 EBX:00000888 ECX:00007FEA EDX:00000000 ESI:0000007E EDI:0000211E EBP:00007BD8 ESP:00007BC2 DS:F600 ES:1688 FS:0000 GS:0000 SS:3E00 CF:1 ZF:0 SF:1 OF:0 AF:1 PF:1 IF:1
165E:000001B9  inc  bx                                                EAX:00000000 EBX:00000888 ECX:00007FEA EDX:00000000 ESI:0000007E EDI:0000211E EBP:00007BD8 ESP:00007BC2 DS:F600 ES:1688 FS:0000 GS:0000 SS:3E00 CF:0 ZF:0 SF:0 OF:0 AF:0 PF:0 IF:1
165E:000001BA  inc  bx                                                EAX:00000000 EBX:00000889 ECX:00007FEA EDX:00000000 ESI:0000007E EDI:0000211E EBP:00007BD8 ESP:00007BC2 DS:F600 ES:1688 FS:0000 GS:0000 SS:3E00 CF:0 ZF:0 SF:0 OF:0 AF:0 PF:0 IF:1
165E:000001BB  cmp  bx,0B19                                           EAX:00000000 EBX:0000088A ECX:00007FEA EDX:00000000 ESI:0000007E EDI:0000211E EBP:00007BD8 ESP:00007BC2 DS:F600 ES:1688 FS:0000 GS:0000 SS:3E00 CF:0 ZF:0 SF:0 OF:0 AF:0 PF:0 IF:1
165E:000001BF  jc   000001B5 ($-c)             (up)                   EAX:00000000 EBX:0000088A ECX:00007FEA EDX:00000000 ESI:0000007E EDI:0000211E EBP:00007BD8 ESP:00007BC2 DS:F600 ES:1688 FS:0000 GS:0000 SS:3E00 CF:1 ZF:0 SF:1 OF:0 AF:0 PF:1 IF:1
165E:000001B5  lodsw                                                  EAX:00000000 EBX:0000088A ECX:00007FEA EDX:00000000 ESI:0000007E EDI:0000211E EBP:00007BD8 ESP:00007BC2 DS:F600 ES:1688 FS:0000 GS:0000 SS:3E00 CF:1 ZF:0 SF:1 OF:0 AF:0 PF:1 IF:1
165E:000001B6  xor  es:[bx],ax                 es:[088A]=ECE4         EAX:00000000 EBX:0000088A ECX:00007FEA EDX:00000000 ESI:00000080 EDI:0000211E EBP:00007BD8 ESP:00007BC2 DS:F600 ES:1688 FS:0000 GS:0000 SS:3E00 CF:1 ZF:0 SF:1 OF:0 AF:0 PF:1 IF:1
165E:000001B9  inc  bx                                                EAX:00000000 EBX:0000088A ECX:00007FEA EDX:00000000 ESI:00000080 EDI:0000211E EBP:00007BD8 ESP:00007BC2 DS:F600 ES:1688 FS:0000 GS:0000 SS:3E00 CF:0 ZF:0 SF:1 OF:0 AF:0 PF:1 IF:1
165E:000001BA  inc  bx                                                EAX:00000000 EBX:0000088B ECX:00007FEA EDX:00000000 ESI:00000080 EDI:0000211E EBP:00007BD8 ESP:00007BC2 DS:F600 ES:1688 FS:0000 GS:0000 SS:3E00 CF:0 ZF:0 SF:0 OF:0 AF:0 PF:1 IF:1
165E:000001BB  cmp  bx,0B19                                           EAX:00000000 EBX:0000088C ECX:00007FEA EDX:00000000 ESI:00000080 EDI:0000211E EBP:00007BD8 ESP:00007BC2 DS:F600 ES:1688 FS:0000 GS:0000 SS:3E00 CF:0 ZF:0 SF:0 OF:0 AF:0 PF:0 IF:1
165E:000001BF  jc   000001B5 ($-c)             (up)                   EAX:00000000 EBX:0000088C ECX:00007FEA EDX:00000000 ESI:00000080 EDI:0000211E EBP:00007BD8 ESP:00007BC2 DS:F600 ES:1688 FS:0000 GS:0000 SS:3E00 CF:1 ZF:0 SF:1 OF:0 AF:0 PF:0 IF:1
165E:000001B5  lodsw                                                  EAX:00000000 EBX:0000088C ECX:00007FEA EDX:00000000 ESI:00000080 EDI:0000211E EBP:00007BD8 ESP:00007BC2 DS:F600 ES:1688 FS:0000 GS:0000 SS:3E00 CF:1 ZF:0 SF:1 OF:0 AF:0 PF:0 IF:1
165E:000001B6  xor  es:[bx],ax                 es:[088C]=4099         EAX:00000000 EBX:0000088C ECX:00007FEA EDX:00000000 ESI:00000082 EDI:0000211E EBP:00007BD8 ESP:00007BC2 DS:F600 ES:1688 FS:0000 GS:0000 SS:3E00 CF:1 ZF:0 SF:1 OF:0 AF:0 PF:0 IF:1
165E:000001B9  inc  bx                                                EAX:00000000 EBX:0000088C ECX:00007FEA EDX:00000000 ESI:00000082 EDI:0000211E EBP:00007BD8 ESP:00007BC2 DS:F600 ES:1688 FS:0000 GS:0000 SS:3E00 CF:0 ZF:0 SF:0 OF:0 AF:0 PF:1 IF:1
165E:000001BA  inc  bx                                                EAX:00000000 EBX:0000088D ECX:00007FEA EDX:00000000 ESI:00000082 EDI:0000211E EBP:00007BD8 ESP:00007BC2 DS:F600 ES:1688 FS:0000 GS:0000 SS:3E00 CF:0 ZF:0 SF:0 OF:0 AF:0 PF:1 IF:1
165E:000001BB  cmp  bx,0B19                                           EAX:00000000 EBX:0000088E ECX:00007FEA EDX:00000000 ESI:00000082 EDI:0000211E EBP:00007BD8 ESP:00007BC2 DS:F600 ES:1688 FS:0000 GS:0000 SS:3E00 CF:0 ZF:0 SF:0 OF:0 AF:0 PF:1 IF:1
165E:000001BF  jc   000001B5 ($-c)             (up)                   EAX:00000000 EBX:0000088E ECX:00007FEA EDX:00000000 ESI:00000082 EDI:0000211E EBP:00007BD8 ESP:00007BC2 DS:F600 ES:1688 FS:0000 GS:0000 SS:3E00 CF:1 ZF:0 SF:1 OF:0 AF:0 PF:0 IF:1
165E:000001B5  lodsw                                                  EAX:00000000 EBX:0000088E ECX:00007FEA EDX:00000000 ESI:00000082 EDI:0000211E EBP:00007BD8 ESP:00007BC2 DS:F600 ES:1688 FS:0000 GS:0000 SS:3E00 CF:1 ZF:0 SF:1 OF:0 AF:0 PF:0 IF:1
165E:000001B6  xor  es:[bx],ax                 es:[088E]=F2ED         EAX:00000000 EBX:0000088E ECX:00007FEA EDX:00000000 ESI:00000084 EDI:0000211E EBP:00007BD8 ESP:00007BC2 DS:F600 ES:1688 FS:0000 GS:0000 SS:3E00 CF:1 ZF:0 SF:1 OF:0 AF:0 PF:0 IF:1
165E:000001B9  inc  bx                                                EAX:00000000 EBX:0000088E ECX:00007FEA EDX:00000000 ESI:00000084 EDI:0000211E EBP:00007BD8 ESP:00007BC2 DS:F600 ES:1688 FS:0000 GS:0000 SS:3E00 CF:0 ZF:0 SF:1 OF:0 AF:0 PF:1 IF:1
165E:000001BA  inc  bx                                                EAX:00000000 EBX:0000088F ECX:00007FEA EDX:00000000 ESI:00000084 EDI:0000211E EBP:00007BD8 ESP:00007BC2 DS:F600 ES:1688 FS:0000 GS:0000 SS:3E00 CF:0 ZF:0 SF:0 OF:0 AF:0 PF:0 IF:1
165E:000001BB  cmp  bx,0B19                                           EAX:00000000 EBX:00000890 ECX:00007FEA EDX:00000000 ESI:00000084 EDI:0000211E EBP:00007BD8 ESP:00007BC2 DS:F600 ES:1688 FS:0000 GS:0000 SS:3E00 CF:0 ZF:0 SF:0 OF:0 AF:1 PF:1 IF:1
165E:000001BF  jc   000001B5 ($-c)             (up)                   EAX:00000000 EBX:00000890 ECX:00007FEA EDX:00000000 ESI:00000084 EDI:0000211E EBP:00007BD8 ESP:00007BC2 DS:F600 ES:1688 FS:0000 GS:0000 SS:3E00 CF:1 ZF:0 SF:1 OF:0 AF:1 PF:1 IF:1
165E:000001B5  lodsw                                                  EAX:00000000 EBX:00000890 ECX:00007FEA EDX:00000000 ESI:00000084 EDI:0000211E EBP:00007BD8 ESP:00007BC2 DS:F600 ES:1688 FS:0000 GS:0000 SS:3E00 CF:1 ZF:0 SF:1 OF:0 AF:1 PF:1 IF:1
165E:000001B6  xor  es:[bx],ax                 es:[0890]=8DE4         EAX:00000000 EBX:00000890 ECX:00007FEA EDX:00000000 ESI:00000086 EDI:0000211E EBP:00007BD8 ESP:00007BC2 DS:F600 ES:1688 FS:0000 GS:0000 SS:3E00 CF:1 ZF:0 SF:1 OF:0 AF:1 PF:1 IF:1
165E:000001B9  inc  bx                                                EAX:00000000 EBX:00000890 ECX:00007FEA EDX:00000000 ESI:00000086 EDI:0000211E EBP:00007BD8 ESP:00007BC2 DS:F600 ES:1688 FS:0000 GS:0000 SS:3E00 CF:0 ZF:0 SF:1 OF:0 AF:0 PF:1 IF:1
165E:000001BA  inc  bx                                                EAX:00000000 EBX:00000891 ECX:00007FEA EDX:00000000 ESI:00000086 EDI:0000211E EBP:00007BD8 ESP:00007BC2 DS:F600 ES:1688 FS:0000 GS:0000 SS:3E00 CF:0 ZF:0 SF:0 OF:0 AF:0 PF:0 IF:1
165E:000001BB  cmp  bx,0B19                                           EAX:00000000 EBX:00000892 ECX:00007FEA EDX:00000000 ESI:00000086 EDI:0000211E EBP:00007BD8 ESP:00007BC2 DS:F600 ES:1688 FS:0000 GS:0000 SS:3E00 CF:0 ZF:0 SF:0 OF:0 AF:0 PF:0 IF:1
165E:000001BF  jc   000001B5 ($-c)             (up)                   EAX:00000000 EBX:00000892 ECX:00007FEA EDX:00000000 ESI:00000086 EDI:0000211E EBP:00007BD8 ESP:00007BC2 DS:F600 ES:1688 FS:0000 GS:0000 SS:3E00 CF:1 ZF:0 SF:1 OF:0 AF:1 PF:0 IF:1
165E:000001B5  lodsw                                                  EAX:00000000 EBX:00000892 ECX:00007FEA EDX:00000000 ESI:00000086 EDI:0000211E EBP:00007BD8 ESP:00007BC2 DS:F600 ES:1688 FS:0000 GS:0000 SS:3E00 CF:1 ZF:0 SF:1 OF:0 AF:1 PF:0 IF:1
165E:000001B6  xor  es:[bx],ax                 es:[0892]=3179         EAX:00000000 EBX:00000892 ECX:00007FEA EDX:00000000 ESI:00000088 EDI:0000211E EBP:00007BD8 ESP:00007BC2 DS:F600 ES:1688 FS:0000 GS:0000 SS:3E00 CF:1 ZF:0 SF:1 OF:0 AF:1 PF:0 IF:1
165E:000001B9  inc  bx                                                EAX:00000000 EBX:00000892 ECX:00007FEA EDX:00000000 ESI:00000088 EDI:0000211E EBP:00007BD8 ESP:00007BC2 DS:F600 ES:1688 FS:0000 GS:0000 SS:3E00 CF:0 ZF:0 SF:0 OF:0 AF:0 PF:0 IF:1
165E:000001BA  inc  bx                                                EAX:00000000 EBX:00000893 ECX:00007FEA EDX:00000000 ESI:00000088 EDI:0000211E EBP:00007BD8 ESP:00007BC2 DS:F600 ES:1688 FS:0000 GS:0000 SS:3E00 CF:0 ZF:0 SF:0 OF:0 AF:0 PF:1 IF:1
165E:000001BB  cmp  bx,0B19                                           EAX:00000000 EBX:00000894 ECX:00007FEA EDX:00000000 ESI:00000088 EDI:0000211E EBP:00007BD8 ESP:00007BC2 DS:F600 ES:1688 FS:0000 GS:0000 SS:3E00 CF:0 ZF:0 SF:0 OF:0 AF:0 PF:0 IF:1
165E:000001BF  jc   000001B5 ($-c)             (up)                   EAX:00000000 EBX:00000894 ECX:00007FEA EDX:00000000 ESI:00000088 EDI:0000211E EBP:00007BD8 ESP:00007BC2 DS:F600 ES:1688 FS:0000 GS:0000 SS:3E00 CF:1 ZF:0 SF:1 OF:0 AF:1 PF:1 IF:1
165E:000001B5  lodsw                                                  EAX:00000000 EBX:00000894 ECX:00007FEA EDX:00000000 ESI:00000088 EDI:0000211E EBP:00007BD8 ESP:00007BC2 DS:F600 ES:1688 FS:0000 GS:0000 SS:3E00 CF:1 ZF:0 SF:1 OF:0 AF:1 PF:1 IF:1
165E:000001B6  xor  es:[bx],ax                 es:[0894]=503E         EAX:00000000 EBX:00000894 ECX:00007FEA EDX:00000000 ESI:0000008A EDI:0000211E EBP:00007BD8 ESP:00007BC2 DS:F600 ES:1688 FS:0000 GS:0000 SS:3E00 CF:1 ZF:0 SF:1 OF:0 AF:1 PF:1 IF:1
165E:000001B9  inc  bx                                                EAX:00000000 EBX:00000894 ECX:00007FEA EDX:00000000 ESI:0000008A EDI:0000211E EBP:00007BD8 ESP:00007BC2 DS:F600 ES:1688 FS:0000 GS:0000 SS:3E00 CF:0 ZF:0 SF:0 OF:0 AF:0 PF:0 IF:1
165E:000001BA  inc  bx                                                EAX:00000000 EBX:00000895 ECX:00007FEA EDX:00000000 ESI:0000008A EDI:0000211E EBP:00007BD8 ESP:00007BC2 DS:F600 ES:1688 FS:0000 GS:0000 SS:3E00 CF:0 ZF:0 SF:0 OF:0 AF:0 PF:1 IF:1
165E:000001BB  cmp  bx,0B19                                           EAX:00000000 EBX:00000896 ECX:00007FEA EDX:00000000 ESI:0000008A EDI:0000211E EBP:00007BD8 ESP:00007BC2 DS:F600 ES:1688 FS:0000 GS:0000 SS:3E00 CF:0 ZF:0 SF:0 OF:0 AF:0 PF:1 IF:1
165E:000001BF  jc   000001B5 ($-c)             (up)                   EAX:00000000 EBX:00000896 ECX:00007FEA EDX:00000000 ESI:0000008A EDI:0000211E EBP:00007BD8 ESP:00007BC2 DS:F600 ES:1688 FS:0000 GS:0000 SS:3E00 CF:1 ZF:0 SF:1 OF:0 AF:1 PF:1 IF:1
165E:000001B5  lodsw                                                  EAX:00000000 EBX:00000896 ECX:00007FEA EDX:00000000 ESI:0000008A EDI:0000211E EBP:00007BD8 ESP:00007BC2 DS:F600 ES:1688 FS:0000 GS:0000 SS:3E00 CF:1 ZF:0 SF:1 OF:0 AF:1 PF:1 IF:1
165E:000001B6  xor  es:[bx],ax                 es:[0896]=C366         EAX:00000000 EBX:00000896 ECX:00007FEA EDX:00000000 ESI:0000008C EDI:0000211E EBP:00007BD8 ESP:00007BC2 DS:F600 ES:1688 FS:0000 GS:0000 SS:3E00 CF:1 ZF:0 SF:1 OF:0 AF:1 PF:1 IF:1
165E:000001B9  inc  bx                                                EAX:00000000 EBX:00000896 ECX:00007FEA EDX:00000000 ESI:0000008C EDI:0000211E EBP:00007BD8 ESP:00007BC2 DS:F600 ES:1688 FS:0000 GS:0000 SS:3E00 CF:0 ZF:0 SF:1 OF:0 AF:0 PF:1 IF:1
165E:000001BA  inc  bx                                                EAX:00000000 EBX:00000897 ECX:00007FEA EDX:00000000 ESI:0000008C EDI:0000211E EBP:00007BD8 ESP:00007BC2 DS:F600 ES:1688 FS:0000 GS:0000 SS:3E00 CF:0 ZF:0 SF:0 OF:0 AF:0 PF:0 IF:1
165E:000001BB  cmp  bx,0B19                                           EAX:00000000 EBX:00000898 ECX:00007FEA EDX:00000000 ESI:0000008C EDI:0000211E EBP:00007BD8 ESP:00007BC2 DS:F600 ES:1688 FS:0000 GS:0000 SS:3E00 CF:0 ZF:0 SF:0 OF:0 AF:0 PF:0 IF:1
165E:000001BF  jc   000001B5 ($-c)             (up)                   EAX:00000000 EBX:00000898 ECX:00007FEA EDX:00000000 ESI:0000008C EDI:0000211E EBP:00007BD8 ESP:00007BC2 DS:F600 ES:1688 FS:0000 GS:0000 SS:3E00 CF:1 ZF:0 SF:1 OF:0 AF:1 PF:0 IF:1
165E:000001B5  lodsw                                                  EAX:00000000 EBX:00000898 ECX:00007FEA EDX:00000000 ESI:0000008C EDI:0000211E EBP:00007BD8 ESP:00007BC2 DS:F600 ES:1688 FS:0000 GS:0000 SS:3E00 CF:1 ZF:0 SF:1 OF:0 AF:1 PF:0 IF:1
165E:000001B6  xor  es:[bx],ax                 es:[0898]=2873         EAX:00000000 EBX:00000898 ECX:00007FEA EDX:00000000 ESI:0000008E EDI:0000211E EBP:00007BD8 ESP:00007BC2 DS:F600 ES:1688 FS:0000 GS:0000 SS:3E00 CF:1 ZF:0 SF:1 OF:0 AF:1 PF:0 IF:1
165E:000001B9  inc  bx                                                EAX:00000000 EBX:00000898 ECX:00007FEA EDX:00000000 ESI:0000008E EDI:0000211E EBP:00007BD8 ESP:00007BC2 DS:F600 ES:1688 FS:0000 GS:0000 SS:3E00 CF:0 ZF:0 SF:0 OF:0 AF:0 PF:0 IF:1
165E:000001BA  inc  bx                                                EAX:00000000 EBX:00000899 ECX:00007FEA EDX:00000000 ESI:0000008E EDI:0000211E EBP:00007BD8 ESP:00007BC2 DS:F600 ES:1688 FS:0000 GS:0000 SS:3E00 CF:0 ZF:0 SF:0 OF:0 AF:0 PF:1 IF:1
165E:000001BB  cmp  bx,0B19                                           EAX:00000000 EBX:0000089A ECX:00007FEA EDX:00000000 ESI:0000008E EDI:0000211E EBP:00007BD8 ESP:00007BC2 DS:F600 ES:1688 FS:0000 GS:0000 SS:3E00 CF:0 ZF:0 SF:0 OF:0 AF:0 PF:1 IF:1
165E:000001BF  jc   000001B5 ($-c)             (up)                   EAX:00000000 EBX:0000089A ECX:00007FEA EDX:00000000 ESI:0000008E EDI:0000211E EBP:00007BD8 ESP:00007BC2 DS:F600 ES:1688 FS:0000 GS:0000 SS:3E00 CF:1 ZF:0 SF:1 OF:0 AF:0 PF:1 IF:1
165E:000001B5  lodsw                                                  EAX:00000000 EBX:0000089A ECX:00007FEA EDX:00000000 ESI:0000008E EDI:0000211E EBP:00007BD8 ESP:00007BC2 DS:F600 ES:1688 FS:0000 GS:0000 SS:3E00 CF:1 ZF:0 SF:1 OF:0 AF:0 PF:1 IF:1
165E:000001B6  xor  es:[bx],ax                 es:[089A]=3D80         EAX:00000000 EBX:0000089A ECX:00007FEA EDX:00000000 ESI:00000090 EDI:0000211E EBP:00007BD8 ESP:00007BC2 DS:F600 ES:1688 FS:0000 GS:0000 SS:3E00 CF:1 ZF:0 SF:1 OF:0 AF:0 PF:1 IF:1
165E:000001B9  inc  bx                                                EAX:00000000 EBX:0000089A ECX:00007FEA EDX:00000000 ESI:00000090 EDI:0000211E EBP:00007BD8 ESP:00007BC2 DS:F600 ES:1688 FS:0000 GS:0000 SS:3E00 CF:0 ZF:0 SF:0 OF:0 AF:0 PF:0 IF:1
165E:000001BA  inc  bx                                                EAX:00000000 EBX:0000089B ECX:00007FEA EDX:00000000 ESI:00000090 EDI:0000211E EBP:00007BD8 ESP:00007BC2 DS:F600 ES:1688 FS:0000 GS:0000 SS:3E00 CF:0 ZF:0 SF:0 OF:0 AF:0 PF:0 IF:1
165E:000001BB  cmp  bx,0B19                                           EAX:00000000 EBX:0000089C ECX:00007FEA EDX:00000000 ESI:00000090 EDI:0000211E EBP:00007BD8 ESP:00007BC2 DS:F600 ES:1688 FS:0000 GS:0000 SS:3E00 CF:0 ZF:0 SF:0 OF:0 AF:0 PF:1 IF:1
165E:000001BF  jc   000001B5 ($-c)             (up)                   EAX:00000000 EBX:0000089C ECX:00007FEA EDX:00000000 ESI:00000090 EDI:0000211E EBP:00007BD8 ESP:00007BC2 DS:F600 ES:1688 FS:0000 GS:0000 SS:3E00 CF:1 ZF:0 SF:1 OF:0 AF:0 PF:0 IF:1
165E:000001B5  lodsw                                                  EAX:00000000 EBX:0000089C ECX:00007FEA EDX:00000000 ESI:00000090 EDI:0000211E EBP:00007BD8 ESP:00007BC2 DS:F600 ES:1688 FS:0000 GS:0000 SS:3E00 CF:1 ZF:0 SF:1 OF:0 AF:0 PF:0 IF:1
165E:000001B6  xor  es:[bx],ax                 es:[089C]=DD04         EAX:00000000 EBX:0000089C ECX:00007FEA EDX:00000000 ESI:00000092 EDI:0000211E EBP:00007BD8 ESP:00007BC2 DS:F600 ES:1688 FS:0000 GS:0000 SS:3E00 CF:1 ZF:0 SF:1 OF:0 AF:0 PF:0 IF:1
165E:000001B9  inc  bx                                                EAX:00000000 EBX:0000089C ECX:00007FEA EDX:00000000 ESI:00000092 EDI:0000211E EBP:00007BD8 ESP:00007BC2 DS:F600 ES:1688 FS:0000 GS:0000 SS:3E00 CF:0 ZF:0 SF:1 OF:0 AF:0 PF:0 IF:1
165E:000001BA  inc  bx                                                EAX:00000000 EBX:0000089D ECX:00007FEA EDX:00000000 ESI:00000092 EDI:0000211E EBP:00007BD8 ESP:00007BC2 DS:F600 ES:1688 FS:0000 GS:0000 SS:3E00 CF:0 ZF:0 SF:0 OF:0 AF:0 PF:0 IF:1
165E:000001BB  cmp  bx,0B19                                           EAX:00000000 EBX:0000089E ECX:00007FEA EDX:00000000 ESI:00000092 EDI:0000211E EBP:00007BD8 ESP:00007BC2 DS:F600 ES:1688 FS:0000 GS:0000 SS:3E00 CF:0 ZF:0 SF:0 OF:0 AF:0 PF:0 IF:1
165E:000001BF  jc   000001B5 ($-c)             (up)                   EAX:00000000 EBX:0000089E ECX:00007FEA EDX:00000000 ESI:00000092 EDI:0000211E EBP:00007BD8 ESP:00007BC2 DS:F600 ES:1688 FS:0000 GS:0000 SS:3E00 CF:1 ZF:0 SF:1 OF:0 AF:0 PF:0 IF:1
165E:000001B5  lodsw                                                  EAX:00000000 EBX:0000089E ECX:00007FEA EDX:00000000 ESI:00000092 EDI:0000211E EBP:00007BD8 ESP:00007BC2 DS:F600 ES:1688 FS:0000 GS:0000 SS:3E00 CF:1 ZF:0 SF:1 OF:0 AF:0 PF:0 IF:1
165E:000001B6  xor  es:[bx],ax                 es:[089E]=143A         EAX:00000000 EBX:0000089E ECX:00007FEA EDX:00000000 ESI:00000094 EDI:0000211E EBP:00007BD8 ESP:00007BC2 DS:F600 ES:1688 FS:0000 GS:0000 SS:3E00 CF:1 ZF:0 SF:1 OF:0 AF:0 PF:0 IF:1
165E:000001B9  inc  bx                                                EAX:00000000 EBX:0000089E ECX:00007FEA EDX:00000000 ESI:00000094 EDI:0000211E EBP:00007BD8 ESP:00007BC2 DS:F600 ES:1688 FS:0000 GS:0000 SS:3E00 CF:0 ZF:0 SF:0 OF:0 AF:0 PF:1 IF:1
165E:000001BA  inc  bx                                                EAX:00000000 EBX:0000089F ECX:00007FEA EDX:00000000 ESI:00000094 EDI:0000211E EBP:00007BD8 ESP:00007BC2 DS:F600 ES:1688 FS:0000 GS:0000 SS:3E00 CF:0 ZF:0 SF:0 OF:0 AF:0 PF:1 IF:1
165E:000001BB  cmp  bx,0B19                                           EAX:00000000 EBX:000008A0 ECX:00007FEA EDX:00000000 ESI:00000094 EDI:0000211E EBP:00007BD8 ESP:00007BC2 DS:F600 ES:1688 FS:0000 GS:0000 SS:3E00 CF:0 ZF:0 SF:0 OF:0 AF:1 PF:1 IF:1
165E:000001BF  jc   000001B5 ($-c)             (up)                   EAX:00000000 EBX:000008A0 ECX:00007FEA EDX:00000000 ESI:00000094 EDI:0000211E EBP:00007BD8 ESP:00007BC2 DS:F600 ES:1688 FS:0000 GS:0000 SS:3E00 CF:1 ZF:0 SF:1 OF:0 AF:1 PF:1 IF:1
165E:000001B5  lodsw                                                  EAX:00000000 EBX:000008A0 ECX:00007FEA EDX:00000000 ESI:00000094 EDI:0000211E EBP:00007BD8 ESP:00007BC2 DS:F600 ES:1688 FS:0000 GS:0000 SS:3E00 CF:1 ZF:0 SF:1 OF:0 AF:1 PF:1 IF:1
165E:000001B6  xor  es:[bx],ax                 es:[08A0]=6359         EAX:00000000 EBX:000008A0 ECX:00007FEA EDX:00000000 ESI:00000096 EDI:0000211E EBP:00007BD8 ESP:00007BC2 DS:F600 ES:1688 FS:0000 GS:0000 SS:3E00 CF:1 ZF:0 SF:1 OF:0 AF:1 PF:1 IF:1
165E:000001B9  inc  bx                                                EAX:00000000 EBX:000008A0 ECX:00007FEA EDX:00000000 ESI:00000096 EDI:0000211E EBP:00007BD8 ESP:00007BC2 DS:F600 ES:1688 FS:0000 GS:0000 SS:3E00 CF:0 ZF:0 SF:0 OF:0 AF:0 PF:1 IF:1
165E:000001BA  inc  bx                                                EAX:00000000 EBX:000008A1 ECX:00007FEA EDX:00000000 ESI:00000096 EDI:0000211E EBP:00007BD8 ESP:00007BC2 DS:F600 ES:1688 FS:0000 GS:0000 SS:3E00 CF:0 ZF:0 SF:0 OF:0 AF:0 PF:0 IF:1
165E:000001BB  cmp  bx,0B19                                           EAX:00000000 EBX:000008A2 ECX:00007FEA EDX:00000000 ESI:00000096 EDI:0000211E EBP:00007BD8 ESP:00007BC2 DS:F600 ES:1688 FS:0000 GS:0000 SS:3E00 CF:0 ZF:0 SF:0 OF:0 AF:0 PF:0 IF:1
165E:000001BF  jc   000001B5 ($-c)             (up)                   EAX:00000000 EBX:000008A2 ECX:00007FEA EDX:00000000 ESI:00000096 EDI:0000211E EBP:00007BD8 ESP:00007BC2 DS:F600 ES:1688 FS:0000 GS:0000 SS:3E00 CF:1 ZF:0 SF:1 OF:0 AF:1 PF:0 IF:1
165E:000001B5  lodsw                                                  EAX:00000000 EBX:000008A2 ECX:00007FEA EDX:00000000 ESI:00000096 EDI:0000211E EBP:00007BD8 ESP:00007BC2 DS:F600 ES:1688 FS:0000 GS:0000 SS:3E00 CF:1 ZF:0 SF:1 OF:0 AF:1 PF:0 IF:1
165E:000001B6  xor  es:[bx],ax                 es:[08A2]=F3AF         EAX:00000000 EBX:000008A2 ECX:00007FEA EDX:00000000 ESI:00000098 EDI:0000211E EBP:00007BD8 ESP:00007BC2 DS:F600 ES:1688 FS:0000 GS:0000 SS:3E00 CF:1 ZF:0 SF:1 OF:0 AF:1 PF:0 IF:1
165E:000001B9  inc  bx                                                EAX:00000000 EBX:000008A2 ECX:00007FEA EDX:00000000 ESI:00000098 EDI:0000211E EBP:00007BD8 ESP:00007BC2 DS:F600 ES:1688 FS:0000 GS:0000 SS:3E00 CF:0 ZF:0 SF:1 OF:0 AF:0 PF:1 IF:1
165E:000001BA  inc  bx                                                EAX:00000000 EBX:000008A3 ECX:00007FEA EDX:00000000 ESI:00000098 EDI:0000211E EBP:00007BD8 ESP:00007BC2 DS:F600 ES:1688 FS:0000 GS:0000 SS:3E00 CF:0 ZF:0 SF:0 OF:0 AF:0 PF:1 IF:1
165E:000001BB  cmp  bx,0B19                                           EAX:00000000 EBX:000008A4 ECX:00007FEA EDX:00000000 ESI:00000098 EDI:0000211E EBP:00007BD8 ESP:00007BC2 DS:F600 ES:1688 FS:0000 GS:0000 SS:3E00 CF:0 ZF:0 SF:0 OF:0 AF:0 PF:0 IF:1
165E:000001BF  jc   000001B5 ($-c)             (up)                   EAX:00000000 EBX:000008A4 ECX:00007FEA EDX:00000000 ESI:00000098 EDI:0000211E EBP:00007BD8 ESP:00007BC2 DS:F600 ES:1688 FS:0000 GS:0000 SS:3E00 CF:1 ZF:0 SF:1 OF:0 AF:1 PF:1 IF:1
165E:000001B5  lodsw                                                  EAX:00000000 EBX:000008A4 ECX:00007FEA EDX:00000000 ESI:00000098 EDI:0000211E EBP:00007BD8 ESP:00007BC2 DS:F600 ES:1688 FS:0000 GS:0000 SS:3E00 CF:1 ZF:0 SF:1 OF:0 AF:1 PF:1 IF:1
165E:000001B6  xor  es:[bx],ax                 es:[08A4]=93AB         EAX:00000000 EBX:000008A4 ECX:00007FEA EDX:00000000 ESI:0000009A EDI:0000211E EBP:00007BD8 ESP:00007BC2 DS:F600 ES:1688 FS:0000 GS:0000 SS:3E00 CF:1 ZF:0 SF:1 OF:0 AF:1 PF:1 IF:1
165E:000001B9  inc  bx                                                EAX:00000000 EBX:000008A4 ECX:00007FEA EDX:00000000 ESI:0000009A EDI:0000211E EBP:00007BD8 ESP:00007BC2 DS:F600 ES:1688 FS:0000 GS:0000 SS:3E00 CF:0 ZF:0 SF:1 OF:0 AF:0 PF:0 IF:1
165E:000001BA  inc  bx                                                EAX:00000000 EBX:000008A5 ECX:00007FEA EDX:00000000 ESI:0000009A EDI:0000211E EBP:00007BD8 ESP:00007BC2 DS:F600 ES:1688 FS:0000 GS:0000 SS:3E00 CF:0 ZF:0 SF:0 OF:0 AF:0 PF:1 IF:1
165E:000001BB  cmp  bx,0B19                                           EAX:00000000 EBX:000008A6 ECX:00007FEA EDX:00000000 ESI:0000009A EDI:0000211E EBP:00007BD8 ESP:00007BC2 DS:F600 ES:1688 FS:0000 GS:0000 SS:3E00 CF:0 ZF:0 SF:0 OF:0 AF:0 PF:1 IF:1
165E:000001BF  jc   000001B5 ($-c)             (up)                   EAX:00000000 EBX:000008A6 ECX:00007FEA EDX:00000000 ESI:0000009A EDI:0000211E EBP:00007BD8 ESP:00007BC2 DS:F600 ES:1688 FS:0000 GS:0000 SS:3E00 CF:1 ZF:0 SF:1 OF:0 AF:1 PF:1 IF:1
165E:000001B5  lodsw                                                  EAX:00000000 EBX:000008A6 ECX:00007FEA EDX:00000000 ESI:0000009A EDI:0000211E EBP:00007BD8 ESP:00007BC2 DS:F600 ES:1688 FS:0000 GS:0000 SS:3E00 CF:1 ZF:0 SF:1 OF:0 AF:1 PF:1 IF:1
165E:000001B6  xor  es:[bx],ax                 es:[08A6]=5ACA         EAX:00000000 EBX:000008A6 ECX:00007FEA EDX:00000000 ESI:0000009C EDI:0000211E EBP:00007BD8 ESP:00007BC2 DS:F600 ES:1688 FS:0000 GS:0000 SS:3E00 CF:1 ZF:0 SF:1 OF:0 AF:1 PF:1 IF:1
165E:000001B9  inc  bx                                                EAX:00000000 EBX:000008A6 ECX:00007FEA EDX:00000000 ESI:0000009C EDI:0000211E EBP:00007BD8 ESP:00007BC2 DS:F600 ES:1688 FS:0000 GS:0000 SS:3E00 CF:0 ZF:0 SF:0 OF:0 AF:0 PF:1 IF:1
165E:000001BA  inc  bx                                                EAX:00000000 EBX:000008A7 ECX:00007FEA EDX:00000000 ESI:0000009C EDI:0000211E EBP:00007BD8 ESP:00007BC2 DS:F600 ES:1688 FS:0000 GS:0000 SS:3E00 CF:0 ZF:0 SF:0 OF:0 AF:0 PF:0 IF:1
165E:000001BB  cmp  bx,0B19                                           EAX:00000000 EBX:000008A8 ECX:00007FEA EDX:00000000 ESI:0000009C EDI:0000211E EBP:00007BD8 ESP:00007BC2 DS:F600 ES:1688 FS:0000 GS:0000 SS:3E00 CF:0 ZF:0 SF:0 OF:0 AF:0 PF:0 IF:1
165E:000001BF  jc   000001B5 ($-c)             (up)                   EAX:00000000 EBX:000008A8 ECX:00007FEA EDX:00000000 ESI:0000009C EDI:0000211E EBP:00007BD8 ESP:00007BC2 DS:F600 ES:1688 FS:0000 GS:0000 SS:3E00 CF:1 ZF:0 SF:1 OF:0 AF:1 PF:0 IF:1
165E:000001B5  lodsw                                                  EAX:00000000 EBX:000008A8 ECX:00007FEA EDX:00000000 ESI:0000009C EDI:0000211E EBP:00007BD8 ESP:00007BC2 DS:F600 ES:1688 FS:0000 GS:0000 SS:3E00 CF:1 ZF:0 SF:1 OF:0 AF:1 PF:0 IF:1
165E:000001B6  xor  es:[bx],ax                 es:[08A8]=4CD9         EAX:00000000 EBX:000008A8 ECX:00007FEA EDX:00000000 ESI:0000009E EDI:0000211E EBP:00007BD8 ESP:00007BC2 DS:F600 ES:1688 FS:0000 GS:0000 SS:3E00 CF:1 ZF:0 SF:1 OF:0 AF:1 PF:0 IF:1
165E:000001B9  inc  bx                                                EAX:00000000 EBX:000008A8 ECX:00007FEA EDX:00000000 ESI:0000009E EDI:0000211E EBP:00007BD8 ESP:00007BC2 DS:F600 ES:1688 FS:0000 GS:0000 SS:3E00 CF:0 ZF:0 SF:0 OF:0 AF:0 PF:0 IF:1
165E:000001BA  inc  bx                                                EAX:00000000 EBX:000008A9 ECX:00007FEA EDX:00000000 ESI:0000009E EDI:0000211E EBP:00007BD8 ESP:00007BC2 DS:F600 ES:1688 FS:0000 GS:0000 SS:3E00 CF:0 ZF:0 SF:0 OF:0 AF:0 PF:1 IF:1
165E:000001BB  cmp  bx,0B19                                           EAX:00000000 EBX:000008AA ECX:00007FEA EDX:00000000 ESI:0000009E EDI:0000211E EBP:00007BD8 ESP:00007BC2 DS:F600 ES:1688 FS:0000 GS:0000 SS:3E00 CF:0 ZF:0 SF:0 OF:0 AF:0 PF:1 IF:1
165E:000001BF  jc   000001B5 ($-c)             (up)                   EAX:00000000 EBX:000008AA ECX:00007FEA EDX:00000000 ESI:0000009E EDI:0000211E EBP:00007BD8 ESP:00007BC2 DS:F600 ES:1688 FS:0000 GS:0000 SS:3E00 CF:1 ZF:0 SF:1 OF:0 AF:0 PF:0 IF:1
165E:000001B5  lodsw                                                  EAX:00000000 EBX:000008AA ECX:00007FEA EDX:00000000 ESI:0000009E EDI:0000211E EBP:00007BD8 ESP:00007BC2 DS:F600 ES:1688 FS:0000 GS:0000 SS:3E00 CF:1 ZF:0 SF:1 OF:0 AF:0 PF:0 IF:1
165E:000001B6  xor  es:[bx],ax                 es:[08AA]=0DB8         EAX:00000000 EBX:000008AA ECX:00007FEA EDX:00000000 ESI:000000A0 EDI:0000211E EBP:00007BD8 ESP:00007BC2 DS:F600 ES:1688 FS:0000 GS:0000 SS:3E00 CF:1 ZF:0 SF:1 OF:0 AF:0 PF:0 IF:1
165E:000001B9  inc  bx                                                EAX:00000000 EBX:000008AA ECX:00007FEA EDX:00000000 ESI:000000A0 EDI:0000211E EBP:00007BD8 ESP:00007BC2 DS:F600 ES:1688 FS:0000 GS:0000 SS:3E00 CF:0 ZF:0 SF:0 OF:0 AF:0 PF:1 IF:1
165E:000001BA  inc  bx                                                EAX:00000000 EBX:000008AB ECX:00007FEA EDX:00000000 ESI:000000A0 EDI:0000211E EBP:00007BD8 ESP:00007BC2 DS:F600 ES:1688 FS:0000 GS:0000 SS:3E00 CF:0 ZF:0 SF:0 OF:0 AF:0 PF:0 IF:1
165E:000001BB  cmp  bx,0B19                                           EAX:00000000 EBX:000008AC ECX:00007FEA EDX:00000000 ESI:000000A0 EDI:0000211E EBP:00007BD8 ESP:00007BC2 DS:F600 ES:1688 FS:0000 GS:0000 SS:3E00 CF:0 ZF:0 SF:0 OF:0 AF:0 PF:1 IF:1
165E:000001BF  jc   000001B5 ($-c)             (up)                   EAX:00000000 EBX:000008AC ECX:00007FEA EDX:00000000 ESI:000000A0 EDI:0000211E EBP:00007BD8 ESP:00007BC2 DS:F600 ES:1688 FS:0000 GS:0000 SS:3E00 CF:1 ZF:0 SF:1 OF:0 AF:0 PF:1 IF:1
165E:000001B5  lodsw                                                  EAX:00000000 EBX:000008AC ECX:00007FEA EDX:00000000 ESI:000000A0 EDI:0000211E EBP:00007BD8 ESP:00007BC2 DS:F600 ES:1688 FS:0000 GS:0000 SS:3E00 CF:1 ZF:0 SF:1 OF:0 AF:0 PF:1 IF:1
165E:000001B6  xor  es:[bx],ax                 es:[08AC]=19CA         EAX:00000000 EBX:000008AC ECX:00007FEA EDX:00000000 ESI:000000A2 EDI:0000211E EBP:00007BD8 ESP:00007BC2 DS:F600 ES:1688 FS:0000 GS:0000 SS:3E00 CF:1 ZF:0 SF:1 OF:0 AF:0 PF:1 IF:1
165E:000001B9  inc  bx                                                EAX:00000000 EBX:000008AC ECX:00007FEA EDX:00000000 ESI:000000A2 EDI:0000211E EBP:00007BD8 ESP:00007BC2 DS:F600 ES:1688 FS:0000 GS:0000 SS:3E00 CF:0 ZF:0 SF:0 OF:0 AF:0 PF:1 IF:1
165E:000001BA  inc  bx                                                EAX:00000000 EBX:000008AD ECX:00007FEA EDX:00000000 ESI:000000A2 EDI:0000211E EBP:00007BD8 ESP:00007BC2 DS:F600 ES:1688 FS:0000 GS:0000 SS:3E00 CF:0 ZF:0 SF:0 OF:0 AF:0 PF:0 IF:1
165E:000001BB  cmp  bx,0B19                                           EAX:00000000 EBX:000008AE ECX:00007FEA EDX:00000000 ESI:000000A2 EDI:0000211E EBP:00007BD8 ESP:00007BC2 DS:F600 ES:1688 FS:0000 GS:0000 SS:3E00 CF:0 ZF:0 SF:0 OF:0 AF:0 PF:0 IF:1
165E:000001BF  jc   000001B5 ($-c)             (up)                   EAX:00000000 EBX:000008AE ECX:00007FEA EDX:00000000 ESI:000000A2 EDI:0000211E EBP:00007BD8 ESP:00007BC2 DS:F600 ES:1688 FS:0000 GS:0000 SS:3E00 CF:1 ZF:0 SF:1 OF:0 AF:0 PF:1 IF:1
165E:000001B5  lodsw                                                  EAX:00000000 EBX:000008AE ECX:00007FEA EDX:00000000 ESI:000000A2 EDI:0000211E EBP:00007BD8 ESP:00007BC2 DS:F600 ES:1688 FS:0000 GS:0000 SS:3E00 CF:1 ZF:0 SF:1 OF:0 AF:0 PF:1 IF:1
165E:000001B6  xor  es:[bx],ax                 es:[08AE]=C6CB         EAX:00000000 EBX:000008AE ECX:00007FEA EDX:00000000 ESI:000000A4 EDI:0000211E EBP:00007BD8 ESP:00007BC2 DS:F600 ES:1688 FS:0000 GS:0000 SS:3E00 CF:1 ZF:0 SF:1 OF:0 AF:0 PF:1 IF:1
165E:000001B9  inc  bx                                                EAX:00000000 EBX:000008AE ECX:00007FEA EDX:00000000 ESI:000000A4 EDI:0000211E EBP:00007BD8 ESP:00007BC2 DS:F600 ES:1688 FS:0000 GS:0000 SS:3E00 CF:0 ZF:0 SF:1 OF:0 AF:0 PF:0 IF:1
165E:000001BA  inc  bx                                                EAX:00000000 EBX:000008AF ECX:00007FEA EDX:00000000 ESI:000000A4 EDI:0000211E EBP:00007BD8 ESP:00007BC2 DS:F600 ES:1688 FS:0000 GS:0000 SS:3E00 CF:0 ZF:0 SF:0 OF:0 AF:0 PF:1 IF:1
165E:000001BB  cmp  bx,0B19                                           EAX:00000000 EBX:000008B0 ECX:00007FEA EDX:00000000 ESI:000000A4 EDI:0000211E EBP:00007BD8 ESP:00007BC2 DS:F600 ES:1688 FS:0000 GS:0000 SS:3E00 CF:0 ZF:0 SF:0 OF:0 AF:1 PF:0 IF:1
165E:000001BF  jc   000001B5 ($-c)             (up)                   EAX:00000000 EBX:000008B0 ECX:00007FEA EDX:00000000 ESI:000000A4 EDI:0000211E EBP:00007BD8 ESP:00007BC2 DS:F600 ES:1688 FS:0000 GS:0000 SS:3E00 CF:1 ZF:0 SF:1 OF:0 AF:1 PF:0 IF:1
165E:000001B5  lodsw                                                  EAX:00000000 EBX:000008B0 ECX:00007FEA EDX:00000000 ESI:000000A4 EDI:0000211E EBP:00007BD8 ESP:00007BC2 DS:F600 ES:1688 FS:0000 GS:0000 SS:3E00 CF:1 ZF:0 SF:1 OF:0 AF:1 PF:0 IF:1
165E:000001B6  xor  es:[bx],ax                 es:[08B0]=1AD2         EAX:00000000 EBX:000008B0 ECX:00007FEA EDX:00000000 ESI:000000A6 EDI:0000211E EBP:00007BD8 ESP:00007BC2 DS:F600 ES:1688 FS:0000 GS:0000 SS:3E00 CF:1 ZF:0 SF:1 OF:0 AF:1 PF:0 IF:1
165E:000001B9  inc  bx                                                EAX:00000000 EBX:000008B0 ECX:00007FEA EDX:00000000 ESI:000000A6 EDI:0000211E EBP:00007BD8 ESP:00007BC2 DS:F600 ES:1688 FS:0000 GS:0000 SS:3E00 CF:0 ZF:0 SF:0 OF:0 AF:0 PF:1 IF:1
165E:000001BA  inc  bx                                                EAX:00000000 EBX:000008B1 ECX:00007FEA EDX:00000000 ESI:000000A6 EDI:0000211E EBP:00007BD8 ESP:00007BC2 DS:F600 ES:1688 FS:0000 GS:0000 SS:3E00 CF:0 ZF:0 SF:0 OF:0 AF:0 PF:1 IF:1
165E:000001BB  cmp  bx,0B19                                           EAX:00000000 EBX:000008B2 ECX:00007FEA EDX:00000000 ESI:000000A6 EDI:0000211E EBP:00007BD8 ESP:00007BC2 DS:F600 ES:1688 FS:0000 GS:0000 SS:3E00 CF:0 ZF:0 SF:0 OF:0 AF:0 PF:1 IF:1
165E:000001BF  jc   000001B5 ($-c)             (up)                   EAX:00000000 EBX:000008B2 ECX:00007FEA EDX:00000000 ESI:000000A6 EDI:0000211E EBP:00007BD8 ESP:00007BC2 DS:F600 ES:1688 FS:0000 GS:0000 SS:3E00 CF:1 ZF:0 SF:1 OF:0 AF:1 PF:1 IF:1
165E:000001B5  lodsw                                                  EAX:00000000 EBX:000008B2 ECX:00007FEA EDX:00000000 ESI:000000A6 EDI:0000211E EBP:00007BD8 ESP:00007BC2 DS:F600 ES:1688 FS:0000 GS:0000 SS:3E00 CF:1 ZF:0 SF:1 OF:0 AF:1 PF:1 IF:1
165E:000001B6  xor  es:[bx],ax                 es:[08B2]=665C         EAX:00000000 EBX:000008B2 ECX:00007FEA EDX:00000000 ESI:000000A8 EDI:0000211E EBP:00007BD8 ESP:00007BC2 DS:F600 ES:1688 FS:0000 GS:0000 SS:3E00 CF:1 ZF:0 SF:1 OF:0 AF:1 PF:1 IF:1
165E:000001B9  inc  bx                                                EAX:00000000 EBX:000008B2 ECX:00007FEA EDX:00000000 ESI:000000A8 EDI:0000211E EBP:00007BD8 ESP:00007BC2 DS:F600 ES:1688 FS:0000 GS:0000 SS:3E00 CF:0 ZF:0 SF:0 OF:0 AF:0 PF:1 IF:1
165E:000001BA  inc  bx                                                EAX:00000000 EBX:000008B3 ECX:00007FEA EDX:00000000 ESI:000000A8 EDI:0000211E EBP:00007BD8 ESP:00007BC2 DS:F600 ES:1688 FS:0000 GS:0000 SS:3E00 CF:0 ZF:0 SF:0 OF:0 AF:0 PF:0 IF:1
165E:000001BB  cmp  bx,0B19                                           EAX:00000000 EBX:000008B4 ECX:00007FEA EDX:00000000 ESI:000000A8 EDI:0000211E EBP:00007BD8 ESP:00007BC2 DS:F600 ES:1688 FS:0000 GS:0000 SS:3E00 CF:0 ZF:0 SF:0 OF:0 AF:0 PF:1 IF:1
165E:000001BF  jc   000001B5 ($-c)             (up)                   EAX:00000000 EBX:000008B4 ECX:00007FEA EDX:00000000 ESI:000000A8 EDI:0000211E EBP:00007BD8 ESP:00007BC2 DS:F600 ES:1688 FS:0000 GS:0000 SS:3E00 CF:1 ZF:0 SF:1 OF:0 AF:1 PF:0 IF:1
165E:000001B5  lodsw                                                  EAX:00000000 EBX:000008B4 ECX:00007FEA EDX:00000000 ESI:000000A8 EDI:0000211E EBP:00007BD8 ESP:00007BC2 DS:F600 ES:1688 FS:0000 GS:0000 SS:3E00 CF:1 ZF:0 SF:1 OF:0 AF:1 PF:0 IF:1
165E:000001B6  xor  es:[bx],ax                 es:[08B4]=B841         EAX:00000000 EBX:000008B4 ECX:00007FEA EDX:00000000 ESI:000000AA EDI:0000211E EBP:00007BD8 ESP:00007BC2 DS:F600 ES:1688 FS:0000 GS:0000 SS:3E00 CF:1 ZF:0 SF:1 OF:0 AF:1 PF:0 IF:1
165E:000001B9  inc  bx                                                EAX:00000000 EBX:000008B4 ECX:00007FEA EDX:00000000 ESI:000000AA EDI:0000211E EBP:00007BD8 ESP:00007BC2 DS:F600 ES:1688 FS:0000 GS:0000 SS:3E00 CF:0 ZF:0 SF:1 OF:0 AF:0 PF:1 IF:1
165E:000001BA  inc  bx                                                EAX:00000000 EBX:000008B5 ECX:00007FEA EDX:00000000 ESI:000000AA EDI:0000211E EBP:00007BD8 ESP:00007BC2 DS:F600 ES:1688 FS:0000 GS:0000 SS:3E00 CF:0 ZF:0 SF:0 OF:0 AF:0 PF:0 IF:1
165E:000001BB  cmp  bx,0B19                                           EAX:00000000 EBX:000008B6 ECX:00007FEA EDX:00000000 ESI:000000AA EDI:0000211E EBP:00007BD8 ESP:00007BC2 DS:F600 ES:1688 FS:0000 GS:0000 SS:3E00 CF:0 ZF:0 SF:0 OF:0 AF:0 PF:0 IF:1
165E:000001BF  jc   000001B5 ($-c)             (up)                   EAX:00000000 EBX:000008B6 ECX:00007FEA EDX:00000000 ESI:000000AA EDI:0000211E EBP:00007BD8 ESP:00007BC2 DS:F600 ES:1688 FS:0000 GS:0000 SS:3E00 CF:1 ZF:0 SF:1 OF:0 AF:1 PF:0 IF:1
165E:000001B5  lodsw                                                  EAX:00000000 EBX:000008B6 ECX:00007FEA EDX:00000000 ESI:000000AA EDI:0000211E EBP:00007BD8 ESP:00007BC2 DS:F600 ES:1688 FS:0000 GS:0000 SS:3E00 CF:1 ZF:0 SF:1 OF:0 AF:1 PF:0 IF:1
165E:000001B6  xor  es:[bx],ax                 es:[08B6]=D402         EAX:00000000 EBX:000008B6 ECX:00007FEA EDX:00000000 ESI:000000AC EDI:0000211E EBP:00007BD8 ESP:00007BC2 DS:F600 ES:1688 FS:0000 GS:0000 SS:3E00 CF:1 ZF:0 SF:1 OF:0 AF:1 PF:0 IF:1
165E:000001B9  inc  bx                                                EAX:00000000 EBX:000008B6 ECX:00007FEA EDX:00000000 ESI:000000AC EDI:0000211E EBP:00007BD8 ESP:00007BC2 DS:F600 ES:1688 FS:0000 GS:0000 SS:3E00 CF:0 ZF:0 SF:1 OF:0 AF:0 PF:0 IF:1
165E:000001BA  inc  bx                                                EAX:00000000 EBX:000008B7 ECX:00007FEA EDX:00000000 ESI:000000AC EDI:0000211E EBP:00007BD8 ESP:00007BC2 DS:F600 ES:1688 FS:0000 GS:0000 SS:3E00 CF:0 ZF:0 SF:0 OF:0 AF:0 PF:1 IF:1
165E:000001BB  cmp  bx,0B19                                           EAX:00000000 EBX:000008B8 ECX:00007FEA EDX:00000000 ESI:000000AC EDI:0000211E EBP:00007BD8 ESP:00007BC2 DS:F600 ES:1688 FS:0000 GS:0000 SS:3E00 CF:0 ZF:0 SF:0 OF:0 AF:0 PF:1 IF:1
165E:000001BF  jc   000001B5 ($-c)             (up)                   EAX:00000000 EBX:000008B8 ECX:00007FEA EDX:00000000 ESI:000000AC EDI:0000211E EBP:00007BD8 ESP:00007BC2 DS:F600 ES:1688 FS:0000 GS:0000 SS:3E00 CF:1 ZF:0 SF:1 OF:0 AF:1 PF:1 IF:1
165E:000001B5  lodsw                                                  EAX:00000000 EBX:000008B8 ECX:00007FEA EDX:00000000 ESI:000000AC EDI:0000211E EBP:00007BD8 ESP:00007BC2 DS:F600 ES:1688 FS:0000 GS:0000 SS:3E00 CF:1 ZF:0 SF:1 OF:0 AF:1 PF:1 IF:1
165E:000001B6  xor  es:[bx],ax                 es:[08B8]=CE63         EAX:00000000 EBX:000008B8 ECX:00007FEA EDX:00000000 ESI:000000AE EDI:0000211E EBP:00007BD8 ESP:00007BC2 DS:F600 ES:1688 FS:0000 GS:0000 SS:3E00 CF:1 ZF:0 SF:1 OF:0 AF:1 PF:1 IF:1
165E:000001B9  inc  bx                                                EAX:00000000 EBX:000008B8 ECX:00007FEA EDX:00000000 ESI:000000AE EDI:0000211E EBP:00007BD8 ESP:00007BC2 DS:F600 ES:1688 FS:0000 GS:0000 SS:3E00 CF:0 ZF:0 SF:1 OF:0 AF:0 PF:1 IF:1
165E:000001BA  inc  bx                                                EAX:00000000 EBX:000008B9 ECX:00007FEA EDX:00000000 ESI:000000AE EDI:0000211E EBP:00007BD8 ESP:00007BC2 DS:F600 ES:1688 FS:0000 GS:0000 SS:3E00 CF:0 ZF:0 SF:0 OF:0 AF:0 PF:0 IF:1
165E:000001BB  cmp  bx,0B19                                           EAX:00000000 EBX:000008BA ECX:00007FEA EDX:00000000 ESI:000000AE EDI:0000211E EBP:00007BD8 ESP:00007BC2 DS:F600 ES:1688 FS:0000 GS:0000 SS:3E00 CF:0 ZF:0 SF:0 OF:0 AF:0 PF:0 IF:1
165E:000001BF  jc   000001B5 ($-c)             (up)                   EAX:00000000 EBX:000008BA ECX:00007FEA EDX:00000000 ESI:000000AE EDI:0000211E EBP:00007BD8 ESP:00007BC2 DS:F600 ES:1688 FS:0000 GS:0000 SS:3E00 CF:1 ZF:0 SF:1 OF:0 AF:0 PF:0 IF:1
165E:000001B5  lodsw                                                  EAX:00000000 EBX:000008BA ECX:00007FEA EDX:00000000 ESI:000000AE EDI:0000211E EBP:00007BD8 ESP:00007BC2 DS:F600 ES:1688 FS:0000 GS:0000 SS:3E00 CF:1 ZF:0 SF:1 OF:0 AF:0 PF:0 IF:1
165E:000001B6  xor  es:[bx],ax                 es:[08BA]=D72B         EAX:00000000 EBX:000008BA ECX:00007FEA EDX:00000000 ESI:000000B0 EDI:0000211E EBP:00007BD8 ESP:00007BC2 DS:F600 ES:1688 FS:0000 GS:0000 SS:3E00 CF:1 ZF:0 SF:1 OF:0 AF:0 PF:0 IF:1
165E:000001B9  inc  bx                                                EAX:00000000 EBX:000008BA ECX:00007FEA EDX:00000000 ESI:000000B0 EDI:0000211E EBP:00007BD8 ESP:00007BC2 DS:F600 ES:1688 FS:0000 GS:0000 SS:3E00 CF:0 ZF:0 SF:1 OF:0 AF:0 PF:1 IF:1
165E:000001BA  inc  bx                                                EAX:00000000 EBX:000008BB ECX:00007FEA EDX:00000000 ESI:000000B0 EDI:0000211E EBP:00007BD8 ESP:00007BC2 DS:F600 ES:1688 FS:0000 GS:0000 SS:3E00 CF:0 ZF:0 SF:0 OF:0 AF:0 PF:1 IF:1
165E:000001BB  cmp  bx,0B19                                           EAX:00000000 EBX:000008BC ECX:00007FEA EDX:00000000 ESI:000000B0 EDI:0000211E EBP:00007BD8 ESP:00007BC2 DS:F600 ES:1688 FS:0000 GS:0000 SS:3E00 CF:0 ZF:0 SF:0 OF:0 AF:0 PF:0 IF:1
165E:000001BF  jc   000001B5 ($-c)             (up)                   EAX:00000000 EBX:000008BC ECX:00007FEA EDX:00000000 ESI:000000B0 EDI:0000211E EBP:00007BD8 ESP:00007BC2 DS:F600 ES:1688 FS:0000 GS:0000 SS:3E00 CF:1 ZF:0 SF:1 OF:0 AF:0 PF:1 IF:1
165E:000001B5  lodsw                                                  EAX:00000000 EBX:000008BC ECX:00007FEA EDX:00000000 ESI:000000B0 EDI:0000211E EBP:00007BD8 ESP:00007BC2 DS:F600 ES:1688 FS:0000 GS:0000 SS:3E00 CF:1 ZF:0 SF:1 OF:0 AF:0 PF:1 IF:1
165E:000001B6  xor  es:[bx],ax                 es:[08BC]=0EBE         EAX:00000000 EBX:000008BC ECX:00007FEA EDX:00000000 ESI:000000B2 EDI:0000211E EBP:00007BD8 ESP:00007BC2 DS:F600 ES:1688 FS:0000 GS:0000 SS:3E00 CF:1 ZF:0 SF:1 OF:0 AF:0 PF:1 IF:1
165E:000001B9  inc  bx                                                EAX:00000000 EBX:000008BC ECX:00007FEA EDX:00000000 ESI:000000B2 EDI:0000211E EBP:00007BD8 ESP:00007BC2 DS:F600 ES:1688 FS:0000 GS:0000 SS:3E00 CF:0 ZF:0 SF:0 OF:0 AF:0 PF:1 IF:1
165E:000001BA  inc  bx                                                EAX:00000000 EBX:000008BD ECX:00007FEA EDX:00000000 ESI:000000B2 EDI:0000211E EBP:00007BD8 ESP:00007BC2 DS:F600 ES:1688 FS:0000 GS:0000 SS:3E00 CF:0 ZF:0 SF:0 OF:0 AF:0 PF:1 IF:1
165E:000001BB  cmp  bx,0B19                                           EAX:00000000 EBX:000008BE ECX:00007FEA EDX:00000000 ESI:000000B2 EDI:0000211E EBP:00007BD8 ESP:00007BC2 DS:F600 ES:1688 FS:0000 GS:0000 SS:3E00 CF:0 ZF:0 SF:0 OF:0 AF:0 PF:1 IF:1
165E:000001BF  jc   000001B5 ($-c)             (up)                   EAX:00000000 EBX:000008BE ECX:00007FEA EDX:00000000 ESI:000000B2 EDI:0000211E EBP:00007BD8 ESP:00007BC2 DS:F600 ES:1688 FS:0000 GS:0000 SS:3E00 CF:1 ZF:0 SF:1 OF:0 AF:0 PF:1 IF:1
165E:000001B5  lodsw                                                  EAX:00000000 EBX:000008BE ECX:00007FEA EDX:00000000 ESI:000000B2 EDI:0000211E EBP:00007BD8 ESP:00007BC2 DS:F600 ES:1688 FS:0000 GS:0000 SS:3E00 CF:1 ZF:0 SF:1 OF:0 AF:0 PF:1 IF:1
165E:000001B6  xor  es:[bx],ax                 es:[08BE]=4B44         EAX:00000000 EBX:000008BE ECX:00007FEA EDX:00000000 ESI:000000B4 EDI:0000211E EBP:00007BD8 ESP:00007BC2 DS:F600 ES:1688 FS:0000 GS:0000 SS:3E00 CF:1 ZF:0 SF:1 OF:0 AF:0 PF:1 IF:1
165E:000001B9  inc  bx                                                EAX:00000000 EBX:000008BE ECX:00007FEA EDX:00000000 ESI:000000B4 EDI:0000211E EBP:00007BD8 ESP:00007BC2 DS:F600 ES:1688 FS:0000 GS:0000 SS:3E00 CF:0 ZF:0 SF:0 OF:0 AF:0 PF:1 IF:1
165E:000001BA  inc  bx                                                EAX:00000000 EBX:000008BF ECX:00007FEA EDX:00000000 ESI:000000B4 EDI:0000211E EBP:00007BD8 ESP:00007BC2 DS:F600 ES:1688 FS:0000 GS:0000 SS:3E00 CF:0 ZF:0 SF:0 OF:0 AF:0 PF:0 IF:1
165E:000001BB  cmp  bx,0B19                                           EAX:00000000 EBX:000008C0 ECX:00007FEA EDX:00000000 ESI:000000B4 EDI:0000211E EBP:00007BD8 ESP:00007BC2 DS:F600 ES:1688 FS:0000 GS:0000 SS:3E00 CF:0 ZF:0 SF:0 OF:0 AF:1 PF:1 IF:1
165E:000001BF  jc   000001B5 ($-c)             (up)                   EAX:00000000 EBX:000008C0 ECX:00007FEA EDX:00000000 ESI:000000B4 EDI:0000211E EBP:00007BD8 ESP:00007BC2 DS:F600 ES:1688 FS:0000 GS:0000 SS:3E00 CF:1 ZF:0 SF:1 OF:0 AF:1 PF:0 IF:1
165E:000001B5  lodsw                                                  EAX:00000000 EBX:000008C0 ECX:00007FEA EDX:00000000 ESI:000000B4 EDI:0000211E EBP:00007BD8 ESP:00007BC2 DS:F600 ES:1688 FS:0000 GS:0000 SS:3E00 CF:1 ZF:0 SF:1 OF:0 AF:1 PF:0 IF:1
165E:000001B6  xor  es:[bx],ax                 es:[08C0]=30BA         EAX:00000000 EBX:000008C0 ECX:00007FEA EDX:00000000 ESI:000000B6 EDI:0000211E EBP:00007BD8 ESP:00007BC2 DS:F600 ES:1688 FS:0000 GS:0000 SS:3E00 CF:1 ZF:0 SF:1 OF:0 AF:1 PF:0 IF:1
165E:000001B9  inc  bx                                                EAX:00000000 EBX:000008C0 ECX:00007FEA EDX:00000000 ESI:000000B6 EDI:0000211E EBP:00007BD8 ESP:00007BC2 DS:F600 ES:1688 FS:0000 GS:0000 SS:3E00 CF:0 ZF:0 SF:0 OF:0 AF:0 PF:0 IF:1
165E:000001BA  inc  bx                                                EAX:00000000 EBX:000008C1 ECX:00007FEA EDX:00000000 ESI:000000B6 EDI:0000211E EBP:00007BD8 ESP:00007BC2 DS:F600 ES:1688 FS:0000 GS:0000 SS:3E00 CF:0 ZF:0 SF:0 OF:0 AF:0 PF:0 IF:1
165E:000001BB  cmp  bx,0B19                                           EAX:00000000 EBX:000008C2 ECX:00007FEA EDX:00000000 ESI:000000B6 EDI:0000211E EBP:00007BD8 ESP:00007BC2 DS:F600 ES:1688 FS:0000 GS:0000 SS:3E00 CF:0 ZF:0 SF:0 OF:0 AF:0 PF:0 IF:1
165E:000001BF  jc   000001B5 ($-c)             (up)                   EAX:00000000 EBX:000008C2 ECX:00007FEA EDX:00000000 ESI:000000B6 EDI:0000211E EBP:00007BD8 ESP:00007BC2 DS:F600 ES:1688 FS:0000 GS:0000 SS:3E00 CF:1 ZF:0 SF:1 OF:0 AF:1 PF:1 IF:1
165E:000001B5  lodsw                                                  EAX:00000000 EBX:000008C2 ECX:00007FEA EDX:00000000 ESI:000000B6 EDI:0000211E EBP:00007BD8 ESP:00007BC2 DS:F600 ES:1688 FS:0000 GS:0000 SS:3E00 CF:1 ZF:0 SF:1 OF:0 AF:1 PF:1 IF:1
165E:000001B6  xor  es:[bx],ax                 es:[08C2]=0F24         EAX:00000000 EBX:000008C2 ECX:00007FEA EDX:00000000 ESI:000000B8 EDI:0000211E EBP:00007BD8 ESP:00007BC2 DS:F600 ES:1688 FS:0000 GS:0000 SS:3E00 CF:1 ZF:0 SF:1 OF:0 AF:1 PF:1 IF:1
165E:000001B9  inc  bx                                                EAX:00000000 EBX:000008C2 ECX:00007FEA EDX:00000000 ESI:000000B8 EDI:0000211E EBP:00007BD8 ESP:00007BC2 DS:F600 ES:1688 FS:0000 GS:0000 SS:3E00 CF:0 ZF:0 SF:0 OF:0 AF:0 PF:1 IF:1
165E:000001BA  inc  bx                                                EAX:00000000 EBX:000008C3 ECX:00007FEA EDX:00000000 ESI:000000B8 EDI:0000211E EBP:00007BD8 ESP:00007BC2 DS:F600 ES:1688 FS:0000 GS:0000 SS:3E00 CF:0 ZF:0 SF:0 OF:0 AF:0 PF:1 IF:1
165E:000001BB  cmp  bx,0B19                                           EAX:00000000 EBX:000008C4 ECX:00007FEA EDX:00000000 ESI:000000B8 EDI:0000211E EBP:00007BD8 ESP:00007BC2 DS:F600 ES:1688 FS:0000 GS:0000 SS:3E00 CF:0 ZF:0 SF:0 OF:0 AF:0 PF:0 IF:1
165E:000001BF  jc   000001B5 ($-c)             (up)                   EAX:00000000 EBX:000008C4 ECX:00007FEA EDX:00000000 ESI:000000B8 EDI:0000211E EBP:00007BD8 ESP:00007BC2 DS:F600 ES:1688 FS:0000 GS:0000 SS:3E00 CF:1 ZF:0 SF:1 OF:0 AF:1 PF:0 IF:1
165E:000001B5  lodsw                                                  EAX:00000000 EBX:000008C4 ECX:00007FEA EDX:00000000 ESI:000000B8 EDI:0000211E EBP:00007BD8 ESP:00007BC2 DS:F600 ES:1688 FS:0000 GS:0000 SS:3E00 CF:1 ZF:0 SF:1 OF:0 AF:1 PF:0 IF:1
165E:000001B6  xor  es:[bx],ax                 es:[08C4]=AB7F         EAX:00000000 EBX:000008C4 ECX:00007FEA EDX:00000000 ESI:000000BA EDI:0000211E EBP:00007BD8 ESP:00007BC2 DS:F600 ES:1688 FS:0000 GS:0000 SS:3E00 CF:1 ZF:0 SF:1 OF:0 AF:1 PF:0 IF:1
165E:000001B9  inc  bx                                                EAX:00000000 EBX:000008C4 ECX:00007FEA EDX:00000000 ESI:000000BA EDI:0000211E EBP:00007BD8 ESP:00007BC2 DS:F600 ES:1688 FS:0000 GS:0000 SS:3E00 CF:0 ZF:0 SF:1 OF:0 AF:0 PF:0 IF:1
165E:000001BA  inc  bx                                                EAX:00000000 EBX:000008C5 ECX:00007FEA EDX:00000000 ESI:000000BA EDI:0000211E EBP:00007BD8 ESP:00007BC2 DS:F600 ES:1688 FS:0000 GS:0000 SS:3E00 CF:0 ZF:0 SF:0 OF:0 AF:0 PF:1 IF:1
165E:000001BB  cmp  bx,0B19                                           EAX:00000000 EBX:000008C6 ECX:00007FEA EDX:00000000 ESI:000000BA EDI:0000211E EBP:00007BD8 ESP:00007BC2 DS:F600 ES:1688 FS:0000 GS:0000 SS:3E00 CF:0 ZF:0 SF:0 OF:0 AF:0 PF:1 IF:1
165E:000001BF  jc   000001B5 ($-c)             (up)                   EAX:00000000 EBX:000008C6 ECX:00007FEA EDX:00000000 ESI:000000BA EDI:0000211E EBP:00007BD8 ESP:00007BC2 DS:F600 ES:1688 FS:0000 GS:0000 SS:3E00 CF:1 ZF:0 SF:1 OF:0 AF:1 PF:0 IF:1
165E:000001B5  lodsw                                                  EAX:00000000 EBX:000008C6 ECX:00007FEA EDX:00000000 ESI:000000BA EDI:0000211E EBP:00007BD8 ESP:00007BC2 DS:F600 ES:1688 FS:0000 GS:0000 SS:3E00 CF:1 ZF:0 SF:1 OF:0 AF:1 PF:0 IF:1
165E:000001B6  xor  es:[bx],ax                 es:[08C6]=A314         EAX:00000000 EBX:000008C6 ECX:00007FEA EDX:00000000 ESI:000000BC EDI:0000211E EBP:00007BD8 ESP:00007BC2 DS:F600 ES:1688 FS:0000 GS:0000 SS:3E00 CF:1 ZF:0 SF:1 OF:0 AF:1 PF:0 IF:1
165E:000001B9  inc  bx                                                EAX:00000000 EBX:000008C6 ECX:00007FEA EDX:00000000 ESI:000000BC EDI:0000211E EBP:00007BD8 ESP:00007BC2 DS:F600 ES:1688 FS:0000 GS:0000 SS:3E00 CF:0 ZF:0 SF:1 OF:0 AF:0 PF:1 IF:1
165E:000001BA  inc  bx                                                EAX:00000000 EBX:000008C7 ECX:00007FEA EDX:00000000 ESI:000000BC EDI:0000211E EBP:00007BD8 ESP:00007BC2 DS:F600 ES:1688 FS:0000 GS:0000 SS:3E00 CF:0 ZF:0 SF:0 OF:0 AF:0 PF:0 IF:1
165E:000001BB  cmp  bx,0B19                                           EAX:00000000 EBX:000008C8 ECX:00007FEA EDX:00000000 ESI:000000BC EDI:0000211E EBP:00007BD8 ESP:00007BC2 DS:F600 ES:1688 FS:0000 GS:0000 SS:3E00 CF:0 ZF:0 SF:0 OF:0 AF:0 PF:0 IF:1
165E:000001BF  jc   000001B5 ($-c)             (up)                   EAX:00000000 EBX:000008C8 ECX:00007FEA EDX:00000000 ESI:000000BC EDI:0000211E EBP:00007BD8 ESP:00007BC2 DS:F600 ES:1688 FS:0000 GS:0000 SS:3E00 CF:1 ZF:0 SF:1 OF:0 AF:1 PF:1 IF:1
165E:000001B5  lodsw                                                  EAX:00000000 EBX:000008C8 ECX:00007FEA EDX:00000000 ESI:000000BC EDI:0000211E EBP:00007BD8 ESP:00007BC2 DS:F600 ES:1688 FS:0000 GS:0000 SS:3E00 CF:1 ZF:0 SF:1 OF:0 AF:1 PF:1 IF:1
165E:000001B6  xor  es:[bx],ax                 es:[08C8]=C329         EAX:00000000 EBX:000008C8 ECX:00007FEA EDX:00000000 ESI:000000BE EDI:0000211E EBP:00007BD8 ESP:00007BC2 DS:F600 ES:1688 FS:0000 GS:0000 SS:3E00 CF:1 ZF:0 SF:1 OF:0 AF:1 PF:1 IF:1
165E:000001B9  inc  bx                                                EAX:00000000 EBX:000008C8 ECX:00007FEA EDX:00000000 ESI:000000BE EDI:0000211E EBP:00007BD8 ESP:00007BC2 DS:F600 ES:1688 FS:0000 GS:0000 SS:3E00 CF:0 ZF:0 SF:1 OF:0 AF:0 PF:0 IF:1
165E:000001BA  inc  bx                                                EAX:00000000 EBX:000008C9 ECX:00007FEA EDX:00000000 ESI:000000BE EDI:0000211E EBP:00007BD8 ESP:00007BC2 DS:F600 ES:1688 FS:0000 GS:0000 SS:3E00 CF:0 ZF:0 SF:0 OF:0 AF:0 PF:1 IF:1
165E:000001BB  cmp  bx,0B19                                           EAX:00000000 EBX:000008CA ECX:00007FEA EDX:00000000 ESI:000000BE EDI:0000211E EBP:00007BD8 ESP:00007BC2 DS:F600 ES:1688 FS:0000 GS:0000 SS:3E00 CF:0 ZF:0 SF:0 OF:0 AF:0 PF:1 IF:1
165E:000001BF  jc   000001B5 ($-c)             (up)                   EAX:00000000 EBX:000008CA ECX:00007FEA EDX:00000000 ESI:000000BE EDI:0000211E EBP:00007BD8 ESP:00007BC2 DS:F600 ES:1688 FS:0000 GS:0000 SS:3E00 CF:1 ZF:0 SF:1 OF:0 AF:0 PF:1 IF:1
165E:000001B5  lodsw                                                  EAX:00000000 EBX:000008CA ECX:00007FEA EDX:00000000 ESI:000000BE EDI:0000211E EBP:00007BD8 ESP:00007BC2 DS:F600 ES:1688 FS:0000 GS:0000 SS:3E00 CF:1 ZF:0 SF:1 OF:0 AF:0 PF:1 IF:1
165E:000001B6  xor  es:[bx],ax                 es:[08CA]=37DA         EAX:00000000 EBX:000008CA ECX:00007FEA EDX:00000000 ESI:000000C0 EDI:0000211E EBP:00007BD8 ESP:00007BC2 DS:F600 ES:1688 FS:0000 GS:0000 SS:3E00 CF:1 ZF:0 SF:1 OF:0 AF:0 PF:1 IF:1
165E:000001B9  inc  bx                                                EAX:00000000 EBX:000008CA ECX:00007FEA EDX:00000000 ESI:000000C0 EDI:0000211E EBP:00007BD8 ESP:00007BC2 DS:F600 ES:1688 FS:0000 GS:0000 SS:3E00 CF:0 ZF:0 SF:0 OF:0 AF:0 PF:0 IF:1
165E:000001BA  inc  bx                                                EAX:00000000 EBX:000008CB ECX:00007FEA EDX:00000000 ESI:000000C0 EDI:0000211E EBP:00007BD8 ESP:00007BC2 DS:F600 ES:1688 FS:0000 GS:0000 SS:3E00 CF:0 ZF:0 SF:0 OF:0 AF:0 PF:0 IF:1
165E:000001BB  cmp  bx,0B19                                           EAX:00000000 EBX:000008CC ECX:00007FEA EDX:00000000 ESI:000000C0 EDI:0000211E EBP:00007BD8 ESP:00007BC2 DS:F600 ES:1688 FS:0000 GS:0000 SS:3E00 CF:0 ZF:0 SF:0 OF:0 AF:0 PF:1 IF:1
165E:000001BF  jc   000001B5 ($-c)             (up)                   EAX:00000000 EBX:000008CC ECX:00007FEA EDX:00000000 ESI:000000C0 EDI:0000211E EBP:00007BD8 ESP:00007BC2 DS:F600 ES:1688 FS:0000 GS:0000 SS:3E00 CF:1 ZF:0 SF:1 OF:0 AF:0 PF:0 IF:1
165E:000001B5  lodsw                                                  EAX:00000000 EBX:000008CC ECX:00007FEA EDX:00000000 ESI:000000C0 EDI:0000211E EBP:00007BD8 ESP:00007BC2 DS:F600 ES:1688 FS:0000 GS:0000 SS:3E00 CF:1 ZF:0 SF:1 OF:0 AF:0 PF:0 IF:1
165E:000001B6  xor  es:[bx],ax                 es:[08CC]=4696         EAX:00000000 EBX:000008CC ECX:00007FEA EDX:00000000 ESI:000000C2 EDI:0000211E EBP:00007BD8 ESP:00007BC2 DS:F600 ES:1688 FS:0000 GS:0000 SS:3E00 CF:1 ZF:0 SF:1 OF:0 AF:0 PF:0 IF:1
165E:000001B9  inc  bx                                                EAX:00000000 EBX:000008CC ECX:00007FEA EDX:00000000 ESI:000000C2 EDI:0000211E EBP:00007BD8 ESP:00007BC2 DS:F600 ES:1688 FS:0000 GS:0000 SS:3E00 CF:0 ZF:0 SF:0 OF:0 AF:0 PF:1 IF:1
165E:000001BA  inc  bx                                                EAX:00000000 EBX:000008CD ECX:00007FEA EDX:00000000 ESI:000000C2 EDI:0000211E EBP:00007BD8 ESP:00007BC2 DS:F600 ES:1688 FS:0000 GS:0000 SS:3E00 CF:0 ZF:0 SF:0 OF:0 AF:0 PF:0 IF:1
165E:000001BB  cmp  bx,0B19                                           EAX:00000000 EBX:000008CE ECX:00007FEA EDX:00000000 ESI:000000C2 EDI:0000211E EBP:00007BD8 ESP:00007BC2 DS:F600 ES:1688 FS:0000 GS:0000 SS:3E00 CF:0 ZF:0 SF:0 OF:0 AF:0 PF:0 IF:1
165E:000001BF  jc   000001B5 ($-c)             (up)                   EAX:00000000 EBX:000008CE ECX:00007FEA EDX:00000000 ESI:000000C2 EDI:0000211E EBP:00007BD8 ESP:00007BC2 DS:F600 ES:1688 FS:0000 GS:0000 SS:3E00 CF:1 ZF:0 SF:1 OF:0 AF:0 PF:0 IF:1
165E:000001B5  lodsw                                                  EAX:00000000 EBX:000008CE ECX:00007FEA EDX:00000000 ESI:000000C2 EDI:0000211E EBP:00007BD8 ESP:00007BC2 DS:F600 ES:1688 FS:0000 GS:0000 SS:3E00 CF:1 ZF:0 SF:1 OF:0 AF:0 PF:0 IF:1
165E:000001B6  xor  es:[bx],ax                 es:[08CE]=977A         EAX:00000000 EBX:000008CE ECX:00007FEA EDX:00000000 ESI:000000C4 EDI:0000211E EBP:00007BD8 ESP:00007BC2 DS:F600 ES:1688 FS:0000 GS:0000 SS:3E00 CF:1 ZF:0 SF:1 OF:0 AF:0 PF:0 IF:1
165E:000001B9  inc  bx                                                EAX:00000000 EBX:000008CE ECX:00007FEA EDX:00000000 ESI:000000C4 EDI:0000211E EBP:00007BD8 ESP:00007BC2 DS:F600 ES:1688 FS:0000 GS:0000 SS:3E00 CF:0 ZF:0 SF:1 OF:0 AF:0 PF:0 IF:1
165E:000001BA  inc  bx                                                EAX:00000000 EBX:000008CF ECX:00007FEA EDX:00000000 ESI:000000C4 EDI:0000211E EBP:00007BD8 ESP:00007BC2 DS:F600 ES:1688 FS:0000 GS:0000 SS:3E00 CF:0 ZF:0 SF:0 OF:0 AF:0 PF:1 IF:1
165E:000001BB  cmp  bx,0B19                                           EAX:00000000 EBX:000008D0 ECX:00007FEA EDX:00000000 ESI:000000C4 EDI:0000211E EBP:00007BD8 ESP:00007BC2 DS:F600 ES:1688 FS:0000 GS:0000 SS:3E00 CF:0 ZF:0 SF:0 OF:0 AF:1 PF:0 IF:1
165E:000001BF  jc   000001B5 ($-c)             (up)                   EAX:00000000 EBX:000008D0 ECX:00007FEA EDX:00000000 ESI:000000C4 EDI:0000211E EBP:00007BD8 ESP:00007BC2 DS:F600 ES:1688 FS:0000 GS:0000 SS:3E00 CF:1 ZF:0 SF:1 OF:0 AF:1 PF:1 IF:1
165E:000001B5  lodsw                                                  EAX:00000000 EBX:000008D0 ECX:00007FEA EDX:00000000 ESI:000000C4 EDI:0000211E EBP:00007BD8 ESP:00007BC2 DS:F600 ES:1688 FS:0000 GS:0000 SS:3E00 CF:1 ZF:0 SF:1 OF:0 AF:1 PF:1 IF:1
165E:000001B6  xor  es:[bx],ax                 es:[08D0]=B5F4         EAX:00000000 EBX:000008D0 ECX:00007FEA EDX:00000000 ESI:000000C6 EDI:0000211E EBP:00007BD8 ESP:00007BC2 DS:F600 ES:1688 FS:0000 GS:0000 SS:3E00 CF:1 ZF:0 SF:1 OF:0 AF:1 PF:1 IF:1
165E:000001B9  inc  bx                                                EAX:00000000 EBX:000008D0 ECX:00007FEA EDX:00000000 ESI:000000C6 EDI:0000211E EBP:00007BD8 ESP:00007BC2 DS:F600 ES:1688 FS:0000 GS:0000 SS:3E00 CF:0 ZF:0 SF:1 OF:0 AF:0 PF:0 IF:1
165E:000001BA  inc  bx                                                EAX:00000000 EBX:000008D1 ECX:00007FEA EDX:00000000 ESI:000000C6 EDI:0000211E EBP:00007BD8 ESP:00007BC2 DS:F600 ES:1688 FS:0000 GS:0000 SS:3E00 CF:0 ZF:0 SF:0 OF:0 AF:0 PF:1 IF:1
165E:000001BB  cmp  bx,0B19                                           EAX:00000000 EBX:000008D2 ECX:00007FEA EDX:00000000 ESI:000000C6 EDI:0000211E EBP:00007BD8 ESP:00007BC2 DS:F600 ES:1688 FS:0000 GS:0000 SS:3E00 CF:0 ZF:0 SF:0 OF:0 AF:0 PF:1 IF:1
165E:000001BF  jc   000001B5 ($-c)             (up)                   EAX:00000000 EBX:000008D2 ECX:00007FEA EDX:00000000 ESI:000000C6 EDI:0000211E EBP:00007BD8 ESP:00007BC2 DS:F600 ES:1688 FS:0000 GS:0000 SS:3E00 CF:1 ZF:0 SF:1 OF:0 AF:1 PF:0 IF:1
165E:000001B5  lodsw                                                  EAX:00000000 EBX:000008D2 ECX:00007FEA EDX:00000000 ESI:000000C6 EDI:0000211E EBP:00007BD8 ESP:00007BC2 DS:F600 ES:1688 FS:0000 GS:0000 SS:3E00 CF:1 ZF:0 SF:1 OF:0 AF:1 PF:0 IF:1
165E:000001B6  xor  es:[bx],ax                 es:[08D2]=AC8D         EAX:00000000 EBX:000008D2 ECX:00007FEA EDX:00000000 ESI:000000C8 EDI:0000211E EBP:00007BD8 ESP:00007BC2 DS:F600 ES:1688 FS:0000 GS:0000 SS:3E00 CF:1 ZF:0 SF:1 OF:0 AF:1 PF:0 IF:1
165E:000001B9  inc  bx                                                EAX:00000000 EBX:000008D2 ECX:00007FEA EDX:00000000 ESI:000000C8 EDI:0000211E EBP:00007BD8 ESP:00007BC2 DS:F600 ES:1688 FS:0000 GS:0000 SS:3E00 CF:0 ZF:0 SF:1 OF:0 AF:0 PF:1 IF:1
165E:000001BA  inc  bx                                                EAX:00000000 EBX:000008D3 ECX:00007FEA EDX:00000000 ESI:000000C8 EDI:0000211E EBP:00007BD8 ESP:00007BC2 DS:F600 ES:1688 FS:0000 GS:0000 SS:3E00 CF:0 ZF:0 SF:0 OF:0 AF:0 PF:0 IF:1
165E:000001BB  cmp  bx,0B19                                           EAX:00000000 EBX:000008D4 ECX:00007FEA EDX:00000000 ESI:000000C8 EDI:0000211E EBP:00007BD8 ESP:00007BC2 DS:F600 ES:1688 FS:0000 GS:0000 SS:3E00 CF:0 ZF:0 SF:0 OF:0 AF:0 PF:1 IF:1
165E:000001BF  jc   000001B5 ($-c)             (up)                   EAX:00000000 EBX:000008D4 ECX:00007FEA EDX:00000000 ESI:000000C8 EDI:0000211E EBP:00007BD8 ESP:00007BC2 DS:F600 ES:1688 FS:0000 GS:0000 SS:3E00 CF:1 ZF:0 SF:1 OF:0 AF:1 PF:1 IF:1
165E:000001B5  lodsw                                                  EAX:00000000 EBX:000008D4 ECX:00007FEA EDX:00000000 ESI:000000C8 EDI:0000211E EBP:00007BD8 ESP:00007BC2 DS:F600 ES:1688 FS:0000 GS:0000 SS:3E00 CF:1 ZF:0 SF:1 OF:0 AF:1 PF:1 IF:1
165E:000001B6  xor  es:[bx],ax                 es:[08D4]=8788         EAX:00000000 EBX:000008D4 ECX:00007FEA EDX:00000000 ESI:000000CA EDI:0000211E EBP:00007BD8 ESP:00007BC2 DS:F600 ES:1688 FS:0000 GS:0000 SS:3E00 CF:1 ZF:0 SF:1 OF:0 AF:1 PF:1 IF:1
165E:000001B9  inc  bx                                                EAX:00000000 EBX:000008D4 ECX:00007FEA EDX:00000000 ESI:000000CA EDI:0000211E EBP:00007BD8 ESP:00007BC2 DS:F600 ES:1688 FS:0000 GS:0000 SS:3E00 CF:0 ZF:0 SF:1 OF:0 AF:0 PF:1 IF:1
165E:000001BA  inc  bx                                                EAX:00000000 EBX:000008D5 ECX:00007FEA EDX:00000000 ESI:000000CA EDI:0000211E EBP:00007BD8 ESP:00007BC2 DS:F600 ES:1688 FS:0000 GS:0000 SS:3E00 CF:0 ZF:0 SF:0 OF:0 AF:0 PF:0 IF:1
165E:000001BB  cmp  bx,0B19                                           EAX:00000000 EBX:000008D6 ECX:00007FEA EDX:00000000 ESI:000000CA EDI:0000211E EBP:00007BD8 ESP:00007BC2 DS:F600 ES:1688 FS:0000 GS:0000 SS:3E00 CF:0 ZF:0 SF:0 OF:0 AF:0 PF:0 IF:1
165E:000001BF  jc   000001B5 ($-c)             (up)                   EAX:00000000 EBX:000008D6 ECX:00007FEA EDX:00000000 ESI:000000CA EDI:0000211E EBP:00007BD8 ESP:00007BC2 DS:F600 ES:1688 FS:0000 GS:0000 SS:3E00 CF:1 ZF:0 SF:1 OF:0 AF:1 PF:1 IF:1
165E:000001B5  lodsw                                                  EAX:00000000 EBX:000008D6 ECX:00007FEA EDX:00000000 ESI:000000CA EDI:0000211E EBP:00007BD8 ESP:00007BC2 DS:F600 ES:1688 FS:0000 GS:0000 SS:3E00 CF:1 ZF:0 SF:1 OF:0 AF:1 PF:1 IF:1
165E:000001B6  xor  es:[bx],ax                 es:[08D6]=0D3E         EAX:00000000 EBX:000008D6 ECX:00007FEA EDX:00000000 ESI:000000CC EDI:0000211E EBP:00007BD8 ESP:00007BC2 DS:F600 ES:1688 FS:0000 GS:0000 SS:3E00 CF:1 ZF:0 SF:1 OF:0 AF:1 PF:1 IF:1
165E:000001B9  inc  bx                                                EAX:00000000 EBX:000008D6 ECX:00007FEA EDX:00000000 ESI:000000CC EDI:0000211E EBP:00007BD8 ESP:00007BC2 DS:F600 ES:1688 FS:0000 GS:0000 SS:3E00 CF:0 ZF:0 SF:0 OF:0 AF:0 PF:0 IF:1
165E:000001BA  inc  bx                                                EAX:00000000 EBX:000008D7 ECX:00007FEA EDX:00000000 ESI:000000CC EDI:0000211E EBP:00007BD8 ESP:00007BC2 DS:F600 ES:1688 FS:0000 GS:0000 SS:3E00 CF:0 ZF:0 SF:0 OF:0 AF:0 PF:1 IF:1
165E:000001BB  cmp  bx,0B19                                           EAX:00000000 EBX:000008D8 ECX:00007FEA EDX:00000000 ESI:000000CC EDI:0000211E EBP:00007BD8 ESP:00007BC2 DS:F600 ES:1688 FS:0000 GS:0000 SS:3E00 CF:0 ZF:0 SF:0 OF:0 AF:0 PF:1 IF:1
165E:000001BF  jc   000001B5 ($-c)             (up)                   EAX:00000000 EBX:000008D8 ECX:00007FEA EDX:00000000 ESI:000000CC EDI:0000211E EBP:00007BD8 ESP:00007BC2 DS:F600 ES:1688 FS:0000 GS:0000 SS:3E00 CF:1 ZF:0 SF:1 OF:0 AF:1 PF:0 IF:1
165E:000001B5  lodsw                                                  EAX:00000000 EBX:000008D8 ECX:00007FEA EDX:00000000 ESI:000000CC EDI:0000211E EBP:00007BD8 ESP:00007BC2 DS:F600 ES:1688 FS:0000 GS:0000 SS:3E00 CF:1 ZF:0 SF:1 OF:0 AF:1 PF:0 IF:1
165E:000001B6  xor  es:[bx],ax                 es:[08D8]=7470         EAX:00000000 EBX:000008D8 ECX:00007FEA EDX:00000000 ESI:000000CE EDI:0000211E EBP:00007BD8 ESP:00007BC2 DS:F600 ES:1688 FS:0000 GS:0000 SS:3E00 CF:1 ZF:0 SF:1 OF:0 AF:1 PF:0 IF:1
165E:000001B9  inc  bx                                                EAX:00000000 EBX:000008D8 ECX:00007FEA EDX:00000000 ESI:000000CE EDI:0000211E EBP:00007BD8 ESP:00007BC2 DS:F600 ES:1688 FS:0000 GS:0000 SS:3E00 CF:0 ZF:0 SF:0 OF:0 AF:0 PF:0 IF:1
165E:000001BA  inc  bx                                                EAX:00000000 EBX:000008D9 ECX:00007FEA EDX:00000000 ESI:000000CE EDI:0000211E EBP:00007BD8 ESP:00007BC2 DS:F600 ES:1688 FS:0000 GS:0000 SS:3E00 CF:0 ZF:0 SF:0 OF:0 AF:0 PF:0 IF:1
165E:000001BB  cmp  bx,0B19                                           EAX:00000000 EBX:000008DA ECX:00007FEA EDX:00000000 ESI:000000CE EDI:0000211E EBP:00007BD8 ESP:00007BC2 DS:F600 ES:1688 FS:0000 GS:0000 SS:3E00 CF:0 ZF:0 SF:0 OF:0 AF:0 PF:0 IF:1
165E:000001BF  jc   000001B5 ($-c)             (up)                   EAX:00000000 EBX:000008DA ECX:00007FEA EDX:00000000 ESI:000000CE EDI:0000211E EBP:00007BD8 ESP:00007BC2 DS:F600 ES:1688 FS:0000 GS:0000 SS:3E00 CF:1 ZF:0 SF:1 OF:0 AF:0 PF:0 IF:1
165E:000001B5  lodsw                                                  EAX:00000000 EBX:000008DA ECX:00007FEA EDX:00000000 ESI:000000CE EDI:0000211E EBP:00007BD8 ESP:00007BC2 DS:F600 ES:1688 FS:0000 GS:0000 SS:3E00 CF:1 ZF:0 SF:1 OF:0 AF:0 PF:0 IF:1
165E:000001B6  xor  es:[bx],ax                 es:[08DA]=0761         EAX:00000000 EBX:000008DA ECX:00007FEA EDX:00000000 ESI:000000D0 EDI:0000211E EBP:00007BD8 ESP:00007BC2 DS:F600 ES:1688 FS:0000 GS:0000 SS:3E00 CF:1 ZF:0 SF:1 OF:0 AF:0 PF:0 IF:1
165E:000001B9  inc  bx                                                EAX:00000000 EBX:000008DA ECX:00007FEA EDX:00000000 ESI:000000D0 EDI:0000211E EBP:00007BD8 ESP:00007BC2 DS:F600 ES:1688 FS:0000 GS:0000 SS:3E00 CF:0 ZF:0 SF:0 OF:0 AF:0 PF:0 IF:1
165E:000001BA  inc  bx                                                EAX:00000000 EBX:000008DB ECX:00007FEA EDX:00000000 ESI:000000D0 EDI:0000211E EBP:00007BD8 ESP:00007BC2 DS:F600 ES:1688 FS:0000 GS:0000 SS:3E00 CF:0 ZF:0 SF:0 OF:0 AF:0 PF:1 IF:1
165E:000001BB  cmp  bx,0B19                                           EAX:00000000 EBX:000008DC ECX:00007FEA EDX:00000000 ESI:000000D0 EDI:0000211E EBP:00007BD8 ESP:00007BC2 DS:F600 ES:1688 FS:0000 GS:0000 SS:3E00 CF:0 ZF:0 SF:0 OF:0 AF:0 PF:0 IF:1
165E:000001BF  jc   000001B5 ($-c)             (up)                   EAX:00000000 EBX:000008DC ECX:00007FEA EDX:00000000 ESI:000000D0 EDI:0000211E EBP:00007BD8 ESP:00007BC2 DS:F600 ES:1688 FS:0000 GS:0000 SS:3E00 CF:1 ZF:0 SF:1 OF:0 AF:0 PF:1 IF:1
165E:000001B5  lodsw                                                  EAX:00000000 EBX:000008DC ECX:00007FEA EDX:00000000 ESI:000000D0 EDI:0000211E EBP:00007BD8 ESP:00007BC2 DS:F600 ES:1688 FS:0000 GS:0000 SS:3E00 CF:1 ZF:0 SF:1 OF:0 AF:0 PF:1 IF:1
165E:000001B6  xor  es:[bx],ax                 es:[08DC]=FA28         EAX:00000000 EBX:000008DC ECX:00007FEA EDX:00000000 ESI:000000D2 EDI:0000211E EBP:00007BD8 ESP:00007BC2 DS:F600 ES:1688 FS:0000 GS:0000 SS:3E00 CF:1 ZF:0 SF:1 OF:0 AF:0 PF:1 IF:1
165E:000001B9  inc  bx                                                EAX:00000000 EBX:000008DC ECX:00007FEA EDX:00000000 ESI:000000D2 EDI:0000211E EBP:00007BD8 ESP:00007BC2 DS:F600 ES:1688 FS:0000 GS:0000 SS:3E00 CF:0 ZF:0 SF:1 OF:0 AF:0 PF:1 IF:1
165E:000001BA  inc  bx                                                EAX:00000000 EBX:000008DD ECX:00007FEA EDX:00000000 ESI:000000D2 EDI:0000211E EBP:00007BD8 ESP:00007BC2 DS:F600 ES:1688 FS:0000 GS:0000 SS:3E00 CF:0 ZF:0 SF:0 OF:0 AF:0 PF:1 IF:1
165E:000001BB  cmp  bx,0B19                                           EAX:00000000 EBX:000008DE ECX:00007FEA EDX:00000000 ESI:000000D2 EDI:0000211E EBP:00007BD8 ESP:00007BC2 DS:F600 ES:1688 FS:0000 GS:0000 SS:3E00 CF:0 ZF:0 SF:0 OF:0 AF:0 PF:1 IF:1
165E:000001BF  jc   000001B5 ($-c)             (up)                   EAX:00000000 EBX:000008DE ECX:00007FEA EDX:00000000 ESI:000000D2 EDI:0000211E EBP:00007BD8 ESP:00007BC2 DS:F600 ES:1688 FS:0000 GS:0000 SS:3E00 CF:1 ZF:0 SF:1 OF:0 AF:0 PF:1 IF:1
165E:000001B5  lodsw                                                  EAX:00000000 EBX:000008DE ECX:00007FEA EDX:00000000 ESI:000000D2 EDI:0000211E EBP:00007BD8 ESP:00007BC2 DS:F600 ES:1688 FS:0000 GS:0000 SS:3E00 CF:1 ZF:0 SF:1 OF:0 AF:0 PF:1 IF:1
165E:000001B6  xor  es:[bx],ax                 es:[08DE]=D37C         EAX:00000000 EBX:000008DE ECX:00007FEA EDX:00000000 ESI:000000D4 EDI:0000211E EBP:00007BD8 ESP:00007BC2 DS:F600 ES:1688 FS:0000 GS:0000 SS:3E00 CF:1 ZF:0 SF:1 OF:0 AF:0 PF:1 IF:1
165E:000001B9  inc  bx                                                EAX:00000000 EBX:000008DE ECX:00007FEA EDX:00000000 ESI:000000D4 EDI:0000211E EBP:00007BD8 ESP:00007BC2 DS:F600 ES:1688 FS:0000 GS:0000 SS:3E00 CF:0 ZF:0 SF:1 OF:0 AF:0 PF:0 IF:1
165E:000001BA  inc  bx                                                EAX:00000000 EBX:000008DF ECX:00007FEA EDX:00000000 ESI:000000D4 EDI:0000211E EBP:00007BD8 ESP:00007BC2 DS:F600 ES:1688 FS:0000 GS:0000 SS:3E00 CF:0 ZF:0 SF:0 OF:0 AF:0 PF:0 IF:1
165E:000001BB  cmp  bx,0B19                                           EAX:00000000 EBX:000008E0 ECX:00007FEA EDX:00000000 ESI:000000D4 EDI:0000211E EBP:00007BD8 ESP:00007BC2 DS:F600 ES:1688 FS:0000 GS:0000 SS:3E00 CF:0 ZF:0 SF:0 OF:0 AF:1 PF:0 IF:1
165E:000001BF  jc   000001B5 ($-c)             (up)                   EAX:00000000 EBX:000008E0 ECX:00007FEA EDX:00000000 ESI:000000D4 EDI:0000211E EBP:00007BD8 ESP:00007BC2 DS:F600 ES:1688 FS:0000 GS:0000 SS:3E00 CF:1 ZF:0 SF:1 OF:0 AF:1 PF:0 IF:1
165E:000001B5  lodsw                                                  EAX:00000000 EBX:000008E0 ECX:00007FEA EDX:00000000 ESI:000000D4 EDI:0000211E EBP:00007BD8 ESP:00007BC2 DS:F600 ES:1688 FS:0000 GS:0000 SS:3E00 CF:1 ZF:0 SF:1 OF:0 AF:1 PF:0 IF:1
165E:000001B6  xor  es:[bx],ax                 es:[08E0]=077D         EAX:00000000 EBX:000008E0 ECX:00007FEA EDX:00000000 ESI:000000D6 EDI:0000211E EBP:00007BD8 ESP:00007BC2 DS:F600 ES:1688 FS:0000 GS:0000 SS:3E00 CF:1 ZF:0 SF:1 OF:0 AF:1 PF:0 IF:1
165E:000001B9  inc  bx                                                EAX:00000000 EBX:000008E0 ECX:00007FEA EDX:00000000 ESI:000000D6 EDI:0000211E EBP:00007BD8 ESP:00007BC2 DS:F600 ES:1688 FS:0000 GS:0000 SS:3E00 CF:0 ZF:0 SF:0 OF:0 AF:0 PF:1 IF:1
165E:000001BA  inc  bx                                                EAX:00000000 EBX:000008E1 ECX:00007FEA EDX:00000000 ESI:000000D6 EDI:0000211E EBP:00007BD8 ESP:00007BC2 DS:F600 ES:1688 FS:0000 GS:0000 SS:3E00 CF:0 ZF:0 SF:0 OF:0 AF:0 PF:1 IF:1
165E:000001BB  cmp  bx,0B19                                           EAX:00000000 EBX:000008E2 ECX:00007FEA EDX:00000000 ESI:000000D6 EDI:0000211E EBP:00007BD8 ESP:00007BC2 DS:F600 ES:1688 FS:0000 GS:0000 SS:3E00 CF:0 ZF:0 SF:0 OF:0 AF:0 PF:1 IF:1
165E:000001BF  jc   000001B5 ($-c)             (up)                   EAX:00000000 EBX:000008E2 ECX:00007FEA EDX:00000000 ESI:000000D6 EDI:0000211E EBP:00007BD8 ESP:00007BC2 DS:F600 ES:1688 FS:0000 GS:0000 SS:3E00 CF:1 ZF:0 SF:1 OF:0 AF:1 PF:1 IF:1
165E:000001B5  lodsw                                                  EAX:00000000 EBX:000008E2 ECX:00007FEA EDX:00000000 ESI:000000D6 EDI:0000211E EBP:00007BD8 ESP:00007BC2 DS:F600 ES:1688 FS:0000 GS:0000 SS:3E00 CF:1 ZF:0 SF:1 OF:0 AF:1 PF:1 IF:1
165E:000001B6  xor  es:[bx],ax                 es:[08E2]=16D5         EAX:00000000 EBX:000008E2 ECX:00007FEA EDX:00000000 ESI:000000D8 EDI:0000211E EBP:00007BD8 ESP:00007BC2 DS:F600 ES:1688 FS:0000 GS:0000 SS:3E00 CF:1 ZF:0 SF:1 OF:0 AF:1 PF:1 IF:1
165E:000001B9  inc  bx                                                EAX:00000000 EBX:000008E2 ECX:00007FEA EDX:00000000 ESI:000000D8 EDI:0000211E EBP:00007BD8 ESP:00007BC2 DS:F600 ES:1688 FS:0000 GS:0000 SS:3E00 CF:0 ZF:0 SF:0 OF:0 AF:0 PF:0 IF:1
165E:000001BA  inc  bx                                                EAX:00000000 EBX:000008E3 ECX:00007FEA EDX:00000000 ESI:000000D8 EDI:0000211E EBP:00007BD8 ESP:00007BC2 DS:F600 ES:1688 FS:0000 GS:0000 SS:3E00 CF:0 ZF:0 SF:0 OF:0 AF:0 PF:0 IF:1
165E:000001BB  cmp  bx,0B19                                           EAX:00000000 EBX:000008E4 ECX:00007FEA EDX:00000000 ESI:000000D8 EDI:0000211E EBP:00007BD8 ESP:00007BC2 DS:F600 ES:1688 FS:0000 GS:0000 SS:3E00 CF:0 ZF:0 SF:0 OF:0 AF:0 PF:1 IF:1
165E:000001BF  jc   000001B5 ($-c)             (up)                   EAX:00000000 EBX:000008E4 ECX:00007FEA EDX:00000000 ESI:000000D8 EDI:0000211E EBP:00007BD8 ESP:00007BC2 DS:F600 ES:1688 FS:0000 GS:0000 SS:3E00 CF:1 ZF:0 SF:1 OF:0 AF:1 PF:0 IF:1
165E:000001B5  lodsw                                                  EAX:00000000 EBX:000008E4 ECX:00007FEA EDX:00000000 ESI:000000D8 EDI:0000211E EBP:00007BD8 ESP:00007BC2 DS:F600 ES:1688 FS:0000 GS:0000 SS:3E00 CF:1 ZF:0 SF:1 OF:0 AF:1 PF:0 IF:1
165E:000001B6  xor  es:[bx],ax                 es:[08E4]=F3E5         EAX:00000000 EBX:000008E4 ECX:00007FEA EDX:00000000 ESI:000000DA EDI:0000211E EBP:00007BD8 ESP:00007BC2 DS:F600 ES:1688 FS:0000 GS:0000 SS:3E00 CF:1 ZF:0 SF:1 OF:0 AF:1 PF:0 IF:1
165E:000001B9  inc  bx                                                EAX:00000000 EBX:000008E4 ECX:00007FEA EDX:00000000 ESI:000000DA EDI:0000211E EBP:00007BD8 ESP:00007BC2 DS:F600 ES:1688 FS:0000 GS:0000 SS:3E00 CF:0 ZF:0 SF:1 OF:0 AF:0 PF:0 IF:1
165E:000001BA  inc  bx                                                EAX:00000000 EBX:000008E5 ECX:00007FEA EDX:00000000 ESI:000000DA EDI:0000211E EBP:00007BD8 ESP:00007BC2 DS:F600 ES:1688 FS:0000 GS:0000 SS:3E00 CF:0 ZF:0 SF:0 OF:0 AF:0 PF:0 IF:1
165E:000001BB  cmp  bx,0B19                                           EAX:00000000 EBX:000008E6 ECX:00007FEA EDX:00000000 ESI:000000DA EDI:0000211E EBP:00007BD8 ESP:00007BC2 DS:F600 ES:1688 FS:0000 GS:0000 SS:3E00 CF:0 ZF:0 SF:0 OF:0 AF:0 PF:0 IF:1
165E:000001BF  jc   000001B5 ($-c)             (up)                   EAX:00000000 EBX:000008E6 ECX:00007FEA EDX:00000000 ESI:000000DA EDI:0000211E EBP:00007BD8 ESP:00007BC2 DS:F600 ES:1688 FS:0000 GS:0000 SS:3E00 CF:1 ZF:0 SF:1 OF:0 AF:1 PF:0 IF:1
165E:000001B5  lodsw                                                  EAX:00000000 EBX:000008E6 ECX:00007FEA EDX:00000000 ESI:000000DA EDI:0000211E EBP:00007BD8 ESP:00007BC2 DS:F600 ES:1688 FS:0000 GS:0000 SS:3E00 CF:1 ZF:0 SF:1 OF:0 AF:1 PF:0 IF:1
165E:000001B6  xor  es:[bx],ax                 es:[08E6]=7025         EAX:00000000 EBX:000008E6 ECX:00007FEA EDX:00000000 ESI:000000DC EDI:0000211E EBP:00007BD8 ESP:00007BC2 DS:F600 ES:1688 FS:0000 GS:0000 SS:3E00 CF:1 ZF:0 SF:1 OF:0 AF:1 PF:0 IF:1
165E:000001B9  inc  bx                                                EAX:00000000 EBX:000008E6 ECX:00007FEA EDX:00000000 ESI:000000DC EDI:0000211E EBP:00007BD8 ESP:00007BC2 DS:F600 ES:1688 FS:0000 GS:0000 SS:3E00 CF:0 ZF:0 SF:0 OF:0 AF:0 PF:0 IF:1
165E:000001BA  inc  bx                                                EAX:00000000 EBX:000008E7 ECX:00007FEA EDX:00000000 ESI:000000DC EDI:0000211E EBP:00007BD8 ESP:00007BC2 DS:F600 ES:1688 FS:0000 GS:0000 SS:3E00 CF:0 ZF:0 SF:0 OF:0 AF:0 PF:1 IF:1
165E:000001BB  cmp  bx,0B19                                           EAX:00000000 EBX:000008E8 ECX:00007FEA EDX:00000000 ESI:000000DC EDI:0000211E EBP:00007BD8 ESP:00007BC2 DS:F600 ES:1688 FS:0000 GS:0000 SS:3E00 CF:0 ZF:0 SF:0 OF:0 AF:0 PF:1 IF:1
165E:000001BF  jc   000001B5 ($-c)             (up)                   EAX:00000000 EBX:000008E8 ECX:00007FEA EDX:00000000 ESI:000000DC EDI:0000211E EBP:00007BD8 ESP:00007BC2 DS:F600 ES:1688 FS:0000 GS:0000 SS:3E00 CF:1 ZF:0 SF:1 OF:0 AF:1 PF:1 IF:1
165E:000001B5  lodsw                                                  EAX:00000000 EBX:000008E8 ECX:00007FEA EDX:00000000 ESI:000000DC EDI:0000211E EBP:00007BD8 ESP:00007BC2 DS:F600 ES:1688 FS:0000 GS:0000 SS:3E00 CF:1 ZF:0 SF:1 OF:0 AF:1 PF:1 IF:1
165E:000001B6  xor  es:[bx],ax                 es:[08E8]=5009         EAX:00000000 EBX:000008E8 ECX:00007FEA EDX:00000000 ESI:000000DE EDI:0000211E EBP:00007BD8 ESP:00007BC2 DS:F600 ES:1688 FS:0000 GS:0000 SS:3E00 CF:1 ZF:0 SF:1 OF:0 AF:1 PF:1 IF:1
165E:000001B9  inc  bx                                                EAX:00000000 EBX:000008E8 ECX:00007FEA EDX:00000000 ESI:000000DE EDI:0000211E EBP:00007BD8 ESP:00007BC2 DS:F600 ES:1688 FS:0000 GS:0000 SS:3E00 CF:0 ZF:0 SF:0 OF:0 AF:0 PF:1 IF:1
165E:000001BA  inc  bx                                                EAX:00000000 EBX:000008E9 ECX:00007FEA EDX:00000000 ESI:000000DE EDI:0000211E EBP:00007BD8 ESP:00007BC2 DS:F600 ES:1688 FS:0000 GS:0000 SS:3E00 CF:0 ZF:0 SF:0 OF:0 AF:0 PF:0 IF:1
165E:000001BB  cmp  bx,0B19                                           EAX:00000000 EBX:000008EA ECX:00007FEA EDX:00000000 ESI:000000DE EDI:0000211E EBP:00007BD8 ESP:00007BC2 DS:F600 ES:1688 FS:0000 GS:0000 SS:3E00 CF:0 ZF:0 SF:0 OF:0 AF:0 PF:0 IF:1
165E:000001BF  jc   000001B5 ($-c)             (up)                   EAX:00000000 EBX:000008EA ECX:00007FEA EDX:00000000 ESI:000000DE EDI:0000211E EBP:00007BD8 ESP:00007BC2 DS:F600 ES:1688 FS:0000 GS:0000 SS:3E00 CF:1 ZF:0 SF:1 OF:0 AF:0 PF:1 IF:1
165E:000001B5  lodsw                                                  EAX:00000000 EBX:000008EA ECX:00007FEA EDX:00000000 ESI:000000DE EDI:0000211E EBP:00007BD8 ESP:00007BC2 DS:F600 ES:1688 FS:0000 GS:0000 SS:3E00 CF:1 ZF:0 SF:1 OF:0 AF:0 PF:1 IF:1
165E:000001B6  xor  es:[bx],ax                 es:[08EA]=2915         EAX:00000000 EBX:000008EA ECX:00007FEA EDX:00000000 ESI:000000E0 EDI:0000211E EBP:00007BD8 ESP:00007BC2 DS:F600 ES:1688 FS:0000 GS:0000 SS:3E00 CF:1 ZF:0 SF:1 OF:0 AF:0 PF:1 IF:1
165E:000001B9  inc  bx                                                EAX:00000000 EBX:000008EA ECX:00007FEA EDX:00000000 ESI:000000E0 EDI:0000211E EBP:00007BD8 ESP:00007BC2 DS:F600 ES:1688 FS:0000 GS:0000 SS:3E00 CF:0 ZF:0 SF:0 OF:0 AF:0 PF:0 IF:1
165E:000001BA  inc  bx                                                EAX:00000000 EBX:000008EB ECX:00007FEA EDX:00000000 ESI:000000E0 EDI:0000211E EBP:00007BD8 ESP:00007BC2 DS:F600 ES:1688 FS:0000 GS:0000 SS:3E00 CF:0 ZF:0 SF:0 OF:0 AF:0 PF:1 IF:1
165E:000001BB  cmp  bx,0B19                                           EAX:00000000 EBX:000008EC ECX:00007FEA EDX:00000000 ESI:000000E0 EDI:0000211E EBP:00007BD8 ESP:00007BC2 DS:F600 ES:1688 FS:0000 GS:0000 SS:3E00 CF:0 ZF:0 SF:0 OF:0 AF:0 PF:0 IF:1
165E:000001BF  jc   000001B5 ($-c)             (up)                   EAX:00000000 EBX:000008EC ECX:00007FEA EDX:00000000 ESI:000000E0 EDI:0000211E EBP:00007BD8 ESP:00007BC2 DS:F600 ES:1688 FS:0000 GS:0000 SS:3E00 CF:1 ZF:0 SF:1 OF:0 AF:0 PF:0 IF:1
165E:000001B5  lodsw                                                  EAX:00000000 EBX:000008EC ECX:00007FEA EDX:00000000 ESI:000000E0 EDI:0000211E EBP:00007BD8 ESP:00007BC2 DS:F600 ES:1688 FS:0000 GS:0000 SS:3E00 CF:1 ZF:0 SF:1 OF:0 AF:0 PF:0 IF:1
165E:000001B6  xor  es:[bx],ax                 es:[08EC]=33A2         EAX:00000000 EBX:000008EC ECX:00007FEA EDX:00000000 ESI:000000E2 EDI:0000211E EBP:00007BD8 ESP:00007BC2 DS:F600 ES:1688 FS:0000 GS:0000 SS:3E00 CF:1 ZF:0 SF:1 OF:0 AF:0 PF:0 IF:1
165E:000001B9  inc  bx                                                EAX:00000000 EBX:000008EC ECX:00007FEA EDX:00000000 ESI:000000E2 EDI:0000211E EBP:00007BD8 ESP:00007BC2 DS:F600 ES:1688 FS:0000 GS:0000 SS:3E00 CF:0 ZF:0 SF:0 OF:0 AF:0 PF:0 IF:1
165E:000001BA  inc  bx                                                EAX:00000000 EBX:000008ED ECX:00007FEA EDX:00000000 ESI:000000E2 EDI:0000211E EBP:00007BD8 ESP:00007BC2 DS:F600 ES:1688 FS:0000 GS:0000 SS:3E00 CF:0 ZF:0 SF:0 OF:0 AF:0 PF:1 IF:1
165E:000001BB  cmp  bx,0B19                                           EAX:00000000 EBX:000008EE ECX:00007FEA EDX:00000000 ESI:000000E2 EDI:0000211E EBP:00007BD8 ESP:00007BC2 DS:F600 ES:1688 FS:0000 GS:0000 SS:3E00 CF:0 ZF:0 SF:0 OF:0 AF:0 PF:1 IF:1
165E:000001BF  jc   000001B5 ($-c)             (up)                   EAX:00000000 EBX:000008EE ECX:00007FEA EDX:00000000 ESI:000000E2 EDI:0000211E EBP:00007BD8 ESP:00007BC2 DS:F600 ES:1688 FS:0000 GS:0000 SS:3E00 CF:1 ZF:0 SF:1 OF:0 AF:0 PF:0 IF:1
165E:000001B5  lodsw                                                  EAX:00000000 EBX:000008EE ECX:00007FEA EDX:00000000 ESI:000000E2 EDI:0000211E EBP:00007BD8 ESP:00007BC2 DS:F600 ES:1688 FS:0000 GS:0000 SS:3E00 CF:1 ZF:0 SF:1 OF:0 AF:0 PF:0 IF:1
165E:000001B6  xor  es:[bx],ax                 es:[08EE]=E2F9         EAX:00000000 EBX:000008EE ECX:00007FEA EDX:00000000 ESI:000000E4 EDI:0000211E EBP:00007BD8 ESP:00007BC2 DS:F600 ES:1688 FS:0000 GS:0000 SS:3E00 CF:1 ZF:0 SF:1 OF:0 AF:0 PF:0 IF:1
165E:000001B9  inc  bx                                                EAX:00000000 EBX:000008EE ECX:00007FEA EDX:00000000 ESI:000000E4 EDI:0000211E EBP:00007BD8 ESP:00007BC2 DS:F600 ES:1688 FS:0000 GS:0000 SS:3E00 CF:0 ZF:0 SF:1 OF:0 AF:0 PF:1 IF:1
165E:000001BA  inc  bx                                                EAX:00000000 EBX:000008EF ECX:00007FEA EDX:00000000 ESI:000000E4 EDI:0000211E EBP:00007BD8 ESP:00007BC2 DS:F600 ES:1688 FS:0000 GS:0000 SS:3E00 CF:0 ZF:0 SF:0 OF:0 AF:0 PF:0 IF:1
165E:000001BB  cmp  bx,0B19                                           EAX:00000000 EBX:000008F0 ECX:00007FEA EDX:00000000 ESI:000000E4 EDI:0000211E EBP:00007BD8 ESP:00007BC2 DS:F600 ES:1688 FS:0000 GS:0000 SS:3E00 CF:0 ZF:0 SF:0 OF:0 AF:1 PF:1 IF:1
165E:000001BF  jc   000001B5 ($-c)             (up)                   EAX:00000000 EBX:000008F0 ECX:00007FEA EDX:00000000 ESI:000000E4 EDI:0000211E EBP:00007BD8 ESP:00007BC2 DS:F600 ES:1688 FS:0000 GS:0000 SS:3E00 CF:1 ZF:0 SF:1 OF:0 AF:1 PF:1 IF:1
165E:000001B5  lodsw                                                  EAX:00000000 EBX:000008F0 ECX:00007FEA EDX:00000000 ESI:000000E4 EDI:0000211E EBP:00007BD8 ESP:00007BC2 DS:F600 ES:1688 FS:0000 GS:0000 SS:3E00 CF:1 ZF:0 SF:1 OF:0 AF:1 PF:1 IF:1
165E:000001B6  xor  es:[bx],ax                 es:[08F0]=2BDA         EAX:00000000 EBX:000008F0 ECX:00007FEA EDX:00000000 ESI:000000E6 EDI:0000211E EBP:00007BD8 ESP:00007BC2 DS:F600 ES:1688 FS:0000 GS:0000 SS:3E00 CF:1 ZF:0 SF:1 OF:0 AF:1 PF:1 IF:1
165E:000001B9  inc  bx                                                EAX:00000000 EBX:000008F0 ECX:00007FEA EDX:00000000 ESI:000000E6 EDI:0000211E EBP:00007BD8 ESP:00007BC2 DS:F600 ES:1688 FS:0000 GS:0000 SS:3E00 CF:0 ZF:0 SF:0 OF:0 AF:0 PF:0 IF:1
165E:000001BA  inc  bx                                                EAX:00000000 EBX:000008F1 ECX:00007FEA EDX:00000000 ESI:000000E6 EDI:0000211E EBP:00007BD8 ESP:00007BC2 DS:F600 ES:1688 FS:0000 GS:0000 SS:3E00 CF:0 ZF:0 SF:0 OF:0 AF:0 PF:0 IF:1
165E:000001BB  cmp  bx,0B19                                           EAX:00000000 EBX:000008F2 ECX:00007FEA EDX:00000000 ESI:000000E6 EDI:0000211E EBP:00007BD8 ESP:00007BC2 DS:F600 ES:1688 FS:0000 GS:0000 SS:3E00 CF:0 ZF:0 SF:0 OF:0 AF:0 PF:0 IF:1
165E:000001BF  jc   000001B5 ($-c)             (up)                   EAX:00000000 EBX:000008F2 ECX:00007FEA EDX:00000000 ESI:000000E6 EDI:0000211E EBP:00007BD8 ESP:00007BC2 DS:F600 ES:1688 FS:0000 GS:0000 SS:3E00 CF:1 ZF:0 SF:1 OF:0 AF:1 PF:0 IF:1
165E:000001B5  lodsw                                                  EAX:00000000 EBX:000008F2 ECX:00007FEA EDX:00000000 ESI:000000E6 EDI:0000211E EBP:00007BD8 ESP:00007BC2 DS:F600 ES:1688 FS:0000 GS:0000 SS:3E00 CF:1 ZF:0 SF:1 OF:0 AF:1 PF:0 IF:1
165E:000001B6  xor  es:[bx],ax                 es:[08F2]=1825         EAX:00000000 EBX:000008F2 ECX:00007FEA EDX:00000000 ESI:000000E8 EDI:0000211E EBP:00007BD8 ESP:00007BC2 DS:F600 ES:1688 FS:0000 GS:0000 SS:3E00 CF:1 ZF:0 SF:1 OF:0 AF:1 PF:0 IF:1
165E:000001B9  inc  bx                                                EAX:00000000 EBX:000008F2 ECX:00007FEA EDX:00000000 ESI:000000E8 EDI:0000211E EBP:00007BD8 ESP:00007BC2 DS:F600 ES:1688 FS:0000 GS:0000 SS:3E00 CF:0 ZF:0 SF:0 OF:0 AF:0 PF:0 IF:1
165E:000001BA  inc  bx                                                EAX:00000000 EBX:000008F3 ECX:00007FEA EDX:00000000 ESI:000000E8 EDI:0000211E EBP:00007BD8 ESP:00007BC2 DS:F600 ES:1688 FS:0000 GS:0000 SS:3E00 CF:0 ZF:0 SF:0 OF:0 AF:0 PF:1 IF:1
165E:000001BB  cmp  bx,0B19                                           EAX:00000000 EBX:000008F4 ECX:00007FEA EDX:00000000 ESI:000000E8 EDI:0000211E EBP:00007BD8 ESP:00007BC2 DS:F600 ES:1688 FS:0000 GS:0000 SS:3E00 CF:0 ZF:0 SF:0 OF:0 AF:0 PF:0 IF:1
165E:000001BF  jc   000001B5 ($-c)             (up)                   EAX:00000000 EBX:000008F4 ECX:00007FEA EDX:00000000 ESI:000000E8 EDI:0000211E EBP:00007BD8 ESP:00007BC2 DS:F600 ES:1688 FS:0000 GS:0000 SS:3E00 CF:1 ZF:0 SF:1 OF:0 AF:1 PF:1 IF:1
165E:000001B5  lodsw                                                  EAX:00000000 EBX:000008F4 ECX:00007FEA EDX:00000000 ESI:000000E8 EDI:0000211E EBP:00007BD8 ESP:00007BC2 DS:F600 ES:1688 FS:0000 GS:0000 SS:3E00 CF:1 ZF:0 SF:1 OF:0 AF:1 PF:1 IF:1
165E:000001B6  xor  es:[bx],ax                 es:[08F4]=8570         EAX:00000000 EBX:000008F4 ECX:00007FEA EDX:00000000 ESI:000000EA EDI:0000211E EBP:00007BD8 ESP:00007BC2 DS:F600 ES:1688 FS:0000 GS:0000 SS:3E00 CF:1 ZF:0 SF:1 OF:0 AF:1 PF:1 IF:1
165E:000001B9  inc  bx                                                EAX:00000000 EBX:000008F4 ECX:00007FEA EDX:00000000 ESI:000000EA EDI:0000211E EBP:00007BD8 ESP:00007BC2 DS:F600 ES:1688 FS:0000 GS:0000 SS:3E00 CF:0 ZF:0 SF:1 OF:0 AF:0 PF:0 IF:1
165E:000001BA  inc  bx                                                EAX:00000000 EBX:000008F5 ECX:00007FEA EDX:00000000 ESI:000000EA EDI:0000211E EBP:00007BD8 ESP:00007BC2 DS:F600 ES:1688 FS:0000 GS:0000 SS:3E00 CF:0 ZF:0 SF:0 OF:0 AF:0 PF:1 IF:1
165E:000001BB  cmp  bx,0B19                                           EAX:00000000 EBX:000008F6 ECX:00007FEA EDX:00000000 ESI:000000EA EDI:0000211E EBP:00007BD8 ESP:00007BC2 DS:F600 ES:1688 FS:0000 GS:0000 SS:3E00 CF:0 ZF:0 SF:0 OF:0 AF:0 PF:1 IF:1
165E:000001BF  jc   000001B5 ($-c)             (up)                   EAX:00000000 EBX:000008F6 ECX:00007FEA EDX:00000000 ESI:000000EA EDI:0000211E EBP:00007BD8 ESP:00007BC2 DS:F600 ES:1688 FS:0000 GS:0000 SS:3E00 CF:1 ZF:0 SF:1 OF:0 AF:1 PF:1 IF:1
165E:000001B5  lodsw                                                  EAX:00000000 EBX:000008F6 ECX:00007FEA EDX:00000000 ESI:000000EA EDI:0000211E EBP:00007BD8 ESP:00007BC2 DS:F600 ES:1688 FS:0000 GS:0000 SS:3E00 CF:1 ZF:0 SF:1 OF:0 AF:1 PF:1 IF:1
165E:000001B6  xor  es:[bx],ax                 es:[08F6]=9B32         EAX:00000000 EBX:000008F6 ECX:00007FEA EDX:00000000 ESI:000000EC EDI:0000211E EBP:00007BD8 ESP:00007BC2 DS:F600 ES:1688 FS:0000 GS:0000 SS:3E00 CF:1 ZF:0 SF:1 OF:0 AF:1 PF:1 IF:1
165E:000001B9  inc  bx                                                EAX:00000000 EBX:000008F6 ECX:00007FEA EDX:00000000 ESI:000000EC EDI:0000211E EBP:00007BD8 ESP:00007BC2 DS:F600 ES:1688 FS:0000 GS:0000 SS:3E00 CF:0 ZF:0 SF:1 OF:0 AF:0 PF:0 IF:1
165E:000001BA  inc  bx                                                EAX:00000000 EBX:000008F7 ECX:00007FEA EDX:00000000 ESI:000000EC EDI:0000211E EBP:00007BD8 ESP:00007BC2 DS:F600 ES:1688 FS:0000 GS:0000 SS:3E00 CF:0 ZF:0 SF:0 OF:0 AF:0 PF:0 IF:1
165E:000001BB  cmp  bx,0B19                                           EAX:00000000 EBX:000008F8 ECX:00007FEA EDX:00000000 ESI:000000EC EDI:0000211E EBP:00007BD8 ESP:00007BC2 DS:F600 ES:1688 FS:0000 GS:0000 SS:3E00 CF:0 ZF:0 SF:0 OF:0 AF:0 PF:0 IF:1
165E:000001BF  jc   000001B5 ($-c)             (up)                   EAX:00000000 EBX:000008F8 ECX:00007FEA EDX:00000000 ESI:000000EC EDI:0000211E EBP:00007BD8 ESP:00007BC2 DS:F600 ES:1688 FS:0000 GS:0000 SS:3E00 CF:1 ZF:0 SF:1 OF:0 AF:1 PF:0 IF:1
165E:000001B5  lodsw                                                  EAX:00000000 EBX:000008F8 ECX:00007FEA EDX:00000000 ESI:000000EC EDI:0000211E EBP:00007BD8 ESP:00007BC2 DS:F600 ES:1688 FS:0000 GS:0000 SS:3E00 CF:1 ZF:0 SF:1 OF:0 AF:1 PF:0 IF:1
165E:000001B6  xor  es:[bx],ax                 es:[08F8]=887A         EAX:00000000 EBX:000008F8 ECX:00007FEA EDX:00000000 ESI:000000EE EDI:0000211E EBP:00007BD8 ESP:00007BC2 DS:F600 ES:1688 FS:0000 GS:0000 SS:3E00 CF:1 ZF:0 SF:1 OF:0 AF:1 PF:0 IF:1
165E:000001B9  inc  bx                                                EAX:00000000 EBX:000008F8 ECX:00007FEA EDX:00000000 ESI:000000EE EDI:0000211E EBP:00007BD8 ESP:00007BC2 DS:F600 ES:1688 FS:0000 GS:0000 SS:3E00 CF:0 ZF:0 SF:1 OF:0 AF:0 PF:0 IF:1
165E:000001BA  inc  bx                                                EAX:00000000 EBX:000008F9 ECX:00007FEA EDX:00000000 ESI:000000EE EDI:0000211E EBP:00007BD8 ESP:00007BC2 DS:F600 ES:1688 FS:0000 GS:0000 SS:3E00 CF:0 ZF:0 SF:0 OF:0 AF:0 PF:1 IF:1
165E:000001BB  cmp  bx,0B19                                           EAX:00000000 EBX:000008FA ECX:00007FEA EDX:00000000 ESI:000000EE EDI:0000211E EBP:00007BD8 ESP:00007BC2 DS:F600 ES:1688 FS:0000 GS:0000 SS:3E00 CF:0 ZF:0 SF:0 OF:0 AF:0 PF:1 IF:1
165E:000001BF  jc   000001B5 ($-c)             (up)                   EAX:00000000 EBX:000008FA ECX:00007FEA EDX:00000000 ESI:000000EE EDI:0000211E EBP:00007BD8 ESP:00007BC2 DS:F600 ES:1688 FS:0000 GS:0000 SS:3E00 CF:1 ZF:0 SF:1 OF:0 AF:0 PF:1 IF:1
165E:000001B5  lodsw                                                  EAX:00000000 EBX:000008FA ECX:00007FEA EDX:00000000 ESI:000000EE EDI:0000211E EBP:00007BD8 ESP:00007BC2 DS:F600 ES:1688 FS:0000 GS:0000 SS:3E00 CF:1 ZF:0 SF:1 OF:0 AF:0 PF:1 IF:1
165E:000001B6  xor  es:[bx],ax                 es:[08FA]=5E30         EAX:00000000 EBX:000008FA ECX:00007FEA EDX:00000000 ESI:000000F0 EDI:0000211E EBP:00007BD8 ESP:00007BC2 DS:F600 ES:1688 FS:0000 GS:0000 SS:3E00 CF:1 ZF:0 SF:1 OF:0 AF:0 PF:1 IF:1
165E:000001B9  inc  bx                                                EAX:00000000 EBX:000008FA ECX:00007FEA EDX:00000000 ESI:000000F0 EDI:0000211E EBP:00007BD8 ESP:00007BC2 DS:F600 ES:1688 FS:0000 GS:0000 SS:3E00 CF:0 ZF:0 SF:0 OF:0 AF:0 PF:1 IF:1
165E:000001BA  inc  bx                                                EAX:00000000 EBX:000008FB ECX:00007FEA EDX:00000000 ESI:000000F0 EDI:0000211E EBP:00007BD8 ESP:00007BC2 DS:F600 ES:1688 FS:0000 GS:0000 SS:3E00 CF:0 ZF:0 SF:0 OF:0 AF:0 PF:0 IF:1
165E:000001BB  cmp  bx,0B19                                           EAX:00000000 EBX:000008FC ECX:00007FEA EDX:00000000 ESI:000000F0 EDI:0000211E EBP:00007BD8 ESP:00007BC2 DS:F600 ES:1688 FS:0000 GS:0000 SS:3E00 CF:0 ZF:0 SF:0 OF:0 AF:0 PF:1 IF:1
165E:000001BF  jc   000001B5 ($-c)             (up)                   EAX:00000000 EBX:000008FC ECX:00007FEA EDX:00000000 ESI:000000F0 EDI:0000211E EBP:00007BD8 ESP:00007BC2 DS:F600 ES:1688 FS:0000 GS:0000 SS:3E00 CF:1 ZF:0 SF:1 OF:0 AF:0 PF:0 IF:1
165E:000001B5  lodsw                                                  EAX:00000000 EBX:000008FC ECX:00007FEA EDX:00000000 ESI:000000F0 EDI:0000211E EBP:00007BD8 ESP:00007BC2 DS:F600 ES:1688 FS:0000 GS:0000 SS:3E00 CF:1 ZF:0 SF:1 OF:0 AF:0 PF:0 IF:1
165E:000001B6  xor  es:[bx],ax                 es:[08FC]=0DE2         EAX:00000000 EBX:000008FC ECX:00007FEA EDX:00000000 ESI:000000F2 EDI:0000211E EBP:00007BD8 ESP:00007BC2 DS:F600 ES:1688 FS:0000 GS:0000 SS:3E00 CF:1 ZF:0 SF:1 OF:0 AF:0 PF:0 IF:1
165E:000001B9  inc  bx                                                EAX:00000000 EBX:000008FC ECX:00007FEA EDX:00000000 ESI:000000F2 EDI:0000211E EBP:00007BD8 ESP:00007BC2 DS:F600 ES:1688 FS:0000 GS:0000 SS:3E00 CF:0 ZF:0 SF:0 OF:0 AF:0 PF:1 IF:1
165E:000001BA  inc  bx                                                EAX:00000000 EBX:000008FD ECX:00007FEA EDX:00000000 ESI:000000F2 EDI:0000211E EBP:00007BD8 ESP:00007BC2 DS:F600 ES:1688 FS:0000 GS:0000 SS:3E00 CF:0 ZF:0 SF:0 OF:0 AF:0 PF:0 IF:1
165E:000001BB  cmp  bx,0B19                                           EAX:00000000 EBX:000008FE ECX:00007FEA EDX:00000000 ESI:000000F2 EDI:0000211E EBP:00007BD8 ESP:00007BC2 DS:F600 ES:1688 FS:0000 GS:0000 SS:3E00 CF:0 ZF:0 SF:0 OF:0 AF:0 PF:0 IF:1
165E:000001BF  jc   000001B5 ($-c)             (up)                   EAX:00000000 EBX:000008FE ECX:00007FEA EDX:00000000 ESI:000000F2 EDI:0000211E EBP:00007BD8 ESP:00007BC2 DS:F600 ES:1688 FS:0000 GS:0000 SS:3E00 CF:1 ZF:0 SF:1 OF:0 AF:0 PF:0 IF:1
165E:000001B5  lodsw                                                  EAX:00000000 EBX:000008FE ECX:00007FEA EDX:00000000 ESI:000000F2 EDI:0000211E EBP:00007BD8 ESP:00007BC2 DS:F600 ES:1688 FS:0000 GS:0000 SS:3E00 CF:1 ZF:0 SF:1 OF:0 AF:0 PF:0 IF:1
165E:000001B6  xor  es:[bx],ax                 es:[08FE]=816A         EAX:00000000 EBX:000008FE ECX:00007FEA EDX:00000000 ESI:000000F4 EDI:0000211E EBP:00007BD8 ESP:00007BC2 DS:F600 ES:1688 FS:0000 GS:0000 SS:3E00 CF:1 ZF:0 SF:1 OF:0 AF:0 PF:0 IF:1
165E:000001B9  inc  bx                                                EAX:00000000 EBX:000008FE ECX:00007FEA EDX:00000000 ESI:000000F4 EDI:0000211E EBP:00007BD8 ESP:00007BC2 DS:F600 ES:1688 FS:0000 GS:0000 SS:3E00 CF:0 ZF:0 SF:1 OF:0 AF:0 PF:1 IF:1
165E:000001BA  inc  bx                                                EAX:00000000 EBX:000008FF ECX:00007FEA EDX:00000000 ESI:000000F4 EDI:0000211E EBP:00007BD8 ESP:00007BC2 DS:F600 ES:1688 FS:0000 GS:0000 SS:3E00 CF:0 ZF:0 SF:0 OF:0 AF:0 PF:1 IF:1
165E:000001BB  cmp  bx,0B19                                           EAX:00000000 EBX:00000900 ECX:00007FEA EDX:00000000 ESI:000000F4 EDI:0000211E EBP:00007BD8 ESP:00007BC2 DS:F600 ES:1688 FS:0000 GS:0000 SS:3E00 CF:0 ZF:0 SF:0 OF:0 AF:1 PF:1 IF:1
165E:000001BF  jc   000001B5 ($-c)             (up)                   EAX:00000000 EBX:00000900 ECX:00007FEA EDX:00000000 ESI:000000F4 EDI:0000211E EBP:00007BD8 ESP:00007BC2 DS:F600 ES:1688 FS:0000 GS:0000 SS:3E00 CF:1 ZF:0 SF:1 OF:0 AF:1 PF:1 IF:1
165E:000001B5  lodsw                                                  EAX:00000000 EBX:00000900 ECX:00007FEA EDX:00000000 ESI:000000F4 EDI:0000211E EBP:00007BD8 ESP:00007BC2 DS:F600 ES:1688 FS:0000 GS:0000 SS:3E00 CF:1 ZF:0 SF:1 OF:0 AF:1 PF:1 IF:1
165E:000001B6  xor  es:[bx],ax                 es:[0900]=1C98         EAX:00000000 EBX:00000900 ECX:00007FEA EDX:00000000 ESI:000000F6 EDI:0000211E EBP:00007BD8 ESP:00007BC2 DS:F600 ES:1688 FS:0000 GS:0000 SS:3E00 CF:1 ZF:0 SF:1 OF:0 AF:1 PF:1 IF:1
165E:000001B9  inc  bx                                                EAX:00000000 EBX:00000900 ECX:00007FEA EDX:00000000 ESI:000000F6 EDI:0000211E EBP:00007BD8 ESP:00007BC2 DS:F600 ES:1688 FS:0000 GS:0000 SS:3E00 CF:0 ZF:0 SF:0 OF:0 AF:0 PF:0 IF:1
165E:000001BA  inc  bx                                                EAX:00000000 EBX:00000901 ECX:00007FEA EDX:00000000 ESI:000000F6 EDI:0000211E EBP:00007BD8 ESP:00007BC2 DS:F600 ES:1688 FS:0000 GS:0000 SS:3E00 CF:0 ZF:0 SF:0 OF:0 AF:0 PF:0 IF:1
165E:000001BB  cmp  bx,0B19                                           EAX:00000000 EBX:00000902 ECX:00007FEA EDX:00000000 ESI:000000F6 EDI:0000211E EBP:00007BD8 ESP:00007BC2 DS:F600 ES:1688 FS:0000 GS:0000 SS:3E00 CF:0 ZF:0 SF:0 OF:0 AF:0 PF:0 IF:1
165E:000001BF  jc   000001B5 ($-c)             (up)                   EAX:00000000 EBX:00000902 ECX:00007FEA EDX:00000000 ESI:000000F6 EDI:0000211E EBP:00007BD8 ESP:00007BC2 DS:F600 ES:1688 FS:0000 GS:0000 SS:3E00 CF:1 ZF:0 SF:1 OF:0 AF:1 PF:0 IF:1
165E:000001B5  lodsw                                                  EAX:00000000 EBX:00000902 ECX:00007FEA EDX:00000000 ESI:000000F6 EDI:0000211E EBP:00007BD8 ESP:00007BC2 DS:F600 ES:1688 FS:0000 GS:0000 SS:3E00 CF:1 ZF:0 SF:1 OF:0 AF:1 PF:0 IF:1
165E:000001B6  xor  es:[bx],ax                 es:[0902]=F259         EAX:00000000 EBX:00000902 ECX:00007FEA EDX:00000000 ESI:000000F8 EDI:0000211E EBP:00007BD8 ESP:00007BC2 DS:F600 ES:1688 FS:0000 GS:0000 SS:3E00 CF:1 ZF:0 SF:1 OF:0 AF:1 PF:0 IF:1
165E:000001B9  inc  bx                                                EAX:00000000 EBX:00000902 ECX:00007FEA EDX:00000000 ESI:000000F8 EDI:0000211E EBP:00007BD8 ESP:00007BC2 DS:F600 ES:1688 FS:0000 GS:0000 SS:3E00 CF:0 ZF:0 SF:1 OF:0 AF:0 PF:1 IF:1
165E:000001BA  inc  bx                                                EAX:00000000 EBX:00000903 ECX:00007FEA EDX:00000000 ESI:000000F8 EDI:0000211E EBP:00007BD8 ESP:00007BC2 DS:F600 ES:1688 FS:0000 GS:0000 SS:3E00 CF:0 ZF:0 SF:0 OF:0 AF:0 PF:1 IF:1
165E:000001BB  cmp  bx,0B19                                           EAX:00000000 EBX:00000904 ECX:00007FEA EDX:00000000 ESI:000000F8 EDI:0000211E EBP:00007BD8 ESP:00007BC2 DS:F600 ES:1688 FS:0000 GS:0000 SS:3E00 CF:0 ZF:0 SF:0 OF:0 AF:0 PF:0 IF:1
165E:000001BF  jc   000001B5 ($-c)             (up)                   EAX:00000000 EBX:00000904 ECX:00007FEA EDX:00000000 ESI:000000F8 EDI:0000211E EBP:00007BD8 ESP:00007BC2 DS:F600 ES:1688 FS:0000 GS:0000 SS:3E00 CF:1 ZF:0 SF:1 OF:0 AF:1 PF:1 IF:1
165E:000001B5  lodsw                                                  EAX:00000000 EBX:00000904 ECX:00007FEA EDX:00000000 ESI:000000F8 EDI:0000211E EBP:00007BD8 ESP:00007BC2 DS:F600 ES:1688 FS:0000 GS:0000 SS:3E00 CF:1 ZF:0 SF:1 OF:0 AF:1 PF:1 IF:1
165E:000001B6  xor  es:[bx],ax                 es:[0904]=9D20         EAX:00000000 EBX:00000904 ECX:00007FEA EDX:00000000 ESI:000000FA EDI:0000211E EBP:00007BD8 ESP:00007BC2 DS:F600 ES:1688 FS:0000 GS:0000 SS:3E00 CF:1 ZF:0 SF:1 OF:0 AF:1 PF:1 IF:1
165E:000001B9  inc  bx                                                EAX:00000000 EBX:00000904 ECX:00007FEA EDX:00000000 ESI:000000FA EDI:0000211E EBP:00007BD8 ESP:00007BC2 DS:F600 ES:1688 FS:0000 GS:0000 SS:3E00 CF:0 ZF:0 SF:1 OF:0 AF:0 PF:0 IF:1
165E:000001BA  inc  bx                                                EAX:00000000 EBX:00000905 ECX:00007FEA EDX:00000000 ESI:000000FA EDI:0000211E EBP:00007BD8 ESP:00007BC2 DS:F600 ES:1688 FS:0000 GS:0000 SS:3E00 CF:0 ZF:0 SF:0 OF:0 AF:0 PF:1 IF:1
165E:000001BB  cmp  bx,0B19                                           EAX:00000000 EBX:00000906 ECX:00007FEA EDX:00000000 ESI:000000FA EDI:0000211E EBP:00007BD8 ESP:00007BC2 DS:F600 ES:1688 FS:0000 GS:0000 SS:3E00 CF:0 ZF:0 SF:0 OF:0 AF:0 PF:1 IF:1
165E:000001BF  jc   000001B5 ($-c)             (up)                   EAX:00000000 EBX:00000906 ECX:00007FEA EDX:00000000 ESI:000000FA EDI:0000211E EBP:00007BD8 ESP:00007BC2 DS:F600 ES:1688 FS:0000 GS:0000 SS:3E00 CF:1 ZF:0 SF:1 OF:0 AF:1 PF:1 IF:1
165E:000001B5  lodsw                                                  EAX:00000000 EBX:00000906 ECX:00007FEA EDX:00000000 ESI:000000FA EDI:0000211E EBP:00007BD8 ESP:00007BC2 DS:F600 ES:1688 FS:0000 GS:0000 SS:3E00 CF:1 ZF:0 SF:1 OF:0 AF:1 PF:1 IF:1
165E:000001B6  xor  es:[bx],ax                 es:[0906]=5EDE         EAX:00000000 EBX:00000906 ECX:00007FEA EDX:00000000 ESI:000000FC EDI:0000211E EBP:00007BD8 ESP:00007BC2 DS:F600 ES:1688 FS:0000 GS:0000 SS:3E00 CF:1 ZF:0 SF:1 OF:0 AF:1 PF:1 IF:1
165E:000001B9  inc  bx                                                EAX:00000000 EBX:00000906 ECX:00007FEA EDX:00000000 ESI:000000FC EDI:0000211E EBP:00007BD8 ESP:00007BC2 DS:F600 ES:1688 FS:0000 GS:0000 SS:3E00 CF:0 ZF:0 SF:0 OF:0 AF:0 PF:1 IF:1
165E:000001BA  inc  bx                                                EAX:00000000 EBX:00000907 ECX:00007FEA EDX:00000000 ESI:000000FC EDI:0000211E EBP:00007BD8 ESP:00007BC2 DS:F600 ES:1688 FS:0000 GS:0000 SS:3E00 CF:0 ZF:0 SF:0 OF:0 AF:0 PF:0 IF:1
165E:000001BB  cmp  bx,0B19                                           EAX:00000000 EBX:00000908 ECX:00007FEA EDX:00000000 ESI:000000FC EDI:0000211E EBP:00007BD8 ESP:00007BC2 DS:F600 ES:1688 FS:0000 GS:0000 SS:3E00 CF:0 ZF:0 SF:0 OF:0 AF:0 PF:0 IF:1
165E:000001BF  jc   000001B5 ($-c)             (up)                   EAX:00000000 EBX:00000908 ECX:00007FEA EDX:00000000 ESI:000000FC EDI:0000211E EBP:00007BD8 ESP:00007BC2 DS:F600 ES:1688 FS:0000 GS:0000 SS:3E00 CF:1 ZF:0 SF:1 OF:0 AF:1 PF:0 IF:1
165E:000001B5  lodsw                                                  EAX:00000000 EBX:00000908 ECX:00007FEA EDX:00000000 ESI:000000FC EDI:0000211E EBP:00007BD8 ESP:00007BC2 DS:F600 ES:1688 FS:0000 GS:0000 SS:3E00 CF:1 ZF:0 SF:1 OF:0 AF:1 PF:0 IF:1
165E:000001B6  xor  es:[bx],ax                 es:[0908]=2BA8         EAX:00000000 EBX:00000908 ECX:00007FEA EDX:00000000 ESI:000000FE EDI:0000211E EBP:00007BD8 ESP:00007BC2 DS:F600 ES:1688 FS:0000 GS:0000 SS:3E00 CF:1 ZF:0 SF:1 OF:0 AF:1 PF:0 IF:1
165E:000001B9  inc  bx                                                EAX:00000000 EBX:00000908 ECX:00007FEA EDX:00000000 ESI:000000FE EDI:0000211E EBP:00007BD8 ESP:00007BC2 DS:F600 ES:1688 FS:0000 GS:0000 SS:3E00 CF:0 ZF:0 SF:0 OF:0 AF:0 PF:0 IF:1
165E:000001BA  inc  bx                                                EAX:00000000 EBX:00000909 ECX:00007FEA EDX:00000000 ESI:000000FE EDI:0000211E EBP:00007BD8 ESP:00007BC2 DS:F600 ES:1688 FS:0000 GS:0000 SS:3E00 CF:0 ZF:0 SF:0 OF:0 AF:0 PF:1 IF:1
165E:000001BB  cmp  bx,0B19                                           EAX:00000000 EBX:0000090A ECX:00007FEA EDX:00000000 ESI:000000FE EDI:0000211E EBP:00007BD8 ESP:00007BC2 DS:F600 ES:1688 FS:0000 GS:0000 SS:3E00 CF:0 ZF:0 SF:0 OF:0 AF:0 PF:1 IF:1
165E:000001BF  jc   000001B5 ($-c)             (up)                   EAX:00000000 EBX:0000090A ECX:00007FEA EDX:00000000 ESI:000000FE EDI:0000211E EBP:00007BD8 ESP:00007BC2 DS:F600 ES:1688 FS:0000 GS:0000 SS:3E00 CF:1 ZF:0 SF:1 OF:0 AF:0 PF:0 IF:1
165E:000001B5  lodsw                                                  EAX:00000000 EBX:0000090A ECX:00007FEA EDX:00000000 ESI:000000FE EDI:0000211E EBP:00007BD8 ESP:00007BC2 DS:F600 ES:1688 FS:0000 GS:0000 SS:3E00 CF:1 ZF:0 SF:1 OF:0 AF:0 PF:0 IF:1
165E:000001B6  xor  es:[bx],ax                 es:[090A]=1147         EAX:00000000 EBX:0000090A ECX:00007FEA EDX:00000000 ESI:00000100 EDI:0000211E EBP:00007BD8 ESP:00007BC2 DS:F600 ES:1688 FS:0000 GS:0000 SS:3E00 CF:1 ZF:0 SF:1 OF:0 AF:0 PF:0 IF:1
165E:000001B9  inc  bx                                                EAX:00000000 EBX:0000090A ECX:00007FEA EDX:00000000 ESI:00000100 EDI:0000211E EBP:00007BD8 ESP:00007BC2 DS:F600 ES:1688 FS:0000 GS:0000 SS:3E00 CF:0 ZF:0 SF:0 OF:0 AF:0 PF:1 IF:1
165E:000001BA  inc  bx                                                EAX:00000000 EBX:0000090B ECX:00007FEA EDX:00000000 ESI:00000100 EDI:0000211E EBP:00007BD8 ESP:00007BC2 DS:F600 ES:1688 FS:0000 GS:0000 SS:3E00 CF:0 ZF:0 SF:0 OF:0 AF:0 PF:0 IF:1
165E:000001BB  cmp  bx,0B19                                           EAX:00000000 EBX:0000090C ECX:00007FEA EDX:00000000 ESI:00000100 EDI:0000211E EBP:00007BD8 ESP:00007BC2 DS:F600 ES:1688 FS:0000 GS:0000 SS:3E00 CF:0 ZF:0 SF:0 OF:0 AF:0 PF:1 IF:1
165E:000001BF  jc   000001B5 ($-c)             (up)                   EAX:00000000 EBX:0000090C ECX:00007FEA EDX:00000000 ESI:00000100 EDI:0000211E EBP:00007BD8 ESP:00007BC2 DS:F600 ES:1688 FS:0000 GS:0000 SS:3E00 CF:1 ZF:0 SF:1 OF:0 AF:0 PF:1 IF:1
165E:000001B5  lodsw                                                  EAX:00000000 EBX:0000090C ECX:00007FEA EDX:00000000 ESI:00000100 EDI:0000211E EBP:00007BD8 ESP:00007BC2 DS:F600 ES:1688 FS:0000 GS:0000 SS:3E00 CF:1 ZF:0 SF:1 OF:0 AF:0 PF:1 IF:1
165E:000001B6  xor  es:[bx],ax                 es:[090C]=5708         EAX:00000000 EBX:0000090C ECX:00007FEA EDX:00000000 ESI:00000102 EDI:0000211E EBP:00007BD8 ESP:00007BC2 DS:F600 ES:1688 FS:0000 GS:0000 SS:3E00 CF:1 ZF:0 SF:1 OF:0 AF:0 PF:1 IF:1
165E:000001B9  inc  bx                                                EAX:00000000 EBX:0000090C ECX:00007FEA EDX:00000000 ESI:00000102 EDI:0000211E EBP:00007BD8 ESP:00007BC2 DS:F600 ES:1688 FS:0000 GS:0000 SS:3E00 CF:0 ZF:0 SF:0 OF:0 AF:0 PF:0 IF:1
165E:000001BA  inc  bx                                                EAX:00000000 EBX:0000090D ECX:00007FEA EDX:00000000 ESI:00000102 EDI:0000211E EBP:00007BD8 ESP:00007BC2 DS:F600 ES:1688 FS:0000 GS:0000 SS:3E00 CF:0 ZF:0 SF:0 OF:0 AF:0 PF:0 IF:1
165E:000001BB  cmp  bx,0B19                                           EAX:00000000 EBX:0000090E ECX:00007FEA EDX:00000000 ESI:00000102 EDI:0000211E EBP:00007BD8 ESP:00007BC2 DS:F600 ES:1688 FS:0000 GS:0000 SS:3E00 CF:0 ZF:0 SF:0 OF:0 AF:0 PF:0 IF:1
165E:000001BF  jc   000001B5 ($-c)             (up)                   EAX:00000000 EBX:0000090E ECX:00007FEA EDX:00000000 ESI:00000102 EDI:0000211E EBP:00007BD8 ESP:00007BC2 DS:F600 ES:1688 FS:0000 GS:0000 SS:3E00 CF:1 ZF:0 SF:1 OF:0 AF:0 PF:1 IF:1
165E:000001B5  lodsw                                                  EAX:00000000 EBX:0000090E ECX:00007FEA EDX:00000000 ESI:00000102 EDI:0000211E EBP:00007BD8 ESP:00007BC2 DS:F600 ES:1688 FS:0000 GS:0000 SS:3E00 CF:1 ZF:0 SF:1 OF:0 AF:0 PF:1 IF:1
165E:000001B6  xor  es:[bx],ax                 es:[090E]=C46F         EAX:00000000 EBX:0000090E ECX:00007FEA EDX:00000000 ESI:00000104 EDI:0000211E EBP:00007BD8 ESP:00007BC2 DS:F600 ES:1688 FS:0000 GS:0000 SS:3E00 CF:1 ZF:0 SF:1 OF:0 AF:0 PF:1 IF:1
165E:000001B9  inc  bx                                                EAX:00000000 EBX:0000090E ECX:00007FEA EDX:00000000 ESI:00000104 EDI:0000211E EBP:00007BD8 ESP:00007BC2 DS:F600 ES:1688 FS:0000 GS:0000 SS:3E00 CF:0 ZF:0 SF:1 OF:0 AF:0 PF:1 IF:1
165E:000001BA  inc  bx                                                EAX:00000000 EBX:0000090F ECX:00007FEA EDX:00000000 ESI:00000104 EDI:0000211E EBP:00007BD8 ESP:00007BC2 DS:F600 ES:1688 FS:0000 GS:0000 SS:3E00 CF:0 ZF:0 SF:0 OF:0 AF:0 PF:1 IF:1
165E:000001BB  cmp  bx,0B19                                           EAX:00000000 EBX:00000910 ECX:00007FEA EDX:00000000 ESI:00000104 EDI:0000211E EBP:00007BD8 ESP:00007BC2 DS:F600 ES:1688 FS:0000 GS:0000 SS:3E00 CF:0 ZF:0 SF:0 OF:0 AF:1 PF:0 IF:1
165E:000001BF  jc   000001B5 ($-c)             (up)                   EAX:00000000 EBX:00000910 ECX:00007FEA EDX:00000000 ESI:00000104 EDI:0000211E EBP:00007BD8 ESP:00007BC2 DS:F600 ES:1688 FS:0000 GS:0000 SS:3E00 CF:1 ZF:0 SF:1 OF:0 AF:1 PF:0 IF:1
165E:000001B5  lodsw                                                  EAX:00000000 EBX:00000910 ECX:00007FEA EDX:00000000 ESI:00000104 EDI:0000211E EBP:00007BD8 ESP:00007BC2 DS:F600 ES:1688 FS:0000 GS:0000 SS:3E00 CF:1 ZF:0 SF:1 OF:0 AF:1 PF:0 IF:1
165E:000001B6  xor  es:[bx],ax                 es:[0910]=8E82         EAX:00000000 EBX:00000910 ECX:00007FEA EDX:00000000 ESI:00000106 EDI:0000211E EBP:00007BD8 ESP:00007BC2 DS:F600 ES:1688 FS:0000 GS:0000 SS:3E00 CF:1 ZF:0 SF:1 OF:0 AF:1 PF:0 IF:1
165E:000001B9  inc  bx                                                EAX:00000000 EBX:00000910 ECX:00007FEA EDX:00000000 ESI:00000106 EDI:0000211E EBP:00007BD8 ESP:00007BC2 DS:F600 ES:1688 FS:0000 GS:0000 SS:3E00 CF:0 ZF:0 SF:1 OF:0 AF:0 PF:1 IF:1
165E:000001BA  inc  bx                                                EAX:00000000 EBX:00000911 ECX:00007FEA EDX:00000000 ESI:00000106 EDI:0000211E EBP:00007BD8 ESP:00007BC2 DS:F600 ES:1688 FS:0000 GS:0000 SS:3E00 CF:0 ZF:0 SF:0 OF:0 AF:0 PF:1 IF:1
165E:000001BB  cmp  bx,0B19                                           EAX:00000000 EBX:00000912 ECX:00007FEA EDX:00000000 ESI:00000106 EDI:0000211E EBP:00007BD8 ESP:00007BC2 DS:F600 ES:1688 FS:0000 GS:0000 SS:3E00 CF:0 ZF:0 SF:0 OF:0 AF:0 PF:1 IF:1
165E:000001BF  jc   000001B5 ($-c)             (up)                   EAX:00000000 EBX:00000912 ECX:00007FEA EDX:00000000 ESI:00000106 EDI:0000211E EBP:00007BD8 ESP:00007BC2 DS:F600 ES:1688 FS:0000 GS:0000 SS:3E00 CF:1 ZF:0 SF:1 OF:0 AF:1 PF:1 IF:1
165E:000001B5  lodsw                                                  EAX:00000000 EBX:00000912 ECX:00007FEA EDX:00000000 ESI:00000106 EDI:0000211E EBP:00007BD8 ESP:00007BC2 DS:F600 ES:1688 FS:0000 GS:0000 SS:3E00 CF:1 ZF:0 SF:1 OF:0 AF:1 PF:1 IF:1
165E:000001B6  xor  es:[bx],ax                 es:[0912]=9402         EAX:00000000 EBX:00000912 ECX:00007FEA EDX:00000000 ESI:00000108 EDI:0000211E EBP:00007BD8 ESP:00007BC2 DS:F600 ES:1688 FS:0000 GS:0000 SS:3E00 CF:1 ZF:0 SF:1 OF:0 AF:1 PF:1 IF:1
165E:000001B9  inc  bx                                                EAX:00000000 EBX:00000912 ECX:00007FEA EDX:00000000 ESI:00000108 EDI:0000211E EBP:00007BD8 ESP:00007BC2 DS:F600 ES:1688 FS:0000 GS:0000 SS:3E00 CF:0 ZF:0 SF:1 OF:0 AF:0 PF:0 IF:1
165E:000001BA  inc  bx                                                EAX:00000000 EBX:00000913 ECX:00007FEA EDX:00000000 ESI:00000108 EDI:0000211E EBP:00007BD8 ESP:00007BC2 DS:F600 ES:1688 FS:0000 GS:0000 SS:3E00 CF:0 ZF:0 SF:0 OF:0 AF:0 PF:0 IF:1
165E:000001BB  cmp  bx,0B19                                           EAX:00000000 EBX:00000914 ECX:00007FEA EDX:00000000 ESI:00000108 EDI:0000211E EBP:00007BD8 ESP:00007BC2 DS:F600 ES:1688 FS:0000 GS:0000 SS:3E00 CF:0 ZF:0 SF:0 OF:0 AF:0 PF:1 IF:1
165E:000001BF  jc   000001B5 ($-c)             (up)                   EAX:00000000 EBX:00000914 ECX:00007FEA EDX:00000000 ESI:00000108 EDI:0000211E EBP:00007BD8 ESP:00007BC2 DS:F600 ES:1688 FS:0000 GS:0000 SS:3E00 CF:1 ZF:0 SF:1 OF:0 AF:1 PF:0 IF:1
165E:000001B5  lodsw                                                  EAX:00000000 EBX:00000914 ECX:00007FEA EDX:00000000 ESI:00000108 EDI:0000211E EBP:00007BD8 ESP:00007BC2 DS:F600 ES:1688 FS:0000 GS:0000 SS:3E00 CF:1 ZF:0 SF:1 OF:0 AF:1 PF:0 IF:1
165E:000001B6  xor  es:[bx],ax                 es:[0914]=E2E9         EAX:00000000 EBX:00000914 ECX:00007FEA EDX:00000000 ESI:0000010A EDI:0000211E EBP:00007BD8 ESP:00007BC2 DS:F600 ES:1688 FS:0000 GS:0000 SS:3E00 CF:1 ZF:0 SF:1 OF:0 AF:1 PF:0 IF:1
165E:000001B9  inc  bx                                                EAX:00000000 EBX:00000914 ECX:00007FEA EDX:00000000 ESI:0000010A EDI:0000211E EBP:00007BD8 ESP:00007BC2 DS:F600 ES:1688 FS:0000 GS:0000 SS:3E00 CF:0 ZF:0 SF:1 OF:0 AF:0 PF:0 IF:1
165E:000001BA  inc  bx                                                EAX:00000000 EBX:00000915 ECX:00007FEA EDX:00000000 ESI:0000010A EDI:0000211E EBP:00007BD8 ESP:00007BC2 DS:F600 ES:1688 FS:0000 GS:0000 SS:3E00 CF:0 ZF:0 SF:0 OF:0 AF:0 PF:0 IF:1
165E:000001BB  cmp  bx,0B19                                           EAX:00000000 EBX:00000916 ECX:00007FEA EDX:00000000 ESI:0000010A EDI:0000211E EBP:00007BD8 ESP:00007BC2 DS:F600 ES:1688 FS:0000 GS:0000 SS:3E00 CF:0 ZF:0 SF:0 OF:0 AF:0 PF:0 IF:1
165E:000001BF  jc   000001B5 ($-c)             (up)                   EAX:00000000 EBX:00000916 ECX:00007FEA EDX:00000000 ESI:0000010A EDI:0000211E EBP:00007BD8 ESP:00007BC2 DS:F600 ES:1688 FS:0000 GS:0000 SS:3E00 CF:1 ZF:0 SF:1 OF:0 AF:1 PF:0 IF:1
165E:000001B5  lodsw                                                  EAX:00000000 EBX:00000916 ECX:00007FEA EDX:00000000 ESI:0000010A EDI:0000211E EBP:00007BD8 ESP:00007BC2 DS:F600 ES:1688 FS:0000 GS:0000 SS:3E00 CF:1 ZF:0 SF:1 OF:0 AF:1 PF:0 IF:1
165E:000001B6  xor  es:[bx],ax                 es:[0916]=B201         EAX:00000000 EBX:00000916 ECX:00007FEA EDX:00000000 ESI:0000010C EDI:0000211E EBP:00007BD8 ESP:00007BC2 DS:F600 ES:1688 FS:0000 GS:0000 SS:3E00 CF:1 ZF:0 SF:1 OF:0 AF:1 PF:0 IF:1
165E:000001B9  inc  bx                                                EAX:00000000 EBX:00000916 ECX:00007FEA EDX:00000000 ESI:0000010C EDI:0000211E EBP:00007BD8 ESP:00007BC2 DS:F600 ES:1688 FS:0000 GS:0000 SS:3E00 CF:0 ZF:0 SF:1 OF:0 AF:0 PF:0 IF:1
165E:000001BA  inc  bx                                                EAX:00000000 EBX:00000917 ECX:00007FEA EDX:00000000 ESI:0000010C EDI:0000211E EBP:00007BD8 ESP:00007BC2 DS:F600 ES:1688 FS:0000 GS:0000 SS:3E00 CF:0 ZF:0 SF:0 OF:0 AF:0 PF:1 IF:1
165E:000001BB  cmp  bx,0B19                                           EAX:00000000 EBX:00000918 ECX:00007FEA EDX:00000000 ESI:0000010C EDI:0000211E EBP:00007BD8 ESP:00007BC2 DS:F600 ES:1688 FS:0000 GS:0000 SS:3E00 CF:0 ZF:0 SF:0 OF:0 AF:0 PF:1 IF:1
165E:000001BF  jc   000001B5 ($-c)             (up)                   EAX:00000000 EBX:00000918 ECX:00007FEA EDX:00000000 ESI:0000010C EDI:0000211E EBP:00007BD8 ESP:00007BC2 DS:F600 ES:1688 FS:0000 GS:0000 SS:3E00 CF:1 ZF:0 SF:1 OF:0 AF:1 PF:1 IF:1
165E:000001B5  lodsw                                                  EAX:00000000 EBX:00000918 ECX:00007FEA EDX:00000000 ESI:0000010C EDI:0000211E EBP:00007BD8 ESP:00007BC2 DS:F600 ES:1688 FS:0000 GS:0000 SS:3E00 CF:1 ZF:0 SF:1 OF:0 AF:1 PF:1 IF:1
165E:000001B6  xor  es:[bx],ax                 es:[0918]=DE1F         EAX:00000000 EBX:00000918 ECX:00007FEA EDX:00000000 ESI:0000010E EDI:0000211E EBP:00007BD8 ESP:00007BC2 DS:F600 ES:1688 FS:0000 GS:0000 SS:3E00 CF:1 ZF:0 SF:1 OF:0 AF:1 PF:1 IF:1
165E:000001B9  inc  bx                                                EAX:00000000 EBX:00000918 ECX:00007FEA EDX:00000000 ESI:0000010E EDI:0000211E EBP:00007BD8 ESP:00007BC2 DS:F600 ES:1688 FS:0000 GS:0000 SS:3E00 CF:0 ZF:0 SF:1 OF:0 AF:0 PF:0 IF:1
165E:000001BA  inc  bx                                                EAX:00000000 EBX:00000919 ECX:00007FEA EDX:00000000 ESI:0000010E EDI:0000211E EBP:00007BD8 ESP:00007BC2 DS:F600 ES:1688 FS:0000 GS:0000 SS:3E00 CF:0 ZF:0 SF:0 OF:0 AF:0 PF:0 IF:1
165E:000001BB  cmp  bx,0B19                                           EAX:00000000 EBX:0000091A ECX:00007FEA EDX:00000000 ESI:0000010E EDI:0000211E EBP:00007BD8 ESP:00007BC2 DS:F600 ES:1688 FS:0000 GS:0000 SS:3E00 CF:0 ZF:0 SF:0 OF:0 AF:0 PF:0 IF:1
165E:000001BF  jc   000001B5 ($-c)             (up)                   EAX:00000000 EBX:0000091A ECX:00007FEA EDX:00000000 ESI:0000010E EDI:0000211E EBP:00007BD8 ESP:00007BC2 DS:F600 ES:1688 FS:0000 GS:0000 SS:3E00 CF:1 ZF:0 SF:1 OF:0 AF:0 PF:0 IF:1
165E:000001B5  lodsw                                                  EAX:00000000 EBX:0000091A ECX:00007FEA EDX:00000000 ESI:0000010E EDI:0000211E EBP:00007BD8 ESP:00007BC2 DS:F600 ES:1688 FS:0000 GS:0000 SS:3E00 CF:1 ZF:0 SF:1 OF:0 AF:0 PF:0 IF:1
165E:000001B6  xor  es:[bx],ax                 es:[091A]=B651         EAX:00000000 EBX:0000091A ECX:00007FEA EDX:00000000 ESI:00000110 EDI:0000211E EBP:00007BD8 ESP:00007BC2 DS:F600 ES:1688 FS:0000 GS:0000 SS:3E00 CF:1 ZF:0 SF:1 OF:0 AF:0 PF:0 IF:1
165E:000001B9  inc  bx                                                EAX:00000000 EBX:0000091A ECX:00007FEA EDX:00000000 ESI:00000110 EDI:0000211E EBP:00007BD8 ESP:00007BC2 DS:F600 ES:1688 FS:0000 GS:0000 SS:3E00 CF:0 ZF:0 SF:1 OF:0 AF:0 PF:0 IF:1
165E:000001BA  inc  bx                                                EAX:00000000 EBX:0000091B ECX:00007FEA EDX:00000000 ESI:00000110 EDI:0000211E EBP:00007BD8 ESP:00007BC2 DS:F600 ES:1688 FS:0000 GS:0000 SS:3E00 CF:0 ZF:0 SF:0 OF:0 AF:0 PF:1 IF:1
165E:000001BB  cmp  bx,0B19                                           EAX:00000000 EBX:0000091C ECX:00007FEA EDX:00000000 ESI:00000110 EDI:0000211E EBP:00007BD8 ESP:00007BC2 DS:F600 ES:1688 FS:0000 GS:0000 SS:3E00 CF:0 ZF:0 SF:0 OF:0 AF:0 PF:0 IF:1
165E:000001BF  jc   000001B5 ($-c)             (up)                   EAX:00000000 EBX:0000091C ECX:00007FEA EDX:00000000 ESI:00000110 EDI:0000211E EBP:00007BD8 ESP:00007BC2 DS:F600 ES:1688 FS:0000 GS:0000 SS:3E00 CF:1 ZF:0 SF:1 OF:0 AF:0 PF:1 IF:1
165E:000001B5  lodsw                                                  EAX:00000000 EBX:0000091C ECX:00007FEA EDX:00000000 ESI:00000110 EDI:0000211E EBP:00007BD8 ESP:00007BC2 DS:F600 ES:1688 FS:0000 GS:0000 SS:3E00 CF:1 ZF:0 SF:1 OF:0 AF:0 PF:1 IF:1
165E:000001B6  xor  es:[bx],ax                 es:[091C]=A250         EAX:00000000 EBX:0000091C ECX:00007FEA EDX:00000000 ESI:00000112 EDI:0000211E EBP:00007BD8 ESP:00007BC2 DS:F600 ES:1688 FS:0000 GS:0000 SS:3E00 CF:1 ZF:0 SF:1 OF:0 AF:0 PF:1 IF:1
165E:000001B9  inc  bx                                                EAX:00000000 EBX:0000091C ECX:00007FEA EDX:00000000 ESI:00000112 EDI:0000211E EBP:00007BD8 ESP:00007BC2 DS:F600 ES:1688 FS:0000 GS:0000 SS:3E00 CF:0 ZF:0 SF:1 OF:0 AF:0 PF:1 IF:1
165E:000001BA  inc  bx                                                EAX:00000000 EBX:0000091D ECX:00007FEA EDX:00000000 ESI:00000112 EDI:0000211E EBP:00007BD8 ESP:00007BC2 DS:F600 ES:1688 FS:0000 GS:0000 SS:3E00 CF:0 ZF:0 SF:0 OF:0 AF:0 PF:1 IF:1
165E:000001BB  cmp  bx,0B19                                           EAX:00000000 EBX:0000091E ECX:00007FEA EDX:00000000 ESI:00000112 EDI:0000211E EBP:00007BD8 ESP:00007BC2 DS:F600 ES:1688 FS:0000 GS:0000 SS:3E00 CF:0 ZF:0 SF:0 OF:0 AF:0 PF:1 IF:1
165E:000001BF  jc   000001B5 ($-c)             (up)                   EAX:00000000 EBX:0000091E ECX:00007FEA EDX:00000000 ESI:00000112 EDI:0000211E EBP:00007BD8 ESP:00007BC2 DS:F600 ES:1688 FS:0000 GS:0000 SS:3E00 CF:1 ZF:0 SF:1 OF:0 AF:0 PF:1 IF:1
165E:000001B5  lodsw                                                  EAX:00000000 EBX:0000091E ECX:00007FEA EDX:00000000 ESI:00000112 EDI:0000211E EBP:00007BD8 ESP:00007BC2 DS:F600 ES:1688 FS:0000 GS:0000 SS:3E00 CF:1 ZF:0 SF:1 OF:0 AF:0 PF:1 IF:1
165E:000001B6  xor  es:[bx],ax                 es:[091E]=7256         EAX:00000000 EBX:0000091E ECX:00007FEA EDX:00000000 ESI:00000114 EDI:0000211E EBP:00007BD8 ESP:00007BC2 DS:F600 ES:1688 FS:0000 GS:0000 SS:3E00 CF:1 ZF:0 SF:1 OF:0 AF:0 PF:1 IF:1
165E:000001B9  inc  bx                                                EAX:00000000 EBX:0000091E ECX:00007FEA EDX:00000000 ESI:00000114 EDI:0000211E EBP:00007BD8 ESP:00007BC2 DS:F600 ES:1688 FS:0000 GS:0000 SS:3E00 CF:0 ZF:0 SF:0 OF:0 AF:0 PF:1 IF:1
165E:000001BA  inc  bx                                                EAX:00000000 EBX:0000091F ECX:00007FEA EDX:00000000 ESI:00000114 EDI:0000211E EBP:00007BD8 ESP:00007BC2 DS:F600 ES:1688 FS:0000 GS:0000 SS:3E00 CF:0 ZF:0 SF:0 OF:0 AF:0 PF:0 IF:1
165E:000001BB  cmp  bx,0B19                                           EAX:00000000 EBX:00000920 ECX:00007FEA EDX:00000000 ESI:00000114 EDI:0000211E EBP:00007BD8 ESP:00007BC2 DS:F600 ES:1688 FS:0000 GS:0000 SS:3E00 CF:0 ZF:0 SF:0 OF:0 AF:1 PF:0 IF:1
165E:000001BF  jc   000001B5 ($-c)             (up)                   EAX:00000000 EBX:00000920 ECX:00007FEA EDX:00000000 ESI:00000114 EDI:0000211E EBP:00007BD8 ESP:00007BC2 DS:F600 ES:1688 FS:0000 GS:0000 SS:3E00 CF:1 ZF:0 SF:1 OF:0 AF:1 PF:0 IF:1
165E:000001B5  lodsw                                                  EAX:00000000 EBX:00000920 ECX:00007FEA EDX:00000000 ESI:00000114 EDI:0000211E EBP:00007BD8 ESP:00007BC2 DS:F600 ES:1688 FS:0000 GS:0000 SS:3E00 CF:1 ZF:0 SF:1 OF:0 AF:1 PF:0 IF:1
165E:000001B6  xor  es:[bx],ax                 es:[0920]=8337         EAX:00000000 EBX:00000920 ECX:00007FEA EDX:00000000 ESI:00000116 EDI:0000211E EBP:00007BD8 ESP:00007BC2 DS:F600 ES:1688 FS:0000 GS:0000 SS:3E00 CF:1 ZF:0 SF:1 OF:0 AF:1 PF:0 IF:1
165E:000001B9  inc  bx                                                EAX:00000000 EBX:00000920 ECX:00007FEA EDX:00000000 ESI:00000116 EDI:0000211E EBP:00007BD8 ESP:00007BC2 DS:F600 ES:1688 FS:0000 GS:0000 SS:3E00 CF:0 ZF:0 SF:1 OF:0 AF:0 PF:0 IF:1
165E:000001BA  inc  bx                                                EAX:00000000 EBX:00000921 ECX:00007FEA EDX:00000000 ESI:00000116 EDI:0000211E EBP:00007BD8 ESP:00007BC2 DS:F600 ES:1688 FS:0000 GS:0000 SS:3E00 CF:0 ZF:0 SF:0 OF:0 AF:0 PF:1 IF:1
165E:000001BB  cmp  bx,0B19                                           EAX:00000000 EBX:00000922 ECX:00007FEA EDX:00000000 ESI:00000116 EDI:0000211E EBP:00007BD8 ESP:00007BC2 DS:F600 ES:1688 FS:0000 GS:0000 SS:3E00 CF:0 ZF:0 SF:0 OF:0 AF:0 PF:1 IF:1
165E:000001BF  jc   000001B5 ($-c)             (up)                   EAX:00000000 EBX:00000922 ECX:00007FEA EDX:00000000 ESI:00000116 EDI:0000211E EBP:00007BD8 ESP:00007BC2 DS:F600 ES:1688 FS:0000 GS:0000 SS:3E00 CF:1 ZF:0 SF:1 OF:0 AF:1 PF:1 IF:1
165E:000001B5  lodsw                                                  EAX:00000000 EBX:00000922 ECX:00007FEA EDX:00000000 ESI:00000116 EDI:0000211E EBP:00007BD8 ESP:00007BC2 DS:F600 ES:1688 FS:0000 GS:0000 SS:3E00 CF:1 ZF:0 SF:1 OF:0 AF:1 PF:1 IF:1
165E:000001B6  xor  es:[bx],ax                 es:[0922]=9623         EAX:00000000 EBX:00000922 ECX:00007FEA EDX:00000000 ESI:00000118 EDI:0000211E EBP:00007BD8 ESP:00007BC2 DS:F600 ES:1688 FS:0000 GS:0000 SS:3E00 CF:1 ZF:0 SF:1 OF:0 AF:1 PF:1 IF:1
165E:000001B9  inc  bx                                                EAX:00000000 EBX:00000922 ECX:00007FEA EDX:00000000 ESI:00000118 EDI:0000211E EBP:00007BD8 ESP:00007BC2 DS:F600 ES:1688 FS:0000 GS:0000 SS:3E00 CF:0 ZF:0 SF:1 OF:0 AF:0 PF:0 IF:1
165E:000001BA  inc  bx                                                EAX:00000000 EBX:00000923 ECX:00007FEA EDX:00000000 ESI:00000118 EDI:0000211E EBP:00007BD8 ESP:00007BC2 DS:F600 ES:1688 FS:0000 GS:0000 SS:3E00 CF:0 ZF:0 SF:0 OF:0 AF:0 PF:0 IF:1
165E:000001BB  cmp  bx,0B19                                           EAX:00000000 EBX:00000924 ECX:00007FEA EDX:00000000 ESI:00000118 EDI:0000211E EBP:00007BD8 ESP:00007BC2 DS:F600 ES:1688 FS:0000 GS:0000 SS:3E00 CF:0 ZF:0 SF:0 OF:0 AF:0 PF:1 IF:1
165E:000001BF  jc   000001B5 ($-c)             (up)                   EAX:00000000 EBX:00000924 ECX:00007FEA EDX:00000000 ESI:00000118 EDI:0000211E EBP:00007BD8 ESP:00007BC2 DS:F600 ES:1688 FS:0000 GS:0000 SS:3E00 CF:1 ZF:0 SF:1 OF:0 AF:1 PF:0 IF:1
165E:000001B5  lodsw                                                  EAX:00000000 EBX:00000924 ECX:00007FEA EDX:00000000 ESI:00000118 EDI:0000211E EBP:00007BD8 ESP:00007BC2 DS:F600 ES:1688 FS:0000 GS:0000 SS:3E00 CF:1 ZF:0 SF:1 OF:0 AF:1 PF:0 IF:1
165E:000001B6  xor  es:[bx],ax                 es:[0924]=1E3E         EAX:00000000 EBX:00000924 ECX:00007FEA EDX:00000000 ESI:0000011A EDI:0000211E EBP:00007BD8 ESP:00007BC2 DS:F600 ES:1688 FS:0000 GS:0000 SS:3E00 CF:1 ZF:0 SF:1 OF:0 AF:1 PF:0 IF:1
165E:000001B9  inc  bx                                                EAX:00000000 EBX:00000924 ECX:00007FEA EDX:00000000 ESI:0000011A EDI:0000211E EBP:00007BD8 ESP:00007BC2 DS:F600 ES:1688 FS:0000 GS:0000 SS:3E00 CF:0 ZF:0 SF:0 OF:0 AF:0 PF:0 IF:1
165E:000001BA  inc  bx                                                EAX:00000000 EBX:00000925 ECX:00007FEA EDX:00000000 ESI:0000011A EDI:0000211E EBP:00007BD8 ESP:00007BC2 DS:F600 ES:1688 FS:0000 GS:0000 SS:3E00 CF:0 ZF:0 SF:0 OF:0 AF:0 PF:0 IF:1
165E:000001BB  cmp  bx,0B19                                           EAX:00000000 EBX:00000926 ECX:00007FEA EDX:00000000 ESI:0000011A EDI:0000211E EBP:00007BD8 ESP:00007BC2 DS:F600 ES:1688 FS:0000 GS:0000 SS:3E00 CF:0 ZF:0 SF:0 OF:0 AF:0 PF:0 IF:1
165E:000001BF  jc   000001B5 ($-c)             (up)                   EAX:00000000 EBX:00000926 ECX:00007FEA EDX:00000000 ESI:0000011A EDI:0000211E EBP:00007BD8 ESP:00007BC2 DS:F600 ES:1688 FS:0000 GS:0000 SS:3E00 CF:1 ZF:0 SF:1 OF:0 AF:1 PF:0 IF:1
165E:000001B5  lodsw                                                  EAX:00000000 EBX:00000926 ECX:00007FEA EDX:00000000 ESI:0000011A EDI:0000211E EBP:00007BD8 ESP:00007BC2 DS:F600 ES:1688 FS:0000 GS:0000 SS:3E00 CF:1 ZF:0 SF:1 OF:0 AF:1 PF:0 IF:1
165E:000001B6  xor  es:[bx],ax                 es:[0926]=0176         EAX:00000000 EBX:00000926 ECX:00007FEA EDX:00000000 ESI:0000011C EDI:0000211E EBP:00007BD8 ESP:00007BC2 DS:F600 ES:1688 FS:0000 GS:0000 SS:3E00 CF:1 ZF:0 SF:1 OF:0 AF:1 PF:0 IF:1
165E:000001B9  inc  bx                                                EAX:00000000 EBX:00000926 ECX:00007FEA EDX:00000000 ESI:0000011C EDI:0000211E EBP:00007BD8 ESP:00007BC2 DS:F600 ES:1688 FS:0000 GS:0000 SS:3E00 CF:0 ZF:0 SF:0 OF:0 AF:0 PF:0 IF:1
165E:000001BA  inc  bx                                                EAX:00000000 EBX:00000927 ECX:00007FEA EDX:00000000 ESI:0000011C EDI:0000211E EBP:00007BD8 ESP:00007BC2 DS:F600 ES:1688 FS:0000 GS:0000 SS:3E00 CF:0 ZF:0 SF:0 OF:0 AF:0 PF:1 IF:1
165E:000001BB  cmp  bx,0B19                                           EAX:00000000 EBX:00000928 ECX:00007FEA EDX:00000000 ESI:0000011C EDI:0000211E EBP:00007BD8 ESP:00007BC2 DS:F600 ES:1688 FS:0000 GS:0000 SS:3E00 CF:0 ZF:0 SF:0 OF:0 AF:0 PF:1 IF:1
165E:000001BF  jc   000001B5 ($-c)             (up)                   EAX:00000000 EBX:00000928 ECX:00007FEA EDX:00000000 ESI:0000011C EDI:0000211E EBP:00007BD8 ESP:00007BC2 DS:F600 ES:1688 FS:0000 GS:0000 SS:3E00 CF:1 ZF:0 SF:1 OF:0 AF:1 PF:1 IF:1
165E:000001B5  lodsw                                                  EAX:00000000 EBX:00000928 ECX:00007FEA EDX:00000000 ESI:0000011C EDI:0000211E EBP:00007BD8 ESP:00007BC2 DS:F600 ES:1688 FS:0000 GS:0000 SS:3E00 CF:1 ZF:0 SF:1 OF:0 AF:1 PF:1 IF:1
165E:000001B6  xor  es:[bx],ax                 es:[0928]=C7EA         EAX:00000000 EBX:00000928 ECX:00007FEA EDX:00000000 ESI:0000011E EDI:0000211E EBP:00007BD8 ESP:00007BC2 DS:F600 ES:1688 FS:0000 GS:0000 SS:3E00 CF:1 ZF:0 SF:1 OF:0 AF:1 PF:1 IF:1
165E:000001B9  inc  bx                                                EAX:00000000 EBX:00000928 ECX:00007FEA EDX:00000000 ESI:0000011E EDI:0000211E EBP:00007BD8 ESP:00007BC2 DS:F600 ES:1688 FS:0000 GS:0000 SS:3E00 CF:0 ZF:0 SF:1 OF:0 AF:0 PF:0 IF:1
165E:000001BA  inc  bx                                                EAX:00000000 EBX:00000929 ECX:00007FEA EDX:00000000 ESI:0000011E EDI:0000211E EBP:00007BD8 ESP:00007BC2 DS:F600 ES:1688 FS:0000 GS:0000 SS:3E00 CF:0 ZF:0 SF:0 OF:0 AF:0 PF:0 IF:1
165E:000001BB  cmp  bx,0B19                                           EAX:00000000 EBX:0000092A ECX:00007FEA EDX:00000000 ESI:0000011E EDI:0000211E EBP:00007BD8 ESP:00007BC2 DS:F600 ES:1688 FS:0000 GS:0000 SS:3E00 CF:0 ZF:0 SF:0 OF:0 AF:0 PF:0 IF:1
165E:000001BF  jc   000001B5 ($-c)             (up)                   EAX:00000000 EBX:0000092A ECX:00007FEA EDX:00000000 ESI:0000011E EDI:0000211E EBP:00007BD8 ESP:00007BC2 DS:F600 ES:1688 FS:0000 GS:0000 SS:3E00 CF:1 ZF:0 SF:1 OF:0 AF:0 PF:1 IF:1
165E:000001B5  lodsw                                                  EAX:00000000 EBX:0000092A ECX:00007FEA EDX:00000000 ESI:0000011E EDI:0000211E EBP:00007BD8 ESP:00007BC2 DS:F600 ES:1688 FS:0000 GS:0000 SS:3E00 CF:1 ZF:0 SF:1 OF:0 AF:0 PF:1 IF:1
165E:000001B6  xor  es:[bx],ax                 es:[092A]=ED03         EAX:00000000 EBX:0000092A ECX:00007FEA EDX:00000000 ESI:00000120 EDI:0000211E EBP:00007BD8 ESP:00007BC2 DS:F600 ES:1688 FS:0000 GS:0000 SS:3E00 CF:1 ZF:0 SF:1 OF:0 AF:0 PF:1 IF:1
165E:000001B9  inc  bx                                                EAX:00000000 EBX:0000092A ECX:00007FEA EDX:00000000 ESI:00000120 EDI:0000211E EBP:00007BD8 ESP:00007BC2 DS:F600 ES:1688 FS:0000 GS:0000 SS:3E00 CF:0 ZF:0 SF:1 OF:0 AF:0 PF:1 IF:1
165E:000001BA  inc  bx                                                EAX:00000000 EBX:0000092B ECX:00007FEA EDX:00000000 ESI:00000120 EDI:0000211E EBP:00007BD8 ESP:00007BC2 DS:F600 ES:1688 FS:0000 GS:0000 SS:3E00 CF:0 ZF:0 SF:0 OF:0 AF:0 PF:1 IF:1
165E:000001BB  cmp  bx,0B19                                           EAX:00000000 EBX:0000092C ECX:00007FEA EDX:00000000 ESI:00000120 EDI:0000211E EBP:00007BD8 ESP:00007BC2 DS:F600 ES:1688 FS:0000 GS:0000 SS:3E00 CF:0 ZF:0 SF:0 OF:0 AF:0 PF:0 IF:1
165E:000001BF  jc   000001B5 ($-c)             (up)                   EAX:00000000 EBX:0000092C ECX:00007FEA EDX:00000000 ESI:00000120 EDI:0000211E EBP:00007BD8 ESP:00007BC2 DS:F600 ES:1688 FS:0000 GS:0000 SS:3E00 CF:1 ZF:0 SF:1 OF:0 AF:0 PF:0 IF:1
165E:000001B5  lodsw                                                  EAX:00000000 EBX:0000092C ECX:00007FEA EDX:00000000 ESI:00000120 EDI:0000211E EBP:00007BD8 ESP:00007BC2 DS:F600 ES:1688 FS:0000 GS:0000 SS:3E00 CF:1 ZF:0 SF:1 OF:0 AF:0 PF:0 IF:1
165E:000001B6  xor  es:[bx],ax                 es:[092C]=873E         EAX:00000000 EBX:0000092C ECX:00007FEA EDX:00000000 ESI:00000122 EDI:0000211E EBP:00007BD8 ESP:00007BC2 DS:F600 ES:1688 FS:0000 GS:0000 SS:3E00 CF:1 ZF:0 SF:1 OF:0 AF:0 PF:0 IF:1
165E:000001B9  inc  bx                                                EAX:00000000 EBX:0000092C ECX:00007FEA EDX:00000000 ESI:00000122 EDI:0000211E EBP:00007BD8 ESP:00007BC2 DS:F600 ES:1688 FS:0000 GS:0000 SS:3E00 CF:0 ZF:0 SF:1 OF:0 AF:0 PF:0 IF:1
165E:000001BA  inc  bx                                                EAX:00000000 EBX:0000092D ECX:00007FEA EDX:00000000 ESI:00000122 EDI:0000211E EBP:00007BD8 ESP:00007BC2 DS:F600 ES:1688 FS:0000 GS:0000 SS:3E00 CF:0 ZF:0 SF:0 OF:0 AF:0 PF:1 IF:1
165E:000001BB  cmp  bx,0B19                                           EAX:00000000 EBX:0000092E ECX:00007FEA EDX:00000000 ESI:00000122 EDI:0000211E EBP:00007BD8 ESP:00007BC2 DS:F600 ES:1688 FS:0000 GS:0000 SS:3E00 CF:0 ZF:0 SF:0 OF:0 AF:0 PF:1 IF:1
165E:000001BF  jc   000001B5 ($-c)             (up)                   EAX:00000000 EBX:0000092E ECX:00007FEA EDX:00000000 ESI:00000122 EDI:0000211E EBP:00007BD8 ESP:00007BC2 DS:F600 ES:1688 FS:0000 GS:0000 SS:3E00 CF:1 ZF:0 SF:1 OF:0 AF:0 PF:0 IF:1
165E:000001B5  lodsw                                                  EAX:00000000 EBX:0000092E ECX:00007FEA EDX:00000000 ESI:00000122 EDI:0000211E EBP:00007BD8 ESP:00007BC2 DS:F600 ES:1688 FS:0000 GS:0000 SS:3E00 CF:1 ZF:0 SF:1 OF:0 AF:0 PF:0 IF:1
165E:000001B6  xor  es:[bx],ax                 es:[092E]=AC76         EAX:00000000 EBX:0000092E ECX:00007FEA EDX:00000000 ESI:00000124 EDI:0000211E EBP:00007BD8 ESP:00007BC2 DS:F600 ES:1688 FS:0000 GS:0000 SS:3E00 CF:1 ZF:0 SF:1 OF:0 AF:0 PF:0 IF:1
165E:000001B9  inc  bx                                                EAX:00000000 EBX:0000092E ECX:00007FEA EDX:00000000 ESI:00000124 EDI:0000211E EBP:00007BD8 ESP:00007BC2 DS:F600 ES:1688 FS:0000 GS:0000 SS:3E00 CF:0 ZF:0 SF:1 OF:0 AF:0 PF:0 IF:1
165E:000001BA  inc  bx                                                EAX:00000000 EBX:0000092F ECX:00007FEA EDX:00000000 ESI:00000124 EDI:0000211E EBP:00007BD8 ESP:00007BC2 DS:F600 ES:1688 FS:0000 GS:0000 SS:3E00 CF:0 ZF:0 SF:0 OF:0 AF:0 PF:0 IF:1
165E:000001BB  cmp  bx,0B19                                           EAX:00000000 EBX:00000930 ECX:00007FEA EDX:00000000 ESI:00000124 EDI:0000211E EBP:00007BD8 ESP:00007BC2 DS:F600 ES:1688 FS:0000 GS:0000 SS:3E00 CF:0 ZF:0 SF:0 OF:0 AF:1 PF:1 IF:1
165E:000001BF  jc   000001B5 ($-c)             (up)                   EAX:00000000 EBX:00000930 ECX:00007FEA EDX:00000000 ESI:00000124 EDI:0000211E EBP:00007BD8 ESP:00007BC2 DS:F600 ES:1688 FS:0000 GS:0000 SS:3E00 CF:1 ZF:0 SF:1 OF:0 AF:1 PF:1 IF:1
165E:000001B5  lodsw                                                  EAX:00000000 EBX:00000930 ECX:00007FEA EDX:00000000 ESI:00000124 EDI:0000211E EBP:00007BD8 ESP:00007BC2 DS:F600 ES:1688 FS:0000 GS:0000 SS:3E00 CF:1 ZF:0 SF:1 OF:0 AF:1 PF:1 IF:1
165E:000001B6  xor  es:[bx],ax                 es:[0930]=DE29         EAX:00000000 EBX:00000930 ECX:00007FEA EDX:00000000 ESI:00000126 EDI:0000211E EBP:00007BD8 ESP:00007BC2 DS:F600 ES:1688 FS:0000 GS:0000 SS:3E00 CF:1 ZF:0 SF:1 OF:0 AF:1 PF:1 IF:1
165E:000001B9  inc  bx                                                EAX:00000000 EBX:00000930 ECX:00007FEA EDX:00000000 ESI:00000126 EDI:0000211E EBP:00007BD8 ESP:00007BC2 DS:F600 ES:1688 FS:0000 GS:0000 SS:3E00 CF:0 ZF:0 SF:1 OF:0 AF:0 PF:0 IF:1
165E:000001BA  inc  bx                                                EAX:00000000 EBX:00000931 ECX:00007FEA EDX:00000000 ESI:00000126 EDI:0000211E EBP:00007BD8 ESP:00007BC2 DS:F600 ES:1688 FS:0000 GS:0000 SS:3E00 CF:0 ZF:0 SF:0 OF:0 AF:0 PF:0 IF:1
165E:000001BB  cmp  bx,0B19                                           EAX:00000000 EBX:00000932 ECX:00007FEA EDX:00000000 ESI:00000126 EDI:0000211E EBP:00007BD8 ESP:00007BC2 DS:F600 ES:1688 FS:0000 GS:0000 SS:3E00 CF:0 ZF:0 SF:0 OF:0 AF:0 PF:0 IF:1
165E:000001BF  jc   000001B5 ($-c)             (up)                   EAX:00000000 EBX:00000932 ECX:00007FEA EDX:00000000 ESI:00000126 EDI:0000211E EBP:00007BD8 ESP:00007BC2 DS:F600 ES:1688 FS:0000 GS:0000 SS:3E00 CF:1 ZF:0 SF:1 OF:0 AF:1 PF:0 IF:1
165E:000001B5  lodsw                                                  EAX:00000000 EBX:00000932 ECX:00007FEA EDX:00000000 ESI:00000126 EDI:0000211E EBP:00007BD8 ESP:00007BC2 DS:F600 ES:1688 FS:0000 GS:0000 SS:3E00 CF:1 ZF:0 SF:1 OF:0 AF:1 PF:0 IF:1
165E:000001B6  xor  es:[bx],ax                 es:[0932]=34FF         EAX:00000000 EBX:00000932 ECX:00007FEA EDX:00000000 ESI:00000128 EDI:0000211E EBP:00007BD8 ESP:00007BC2 DS:F600 ES:1688 FS:0000 GS:0000 SS:3E00 CF:1 ZF:0 SF:1 OF:0 AF:1 PF:0 IF:1
165E:000001B9  inc  bx                                                EAX:00000000 EBX:00000932 ECX:00007FEA EDX:00000000 ESI:00000128 EDI:0000211E EBP:00007BD8 ESP:00007BC2 DS:F600 ES:1688 FS:0000 GS:0000 SS:3E00 CF:0 ZF:0 SF:0 OF:0 AF:0 PF:1 IF:1
165E:000001BA  inc  bx                                                EAX:00000000 EBX:00000933 ECX:00007FEA EDX:00000000 ESI:00000128 EDI:0000211E EBP:00007BD8 ESP:00007BC2 DS:F600 ES:1688 FS:0000 GS:0000 SS:3E00 CF:0 ZF:0 SF:0 OF:0 AF:0 PF:1 IF:1
165E:000001BB  cmp  bx,0B19                                           EAX:00000000 EBX:00000934 ECX:00007FEA EDX:00000000 ESI:00000128 EDI:0000211E EBP:00007BD8 ESP:00007BC2 DS:F600 ES:1688 FS:0000 GS:0000 SS:3E00 CF:0 ZF:0 SF:0 OF:0 AF:0 PF:0 IF:1
165E:000001BF  jc   000001B5 ($-c)             (up)                   EAX:00000000 EBX:00000934 ECX:00007FEA EDX:00000000 ESI:00000128 EDI:0000211E EBP:00007BD8 ESP:00007BC2 DS:F600 ES:1688 FS:0000 GS:0000 SS:3E00 CF:1 ZF:0 SF:1 OF:0 AF:1 PF:1 IF:1
165E:000001B5  lodsw                                                  EAX:00000000 EBX:00000934 ECX:00007FEA EDX:00000000 ESI:00000128 EDI:0000211E EBP:00007BD8 ESP:00007BC2 DS:F600 ES:1688 FS:0000 GS:0000 SS:3E00 CF:1 ZF:0 SF:1 OF:0 AF:1 PF:1 IF:1
165E:000001B6  xor  es:[bx],ax                 es:[0934]=A8EC         EAX:00000000 EBX:00000934 ECX:00007FEA EDX:00000000 ESI:0000012A EDI:0000211E EBP:00007BD8 ESP:00007BC2 DS:F600 ES:1688 FS:0000 GS:0000 SS:3E00 CF:1 ZF:0 SF:1 OF:0 AF:1 PF:1 IF:1
165E:000001B9  inc  bx                                                EAX:00000000 EBX:00000934 ECX:00007FEA EDX:00000000 ESI:0000012A EDI:0000211E EBP:00007BD8 ESP:00007BC2 DS:F600 ES:1688 FS:0000 GS:0000 SS:3E00 CF:0 ZF:0 SF:1 OF:0 AF:0 PF:0 IF:1
165E:000001BA  inc  bx                                                EAX:00000000 EBX:00000935 ECX:00007FEA EDX:00000000 ESI:0000012A EDI:0000211E EBP:00007BD8 ESP:00007BC2 DS:F600 ES:1688 FS:0000 GS:0000 SS:3E00 CF:0 ZF:0 SF:0 OF:0 AF:0 PF:1 IF:1
165E:000001BB  cmp  bx,0B19                                           EAX:00000000 EBX:00000936 ECX:00007FEA EDX:00000000 ESI:0000012A EDI:0000211E EBP:00007BD8 ESP:00007BC2 DS:F600 ES:1688 FS:0000 GS:0000 SS:3E00 CF:0 ZF:0 SF:0 OF:0 AF:0 PF:1 IF:1
165E:000001BF  jc   000001B5 ($-c)             (up)                   EAX:00000000 EBX:00000936 ECX:00007FEA EDX:00000000 ESI:0000012A EDI:0000211E EBP:00007BD8 ESP:00007BC2 DS:F600 ES:1688 FS:0000 GS:0000 SS:3E00 CF:1 ZF:0 SF:1 OF:0 AF:1 PF:1 IF:1
165E:000001B5  lodsw                                                  EAX:00000000 EBX:00000936 ECX:00007FEA EDX:00000000 ESI:0000012A EDI:0000211E EBP:00007BD8 ESP:00007BC2 DS:F600 ES:1688 FS:0000 GS:0000 SS:3E00 CF:1 ZF:0 SF:1 OF:0 AF:1 PF:1 IF:1
165E:000001B6  xor  es:[bx],ax                 es:[0936]=11FD         EAX:00000000 EBX:00000936 ECX:00007FEA EDX:00000000 ESI:0000012C EDI:0000211E EBP:00007BD8 ESP:00007BC2 DS:F600 ES:1688 FS:0000 GS:0000 SS:3E00 CF:1 ZF:0 SF:1 OF:0 AF:1 PF:1 IF:1
165E:000001B9  inc  bx                                                EAX:00000000 EBX:00000936 ECX:00007FEA EDX:00000000 ESI:0000012C EDI:0000211E EBP:00007BD8 ESP:00007BC2 DS:F600 ES:1688 FS:0000 GS:0000 SS:3E00 CF:0 ZF:0 SF:0 OF:0 AF:0 PF:0 IF:1
165E:000001BA  inc  bx                                                EAX:00000000 EBX:00000937 ECX:00007FEA EDX:00000000 ESI:0000012C EDI:0000211E EBP:00007BD8 ESP:00007BC2 DS:F600 ES:1688 FS:0000 GS:0000 SS:3E00 CF:0 ZF:0 SF:0 OF:0 AF:0 PF:0 IF:1
165E:000001BB  cmp  bx,0B19                                           EAX:00000000 EBX:00000938 ECX:00007FEA EDX:00000000 ESI:0000012C EDI:0000211E EBP:00007BD8 ESP:00007BC2 DS:F600 ES:1688 FS:0000 GS:0000 SS:3E00 CF:0 ZF:0 SF:0 OF:0 AF:0 PF:0 IF:1
165E:000001BF  jc   000001B5 ($-c)             (up)                   EAX:00000000 EBX:00000938 ECX:00007FEA EDX:00000000 ESI:0000012C EDI:0000211E EBP:00007BD8 ESP:00007BC2 DS:F600 ES:1688 FS:0000 GS:0000 SS:3E00 CF:1 ZF:0 SF:1 OF:0 AF:1 PF:0 IF:1
165E:000001B5  lodsw                                                  EAX:00000000 EBX:00000938 ECX:00007FEA EDX:00000000 ESI:0000012C EDI:0000211E EBP:00007BD8 ESP:00007BC2 DS:F600 ES:1688 FS:0000 GS:0000 SS:3E00 CF:1 ZF:0 SF:1 OF:0 AF:1 PF:0 IF:1
165E:000001B6  xor  es:[bx],ax                 es:[0938]=BE77         EAX:00000000 EBX:00000938 ECX:00007FEA EDX:00000000 ESI:0000012E EDI:0000211E EBP:00007BD8 ESP:00007BC2 DS:F600 ES:1688 FS:0000 GS:0000 SS:3E00 CF:1 ZF:0 SF:1 OF:0 AF:1 PF:0 IF:1
165E:000001B9  inc  bx                                                EAX:00000000 EBX:00000938 ECX:00007FEA EDX:00000000 ESI:0000012E EDI:0000211E EBP:00007BD8 ESP:00007BC2 DS:F600 ES:1688 FS:0000 GS:0000 SS:3E00 CF:0 ZF:0 SF:1 OF:0 AF:0 PF:1 IF:1
165E:000001BA  inc  bx                                                EAX:00000000 EBX:00000939 ECX:00007FEA EDX:00000000 ESI:0000012E EDI:0000211E EBP:00007BD8 ESP:00007BC2 DS:F600 ES:1688 FS:0000 GS:0000 SS:3E00 CF:0 ZF:0 SF:0 OF:0 AF:0 PF:1 IF:1
165E:000001BB  cmp  bx,0B19                                           EAX:00000000 EBX:0000093A ECX:00007FEA EDX:00000000 ESI:0000012E EDI:0000211E EBP:00007BD8 ESP:00007BC2 DS:F600 ES:1688 FS:0000 GS:0000 SS:3E00 CF:0 ZF:0 SF:0 OF:0 AF:0 PF:1 IF:1
165E:000001BF  jc   000001B5 ($-c)             (up)                   EAX:00000000 EBX:0000093A ECX:00007FEA EDX:00000000 ESI:0000012E EDI:0000211E EBP:00007BD8 ESP:00007BC2 DS:F600 ES:1688 FS:0000 GS:0000 SS:3E00 CF:1 ZF:0 SF:1 OF:0 AF:0 PF:1 IF:1
165E:000001B5  lodsw                                                  EAX:00000000 EBX:0000093A ECX:00007FEA EDX:00000000 ESI:0000012E EDI:0000211E EBP:00007BD8 ESP:00007BC2 DS:F600 ES:1688 FS:0000 GS:0000 SS:3E00 CF:1 ZF:0 SF:1 OF:0 AF:0 PF:1 IF:1
165E:000001B6  xor  es:[bx],ax                 es:[093A]=7183         EAX:00000000 EBX:0000093A ECX:00007FEA EDX:00000000 ESI:00000130 EDI:0000211E EBP:00007BD8 ESP:00007BC2 DS:F600 ES:1688 FS:0000 GS:0000 SS:3E00 CF:1 ZF:0 SF:1 OF:0 AF:0 PF:1 IF:1
165E:000001B9  inc  bx                                                EAX:00000000 EBX:0000093A ECX:00007FEA EDX:00000000 ESI:00000130 EDI:0000211E EBP:00007BD8 ESP:00007BC2 DS:F600 ES:1688 FS:0000 GS:0000 SS:3E00 CF:0 ZF:0 SF:0 OF:0 AF:0 PF:0 IF:1
165E:000001BA  inc  bx                                                EAX:00000000 EBX:0000093B ECX:00007FEA EDX:00000000 ESI:00000130 EDI:0000211E EBP:00007BD8 ESP:00007BC2 DS:F600 ES:1688 FS:0000 GS:0000 SS:3E00 CF:0 ZF:0 SF:0 OF:0 AF:0 PF:0 IF:1
165E:000001BB  cmp  bx,0B19                                           EAX:00000000 EBX:0000093C ECX:00007FEA EDX:00000000 ESI:00000130 EDI:0000211E EBP:00007BD8 ESP:00007BC2 DS:F600 ES:1688 FS:0000 GS:0000 SS:3E00 CF:0 ZF:0 SF:0 OF:0 AF:0 PF:1 IF:1
165E:000001BF  jc   000001B5 ($-c)             (up)                   EAX:00000000 EBX:0000093C ECX:00007FEA EDX:00000000 ESI:00000130 EDI:0000211E EBP:00007BD8 ESP:00007BC2 DS:F600 ES:1688 FS:0000 GS:0000 SS:3E00 CF:1 ZF:0 SF:1 OF:0 AF:0 PF:0 IF:1
165E:000001B5  lodsw                                                  EAX:00000000 EBX:0000093C ECX:00007FEA EDX:00000000 ESI:00000130 EDI:0000211E EBP:00007BD8 ESP:00007BC2 DS:F600 ES:1688 FS:0000 GS:0000 SS:3E00 CF:1 ZF:0 SF:1 OF:0 AF:0 PF:0 IF:1
165E:000001B6  xor  es:[bx],ax                 es:[093C]=1107         EAX:00000000 EBX:0000093C ECX:00007FEA EDX:00000000 ESI:00000132 EDI:0000211E EBP:00007BD8 ESP:00007BC2 DS:F600 ES:1688 FS:0000 GS:0000 SS:3E00 CF:1 ZF:0 SF:1 OF:0 AF:0 PF:0 IF:1
165E:000001B9  inc  bx                                                EAX:00000000 EBX:0000093C ECX:00007FEA EDX:00000000 ESI:00000132 EDI:0000211E EBP:00007BD8 ESP:00007BC2 DS:F600 ES:1688 FS:0000 GS:0000 SS:3E00 CF:0 ZF:0 SF:0 OF:0 AF:0 PF:0 IF:1
165E:000001BA  inc  bx                                                EAX:00000000 EBX:0000093D ECX:00007FEA EDX:00000000 ESI:00000132 EDI:0000211E EBP:00007BD8 ESP:00007BC2 DS:F600 ES:1688 FS:0000 GS:0000 SS:3E00 CF:0 ZF:0 SF:0 OF:0 AF:0 PF:0 IF:1
165E:000001BB  cmp  bx,0B19                                           EAX:00000000 EBX:0000093E ECX:00007FEA EDX:00000000 ESI:00000132 EDI:0000211E EBP:00007BD8 ESP:00007BC2 DS:F600 ES:1688 FS:0000 GS:0000 SS:3E00 CF:0 ZF:0 SF:0 OF:0 AF:0 PF:0 IF:1
165E:000001BF  jc   000001B5 ($-c)             (up)                   EAX:00000000 EBX:0000093E ECX:00007FEA EDX:00000000 ESI:00000132 EDI:0000211E EBP:00007BD8 ESP:00007BC2 DS:F600 ES:1688 FS:0000 GS:0000 SS:3E00 CF:1 ZF:0 SF:1 OF:0 AF:0 PF:0 IF:1
165E:000001B5  lodsw                                                  EAX:00000000 EBX:0000093E ECX:00007FEA EDX:00000000 ESI:00000132 EDI:0000211E EBP:00007BD8 ESP:00007BC2 DS:F600 ES:1688 FS:0000 GS:0000 SS:3E00 CF:1 ZF:0 SF:1 OF:0 AF:0 PF:0 IF:1
165E:000001B6  xor  es:[bx],ax                 es:[093E]=8124         EAX:00000000 EBX:0000093E ECX:00007FEA EDX:00000000 ESI:00000134 EDI:0000211E EBP:00007BD8 ESP:00007BC2 DS:F600 ES:1688 FS:0000 GS:0000 SS:3E00 CF:1 ZF:0 SF:1 OF:0 AF:0 PF:0 IF:1
165E:000001B9  inc  bx                                                EAX:00000000 EBX:0000093E ECX:00007FEA EDX:00000000 ESI:00000134 EDI:0000211E EBP:00007BD8 ESP:00007BC2 DS:F600 ES:1688 FS:0000 GS:0000 SS:3E00 CF:0 ZF:0 SF:1 OF:0 AF:0 PF:1 IF:1
165E:000001BA  inc  bx                                                EAX:00000000 EBX:0000093F ECX:00007FEA EDX:00000000 ESI:00000134 EDI:0000211E EBP:00007BD8 ESP:00007BC2 DS:F600 ES:1688 FS:0000 GS:0000 SS:3E00 CF:0 ZF:0 SF:0 OF:0 AF:0 PF:1 IF:1
165E:000001BB  cmp  bx,0B19                                           EAX:00000000 EBX:00000940 ECX:00007FEA EDX:00000000 ESI:00000134 EDI:0000211E EBP:00007BD8 ESP:00007BC2 DS:F600 ES:1688 FS:0000 GS:0000 SS:3E00 CF:0 ZF:0 SF:0 OF:0 AF:1 PF:0 IF:1
165E:000001BF  jc   000001B5 ($-c)             (up)                   EAX:00000000 EBX:00000940 ECX:00007FEA EDX:00000000 ESI:00000134 EDI:0000211E EBP:00007BD8 ESP:00007BC2 DS:F600 ES:1688 FS:0000 GS:0000 SS:3E00 CF:1 ZF:0 SF:1 OF:0 AF:1 PF:1 IF:1
165E:000001B5  lodsw                                                  EAX:00000000 EBX:00000940 ECX:00007FEA EDX:00000000 ESI:00000134 EDI:0000211E EBP:00007BD8 ESP:00007BC2 DS:F600 ES:1688 FS:0000 GS:0000 SS:3E00 CF:1 ZF:0 SF:1 OF:0 AF:1 PF:1 IF:1
165E:000001B6  xor  es:[bx],ax                 es:[0940]=6B8D         EAX:00000000 EBX:00000940 ECX:00007FEA EDX:00000000 ESI:00000136 EDI:0000211E EBP:00007BD8 ESP:00007BC2 DS:F600 ES:1688 FS:0000 GS:0000 SS:3E00 CF:1 ZF:0 SF:1 OF:0 AF:1 PF:1 IF:1
165E:000001B9  inc  bx                                                EAX:00000000 EBX:00000940 ECX:00007FEA EDX:00000000 ESI:00000136 EDI:0000211E EBP:00007BD8 ESP:00007BC2 DS:F600 ES:1688 FS:0000 GS:0000 SS:3E00 CF:0 ZF:0 SF:0 OF:0 AF:0 PF:1 IF:1
165E:000001BA  inc  bx                                                EAX:00000000 EBX:00000941 ECX:00007FEA EDX:00000000 ESI:00000136 EDI:0000211E EBP:00007BD8 ESP:00007BC2 DS:F600 ES:1688 FS:0000 GS:0000 SS:3E00 CF:0 ZF:0 SF:0 OF:0 AF:0 PF:1 IF:1
165E:000001BB  cmp  bx,0B19                                           EAX:00000000 EBX:00000942 ECX:00007FEA EDX:00000000 ESI:00000136 EDI:0000211E EBP:00007BD8 ESP:00007BC2 DS:F600 ES:1688 FS:0000 GS:0000 SS:3E00 CF:0 ZF:0 SF:0 OF:0 AF:0 PF:1 IF:1
165E:000001BF  jc   000001B5 ($-c)             (up)                   EAX:00000000 EBX:00000942 ECX:00007FEA EDX:00000000 ESI:00000136 EDI:0000211E EBP:00007BD8 ESP:00007BC2 DS:F600 ES:1688 FS:0000 GS:0000 SS:3E00 CF:1 ZF:0 SF:1 OF:0 AF:1 PF:0 IF:1
165E:000001B5  lodsw                                                  EAX:00000000 EBX:00000942 ECX:00007FEA EDX:00000000 ESI:00000136 EDI:0000211E EBP:00007BD8 ESP:00007BC2 DS:F600 ES:1688 FS:0000 GS:0000 SS:3E00 CF:1 ZF:0 SF:1 OF:0 AF:1 PF:0 IF:1
165E:000001B6  xor  es:[bx],ax                 es:[0942]=6983         EAX:00000000 EBX:00000942 ECX:00007FEA EDX:00000000 ESI:00000138 EDI:0000211E EBP:00007BD8 ESP:00007BC2 DS:F600 ES:1688 FS:0000 GS:0000 SS:3E00 CF:1 ZF:0 SF:1 OF:0 AF:1 PF:0 IF:1
165E:000001B9  inc  bx                                                EAX:00000000 EBX:00000942 ECX:00007FEA EDX:00000000 ESI:00000138 EDI:0000211E EBP:00007BD8 ESP:00007BC2 DS:F600 ES:1688 FS:0000 GS:0000 SS:3E00 CF:0 ZF:0 SF:0 OF:0 AF:0 PF:0 IF:1
165E:000001BA  inc  bx                                                EAX:00000000 EBX:00000943 ECX:00007FEA EDX:00000000 ESI:00000138 EDI:0000211E EBP:00007BD8 ESP:00007BC2 DS:F600 ES:1688 FS:0000 GS:0000 SS:3E00 CF:0 ZF:0 SF:0 OF:0 AF:0 PF:0 IF:1
165E:000001BB  cmp  bx,0B19                                           EAX:00000000 EBX:00000944 ECX:00007FEA EDX:00000000 ESI:00000138 EDI:0000211E EBP:00007BD8 ESP:00007BC2 DS:F600 ES:1688 FS:0000 GS:0000 SS:3E00 CF:0 ZF:0 SF:0 OF:0 AF:0 PF:1 IF:1
165E:000001BF  jc   000001B5 ($-c)             (up)                   EAX:00000000 EBX:00000944 ECX:00007FEA EDX:00000000 ESI:00000138 EDI:0000211E EBP:00007BD8 ESP:00007BC2 DS:F600 ES:1688 FS:0000 GS:0000 SS:3E00 CF:1 ZF:0 SF:1 OF:0 AF:1 PF:1 IF:1
165E:000001B5  lodsw                                                  EAX:00000000 EBX:00000944 ECX:00007FEA EDX:00000000 ESI:00000138 EDI:0000211E EBP:00007BD8 ESP:00007BC2 DS:F600 ES:1688 FS:0000 GS:0000 SS:3E00 CF:1 ZF:0 SF:1 OF:0 AF:1 PF:1 IF:1
165E:000001B6  xor  es:[bx],ax                 es:[0944]=BB55         EAX:00000000 EBX:00000944 ECX:00007FEA EDX:00000000 ESI:0000013A EDI:0000211E EBP:00007BD8 ESP:00007BC2 DS:F600 ES:1688 FS:0000 GS:0000 SS:3E00 CF:1 ZF:0 SF:1 OF:0 AF:1 PF:1 IF:1
165E:000001B9  inc  bx                                                EAX:00000000 EBX:00000944 ECX:00007FEA EDX:00000000 ESI:0000013A EDI:0000211E EBP:00007BD8 ESP:00007BC2 DS:F600 ES:1688 FS:0000 GS:0000 SS:3E00 CF:0 ZF:0 SF:1 OF:0 AF:0 PF:1 IF:1
165E:000001BA  inc  bx                                                EAX:00000000 EBX:00000945 ECX:00007FEA EDX:00000000 ESI:0000013A EDI:0000211E EBP:00007BD8 ESP:00007BC2 DS:F600 ES:1688 FS:0000 GS:0000 SS:3E00 CF:0 ZF:0 SF:0 OF:0 AF:0 PF:0 IF:1
165E:000001BB  cmp  bx,0B19                                           EAX:00000000 EBX:00000946 ECX:00007FEA EDX:00000000 ESI:0000013A EDI:0000211E EBP:00007BD8 ESP:00007BC2 DS:F600 ES:1688 FS:0000 GS:0000 SS:3E00 CF:0 ZF:0 SF:0 OF:0 AF:0 PF:0 IF:1
165E:000001BF  jc   000001B5 ($-c)             (up)                   EAX:00000000 EBX:00000946 ECX:00007FEA EDX:00000000 ESI:0000013A EDI:0000211E EBP:00007BD8 ESP:00007BC2 DS:F600 ES:1688 FS:0000 GS:0000 SS:3E00 CF:1 ZF:0 SF:1 OF:0 AF:1 PF:1 IF:1
165E:000001B5  lodsw                                                  EAX:00000000 EBX:00000946 ECX:00007FEA EDX:00000000 ESI:0000013A EDI:0000211E EBP:00007BD8 ESP:00007BC2 DS:F600 ES:1688 FS:0000 GS:0000 SS:3E00 CF:1 ZF:0 SF:1 OF:0 AF:1 PF:1 IF:1
165E:000001B6  xor  es:[bx],ax                 es:[0946]=C55A         EAX:00000000 EBX:00000946 ECX:00007FEA EDX:00000000 ESI:0000013C EDI:0000211E EBP:00007BD8 ESP:00007BC2 DS:F600 ES:1688 FS:0000 GS:0000 SS:3E00 CF:1 ZF:0 SF:1 OF:0 AF:1 PF:1 IF:1
165E:000001B9  inc  bx                                                EAX:00000000 EBX:00000946 ECX:00007FEA EDX:00000000 ESI:0000013C EDI:0000211E EBP:00007BD8 ESP:00007BC2 DS:F600 ES:1688 FS:0000 GS:0000 SS:3E00 CF:0 ZF:0 SF:1 OF:0 AF:0 PF:1 IF:1
165E:000001BA  inc  bx                                                EAX:00000000 EBX:00000947 ECX:00007FEA EDX:00000000 ESI:0000013C EDI:0000211E EBP:00007BD8 ESP:00007BC2 DS:F600 ES:1688 FS:0000 GS:0000 SS:3E00 CF:0 ZF:0 SF:0 OF:0 AF:0 PF:1 IF:1
165E:000001BB  cmp  bx,0B19                                           EAX:00000000 EBX:00000948 ECX:00007FEA EDX:00000000 ESI:0000013C EDI:0000211E EBP:00007BD8 ESP:00007BC2 DS:F600 ES:1688 FS:0000 GS:0000 SS:3E00 CF:0 ZF:0 SF:0 OF:0 AF:0 PF:1 IF:1
165E:000001BF  jc   000001B5 ($-c)             (up)                   EAX:00000000 EBX:00000948 ECX:00007FEA EDX:00000000 ESI:0000013C EDI:0000211E EBP:00007BD8 ESP:00007BC2 DS:F600 ES:1688 FS:0000 GS:0000 SS:3E00 CF:1 ZF:0 SF:1 OF:0 AF:1 PF:0 IF:1
165E:000001B5  lodsw                                                  EAX:00000000 EBX:00000948 ECX:00007FEA EDX:00000000 ESI:0000013C EDI:0000211E EBP:00007BD8 ESP:00007BC2 DS:F600 ES:1688 FS:0000 GS:0000 SS:3E00 CF:1 ZF:0 SF:1 OF:0 AF:1 PF:0 IF:1
165E:000001B6  xor  es:[bx],ax                 es:[0948]=C503         EAX:00000000 EBX:00000948 ECX:00007FEA EDX:00000000 ESI:0000013E EDI:0000211E EBP:00007BD8 ESP:00007BC2 DS:F600 ES:1688 FS:0000 GS:0000 SS:3E00 CF:1 ZF:0 SF:1 OF:0 AF:1 PF:0 IF:1
165E:000001B9  inc  bx                                                EAX:00000000 EBX:00000948 ECX:00007FEA EDX:00000000 ESI:0000013E EDI:0000211E EBP:00007BD8 ESP:00007BC2 DS:F600 ES:1688 FS:0000 GS:0000 SS:3E00 CF:0 ZF:0 SF:1 OF:0 AF:0 PF:1 IF:1
165E:000001BA  inc  bx                                                EAX:00000000 EBX:00000949 ECX:00007FEA EDX:00000000 ESI:0000013E EDI:0000211E EBP:00007BD8 ESP:00007BC2 DS:F600 ES:1688 FS:0000 GS:0000 SS:3E00 CF:0 ZF:0 SF:0 OF:0 AF:0 PF:0 IF:1
165E:000001BB  cmp  bx,0B19                                           EAX:00000000 EBX:0000094A ECX:00007FEA EDX:00000000 ESI:0000013E EDI:0000211E EBP:00007BD8 ESP:00007BC2 DS:F600 ES:1688 FS:0000 GS:0000 SS:3E00 CF:0 ZF:0 SF:0 OF:0 AF:0 PF:0 IF:1
165E:000001BF  jc   000001B5 ($-c)             (up)                   EAX:00000000 EBX:0000094A ECX:00007FEA EDX:00000000 ESI:0000013E EDI:0000211E EBP:00007BD8 ESP:00007BC2 DS:F600 ES:1688 FS:0000 GS:0000 SS:3E00 CF:1 ZF:0 SF:1 OF:0 AF:0 PF:0 IF:1
165E:000001B5  lodsw                                                  EAX:00000000 EBX:0000094A ECX:00007FEA EDX:00000000 ESI:0000013E EDI:0000211E EBP:00007BD8 ESP:00007BC2 DS:F600 ES:1688 FS:0000 GS:0000 SS:3E00 CF:1 ZF:0 SF:1 OF:0 AF:0 PF:0 IF:1
165E:000001B6  xor  es:[bx],ax                 es:[094A]=3B84         EAX:00000000 EBX:0000094A ECX:00007FEA EDX:00000000 ESI:00000140 EDI:0000211E EBP:00007BD8 ESP:00007BC2 DS:F600 ES:1688 FS:0000 GS:0000 SS:3E00 CF:1 ZF:0 SF:1 OF:0 AF:0 PF:0 IF:1
165E:000001B9  inc  bx                                                EAX:00000000 EBX:0000094A ECX:00007FEA EDX:00000000 ESI:00000140 EDI:0000211E EBP:00007BD8 ESP:00007BC2 DS:F600 ES:1688 FS:0000 GS:0000 SS:3E00 CF:0 ZF:0 SF:0 OF:0 AF:0 PF:1 IF:1
165E:000001BA  inc  bx                                                EAX:00000000 EBX:0000094B ECX:00007FEA EDX:00000000 ESI:00000140 EDI:0000211E EBP:00007BD8 ESP:00007BC2 DS:F600 ES:1688 FS:0000 GS:0000 SS:3E00 CF:0 ZF:0 SF:0 OF:0 AF:0 PF:1 IF:1
165E:000001BB  cmp  bx,0B19                                           EAX:00000000 EBX:0000094C ECX:00007FEA EDX:00000000 ESI:00000140 EDI:0000211E EBP:00007BD8 ESP:00007BC2 DS:F600 ES:1688 FS:0000 GS:0000 SS:3E00 CF:0 ZF:0 SF:0 OF:0 AF:0 PF:0 IF:1
165E:000001BF  jc   000001B5 ($-c)             (up)                   EAX:00000000 EBX:0000094C ECX:00007FEA EDX:00000000 ESI:00000140 EDI:0000211E EBP:00007BD8 ESP:00007BC2 DS:F600 ES:1688 FS:0000 GS:0000 SS:3E00 CF:1 ZF:0 SF:1 OF:0 AF:0 PF:1 IF:1
165E:000001B5  lodsw                                                  EAX:00000000 EBX:0000094C ECX:00007FEA EDX:00000000 ESI:00000140 EDI:0000211E EBP:00007BD8 ESP:00007BC2 DS:F600 ES:1688 FS:0000 GS:0000 SS:3E00 CF:1 ZF:0 SF:1 OF:0 AF:0 PF:1 IF:1
165E:000001B6  xor  es:[bx],ax                 es:[094C]=5440         EAX:00000000 EBX:0000094C ECX:00007FEA EDX:00000000 ESI:00000142 EDI:0000211E EBP:00007BD8 ESP:00007BC2 DS:F600 ES:1688 FS:0000 GS:0000 SS:3E00 CF:1 ZF:0 SF:1 OF:0 AF:0 PF:1 IF:1
165E:000001B9  inc  bx                                                EAX:00000000 EBX:0000094C ECX:00007FEA EDX:00000000 ESI:00000142 EDI:0000211E EBP:00007BD8 ESP:00007BC2 DS:F600 ES:1688 FS:0000 GS:0000 SS:3E00 CF:0 ZF:0 SF:0 OF:0 AF:0 PF:0 IF:1
165E:000001BA  inc  bx                                                EAX:00000000 EBX:0000094D ECX:00007FEA EDX:00000000 ESI:00000142 EDI:0000211E EBP:00007BD8 ESP:00007BC2 DS:F600 ES:1688 FS:0000 GS:0000 SS:3E00 CF:0 ZF:0 SF:0 OF:0 AF:0 PF:1 IF:1
165E:000001BB  cmp  bx,0B19                                           EAX:00000000 EBX:0000094E ECX:00007FEA EDX:00000000 ESI:00000142 EDI:0000211E EBP:00007BD8 ESP:00007BC2 DS:F600 ES:1688 FS:0000 GS:0000 SS:3E00 CF:0 ZF:0 SF:0 OF:0 AF:0 PF:1 IF:1
165E:000001BF  jc   000001B5 ($-c)             (up)                   EAX:00000000 EBX:0000094E ECX:00007FEA EDX:00000000 ESI:00000142 EDI:0000211E EBP:00007BD8 ESP:00007BC2 DS:F600 ES:1688 FS:0000 GS:0000 SS:3E00 CF:1 ZF:0 SF:1 OF:0 AF:0 PF:1 IF:1
165E:000001B5  lodsw                                                  EAX:00000000 EBX:0000094E ECX:00007FEA EDX:00000000 ESI:00000142 EDI:0000211E EBP:00007BD8 ESP:00007BC2 DS:F600 ES:1688 FS:0000 GS:0000 SS:3E00 CF:1 ZF:0 SF:1 OF:0 AF:0 PF:1 IF:1
165E:000001B6  xor  es:[bx],ax                 es:[094E]=4245         EAX:00000000 EBX:0000094E ECX:00007FEA EDX:00000000 ESI:00000144 EDI:0000211E EBP:00007BD8 ESP:00007BC2 DS:F600 ES:1688 FS:0000 GS:0000 SS:3E00 CF:1 ZF:0 SF:1 OF:0 AF:0 PF:1 IF:1
165E:000001B9  inc  bx                                                EAX:00000000 EBX:0000094E ECX:00007FEA EDX:00000000 ESI:00000144 EDI:0000211E EBP:00007BD8 ESP:00007BC2 DS:F600 ES:1688 FS:0000 GS:0000 SS:3E00 CF:0 ZF:0 SF:0 OF:0 AF:0 PF:0 IF:1
165E:000001BA  inc  bx                                                EAX:00000000 EBX:0000094F ECX:00007FEA EDX:00000000 ESI:00000144 EDI:0000211E EBP:00007BD8 ESP:00007BC2 DS:F600 ES:1688 FS:0000 GS:0000 SS:3E00 CF:0 ZF:0 SF:0 OF:0 AF:0 PF:0 IF:1
165E:000001BB  cmp  bx,0B19                                           EAX:00000000 EBX:00000950 ECX:00007FEA EDX:00000000 ESI:00000144 EDI:0000211E EBP:00007BD8 ESP:00007BC2 DS:F600 ES:1688 FS:0000 GS:0000 SS:3E00 CF:0 ZF:0 SF:0 OF:0 AF:1 PF:1 IF:1
165E:000001BF  jc   000001B5 ($-c)             (up)                   EAX:00000000 EBX:00000950 ECX:00007FEA EDX:00000000 ESI:00000144 EDI:0000211E EBP:00007BD8 ESP:00007BC2 DS:F600 ES:1688 FS:0000 GS:0000 SS:3E00 CF:1 ZF:0 SF:1 OF:0 AF:1 PF:0 IF:1
165E:000001B5  lodsw                                                  EAX:00000000 EBX:00000950 ECX:00007FEA EDX:00000000 ESI:00000144 EDI:0000211E EBP:00007BD8 ESP:00007BC2 DS:F600 ES:1688 FS:0000 GS:0000 SS:3E00 CF:1 ZF:0 SF:1 OF:0 AF:1 PF:0 IF:1
165E:000001B6  xor  es:[bx],ax                 es:[0950]=12AE         EAX:00000000 EBX:00000950 ECX:00007FEA EDX:00000000 ESI:00000146 EDI:0000211E EBP:00007BD8 ESP:00007BC2 DS:F600 ES:1688 FS:0000 GS:0000 SS:3E00 CF:1 ZF:0 SF:1 OF:0 AF:1 PF:0 IF:1
165E:000001B9  inc  bx                                                EAX:00000000 EBX:00000950 ECX:00007FEA EDX:00000000 ESI:00000146 EDI:0000211E EBP:00007BD8 ESP:00007BC2 DS:F600 ES:1688 FS:0000 GS:0000 SS:3E00 CF:0 ZF:0 SF:0 OF:0 AF:0 PF:0 IF:1
165E:000001BA  inc  bx                                                EAX:00000000 EBX:00000951 ECX:00007FEA EDX:00000000 ESI:00000146 EDI:0000211E EBP:00007BD8 ESP:00007BC2 DS:F600 ES:1688 FS:0000 GS:0000 SS:3E00 CF:0 ZF:0 SF:0 OF:0 AF:0 PF:0 IF:1
165E:000001BB  cmp  bx,0B19                                           EAX:00000000 EBX:00000952 ECX:00007FEA EDX:00000000 ESI:00000146 EDI:0000211E EBP:00007BD8 ESP:00007BC2 DS:F600 ES:1688 FS:0000 GS:0000 SS:3E00 CF:0 ZF:0 SF:0 OF:0 AF:0 PF:0 IF:1
165E:000001BF  jc   000001B5 ($-c)             (up)                   EAX:00000000 EBX:00000952 ECX:00007FEA EDX:00000000 ESI:00000146 EDI:0000211E EBP:00007BD8 ESP:00007BC2 DS:F600 ES:1688 FS:0000 GS:0000 SS:3E00 CF:1 ZF:0 SF:1 OF:0 AF:1 PF:1 IF:1
165E:000001B5  lodsw                                                  EAX:00000000 EBX:00000952 ECX:00007FEA EDX:00000000 ESI:00000146 EDI:0000211E EBP:00007BD8 ESP:00007BC2 DS:F600 ES:1688 FS:0000 GS:0000 SS:3E00 CF:1 ZF:0 SF:1 OF:0 AF:1 PF:1 IF:1
165E:000001B6  xor  es:[bx],ax                 es:[0952]=4EFC         EAX:00000000 EBX:00000952 ECX:00007FEA EDX:00000000 ESI:00000148 EDI:0000211E EBP:00007BD8 ESP:00007BC2 DS:F600 ES:1688 FS:0000 GS:0000 SS:3E00 CF:1 ZF:0 SF:1 OF:0 AF:1 PF:1 IF:1
165E:000001B9  inc  bx                                                EAX:00000000 EBX:00000952 ECX:00007FEA EDX:00000000 ESI:00000148 EDI:0000211E EBP:00007BD8 ESP:00007BC2 DS:F600 ES:1688 FS:0000 GS:0000 SS:3E00 CF:0 ZF:0 SF:0 OF:0 AF:0 PF:1 IF:1
165E:000001BA  inc  bx                                                EAX:00000000 EBX:00000953 ECX:00007FEA EDX:00000000 ESI:00000148 EDI:0000211E EBP:00007BD8 ESP:00007BC2 DS:F600 ES:1688 FS:0000 GS:0000 SS:3E00 CF:0 ZF:0 SF:0 OF:0 AF:0 PF:1 IF:1
165E:000001BB  cmp  bx,0B19                                           EAX:00000000 EBX:00000954 ECX:00007FEA EDX:00000000 ESI:00000148 EDI:0000211E EBP:00007BD8 ESP:00007BC2 DS:F600 ES:1688 FS:0000 GS:0000 SS:3E00 CF:0 ZF:0 SF:0 OF:0 AF:0 PF:0 IF:1
165E:000001BF  jc   000001B5 ($-c)             (up)                   EAX:00000000 EBX:00000954 ECX:00007FEA EDX:00000000 ESI:00000148 EDI:0000211E EBP:00007BD8 ESP:00007BC2 DS:F600 ES:1688 FS:0000 GS:0000 SS:3E00 CF:1 ZF:0 SF:1 OF:0 AF:1 PF:0 IF:1
165E:000001B5  lodsw                                                  EAX:00000000 EBX:00000954 ECX:00007FEA EDX:00000000 ESI:00000148 EDI:0000211E EBP:00007BD8 ESP:00007BC2 DS:F600 ES:1688 FS:0000 GS:0000 SS:3E00 CF:1 ZF:0 SF:1 OF:0 AF:1 PF:0 IF:1
165E:000001B6  xor  es:[bx],ax                 es:[0954]=BC1C         EAX:00000000 EBX:00000954 ECX:00007FEA EDX:00000000 ESI:0000014A EDI:0000211E EBP:00007BD8 ESP:00007BC2 DS:F600 ES:1688 FS:0000 GS:0000 SS:3E00 CF:1 ZF:0 SF:1 OF:0 AF:1 PF:0 IF:1
165E:000001B9  inc  bx                                                EAX:00000000 EBX:00000954 ECX:00007FEA EDX:00000000 ESI:0000014A EDI:0000211E EBP:00007BD8 ESP:00007BC2 DS:F600 ES:1688 FS:0000 GS:0000 SS:3E00 CF:0 ZF:0 SF:1 OF:0 AF:0 PF:0 IF:1
165E:000001BA  inc  bx                                                EAX:00000000 EBX:00000955 ECX:00007FEA EDX:00000000 ESI:0000014A EDI:0000211E EBP:00007BD8 ESP:00007BC2 DS:F600 ES:1688 FS:0000 GS:0000 SS:3E00 CF:0 ZF:0 SF:0 OF:0 AF:0 PF:1 IF:1
165E:000001BB  cmp  bx,0B19                                           EAX:00000000 EBX:00000956 ECX:00007FEA EDX:00000000 ESI:0000014A EDI:0000211E EBP:00007BD8 ESP:00007BC2 DS:F600 ES:1688 FS:0000 GS:0000 SS:3E00 CF:0 ZF:0 SF:0 OF:0 AF:0 PF:1 IF:1
165E:000001BF  jc   000001B5 ($-c)             (up)                   EAX:00000000 EBX:00000956 ECX:00007FEA EDX:00000000 ESI:0000014A EDI:0000211E EBP:00007BD8 ESP:00007BC2 DS:F600 ES:1688 FS:0000 GS:0000 SS:3E00 CF:1 ZF:0 SF:1 OF:0 AF:1 PF:0 IF:1
165E:000001B5  lodsw                                                  EAX:00000000 EBX:00000956 ECX:00007FEA EDX:00000000 ESI:0000014A EDI:0000211E EBP:00007BD8 ESP:00007BC2 DS:F600 ES:1688 FS:0000 GS:0000 SS:3E00 CF:1 ZF:0 SF:1 OF:0 AF:1 PF:0 IF:1
165E:000001B6  xor  es:[bx],ax                 es:[0956]=60A5         EAX:00000000 EBX:00000956 ECX:00007FEA EDX:00000000 ESI:0000014C EDI:0000211E EBP:00007BD8 ESP:00007BC2 DS:F600 ES:1688 FS:0000 GS:0000 SS:3E00 CF:1 ZF:0 SF:1 OF:0 AF:1 PF:0 IF:1
165E:000001B9  inc  bx                                                EAX:00000000 EBX:00000956 ECX:00007FEA EDX:00000000 ESI:0000014C EDI:0000211E EBP:00007BD8 ESP:00007BC2 DS:F600 ES:1688 FS:0000 GS:0000 SS:3E00 CF:0 ZF:0 SF:0 OF:0 AF:0 PF:1 IF:1
165E:000001BA  inc  bx                                                EAX:00000000 EBX:00000957 ECX:00007FEA EDX:00000000 ESI:0000014C EDI:0000211E EBP:00007BD8 ESP:00007BC2 DS:F600 ES:1688 FS:0000 GS:0000 SS:3E00 CF:0 ZF:0 SF:0 OF:0 AF:0 PF:0 IF:1
165E:000001BB  cmp  bx,0B19                                           EAX:00000000 EBX:00000958 ECX:00007FEA EDX:00000000 ESI:0000014C EDI:0000211E EBP:00007BD8 ESP:00007BC2 DS:F600 ES:1688 FS:0000 GS:0000 SS:3E00 CF:0 ZF:0 SF:0 OF:0 AF:0 PF:0 IF:1
165E:000001BF  jc   000001B5 ($-c)             (up)                   EAX:00000000 EBX:00000958 ECX:00007FEA EDX:00000000 ESI:0000014C EDI:0000211E EBP:00007BD8 ESP:00007BC2 DS:F600 ES:1688 FS:0000 GS:0000 SS:3E00 CF:1 ZF:0 SF:1 OF:0 AF:1 PF:1 IF:1
165E:000001B5  lodsw                                                  EAX:00000000 EBX:00000958 ECX:00007FEA EDX:00000000 ESI:0000014C EDI:0000211E EBP:00007BD8 ESP:00007BC2 DS:F600 ES:1688 FS:0000 GS:0000 SS:3E00 CF:1 ZF:0 SF:1 OF:0 AF:1 PF:1 IF:1
165E:000001B6  xor  es:[bx],ax                 es:[0958]=0A3E         EAX:00000000 EBX:00000958 ECX:00007FEA EDX:00000000 ESI:0000014E EDI:0000211E EBP:00007BD8 ESP:00007BC2 DS:F600 ES:1688 FS:0000 GS:0000 SS:3E00 CF:1 ZF:0 SF:1 OF:0 AF:1 PF:1 IF:1
165E:000001B9  inc  bx                                                EAX:00000000 EBX:00000958 ECX:00007FEA EDX:00000000 ESI:0000014E EDI:0000211E EBP:00007BD8 ESP:00007BC2 DS:F600 ES:1688 FS:0000 GS:0000 SS:3E00 CF:0 ZF:0 SF:0 OF:0 AF:0 PF:0 IF:1
165E:000001BA  inc  bx                                                EAX:00000000 EBX:00000959 ECX:00007FEA EDX:00000000 ESI:0000014E EDI:0000211E EBP:00007BD8 ESP:00007BC2 DS:F600 ES:1688 FS:0000 GS:0000 SS:3E00 CF:0 ZF:0 SF:0 OF:0 AF:0 PF:1 IF:1
165E:000001BB  cmp  bx,0B19                                           EAX:00000000 EBX:0000095A ECX:00007FEA EDX:00000000 ESI:0000014E EDI:0000211E EBP:00007BD8 ESP:00007BC2 DS:F600 ES:1688 FS:0000 GS:0000 SS:3E00 CF:0 ZF:0 SF:0 OF:0 AF:0 PF:1 IF:1
165E:000001BF  jc   000001B5 ($-c)             (up)                   EAX:00000000 EBX:0000095A ECX:00007FEA EDX:00000000 ESI:0000014E EDI:0000211E EBP:00007BD8 ESP:00007BC2 DS:F600 ES:1688 FS:0000 GS:0000 SS:3E00 CF:1 ZF:0 SF:1 OF:0 AF:0 PF:1 IF:1
165E:000001B5  lodsw                                                  EAX:00000000 EBX:0000095A ECX:00007FEA EDX:00000000 ESI:0000014E EDI:0000211E EBP:00007BD8 ESP:00007BC2 DS:F600 ES:1688 FS:0000 GS:0000 SS:3E00 CF:1 ZF:0 SF:1 OF:0 AF:0 PF:1 IF:1
165E:000001B6  xor  es:[bx],ax                 es:[095A]=8708         EAX:00000000 EBX:0000095A ECX:00007FEA EDX:00000000 ESI:00000150 EDI:0000211E EBP:00007BD8 ESP:00007BC2 DS:F600 ES:1688 FS:0000 GS:0000 SS:3E00 CF:1 ZF:0 SF:1 OF:0 AF:0 PF:1 IF:1
165E:000001B9  inc  bx                                                EAX:00000000 EBX:0000095A ECX:00007FEA EDX:00000000 ESI:00000150 EDI:0000211E EBP:00007BD8 ESP:00007BC2 DS:F600 ES:1688 FS:0000 GS:0000 SS:3E00 CF:0 ZF:0 SF:1 OF:0 AF:0 PF:0 IF:1
165E:000001BA  inc  bx                                                EAX:00000000 EBX:0000095B ECX:00007FEA EDX:00000000 ESI:00000150 EDI:0000211E EBP:00007BD8 ESP:00007BC2 DS:F600 ES:1688 FS:0000 GS:0000 SS:3E00 CF:0 ZF:0 SF:0 OF:0 AF:0 PF:0 IF:1
165E:000001BB  cmp  bx,0B19                                           EAX:00000000 EBX:0000095C ECX:00007FEA EDX:00000000 ESI:00000150 EDI:0000211E EBP:00007BD8 ESP:00007BC2 DS:F600 ES:1688 FS:0000 GS:0000 SS:3E00 CF:0 ZF:0 SF:0 OF:0 AF:0 PF:1 IF:1
165E:000001BF  jc   000001B5 ($-c)             (up)                   EAX:00000000 EBX:0000095C ECX:00007FEA EDX:00000000 ESI:00000150 EDI:0000211E EBP:00007BD8 ESP:00007BC2 DS:F600 ES:1688 FS:0000 GS:0000 SS:3E00 CF:1 ZF:0 SF:1 OF:0 AF:0 PF:0 IF:1
165E:000001B5  lodsw                                                  EAX:00000000 EBX:0000095C ECX:00007FEA EDX:00000000 ESI:00000150 EDI:0000211E EBP:00007BD8 ESP:00007BC2 DS:F600 ES:1688 FS:0000 GS:0000 SS:3E00 CF:1 ZF:0 SF:1 OF:0 AF:0 PF:0 IF:1
165E:000001B6  xor  es:[bx],ax                 es:[095C]=C2C1         EAX:00000000 EBX:0000095C ECX:00007FEA EDX:00000000 ESI:00000152 EDI:0000211E EBP:00007BD8 ESP:00007BC2 DS:F600 ES:1688 FS:0000 GS:0000 SS:3E00 CF:1 ZF:0 SF:1 OF:0 AF:0 PF:0 IF:1
165E:000001B9  inc  bx                                                EAX:00000000 EBX:0000095C ECX:00007FEA EDX:00000000 ESI:00000152 EDI:0000211E EBP:00007BD8 ESP:00007BC2 DS:F600 ES:1688 FS:0000 GS:0000 SS:3E00 CF:0 ZF:0 SF:1 OF:0 AF:0 PF:0 IF:1
165E:000001BA  inc  bx                                                EAX:00000000 EBX:0000095D ECX:00007FEA EDX:00000000 ESI:00000152 EDI:0000211E EBP:00007BD8 ESP:00007BC2 DS:F600 ES:1688 FS:0000 GS:0000 SS:3E00 CF:0 ZF:0 SF:0 OF:0 AF:0 PF:0 IF:1
165E:000001BB  cmp  bx,0B19                                           EAX:00000000 EBX:0000095E ECX:00007FEA EDX:00000000 ESI:00000152 EDI:0000211E EBP:00007BD8 ESP:00007BC2 DS:F600 ES:1688 FS:0000 GS:0000 SS:3E00 CF:0 ZF:0 SF:0 OF:0 AF:0 PF:0 IF:1
165E:000001BF  jc   000001B5 ($-c)             (up)                   EAX:00000000 EBX:0000095E ECX:00007FEA EDX:00000000 ESI:00000152 EDI:0000211E EBP:00007BD8 ESP:00007BC2 DS:F600 ES:1688 FS:0000 GS:0000 SS:3E00 CF:1 ZF:0 SF:1 OF:0 AF:0 PF:0 IF:1
165E:000001B5  lodsw                                                  EAX:00000000 EBX:0000095E ECX:00007FEA EDX:00000000 ESI:00000152 EDI:0000211E EBP:00007BD8 ESP:00007BC2 DS:F600 ES:1688 FS:0000 GS:0000 SS:3E00 CF:1 ZF:0 SF:1 OF:0 AF:0 PF:0 IF:1
165E:000001B6  xor  es:[bx],ax                 es:[095E]=00CC         EAX:00000000 EBX:0000095E ECX:00007FEA EDX:00000000 ESI:00000154 EDI:0000211E EBP:00007BD8 ESP:00007BC2 DS:F600 ES:1688 FS:0000 GS:0000 SS:3E00 CF:1 ZF:0 SF:1 OF:0 AF:0 PF:0 IF:1
165E:000001B9  inc  bx                                                EAX:00000000 EBX:0000095E ECX:00007FEA EDX:00000000 ESI:00000154 EDI:0000211E EBP:00007BD8 ESP:00007BC2 DS:F600 ES:1688 FS:0000 GS:0000 SS:3E00 CF:0 ZF:0 SF:0 OF:0 AF:0 PF:1 IF:1
165E:000001BA  inc  bx                                                EAX:00000000 EBX:0000095F ECX:00007FEA EDX:00000000 ESI:00000154 EDI:0000211E EBP:00007BD8 ESP:00007BC2 DS:F600 ES:1688 FS:0000 GS:0000 SS:3E00 CF:0 ZF:0 SF:0 OF:0 AF:0 PF:1 IF:1
165E:000001BB  cmp  bx,0B19                                           EAX:00000000 EBX:00000960 ECX:00007FEA EDX:00000000 ESI:00000154 EDI:0000211E EBP:00007BD8 ESP:00007BC2 DS:F600 ES:1688 FS:0000 GS:0000 SS:3E00 CF:0 ZF:0 SF:0 OF:0 AF:1 PF:1 IF:1
165E:000001BF  jc   000001B5 ($-c)             (up)                   EAX:00000000 EBX:00000960 ECX:00007FEA EDX:00000000 ESI:00000154 EDI:0000211E EBP:00007BD8 ESP:00007BC2 DS:F600 ES:1688 FS:0000 GS:0000 SS:3E00 CF:1 ZF:0 SF:1 OF:0 AF:1 PF:1 IF:1
165E:000001B5  lodsw                                                  EAX:00000000 EBX:00000960 ECX:00007FEA EDX:00000000 ESI:00000154 EDI:0000211E EBP:00007BD8 ESP:00007BC2 DS:F600 ES:1688 FS:0000 GS:0000 SS:3E00 CF:1 ZF:0 SF:1 OF:0 AF:1 PF:1 IF:1
165E:000001B6  xor  es:[bx],ax                 es:[0960]=4C2D         EAX:00000000 EBX:00000960 ECX:00007FEA EDX:00000000 ESI:00000156 EDI:0000211E EBP:00007BD8 ESP:00007BC2 DS:F600 ES:1688 FS:0000 GS:0000 SS:3E00 CF:1 ZF:0 SF:1 OF:0 AF:1 PF:1 IF:1
165E:000001B9  inc  bx                                                EAX:00000000 EBX:00000960 ECX:00007FEA EDX:00000000 ESI:00000156 EDI:0000211E EBP:00007BD8 ESP:00007BC2 DS:F600 ES:1688 FS:0000 GS:0000 SS:3E00 CF:0 ZF:0 SF:0 OF:0 AF:0 PF:1 IF:1
165E:000001BA  inc  bx                                                EAX:00000000 EBX:00000961 ECX:00007FEA EDX:00000000 ESI:00000156 EDI:0000211E EBP:00007BD8 ESP:00007BC2 DS:F600 ES:1688 FS:0000 GS:0000 SS:3E00 CF:0 ZF:0 SF:0 OF:0 AF:0 PF:0 IF:1
165E:000001BB  cmp  bx,0B19                                           EAX:00000000 EBX:00000962 ECX:00007FEA EDX:00000000 ESI:00000156 EDI:0000211E EBP:00007BD8 ESP:00007BC2 DS:F600 ES:1688 FS:0000 GS:0000 SS:3E00 CF:0 ZF:0 SF:0 OF:0 AF:0 PF:0 IF:1
165E:000001BF  jc   000001B5 ($-c)             (up)                   EAX:00000000 EBX:00000962 ECX:00007FEA EDX:00000000 ESI:00000156 EDI:0000211E EBP:00007BD8 ESP:00007BC2 DS:F600 ES:1688 FS:0000 GS:0000 SS:3E00 CF:1 ZF:0 SF:1 OF:0 AF:1 PF:0 IF:1
165E:000001B5  lodsw                                                  EAX:00000000 EBX:00000962 ECX:00007FEA EDX:00000000 ESI:00000156 EDI:0000211E EBP:00007BD8 ESP:00007BC2 DS:F600 ES:1688 FS:0000 GS:0000 SS:3E00 CF:1 ZF:0 SF:1 OF:0 AF:1 PF:0 IF:1
165E:000001B6  xor  es:[bx],ax                 es:[0962]=4E44         EAX:00000000 EBX:00000962 ECX:00007FEA EDX:00000000 ESI:00000158 EDI:0000211E EBP:00007BD8 ESP:00007BC2 DS:F600 ES:1688 FS:0000 GS:0000 SS:3E00 CF:1 ZF:0 SF:1 OF:0 AF:1 PF:0 IF:1
165E:000001B9  inc  bx                                                EAX:00000000 EBX:00000962 ECX:00007FEA EDX:00000000 ESI:00000158 EDI:0000211E EBP:00007BD8 ESP:00007BC2 DS:F600 ES:1688 FS:0000 GS:0000 SS:3E00 CF:0 ZF:0 SF:0 OF:0 AF:0 PF:1 IF:1
165E:000001BA  inc  bx                                                EAX:00000000 EBX:00000963 ECX:00007FEA EDX:00000000 ESI:00000158 EDI:0000211E EBP:00007BD8 ESP:00007BC2 DS:F600 ES:1688 FS:0000 GS:0000 SS:3E00 CF:0 ZF:0 SF:0 OF:0 AF:0 PF:1 IF:1
165E:000001BB  cmp  bx,0B19                                           EAX:00000000 EBX:00000964 ECX:00007FEA EDX:00000000 ESI:00000158 EDI:0000211E EBP:00007BD8 ESP:00007BC2 DS:F600 ES:1688 FS:0000 GS:0000 SS:3E00 CF:0 ZF:0 SF:0 OF:0 AF:0 PF:0 IF:1
165E:000001BF  jc   000001B5 ($-c)             (up)                   EAX:00000000 EBX:00000964 ECX:00007FEA EDX:00000000 ESI:00000158 EDI:0000211E EBP:00007BD8 ESP:00007BC2 DS:F600 ES:1688 FS:0000 GS:0000 SS:3E00 CF:1 ZF:0 SF:1 OF:0 AF:1 PF:1 IF:1
165E:000001B5  lodsw                                                  EAX:00000000 EBX:00000964 ECX:00007FEA EDX:00000000 ESI:00000158 EDI:0000211E EBP:00007BD8 ESP:00007BC2 DS:F600 ES:1688 FS:0000 GS:0000 SS:3E00 CF:1 ZF:0 SF:1 OF:0 AF:1 PF:1 IF:1
165E:000001B6  xor  es:[bx],ax                 es:[0964]=9BA7         EAX:00000000 EBX:00000964 ECX:00007FEA EDX:00000000 ESI:0000015A EDI:0000211E EBP:00007BD8 ESP:00007BC2 DS:F600 ES:1688 FS:0000 GS:0000 SS:3E00 CF:1 ZF:0 SF:1 OF:0 AF:1 PF:1 IF:1
165E:000001B9  inc  bx                                                EAX:00000000 EBX:00000964 ECX:00007FEA EDX:00000000 ESI:0000015A EDI:0000211E EBP:00007BD8 ESP:00007BC2 DS:F600 ES:1688 FS:0000 GS:0000 SS:3E00 CF:0 ZF:0 SF:1 OF:0 AF:0 PF:0 IF:1
165E:000001BA  inc  bx                                                EAX:00000000 EBX:00000965 ECX:00007FEA EDX:00000000 ESI:0000015A EDI:0000211E EBP:00007BD8 ESP:00007BC2 DS:F600 ES:1688 FS:0000 GS:0000 SS:3E00 CF:0 ZF:0 SF:0 OF:0 AF:0 PF:1 IF:1
165E:000001BB  cmp  bx,0B19                                           EAX:00000000 EBX:00000966 ECX:00007FEA EDX:00000000 ESI:0000015A EDI:0000211E EBP:00007BD8 ESP:00007BC2 DS:F600 ES:1688 FS:0000 GS:0000 SS:3E00 CF:0 ZF:0 SF:0 OF:0 AF:0 PF:1 IF:1
165E:000001BF  jc   000001B5 ($-c)             (up)                   EAX:00000000 EBX:00000966 ECX:00007FEA EDX:00000000 ESI:0000015A EDI:0000211E EBP:00007BD8 ESP:00007BC2 DS:F600 ES:1688 FS:0000 GS:0000 SS:3E00 CF:1 ZF:0 SF:1 OF:0 AF:1 PF:1 IF:1
165E:000001B5  lodsw                                                  EAX:00000000 EBX:00000966 ECX:00007FEA EDX:00000000 ESI:0000015A EDI:0000211E EBP:00007BD8 ESP:00007BC2 DS:F600 ES:1688 FS:0000 GS:0000 SS:3E00 CF:1 ZF:0 SF:1 OF:0 AF:1 PF:1 IF:1
165E:000001B6  xor  es:[bx],ax                 es:[0966]=7859         EAX:00000000 EBX:00000966 ECX:00007FEA EDX:00000000 ESI:0000015C EDI:0000211E EBP:00007BD8 ESP:00007BC2 DS:F600 ES:1688 FS:0000 GS:0000 SS:3E00 CF:1 ZF:0 SF:1 OF:0 AF:1 PF:1 IF:1
165E:000001B9  inc  bx                                                EAX:00000000 EBX:00000966 ECX:00007FEA EDX:00000000 ESI:0000015C EDI:0000211E EBP:00007BD8 ESP:00007BC2 DS:F600 ES:1688 FS:0000 GS:0000 SS:3E00 CF:0 ZF:0 SF:0 OF:0 AF:0 PF:1 IF:1
165E:000001BA  inc  bx                                                EAX:00000000 EBX:00000967 ECX:00007FEA EDX:00000000 ESI:0000015C EDI:0000211E EBP:00007BD8 ESP:00007BC2 DS:F600 ES:1688 FS:0000 GS:0000 SS:3E00 CF:0 ZF:0 SF:0 OF:0 AF:0 PF:0 IF:1
165E:000001BB  cmp  bx,0B19                                           EAX:00000000 EBX:00000968 ECX:00007FEA EDX:00000000 ESI:0000015C EDI:0000211E EBP:00007BD8 ESP:00007BC2 DS:F600 ES:1688 FS:0000 GS:0000 SS:3E00 CF:0 ZF:0 SF:0 OF:0 AF:0 PF:0 IF:1
165E:000001BF  jc   000001B5 ($-c)             (up)                   EAX:00000000 EBX:00000968 ECX:00007FEA EDX:00000000 ESI:0000015C EDI:0000211E EBP:00007BD8 ESP:00007BC2 DS:F600 ES:1688 FS:0000 GS:0000 SS:3E00 CF:1 ZF:0 SF:1 OF:0 AF:1 PF:0 IF:1
165E:000001B5  lodsw                                                  EAX:00000000 EBX:00000968 ECX:00007FEA EDX:00000000 ESI:0000015C EDI:0000211E EBP:00007BD8 ESP:00007BC2 DS:F600 ES:1688 FS:0000 GS:0000 SS:3E00 CF:1 ZF:0 SF:1 OF:0 AF:1 PF:0 IF:1
165E:000001B6  xor  es:[bx],ax                 es:[0968]=8967         EAX:00000000 EBX:00000968 ECX:00007FEA EDX:00000000 ESI:0000015E EDI:0000211E EBP:00007BD8 ESP:00007BC2 DS:F600 ES:1688 FS:0000 GS:0000 SS:3E00 CF:1 ZF:0 SF:1 OF:0 AF:1 PF:0 IF:1
165E:000001B9  inc  bx                                                EAX:00000000 EBX:00000968 ECX:00007FEA EDX:00000000 ESI:0000015E EDI:0000211E EBP:00007BD8 ESP:00007BC2 DS:F600 ES:1688 FS:0000 GS:0000 SS:3E00 CF:0 ZF:0 SF:1 OF:0 AF:0 PF:0 IF:1
165E:000001BA  inc  bx                                                EAX:00000000 EBX:00000969 ECX:00007FEA EDX:00000000 ESI:0000015E EDI:0000211E EBP:00007BD8 ESP:00007BC2 DS:F600 ES:1688 FS:0000 GS:0000 SS:3E00 CF:0 ZF:0 SF:0 OF:0 AF:0 PF:1 IF:1
165E:000001BB  cmp  bx,0B19                                           EAX:00000000 EBX:0000096A ECX:00007FEA EDX:00000000 ESI:0000015E EDI:0000211E EBP:00007BD8 ESP:00007BC2 DS:F600 ES:1688 FS:0000 GS:0000 SS:3E00 CF:0 ZF:0 SF:0 OF:0 AF:0 PF:1 IF:1
165E:000001BF  jc   000001B5 ($-c)             (up)                   EAX:00000000 EBX:0000096A ECX:00007FEA EDX:00000000 ESI:0000015E EDI:0000211E EBP:00007BD8 ESP:00007BC2 DS:F600 ES:1688 FS:0000 GS:0000 SS:3E00 CF:1 ZF:0 SF:1 OF:0 AF:0 PF:0 IF:1
165E:000001B5  lodsw                                                  EAX:00000000 EBX:0000096A ECX:00007FEA EDX:00000000 ESI:0000015E EDI:0000211E EBP:00007BD8 ESP:00007BC2 DS:F600 ES:1688 FS:0000 GS:0000 SS:3E00 CF:1 ZF:0 SF:1 OF:0 AF:0 PF:0 IF:1
165E:000001B6  xor  es:[bx],ax                 es:[096A]=CC27         EAX:00000000 EBX:0000096A ECX:00007FEA EDX:00000000 ESI:00000160 EDI:0000211E EBP:00007BD8 ESP:00007BC2 DS:F600 ES:1688 FS:0000 GS:0000 SS:3E00 CF:1 ZF:0 SF:1 OF:0 AF:0 PF:0 IF:1
165E:000001B9  inc  bx                                                EAX:00000000 EBX:0000096A ECX:00007FEA EDX:00000000 ESI:00000160 EDI:0000211E EBP:00007BD8 ESP:00007BC2 DS:F600 ES:1688 FS:0000 GS:0000 SS:3E00 CF:0 ZF:0 SF:1 OF:0 AF:0 PF:1 IF:1
165E:000001BA  inc  bx                                                EAX:00000000 EBX:0000096B ECX:00007FEA EDX:00000000 ESI:00000160 EDI:0000211E EBP:00007BD8 ESP:00007BC2 DS:F600 ES:1688 FS:0000 GS:0000 SS:3E00 CF:0 ZF:0 SF:0 OF:0 AF:0 PF:0 IF:1
165E:000001BB  cmp  bx,0B19                                           EAX:00000000 EBX:0000096C ECX:00007FEA EDX:00000000 ESI:00000160 EDI:0000211E EBP:00007BD8 ESP:00007BC2 DS:F600 ES:1688 FS:0000 GS:0000 SS:3E00 CF:0 ZF:0 SF:0 OF:0 AF:0 PF:1 IF:1
165E:000001BF  jc   000001B5 ($-c)             (up)                   EAX:00000000 EBX:0000096C ECX:00007FEA EDX:00000000 ESI:00000160 EDI:0000211E EBP:00007BD8 ESP:00007BC2 DS:F600 ES:1688 FS:0000 GS:0000 SS:3E00 CF:1 ZF:0 SF:1 OF:0 AF:0 PF:1 IF:1
165E:000001B5  lodsw                                                  EAX:00000000 EBX:0000096C ECX:00007FEA EDX:00000000 ESI:00000160 EDI:0000211E EBP:00007BD8 ESP:00007BC2 DS:F600 ES:1688 FS:0000 GS:0000 SS:3E00 CF:1 ZF:0 SF:1 OF:0 AF:0 PF:1 IF:1
165E:000001B6  xor  es:[bx],ax                 es:[096C]=4A7D         EAX:00000000 EBX:0000096C ECX:00007FEA EDX:00000000 ESI:00000162 EDI:0000211E EBP:00007BD8 ESP:00007BC2 DS:F600 ES:1688 FS:0000 GS:0000 SS:3E00 CF:1 ZF:0 SF:1 OF:0 AF:0 PF:1 IF:1
165E:000001B9  inc  bx                                                EAX:00000000 EBX:0000096C ECX:00007FEA EDX:00000000 ESI:00000162 EDI:0000211E EBP:00007BD8 ESP:00007BC2 DS:F600 ES:1688 FS:0000 GS:0000 SS:3E00 CF:0 ZF:0 SF:0 OF:0 AF:0 PF:1 IF:1
165E:000001BA  inc  bx                                                EAX:00000000 EBX:0000096D ECX:00007FEA EDX:00000000 ESI:00000162 EDI:0000211E EBP:00007BD8 ESP:00007BC2 DS:F600 ES:1688 FS:0000 GS:0000 SS:3E00 CF:0 ZF:0 SF:0 OF:0 AF:0 PF:0 IF:1
165E:000001BB  cmp  bx,0B19                                           EAX:00000000 EBX:0000096E ECX:00007FEA EDX:00000000 ESI:00000162 EDI:0000211E EBP:00007BD8 ESP:00007BC2 DS:F600 ES:1688 FS:0000 GS:0000 SS:3E00 CF:0 ZF:0 SF:0 OF:0 AF:0 PF:0 IF:1
165E:000001BF  jc   000001B5 ($-c)             (up)                   EAX:00000000 EBX:0000096E ECX:00007FEA EDX:00000000 ESI:00000162 EDI:0000211E EBP:00007BD8 ESP:00007BC2 DS:F600 ES:1688 FS:0000 GS:0000 SS:3E00 CF:1 ZF:0 SF:1 OF:0 AF:0 PF:1 IF:1
165E:000001B5  lodsw                                                  EAX:00000000 EBX:0000096E ECX:00007FEA EDX:00000000 ESI:00000162 EDI:0000211E EBP:00007BD8 ESP:00007BC2 DS:F600 ES:1688 FS:0000 GS:0000 SS:3E00 CF:1 ZF:0 SF:1 OF:0 AF:0 PF:1 IF:1
165E:000001B6  xor  es:[bx],ax                 es:[096E]=5D4F         EAX:00000000 EBX:0000096E ECX:00007FEA EDX:00000000 ESI:00000164 EDI:0000211E EBP:00007BD8 ESP:00007BC2 DS:F600 ES:1688 FS:0000 GS:0000 SS:3E00 CF:1 ZF:0 SF:1 OF:0 AF:0 PF:1 IF:1
165E:000001B9  inc  bx                                                EAX:00000000 EBX:0000096E ECX:00007FEA EDX:00000000 ESI:00000164 EDI:0000211E EBP:00007BD8 ESP:00007BC2 DS:F600 ES:1688 FS:0000 GS:0000 SS:3E00 CF:0 ZF:0 SF:0 OF:0 AF:0 PF:0 IF:1
165E:000001BA  inc  bx                                                EAX:00000000 EBX:0000096F ECX:00007FEA EDX:00000000 ESI:00000164 EDI:0000211E EBP:00007BD8 ESP:00007BC2 DS:F600 ES:1688 FS:0000 GS:0000 SS:3E00 CF:0 ZF:0 SF:0 OF:0 AF:0 PF:1 IF:1
165E:000001BB  cmp  bx,0B19                                           EAX:00000000 EBX:00000970 ECX:00007FEA EDX:00000000 ESI:00000164 EDI:0000211E EBP:00007BD8 ESP:00007BC2 DS:F600 ES:1688 FS:0000 GS:0000 SS:3E00 CF:0 ZF:0 SF:0 OF:0 AF:1 PF:0 IF:1
165E:000001BF  jc   000001B5 ($-c)             (up)                   EAX:00000000 EBX:00000970 ECX:00007FEA EDX:00000000 ESI:00000164 EDI:0000211E EBP:00007BD8 ESP:00007BC2 DS:F600 ES:1688 FS:0000 GS:0000 SS:3E00 CF:1 ZF:0 SF:1 OF:0 AF:1 PF:0 IF:1
165E:000001B5  lodsw                                                  EAX:00000000 EBX:00000970 ECX:00007FEA EDX:00000000 ESI:00000164 EDI:0000211E EBP:00007BD8 ESP:00007BC2 DS:F600 ES:1688 FS:0000 GS:0000 SS:3E00 CF:1 ZF:0 SF:1 OF:0 AF:1 PF:0 IF:1
165E:000001B6  xor  es:[bx],ax                 es:[0970]=B1DC         EAX:00000000 EBX:00000970 ECX:00007FEA EDX:00000000 ESI:00000166 EDI:0000211E EBP:00007BD8 ESP:00007BC2 DS:F600 ES:1688 FS:0000 GS:0000 SS:3E00 CF:1 ZF:0 SF:1 OF:0 AF:1 PF:0 IF:1
165E:000001B9  inc  bx                                                EAX:00000000 EBX:00000970 ECX:00007FEA EDX:00000000 ESI:00000166 EDI:0000211E EBP:00007BD8 ESP:00007BC2 DS:F600 ES:1688 FS:0000 GS:0000 SS:3E00 CF:0 ZF:0 SF:1 OF:0 AF:0 PF:0 IF:1
165E:000001BA  inc  bx                                                EAX:00000000 EBX:00000971 ECX:00007FEA EDX:00000000 ESI:00000166 EDI:0000211E EBP:00007BD8 ESP:00007BC2 DS:F600 ES:1688 FS:0000 GS:0000 SS:3E00 CF:0 ZF:0 SF:0 OF:0 AF:0 PF:1 IF:1
165E:000001BB  cmp  bx,0B19                                           EAX:00000000 EBX:00000972 ECX:00007FEA EDX:00000000 ESI:00000166 EDI:0000211E EBP:00007BD8 ESP:00007BC2 DS:F600 ES:1688 FS:0000 GS:0000 SS:3E00 CF:0 ZF:0 SF:0 OF:0 AF:0 PF:1 IF:1
165E:000001BF  jc   000001B5 ($-c)             (up)                   EAX:00000000 EBX:00000972 ECX:00007FEA EDX:00000000 ESI:00000166 EDI:0000211E EBP:00007BD8 ESP:00007BC2 DS:F600 ES:1688 FS:0000 GS:0000 SS:3E00 CF:1 ZF:0 SF:1 OF:0 AF:1 PF:1 IF:1
165E:000001B5  lodsw                                                  EAX:00000000 EBX:00000972 ECX:00007FEA EDX:00000000 ESI:00000166 EDI:0000211E EBP:00007BD8 ESP:00007BC2 DS:F600 ES:1688 FS:0000 GS:0000 SS:3E00 CF:1 ZF:0 SF:1 OF:0 AF:1 PF:1 IF:1
165E:000001B6  xor  es:[bx],ax                 es:[0972]=05CC         EAX:00000000 EBX:00000972 ECX:00007FEA EDX:00000000 ESI:00000168 EDI:0000211E EBP:00007BD8 ESP:00007BC2 DS:F600 ES:1688 FS:0000 GS:0000 SS:3E00 CF:1 ZF:0 SF:1 OF:0 AF:1 PF:1 IF:1
165E:000001B9  inc  bx                                                EAX:00000000 EBX:00000972 ECX:00007FEA EDX:00000000 ESI:00000168 EDI:0000211E EBP:00007BD8 ESP:00007BC2 DS:F600 ES:1688 FS:0000 GS:0000 SS:3E00 CF:0 ZF:0 SF:0 OF:0 AF:0 PF:1 IF:1
165E:000001BA  inc  bx                                                EAX:00000000 EBX:00000973 ECX:00007FEA EDX:00000000 ESI:00000168 EDI:0000211E EBP:00007BD8 ESP:00007BC2 DS:F600 ES:1688 FS:0000 GS:0000 SS:3E00 CF:0 ZF:0 SF:0 OF:0 AF:0 PF:0 IF:1
165E:000001BB  cmp  bx,0B19                                           EAX:00000000 EBX:00000974 ECX:00007FEA EDX:00000000 ESI:00000168 EDI:0000211E EBP:00007BD8 ESP:00007BC2 DS:F600 ES:1688 FS:0000 GS:0000 SS:3E00 CF:0 ZF:0 SF:0 OF:0 AF:0 PF:1 IF:1
165E:000001BF  jc   000001B5 ($-c)             (up)                   EAX:00000000 EBX:00000974 ECX:00007FEA EDX:00000000 ESI:00000168 EDI:0000211E EBP:00007BD8 ESP:00007BC2 DS:F600 ES:1688 FS:0000 GS:0000 SS:3E00 CF:1 ZF:0 SF:1 OF:0 AF:1 PF:0 IF:1
165E:000001B5  lodsw                                                  EAX:00000000 EBX:00000974 ECX:00007FEA EDX:00000000 ESI:00000168 EDI:0000211E EBP:00007BD8 ESP:00007BC2 DS:F600 ES:1688 FS:0000 GS:0000 SS:3E00 CF:1 ZF:0 SF:1 OF:0 AF:1 PF:0 IF:1
165E:000001B6  xor  es:[bx],ax                 es:[0974]=1BD3         EAX:00000000 EBX:00000974 ECX:00007FEA EDX:00000000 ESI:0000016A EDI:0000211E EBP:00007BD8 ESP:00007BC2 DS:F600 ES:1688 FS:0000 GS:0000 SS:3E00 CF:1 ZF:0 SF:1 OF:0 AF:1 PF:0 IF:1
165E:000001B9  inc  bx                                                EAX:00000000 EBX:00000974 ECX:00007FEA EDX:00000000 ESI:0000016A EDI:0000211E EBP:00007BD8 ESP:00007BC2 DS:F600 ES:1688 FS:0000 GS:0000 SS:3E00 CF:0 ZF:0 SF:0 OF:0 AF:0 PF:0 IF:1
165E:000001BA  inc  bx                                                EAX:00000000 EBX:00000975 ECX:00007FEA EDX:00000000 ESI:0000016A EDI:0000211E EBP:00007BD8 ESP:00007BC2 DS:F600 ES:1688 FS:0000 GS:0000 SS:3E00 CF:0 ZF:0 SF:0 OF:0 AF:0 PF:0 IF:1
165E:000001BB  cmp  bx,0B19                                           EAX:00000000 EBX:00000976 ECX:00007FEA EDX:00000000 ESI:0000016A EDI:0000211E EBP:00007BD8 ESP:00007BC2 DS:F600 ES:1688 FS:0000 GS:0000 SS:3E00 CF:0 ZF:0 SF:0 OF:0 AF:0 PF:0 IF:1
165E:000001BF  jc   000001B5 ($-c)             (up)                   EAX:00000000 EBX:00000976 ECX:00007FEA EDX:00000000 ESI:0000016A EDI:0000211E EBP:00007BD8 ESP:00007BC2 DS:F600 ES:1688 FS:0000 GS:0000 SS:3E00 CF:1 ZF:0 SF:1 OF:0 AF:1 PF:0 IF:1
165E:000001B5  lodsw                                                  EAX:00000000 EBX:00000976 ECX:00007FEA EDX:00000000 ESI:0000016A EDI:0000211E EBP:00007BD8 ESP:00007BC2 DS:F600 ES:1688 FS:0000 GS:0000 SS:3E00 CF:1 ZF:0 SF:1 OF:0 AF:1 PF:0 IF:1
165E:000001B6  xor  es:[bx],ax                 es:[0976]=CA6D         EAX:00000000 EBX:00000976 ECX:00007FEA EDX:00000000 ESI:0000016C EDI:0000211E EBP:00007BD8 ESP:00007BC2 DS:F600 ES:1688 FS:0000 GS:0000 SS:3E00 CF:1 ZF:0 SF:1 OF:0 AF:1 PF:0 IF:1
165E:000001B9  inc  bx                                                EAX:00000000 EBX:00000976 ECX:00007FEA EDX:00000000 ESI:0000016C EDI:0000211E EBP:00007BD8 ESP:00007BC2 DS:F600 ES:1688 FS:0000 GS:0000 SS:3E00 CF:0 ZF:0 SF:1 OF:0 AF:0 PF:0 IF:1
165E:000001BA  inc  bx                                                EAX:00000000 EBX:00000977 ECX:00007FEA EDX:00000000 ESI:0000016C EDI:0000211E EBP:00007BD8 ESP:00007BC2 DS:F600 ES:1688 FS:0000 GS:0000 SS:3E00 CF:0 ZF:0 SF:0 OF:0 AF:0 PF:1 IF:1
165E:000001BB  cmp  bx,0B19                                           EAX:00000000 EBX:00000978 ECX:00007FEA EDX:00000000 ESI:0000016C EDI:0000211E EBP:00007BD8 ESP:00007BC2 DS:F600 ES:1688 FS:0000 GS:0000 SS:3E00 CF:0 ZF:0 SF:0 OF:0 AF:0 PF:1 IF:1
165E:000001BF  jc   000001B5 ($-c)             (up)                   EAX:00000000 EBX:00000978 ECX:00007FEA EDX:00000000 ESI:0000016C EDI:0000211E EBP:00007BD8 ESP:00007BC2 DS:F600 ES:1688 FS:0000 GS:0000 SS:3E00 CF:1 ZF:0 SF:1 OF:0 AF:1 PF:1 IF:1
165E:000001B5  lodsw                                                  EAX:00000000 EBX:00000978 ECX:00007FEA EDX:00000000 ESI:0000016C EDI:0000211E EBP:00007BD8 ESP:00007BC2 DS:F600 ES:1688 FS:0000 GS:0000 SS:3E00 CF:1 ZF:0 SF:1 OF:0 AF:1 PF:1 IF:1
165E:000001B6  xor  es:[bx],ax                 es:[0978]=166D         EAX:00000000 EBX:00000978 ECX:00007FEA EDX:00000000 ESI:0000016E EDI:0000211E EBP:00007BD8 ESP:00007BC2 DS:F600 ES:1688 FS:0000 GS:0000 SS:3E00 CF:1 ZF:0 SF:1 OF:0 AF:1 PF:1 IF:1
165E:000001B9  inc  bx                                                EAX:00000000 EBX:00000978 ECX:00007FEA EDX:00000000 ESI:0000016E EDI:0000211E EBP:00007BD8 ESP:00007BC2 DS:F600 ES:1688 FS:0000 GS:0000 SS:3E00 CF:0 ZF:0 SF:0 OF:0 AF:0 PF:0 IF:1
165E:000001BA  inc  bx                                                EAX:00000000 EBX:00000979 ECX:00007FEA EDX:00000000 ESI:0000016E EDI:0000211E EBP:00007BD8 ESP:00007BC2 DS:F600 ES:1688 FS:0000 GS:0000 SS:3E00 CF:0 ZF:0 SF:0 OF:0 AF:0 PF:0 IF:1
165E:000001BB  cmp  bx,0B19                                           EAX:00000000 EBX:0000097A ECX:00007FEA EDX:00000000 ESI:0000016E EDI:0000211E EBP:00007BD8 ESP:00007BC2 DS:F600 ES:1688 FS:0000 GS:0000 SS:3E00 CF:0 ZF:0 SF:0 OF:0 AF:0 PF:0 IF:1
165E:000001BF  jc   000001B5 ($-c)             (up)                   EAX:00000000 EBX:0000097A ECX:00007FEA EDX:00000000 ESI:0000016E EDI:0000211E EBP:00007BD8 ESP:00007BC2 DS:F600 ES:1688 FS:0000 GS:0000 SS:3E00 CF:1 ZF:0 SF:1 OF:0 AF:0 PF:0 IF:1
165E:000001B5  lodsw                                                  EAX:00000000 EBX:0000097A ECX:00007FEA EDX:00000000 ESI:0000016E EDI:0000211E EBP:00007BD8 ESP:00007BC2 DS:F600 ES:1688 FS:0000 GS:0000 SS:3E00 CF:1 ZF:0 SF:1 OF:0 AF:0 PF:0 IF:1
165E:000001B6  xor  es:[bx],ax                 es:[097A]=8290         EAX:00000000 EBX:0000097A ECX:00007FEA EDX:00000000 ESI:00000170 EDI:0000211E EBP:00007BD8 ESP:00007BC2 DS:F600 ES:1688 FS:0000 GS:0000 SS:3E00 CF:1 ZF:0 SF:1 OF:0 AF:0 PF:0 IF:1
165E:000001B9  inc  bx                                                EAX:00000000 EBX:0000097A ECX:00007FEA EDX:00000000 ESI:00000170 EDI:0000211E EBP:00007BD8 ESP:00007BC2 DS:F600 ES:1688 FS:0000 GS:0000 SS:3E00 CF:0 ZF:0 SF:1 OF:0 AF:0 PF:1 IF:1
165E:000001BA  inc  bx                                                EAX:00000000 EBX:0000097B ECX:00007FEA EDX:00000000 ESI:00000170 EDI:0000211E EBP:00007BD8 ESP:00007BC2 DS:F600 ES:1688 FS:0000 GS:0000 SS:3E00 CF:0 ZF:0 SF:0 OF:0 AF:0 PF:1 IF:1
165E:000001BB  cmp  bx,0B19                                           EAX:00000000 EBX:0000097C ECX:00007FEA EDX:00000000 ESI:00000170 EDI:0000211E EBP:00007BD8 ESP:00007BC2 DS:F600 ES:1688 FS:0000 GS:0000 SS:3E00 CF:0 ZF:0 SF:0 OF:0 AF:0 PF:0 IF:1
165E:000001BF  jc   000001B5 ($-c)             (up)                   EAX:00000000 EBX:0000097C ECX:00007FEA EDX:00000000 ESI:00000170 EDI:0000211E EBP:00007BD8 ESP:00007BC2 DS:F600 ES:1688 FS:0000 GS:0000 SS:3E00 CF:1 ZF:0 SF:1 OF:0 AF:0 PF:1 IF:1
165E:000001B5  lodsw                                                  EAX:00000000 EBX:0000097C ECX:00007FEA EDX:00000000 ESI:00000170 EDI:0000211E EBP:00007BD8 ESP:00007BC2 DS:F600 ES:1688 FS:0000 GS:0000 SS:3E00 CF:1 ZF:0 SF:1 OF:0 AF:0 PF:1 IF:1
165E:000001B6  xor  es:[bx],ax                 es:[097C]=1612         EAX:00000000 EBX:0000097C ECX:00007FEA EDX:00000000 ESI:00000172 EDI:0000211E EBP:00007BD8 ESP:00007BC2 DS:F600 ES:1688 FS:0000 GS:0000 SS:3E00 CF:1 ZF:0 SF:1 OF:0 AF:0 PF:1 IF:1
165E:000001B9  inc  bx                                                EAX:00000000 EBX:0000097C ECX:00007FEA EDX:00000000 ESI:00000172 EDI:0000211E EBP:00007BD8 ESP:00007BC2 DS:F600 ES:1688 FS:0000 GS:0000 SS:3E00 CF:0 ZF:0 SF:0 OF:0 AF:0 PF:1 IF:1
165E:000001BA  inc  bx                                                EAX:00000000 EBX:0000097D ECX:00007FEA EDX:00000000 ESI:00000172 EDI:0000211E EBP:00007BD8 ESP:00007BC2 DS:F600 ES:1688 FS:0000 GS:0000 SS:3E00 CF:0 ZF:0 SF:0 OF:0 AF:0 PF:1 IF:1
165E:000001BB  cmp  bx,0B19                                           EAX:00000000 EBX:0000097E ECX:00007FEA EDX:00000000 ESI:00000172 EDI:0000211E EBP:00007BD8 ESP:00007BC2 DS:F600 ES:1688 FS:0000 GS:0000 SS:3E00 CF:0 ZF:0 SF:0 OF:0 AF:0 PF:1 IF:1
165E:000001BF  jc   000001B5 ($-c)             (up)                   EAX:00000000 EBX:0000097E ECX:00007FEA EDX:00000000 ESI:00000172 EDI:0000211E EBP:00007BD8 ESP:00007BC2 DS:F600 ES:1688 FS:0000 GS:0000 SS:3E00 CF:1 ZF:0 SF:1 OF:0 AF:0 PF:1 IF:1
165E:000001B5  lodsw                                                  EAX:00000000 EBX:0000097E ECX:00007FEA EDX:00000000 ESI:00000172 EDI:0000211E EBP:00007BD8 ESP:00007BC2 DS:F600 ES:1688 FS:0000 GS:0000 SS:3E00 CF:1 ZF:0 SF:1 OF:0 AF:0 PF:1 IF:1
165E:000001B6  xor  es:[bx],ax                 es:[097E]=DFD3         EAX:00000000 EBX:0000097E ECX:00007FEA EDX:00000000 ESI:00000174 EDI:0000211E EBP:00007BD8 ESP:00007BC2 DS:F600 ES:1688 FS:0000 GS:0000 SS:3E00 CF:1 ZF:0 SF:1 OF:0 AF:0 PF:1 IF:1
165E:000001B9  inc  bx                                                EAX:00000000 EBX:0000097E ECX:00007FEA EDX:00000000 ESI:00000174 EDI:0000211E EBP:00007BD8 ESP:00007BC2 DS:F600 ES:1688 FS:0000 GS:0000 SS:3E00 CF:0 ZF:0 SF:1 OF:0 AF:0 PF:0 IF:1
165E:000001BA  inc  bx                                                EAX:00000000 EBX:0000097F ECX:00007FEA EDX:00000000 ESI:00000174 EDI:0000211E EBP:00007BD8 ESP:00007BC2 DS:F600 ES:1688 FS:0000 GS:0000 SS:3E00 CF:0 ZF:0 SF:0 OF:0 AF:0 PF:0 IF:1
165E:000001BB  cmp  bx,0B19                                           EAX:00000000 EBX:00000980 ECX:00007FEA EDX:00000000 ESI:00000174 EDI:0000211E EBP:00007BD8 ESP:00007BC2 DS:F600 ES:1688 FS:0000 GS:0000 SS:3E00 CF:0 ZF:0 SF:0 OF:0 AF:1 PF:0 IF:1
165E:000001BF  jc   000001B5 ($-c)             (up)                   EAX:00000000 EBX:00000980 ECX:00007FEA EDX:00000000 ESI:00000174 EDI:0000211E EBP:00007BD8 ESP:00007BC2 DS:F600 ES:1688 FS:0000 GS:0000 SS:3E00 CF:1 ZF:0 SF:1 OF:0 AF:1 PF:0 IF:1
165E:000001B5  lodsw                                                  EAX:00000000 EBX:00000980 ECX:00007FEA EDX:00000000 ESI:00000174 EDI:0000211E EBP:00007BD8 ESP:00007BC2 DS:F600 ES:1688 FS:0000 GS:0000 SS:3E00 CF:1 ZF:0 SF:1 OF:0 AF:1 PF:0 IF:1
165E:000001B6  xor  es:[bx],ax                 es:[0980]=5055         EAX:00000000 EBX:00000980 ECX:00007FEA EDX:00000000 ESI:00000176 EDI:0000211E EBP:00007BD8 ESP:00007BC2 DS:F600 ES:1688 FS:0000 GS:0000 SS:3E00 CF:1 ZF:0 SF:1 OF:0 AF:1 PF:0 IF:1
165E:000001B9  inc  bx                                                EAX:00000000 EBX:00000980 ECX:00007FEA EDX:00000000 ESI:00000176 EDI:0000211E EBP:00007BD8 ESP:00007BC2 DS:F600 ES:1688 FS:0000 GS:0000 SS:3E00 CF:0 ZF:0 SF:0 OF:0 AF:0 PF:1 IF:1
165E:000001BA  inc  bx                                                EAX:00000000 EBX:00000981 ECX:00007FEA EDX:00000000 ESI:00000176 EDI:0000211E EBP:00007BD8 ESP:00007BC2 DS:F600 ES:1688 FS:0000 GS:0000 SS:3E00 CF:0 ZF:0 SF:0 OF:0 AF:0 PF:1 IF:1
165E:000001BB  cmp  bx,0B19                                           EAX:00000000 EBX:00000982 ECX:00007FEA EDX:00000000 ESI:00000176 EDI:0000211E EBP:00007BD8 ESP:00007BC2 DS:F600 ES:1688 FS:0000 GS:0000 SS:3E00 CF:0 ZF:0 SF:0 OF:0 AF:0 PF:1 IF:1
165E:000001BF  jc   000001B5 ($-c)             (up)                   EAX:00000000 EBX:00000982 ECX:00007FEA EDX:00000000 ESI:00000176 EDI:0000211E EBP:00007BD8 ESP:00007BC2 DS:F600 ES:1688 FS:0000 GS:0000 SS:3E00 CF:1 ZF:0 SF:1 OF:0 AF:1 PF:1 IF:1
165E:000001B5  lodsw                                                  EAX:00000000 EBX:00000982 ECX:00007FEA EDX:00000000 ESI:00000176 EDI:0000211E EBP:00007BD8 ESP:00007BC2 DS:F600 ES:1688 FS:0000 GS:0000 SS:3E00 CF:1 ZF:0 SF:1 OF:0 AF:1 PF:1 IF:1
165E:000001B6  xor  es:[bx],ax                 es:[0982]=4DC0         EAX:00000000 EBX:00000982 ECX:00007FEA EDX:00000000 ESI:00000178 EDI:0000211E EBP:00007BD8 ESP:00007BC2 DS:F600 ES:1688 FS:0000 GS:0000 SS:3E00 CF:1 ZF:0 SF:1 OF:0 AF:1 PF:1 IF:1
165E:000001B9  inc  bx                                                EAX:00000000 EBX:00000982 ECX:00007FEA EDX:00000000 ESI:00000178 EDI:0000211E EBP:00007BD8 ESP:00007BC2 DS:F600 ES:1688 FS:0000 GS:0000 SS:3E00 CF:0 ZF:0 SF:0 OF:0 AF:0 PF:1 IF:1
165E:000001BA  inc  bx                                                EAX:00000000 EBX:00000983 ECX:00007FEA EDX:00000000 ESI:00000178 EDI:0000211E EBP:00007BD8 ESP:00007BC2 DS:F600 ES:1688 FS:0000 GS:0000 SS:3E00 CF:0 ZF:0 SF:0 OF:0 AF:0 PF:0 IF:1
165E:000001BB  cmp  bx,0B19                                           EAX:00000000 EBX:00000984 ECX:00007FEA EDX:00000000 ESI:00000178 EDI:0000211E EBP:00007BD8 ESP:00007BC2 DS:F600 ES:1688 FS:0000 GS:0000 SS:3E00 CF:0 ZF:0 SF:0 OF:0 AF:0 PF:1 IF:1
165E:000001BF  jc   000001B5 ($-c)             (up)                   EAX:00000000 EBX:00000984 ECX:00007FEA EDX:00000000 ESI:00000178 EDI:0000211E EBP:00007BD8 ESP:00007BC2 DS:F600 ES:1688 FS:0000 GS:0000 SS:3E00 CF:1 ZF:0 SF:1 OF:0 AF:1 PF:0 IF:1
165E:000001B5  lodsw                                                  EAX:00000000 EBX:00000984 ECX:00007FEA EDX:00000000 ESI:00000178 EDI:0000211E EBP:00007BD8 ESP:00007BC2 DS:F600 ES:1688 FS:0000 GS:0000 SS:3E00 CF:1 ZF:0 SF:1 OF:0 AF:1 PF:0 IF:1
165E:000001B6  xor  es:[bx],ax                 es:[0984]=AA12         EAX:00000000 EBX:00000984 ECX:00007FEA EDX:00000000 ESI:0000017A EDI:0000211E EBP:00007BD8 ESP:00007BC2 DS:F600 ES:1688 FS:0000 GS:0000 SS:3E00 CF:1 ZF:0 SF:1 OF:0 AF:1 PF:0 IF:1
165E:000001B9  inc  bx                                                EAX:00000000 EBX:00000984 ECX:00007FEA EDX:00000000 ESI:0000017A EDI:0000211E EBP:00007BD8 ESP:00007BC2 DS:F600 ES:1688 FS:0000 GS:0000 SS:3E00 CF:0 ZF:0 SF:1 OF:0 AF:0 PF:1 IF:1
165E:000001BA  inc  bx                                                EAX:00000000 EBX:00000985 ECX:00007FEA EDX:00000000 ESI:0000017A EDI:0000211E EBP:00007BD8 ESP:00007BC2 DS:F600 ES:1688 FS:0000 GS:0000 SS:3E00 CF:0 ZF:0 SF:0 OF:0 AF:0 PF:0 IF:1
165E:000001BB  cmp  bx,0B19                                           EAX:00000000 EBX:00000986 ECX:00007FEA EDX:00000000 ESI:0000017A EDI:0000211E EBP:00007BD8 ESP:00007BC2 DS:F600 ES:1688 FS:0000 GS:0000 SS:3E00 CF:0 ZF:0 SF:0 OF:0 AF:0 PF:0 IF:1
165E:000001BF  jc   000001B5 ($-c)             (up)                   EAX:00000000 EBX:00000986 ECX:00007FEA EDX:00000000 ESI:0000017A EDI:0000211E EBP:00007BD8 ESP:00007BC2 DS:F600 ES:1688 FS:0000 GS:0000 SS:3E00 CF:1 ZF:0 SF:1 OF:0 AF:1 PF:0 IF:1
165E:000001B5  lodsw                                                  EAX:00000000 EBX:00000986 ECX:00007FEA EDX:00000000 ESI:0000017A EDI:0000211E EBP:00007BD8 ESP:00007BC2 DS:F600 ES:1688 FS:0000 GS:0000 SS:3E00 CF:1 ZF:0 SF:1 OF:0 AF:1 PF:0 IF:1
165E:000001B6  xor  es:[bx],ax                 es:[0986]=1F8E         EAX:00000000 EBX:00000986 ECX:00007FEA EDX:00000000 ESI:0000017C EDI:0000211E EBP:00007BD8 ESP:00007BC2 DS:F600 ES:1688 FS:0000 GS:0000 SS:3E00 CF:1 ZF:0 SF:1 OF:0 AF:1 PF:0 IF:1
165E:000001B9  inc  bx                                                EAX:00000000 EBX:00000986 ECX:00007FEA EDX:00000000 ESI:0000017C EDI:0000211E EBP:00007BD8 ESP:00007BC2 DS:F600 ES:1688 FS:0000 GS:0000 SS:3E00 CF:0 ZF:0 SF:0 OF:0 AF:0 PF:1 IF:1
165E:000001BA  inc  bx                                                EAX:00000000 EBX:00000987 ECX:00007FEA EDX:00000000 ESI:0000017C EDI:0000211E EBP:00007BD8 ESP:00007BC2 DS:F600 ES:1688 FS:0000 GS:0000 SS:3E00 CF:0 ZF:0 SF:0 OF:0 AF:0 PF:1 IF:1
165E:000001BB  cmp  bx,0B19                                           EAX:00000000 EBX:00000988 ECX:00007FEA EDX:00000000 ESI:0000017C EDI:0000211E EBP:00007BD8 ESP:00007BC2 DS:F600 ES:1688 FS:0000 GS:0000 SS:3E00 CF:0 ZF:0 SF:0 OF:0 AF:0 PF:1 IF:1
165E:000001BF  jc   000001B5 ($-c)             (up)                   EAX:00000000 EBX:00000988 ECX:00007FEA EDX:00000000 ESI:0000017C EDI:0000211E EBP:00007BD8 ESP:00007BC2 DS:F600 ES:1688 FS:0000 GS:0000 SS:3E00 CF:1 ZF:0 SF:1 OF:0 AF:1 PF:1 IF:1
165E:000001B5  lodsw                                                  EAX:00000000 EBX:00000988 ECX:00007FEA EDX:00000000 ESI:0000017C EDI:0000211E EBP:00007BD8 ESP:00007BC2 DS:F600 ES:1688 FS:0000 GS:0000 SS:3E00 CF:1 ZF:0 SF:1 OF:0 AF:1 PF:1 IF:1
165E:000001B6  xor  es:[bx],ax                 es:[0988]=137C         EAX:00000000 EBX:00000988 ECX:00007FEA EDX:00000000 ESI:0000017E EDI:0000211E EBP:00007BD8 ESP:00007BC2 DS:F600 ES:1688 FS:0000 GS:0000 SS:3E00 CF:1 ZF:0 SF:1 OF:0 AF:1 PF:1 IF:1
165E:000001B9  inc  bx                                                EAX:00000000 EBX:00000988 ECX:00007FEA EDX:00000000 ESI:0000017E EDI:0000211E EBP:00007BD8 ESP:00007BC2 DS:F600 ES:1688 FS:0000 GS:0000 SS:3E00 CF:0 ZF:0 SF:0 OF:0 AF:0 PF:0 IF:1
165E:000001BA  inc  bx                                                EAX:00000000 EBX:00000989 ECX:00007FEA EDX:00000000 ESI:0000017E EDI:0000211E EBP:00007BD8 ESP:00007BC2 DS:F600 ES:1688 FS:0000 GS:0000 SS:3E00 CF:0 ZF:0 SF:0 OF:0 AF:0 PF:0 IF:1
165E:000001BB  cmp  bx,0B19                                           EAX:00000000 EBX:0000098A ECX:00007FEA EDX:00000000 ESI:0000017E EDI:0000211E EBP:00007BD8 ESP:00007BC2 DS:F600 ES:1688 FS:0000 GS:0000 SS:3E00 CF:0 ZF:0 SF:0 OF:0 AF:0 PF:0 IF:1
165E:000001BF  jc   000001B5 ($-c)             (up)                   EAX:00000000 EBX:0000098A ECX:00007FEA EDX:00000000 ESI:0000017E EDI:0000211E EBP:00007BD8 ESP:00007BC2 DS:F600 ES:1688 FS:0000 GS:0000 SS:3E00 CF:1 ZF:0 SF:1 OF:0 AF:0 PF:1 IF:1
165E:000001B5  lodsw                                                  EAX:00000000 EBX:0000098A ECX:00007FEA EDX:00000000 ESI:0000017E EDI:0000211E EBP:00007BD8 ESP:00007BC2 DS:F600 ES:1688 FS:0000 GS:0000 SS:3E00 CF:1 ZF:0 SF:1 OF:0 AF:0 PF:1 IF:1
165E:000001B6  xor  es:[bx],ax                 es:[098A]=4FE4         EAX:00000000 EBX:0000098A ECX:00007FEA EDX:00000000 ESI:00000180 EDI:0000211E EBP:00007BD8 ESP:00007BC2 DS:F600 ES:1688 FS:0000 GS:0000 SS:3E00 CF:1 ZF:0 SF:1 OF:0 AF:0 PF:1 IF:1
165E:000001B9  inc  bx                                                EAX:00000000 EBX:0000098A ECX:00007FEA EDX:00000000 ESI:00000180 EDI:0000211E EBP:00007BD8 ESP:00007BC2 DS:F600 ES:1688 FS:0000 GS:0000 SS:3E00 CF:0 ZF:0 SF:0 OF:0 AF:0 PF:1 IF:1
165E:000001BA  inc  bx                                                EAX:00000000 EBX:0000098B ECX:00007FEA EDX:00000000 ESI:00000180 EDI:0000211E EBP:00007BD8 ESP:00007BC2 DS:F600 ES:1688 FS:0000 GS:0000 SS:3E00 CF:0 ZF:0 SF:0 OF:0 AF:0 PF:1 IF:1
165E:000001BB  cmp  bx,0B19                                           EAX:00000000 EBX:0000098C ECX:00007FEA EDX:00000000 ESI:00000180 EDI:0000211E EBP:00007BD8 ESP:00007BC2 DS:F600 ES:1688 FS:0000 GS:0000 SS:3E00 CF:0 ZF:0 SF:0 OF:0 AF:0 PF:0 IF:1
165E:000001BF  jc   000001B5 ($-c)             (up)                   EAX:00000000 EBX:0000098C ECX:00007FEA EDX:00000000 ESI:00000180 EDI:0000211E EBP:00007BD8 ESP:00007BC2 DS:F600 ES:1688 FS:0000 GS:0000 SS:3E00 CF:1 ZF:0 SF:1 OF:0 AF:0 PF:0 IF:1
165E:000001B5  lodsw                                                  EAX:00000000 EBX:0000098C ECX:00007FEA EDX:00000000 ESI:00000180 EDI:0000211E EBP:00007BD8 ESP:00007BC2 DS:F600 ES:1688 FS:0000 GS:0000 SS:3E00 CF:1 ZF:0 SF:1 OF:0 AF:0 PF:0 IF:1
165E:000001B6  xor  es:[bx],ax                 es:[098C]=6252         EAX:00000000 EBX:0000098C ECX:00007FEA EDX:00000000 ESI:00000182 EDI:0000211E EBP:00007BD8 ESP:00007BC2 DS:F600 ES:1688 FS:0000 GS:0000 SS:3E00 CF:1 ZF:0 SF:1 OF:0 AF:0 PF:0 IF:1
165E:000001B9  inc  bx                                                EAX:00000000 EBX:0000098C ECX:00007FEA EDX:00000000 ESI:00000182 EDI:0000211E EBP:00007BD8 ESP:00007BC2 DS:F600 ES:1688 FS:0000 GS:0000 SS:3E00 CF:0 ZF:0 SF:0 OF:0 AF:0 PF:0 IF:1
165E:000001BA  inc  bx                                                EAX:00000000 EBX:0000098D ECX:00007FEA EDX:00000000 ESI:00000182 EDI:0000211E EBP:00007BD8 ESP:00007BC2 DS:F600 ES:1688 FS:0000 GS:0000 SS:3E00 CF:0 ZF:0 SF:0 OF:0 AF:0 PF:1 IF:1
165E:000001BB  cmp  bx,0B19                                           EAX:00000000 EBX:0000098E ECX:00007FEA EDX:00000000 ESI:00000182 EDI:0000211E EBP:00007BD8 ESP:00007BC2 DS:F600 ES:1688 FS:0000 GS:0000 SS:3E00 CF:0 ZF:0 SF:0 OF:0 AF:0 PF:1 IF:1
165E:000001BF  jc   000001B5 ($-c)             (up)                   EAX:00000000 EBX:0000098E ECX:00007FEA EDX:00000000 ESI:00000182 EDI:0000211E EBP:00007BD8 ESP:00007BC2 DS:F600 ES:1688 FS:0000 GS:0000 SS:3E00 CF:1 ZF:0 SF:1 OF:0 AF:0 PF:0 IF:1
165E:000001B5  lodsw                                                  EAX:00000000 EBX:0000098E ECX:00007FEA EDX:00000000 ESI:00000182 EDI:0000211E EBP:00007BD8 ESP:00007BC2 DS:F600 ES:1688 FS:0000 GS:0000 SS:3E00 CF:1 ZF:0 SF:1 OF:0 AF:0 PF:0 IF:1
165E:000001B6  xor  es:[bx],ax                 es:[098E]=4012         EAX:00000000 EBX:0000098E ECX:00007FEA EDX:00000000 ESI:00000184 EDI:0000211E EBP:00007BD8 ESP:00007BC2 DS:F600 ES:1688 FS:0000 GS:0000 SS:3E00 CF:1 ZF:0 SF:1 OF:0 AF:0 PF:0 IF:1
165E:000001B9  inc  bx                                                EAX:00000000 EBX:0000098E ECX:00007FEA EDX:00000000 ESI:00000184 EDI:0000211E EBP:00007BD8 ESP:00007BC2 DS:F600 ES:1688 FS:0000 GS:0000 SS:3E00 CF:0 ZF:0 SF:0 OF:0 AF:0 PF:1 IF:1
165E:000001BA  inc  bx                                                EAX:00000000 EBX:0000098F ECX:00007FEA EDX:00000000 ESI:00000184 EDI:0000211E EBP:00007BD8 ESP:00007BC2 DS:F600 ES:1688 FS:0000 GS:0000 SS:3E00 CF:0 ZF:0 SF:0 OF:0 AF:0 PF:0 IF:1
165E:000001BB  cmp  bx,0B19                                           EAX:00000000 EBX:00000990 ECX:00007FEA EDX:00000000 ESI:00000184 EDI:0000211E EBP:00007BD8 ESP:00007BC2 DS:F600 ES:1688 FS:0000 GS:0000 SS:3E00 CF:0 ZF:0 SF:0 OF:0 AF:1 PF:1 IF:1
165E:000001BF  jc   000001B5 ($-c)             (up)                   EAX:00000000 EBX:00000990 ECX:00007FEA EDX:00000000 ESI:00000184 EDI:0000211E EBP:00007BD8 ESP:00007BC2 DS:F600 ES:1688 FS:0000 GS:0000 SS:3E00 CF:1 ZF:0 SF:1 OF:0 AF:1 PF:1 IF:1
165E:000001B5  lodsw                                                  EAX:00000000 EBX:00000990 ECX:00007FEA EDX:00000000 ESI:00000184 EDI:0000211E EBP:00007BD8 ESP:00007BC2 DS:F600 ES:1688 FS:0000 GS:0000 SS:3E00 CF:1 ZF:0 SF:1 OF:0 AF:1 PF:1 IF:1
165E:000001B6  xor  es:[bx],ax                 es:[0990]=9412         EAX:00000000 EBX:00000990 ECX:00007FEA EDX:00000000 ESI:00000186 EDI:0000211E EBP:00007BD8 ESP:00007BC2 DS:F600 ES:1688 FS:0000 GS:0000 SS:3E00 CF:1 ZF:0 SF:1 OF:0 AF:1 PF:1 IF:1
165E:000001B9  inc  bx                                                EAX:00000000 EBX:00000990 ECX:00007FEA EDX:00000000 ESI:00000186 EDI:0000211E EBP:00007BD8 ESP:00007BC2 DS:F600 ES:1688 FS:0000 GS:0000 SS:3E00 CF:0 ZF:0 SF:1 OF:0 AF:0 PF:1 IF:1
165E:000001BA  inc  bx                                                EAX:00000000 EBX:00000991 ECX:00007FEA EDX:00000000 ESI:00000186 EDI:0000211E EBP:00007BD8 ESP:00007BC2 DS:F600 ES:1688 FS:0000 GS:0000 SS:3E00 CF:0 ZF:0 SF:0 OF:0 AF:0 PF:0 IF:1
165E:000001BB  cmp  bx,0B19                                           EAX:00000000 EBX:00000992 ECX:00007FEA EDX:00000000 ESI:00000186 EDI:0000211E EBP:00007BD8 ESP:00007BC2 DS:F600 ES:1688 FS:0000 GS:0000 SS:3E00 CF:0 ZF:0 SF:0 OF:0 AF:0 PF:0 IF:1
165E:000001BF  jc   000001B5 ($-c)             (up)                   EAX:00000000 EBX:00000992 ECX:00007FEA EDX:00000000 ESI:00000186 EDI:0000211E EBP:00007BD8 ESP:00007BC2 DS:F600 ES:1688 FS:0000 GS:0000 SS:3E00 CF:1 ZF:0 SF:1 OF:0 AF:1 PF:0 IF:1
165E:000001B5  lodsw                                                  EAX:00000000 EBX:00000992 ECX:00007FEA EDX:00000000 ESI:00000186 EDI:0000211E EBP:00007BD8 ESP:00007BC2 DS:F600 ES:1688 FS:0000 GS:0000 SS:3E00 CF:1 ZF:0 SF:1 OF:0 AF:1 PF:0 IF:1
165E:000001B6  xor  es:[bx],ax                 es:[0992]=8FB4         EAX:00000000 EBX:00000992 ECX:00007FEA EDX:00000000 ESI:00000188 EDI:0000211E EBP:00007BD8 ESP:00007BC2 DS:F600 ES:1688 FS:0000 GS:0000 SS:3E00 CF:1 ZF:0 SF:1 OF:0 AF:1 PF:0 IF:1
165E:000001B9  inc  bx                                                EAX:00000000 EBX:00000992 ECX:00007FEA EDX:00000000 ESI:00000188 EDI:0000211E EBP:00007BD8 ESP:00007BC2 DS:F600 ES:1688 FS:0000 GS:0000 SS:3E00 CF:0 ZF:0 SF:1 OF:0 AF:0 PF:1 IF:1
165E:000001BA  inc  bx                                                EAX:00000000 EBX:00000993 ECX:00007FEA EDX:00000000 ESI:00000188 EDI:0000211E EBP:00007BD8 ESP:00007BC2 DS:F600 ES:1688 FS:0000 GS:0000 SS:3E00 CF:0 ZF:0 SF:0 OF:0 AF:0 PF:1 IF:1
165E:000001BB  cmp  bx,0B19                                           EAX:00000000 EBX:00000994 ECX:00007FEA EDX:00000000 ESI:00000188 EDI:0000211E EBP:00007BD8 ESP:00007BC2 DS:F600 ES:1688 FS:0000 GS:0000 SS:3E00 CF:0 ZF:0 SF:0 OF:0 AF:0 PF:0 IF:1
165E:000001BF  jc   000001B5 ($-c)             (up)                   EAX:00000000 EBX:00000994 ECX:00007FEA EDX:00000000 ESI:00000188 EDI:0000211E EBP:00007BD8 ESP:00007BC2 DS:F600 ES:1688 FS:0000 GS:0000 SS:3E00 CF:1 ZF:0 SF:1 OF:0 AF:1 PF:1 IF:1
165E:000001B5  lodsw                                                  EAX:00000000 EBX:00000994 ECX:00007FEA EDX:00000000 ESI:00000188 EDI:0000211E EBP:00007BD8 ESP:00007BC2 DS:F600 ES:1688 FS:0000 GS:0000 SS:3E00 CF:1 ZF:0 SF:1 OF:0 AF:1 PF:1 IF:1
165E:000001B6  xor  es:[bx],ax                 es:[0994]=9180         EAX:00000000 EBX:00000994 ECX:00007FEA EDX:00000000 ESI:0000018A EDI:0000211E EBP:00007BD8 ESP:00007BC2 DS:F600 ES:1688 FS:0000 GS:0000 SS:3E00 CF:1 ZF:0 SF:1 OF:0 AF:1 PF:1 IF:1
165E:000001B9  inc  bx                                                EAX:00000000 EBX:00000994 ECX:00007FEA EDX:00000000 ESI:0000018A EDI:0000211E EBP:00007BD8 ESP:00007BC2 DS:F600 ES:1688 FS:0000 GS:0000 SS:3E00 CF:0 ZF:0 SF:1 OF:0 AF:0 PF:0 IF:1
165E:000001BA  inc  bx                                                EAX:00000000 EBX:00000995 ECX:00007FEA EDX:00000000 ESI:0000018A EDI:0000211E EBP:00007BD8 ESP:00007BC2 DS:F600 ES:1688 FS:0000 GS:0000 SS:3E00 CF:0 ZF:0 SF:0 OF:0 AF:0 PF:1 IF:1
165E:000001BB  cmp  bx,0B19                                           EAX:00000000 EBX:00000996 ECX:00007FEA EDX:00000000 ESI:0000018A EDI:0000211E EBP:00007BD8 ESP:00007BC2 DS:F600 ES:1688 FS:0000 GS:0000 SS:3E00 CF:0 ZF:0 SF:0 OF:0 AF:0 PF:1 IF:1
165E:000001BF  jc   000001B5 ($-c)             (up)                   EAX:00000000 EBX:00000996 ECX:00007FEA EDX:00000000 ESI:0000018A EDI:0000211E EBP:00007BD8 ESP:00007BC2 DS:F600 ES:1688 FS:0000 GS:0000 SS:3E00 CF:1 ZF:0 SF:1 OF:0 AF:1 PF:1 IF:1
165E:000001B5  lodsw                                                  EAX:00000000 EBX:00000996 ECX:00007FEA EDX:00000000 ESI:0000018A EDI:0000211E EBP:00007BD8 ESP:00007BC2 DS:F600 ES:1688 FS:0000 GS:0000 SS:3E00 CF:1 ZF:0 SF:1 OF:0 AF:1 PF:1 IF:1
165E:000001B6  xor  es:[bx],ax                 es:[0996]=7980         EAX:00000000 EBX:00000996 ECX:00007FEA EDX:00000000 ESI:0000018C EDI:0000211E EBP:00007BD8 ESP:00007BC2 DS:F600 ES:1688 FS:0000 GS:0000 SS:3E00 CF:1 ZF:0 SF:1 OF:0 AF:1 PF:1 IF:1
165E:000001B9  inc  bx                                                EAX:00000000 EBX:00000996 ECX:00007FEA EDX:00000000 ESI:0000018C EDI:0000211E EBP:00007BD8 ESP:00007BC2 DS:F600 ES:1688 FS:0000 GS:0000 SS:3E00 CF:0 ZF:0 SF:0 OF:0 AF:0 PF:0 IF:1
165E:000001BA  inc  bx                                                EAX:00000000 EBX:00000997 ECX:00007FEA EDX:00000000 ESI:0000018C EDI:0000211E EBP:00007BD8 ESP:00007BC2 DS:F600 ES:1688 FS:0000 GS:0000 SS:3E00 CF:0 ZF:0 SF:0 OF:0 AF:0 PF:0 IF:1
165E:000001BB  cmp  bx,0B19                                           EAX:00000000 EBX:00000998 ECX:00007FEA EDX:00000000 ESI:0000018C EDI:0000211E EBP:00007BD8 ESP:00007BC2 DS:F600 ES:1688 FS:0000 GS:0000 SS:3E00 CF:0 ZF:0 SF:0 OF:0 AF:0 PF:0 IF:1
165E:000001BF  jc   000001B5 ($-c)             (up)                   EAX:00000000 EBX:00000998 ECX:00007FEA EDX:00000000 ESI:0000018C EDI:0000211E EBP:00007BD8 ESP:00007BC2 DS:F600 ES:1688 FS:0000 GS:0000 SS:3E00 CF:1 ZF:0 SF:1 OF:0 AF:1 PF:0 IF:1
165E:000001B5  lodsw                                                  EAX:00000000 EBX:00000998 ECX:00007FEA EDX:00000000 ESI:0000018C EDI:0000211E EBP:00007BD8 ESP:00007BC2 DS:F600 ES:1688 FS:0000 GS:0000 SS:3E00 CF:1 ZF:0 SF:1 OF:0 AF:1 PF:0 IF:1
165E:000001B6  xor  es:[bx],ax                 es:[0998]=3044         EAX:00000000 EBX:00000998 ECX:00007FEA EDX:00000000 ESI:0000018E EDI:0000211E EBP:00007BD8 ESP:00007BC2 DS:F600 ES:1688 FS:0000 GS:0000 SS:3E00 CF:1 ZF:0 SF:1 OF:0 AF:1 PF:0 IF:1
165E:000001B9  inc  bx                                                EAX:00000000 EBX:00000998 ECX:00007FEA EDX:00000000 ESI:0000018E EDI:0000211E EBP:00007BD8 ESP:00007BC2 DS:F600 ES:1688 FS:0000 GS:0000 SS:3E00 CF:0 ZF:0 SF:0 OF:0 AF:0 PF:1 IF:1
165E:000001BA  inc  bx                                                EAX:00000000 EBX:00000999 ECX:00007FEA EDX:00000000 ESI:0000018E EDI:0000211E EBP:00007BD8 ESP:00007BC2 DS:F600 ES:1688 FS:0000 GS:0000 SS:3E00 CF:0 ZF:0 SF:0 OF:0 AF:0 PF:1 IF:1
165E:000001BB  cmp  bx,0B19                                           EAX:00000000 EBX:0000099A ECX:00007FEA EDX:00000000 ESI:0000018E EDI:0000211E EBP:00007BD8 ESP:00007BC2 DS:F600 ES:1688 FS:0000 GS:0000 SS:3E00 CF:0 ZF:0 SF:0 OF:0 AF:0 PF:1 IF:1
165E:000001BF  jc   000001B5 ($-c)             (up)                   EAX:00000000 EBX:0000099A ECX:00007FEA EDX:00000000 ESI:0000018E EDI:0000211E EBP:00007BD8 ESP:00007BC2 DS:F600 ES:1688 FS:0000 GS:0000 SS:3E00 CF:1 ZF:0 SF:1 OF:0 AF:0 PF:1 IF:1
165E:000001B5  lodsw                                                  EAX:00000000 EBX:0000099A ECX:00007FEA EDX:00000000 ESI:0000018E EDI:0000211E EBP:00007BD8 ESP:00007BC2 DS:F600 ES:1688 FS:0000 GS:0000 SS:3E00 CF:1 ZF:0 SF:1 OF:0 AF:0 PF:1 IF:1
165E:000001B6  xor  es:[bx],ax                 es:[099A]=4868         EAX:00000000 EBX:0000099A ECX:00007FEA EDX:00000000 ESI:00000190 EDI:0000211E EBP:00007BD8 ESP:00007BC2 DS:F600 ES:1688 FS:0000 GS:0000 SS:3E00 CF:1 ZF:0 SF:1 OF:0 AF:0 PF:1 IF:1
165E:000001B9  inc  bx                                                EAX:00000000 EBX:0000099A ECX:00007FEA EDX:00000000 ESI:00000190 EDI:0000211E EBP:00007BD8 ESP:00007BC2 DS:F600 ES:1688 FS:0000 GS:0000 SS:3E00 CF:0 ZF:0 SF:0 OF:0 AF:0 PF:0 IF:1
165E:000001BA  inc  bx                                                EAX:00000000 EBX:0000099B ECX:00007FEA EDX:00000000 ESI:00000190 EDI:0000211E EBP:00007BD8 ESP:00007BC2 DS:F600 ES:1688 FS:0000 GS:0000 SS:3E00 CF:0 ZF:0 SF:0 OF:0 AF:0 PF:0 IF:1
165E:000001BB  cmp  bx,0B19                                           EAX:00000000 EBX:0000099C ECX:00007FEA EDX:00000000 ESI:00000190 EDI:0000211E EBP:00007BD8 ESP:00007BC2 DS:F600 ES:1688 FS:0000 GS:0000 SS:3E00 CF:0 ZF:0 SF:0 OF:0 AF:0 PF:1 IF:1
165E:000001BF  jc   000001B5 ($-c)             (up)                   EAX:00000000 EBX:0000099C ECX:00007FEA EDX:00000000 ESI:00000190 EDI:0000211E EBP:00007BD8 ESP:00007BC2 DS:F600 ES:1688 FS:0000 GS:0000 SS:3E00 CF:1 ZF:0 SF:1 OF:0 AF:0 PF:0 IF:1
165E:000001B5  lodsw                                                  EAX:00000000 EBX:0000099C ECX:00007FEA EDX:00000000 ESI:00000190 EDI:0000211E EBP:00007BD8 ESP:00007BC2 DS:F600 ES:1688 FS:0000 GS:0000 SS:3E00 CF:1 ZF:0 SF:1 OF:0 AF:0 PF:0 IF:1
165E:000001B6  xor  es:[bx],ax                 es:[099C]=42F5         EAX:00000000 EBX:0000099C ECX:00007FEA EDX:00000000 ESI:00000192 EDI:0000211E EBP:00007BD8 ESP:00007BC2 DS:F600 ES:1688 FS:0000 GS:0000 SS:3E00 CF:1 ZF:0 SF:1 OF:0 AF:0 PF:0 IF:1
165E:000001B9  inc  bx                                                EAX:00000000 EBX:0000099C ECX:00007FEA EDX:00000000 ESI:00000192 EDI:0000211E EBP:00007BD8 ESP:00007BC2 DS:F600 ES:1688 FS:0000 GS:0000 SS:3E00 CF:0 ZF:0 SF:0 OF:0 AF:0 PF:1 IF:1
165E:000001BA  inc  bx                                                EAX:00000000 EBX:0000099D ECX:00007FEA EDX:00000000 ESI:00000192 EDI:0000211E EBP:00007BD8 ESP:00007BC2 DS:F600 ES:1688 FS:0000 GS:0000 SS:3E00 CF:0 ZF:0 SF:0 OF:0 AF:0 PF:0 IF:1
165E:000001BB  cmp  bx,0B19                                           EAX:00000000 EBX:0000099E ECX:00007FEA EDX:00000000 ESI:00000192 EDI:0000211E EBP:00007BD8 ESP:00007BC2 DS:F600 ES:1688 FS:0000 GS:0000 SS:3E00 CF:0 ZF:0 SF:0 OF:0 AF:0 PF:0 IF:1
165E:000001BF  jc   000001B5 ($-c)             (up)                   EAX:00000000 EBX:0000099E ECX:00007FEA EDX:00000000 ESI:00000192 EDI:0000211E EBP:00007BD8 ESP:00007BC2 DS:F600 ES:1688 FS:0000 GS:0000 SS:3E00 CF:1 ZF:0 SF:1 OF:0 AF:0 PF:0 IF:1
165E:000001B5  lodsw                                                  EAX:00000000 EBX:0000099E ECX:00007FEA EDX:00000000 ESI:00000192 EDI:0000211E EBP:00007BD8 ESP:00007BC2 DS:F600 ES:1688 FS:0000 GS:0000 SS:3E00 CF:1 ZF:0 SF:1 OF:0 AF:0 PF:0 IF:1
165E:000001B6  xor  es:[bx],ax                 es:[099E]=9D7F         EAX:00000000 EBX:0000099E ECX:00007FEA EDX:00000000 ESI:00000194 EDI:0000211E EBP:00007BD8 ESP:00007BC2 DS:F600 ES:1688 FS:0000 GS:0000 SS:3E00 CF:1 ZF:0 SF:1 OF:0 AF:0 PF:0 IF:1
165E:000001B9  inc  bx                                                EAX:00000000 EBX:0000099E ECX:00007FEA EDX:00000000 ESI:00000194 EDI:0000211E EBP:00007BD8 ESP:00007BC2 DS:F600 ES:1688 FS:0000 GS:0000 SS:3E00 CF:0 ZF:0 SF:1 OF:0 AF:0 PF:0 IF:1
165E:000001BA  inc  bx                                                EAX:00000000 EBX:0000099F ECX:00007FEA EDX:00000000 ESI:00000194 EDI:0000211E EBP:00007BD8 ESP:00007BC2 DS:F600 ES:1688 FS:0000 GS:0000 SS:3E00 CF:0 ZF:0 SF:0 OF:0 AF:0 PF:1 IF:1
165E:000001BB  cmp  bx,0B19                                           EAX:00000000 EBX:000009A0 ECX:00007FEA EDX:00000000 ESI:00000194 EDI:0000211E EBP:00007BD8 ESP:00007BC2 DS:F600 ES:1688 FS:0000 GS:0000 SS:3E00 CF:0 ZF:0 SF:0 OF:0 AF:1 PF:1 IF:1
165E:000001BF  jc   000001B5 ($-c)             (up)                   EAX:00000000 EBX:000009A0 ECX:00007FEA EDX:00000000 ESI:00000194 EDI:0000211E EBP:00007BD8 ESP:00007BC2 DS:F600 ES:1688 FS:0000 GS:0000 SS:3E00 CF:1 ZF:0 SF:1 OF:0 AF:1 PF:1 IF:1
165E:000001B5  lodsw                                                  EAX:00000000 EBX:000009A0 ECX:00007FEA EDX:00000000 ESI:00000194 EDI:0000211E EBP:00007BD8 ESP:00007BC2 DS:F600 ES:1688 FS:0000 GS:0000 SS:3E00 CF:1 ZF:0 SF:1 OF:0 AF:1 PF:1 IF:1
165E:000001B6  xor  es:[bx],ax                 es:[09A0]=6F79         EAX:00000000 EBX:000009A0 ECX:00007FEA EDX:00000000 ESI:00000196 EDI:0000211E EBP:00007BD8 ESP:00007BC2 DS:F600 ES:1688 FS:0000 GS:0000 SS:3E00 CF:1 ZF:0 SF:1 OF:0 AF:1 PF:1 IF:1
165E:000001B9  inc  bx                                                EAX:00000000 EBX:000009A0 ECX:00007FEA EDX:00000000 ESI:00000196 EDI:0000211E EBP:00007BD8 ESP:00007BC2 DS:F600 ES:1688 FS:0000 GS:0000 SS:3E00 CF:0 ZF:0 SF:0 OF:0 AF:0 PF:0 IF:1
165E:000001BA  inc  bx                                                EAX:00000000 EBX:000009A1 ECX:00007FEA EDX:00000000 ESI:00000196 EDI:0000211E EBP:00007BD8 ESP:00007BC2 DS:F600 ES:1688 FS:0000 GS:0000 SS:3E00 CF:0 ZF:0 SF:0 OF:0 AF:0 PF:0 IF:1
165E:000001BB  cmp  bx,0B19                                           EAX:00000000 EBX:000009A2 ECX:00007FEA EDX:00000000 ESI:00000196 EDI:0000211E EBP:00007BD8 ESP:00007BC2 DS:F600 ES:1688 FS:0000 GS:0000 SS:3E00 CF:0 ZF:0 SF:0 OF:0 AF:0 PF:0 IF:1
165E:000001BF  jc   000001B5 ($-c)             (up)                   EAX:00000000 EBX:000009A2 ECX:00007FEA EDX:00000000 ESI:00000196 EDI:0000211E EBP:00007BD8 ESP:00007BC2 DS:F600 ES:1688 FS:0000 GS:0000 SS:3E00 CF:1 ZF:0 SF:1 OF:0 AF:1 PF:0 IF:1
165E:000001B5  lodsw                                                  EAX:00000000 EBX:000009A2 ECX:00007FEA EDX:00000000 ESI:00000196 EDI:0000211E EBP:00007BD8 ESP:00007BC2 DS:F600 ES:1688 FS:0000 GS:0000 SS:3E00 CF:1 ZF:0 SF:1 OF:0 AF:1 PF:0 IF:1
165E:000001B6  xor  es:[bx],ax                 es:[09A2]=98F6         EAX:00000000 EBX:000009A2 ECX:00007FEA EDX:00000000 ESI:00000198 EDI:0000211E EBP:00007BD8 ESP:00007BC2 DS:F600 ES:1688 FS:0000 GS:0000 SS:3E00 CF:1 ZF:0 SF:1 OF:0 AF:1 PF:0 IF:1
165E:000001B9  inc  bx                                                EAX:00000000 EBX:000009A2 ECX:00007FEA EDX:00000000 ESI:00000198 EDI:0000211E EBP:00007BD8 ESP:00007BC2 DS:F600 ES:1688 FS:0000 GS:0000 SS:3E00 CF:0 ZF:0 SF:1 OF:0 AF:0 PF:1 IF:1
165E:000001BA  inc  bx                                                EAX:00000000 EBX:000009A3 ECX:00007FEA EDX:00000000 ESI:00000198 EDI:0000211E EBP:00007BD8 ESP:00007BC2 DS:F600 ES:1688 FS:0000 GS:0000 SS:3E00 CF:0 ZF:0 SF:0 OF:0 AF:0 PF:1 IF:1
165E:000001BB  cmp  bx,0B19                                           EAX:00000000 EBX:000009A4 ECX:00007FEA EDX:00000000 ESI:00000198 EDI:0000211E EBP:00007BD8 ESP:00007BC2 DS:F600 ES:1688 FS:0000 GS:0000 SS:3E00 CF:0 ZF:0 SF:0 OF:0 AF:0 PF:0 IF:1
165E:000001BF  jc   000001B5 ($-c)             (up)                   EAX:00000000 EBX:000009A4 ECX:00007FEA EDX:00000000 ESI:00000198 EDI:0000211E EBP:00007BD8 ESP:00007BC2 DS:F600 ES:1688 FS:0000 GS:0000 SS:3E00 CF:1 ZF:0 SF:1 OF:0 AF:1 PF:1 IF:1
165E:000001B5  lodsw                                                  EAX:00000000 EBX:000009A4 ECX:00007FEA EDX:00000000 ESI:00000198 EDI:0000211E EBP:00007BD8 ESP:00007BC2 DS:F600 ES:1688 FS:0000 GS:0000 SS:3E00 CF:1 ZF:0 SF:1 OF:0 AF:1 PF:1 IF:1
165E:000001B6  xor  es:[bx],ax                 es:[09A4]=474A         EAX:00000000 EBX:000009A4 ECX:00007FEA EDX:00000000 ESI:0000019A EDI:0000211E EBP:00007BD8 ESP:00007BC2 DS:F600 ES:1688 FS:0000 GS:0000 SS:3E00 CF:1 ZF:0 SF:1 OF:0 AF:1 PF:1 IF:1
165E:000001B9  inc  bx                                                EAX:00000000 EBX:000009A4 ECX:00007FEA EDX:00000000 ESI:0000019A EDI:0000211E EBP:00007BD8 ESP:00007BC2 DS:F600 ES:1688 FS:0000 GS:0000 SS:3E00 CF:0 ZF:0 SF:0 OF:0 AF:0 PF:0 IF:1
165E:000001BA  inc  bx                                                EAX:00000000 EBX:000009A5 ECX:00007FEA EDX:00000000 ESI:0000019A EDI:0000211E EBP:00007BD8 ESP:00007BC2 DS:F600 ES:1688 FS:0000 GS:0000 SS:3E00 CF:0 ZF:0 SF:0 OF:0 AF:0 PF:1 IF:1
165E:000001BB  cmp  bx,0B19                                           EAX:00000000 EBX:000009A6 ECX:00007FEA EDX:00000000 ESI:0000019A EDI:0000211E EBP:00007BD8 ESP:00007BC2 DS:F600 ES:1688 FS:0000 GS:0000 SS:3E00 CF:0 ZF:0 SF:0 OF:0 AF:0 PF:1 IF:1
165E:000001BF  jc   000001B5 ($-c)             (up)                   EAX:00000000 EBX:000009A6 ECX:00007FEA EDX:00000000 ESI:0000019A EDI:0000211E EBP:00007BD8 ESP:00007BC2 DS:F600 ES:1688 FS:0000 GS:0000 SS:3E00 CF:1 ZF:0 SF:1 OF:0 AF:1 PF:1 IF:1
165E:000001B5  lodsw                                                  EAX:00000000 EBX:000009A6 ECX:00007FEA EDX:00000000 ESI:0000019A EDI:0000211E EBP:00007BD8 ESP:00007BC2 DS:F600 ES:1688 FS:0000 GS:0000 SS:3E00 CF:1 ZF:0 SF:1 OF:0 AF:1 PF:1 IF:1
165E:000001B6  xor  es:[bx],ax                 es:[09A6]=5126         EAX:00000000 EBX:000009A6 ECX:00007FEA EDX:00000000 ESI:0000019C EDI:0000211E EBP:00007BD8 ESP:00007BC2 DS:F600 ES:1688 FS:0000 GS:0000 SS:3E00 CF:1 ZF:0 SF:1 OF:0 AF:1 PF:1 IF:1
165E:000001B9  inc  bx                                                EAX:00000000 EBX:000009A6 ECX:00007FEA EDX:00000000 ESI:0000019C EDI:0000211E EBP:00007BD8 ESP:00007BC2 DS:F600 ES:1688 FS:0000 GS:0000 SS:3E00 CF:0 ZF:0 SF:0 OF:0 AF:0 PF:0 IF:1
165E:000001BA  inc  bx                                                EAX:00000000 EBX:000009A7 ECX:00007FEA EDX:00000000 ESI:0000019C EDI:0000211E EBP:00007BD8 ESP:00007BC2 DS:F600 ES:1688 FS:0000 GS:0000 SS:3E00 CF:0 ZF:0 SF:0 OF:0 AF:0 PF:0 IF:1
165E:000001BB  cmp  bx,0B19                                           EAX:00000000 EBX:000009A8 ECX:00007FEA EDX:00000000 ESI:0000019C EDI:0000211E EBP:00007BD8 ESP:00007BC2 DS:F600 ES:1688 FS:0000 GS:0000 SS:3E00 CF:0 ZF:0 SF:0 OF:0 AF:0 PF:0 IF:1
165E:000001BF  jc   000001B5 ($-c)             (up)                   EAX:00000000 EBX:000009A8 ECX:00007FEA EDX:00000000 ESI:0000019C EDI:0000211E EBP:00007BD8 ESP:00007BC2 DS:F600 ES:1688 FS:0000 GS:0000 SS:3E00 CF:1 ZF:0 SF:1 OF:0 AF:1 PF:0 IF:1
165E:000001B5  lodsw                                                  EAX:00000000 EBX:000009A8 ECX:00007FEA EDX:00000000 ESI:0000019C EDI:0000211E EBP:00007BD8 ESP:00007BC2 DS:F600 ES:1688 FS:0000 GS:0000 SS:3E00 CF:1 ZF:0 SF:1 OF:0 AF:1 PF:0 IF:1
165E:000001B6  xor  es:[bx],ax                 es:[09A8]=ADF4         EAX:00000000 EBX:000009A8 ECX:00007FEA EDX:00000000 ESI:0000019E EDI:0000211E EBP:00007BD8 ESP:00007BC2 DS:F600 ES:1688 FS:0000 GS:0000 SS:3E00 CF:1 ZF:0 SF:1 OF:0 AF:1 PF:0 IF:1
165E:000001B9  inc  bx                                                EAX:00000000 EBX:000009A8 ECX:00007FEA EDX:00000000 ESI:0000019E EDI:0000211E EBP:00007BD8 ESP:00007BC2 DS:F600 ES:1688 FS:0000 GS:0000 SS:3E00 CF:0 ZF:0 SF:1 OF:0 AF:0 PF:0 IF:1
165E:000001BA  inc  bx                                                EAX:00000000 EBX:000009A9 ECX:00007FEA EDX:00000000 ESI:0000019E EDI:0000211E EBP:00007BD8 ESP:00007BC2 DS:F600 ES:1688 FS:0000 GS:0000 SS:3E00 CF:0 ZF:0 SF:0 OF:0 AF:0 PF:1 IF:1
165E:000001BB  cmp  bx,0B19                                           EAX:00000000 EBX:000009AA ECX:00007FEA EDX:00000000 ESI:0000019E EDI:0000211E EBP:00007BD8 ESP:00007BC2 DS:F600 ES:1688 FS:0000 GS:0000 SS:3E00 CF:0 ZF:0 SF:0 OF:0 AF:0 PF:1 IF:1
165E:000001BF  jc   000001B5 ($-c)             (up)                   EAX:00000000 EBX:000009AA ECX:00007FEA EDX:00000000 ESI:0000019E EDI:0000211E EBP:00007BD8 ESP:00007BC2 DS:F600 ES:1688 FS:0000 GS:0000 SS:3E00 CF:1 ZF:0 SF:1 OF:0 AF:0 PF:0 IF:1
165E:000001B5  lodsw                                                  EAX:00000000 EBX:000009AA ECX:00007FEA EDX:00000000 ESI:0000019E EDI:0000211E EBP:00007BD8 ESP:00007BC2 DS:F600 ES:1688 FS:0000 GS:0000 SS:3E00 CF:1 ZF:0 SF:1 OF:0 AF:0 PF:0 IF:1
165E:000001B6  xor  es:[bx],ax                 es:[09AA]=4943         EAX:00000000 EBX:000009AA ECX:00007FEA EDX:00000000 ESI:000001A0 EDI:0000211E EBP:00007BD8 ESP:00007BC2 DS:F600 ES:1688 FS:0000 GS:0000 SS:3E00 CF:1 ZF:0 SF:1 OF:0 AF:0 PF:0 IF:1
165E:000001B9  inc  bx                                                EAX:00000000 EBX:000009AA ECX:00007FEA EDX:00000000 ESI:000001A0 EDI:0000211E EBP:00007BD8 ESP:00007BC2 DS:F600 ES:1688 FS:0000 GS:0000 SS:3E00 CF:0 ZF:0 SF:0 OF:0 AF:0 PF:0 IF:1
165E:000001BA  inc  bx                                                EAX:00000000 EBX:000009AB ECX:00007FEA EDX:00000000 ESI:000001A0 EDI:0000211E EBP:00007BD8 ESP:00007BC2 DS:F600 ES:1688 FS:0000 GS:0000 SS:3E00 CF:0 ZF:0 SF:0 OF:0 AF:0 PF:0 IF:1
165E:000001BB  cmp  bx,0B19                                           EAX:00000000 EBX:000009AC ECX:00007FEA EDX:00000000 ESI:000001A0 EDI:0000211E EBP:00007BD8 ESP:00007BC2 DS:F600 ES:1688 FS:0000 GS:0000 SS:3E00 CF:0 ZF:0 SF:0 OF:0 AF:0 PF:1 IF:1
165E:000001BF  jc   000001B5 ($-c)             (up)                   EAX:00000000 EBX:000009AC ECX:00007FEA EDX:00000000 ESI:000001A0 EDI:0000211E EBP:00007BD8 ESP:00007BC2 DS:F600 ES:1688 FS:0000 GS:0000 SS:3E00 CF:1 ZF:0 SF:1 OF:0 AF:0 PF:1 IF:1
165E:000001B5  lodsw                                                  EAX:00000000 EBX:000009AC ECX:00007FEA EDX:00000000 ESI:000001A0 EDI:0000211E EBP:00007BD8 ESP:00007BC2 DS:F600 ES:1688 FS:0000 GS:0000 SS:3E00 CF:1 ZF:0 SF:1 OF:0 AF:0 PF:1 IF:1
165E:000001B6  xor  es:[bx],ax                 es:[09AC]=CD48         EAX:00000000 EBX:000009AC ECX:00007FEA EDX:00000000 ESI:000001A2 EDI:0000211E EBP:00007BD8 ESP:00007BC2 DS:F600 ES:1688 FS:0000 GS:0000 SS:3E00 CF:1 ZF:0 SF:1 OF:0 AF:0 PF:1 IF:1
165E:000001B9  inc  bx                                                EAX:00000000 EBX:000009AC ECX:00007FEA EDX:00000000 ESI:000001A2 EDI:0000211E EBP:00007BD8 ESP:00007BC2 DS:F600 ES:1688 FS:0000 GS:0000 SS:3E00 CF:0 ZF:0 SF:1 OF:0 AF:0 PF:1 IF:1
165E:000001BA  inc  bx                                                EAX:00000000 EBX:000009AD ECX:00007FEA EDX:00000000 ESI:000001A2 EDI:0000211E EBP:00007BD8 ESP:00007BC2 DS:F600 ES:1688 FS:0000 GS:0000 SS:3E00 CF:0 ZF:0 SF:0 OF:0 AF:0 PF:0 IF:1
165E:000001BB  cmp  bx,0B19                                           EAX:00000000 EBX:000009AE ECX:00007FEA EDX:00000000 ESI:000001A2 EDI:0000211E EBP:00007BD8 ESP:00007BC2 DS:F600 ES:1688 FS:0000 GS:0000 SS:3E00 CF:0 ZF:0 SF:0 OF:0 AF:0 PF:0 IF:1
165E:000001BF  jc   000001B5 ($-c)             (up)                   EAX:00000000 EBX:000009AE ECX:00007FEA EDX:00000000 ESI:000001A2 EDI:0000211E EBP:00007BD8 ESP:00007BC2 DS:F600 ES:1688 FS:0000 GS:0000 SS:3E00 CF:1 ZF:0 SF:1 OF:0 AF:0 PF:1 IF:1
165E:000001B5  lodsw                                                  EAX:00000000 EBX:000009AE ECX:00007FEA EDX:00000000 ESI:000001A2 EDI:0000211E EBP:00007BD8 ESP:00007BC2 DS:F600 ES:1688 FS:0000 GS:0000 SS:3E00 CF:1 ZF:0 SF:1 OF:0 AF:0 PF:1 IF:1
165E:000001B6  xor  es:[bx],ax                 es:[09AE]=5AA8         EAX:00000000 EBX:000009AE ECX:00007FEA EDX:00000000 ESI:000001A4 EDI:0000211E EBP:00007BD8 ESP:00007BC2 DS:F600 ES:1688 FS:0000 GS:0000 SS:3E00 CF:1 ZF:0 SF:1 OF:0 AF:0 PF:1 IF:1
165E:000001B9  inc  bx                                                EAX:00000000 EBX:000009AE ECX:00007FEA EDX:00000000 ESI:000001A4 EDI:0000211E EBP:00007BD8 ESP:00007BC2 DS:F600 ES:1688 FS:0000 GS:0000 SS:3E00 CF:0 ZF:0 SF:0 OF:0 AF:0 PF:0 IF:1
165E:000001BA  inc  bx                                                EAX:00000000 EBX:000009AF ECX:00007FEA EDX:00000000 ESI:000001A4 EDI:0000211E EBP:00007BD8 ESP:00007BC2 DS:F600 ES:1688 FS:0000 GS:0000 SS:3E00 CF:0 ZF:0 SF:0 OF:0 AF:0 PF:1 IF:1
165E:000001BB  cmp  bx,0B19                                           EAX:00000000 EBX:000009B0 ECX:00007FEA EDX:00000000 ESI:000001A4 EDI:0000211E EBP:00007BD8 ESP:00007BC2 DS:F600 ES:1688 FS:0000 GS:0000 SS:3E00 CF:0 ZF:0 SF:0 OF:0 AF:1 PF:0 IF:1
165E:000001BF  jc   000001B5 ($-c)             (up)                   EAX:00000000 EBX:000009B0 ECX:00007FEA EDX:00000000 ESI:000001A4 EDI:0000211E EBP:00007BD8 ESP:00007BC2 DS:F600 ES:1688 FS:0000 GS:0000 SS:3E00 CF:1 ZF:0 SF:1 OF:0 AF:1 PF:0 IF:1
165E:000001B5  lodsw                                                  EAX:00000000 EBX:000009B0 ECX:00007FEA EDX:00000000 ESI:000001A4 EDI:0000211E EBP:00007BD8 ESP:00007BC2 DS:F600 ES:1688 FS:0000 GS:0000 SS:3E00 CF:1 ZF:0 SF:1 OF:0 AF:1 PF:0 IF:1
165E:000001B6  xor  es:[bx],ax                 es:[09B0]=3245         EAX:00000000 EBX:000009B0 ECX:00007FEA EDX:00000000 ESI:000001A6 EDI:0000211E EBP:00007BD8 ESP:00007BC2 DS:F600 ES:1688 FS:0000 GS:0000 SS:3E00 CF:1 ZF:0 SF:1 OF:0 AF:1 PF:0 IF:1
165E:000001B9  inc  bx                                                EAX:00000000 EBX:000009B0 ECX:00007FEA EDX:00000000 ESI:000001A6 EDI:0000211E EBP:00007BD8 ESP:00007BC2 DS:F600 ES:1688 FS:0000 GS:0000 SS:3E00 CF:0 ZF:0 SF:0 OF:0 AF:0 PF:0 IF:1
165E:000001BA  inc  bx                                                EAX:00000000 EBX:000009B1 ECX:00007FEA EDX:00000000 ESI:000001A6 EDI:0000211E EBP:00007BD8 ESP:00007BC2 DS:F600 ES:1688 FS:0000 GS:0000 SS:3E00 CF:0 ZF:0 SF:0 OF:0 AF:0 PF:1 IF:1
165E:000001BB  cmp  bx,0B19                                           EAX:00000000 EBX:000009B2 ECX:00007FEA EDX:00000000 ESI:000001A6 EDI:0000211E EBP:00007BD8 ESP:00007BC2 DS:F600 ES:1688 FS:0000 GS:0000 SS:3E00 CF:0 ZF:0 SF:0 OF:0 AF:0 PF:1 IF:1
165E:000001BF  jc   000001B5 ($-c)             (up)                   EAX:00000000 EBX:000009B2 ECX:00007FEA EDX:00000000 ESI:000001A6 EDI:0000211E EBP:00007BD8 ESP:00007BC2 DS:F600 ES:1688 FS:0000 GS:0000 SS:3E00 CF:1 ZF:0 SF:1 OF:0 AF:1 PF:1 IF:1
165E:000001B5  lodsw                                                  EAX:00000000 EBX:000009B2 ECX:00007FEA EDX:00000000 ESI:000001A6 EDI:0000211E EBP:00007BD8 ESP:00007BC2 DS:F600 ES:1688 FS:0000 GS:0000 SS:3E00 CF:1 ZF:0 SF:1 OF:0 AF:1 PF:1 IF:1
165E:000001B6  xor  es:[bx],ax                 es:[09B2]=C571         EAX:00000000 EBX:000009B2 ECX:00007FEA EDX:00000000 ESI:000001A8 EDI:0000211E EBP:00007BD8 ESP:00007BC2 DS:F600 ES:1688 FS:0000 GS:0000 SS:3E00 CF:1 ZF:0 SF:1 OF:0 AF:1 PF:1 IF:1
165E:000001B9  inc  bx                                                EAX:00000000 EBX:000009B2 ECX:00007FEA EDX:00000000 ESI:000001A8 EDI:0000211E EBP:00007BD8 ESP:00007BC2 DS:F600 ES:1688 FS:0000 GS:0000 SS:3E00 CF:0 ZF:0 SF:1 OF:0 AF:0 PF:1 IF:1
165E:000001BA  inc  bx                                                EAX:00000000 EBX:000009B3 ECX:00007FEA EDX:00000000 ESI:000001A8 EDI:0000211E EBP:00007BD8 ESP:00007BC2 DS:F600 ES:1688 FS:0000 GS:0000 SS:3E00 CF:0 ZF:0 SF:0 OF:0 AF:0 PF:0 IF:1
165E:000001BB  cmp  bx,0B19                                           EAX:00000000 EBX:000009B4 ECX:00007FEA EDX:00000000 ESI:000001A8 EDI:0000211E EBP:00007BD8 ESP:00007BC2 DS:F600 ES:1688 FS:0000 GS:0000 SS:3E00 CF:0 ZF:0 SF:0 OF:0 AF:0 PF:1 IF:1
165E:000001BF  jc   000001B5 ($-c)             (up)                   EAX:00000000 EBX:000009B4 ECX:00007FEA EDX:00000000 ESI:000001A8 EDI:0000211E EBP:00007BD8 ESP:00007BC2 DS:F600 ES:1688 FS:0000 GS:0000 SS:3E00 CF:1 ZF:0 SF:1 OF:0 AF:1 PF:0 IF:1
165E:000001B5  lodsw                                                  EAX:00000000 EBX:000009B4 ECX:00007FEA EDX:00000000 ESI:000001A8 EDI:0000211E EBP:00007BD8 ESP:00007BC2 DS:F600 ES:1688 FS:0000 GS:0000 SS:3E00 CF:1 ZF:0 SF:1 OF:0 AF:1 PF:0 IF:1
165E:000001B6  xor  es:[bx],ax                 es:[09B4]=579B         EAX:00000000 EBX:000009B4 ECX:00007FEA EDX:00000000 ESI:000001AA EDI:0000211E EBP:00007BD8 ESP:00007BC2 DS:F600 ES:1688 FS:0000 GS:0000 SS:3E00 CF:1 ZF:0 SF:1 OF:0 AF:1 PF:0 IF:1
165E:000001B9  inc  bx                                                EAX:00000000 EBX:000009B4 ECX:00007FEA EDX:00000000 ESI:000001AA EDI:0000211E EBP:00007BD8 ESP:00007BC2 DS:F600 ES:1688 FS:0000 GS:0000 SS:3E00 CF:0 ZF:0 SF:0 OF:0 AF:0 PF:0 IF:1
165E:000001BA  inc  bx                                                EAX:00000000 EBX:000009B5 ECX:00007FEA EDX:00000000 ESI:000001AA EDI:0000211E EBP:00007BD8 ESP:00007BC2 DS:F600 ES:1688 FS:0000 GS:0000 SS:3E00 CF:0 ZF:0 SF:0 OF:0 AF:0 PF:0 IF:1
165E:000001BB  cmp  bx,0B19                                           EAX:00000000 EBX:000009B6 ECX:00007FEA EDX:00000000 ESI:000001AA EDI:0000211E EBP:00007BD8 ESP:00007BC2 DS:F600 ES:1688 FS:0000 GS:0000 SS:3E00 CF:0 ZF:0 SF:0 OF:0 AF:0 PF:0 IF:1
165E:000001BF  jc   000001B5 ($-c)             (up)                   EAX:00000000 EBX:000009B6 ECX:00007FEA EDX:00000000 ESI:000001AA EDI:0000211E EBP:00007BD8 ESP:00007BC2 DS:F600 ES:1688 FS:0000 GS:0000 SS:3E00 CF:1 ZF:0 SF:1 OF:0 AF:1 PF:0 IF:1
165E:000001B5  lodsw                                                  EAX:00000000 EBX:000009B6 ECX:00007FEA EDX:00000000 ESI:000001AA EDI:0000211E EBP:00007BD8 ESP:00007BC2 DS:F600 ES:1688 FS:0000 GS:0000 SS:3E00 CF:1 ZF:0 SF:1 OF:0 AF:1 PF:0 IF:1
165E:000001B6  xor  es:[bx],ax                 es:[09B6]=0144         EAX:00000000 EBX:000009B6 ECX:00007FEA EDX:00000000 ESI:000001AC EDI:0000211E EBP:00007BD8 ESP:00007BC2 DS:F600 ES:1688 FS:0000 GS:0000 SS:3E00 CF:1 ZF:0 SF:1 OF:0 AF:1 PF:0 IF:1
165E:000001B9  inc  bx                                                EAX:00000000 EBX:000009B6 ECX:00007FEA EDX:00000000 ESI:000001AC EDI:0000211E EBP:00007BD8 ESP:00007BC2 DS:F600 ES:1688 FS:0000 GS:0000 SS:3E00 CF:0 ZF:0 SF:0 OF:0 AF:0 PF:1 IF:1
165E:000001BA  inc  bx                                                EAX:00000000 EBX:000009B7 ECX:00007FEA EDX:00000000 ESI:000001AC EDI:0000211E EBP:00007BD8 ESP:00007BC2 DS:F600 ES:1688 FS:0000 GS:0000 SS:3E00 CF:0 ZF:0 SF:0 OF:0 AF:0 PF:1 IF:1
165E:000001BB  cmp  bx,0B19                                           EAX:00000000 EBX:000009B8 ECX:00007FEA EDX:00000000 ESI:000001AC EDI:0000211E EBP:00007BD8 ESP:00007BC2 DS:F600 ES:1688 FS:0000 GS:0000 SS:3E00 CF:0 ZF:0 SF:0 OF:0 AF:0 PF:1 IF:1
165E:000001BF  jc   000001B5 ($-c)             (up)                   EAX:00000000 EBX:000009B8 ECX:00007FEA EDX:00000000 ESI:000001AC EDI:0000211E EBP:00007BD8 ESP:00007BC2 DS:F600 ES:1688 FS:0000 GS:0000 SS:3E00 CF:1 ZF:0 SF:1 OF:0 AF:1 PF:1 IF:1
165E:000001B5  lodsw                                                  EAX:00000000 EBX:000009B8 ECX:00007FEA EDX:00000000 ESI:000001AC EDI:0000211E EBP:00007BD8 ESP:00007BC2 DS:F600 ES:1688 FS:0000 GS:0000 SS:3E00 CF:1 ZF:0 SF:1 OF:0 AF:1 PF:1 IF:1
165E:000001B6  xor  es:[bx],ax                 es:[09B8]=49BA         EAX:00000000 EBX:000009B8 ECX:00007FEA EDX:00000000 ESI:000001AE EDI:0000211E EBP:00007BD8 ESP:00007BC2 DS:F600 ES:1688 FS:0000 GS:0000 SS:3E00 CF:1 ZF:0 SF:1 OF:0 AF:1 PF:1 IF:1
165E:000001B9  inc  bx                                                EAX:00000000 EBX:000009B8 ECX:00007FEA EDX:00000000 ESI:000001AE EDI:0000211E EBP:00007BD8 ESP:00007BC2 DS:F600 ES:1688 FS:0000 GS:0000 SS:3E00 CF:0 ZF:0 SF:0 OF:0 AF:0 PF:0 IF:1
165E:000001BA  inc  bx                                                EAX:00000000 EBX:000009B9 ECX:00007FEA EDX:00000000 ESI:000001AE EDI:0000211E EBP:00007BD8 ESP:00007BC2 DS:F600 ES:1688 FS:0000 GS:0000 SS:3E00 CF:0 ZF:0 SF:0 OF:0 AF:0 PF:0 IF:1
165E:000001BB  cmp  bx,0B19                                           EAX:00000000 EBX:000009BA ECX:00007FEA EDX:00000000 ESI:000001AE EDI:0000211E EBP:00007BD8 ESP:00007BC2 DS:F600 ES:1688 FS:0000 GS:0000 SS:3E00 CF:0 ZF:0 SF:0 OF:0 AF:0 PF:0 IF:1
165E:000001BF  jc   000001B5 ($-c)             (up)                   EAX:00000000 EBX:000009BA ECX:00007FEA EDX:00000000 ESI:000001AE EDI:0000211E EBP:00007BD8 ESP:00007BC2 DS:F600 ES:1688 FS:0000 GS:0000 SS:3E00 CF:1 ZF:0 SF:1 OF:0 AF:0 PF:0 IF:1
165E:000001B5  lodsw                                                  EAX:00000000 EBX:000009BA ECX:00007FEA EDX:00000000 ESI:000001AE EDI:0000211E EBP:00007BD8 ESP:00007BC2 DS:F600 ES:1688 FS:0000 GS:0000 SS:3E00 CF:1 ZF:0 SF:1 OF:0 AF:0 PF:0 IF:1
165E:000001B6  xor  es:[bx],ax                 es:[09BA]=DA0C         EAX:00000000 EBX:000009BA ECX:00007FEA EDX:00000000 ESI:000001B0 EDI:0000211E EBP:00007BD8 ESP:00007BC2 DS:F600 ES:1688 FS:0000 GS:0000 SS:3E00 CF:1 ZF:0 SF:1 OF:0 AF:0 PF:0 IF:1
165E:000001B9  inc  bx                                                EAX:00000000 EBX:000009BA ECX:00007FEA EDX:00000000 ESI:000001B0 EDI:0000211E EBP:00007BD8 ESP:00007BC2 DS:F600 ES:1688 FS:0000 GS:0000 SS:3E00 CF:0 ZF:0 SF:1 OF:0 AF:0 PF:1 IF:1
165E:000001BA  inc  bx                                                EAX:00000000 EBX:000009BB ECX:00007FEA EDX:00000000 ESI:000001B0 EDI:0000211E EBP:00007BD8 ESP:00007BC2 DS:F600 ES:1688 FS:0000 GS:0000 SS:3E00 CF:0 ZF:0 SF:0 OF:0 AF:0 PF:1 IF:1
165E:000001BB  cmp  bx,0B19                                           EAX:00000000 EBX:000009BC ECX:00007FEA EDX:00000000 ESI:000001B0 EDI:0000211E EBP:00007BD8 ESP:00007BC2 DS:F600 ES:1688 FS:0000 GS:0000 SS:3E00 CF:0 ZF:0 SF:0 OF:0 AF:0 PF:0 IF:1
165E:000001BF  jc   000001B5 ($-c)             (up)                   EAX:00000000 EBX:000009BC ECX:00007FEA EDX:00000000 ESI:000001B0 EDI:0000211E EBP:00007BD8 ESP:00007BC2 DS:F600 ES:1688 FS:0000 GS:0000 SS:3E00 CF:1 ZF:0 SF:1 OF:0 AF:0 PF:1 IF:1
165E:000001B5  lodsw                                                  EAX:00000000 EBX:000009BC ECX:00007FEA EDX:00000000 ESI:000001B0 EDI:0000211E EBP:00007BD8 ESP:00007BC2 DS:F600 ES:1688 FS:0000 GS:0000 SS:3E00 CF:1 ZF:0 SF:1 OF:0 AF:0 PF:1 IF:1
165E:000001B6  xor  es:[bx],ax                 es:[09BC]=004D         EAX:00000000 EBX:000009BC ECX:00007FEA EDX:00000000 ESI:000001B2 EDI:0000211E EBP:00007BD8 ESP:00007BC2 DS:F600 ES:1688 FS:0000 GS:0000 SS:3E00 CF:1 ZF:0 SF:1 OF:0 AF:0 PF:1 IF:1
165E:000001B9  inc  bx                                                EAX:00000000 EBX:000009BC ECX:00007FEA EDX:00000000 ESI:000001B2 EDI:0000211E EBP:00007BD8 ESP:00007BC2 DS:F600 ES:1688 FS:0000 GS:0000 SS:3E00 CF:0 ZF:0 SF:0 OF:0 AF:0 PF:1 IF:1
165E:000001BA  inc  bx                                                EAX:00000000 EBX:000009BD ECX:00007FEA EDX:00000000 ESI:000001B2 EDI:0000211E EBP:00007BD8 ESP:00007BC2 DS:F600 ES:1688 FS:0000 GS:0000 SS:3E00 CF:0 ZF:0 SF:0 OF:0 AF:0 PF:1 IF:1
165E:000001BB  cmp  bx,0B19                                           EAX:00000000 EBX:000009BE ECX:00007FEA EDX:00000000 ESI:000001B2 EDI:0000211E EBP:00007BD8 ESP:00007BC2 DS:F600 ES:1688 FS:0000 GS:0000 SS:3E00 CF:0 ZF:0 SF:0 OF:0 AF:0 PF:1 IF:1
165E:000001BF  jc   000001B5 ($-c)             (up)                   EAX:00000000 EBX:000009BE ECX:00007FEA EDX:00000000 ESI:000001B2 EDI:0000211E EBP:00007BD8 ESP:00007BC2 DS:F600 ES:1688 FS:0000 GS:0000 SS:3E00 CF:1 ZF:0 SF:1 OF:0 AF:0 PF:1 IF:1
165E:000001B5  lodsw                                                  EAX:00000000 EBX:000009BE ECX:00007FEA EDX:00000000 ESI:000001B2 EDI:0000211E EBP:00007BD8 ESP:00007BC2 DS:F600 ES:1688 FS:0000 GS:0000 SS:3E00 CF:1 ZF:0 SF:1 OF:0 AF:0 PF:1 IF:1
165E:000001B6  xor  es:[bx],ax                 es:[09BE]=0193         EAX:00000000 EBX:000009BE ECX:00007FEA EDX:00000000 ESI:000001B4 EDI:0000211E EBP:00007BD8 ESP:00007BC2 DS:F600 ES:1688 FS:0000 GS:0000 SS:3E00 CF:1 ZF:0 SF:1 OF:0 AF:0 PF:1 IF:1
165E:000001B9  inc  bx                                                EAX:00000000 EBX:000009BE ECX:00007FEA EDX:00000000 ESI:000001B4 EDI:0000211E EBP:00007BD8 ESP:00007BC2 DS:F600 ES:1688 FS:0000 GS:0000 SS:3E00 CF:0 ZF:0 SF:0 OF:0 AF:0 PF:1 IF:1
165E:000001BA  inc  bx                                                EAX:00000000 EBX:000009BF ECX:00007FEA EDX:00000000 ESI:000001B4 EDI:0000211E EBP:00007BD8 ESP:00007BC2 DS:F600 ES:1688 FS:0000 GS:0000 SS:3E00 CF:0 ZF:0 SF:0 OF:0 AF:0 PF:0 IF:1
165E:000001BB  cmp  bx,0B19                                           EAX:00000000 EBX:000009C0 ECX:00007FEA EDX:00000000 ESI:000001B4 EDI:0000211E EBP:00007BD8 ESP:00007BC2 DS:F600 ES:1688 FS:0000 GS:0000 SS:3E00 CF:0 ZF:0 SF:0 OF:0 AF:1 PF:1 IF:1
165E:000001BF  jc   000001B5 ($-c)             (up)                   EAX:00000000 EBX:000009C0 ECX:00007FEA EDX:00000000 ESI:000001B4 EDI:0000211E EBP:00007BD8 ESP:00007BC2 DS:F600 ES:1688 FS:0000 GS:0000 SS:3E00 CF:1 ZF:0 SF:1 OF:0 AF:1 PF:0 IF:1
165E:000001B5  lodsw                                                  EAX:00000000 EBX:000009C0 ECX:00007FEA EDX:00000000 ESI:000001B4 EDI:0000211E EBP:00007BD8 ESP:00007BC2 DS:F600 ES:1688 FS:0000 GS:0000 SS:3E00 CF:1 ZF:0 SF:1 OF:0 AF:1 PF:0 IF:1
165E:000001B6  xor  es:[bx],ax                 es:[09C0]=0AA4         EAX:00000000 EBX:000009C0 ECX:00007FEA EDX:00000000 ESI:000001B6 EDI:0000211E EBP:00007BD8 ESP:00007BC2 DS:F600 ES:1688 FS:0000 GS:0000 SS:3E00 CF:1 ZF:0 SF:1 OF:0 AF:1 PF:0 IF:1
165E:000001B9  inc  bx                                                EAX:00000000 EBX:000009C0 ECX:00007FEA EDX:00000000 ESI:000001B6 EDI:0000211E EBP:00007BD8 ESP:00007BC2 DS:F600 ES:1688 FS:0000 GS:0000 SS:3E00 CF:0 ZF:0 SF:0 OF:0 AF:0 PF:0 IF:1
165E:000001BA  inc  bx                                                EAX:00000000 EBX:000009C1 ECX:00007FEA EDX:00000000 ESI:000001B6 EDI:0000211E EBP:00007BD8 ESP:00007BC2 DS:F600 ES:1688 FS:0000 GS:0000 SS:3E00 CF:0 ZF:0 SF:0 OF:0 AF:0 PF:0 IF:1
165E:000001BB  cmp  bx,0B19                                           EAX:00000000 EBX:000009C2 ECX:00007FEA EDX:00000000 ESI:000001B6 EDI:0000211E EBP:00007BD8 ESP:00007BC2 DS:F600 ES:1688 FS:0000 GS:0000 SS:3E00 CF:0 ZF:0 SF:0 OF:0 AF:0 PF:0 IF:1
165E:000001BF  jc   000001B5 ($-c)             (up)                   EAX:00000000 EBX:000009C2 ECX:00007FEA EDX:00000000 ESI:000001B6 EDI:0000211E EBP:00007BD8 ESP:00007BC2 DS:F600 ES:1688 FS:0000 GS:0000 SS:3E00 CF:1 ZF:0 SF:1 OF:0 AF:1 PF:1 IF:1
165E:000001B5  lodsw                                                  EAX:00000000 EBX:000009C2 ECX:00007FEA EDX:00000000 ESI:000001B6 EDI:0000211E EBP:00007BD8 ESP:00007BC2 DS:F600 ES:1688 FS:0000 GS:0000 SS:3E00 CF:1 ZF:0 SF:1 OF:0 AF:1 PF:1 IF:1
165E:000001B6  xor  es:[bx],ax                 es:[09C2]=4AC5         EAX:00000000 EBX:000009C2 ECX:00007FEA EDX:00000000 ESI:000001B8 EDI:0000211E EBP:00007BD8 ESP:00007BC2 DS:F600 ES:1688 FS:0000 GS:0000 SS:3E00 CF:1 ZF:0 SF:1 OF:0 AF:1 PF:1 IF:1
165E:000001B9  inc  bx                                                EAX:00000000 EBX:000009C2 ECX:00007FEA EDX:00000000 ESI:000001B8 EDI:0000211E EBP:00007BD8 ESP:00007BC2 DS:F600 ES:1688 FS:0000 GS:0000 SS:3E00 CF:0 ZF:0 SF:0 OF:0 AF:0 PF:1 IF:1
165E:000001BA  inc  bx                                                EAX:00000000 EBX:000009C3 ECX:00007FEA EDX:00000000 ESI:000001B8 EDI:0000211E EBP:00007BD8 ESP:00007BC2 DS:F600 ES:1688 FS:0000 GS:0000 SS:3E00 CF:0 ZF:0 SF:0 OF:0 AF:0 PF:1 IF:1
165E:000001BB  cmp  bx,0B19                                           EAX:00000000 EBX:000009C4 ECX:00007FEA EDX:00000000 ESI:000001B8 EDI:0000211E EBP:00007BD8 ESP:00007BC2 DS:F600 ES:1688 FS:0000 GS:0000 SS:3E00 CF:0 ZF:0 SF:0 OF:0 AF:0 PF:0 IF:1
165E:000001BF  jc   000001B5 ($-c)             (up)                   EAX:00000000 EBX:000009C4 ECX:00007FEA EDX:00000000 ESI:000001B8 EDI:0000211E EBP:00007BD8 ESP:00007BC2 DS:F600 ES:1688 FS:0000 GS:0000 SS:3E00 CF:1 ZF:0 SF:1 OF:0 AF:1 PF:0 IF:1
165E:000001B5  lodsw                                                  EAX:00000000 EBX:000009C4 ECX:00007FEA EDX:00000000 ESI:000001B8 EDI:0000211E EBP:00007BD8 ESP:00007BC2 DS:F600 ES:1688 FS:0000 GS:0000 SS:3E00 CF:1 ZF:0 SF:1 OF:0 AF:1 PF:0 IF:1
165E:000001B6  xor  es:[bx],ax                 es:[09C4]=4F1A         EAX:00000000 EBX:000009C4 ECX:00007FEA EDX:00000000 ESI:000001BA EDI:0000211E EBP:00007BD8 ESP:00007BC2 DS:F600 ES:1688 FS:0000 GS:0000 SS:3E00 CF:1 ZF:0 SF:1 OF:0 AF:1 PF:0 IF:1
165E:000001B9  inc  bx                                                EAX:00000000 EBX:000009C4 ECX:00007FEA EDX:00000000 ESI:000001BA EDI:0000211E EBP:00007BD8 ESP:00007BC2 DS:F600 ES:1688 FS:0000 GS:0000 SS:3E00 CF:0 ZF:0 SF:0 OF:0 AF:0 PF:0 IF:1
165E:000001BA  inc  bx                                                EAX:00000000 EBX:000009C5 ECX:00007FEA EDX:00000000 ESI:000001BA EDI:0000211E EBP:00007BD8 ESP:00007BC2 DS:F600 ES:1688 FS:0000 GS:0000 SS:3E00 CF:0 ZF:0 SF:0 OF:0 AF:0 PF:1 IF:1
165E:000001BB  cmp  bx,0B19                                           EAX:00000000 EBX:000009C6 ECX:00007FEA EDX:00000000 ESI:000001BA EDI:0000211E EBP:00007BD8 ESP:00007BC2 DS:F600 ES:1688 FS:0000 GS:0000 SS:3E00 CF:0 ZF:0 SF:0 OF:0 AF:0 PF:1 IF:1
165E:000001BF  jc   000001B5 ($-c)             (up)                   EAX:00000000 EBX:000009C6 ECX:00007FEA EDX:00000000 ESI:000001BA EDI:0000211E EBP:00007BD8 ESP:00007BC2 DS:F600 ES:1688 FS:0000 GS:0000 SS:3E00 CF:1 ZF:0 SF:1 OF:0 AF:1 PF:0 IF:1
165E:000001B5  lodsw                                                  EAX:00000000 EBX:000009C6 ECX:00007FEA EDX:00000000 ESI:000001BA EDI:0000211E EBP:00007BD8 ESP:00007BC2 DS:F600 ES:1688 FS:0000 GS:0000 SS:3E00 CF:1 ZF:0 SF:1 OF:0 AF:1 PF:0 IF:1
165E:000001B6  xor  es:[bx],ax                 es:[09C6]=A5CD         EAX:00000000 EBX:000009C6 ECX:00007FEA EDX:00000000 ESI:000001BC EDI:0000211E EBP:00007BD8 ESP:00007BC2 DS:F600 ES:1688 FS:0000 GS:0000 SS:3E00 CF:1 ZF:0 SF:1 OF:0 AF:1 PF:0 IF:1
165E:000001B9  inc  bx                                                EAX:00000000 EBX:000009C6 ECX:00007FEA EDX:00000000 ESI:000001BC EDI:0000211E EBP:00007BD8 ESP:00007BC2 DS:F600 ES:1688 FS:0000 GS:0000 SS:3E00 CF:0 ZF:0 SF:1 OF:0 AF:0 PF:0 IF:1
165E:000001BA  inc  bx                                                EAX:00000000 EBX:000009C7 ECX:00007FEA EDX:00000000 ESI:000001BC EDI:0000211E EBP:00007BD8 ESP:00007BC2 DS:F600 ES:1688 FS:0000 GS:0000 SS:3E00 CF:0 ZF:0 SF:0 OF:0 AF:0 PF:0 IF:1
165E:000001BB  cmp  bx,0B19                                           EAX:00000000 EBX:000009C8 ECX:00007FEA EDX:00000000 ESI:000001BC EDI:0000211E EBP:00007BD8 ESP:00007BC2 DS:F600 ES:1688 FS:0000 GS:0000 SS:3E00 CF:0 ZF:0 SF:0 OF:0 AF:0 PF:0 IF:1
165E:000001BF  jc   000001B5 ($-c)             (up)                   EAX:00000000 EBX:000009C8 ECX:00007FEA EDX:00000000 ESI:000001BC EDI:0000211E EBP:00007BD8 ESP:00007BC2 DS:F600 ES:1688 FS:0000 GS:0000 SS:3E00 CF:1 ZF:0 SF:1 OF:0 AF:1 PF:1 IF:1
165E:000001B5  lodsw                                                  EAX:00000000 EBX:000009C8 ECX:00007FEA EDX:00000000 ESI:000001BC EDI:0000211E EBP:00007BD8 ESP:00007BC2 DS:F600 ES:1688 FS:0000 GS:0000 SS:3E00 CF:1 ZF:0 SF:1 OF:0 AF:1 PF:1 IF:1
165E:000001B6  xor  es:[bx],ax                 es:[09C8]=BA90         EAX:00000000 EBX:000009C8 ECX:00007FEA EDX:00000000 ESI:000001BE EDI:0000211E EBP:00007BD8 ESP:00007BC2 DS:F600 ES:1688 FS:0000 GS:0000 SS:3E00 CF:1 ZF:0 SF:1 OF:0 AF:1 PF:1 IF:1
165E:000001B9  inc  bx                                                EAX:00000000 EBX:000009C8 ECX:00007FEA EDX:00000000 ESI:000001BE EDI:0000211E EBP:00007BD8 ESP:00007BC2 DS:F600 ES:1688 FS:0000 GS:0000 SS:3E00 CF:0 ZF:0 SF:1 OF:0 AF:0 PF:1 IF:1
165E:000001BA  inc  bx                                                EAX:00000000 EBX:000009C9 ECX:00007FEA EDX:00000000 ESI:000001BE EDI:0000211E EBP:00007BD8 ESP:00007BC2 DS:F600 ES:1688 FS:0000 GS:0000 SS:3E00 CF:0 ZF:0 SF:0 OF:0 AF:0 PF:1 IF:1
165E:000001BB  cmp  bx,0B19                                           EAX:00000000 EBX:000009CA ECX:00007FEA EDX:00000000 ESI:000001BE EDI:0000211E EBP:00007BD8 ESP:00007BC2 DS:F600 ES:1688 FS:0000 GS:0000 SS:3E00 CF:0 ZF:0 SF:0 OF:0 AF:0 PF:1 IF:1
165E:000001BF  jc   000001B5 ($-c)             (up)                   EAX:00000000 EBX:000009CA ECX:00007FEA EDX:00000000 ESI:000001BE EDI:0000211E EBP:00007BD8 ESP:00007BC2 DS:F600 ES:1688 FS:0000 GS:0000 SS:3E00 CF:1 ZF:0 SF:1 OF:0 AF:0 PF:1 IF:1
165E:000001B5  lodsw                                                  EAX:00000000 EBX:000009CA ECX:00007FEA EDX:00000000 ESI:000001BE EDI:0000211E EBP:00007BD8 ESP:00007BC2 DS:F600 ES:1688 FS:0000 GS:0000 SS:3E00 CF:1 ZF:0 SF:1 OF:0 AF:0 PF:1 IF:1
165E:000001B6  xor  es:[bx],ax                 es:[09CA]=2E93         EAX:00000000 EBX:000009CA ECX:00007FEA EDX:00000000 ESI:000001C0 EDI:0000211E EBP:00007BD8 ESP:00007BC2 DS:F600 ES:1688 FS:0000 GS:0000 SS:3E00 CF:1 ZF:0 SF:1 OF:0 AF:0 PF:1 IF:1
165E:000001B9  inc  bx                                                EAX:00000000 EBX:000009CA ECX:00007FEA EDX:00000000 ESI:000001C0 EDI:0000211E EBP:00007BD8 ESP:00007BC2 DS:F600 ES:1688 FS:0000 GS:0000 SS:3E00 CF:0 ZF:0 SF:0 OF:0 AF:0 PF:1 IF:1
165E:000001BA  inc  bx                                                EAX:00000000 EBX:000009CB ECX:00007FEA EDX:00000000 ESI:000001C0 EDI:0000211E EBP:00007BD8 ESP:00007BC2 DS:F600 ES:1688 FS:0000 GS:0000 SS:3E00 CF:0 ZF:0 SF:0 OF:0 AF:0 PF:0 IF:1
165E:000001BB  cmp  bx,0B19                                           EAX:00000000 EBX:000009CC ECX:00007FEA EDX:00000000 ESI:000001C0 EDI:0000211E EBP:00007BD8 ESP:00007BC2 DS:F600 ES:1688 FS:0000 GS:0000 SS:3E00 CF:0 ZF:0 SF:0 OF:0 AF:0 PF:1 IF:1
165E:000001BF  jc   000001B5 ($-c)             (up)                   EAX:00000000 EBX:000009CC ECX:00007FEA EDX:00000000 ESI:000001C0 EDI:0000211E EBP:00007BD8 ESP:00007BC2 DS:F600 ES:1688 FS:0000 GS:0000 SS:3E00 CF:1 ZF:0 SF:1 OF:0 AF:0 PF:0 IF:1
165E:000001B5  lodsw                                                  EAX:00000000 EBX:000009CC ECX:00007FEA EDX:00000000 ESI:000001C0 EDI:0000211E EBP:00007BD8 ESP:00007BC2 DS:F600 ES:1688 FS:0000 GS:0000 SS:3E00 CF:1 ZF:0 SF:1 OF:0 AF:0 PF:0 IF:1
165E:000001B6  xor  es:[bx],ax                 es:[09CC]=4873         EAX:00000000 EBX:000009CC ECX:00007FEA EDX:00000000 ESI:000001C2 EDI:0000211E EBP:00007BD8 ESP:00007BC2 DS:F600 ES:1688 FS:0000 GS:0000 SS:3E00 CF:1 ZF:0 SF:1 OF:0 AF:0 PF:0 IF:1
165E:000001B9  inc  bx                                                EAX:00000000 EBX:000009CC ECX:00007FEA EDX:00000000 ESI:000001C2 EDI:0000211E EBP:00007BD8 ESP:00007BC2 DS:F600 ES:1688 FS:0000 GS:0000 SS:3E00 CF:0 ZF:0 SF:0 OF:0 AF:0 PF:0 IF:1
165E:000001BA  inc  bx                                                EAX:00000000 EBX:000009CD ECX:00007FEA EDX:00000000 ESI:000001C2 EDI:0000211E EBP:00007BD8 ESP:00007BC2 DS:F600 ES:1688 FS:0000 GS:0000 SS:3E00 CF:0 ZF:0 SF:0 OF:0 AF:0 PF:0 IF:1
165E:000001BB  cmp  bx,0B19                                           EAX:00000000 EBX:000009CE ECX:00007FEA EDX:00000000 ESI:000001C2 EDI:0000211E EBP:00007BD8 ESP:00007BC2 DS:F600 ES:1688 FS:0000 GS:0000 SS:3E00 CF:0 ZF:0 SF:0 OF:0 AF:0 PF:0 IF:1
165E:000001BF  jc   000001B5 ($-c)             (up)                   EAX:00000000 EBX:000009CE ECX:00007FEA EDX:00000000 ESI:000001C2 EDI:0000211E EBP:00007BD8 ESP:00007BC2 DS:F600 ES:1688 FS:0000 GS:0000 SS:3E00 CF:1 ZF:0 SF:1 OF:0 AF:0 PF:0 IF:1
165E:000001B5  lodsw                                                  EAX:00000000 EBX:000009CE ECX:00007FEA EDX:00000000 ESI:000001C2 EDI:0000211E EBP:00007BD8 ESP:00007BC2 DS:F600 ES:1688 FS:0000 GS:0000 SS:3E00 CF:1 ZF:0 SF:1 OF:0 AF:0 PF:0 IF:1
165E:000001B6  xor  es:[bx],ax                 es:[09CE]=A490         EAX:00000000 EBX:000009CE ECX:00007FEA EDX:00000000 ESI:000001C4 EDI:0000211E EBP:00007BD8 ESP:00007BC2 DS:F600 ES:1688 FS:0000 GS:0000 SS:3E00 CF:1 ZF:0 SF:1 OF:0 AF:0 PF:0 IF:1
165E:000001B9  inc  bx                                                EAX:00000000 EBX:000009CE ECX:00007FEA EDX:00000000 ESI:000001C4 EDI:0000211E EBP:00007BD8 ESP:00007BC2 DS:F600 ES:1688 FS:0000 GS:0000 SS:3E00 CF:0 ZF:0 SF:1 OF:0 AF:0 PF:1 IF:1
165E:000001BA  inc  bx                                                EAX:00000000 EBX:000009CF ECX:00007FEA EDX:00000000 ESI:000001C4 EDI:0000211E EBP:00007BD8 ESP:00007BC2 DS:F600 ES:1688 FS:0000 GS:0000 SS:3E00 CF:0 ZF:0 SF:0 OF:0 AF:0 PF:1 IF:1
165E:000001BB  cmp  bx,0B19                                           EAX:00000000 EBX:000009D0 ECX:00007FEA EDX:00000000 ESI:000001C4 EDI:0000211E EBP:00007BD8 ESP:00007BC2 DS:F600 ES:1688 FS:0000 GS:0000 SS:3E00 CF:0 ZF:0 SF:0 OF:0 AF:1 PF:0 IF:1
165E:000001BF  jc   000001B5 ($-c)             (up)                   EAX:00000000 EBX:000009D0 ECX:00007FEA EDX:00000000 ESI:000001C4 EDI:0000211E EBP:00007BD8 ESP:00007BC2 DS:F600 ES:1688 FS:0000 GS:0000 SS:3E00 CF:1 ZF:0 SF:1 OF:0 AF:1 PF:1 IF:1
165E:000001B5  lodsw                                                  EAX:00000000 EBX:000009D0 ECX:00007FEA EDX:00000000 ESI:000001C4 EDI:0000211E EBP:00007BD8 ESP:00007BC2 DS:F600 ES:1688 FS:0000 GS:0000 SS:3E00 CF:1 ZF:0 SF:1 OF:0 AF:1 PF:1 IF:1
165E:000001B6  xor  es:[bx],ax                 es:[09D0]=1111         EAX:00000000 EBX:000009D0 ECX:00007FEA EDX:00000000 ESI:000001C6 EDI:0000211E EBP:00007BD8 ESP:00007BC2 DS:F600 ES:1688 FS:0000 GS:0000 SS:3E00 CF:1 ZF:0 SF:1 OF:0 AF:1 PF:1 IF:1
165E:000001B9  inc  bx                                                EAX:00000000 EBX:000009D0 ECX:00007FEA EDX:00000000 ESI:000001C6 EDI:0000211E EBP:00007BD8 ESP:00007BC2 DS:F600 ES:1688 FS:0000 GS:0000 SS:3E00 CF:0 ZF:0 SF:0 OF:0 AF:0 PF:1 IF:1
165E:000001BA  inc  bx                                                EAX:00000000 EBX:000009D1 ECX:00007FEA EDX:00000000 ESI:000001C6 EDI:0000211E EBP:00007BD8 ESP:00007BC2 DS:F600 ES:1688 FS:0000 GS:0000 SS:3E00 CF:0 ZF:0 SF:0 OF:0 AF:0 PF:1 IF:1
165E:000001BB  cmp  bx,0B19                                           EAX:00000000 EBX:000009D2 ECX:00007FEA EDX:00000000 ESI:000001C6 EDI:0000211E EBP:00007BD8 ESP:00007BC2 DS:F600 ES:1688 FS:0000 GS:0000 SS:3E00 CF:0 ZF:0 SF:0 OF:0 AF:0 PF:1 IF:1
165E:000001BF  jc   000001B5 ($-c)             (up)                   EAX:00000000 EBX:000009D2 ECX:00007FEA EDX:00000000 ESI:000001C6 EDI:0000211E EBP:00007BD8 ESP:00007BC2 DS:F600 ES:1688 FS:0000 GS:0000 SS:3E00 CF:1 ZF:0 SF:1 OF:0 AF:1 PF:0 IF:1
165E:000001B5  lodsw                                                  EAX:00000000 EBX:000009D2 ECX:00007FEA EDX:00000000 ESI:000001C6 EDI:0000211E EBP:00007BD8 ESP:00007BC2 DS:F600 ES:1688 FS:0000 GS:0000 SS:3E00 CF:1 ZF:0 SF:1 OF:0 AF:1 PF:0 IF:1
165E:000001B6  xor  es:[bx],ax                 es:[09D2]=25AD         EAX:00000000 EBX:000009D2 ECX:00007FEA EDX:00000000 ESI:000001C8 EDI:0000211E EBP:00007BD8 ESP:00007BC2 DS:F600 ES:1688 FS:0000 GS:0000 SS:3E00 CF:1 ZF:0 SF:1 OF:0 AF:1 PF:0 IF:1
165E:000001B9  inc  bx                                                EAX:00000000 EBX:000009D2 ECX:00007FEA EDX:00000000 ESI:000001C8 EDI:0000211E EBP:00007BD8 ESP:00007BC2 DS:F600 ES:1688 FS:0000 GS:0000 SS:3E00 CF:0 ZF:0 SF:0 OF:0 AF:0 PF:0 IF:1
165E:000001BA  inc  bx                                                EAX:00000000 EBX:000009D3 ECX:00007FEA EDX:00000000 ESI:000001C8 EDI:0000211E EBP:00007BD8 ESP:00007BC2 DS:F600 ES:1688 FS:0000 GS:0000 SS:3E00 CF:0 ZF:0 SF:0 OF:0 AF:0 PF:0 IF:1
165E:000001BB  cmp  bx,0B19                                           EAX:00000000 EBX:000009D4 ECX:00007FEA EDX:00000000 ESI:000001C8 EDI:0000211E EBP:00007BD8 ESP:00007BC2 DS:F600 ES:1688 FS:0000 GS:0000 SS:3E00 CF:0 ZF:0 SF:0 OF:0 AF:0 PF:1 IF:1
165E:000001BF  jc   000001B5 ($-c)             (up)                   EAX:00000000 EBX:000009D4 ECX:00007FEA EDX:00000000 ESI:000001C8 EDI:0000211E EBP:00007BD8 ESP:00007BC2 DS:F600 ES:1688 FS:0000 GS:0000 SS:3E00 CF:1 ZF:0 SF:1 OF:0 AF:1 PF:1 IF:1
165E:000001B5  lodsw                                                  EAX:00000000 EBX:000009D4 ECX:00007FEA EDX:00000000 ESI:000001C8 EDI:0000211E EBP:00007BD8 ESP:00007BC2 DS:F600 ES:1688 FS:0000 GS:0000 SS:3E00 CF:1 ZF:0 SF:1 OF:0 AF:1 PF:1 IF:1
165E:000001B6  xor  es:[bx],ax                 es:[09D4]=B9F9         EAX:00000000 EBX:000009D4 ECX:00007FEA EDX:00000000 ESI:000001CA EDI:0000211E EBP:00007BD8 ESP:00007BC2 DS:F600 ES:1688 FS:0000 GS:0000 SS:3E00 CF:1 ZF:0 SF:1 OF:0 AF:1 PF:1 IF:1
165E:000001B9  inc  bx                                                EAX:00000000 EBX:000009D4 ECX:00007FEA EDX:00000000 ESI:000001CA EDI:0000211E EBP:00007BD8 ESP:00007BC2 DS:F600 ES:1688 FS:0000 GS:0000 SS:3E00 CF:0 ZF:0 SF:1 OF:0 AF:0 PF:1 IF:1
165E:000001BA  inc  bx                                                EAX:00000000 EBX:000009D5 ECX:00007FEA EDX:00000000 ESI:000001CA EDI:0000211E EBP:00007BD8 ESP:00007BC2 DS:F600 ES:1688 FS:0000 GS:0000 SS:3E00 CF:0 ZF:0 SF:0 OF:0 AF:0 PF:0 IF:1
165E:000001BB  cmp  bx,0B19                                           EAX:00000000 EBX:000009D6 ECX:00007FEA EDX:00000000 ESI:000001CA EDI:0000211E EBP:00007BD8 ESP:00007BC2 DS:F600 ES:1688 FS:0000 GS:0000 SS:3E00 CF:0 ZF:0 SF:0 OF:0 AF:0 PF:0 IF:1
165E:000001BF  jc   000001B5 ($-c)             (up)                   EAX:00000000 EBX:000009D6 ECX:00007FEA EDX:00000000 ESI:000001CA EDI:0000211E EBP:00007BD8 ESP:00007BC2 DS:F600 ES:1688 FS:0000 GS:0000 SS:3E00 CF:1 ZF:0 SF:1 OF:0 AF:1 PF:1 IF:1
165E:000001B5  lodsw                                                  EAX:00000000 EBX:000009D6 ECX:00007FEA EDX:00000000 ESI:000001CA EDI:0000211E EBP:00007BD8 ESP:00007BC2 DS:F600 ES:1688 FS:0000 GS:0000 SS:3E00 CF:1 ZF:0 SF:1 OF:0 AF:1 PF:1 IF:1
165E:000001B6  xor  es:[bx],ax                 es:[09D6]=548E         EAX:00000000 EBX:000009D6 ECX:00007FEA EDX:00000000 ESI:000001CC EDI:0000211E EBP:00007BD8 ESP:00007BC2 DS:F600 ES:1688 FS:0000 GS:0000 SS:3E00 CF:1 ZF:0 SF:1 OF:0 AF:1 PF:1 IF:1
165E:000001B9  inc  bx                                                EAX:00000000 EBX:000009D6 ECX:00007FEA EDX:00000000 ESI:000001CC EDI:0000211E EBP:00007BD8 ESP:00007BC2 DS:F600 ES:1688 FS:0000 GS:0000 SS:3E00 CF:0 ZF:0 SF:0 OF:0 AF:0 PF:1 IF:1
165E:000001BA  inc  bx                                                EAX:00000000 EBX:000009D7 ECX:00007FEA EDX:00000000 ESI:000001CC EDI:0000211E EBP:00007BD8 ESP:00007BC2 DS:F600 ES:1688 FS:0000 GS:0000 SS:3E00 CF:0 ZF:0 SF:0 OF:0 AF:0 PF:1 IF:1
165E:000001BB  cmp  bx,0B19                                           EAX:00000000 EBX:000009D8 ECX:00007FEA EDX:00000000 ESI:000001CC EDI:0000211E EBP:00007BD8 ESP:00007BC2 DS:F600 ES:1688 FS:0000 GS:0000 SS:3E00 CF:0 ZF:0 SF:0 OF:0 AF:0 PF:1 IF:1
165E:000001BF  jc   000001B5 ($-c)             (up)                   EAX:00000000 EBX:000009D8 ECX:00007FEA EDX:00000000 ESI:000001CC EDI:0000211E EBP:00007BD8 ESP:00007BC2 DS:F600 ES:1688 FS:0000 GS:0000 SS:3E00 CF:1 ZF:0 SF:1 OF:0 AF:1 PF:0 IF:1
165E:000001B5  lodsw                                                  EAX:00000000 EBX:000009D8 ECX:00007FEA EDX:00000000 ESI:000001CC EDI:0000211E EBP:00007BD8 ESP:00007BC2 DS:F600 ES:1688 FS:0000 GS:0000 SS:3E00 CF:1 ZF:0 SF:1 OF:0 AF:1 PF:0 IF:1
165E:000001B6  xor  es:[bx],ax                 es:[09D8]=D06E         EAX:00000000 EBX:000009D8 ECX:00007FEA EDX:00000000 ESI:000001CE EDI:0000211E EBP:00007BD8 ESP:00007BC2 DS:F600 ES:1688 FS:0000 GS:0000 SS:3E00 CF:1 ZF:0 SF:1 OF:0 AF:1 PF:0 IF:1
165E:000001B9  inc  bx                                                EAX:00000000 EBX:000009D8 ECX:00007FEA EDX:00000000 ESI:000001CE EDI:0000211E EBP:00007BD8 ESP:00007BC2 DS:F600 ES:1688 FS:0000 GS:0000 SS:3E00 CF:0 ZF:0 SF:1 OF:0 AF:0 PF:0 IF:1
165E:000001BA  inc  bx                                                EAX:00000000 EBX:000009D9 ECX:00007FEA EDX:00000000 ESI:000001CE EDI:0000211E EBP:00007BD8 ESP:00007BC2 DS:F600 ES:1688 FS:0000 GS:0000 SS:3E00 CF:0 ZF:0 SF:0 OF:0 AF:0 PF:0 IF:1
165E:000001BB  cmp  bx,0B19                                           EAX:00000000 EBX:000009DA ECX:00007FEA EDX:00000000 ESI:000001CE EDI:0000211E EBP:00007BD8 ESP:00007BC2 DS:F600 ES:1688 FS:0000 GS:0000 SS:3E00 CF:0 ZF:0 SF:0 OF:0 AF:0 PF:0 IF:1
165E:000001BF  jc   000001B5 ($-c)             (up)                   EAX:00000000 EBX:000009DA ECX:00007FEA EDX:00000000 ESI:000001CE EDI:0000211E EBP:00007BD8 ESP:00007BC2 DS:F600 ES:1688 FS:0000 GS:0000 SS:3E00 CF:1 ZF:0 SF:1 OF:0 AF:0 PF:0 IF:1
165E:000001B5  lodsw                                                  EAX:00000000 EBX:000009DA ECX:00007FEA EDX:00000000 ESI:000001CE EDI:0000211E EBP:00007BD8 ESP:00007BC2 DS:F600 ES:1688 FS:0000 GS:0000 SS:3E00 CF:1 ZF:0 SF:1 OF:0 AF:0 PF:0 IF:1
165E:000001B6  xor  es:[bx],ax                 es:[09DA]=71A0         EAX:00000000 EBX:000009DA ECX:00007FEA EDX:00000000 ESI:000001D0 EDI:0000211E EBP:00007BD8 ESP:00007BC2 DS:F600 ES:1688 FS:0000 GS:0000 SS:3E00 CF:1 ZF:0 SF:1 OF:0 AF:0 PF:0 IF:1
165E:000001B9  inc  bx                                                EAX:00000000 EBX:000009DA ECX:00007FEA EDX:00000000 ESI:000001D0 EDI:0000211E EBP:00007BD8 ESP:00007BC2 DS:F600 ES:1688 FS:0000 GS:0000 SS:3E00 CF:0 ZF:0 SF:0 OF:0 AF:0 PF:1 IF:1
165E:000001BA  inc  bx                                                EAX:00000000 EBX:000009DB ECX:00007FEA EDX:00000000 ESI:000001D0 EDI:0000211E EBP:00007BD8 ESP:00007BC2 DS:F600 ES:1688 FS:0000 GS:0000 SS:3E00 CF:0 ZF:0 SF:0 OF:0 AF:0 PF:1 IF:1
165E:000001BB  cmp  bx,0B19                                           EAX:00000000 EBX:000009DC ECX:00007FEA EDX:00000000 ESI:000001D0 EDI:0000211E EBP:00007BD8 ESP:00007BC2 DS:F600 ES:1688 FS:0000 GS:0000 SS:3E00 CF:0 ZF:0 SF:0 OF:0 AF:0 PF:0 IF:1
165E:000001BF  jc   000001B5 ($-c)             (up)                   EAX:00000000 EBX:000009DC ECX:00007FEA EDX:00000000 ESI:000001D0 EDI:0000211E EBP:00007BD8 ESP:00007BC2 DS:F600 ES:1688 FS:0000 GS:0000 SS:3E00 CF:1 ZF:0 SF:1 OF:0 AF:0 PF:1 IF:1
165E:000001B5  lodsw                                                  EAX:00000000 EBX:000009DC ECX:00007FEA EDX:00000000 ESI:000001D0 EDI:0000211E EBP:00007BD8 ESP:00007BC2 DS:F600 ES:1688 FS:0000 GS:0000 SS:3E00 CF:1 ZF:0 SF:1 OF:0 AF:0 PF:1 IF:1
165E:000001B6  xor  es:[bx],ax                 es:[09DC]=575B         EAX:00000000 EBX:000009DC ECX:00007FEA EDX:00000000 ESI:000001D2 EDI:0000211E EBP:00007BD8 ESP:00007BC2 DS:F600 ES:1688 FS:0000 GS:0000 SS:3E00 CF:1 ZF:0 SF:1 OF:0 AF:0 PF:1 IF:1
165E:000001B9  inc  bx                                                EAX:00000000 EBX:000009DC ECX:00007FEA EDX:00000000 ESI:000001D2 EDI:0000211E EBP:00007BD8 ESP:00007BC2 DS:F600 ES:1688 FS:0000 GS:0000 SS:3E00 CF:0 ZF:0 SF:0 OF:0 AF:0 PF:0 IF:1
165E:000001BA  inc  bx                                                EAX:00000000 EBX:000009DD ECX:00007FEA EDX:00000000 ESI:000001D2 EDI:0000211E EBP:00007BD8 ESP:00007BC2 DS:F600 ES:1688 FS:0000 GS:0000 SS:3E00 CF:0 ZF:0 SF:0 OF:0 AF:0 PF:1 IF:1
165E:000001BB  cmp  bx,0B19                                           EAX:00000000 EBX:000009DE ECX:00007FEA EDX:00000000 ESI:000001D2 EDI:0000211E EBP:00007BD8 ESP:00007BC2 DS:F600 ES:1688 FS:0000 GS:0000 SS:3E00 CF:0 ZF:0 SF:0 OF:0 AF:0 PF:1 IF:1
165E:000001BF  jc   000001B5 ($-c)             (up)                   EAX:00000000 EBX:000009DE ECX:00007FEA EDX:00000000 ESI:000001D2 EDI:0000211E EBP:00007BD8 ESP:00007BC2 DS:F600 ES:1688 FS:0000 GS:0000 SS:3E00 CF:1 ZF:0 SF:1 OF:0 AF:0 PF:1 IF:1
165E:000001B5  lodsw                                                  EAX:00000000 EBX:000009DE ECX:00007FEA EDX:00000000 ESI:000001D2 EDI:0000211E EBP:00007BD8 ESP:00007BC2 DS:F600 ES:1688 FS:0000 GS:0000 SS:3E00 CF:1 ZF:0 SF:1 OF:0 AF:0 PF:1 IF:1
165E:000001B6  xor  es:[bx],ax                 es:[09DE]=CDB4         EAX:00000000 EBX:000009DE ECX:00007FEA EDX:00000000 ESI:000001D4 EDI:0000211E EBP:00007BD8 ESP:00007BC2 DS:F600 ES:1688 FS:0000 GS:0000 SS:3E00 CF:1 ZF:0 SF:1 OF:0 AF:0 PF:1 IF:1
165E:000001B9  inc  bx                                                EAX:00000000 EBX:000009DE ECX:00007FEA EDX:00000000 ESI:000001D4 EDI:0000211E EBP:00007BD8 ESP:00007BC2 DS:F600 ES:1688 FS:0000 GS:0000 SS:3E00 CF:0 ZF:0 SF:1 OF:0 AF:0 PF:1 IF:1
165E:000001BA  inc  bx                                                EAX:00000000 EBX:000009DF ECX:00007FEA EDX:00000000 ESI:000001D4 EDI:0000211E EBP:00007BD8 ESP:00007BC2 DS:F600 ES:1688 FS:0000 GS:0000 SS:3E00 CF:0 ZF:0 SF:0 OF:0 AF:0 PF:0 IF:1
165E:000001BB  cmp  bx,0B19                                           EAX:00000000 EBX:000009E0 ECX:00007FEA EDX:00000000 ESI:000001D4 EDI:0000211E EBP:00007BD8 ESP:00007BC2 DS:F600 ES:1688 FS:0000 GS:0000 SS:3E00 CF:0 ZF:0 SF:0 OF:0 AF:1 PF:0 IF:1
165E:000001BF  jc   000001B5 ($-c)             (up)                   EAX:00000000 EBX:000009E0 ECX:00007FEA EDX:00000000 ESI:000001D4 EDI:0000211E EBP:00007BD8 ESP:00007BC2 DS:F600 ES:1688 FS:0000 GS:0000 SS:3E00 CF:1 ZF:0 SF:1 OF:0 AF:1 PF:0 IF:1
165E:000001B5  lodsw                                                  EAX:00000000 EBX:000009E0 ECX:00007FEA EDX:00000000 ESI:000001D4 EDI:0000211E EBP:00007BD8 ESP:00007BC2 DS:F600 ES:1688 FS:0000 GS:0000 SS:3E00 CF:1 ZF:0 SF:1 OF:0 AF:1 PF:0 IF:1
165E:000001B6  xor  es:[bx],ax                 es:[09E0]=24E3         EAX:00000000 EBX:000009E0 ECX:00007FEA EDX:00000000 ESI:000001D6 EDI:0000211E EBP:00007BD8 ESP:00007BC2 DS:F600 ES:1688 FS:0000 GS:0000 SS:3E00 CF:1 ZF:0 SF:1 OF:0 AF:1 PF:0 IF:1
165E:000001B9  inc  bx                                                EAX:00000000 EBX:000009E0 ECX:00007FEA EDX:00000000 ESI:000001D6 EDI:0000211E EBP:00007BD8 ESP:00007BC2 DS:F600 ES:1688 FS:0000 GS:0000 SS:3E00 CF:0 ZF:0 SF:0 OF:0 AF:0 PF:0 IF:1
165E:000001BA  inc  bx                                                EAX:00000000 EBX:000009E1 ECX:00007FEA EDX:00000000 ESI:000001D6 EDI:0000211E EBP:00007BD8 ESP:00007BC2 DS:F600 ES:1688 FS:0000 GS:0000 SS:3E00 CF:0 ZF:0 SF:0 OF:0 AF:0 PF:1 IF:1
165E:000001BB  cmp  bx,0B19                                           EAX:00000000 EBX:000009E2 ECX:00007FEA EDX:00000000 ESI:000001D6 EDI:0000211E EBP:00007BD8 ESP:00007BC2 DS:F600 ES:1688 FS:0000 GS:0000 SS:3E00 CF:0 ZF:0 SF:0 OF:0 AF:0 PF:1 IF:1
165E:000001BF  jc   000001B5 ($-c)             (up)                   EAX:00000000 EBX:000009E2 ECX:00007FEA EDX:00000000 ESI:000001D6 EDI:0000211E EBP:00007BD8 ESP:00007BC2 DS:F600 ES:1688 FS:0000 GS:0000 SS:3E00 CF:1 ZF:0 SF:1 OF:0 AF:1 PF:1 IF:1
165E:000001B5  lodsw                                                  EAX:00000000 EBX:000009E2 ECX:00007FEA EDX:00000000 ESI:000001D6 EDI:0000211E EBP:00007BD8 ESP:00007BC2 DS:F600 ES:1688 FS:0000 GS:0000 SS:3E00 CF:1 ZF:0 SF:1 OF:0 AF:1 PF:1 IF:1
165E:000001B6  xor  es:[bx],ax                 es:[09E2]=78DF         EAX:00000000 EBX:000009E2 ECX:00007FEA EDX:00000000 ESI:000001D8 EDI:0000211E EBP:00007BD8 ESP:00007BC2 DS:F600 ES:1688 FS:0000 GS:0000 SS:3E00 CF:1 ZF:0 SF:1 OF:0 AF:1 PF:1 IF:1
165E:000001B9  inc  bx                                                EAX:00000000 EBX:000009E2 ECX:00007FEA EDX:00000000 ESI:000001D8 EDI:0000211E EBP:00007BD8 ESP:00007BC2 DS:F600 ES:1688 FS:0000 GS:0000 SS:3E00 CF:0 ZF:0 SF:0 OF:0 AF:0 PF:0 IF:1
165E:000001BA  inc  bx                                                EAX:00000000 EBX:000009E3 ECX:00007FEA EDX:00000000 ESI:000001D8 EDI:0000211E EBP:00007BD8 ESP:00007BC2 DS:F600 ES:1688 FS:0000 GS:0000 SS:3E00 CF:0 ZF:0 SF:0 OF:0 AF:0 PF:0 IF:1
165E:000001BB  cmp  bx,0B19                                           EAX:00000000 EBX:000009E4 ECX:00007FEA EDX:00000000 ESI:000001D8 EDI:0000211E EBP:00007BD8 ESP:00007BC2 DS:F600 ES:1688 FS:0000 GS:0000 SS:3E00 CF:0 ZF:0 SF:0 OF:0 AF:0 PF:1 IF:1
165E:000001BF  jc   000001B5 ($-c)             (up)                   EAX:00000000 EBX:000009E4 ECX:00007FEA EDX:00000000 ESI:000001D8 EDI:0000211E EBP:00007BD8 ESP:00007BC2 DS:F600 ES:1688 FS:0000 GS:0000 SS:3E00 CF:1 ZF:0 SF:1 OF:0 AF:1 PF:0 IF:1
165E:000001B5  lodsw                                                  EAX:00000000 EBX:000009E4 ECX:00007FEA EDX:00000000 ESI:000001D8 EDI:0000211E EBP:00007BD8 ESP:00007BC2 DS:F600 ES:1688 FS:0000 GS:0000 SS:3E00 CF:1 ZF:0 SF:1 OF:0 AF:1 PF:0 IF:1
165E:000001B6  xor  es:[bx],ax                 es:[09E4]=4D47         EAX:00000000 EBX:000009E4 ECX:00007FEA EDX:00000000 ESI:000001DA EDI:0000211E EBP:00007BD8 ESP:00007BC2 DS:F600 ES:1688 FS:0000 GS:0000 SS:3E00 CF:1 ZF:0 SF:1 OF:0 AF:1 PF:0 IF:1
165E:000001B9  inc  bx                                                EAX:00000000 EBX:000009E4 ECX:00007FEA EDX:00000000 ESI:000001DA EDI:0000211E EBP:00007BD8 ESP:00007BC2 DS:F600 ES:1688 FS:0000 GS:0000 SS:3E00 CF:0 ZF:0 SF:0 OF:0 AF:0 PF:1 IF:1
165E:000001BA  inc  bx                                                EAX:00000000 EBX:000009E5 ECX:00007FEA EDX:00000000 ESI:000001DA EDI:0000211E EBP:00007BD8 ESP:00007BC2 DS:F600 ES:1688 FS:0000 GS:0000 SS:3E00 CF:0 ZF:0 SF:0 OF:0 AF:0 PF:0 IF:1
165E:000001BB  cmp  bx,0B19                                           EAX:00000000 EBX:000009E6 ECX:00007FEA EDX:00000000 ESI:000001DA EDI:0000211E EBP:00007BD8 ESP:00007BC2 DS:F600 ES:1688 FS:0000 GS:0000 SS:3E00 CF:0 ZF:0 SF:0 OF:0 AF:0 PF:0 IF:1
165E:000001BF  jc   000001B5 ($-c)             (up)                   EAX:00000000 EBX:000009E6 ECX:00007FEA EDX:00000000 ESI:000001DA EDI:0000211E EBP:00007BD8 ESP:00007BC2 DS:F600 ES:1688 FS:0000 GS:0000 SS:3E00 CF:1 ZF:0 SF:1 OF:0 AF:1 PF:0 IF:1
165E:000001B5  lodsw                                                  EAX:00000000 EBX:000009E6 ECX:00007FEA EDX:00000000 ESI:000001DA EDI:0000211E EBP:00007BD8 ESP:00007BC2 DS:F600 ES:1688 FS:0000 GS:0000 SS:3E00 CF:1 ZF:0 SF:1 OF:0 AF:1 PF:0 IF:1
165E:000001B6  xor  es:[bx],ax                 es:[09E6]=C65B         EAX:00000000 EBX:000009E6 ECX:00007FEA EDX:00000000 ESI:000001DC EDI:0000211E EBP:00007BD8 ESP:00007BC2 DS:F600 ES:1688 FS:0000 GS:0000 SS:3E00 CF:1 ZF:0 SF:1 OF:0 AF:1 PF:0 IF:1
165E:000001B9  inc  bx                                                EAX:00000000 EBX:000009E6 ECX:00007FEA EDX:00000000 ESI:000001DC EDI:0000211E EBP:00007BD8 ESP:00007BC2 DS:F600 ES:1688 FS:0000 GS:0000 SS:3E00 CF:0 ZF:0 SF:1 OF:0 AF:0 PF:0 IF:1
165E:000001BA  inc  bx                                                EAX:00000000 EBX:000009E7 ECX:00007FEA EDX:00000000 ESI:000001DC EDI:0000211E EBP:00007BD8 ESP:00007BC2 DS:F600 ES:1688 FS:0000 GS:0000 SS:3E00 CF:0 ZF:0 SF:0 OF:0 AF:0 PF:1 IF:1
165E:000001BB  cmp  bx,0B19                                           EAX:00000000 EBX:000009E8 ECX:00007FEA EDX:00000000 ESI:000001DC EDI:0000211E EBP:00007BD8 ESP:00007BC2 DS:F600 ES:1688 FS:0000 GS:0000 SS:3E00 CF:0 ZF:0 SF:0 OF:0 AF:0 PF:1 IF:1
165E:000001BF  jc   000001B5 ($-c)             (up)                   EAX:00000000 EBX:000009E8 ECX:00007FEA EDX:00000000 ESI:000001DC EDI:0000211E EBP:00007BD8 ESP:00007BC2 DS:F600 ES:1688 FS:0000 GS:0000 SS:3E00 CF:1 ZF:0 SF:1 OF:0 AF:1 PF:1 IF:1
165E:000001B5  lodsw                                                  EAX:00000000 EBX:000009E8 ECX:00007FEA EDX:00000000 ESI:000001DC EDI:0000211E EBP:00007BD8 ESP:00007BC2 DS:F600 ES:1688 FS:0000 GS:0000 SS:3E00 CF:1 ZF:0 SF:1 OF:0 AF:1 PF:1 IF:1
165E:000001B6  xor  es:[bx],ax                 es:[09E8]=1735         EAX:00000000 EBX:000009E8 ECX:00007FEA EDX:00000000 ESI:000001DE EDI:0000211E EBP:00007BD8 ESP:00007BC2 DS:F600 ES:1688 FS:0000 GS:0000 SS:3E00 CF:1 ZF:0 SF:1 OF:0 AF:1 PF:1 IF:1
165E:000001B9  inc  bx                                                EAX:00000000 EBX:000009E8 ECX:00007FEA EDX:00000000 ESI:000001DE EDI:0000211E EBP:00007BD8 ESP:00007BC2 DS:F600 ES:1688 FS:0000 GS:0000 SS:3E00 CF:0 ZF:0 SF:0 OF:0 AF:0 PF:1 IF:1
165E:000001BA  inc  bx                                                EAX:00000000 EBX:000009E9 ECX:00007FEA EDX:00000000 ESI:000001DE EDI:0000211E EBP:00007BD8 ESP:00007BC2 DS:F600 ES:1688 FS:0000 GS:0000 SS:3E00 CF:0 ZF:0 SF:0 OF:0 AF:0 PF:0 IF:1
165E:000001BB  cmp  bx,0B19                                           EAX:00000000 EBX:000009EA ECX:00007FEA EDX:00000000 ESI:000001DE EDI:0000211E EBP:00007BD8 ESP:00007BC2 DS:F600 ES:1688 FS:0000 GS:0000 SS:3E00 CF:0 ZF:0 SF:0 OF:0 AF:0 PF:0 IF:1
165E:000001BF  jc   000001B5 ($-c)             (up)                   EAX:00000000 EBX:000009EA ECX:00007FEA EDX:00000000 ESI:000001DE EDI:0000211E EBP:00007BD8 ESP:00007BC2 DS:F600 ES:1688 FS:0000 GS:0000 SS:3E00 CF:1 ZF:0 SF:1 OF:0 AF:0 PF:1 IF:1
165E:000001B5  lodsw                                                  EAX:00000000 EBX:000009EA ECX:00007FEA EDX:00000000 ESI:000001DE EDI:0000211E EBP:00007BD8 ESP:00007BC2 DS:F600 ES:1688 FS:0000 GS:0000 SS:3E00 CF:1 ZF:0 SF:1 OF:0 AF:0 PF:1 IF:1
165E:000001B6  xor  es:[bx],ax                 es:[09EA]=C456         EAX:00000000 EBX:000009EA ECX:00007FEA EDX:00000000 ESI:000001E0 EDI:0000211E EBP:00007BD8 ESP:00007BC2 DS:F600 ES:1688 FS:0000 GS:0000 SS:3E00 CF:1 ZF:0 SF:1 OF:0 AF:0 PF:1 IF:1
165E:000001B9  inc  bx                                                EAX:00000000 EBX:000009EA ECX:00007FEA EDX:00000000 ESI:000001E0 EDI:0000211E EBP:00007BD8 ESP:00007BC2 DS:F600 ES:1688 FS:0000 GS:0000 SS:3E00 CF:0 ZF:0 SF:1 OF:0 AF:0 PF:1 IF:1
165E:000001BA  inc  bx                                                EAX:00000000 EBX:000009EB ECX:00007FEA EDX:00000000 ESI:000001E0 EDI:0000211E EBP:00007BD8 ESP:00007BC2 DS:F600 ES:1688 FS:0000 GS:0000 SS:3E00 CF:0 ZF:0 SF:0 OF:0 AF:0 PF:1 IF:1
165E:000001BB  cmp  bx,0B19                                           EAX:00000000 EBX:000009EC ECX:00007FEA EDX:00000000 ESI:000001E0 EDI:0000211E EBP:00007BD8 ESP:00007BC2 DS:F600 ES:1688 FS:0000 GS:0000 SS:3E00 CF:0 ZF:0 SF:0 OF:0 AF:0 PF:0 IF:1
165E:000001BF  jc   000001B5 ($-c)             (up)                   EAX:00000000 EBX:000009EC ECX:00007FEA EDX:00000000 ESI:000001E0 EDI:0000211E EBP:00007BD8 ESP:00007BC2 DS:F600 ES:1688 FS:0000 GS:0000 SS:3E00 CF:1 ZF:0 SF:1 OF:0 AF:0 PF:0 IF:1
165E:000001B5  lodsw                                                  EAX:00000000 EBX:000009EC ECX:00007FEA EDX:00000000 ESI:000001E0 EDI:0000211E EBP:00007BD8 ESP:00007BC2 DS:F600 ES:1688 FS:0000 GS:0000 SS:3E00 CF:1 ZF:0 SF:1 OF:0 AF:0 PF:0 IF:1
165E:000001B6  xor  es:[bx],ax                 es:[09EC]=0584         EAX:00000000 EBX:000009EC ECX:00007FEA EDX:00000000 ESI:000001E2 EDI:0000211E EBP:00007BD8 ESP:00007BC2 DS:F600 ES:1688 FS:0000 GS:0000 SS:3E00 CF:1 ZF:0 SF:1 OF:0 AF:0 PF:0 IF:1
165E:000001B9  inc  bx                                                EAX:00000000 EBX:000009EC ECX:00007FEA EDX:00000000 ESI:000001E2 EDI:0000211E EBP:00007BD8 ESP:00007BC2 DS:F600 ES:1688 FS:0000 GS:0000 SS:3E00 CF:0 ZF:0 SF:0 OF:0 AF:0 PF:1 IF:1
165E:000001BA  inc  bx                                                EAX:00000000 EBX:000009ED ECX:00007FEA EDX:00000000 ESI:000001E2 EDI:0000211E EBP:00007BD8 ESP:00007BC2 DS:F600 ES:1688 FS:0000 GS:0000 SS:3E00 CF:0 ZF:0 SF:0 OF:0 AF:0 PF:1 IF:1
165E:000001BB  cmp  bx,0B19                                           EAX:00000000 EBX:000009EE ECX:00007FEA EDX:00000000 ESI:000001E2 EDI:0000211E EBP:00007BD8 ESP:00007BC2 DS:F600 ES:1688 FS:0000 GS:0000 SS:3E00 CF:0 ZF:0 SF:0 OF:0 AF:0 PF:1 IF:1
165E:000001BF  jc   000001B5 ($-c)             (up)                   EAX:00000000 EBX:000009EE ECX:00007FEA EDX:00000000 ESI:000001E2 EDI:0000211E EBP:00007BD8 ESP:00007BC2 DS:F600 ES:1688 FS:0000 GS:0000 SS:3E00 CF:1 ZF:0 SF:1 OF:0 AF:0 PF:0 IF:1
165E:000001B5  lodsw                                                  EAX:00000000 EBX:000009EE ECX:00007FEA EDX:00000000 ESI:000001E2 EDI:0000211E EBP:00007BD8 ESP:00007BC2 DS:F600 ES:1688 FS:0000 GS:0000 SS:3E00 CF:1 ZF:0 SF:1 OF:0 AF:0 PF:0 IF:1
165E:000001B6  xor  es:[bx],ax                 es:[09EE]=9425         EAX:00000000 EBX:000009EE ECX:00007FEA EDX:00000000 ESI:000001E4 EDI:0000211E EBP:00007BD8 ESP:00007BC2 DS:F600 ES:1688 FS:0000 GS:0000 SS:3E00 CF:1 ZF:0 SF:1 OF:0 AF:0 PF:0 IF:1
165E:000001B9  inc  bx                                                EAX:00000000 EBX:000009EE ECX:00007FEA EDX:00000000 ESI:000001E4 EDI:0000211E EBP:00007BD8 ESP:00007BC2 DS:F600 ES:1688 FS:0000 GS:0000 SS:3E00 CF:0 ZF:0 SF:1 OF:0 AF:0 PF:0 IF:1
165E:000001BA  inc  bx                                                EAX:00000000 EBX:000009EF ECX:00007FEA EDX:00000000 ESI:000001E4 EDI:0000211E EBP:00007BD8 ESP:00007BC2 DS:F600 ES:1688 FS:0000 GS:0000 SS:3E00 CF:0 ZF:0 SF:0 OF:0 AF:0 PF:0 IF:1
165E:000001BB  cmp  bx,0B19                                           EAX:00000000 EBX:000009F0 ECX:00007FEA EDX:00000000 ESI:000001E4 EDI:0000211E EBP:00007BD8 ESP:00007BC2 DS:F600 ES:1688 FS:0000 GS:0000 SS:3E00 CF:0 ZF:0 SF:0 OF:0 AF:1 PF:1 IF:1
165E:000001BF  jc   000001B5 ($-c)             (up)                   EAX:00000000 EBX:000009F0 ECX:00007FEA EDX:00000000 ESI:000001E4 EDI:0000211E EBP:00007BD8 ESP:00007BC2 DS:F600 ES:1688 FS:0000 GS:0000 SS:3E00 CF:1 ZF:0 SF:1 OF:0 AF:1 PF:1 IF:1
165E:000001B5  lodsw                                                  EAX:00000000 EBX:000009F0 ECX:00007FEA EDX:00000000 ESI:000001E4 EDI:0000211E EBP:00007BD8 ESP:00007BC2 DS:F600 ES:1688 FS:0000 GS:0000 SS:3E00 CF:1 ZF:0 SF:1 OF:0 AF:1 PF:1 IF:1
165E:000001B6  xor  es:[bx],ax                 es:[09F0]=64DE         EAX:00000000 EBX:000009F0 ECX:00007FEA EDX:00000000 ESI:000001E6 EDI:0000211E EBP:00007BD8 ESP:00007BC2 DS:F600 ES:1688 FS:0000 GS:0000 SS:3E00 CF:1 ZF:0 SF:1 OF:0 AF:1 PF:1 IF:1
165E:000001B9  inc  bx                                                EAX:00000000 EBX:000009F0 ECX:00007FEA EDX:00000000 ESI:000001E6 EDI:0000211E EBP:00007BD8 ESP:00007BC2 DS:F600 ES:1688 FS:0000 GS:0000 SS:3E00 CF:0 ZF:0 SF:0 OF:0 AF:0 PF:1 IF:1
165E:000001BA  inc  bx                                                EAX:00000000 EBX:000009F1 ECX:00007FEA EDX:00000000 ESI:000001E6 EDI:0000211E EBP:00007BD8 ESP:00007BC2 DS:F600 ES:1688 FS:0000 GS:0000 SS:3E00 CF:0 ZF:0 SF:0 OF:0 AF:0 PF:0 IF:1
165E:000001BB  cmp  bx,0B19                                           EAX:00000000 EBX:000009F2 ECX:00007FEA EDX:00000000 ESI:000001E6 EDI:0000211E EBP:00007BD8 ESP:00007BC2 DS:F600 ES:1688 FS:0000 GS:0000 SS:3E00 CF:0 ZF:0 SF:0 OF:0 AF:0 PF:0 IF:1
165E:000001BF  jc   000001B5 ($-c)             (up)                   EAX:00000000 EBX:000009F2 ECX:00007FEA EDX:00000000 ESI:000001E6 EDI:0000211E EBP:00007BD8 ESP:00007BC2 DS:F600 ES:1688 FS:0000 GS:0000 SS:3E00 CF:1 ZF:0 SF:1 OF:0 AF:1 PF:0 IF:1
165E:000001B5  lodsw                                                  EAX:00000000 EBX:000009F2 ECX:00007FEA EDX:00000000 ESI:000001E6 EDI:0000211E EBP:00007BD8 ESP:00007BC2 DS:F600 ES:1688 FS:0000 GS:0000 SS:3E00 CF:1 ZF:0 SF:1 OF:0 AF:1 PF:0 IF:1
165E:000001B6  xor  es:[bx],ax                 es:[09F2]=4C8D         EAX:00000000 EBX:000009F2 ECX:00007FEA EDX:00000000 ESI:000001E8 EDI:0000211E EBP:00007BD8 ESP:00007BC2 DS:F600 ES:1688 FS:0000 GS:0000 SS:3E00 CF:1 ZF:0 SF:1 OF:0 AF:1 PF:0 IF:1
165E:000001B9  inc  bx                                                EAX:00000000 EBX:000009F2 ECX:00007FEA EDX:00000000 ESI:000001E8 EDI:0000211E EBP:00007BD8 ESP:00007BC2 DS:F600 ES:1688 FS:0000 GS:0000 SS:3E00 CF:0 ZF:0 SF:0 OF:0 AF:0 PF:1 IF:1
165E:000001BA  inc  bx                                                EAX:00000000 EBX:000009F3 ECX:00007FEA EDX:00000000 ESI:000001E8 EDI:0000211E EBP:00007BD8 ESP:00007BC2 DS:F600 ES:1688 FS:0000 GS:0000 SS:3E00 CF:0 ZF:0 SF:0 OF:0 AF:0 PF:1 IF:1
165E:000001BB  cmp  bx,0B19                                           EAX:00000000 EBX:000009F4 ECX:00007FEA EDX:00000000 ESI:000001E8 EDI:0000211E EBP:00007BD8 ESP:00007BC2 DS:F600 ES:1688 FS:0000 GS:0000 SS:3E00 CF:0 ZF:0 SF:0 OF:0 AF:0 PF:0 IF:1
165E:000001BF  jc   000001B5 ($-c)             (up)                   EAX:00000000 EBX:000009F4 ECX:00007FEA EDX:00000000 ESI:000001E8 EDI:0000211E EBP:00007BD8 ESP:00007BC2 DS:F600 ES:1688 FS:0000 GS:0000 SS:3E00 CF:1 ZF:0 SF:1 OF:0 AF:1 PF:1 IF:1
165E:000001B5  lodsw                                                  EAX:00000000 EBX:000009F4 ECX:00007FEA EDX:00000000 ESI:000001E8 EDI:0000211E EBP:00007BD8 ESP:00007BC2 DS:F600 ES:1688 FS:0000 GS:0000 SS:3E00 CF:1 ZF:0 SF:1 OF:0 AF:1 PF:1 IF:1
165E:000001B6  xor  es:[bx],ax                 es:[09F4]=4C4A         EAX:00000000 EBX:000009F4 ECX:00007FEA EDX:00000000 ESI:000001EA EDI:0000211E EBP:00007BD8 ESP:00007BC2 DS:F600 ES:1688 FS:0000 GS:0000 SS:3E00 CF:1 ZF:0 SF:1 OF:0 AF:1 PF:1 IF:1
165E:000001B9  inc  bx                                                EAX:00000000 EBX:000009F4 ECX:00007FEA EDX:00000000 ESI:000001EA EDI:0000211E EBP:00007BD8 ESP:00007BC2 DS:F600 ES:1688 FS:0000 GS:0000 SS:3E00 CF:0 ZF:0 SF:0 OF:0 AF:0 PF:0 IF:1
165E:000001BA  inc  bx                                                EAX:00000000 EBX:000009F5 ECX:00007FEA EDX:00000000 ESI:000001EA EDI:0000211E EBP:00007BD8 ESP:00007BC2 DS:F600 ES:1688 FS:0000 GS:0000 SS:3E00 CF:0 ZF:0 SF:0 OF:0 AF:0 PF:1 IF:1
165E:000001BB  cmp  bx,0B19                                           EAX:00000000 EBX:000009F6 ECX:00007FEA EDX:00000000 ESI:000001EA EDI:0000211E EBP:00007BD8 ESP:00007BC2 DS:F600 ES:1688 FS:0000 GS:0000 SS:3E00 CF:0 ZF:0 SF:0 OF:0 AF:0 PF:1 IF:1
165E:000001BF  jc   000001B5 ($-c)             (up)                   EAX:00000000 EBX:000009F6 ECX:00007FEA EDX:00000000 ESI:000001EA EDI:0000211E EBP:00007BD8 ESP:00007BC2 DS:F600 ES:1688 FS:0000 GS:0000 SS:3E00 CF:1 ZF:0 SF:1 OF:0 AF:1 PF:1 IF:1
165E:000001B5  lodsw                                                  EAX:00000000 EBX:000009F6 ECX:00007FEA EDX:00000000 ESI:000001EA EDI:0000211E EBP:00007BD8 ESP:00007BC2 DS:F600 ES:1688 FS:0000 GS:0000 SS:3E00 CF:1 ZF:0 SF:1 OF:0 AF:1 PF:1 IF:1
165E:000001B6  xor  es:[bx],ax                 es:[09F6]=BDA3         EAX:00000000 EBX:000009F6 ECX:00007FEA EDX:00000000 ESI:000001EC EDI:0000211E EBP:00007BD8 ESP:00007BC2 DS:F600 ES:1688 FS:0000 GS:0000 SS:3E00 CF:1 ZF:0 SF:1 OF:0 AF:1 PF:1 IF:1
165E:000001B9  inc  bx                                                EAX:00000000 EBX:000009F6 ECX:00007FEA EDX:00000000 ESI:000001EC EDI:0000211E EBP:00007BD8 ESP:00007BC2 DS:F600 ES:1688 FS:0000 GS:0000 SS:3E00 CF:0 ZF:0 SF:1 OF:0 AF:0 PF:1 IF:1
165E:000001BA  inc  bx                                                EAX:00000000 EBX:000009F7 ECX:00007FEA EDX:00000000 ESI:000001EC EDI:0000211E EBP:00007BD8 ESP:00007BC2 DS:F600 ES:1688 FS:0000 GS:0000 SS:3E00 CF:0 ZF:0 SF:0 OF:0 AF:0 PF:0 IF:1
165E:000001BB  cmp  bx,0B19                                           EAX:00000000 EBX:000009F8 ECX:00007FEA EDX:00000000 ESI:000001EC EDI:0000211E EBP:00007BD8 ESP:00007BC2 DS:F600 ES:1688 FS:0000 GS:0000 SS:3E00 CF:0 ZF:0 SF:0 OF:0 AF:0 PF:0 IF:1
165E:000001BF  jc   000001B5 ($-c)             (up)                   EAX:00000000 EBX:000009F8 ECX:00007FEA EDX:00000000 ESI:000001EC EDI:0000211E EBP:00007BD8 ESP:00007BC2 DS:F600 ES:1688 FS:0000 GS:0000 SS:3E00 CF:1 ZF:0 SF:1 OF:0 AF:1 PF:0 IF:1
165E:000001B5  lodsw                                                  EAX:00000000 EBX:000009F8 ECX:00007FEA EDX:00000000 ESI:000001EC EDI:0000211E EBP:00007BD8 ESP:00007BC2 DS:F600 ES:1688 FS:0000 GS:0000 SS:3E00 CF:1 ZF:0 SF:1 OF:0 AF:1 PF:0 IF:1
165E:000001B6  xor  es:[bx],ax                 es:[09F8]=58C7         EAX:00000000 EBX:000009F8 ECX:00007FEA EDX:00000000 ESI:000001EE EDI:0000211E EBP:00007BD8 ESP:00007BC2 DS:F600 ES:1688 FS:0000 GS:0000 SS:3E00 CF:1 ZF:0 SF:1 OF:0 AF:1 PF:0 IF:1
165E:000001B9  inc  bx                                                EAX:00000000 EBX:000009F8 ECX:00007FEA EDX:00000000 ESI:000001EE EDI:0000211E EBP:00007BD8 ESP:00007BC2 DS:F600 ES:1688 FS:0000 GS:0000 SS:3E00 CF:0 ZF:0 SF:0 OF:0 AF:0 PF:0 IF:1
165E:000001BA  inc  bx                                                EAX:00000000 EBX:000009F9 ECX:00007FEA EDX:00000000 ESI:000001EE EDI:0000211E EBP:00007BD8 ESP:00007BC2 DS:F600 ES:1688 FS:0000 GS:0000 SS:3E00 CF:0 ZF:0 SF:0 OF:0 AF:0 PF:1 IF:1
165E:000001BB  cmp  bx,0B19                                           EAX:00000000 EBX:000009FA ECX:00007FEA EDX:00000000 ESI:000001EE EDI:0000211E EBP:00007BD8 ESP:00007BC2 DS:F600 ES:1688 FS:0000 GS:0000 SS:3E00 CF:0 ZF:0 SF:0 OF:0 AF:0 PF:1 IF:1
165E:000001BF  jc   000001B5 ($-c)             (up)                   EAX:00000000 EBX:000009FA ECX:00007FEA EDX:00000000 ESI:000001EE EDI:0000211E EBP:00007BD8 ESP:00007BC2 DS:F600 ES:1688 FS:0000 GS:0000 SS:3E00 CF:1 ZF:0 SF:1 OF:0 AF:0 PF:1 IF:1
165E:000001B5  lodsw                                                  EAX:00000000 EBX:000009FA ECX:00007FEA EDX:00000000 ESI:000001EE EDI:0000211E EBP:00007BD8 ESP:00007BC2 DS:F600 ES:1688 FS:0000 GS:0000 SS:3E00 CF:1 ZF:0 SF:1 OF:0 AF:0 PF:1 IF:1
165E:000001B6  xor  es:[bx],ax                 es:[09FA]=82A6         EAX:00000000 EBX:000009FA ECX:00007FEA EDX:00000000 ESI:000001F0 EDI:0000211E EBP:00007BD8 ESP:00007BC2 DS:F600 ES:1688 FS:0000 GS:0000 SS:3E00 CF:1 ZF:0 SF:1 OF:0 AF:0 PF:1 IF:1
165E:000001B9  inc  bx                                                EAX:00000000 EBX:000009FA ECX:00007FEA EDX:00000000 ESI:000001F0 EDI:0000211E EBP:00007BD8 ESP:00007BC2 DS:F600 ES:1688 FS:0000 GS:0000 SS:3E00 CF:0 ZF:0 SF:1 OF:0 AF:0 PF:1 IF:1
165E:000001BA  inc  bx                                                EAX:00000000 EBX:000009FB ECX:00007FEA EDX:00000000 ESI:000001F0 EDI:0000211E EBP:00007BD8 ESP:00007BC2 DS:F600 ES:1688 FS:0000 GS:0000 SS:3E00 CF:0 ZF:0 SF:0 OF:0 AF:0 PF:0 IF:1
165E:000001BB  cmp  bx,0B19                                           EAX:00000000 EBX:000009FC ECX:00007FEA EDX:00000000 ESI:000001F0 EDI:0000211E EBP:00007BD8 ESP:00007BC2 DS:F600 ES:1688 FS:0000 GS:0000 SS:3E00 CF:0 ZF:0 SF:0 OF:0 AF:0 PF:1 IF:1
165E:000001BF  jc   000001B5 ($-c)             (up)                   EAX:00000000 EBX:000009FC ECX:00007FEA EDX:00000000 ESI:000001F0 EDI:0000211E EBP:00007BD8 ESP:00007BC2 DS:F600 ES:1688 FS:0000 GS:0000 SS:3E00 CF:1 ZF:0 SF:1 OF:0 AF:0 PF:0 IF:1
165E:000001B5  lodsw                                                  EAX:00000000 EBX:000009FC ECX:00007FEA EDX:00000000 ESI:000001F0 EDI:0000211E EBP:00007BD8 ESP:00007BC2 DS:F600 ES:1688 FS:0000 GS:0000 SS:3E00 CF:1 ZF:0 SF:1 OF:0 AF:0 PF:0 IF:1
165E:000001B6  xor  es:[bx],ax                 es:[09FC]=2ABC         EAX:00000000 EBX:000009FC ECX:00007FEA EDX:00000000 ESI:000001F2 EDI:0000211E EBP:00007BD8 ESP:00007BC2 DS:F600 ES:1688 FS:0000 GS:0000 SS:3E00 CF:1 ZF:0 SF:1 OF:0 AF:0 PF:0 IF:1
165E:000001B9  inc  bx                                                EAX:00000000 EBX:000009FC ECX:00007FEA EDX:00000000 ESI:000001F2 EDI:0000211E EBP:00007BD8 ESP:00007BC2 DS:F600 ES:1688 FS:0000 GS:0000 SS:3E00 CF:0 ZF:0 SF:0 OF:0 AF:0 PF:0 IF:1
165E:000001BA  inc  bx                                                EAX:00000000 EBX:000009FD ECX:00007FEA EDX:00000000 ESI:000001F2 EDI:0000211E EBP:00007BD8 ESP:00007BC2 DS:F600 ES:1688 FS:0000 GS:0000 SS:3E00 CF:0 ZF:0 SF:0 OF:0 AF:0 PF:0 IF:1
165E:000001BB  cmp  bx,0B19                                           EAX:00000000 EBX:000009FE ECX:00007FEA EDX:00000000 ESI:000001F2 EDI:0000211E EBP:00007BD8 ESP:00007BC2 DS:F600 ES:1688 FS:0000 GS:0000 SS:3E00 CF:0 ZF:0 SF:0 OF:0 AF:0 PF:0 IF:1
165E:000001BF  jc   000001B5 ($-c)             (up)                   EAX:00000000 EBX:000009FE ECX:00007FEA EDX:00000000 ESI:000001F2 EDI:0000211E EBP:00007BD8 ESP:00007BC2 DS:F600 ES:1688 FS:0000 GS:0000 SS:3E00 CF:1 ZF:0 SF:1 OF:0 AF:0 PF:0 IF:1
165E:000001B5  lodsw                                                  EAX:00000000 EBX:000009FE ECX:00007FEA EDX:00000000 ESI:000001F2 EDI:0000211E EBP:00007BD8 ESP:00007BC2 DS:F600 ES:1688 FS:0000 GS:0000 SS:3E00 CF:1 ZF:0 SF:1 OF:0 AF:0 PF:0 IF:1
165E:000001B6  xor  es:[bx],ax                 es:[09FE]=0BB8         EAX:00000000 EBX:000009FE ECX:00007FEA EDX:00000000 ESI:000001F4 EDI:0000211E EBP:00007BD8 ESP:00007BC2 DS:F600 ES:1688 FS:0000 GS:0000 SS:3E00 CF:1 ZF:0 SF:1 OF:0 AF:0 PF:0 IF:1
165E:000001B9  inc  bx                                                EAX:00000000 EBX:000009FE ECX:00007FEA EDX:00000000 ESI:000001F4 EDI:0000211E EBP:00007BD8 ESP:00007BC2 DS:F600 ES:1688 FS:0000 GS:0000 SS:3E00 CF:0 ZF:0 SF:0 OF:0 AF:0 PF:1 IF:1
165E:000001BA  inc  bx                                                EAX:00000000 EBX:000009FF ECX:00007FEA EDX:00000000 ESI:000001F4 EDI:0000211E EBP:00007BD8 ESP:00007BC2 DS:F600 ES:1688 FS:0000 GS:0000 SS:3E00 CF:0 ZF:0 SF:0 OF:0 AF:0 PF:1 IF:1
165E:000001BB  cmp  bx,0B19                                           EAX:00000000 EBX:00000A00 ECX:00007FEA EDX:00000000 ESI:000001F4 EDI:0000211E EBP:00007BD8 ESP:00007BC2 DS:F600 ES:1688 FS:0000 GS:0000 SS:3E00 CF:0 ZF:0 SF:0 OF:0 AF:1 PF:1 IF:1
165E:000001BF  jc   000001B5 ($-c)             (up)                   EAX:00000000 EBX:00000A00 ECX:00007FEA EDX:00000000 ESI:000001F4 EDI:0000211E EBP:00007BD8 ESP:00007BC2 DS:F600 ES:1688 FS:0000 GS:0000 SS:3E00 CF:1 ZF:0 SF:1 OF:0 AF:1 PF:1 IF:1
165E:000001B5  lodsw                                                  EAX:00000000 EBX:00000A00 ECX:00007FEA EDX:00000000 ESI:000001F4 EDI:0000211E EBP:00007BD8 ESP:00007BC2 DS:F600 ES:1688 FS:0000 GS:0000 SS:3E00 CF:1 ZF:0 SF:1 OF:0 AF:1 PF:1 IF:1
165E:000001B6  xor  es:[bx],ax                 es:[0A00]=9BC6         EAX:00000000 EBX:00000A00 ECX:00007FEA EDX:00000000 ESI:000001F6 EDI:0000211E EBP:00007BD8 ESP:00007BC2 DS:F600 ES:1688 FS:0000 GS:0000 SS:3E00 CF:1 ZF:0 SF:1 OF:0 AF:1 PF:1 IF:1
165E:000001B9  inc  bx                                                EAX:00000000 EBX:00000A00 ECX:00007FEA EDX:00000000 ESI:000001F6 EDI:0000211E EBP:00007BD8 ESP:00007BC2 DS:F600 ES:1688 FS:0000 GS:0000 SS:3E00 CF:0 ZF:0 SF:1 OF:0 AF:0 PF:1 IF:1
165E:000001BA  inc  bx                                                EAX:00000000 EBX:00000A01 ECX:00007FEA EDX:00000000 ESI:000001F6 EDI:0000211E EBP:00007BD8 ESP:00007BC2 DS:F600 ES:1688 FS:0000 GS:0000 SS:3E00 CF:0 ZF:0 SF:0 OF:0 AF:0 PF:0 IF:1
165E:000001BB  cmp  bx,0B19                                           EAX:00000000 EBX:00000A02 ECX:00007FEA EDX:00000000 ESI:000001F6 EDI:0000211E EBP:00007BD8 ESP:00007BC2 DS:F600 ES:1688 FS:0000 GS:0000 SS:3E00 CF:0 ZF:0 SF:0 OF:0 AF:0 PF:0 IF:1
165E:000001BF  jc   000001B5 ($-c)             (up)                   EAX:00000000 EBX:00000A02 ECX:00007FEA EDX:00000000 ESI:000001F6 EDI:0000211E EBP:00007BD8 ESP:00007BC2 DS:F600 ES:1688 FS:0000 GS:0000 SS:3E00 CF:1 ZF:0 SF:1 OF:0 AF:1 PF:0 IF:1
165E:000001B5  lodsw                                                  EAX:00000000 EBX:00000A02 ECX:00007FEA EDX:00000000 ESI:000001F6 EDI:0000211E EBP:00007BD8 ESP:00007BC2 DS:F600 ES:1688 FS:0000 GS:0000 SS:3E00 CF:1 ZF:0 SF:1 OF:0 AF:1 PF:0 IF:1
165E:000001B6  xor  es:[bx],ax                 es:[0A02]=F8A0         EAX:00000000 EBX:00000A02 ECX:00007FEA EDX:00000000 ESI:000001F8 EDI:0000211E EBP:00007BD8 ESP:00007BC2 DS:F600 ES:1688 FS:0000 GS:0000 SS:3E00 CF:1 ZF:0 SF:1 OF:0 AF:1 PF:0 IF:1
165E:000001B9  inc  bx                                                EAX:00000000 EBX:00000A02 ECX:00007FEA EDX:00000000 ESI:000001F8 EDI:0000211E EBP:00007BD8 ESP:00007BC2 DS:F600 ES:1688 FS:0000 GS:0000 SS:3E00 CF:0 ZF:0 SF:1 OF:0 AF:0 PF:1 IF:1
165E:000001BA  inc  bx                                                EAX:00000000 EBX:00000A03 ECX:00007FEA EDX:00000000 ESI:000001F8 EDI:0000211E EBP:00007BD8 ESP:00007BC2 DS:F600 ES:1688 FS:0000 GS:0000 SS:3E00 CF:0 ZF:0 SF:0 OF:0 AF:0 PF:1 IF:1
165E:000001BB  cmp  bx,0B19                                           EAX:00000000 EBX:00000A04 ECX:00007FEA EDX:00000000 ESI:000001F8 EDI:0000211E EBP:00007BD8 ESP:00007BC2 DS:F600 ES:1688 FS:0000 GS:0000 SS:3E00 CF:0 ZF:0 SF:0 OF:0 AF:0 PF:0 IF:1
165E:000001BF  jc   000001B5 ($-c)             (up)                   EAX:00000000 EBX:00000A04 ECX:00007FEA EDX:00000000 ESI:000001F8 EDI:0000211E EBP:00007BD8 ESP:00007BC2 DS:F600 ES:1688 FS:0000 GS:0000 SS:3E00 CF:1 ZF:0 SF:1 OF:0 AF:1 PF:1 IF:1
165E:000001B5  lodsw                                                  EAX:00000000 EBX:00000A04 ECX:00007FEA EDX:00000000 ESI:000001F8 EDI:0000211E EBP:00007BD8 ESP:00007BC2 DS:F600 ES:1688 FS:0000 GS:0000 SS:3E00 CF:1 ZF:0 SF:1 OF:0 AF:1 PF:1 IF:1
165E:000001B6  xor  es:[bx],ax                 es:[0A04]=45F8         EAX:00000000 EBX:00000A04 ECX:00007FEA EDX:00000000 ESI:000001FA EDI:0000211E EBP:00007BD8 ESP:00007BC2 DS:F600 ES:1688 FS:0000 GS:0000 SS:3E00 CF:1 ZF:0 SF:1 OF:0 AF:1 PF:1 IF:1
165E:000001B9  inc  bx                                                EAX:00000000 EBX:00000A04 ECX:00007FEA EDX:00000000 ESI:000001FA EDI:0000211E EBP:00007BD8 ESP:00007BC2 DS:F600 ES:1688 FS:0000 GS:0000 SS:3E00 CF:0 ZF:0 SF:0 OF:0 AF:0 PF:0 IF:1
165E:000001BA  inc  bx                                                EAX:00000000 EBX:00000A05 ECX:00007FEA EDX:00000000 ESI:000001FA EDI:0000211E EBP:00007BD8 ESP:00007BC2 DS:F600 ES:1688 FS:0000 GS:0000 SS:3E00 CF:0 ZF:0 SF:0 OF:0 AF:0 PF:1 IF:1
165E:000001BB  cmp  bx,0B19                                           EAX:00000000 EBX:00000A06 ECX:00007FEA EDX:00000000 ESI:000001FA EDI:0000211E EBP:00007BD8 ESP:00007BC2 DS:F600 ES:1688 FS:0000 GS:0000 SS:3E00 CF:0 ZF:0 SF:0 OF:0 AF:0 PF:1 IF:1
165E:000001BF  jc   000001B5 ($-c)             (up)                   EAX:00000000 EBX:00000A06 ECX:00007FEA EDX:00000000 ESI:000001FA EDI:0000211E EBP:00007BD8 ESP:00007BC2 DS:F600 ES:1688 FS:0000 GS:0000 SS:3E00 CF:1 ZF:0 SF:1 OF:0 AF:1 PF:1 IF:1
165E:000001B5  lodsw                                                  EAX:00000000 EBX:00000A06 ECX:00007FEA EDX:00000000 ESI:000001FA EDI:0000211E EBP:00007BD8 ESP:00007BC2 DS:F600 ES:1688 FS:0000 GS:0000 SS:3E00 CF:1 ZF:0 SF:1 OF:0 AF:1 PF:1 IF:1
165E:000001B6  xor  es:[bx],ax                 es:[0A06]=2190         EAX:00000000 EBX:00000A06 ECX:00007FEA EDX:00000000 ESI:000001FC EDI:0000211E EBP:00007BD8 ESP:00007BC2 DS:F600 ES:1688 FS:0000 GS:0000 SS:3E00 CF:1 ZF:0 SF:1 OF:0 AF:1 PF:1 IF:1
165E:000001B9  inc  bx                                                EAX:00000000 EBX:00000A06 ECX:00007FEA EDX:00000000 ESI:000001FC EDI:0000211E EBP:00007BD8 ESP:00007BC2 DS:F600 ES:1688 FS:0000 GS:0000 SS:3E00 CF:0 ZF:0 SF:0 OF:0 AF:0 PF:1 IF:1
165E:000001BA  inc  bx                                                EAX:00000000 EBX:00000A07 ECX:00007FEA EDX:00000000 ESI:000001FC EDI:0000211E EBP:00007BD8 ESP:00007BC2 DS:F600 ES:1688 FS:0000 GS:0000 SS:3E00 CF:0 ZF:0 SF:0 OF:0 AF:0 PF:0 IF:1
165E:000001BB  cmp  bx,0B19                                           EAX:00000000 EBX:00000A08 ECX:00007FEA EDX:00000000 ESI:000001FC EDI:0000211E EBP:00007BD8 ESP:00007BC2 DS:F600 ES:1688 FS:0000 GS:0000 SS:3E00 CF:0 ZF:0 SF:0 OF:0 AF:0 PF:0 IF:1
165E:000001BF  jc   000001B5 ($-c)             (up)                   EAX:00000000 EBX:00000A08 ECX:00007FEA EDX:00000000 ESI:000001FC EDI:0000211E EBP:00007BD8 ESP:00007BC2 DS:F600 ES:1688 FS:0000 GS:0000 SS:3E00 CF:1 ZF:0 SF:1 OF:0 AF:1 PF:0 IF:1
165E:000001B5  lodsw                                                  EAX:00000000 EBX:00000A08 ECX:00007FEA EDX:00000000 ESI:000001FC EDI:0000211E EBP:00007BD8 ESP:00007BC2 DS:F600 ES:1688 FS:0000 GS:0000 SS:3E00 CF:1 ZF:0 SF:1 OF:0 AF:1 PF:0 IF:1
165E:000001B6  xor  es:[bx],ax                 es:[0A08]=6DC4         EAX:00000000 EBX:00000A08 ECX:00007FEA EDX:00000000 ESI:000001FE EDI:0000211E EBP:00007BD8 ESP:00007BC2 DS:F600 ES:1688 FS:0000 GS:0000 SS:3E00 CF:1 ZF:0 SF:1 OF:0 AF:1 PF:0 IF:1
165E:000001B9  inc  bx                                                EAX:00000000 EBX:00000A08 ECX:00007FEA EDX:00000000 ESI:000001FE EDI:0000211E EBP:00007BD8 ESP:00007BC2 DS:F600 ES:1688 FS:0000 GS:0000 SS:3E00 CF:0 ZF:0 SF:0 OF:0 AF:0 PF:0 IF:1
165E:000001BA  inc  bx                                                EAX:00000000 EBX:00000A09 ECX:00007FEA EDX:00000000 ESI:000001FE EDI:0000211E EBP:00007BD8 ESP:00007BC2 DS:F600 ES:1688 FS:0000 GS:0000 SS:3E00 CF:0 ZF:0 SF:0 OF:0 AF:0 PF:1 IF:1
165E:000001BB  cmp  bx,0B19                                           EAX:00000000 EBX:00000A0A ECX:00007FEA EDX:00000000 ESI:000001FE EDI:0000211E EBP:00007BD8 ESP:00007BC2 DS:F600 ES:1688 FS:0000 GS:0000 SS:3E00 CF:0 ZF:0 SF:0 OF:0 AF:0 PF:1 IF:1
165E:000001BF  jc   000001B5 ($-c)             (up)                   EAX:00000000 EBX:00000A0A ECX:00007FEA EDX:00000000 ESI:000001FE EDI:0000211E EBP:00007BD8 ESP:00007BC2 DS:F600 ES:1688 FS:0000 GS:0000 SS:3E00 CF:1 ZF:0 SF:1 OF:0 AF:0 PF:0 IF:1
165E:000001B5  lodsw                                                  EAX:00000000 EBX:00000A0A ECX:00007FEA EDX:00000000 ESI:000001FE EDI:0000211E EBP:00007BD8 ESP:00007BC2 DS:F600 ES:1688 FS:0000 GS:0000 SS:3E00 CF:1 ZF:0 SF:1 OF:0 AF:0 PF:0 IF:1
165E:000001B6  xor  es:[bx],ax                 es:[0A0A]=8D07         EAX:00000000 EBX:00000A0A ECX:00007FEA EDX:00000000 ESI:00000200 EDI:0000211E EBP:00007BD8 ESP:00007BC2 DS:F600 ES:1688 FS:0000 GS:0000 SS:3E00 CF:1 ZF:0 SF:1 OF:0 AF:0 PF:0 IF:1
165E:000001B9  inc  bx                                                EAX:00000000 EBX:00000A0A ECX:00007FEA EDX:00000000 ESI:00000200 EDI:0000211E EBP:00007BD8 ESP:00007BC2 DS:F600 ES:1688 FS:0000 GS:0000 SS:3E00 CF:0 ZF:0 SF:1 OF:0 AF:0 PF:0 IF:1
165E:000001BA  inc  bx                                                EAX:00000000 EBX:00000A0B ECX:00007FEA EDX:00000000 ESI:00000200 EDI:0000211E EBP:00007BD8 ESP:00007BC2 DS:F600 ES:1688 FS:0000 GS:0000 SS:3E00 CF:0 ZF:0 SF:0 OF:0 AF:0 PF:0 IF:1
165E:000001BB  cmp  bx,0B19                                           EAX:00000000 EBX:00000A0C ECX:00007FEA EDX:00000000 ESI:00000200 EDI:0000211E EBP:00007BD8 ESP:00007BC2 DS:F600 ES:1688 FS:0000 GS:0000 SS:3E00 CF:0 ZF:0 SF:0 OF:0 AF:0 PF:1 IF:1
165E:000001BF  jc   000001B5 ($-c)             (up)                   EAX:00000000 EBX:00000A0C ECX:00007FEA EDX:00000000 ESI:00000200 EDI:0000211E EBP:00007BD8 ESP:00007BC2 DS:F600 ES:1688 FS:0000 GS:0000 SS:3E00 CF:1 ZF:0 SF:1 OF:0 AF:0 PF:1 IF:1
165E:000001B5  lodsw                                                  EAX:00000000 EBX:00000A0C ECX:00007FEA EDX:00000000 ESI:00000200 EDI:0000211E EBP:00007BD8 ESP:00007BC2 DS:F600 ES:1688 FS:0000 GS:0000 SS:3E00 CF:1 ZF:0 SF:1 OF:0 AF:0 PF:1 IF:1
165E:000001B6  xor  es:[bx],ax                 es:[0A0C]=0FC5         EAX:00000000 EBX:00000A0C ECX:00007FEA EDX:00000000 ESI:00000202 EDI:0000211E EBP:00007BD8 ESP:00007BC2 DS:F600 ES:1688 FS:0000 GS:0000 SS:3E00 CF:1 ZF:0 SF:1 OF:0 AF:0 PF:1 IF:1
165E:000001B9  inc  bx                                                EAX:00000000 EBX:00000A0C ECX:00007FEA EDX:00000000 ESI:00000202 EDI:0000211E EBP:00007BD8 ESP:00007BC2 DS:F600 ES:1688 FS:0000 GS:0000 SS:3E00 CF:0 ZF:0 SF:0 OF:0 AF:0 PF:1 IF:1
165E:000001BA  inc  bx                                                EAX:00000000 EBX:00000A0D ECX:00007FEA EDX:00000000 ESI:00000202 EDI:0000211E EBP:00007BD8 ESP:00007BC2 DS:F600 ES:1688 FS:0000 GS:0000 SS:3E00 CF:0 ZF:0 SF:0 OF:0 AF:0 PF:0 IF:1
165E:000001BB  cmp  bx,0B19                                           EAX:00000000 EBX:00000A0E ECX:00007FEA EDX:00000000 ESI:00000202 EDI:0000211E EBP:00007BD8 ESP:00007BC2 DS:F600 ES:1688 FS:0000 GS:0000 SS:3E00 CF:0 ZF:0 SF:0 OF:0 AF:0 PF:0 IF:1
165E:000001BF  jc   000001B5 ($-c)             (up)                   EAX:00000000 EBX:00000A0E ECX:00007FEA EDX:00000000 ESI:00000202 EDI:0000211E EBP:00007BD8 ESP:00007BC2 DS:F600 ES:1688 FS:0000 GS:0000 SS:3E00 CF:1 ZF:0 SF:1 OF:0 AF:0 PF:1 IF:1
165E:000001B5  lodsw                                                  EAX:00000000 EBX:00000A0E ECX:00007FEA EDX:00000000 ESI:00000202 EDI:0000211E EBP:00007BD8 ESP:00007BC2 DS:F600 ES:1688 FS:0000 GS:0000 SS:3E00 CF:1 ZF:0 SF:1 OF:0 AF:0 PF:1 IF:1
165E:000001B6  xor  es:[bx],ax                 es:[0A0E]=D3AF         EAX:00000000 EBX:00000A0E ECX:00007FEA EDX:00000000 ESI:00000204 EDI:0000211E EBP:00007BD8 ESP:00007BC2 DS:F600 ES:1688 FS:0000 GS:0000 SS:3E00 CF:1 ZF:0 SF:1 OF:0 AF:0 PF:1 IF:1
165E:000001B9  inc  bx                                                EAX:00000000 EBX:00000A0E ECX:00007FEA EDX:00000000 ESI:00000204 EDI:0000211E EBP:00007BD8 ESP:00007BC2 DS:F600 ES:1688 FS:0000 GS:0000 SS:3E00 CF:0 ZF:0 SF:1 OF:0 AF:0 PF:1 IF:1
165E:000001BA  inc  bx                                                EAX:00000000 EBX:00000A0F ECX:00007FEA EDX:00000000 ESI:00000204 EDI:0000211E EBP:00007BD8 ESP:00007BC2 DS:F600 ES:1688 FS:0000 GS:0000 SS:3E00 CF:0 ZF:0 SF:0 OF:0 AF:0 PF:1 IF:1
165E:000001BB  cmp  bx,0B19                                           EAX:00000000 EBX:00000A10 ECX:00007FEA EDX:00000000 ESI:00000204 EDI:0000211E EBP:00007BD8 ESP:00007BC2 DS:F600 ES:1688 FS:0000 GS:0000 SS:3E00 CF:0 ZF:0 SF:0 OF:0 AF:1 PF:0 IF:1
165E:000001BF  jc   000001B5 ($-c)             (up)                   EAX:00000000 EBX:00000A10 ECX:00007FEA EDX:00000000 ESI:00000204 EDI:0000211E EBP:00007BD8 ESP:00007BC2 DS:F600 ES:1688 FS:0000 GS:0000 SS:3E00 CF:1 ZF:0 SF:1 OF:0 AF:1 PF:0 IF:1
165E:000001B5  lodsw                                                  EAX:00000000 EBX:00000A10 ECX:00007FEA EDX:00000000 ESI:00000204 EDI:0000211E EBP:00007BD8 ESP:00007BC2 DS:F600 ES:1688 FS:0000 GS:0000 SS:3E00 CF:1 ZF:0 SF:1 OF:0 AF:1 PF:0 IF:1
165E:000001B6  xor  es:[bx],ax                 es:[0A10]=CEDF         EAX:00000000 EBX:00000A10 ECX:00007FEA EDX:00000000 ESI:00000206 EDI:0000211E EBP:00007BD8 ESP:00007BC2 DS:F600 ES:1688 FS:0000 GS:0000 SS:3E00 CF:1 ZF:0 SF:1 OF:0 AF:1 PF:0 IF:1
165E:000001B9  inc  bx                                                EAX:00000000 EBX:00000A10 ECX:00007FEA EDX:00000000 ESI:00000206 EDI:0000211E EBP:00007BD8 ESP:00007BC2 DS:F600 ES:1688 FS:0000 GS:0000 SS:3E00 CF:0 ZF:0 SF:1 OF:0 AF:0 PF:0 IF:1
165E:000001BA  inc  bx                                                EAX:00000000 EBX:00000A11 ECX:00007FEA EDX:00000000 ESI:00000206 EDI:0000211E EBP:00007BD8 ESP:00007BC2 DS:F600 ES:1688 FS:0000 GS:0000 SS:3E00 CF:0 ZF:0 SF:0 OF:0 AF:0 PF:1 IF:1
165E:000001BB  cmp  bx,0B19                                           EAX:00000000 EBX:00000A12 ECX:00007FEA EDX:00000000 ESI:00000206 EDI:0000211E EBP:00007BD8 ESP:00007BC2 DS:F600 ES:1688 FS:0000 GS:0000 SS:3E00 CF:0 ZF:0 SF:0 OF:0 AF:0 PF:1 IF:1
165E:000001BF  jc   000001B5 ($-c)             (up)                   EAX:00000000 EBX:00000A12 ECX:00007FEA EDX:00000000 ESI:00000206 EDI:0000211E EBP:00007BD8 ESP:00007BC2 DS:F600 ES:1688 FS:0000 GS:0000 SS:3E00 CF:1 ZF:0 SF:1 OF:0 AF:1 PF:1 IF:1
165E:000001B5  lodsw                                                  EAX:00000000 EBX:00000A12 ECX:00007FEA EDX:00000000 ESI:00000206 EDI:0000211E EBP:00007BD8 ESP:00007BC2 DS:F600 ES:1688 FS:0000 GS:0000 SS:3E00 CF:1 ZF:0 SF:1 OF:0 AF:1 PF:1 IF:1
165E:000001B6  xor  es:[bx],ax                 es:[0A12]=07E8         EAX:00000000 EBX:00000A12 ECX:00007FEA EDX:00000000 ESI:00000208 EDI:0000211E EBP:00007BD8 ESP:00007BC2 DS:F600 ES:1688 FS:0000 GS:0000 SS:3E00 CF:1 ZF:0 SF:1 OF:0 AF:1 PF:1 IF:1
165E:000001B9  inc  bx                                                EAX:00000000 EBX:00000A12 ECX:00007FEA EDX:00000000 ESI:00000208 EDI:0000211E EBP:00007BD8 ESP:00007BC2 DS:F600 ES:1688 FS:0000 GS:0000 SS:3E00 CF:0 ZF:0 SF:0 OF:0 AF:0 PF:1 IF:1
165E:000001BA  inc  bx                                                EAX:00000000 EBX:00000A13 ECX:00007FEA EDX:00000000 ESI:00000208 EDI:0000211E EBP:00007BD8 ESP:00007BC2 DS:F600 ES:1688 FS:0000 GS:0000 SS:3E00 CF:0 ZF:0 SF:0 OF:0 AF:0 PF:0 IF:1
165E:000001BB  cmp  bx,0B19                                           EAX:00000000 EBX:00000A14 ECX:00007FEA EDX:00000000 ESI:00000208 EDI:0000211E EBP:00007BD8 ESP:00007BC2 DS:F600 ES:1688 FS:0000 GS:0000 SS:3E00 CF:0 ZF:0 SF:0 OF:0 AF:0 PF:1 IF:1
165E:000001BF  jc   000001B5 ($-c)             (up)                   EAX:00000000 EBX:00000A14 ECX:00007FEA EDX:00000000 ESI:00000208 EDI:0000211E EBP:00007BD8 ESP:00007BC2 DS:F600 ES:1688 FS:0000 GS:0000 SS:3E00 CF:1 ZF:0 SF:1 OF:0 AF:1 PF:0 IF:1
165E:000001B5  lodsw                                                  EAX:00000000 EBX:00000A14 ECX:00007FEA EDX:00000000 ESI:00000208 EDI:0000211E EBP:00007BD8 ESP:00007BC2 DS:F600 ES:1688 FS:0000 GS:0000 SS:3E00 CF:1 ZF:0 SF:1 OF:0 AF:1 PF:0 IF:1
165E:000001B6  xor  es:[bx],ax                 es:[0A14]=D33B         EAX:00000000 EBX:00000A14 ECX:00007FEA EDX:00000000 ESI:0000020A EDI:0000211E EBP:00007BD8 ESP:00007BC2 DS:F600 ES:1688 FS:0000 GS:0000 SS:3E00 CF:1 ZF:0 SF:1 OF:0 AF:1 PF:0 IF:1
165E:000001B9  inc  bx                                                EAX:00000000 EBX:00000A14 ECX:00007FEA EDX:00000000 ESI:0000020A EDI:0000211E EBP:00007BD8 ESP:00007BC2 DS:F600 ES:1688 FS:0000 GS:0000 SS:3E00 CF:0 ZF:0 SF:1 OF:0 AF:0 PF:0 IF:1
165E:000001BA  inc  bx                                                EAX:00000000 EBX:00000A15 ECX:00007FEA EDX:00000000 ESI:0000020A EDI:0000211E EBP:00007BD8 ESP:00007BC2 DS:F600 ES:1688 FS:0000 GS:0000 SS:3E00 CF:0 ZF:0 SF:0 OF:0 AF:0 PF:0 IF:1
165E:000001BB  cmp  bx,0B19                                           EAX:00000000 EBX:00000A16 ECX:00007FEA EDX:00000000 ESI:0000020A EDI:0000211E EBP:00007BD8 ESP:00007BC2 DS:F600 ES:1688 FS:0000 GS:0000 SS:3E00 CF:0 ZF:0 SF:0 OF:0 AF:0 PF:0 IF:1
165E:000001BF  jc   000001B5 ($-c)             (up)                   EAX:00000000 EBX:00000A16 ECX:00007FEA EDX:00000000 ESI:0000020A EDI:0000211E EBP:00007BD8 ESP:00007BC2 DS:F600 ES:1688 FS:0000 GS:0000 SS:3E00 CF:1 ZF:0 SF:1 OF:0 AF:1 PF:0 IF:1
165E:000001B5  lodsw                                                  EAX:00000000 EBX:00000A16 ECX:00007FEA EDX:00000000 ESI:0000020A EDI:0000211E EBP:00007BD8 ESP:00007BC2 DS:F600 ES:1688 FS:0000 GS:0000 SS:3E00 CF:1 ZF:0 SF:1 OF:0 AF:1 PF:0 IF:1
165E:000001B6  xor  es:[bx],ax                 es:[0A16]=0A11         EAX:00000000 EBX:00000A16 ECX:00007FEA EDX:00000000 ESI:0000020C EDI:0000211E EBP:00007BD8 ESP:00007BC2 DS:F600 ES:1688 FS:0000 GS:0000 SS:3E00 CF:1 ZF:0 SF:1 OF:0 AF:1 PF:0 IF:1
165E:000001B9  inc  bx                                                EAX:00000000 EBX:00000A16 ECX:00007FEA EDX:00000000 ESI:0000020C EDI:0000211E EBP:00007BD8 ESP:00007BC2 DS:F600 ES:1688 FS:0000 GS:0000 SS:3E00 CF:0 ZF:0 SF:0 OF:0 AF:0 PF:1 IF:1
165E:000001BA  inc  bx                                                EAX:00000000 EBX:00000A17 ECX:00007FEA EDX:00000000 ESI:0000020C EDI:0000211E EBP:00007BD8 ESP:00007BC2 DS:F600 ES:1688 FS:0000 GS:0000 SS:3E00 CF:0 ZF:0 SF:0 OF:0 AF:0 PF:1 IF:1
165E:000001BB  cmp  bx,0B19                                           EAX:00000000 EBX:00000A18 ECX:00007FEA EDX:00000000 ESI:0000020C EDI:0000211E EBP:00007BD8 ESP:00007BC2 DS:F600 ES:1688 FS:0000 GS:0000 SS:3E00 CF:0 ZF:0 SF:0 OF:0 AF:0 PF:1 IF:1
165E:000001BF  jc   000001B5 ($-c)             (up)                   EAX:00000000 EBX:00000A18 ECX:00007FEA EDX:00000000 ESI:0000020C EDI:0000211E EBP:00007BD8 ESP:00007BC2 DS:F600 ES:1688 FS:0000 GS:0000 SS:3E00 CF:1 ZF:0 SF:1 OF:0 AF:1 PF:1 IF:1
165E:000001B5  lodsw                                                  EAX:00000000 EBX:00000A18 ECX:00007FEA EDX:00000000 ESI:0000020C EDI:0000211E EBP:00007BD8 ESP:00007BC2 DS:F600 ES:1688 FS:0000 GS:0000 SS:3E00 CF:1 ZF:0 SF:1 OF:0 AF:1 PF:1 IF:1
165E:000001B6  xor  es:[bx],ax                 es:[0A18]=ABDA         EAX:00000000 EBX:00000A18 ECX:00007FEA EDX:00000000 ESI:0000020E EDI:0000211E EBP:00007BD8 ESP:00007BC2 DS:F600 ES:1688 FS:0000 GS:0000 SS:3E00 CF:1 ZF:0 SF:1 OF:0 AF:1 PF:1 IF:1
165E:000001B9  inc  bx                                                EAX:00000000 EBX:00000A18 ECX:00007FEA EDX:00000000 ESI:0000020E EDI:0000211E EBP:00007BD8 ESP:00007BC2 DS:F600 ES:1688 FS:0000 GS:0000 SS:3E00 CF:0 ZF:0 SF:1 OF:0 AF:0 PF:0 IF:1
165E:000001BA  inc  bx                                                EAX:00000000 EBX:00000A19 ECX:00007FEA EDX:00000000 ESI:0000020E EDI:0000211E EBP:00007BD8 ESP:00007BC2 DS:F600 ES:1688 FS:0000 GS:0000 SS:3E00 CF:0 ZF:0 SF:0 OF:0 AF:0 PF:0 IF:1
165E:000001BB  cmp  bx,0B19                                           EAX:00000000 EBX:00000A1A ECX:00007FEA EDX:00000000 ESI:0000020E EDI:0000211E EBP:00007BD8 ESP:00007BC2 DS:F600 ES:1688 FS:0000 GS:0000 SS:3E00 CF:0 ZF:0 SF:0 OF:0 AF:0 PF:0 IF:1
165E:000001BF  jc   000001B5 ($-c)             (up)                   EAX:00000000 EBX:00000A1A ECX:00007FEA EDX:00000000 ESI:0000020E EDI:0000211E EBP:00007BD8 ESP:00007BC2 DS:F600 ES:1688 FS:0000 GS:0000 SS:3E00 CF:1 ZF:0 SF:1 OF:0 AF:0 PF:0 IF:1
165E:000001B5  lodsw                                                  EAX:00000000 EBX:00000A1A ECX:00007FEA EDX:00000000 ESI:0000020E EDI:0000211E EBP:00007BD8 ESP:00007BC2 DS:F600 ES:1688 FS:0000 GS:0000 SS:3E00 CF:1 ZF:0 SF:1 OF:0 AF:0 PF:0 IF:1
165E:000001B6  xor  es:[bx],ax                 es:[0A1A]=8815         EAX:00000000 EBX:00000A1A ECX:00007FEA EDX:00000000 ESI:00000210 EDI:0000211E EBP:00007BD8 ESP:00007BC2 DS:F600 ES:1688 FS:0000 GS:0000 SS:3E00 CF:1 ZF:0 SF:1 OF:0 AF:0 PF:0 IF:1
165E:000001B9  inc  bx                                                EAX:00000000 EBX:00000A1A ECX:00007FEA EDX:00000000 ESI:00000210 EDI:0000211E EBP:00007BD8 ESP:00007BC2 DS:F600 ES:1688 FS:0000 GS:0000 SS:3E00 CF:0 ZF:0 SF:1 OF:0 AF:0 PF:0 IF:1
165E:000001BA  inc  bx                                                EAX:00000000 EBX:00000A1B ECX:00007FEA EDX:00000000 ESI:00000210 EDI:0000211E EBP:00007BD8 ESP:00007BC2 DS:F600 ES:1688 FS:0000 GS:0000 SS:3E00 CF:0 ZF:0 SF:0 OF:0 AF:0 PF:1 IF:1
165E:000001BB  cmp  bx,0B19                                           EAX:00000000 EBX:00000A1C ECX:00007FEA EDX:00000000 ESI:00000210 EDI:0000211E EBP:00007BD8 ESP:00007BC2 DS:F600 ES:1688 FS:0000 GS:0000 SS:3E00 CF:0 ZF:0 SF:0 OF:0 AF:0 PF:0 IF:1
165E:000001BF  jc   000001B5 ($-c)             (up)                   EAX:00000000 EBX:00000A1C ECX:00007FEA EDX:00000000 ESI:00000210 EDI:0000211E EBP:00007BD8 ESP:00007BC2 DS:F600 ES:1688 FS:0000 GS:0000 SS:3E00 CF:1 ZF:0 SF:1 OF:0 AF:0 PF:1 IF:1
165E:000001B5  lodsw                                                  EAX:00000000 EBX:00000A1C ECX:00007FEA EDX:00000000 ESI:00000210 EDI:0000211E EBP:00007BD8 ESP:00007BC2 DS:F600 ES:1688 FS:0000 GS:0000 SS:3E00 CF:1 ZF:0 SF:1 OF:0 AF:0 PF:1 IF:1
165E:000001B6  xor  es:[bx],ax                 es:[0A1C]=0A15         EAX:00000000 EBX:00000A1C ECX:00007FEA EDX:00000000 ESI:00000212 EDI:0000211E EBP:00007BD8 ESP:00007BC2 DS:F600 ES:1688 FS:0000 GS:0000 SS:3E00 CF:1 ZF:0 SF:1 OF:0 AF:0 PF:1 IF:1
165E:000001B9  inc  bx                                                EAX:00000000 EBX:00000A1C ECX:00007FEA EDX:00000000 ESI:00000212 EDI:0000211E EBP:00007BD8 ESP:00007BC2 DS:F600 ES:1688 FS:0000 GS:0000 SS:3E00 CF:0 ZF:0 SF:0 OF:0 AF:0 PF:0 IF:1
165E:000001BA  inc  bx                                                EAX:00000000 EBX:00000A1D ECX:00007FEA EDX:00000000 ESI:00000212 EDI:0000211E EBP:00007BD8 ESP:00007BC2 DS:F600 ES:1688 FS:0000 GS:0000 SS:3E00 CF:0 ZF:0 SF:0 OF:0 AF:0 PF:1 IF:1
165E:000001BB  cmp  bx,0B19                                           EAX:00000000 EBX:00000A1E ECX:00007FEA EDX:00000000 ESI:00000212 EDI:0000211E EBP:00007BD8 ESP:00007BC2 DS:F600 ES:1688 FS:0000 GS:0000 SS:3E00 CF:0 ZF:0 SF:0 OF:0 AF:0 PF:1 IF:1
165E:000001BF  jc   000001B5 ($-c)             (up)                   EAX:00000000 EBX:00000A1E ECX:00007FEA EDX:00000000 ESI:00000212 EDI:0000211E EBP:00007BD8 ESP:00007BC2 DS:F600 ES:1688 FS:0000 GS:0000 SS:3E00 CF:1 ZF:0 SF:1 OF:0 AF:0 PF:1 IF:1
165E:000001B5  lodsw                                                  EAX:00000000 EBX:00000A1E ECX:00007FEA EDX:00000000 ESI:00000212 EDI:0000211E EBP:00007BD8 ESP:00007BC2 DS:F600 ES:1688 FS:0000 GS:0000 SS:3E00 CF:1 ZF:0 SF:1 OF:0 AF:0 PF:1 IF:1
165E:000001B6  xor  es:[bx],ax                 es:[0A1E]=89F5         EAX:00000000 EBX:00000A1E ECX:00007FEA EDX:00000000 ESI:00000214 EDI:0000211E EBP:00007BD8 ESP:00007BC2 DS:F600 ES:1688 FS:0000 GS:0000 SS:3E00 CF:1 ZF:0 SF:1 OF:0 AF:0 PF:1 IF:1
165E:000001B9  inc  bx                                                EAX:00000000 EBX:00000A1E ECX:00007FEA EDX:00000000 ESI:00000214 EDI:0000211E EBP:00007BD8 ESP:00007BC2 DS:F600 ES:1688 FS:0000 GS:0000 SS:3E00 CF:0 ZF:0 SF:1 OF:0 AF:0 PF:1 IF:1
165E:000001BA  inc  bx                                                EAX:00000000 EBX:00000A1F ECX:00007FEA EDX:00000000 ESI:00000214 EDI:0000211E EBP:00007BD8 ESP:00007BC2 DS:F600 ES:1688 FS:0000 GS:0000 SS:3E00 CF:0 ZF:0 SF:0 OF:0 AF:0 PF:0 IF:1
165E:000001BB  cmp  bx,0B19                                           EAX:00000000 EBX:00000A20 ECX:00007FEA EDX:00000000 ESI:00000214 EDI:0000211E EBP:00007BD8 ESP:00007BC2 DS:F600 ES:1688 FS:0000 GS:0000 SS:3E00 CF:0 ZF:0 SF:0 OF:0 AF:1 PF:0 IF:1
165E:000001BF  jc   000001B5 ($-c)             (up)                   EAX:00000000 EBX:00000A20 ECX:00007FEA EDX:00000000 ESI:00000214 EDI:0000211E EBP:00007BD8 ESP:00007BC2 DS:F600 ES:1688 FS:0000 GS:0000 SS:3E00 CF:1 ZF:0 SF:1 OF:0 AF:1 PF:0 IF:1
165E:000001B5  lodsw                                                  EAX:00000000 EBX:00000A20 ECX:00007FEA EDX:00000000 ESI:00000214 EDI:0000211E EBP:00007BD8 ESP:00007BC2 DS:F600 ES:1688 FS:0000 GS:0000 SS:3E00 CF:1 ZF:0 SF:1 OF:0 AF:1 PF:0 IF:1
165E:000001B6  xor  es:[bx],ax                 es:[0A20]=C033         EAX:00000000 EBX:00000A20 ECX:00007FEA EDX:00000000 ESI:00000216 EDI:0000211E EBP:00007BD8 ESP:00007BC2 DS:F600 ES:1688 FS:0000 GS:0000 SS:3E00 CF:1 ZF:0 SF:1 OF:0 AF:1 PF:0 IF:1
165E:000001B9  inc  bx                                                EAX:00000000 EBX:00000A20 ECX:00007FEA EDX:00000000 ESI:00000216 EDI:0000211E EBP:00007BD8 ESP:00007BC2 DS:F600 ES:1688 FS:0000 GS:0000 SS:3E00 CF:0 ZF:0 SF:1 OF:0 AF:0 PF:1 IF:1
165E:000001BA  inc  bx                                                EAX:00000000 EBX:00000A21 ECX:00007FEA EDX:00000000 ESI:00000216 EDI:0000211E EBP:00007BD8 ESP:00007BC2 DS:F600 ES:1688 FS:0000 GS:0000 SS:3E00 CF:0 ZF:0 SF:0 OF:0 AF:0 PF:1 IF:1
165E:000001BB  cmp  bx,0B19                                           EAX:00000000 EBX:00000A22 ECX:00007FEA EDX:00000000 ESI:00000216 EDI:0000211E EBP:00007BD8 ESP:00007BC2 DS:F600 ES:1688 FS:0000 GS:0000 SS:3E00 CF:0 ZF:0 SF:0 OF:0 AF:0 PF:1 IF:1
165E:000001BF  jc   000001B5 ($-c)             (up)                   EAX:00000000 EBX:00000A22 ECX:00007FEA EDX:00000000 ESI:00000216 EDI:0000211E EBP:00007BD8 ESP:00007BC2 DS:F600 ES:1688 FS:0000 GS:0000 SS:3E00 CF:1 ZF:0 SF:1 OF:0 AF:1 PF:1 IF:1
165E:000001B5  lodsw                                                  EAX:00000000 EBX:00000A22 ECX:00007FEA EDX:00000000 ESI:00000216 EDI:0000211E EBP:00007BD8 ESP:00007BC2 DS:F600 ES:1688 FS:0000 GS:0000 SS:3E00 CF:1 ZF:0 SF:1 OF:0 AF:1 PF:1 IF:1
165E:000001B6  xor  es:[bx],ax                 es:[0A22]=01CE         EAX:00000000 EBX:00000A22 ECX:00007FEA EDX:00000000 ESI:00000218 EDI:0000211E EBP:00007BD8 ESP:00007BC2 DS:F600 ES:1688 FS:0000 GS:0000 SS:3E00 CF:1 ZF:0 SF:1 OF:0 AF:1 PF:1 IF:1
165E:000001B9  inc  bx                                                EAX:00000000 EBX:00000A22 ECX:00007FEA EDX:00000000 ESI:00000218 EDI:0000211E EBP:00007BD8 ESP:00007BC2 DS:F600 ES:1688 FS:0000 GS:0000 SS:3E00 CF:0 ZF:0 SF:0 OF:0 AF:0 PF:0 IF:1
165E:000001BA  inc  bx                                                EAX:00000000 EBX:00000A23 ECX:00007FEA EDX:00000000 ESI:00000218 EDI:0000211E EBP:00007BD8 ESP:00007BC2 DS:F600 ES:1688 FS:0000 GS:0000 SS:3E00 CF:0 ZF:0 SF:0 OF:0 AF:0 PF:0 IF:1
165E:000001BB  cmp  bx,0B19                                           EAX:00000000 EBX:00000A24 ECX:00007FEA EDX:00000000 ESI:00000218 EDI:0000211E EBP:00007BD8 ESP:00007BC2 DS:F600 ES:1688 FS:0000 GS:0000 SS:3E00 CF:0 ZF:0 SF:0 OF:0 AF:0 PF:1 IF:1
165E:000001BF  jc   000001B5 ($-c)             (up)                   EAX:00000000 EBX:00000A24 ECX:00007FEA EDX:00000000 ESI:00000218 EDI:0000211E EBP:00007BD8 ESP:00007BC2 DS:F600 ES:1688 FS:0000 GS:0000 SS:3E00 CF:1 ZF:0 SF:1 OF:0 AF:1 PF:0 IF:1
165E:000001B5  lodsw                                                  EAX:00000000 EBX:00000A24 ECX:00007FEA EDX:00000000 ESI:00000218 EDI:0000211E EBP:00007BD8 ESP:00007BC2 DS:F600 ES:1688 FS:0000 GS:0000 SS:3E00 CF:1 ZF:0 SF:1 OF:0 AF:1 PF:0 IF:1
165E:000001B6  xor  es:[bx],ax                 es:[0A24]=C842         EAX:00000000 EBX:00000A24 ECX:00007FEA EDX:00000000 ESI:0000021A EDI:0000211E EBP:00007BD8 ESP:00007BC2 DS:F600 ES:1688 FS:0000 GS:0000 SS:3E00 CF:1 ZF:0 SF:1 OF:0 AF:1 PF:0 IF:1
165E:000001B9  inc  bx                                                EAX:00000000 EBX:00000A24 ECX:00007FEA EDX:00000000 ESI:0000021A EDI:0000211E EBP:00007BD8 ESP:00007BC2 DS:F600 ES:1688 FS:0000 GS:0000 SS:3E00 CF:0 ZF:0 SF:1 OF:0 AF:0 PF:1 IF:1
165E:000001BA  inc  bx                                                EAX:00000000 EBX:00000A25 ECX:00007FEA EDX:00000000 ESI:0000021A EDI:0000211E EBP:00007BD8 ESP:00007BC2 DS:F600 ES:1688 FS:0000 GS:0000 SS:3E00 CF:0 ZF:0 SF:0 OF:0 AF:0 PF:0 IF:1
165E:000001BB  cmp  bx,0B19                                           EAX:00000000 EBX:00000A26 ECX:00007FEA EDX:00000000 ESI:0000021A EDI:0000211E EBP:00007BD8 ESP:00007BC2 DS:F600 ES:1688 FS:0000 GS:0000 SS:3E00 CF:0 ZF:0 SF:0 OF:0 AF:0 PF:0 IF:1
165E:000001BF  jc   000001B5 ($-c)             (up)                   EAX:00000000 EBX:00000A26 ECX:00007FEA EDX:00000000 ESI:0000021A EDI:0000211E EBP:00007BD8 ESP:00007BC2 DS:F600 ES:1688 FS:0000 GS:0000 SS:3E00 CF:1 ZF:0 SF:1 OF:0 AF:1 PF:0 IF:1
165E:000001B5  lodsw                                                  EAX:00000000 EBX:00000A26 ECX:00007FEA EDX:00000000 ESI:0000021A EDI:0000211E EBP:00007BD8 ESP:00007BC2 DS:F600 ES:1688 FS:0000 GS:0000 SS:3E00 CF:1 ZF:0 SF:1 OF:0 AF:1 PF:0 IF:1
165E:000001B6  xor  es:[bx],ax                 es:[0A26]=0FC8         EAX:00000000 EBX:00000A26 ECX:00007FEA EDX:00000000 ESI:0000021C EDI:0000211E EBP:00007BD8 ESP:00007BC2 DS:F600 ES:1688 FS:0000 GS:0000 SS:3E00 CF:1 ZF:0 SF:1 OF:0 AF:1 PF:0 IF:1
165E:000001B9  inc  bx                                                EAX:00000000 EBX:00000A26 ECX:00007FEA EDX:00000000 ESI:0000021C EDI:0000211E EBP:00007BD8 ESP:00007BC2 DS:F600 ES:1688 FS:0000 GS:0000 SS:3E00 CF:0 ZF:0 SF:0 OF:0 AF:0 PF:0 IF:1
165E:000001BA  inc  bx                                                EAX:00000000 EBX:00000A27 ECX:00007FEA EDX:00000000 ESI:0000021C EDI:0000211E EBP:00007BD8 ESP:00007BC2 DS:F600 ES:1688 FS:0000 GS:0000 SS:3E00 CF:0 ZF:0 SF:0 OF:0 AF:0 PF:1 IF:1
165E:000001BB  cmp  bx,0B19                                           EAX:00000000 EBX:00000A28 ECX:00007FEA EDX:00000000 ESI:0000021C EDI:0000211E EBP:00007BD8 ESP:00007BC2 DS:F600 ES:1688 FS:0000 GS:0000 SS:3E00 CF:0 ZF:0 SF:0 OF:0 AF:0 PF:1 IF:1
165E:000001BF  jc   000001B5 ($-c)             (up)                   EAX:00000000 EBX:00000A28 ECX:00007FEA EDX:00000000 ESI:0000021C EDI:0000211E EBP:00007BD8 ESP:00007BC2 DS:F600 ES:1688 FS:0000 GS:0000 SS:3E00 CF:1 ZF:0 SF:1 OF:0 AF:1 PF:1 IF:1
165E:000001B5  lodsw                                                  EAX:00000000 EBX:00000A28 ECX:00007FEA EDX:00000000 ESI:0000021C EDI:0000211E EBP:00007BD8 ESP:00007BC2 DS:F600 ES:1688 FS:0000 GS:0000 SS:3E00 CF:1 ZF:0 SF:1 OF:0 AF:1 PF:1 IF:1
165E:000001B6  xor  es:[bx],ax                 es:[0A28]=D3B6         EAX:00000000 EBX:00000A28 ECX:00007FEA EDX:00000000 ESI:0000021E EDI:0000211E EBP:00007BD8 ESP:00007BC2 DS:F600 ES:1688 FS:0000 GS:0000 SS:3E00 CF:1 ZF:0 SF:1 OF:0 AF:1 PF:1 IF:1
165E:000001B9  inc  bx                                                EAX:00000000 EBX:00000A28 ECX:00007FEA EDX:00000000 ESI:0000021E EDI:0000211E EBP:00007BD8 ESP:00007BC2 DS:F600 ES:1688 FS:0000 GS:0000 SS:3E00 CF:0 ZF:0 SF:1 OF:0 AF:0 PF:0 IF:1
165E:000001BA  inc  bx                                                EAX:00000000 EBX:00000A29 ECX:00007FEA EDX:00000000 ESI:0000021E EDI:0000211E EBP:00007BD8 ESP:00007BC2 DS:F600 ES:1688 FS:0000 GS:0000 SS:3E00 CF:0 ZF:0 SF:0 OF:0 AF:0 PF:0 IF:1
165E:000001BB  cmp  bx,0B19                                           EAX:00000000 EBX:00000A2A ECX:00007FEA EDX:00000000 ESI:0000021E EDI:0000211E EBP:00007BD8 ESP:00007BC2 DS:F600 ES:1688 FS:0000 GS:0000 SS:3E00 CF:0 ZF:0 SF:0 OF:0 AF:0 PF:0 IF:1
165E:000001BF  jc   000001B5 ($-c)             (up)                   EAX:00000000 EBX:00000A2A ECX:00007FEA EDX:00000000 ESI:0000021E EDI:0000211E EBP:00007BD8 ESP:00007BC2 DS:F600 ES:1688 FS:0000 GS:0000 SS:3E00 CF:1 ZF:0 SF:1 OF:0 AF:0 PF:1 IF:1
165E:000001B5  lodsw                                                  EAX:00000000 EBX:00000A2A ECX:00007FEA EDX:00000000 ESI:0000021E EDI:0000211E EBP:00007BD8 ESP:00007BC2 DS:F600 ES:1688 FS:0000 GS:0000 SS:3E00 CF:1 ZF:0 SF:1 OF:0 AF:0 PF:1 IF:1
165E:000001B6  xor  es:[bx],ax                 es:[0A2A]=3399         EAX:00000000 EBX:00000A2A ECX:00007FEA EDX:00000000 ESI:00000220 EDI:0000211E EBP:00007BD8 ESP:00007BC2 DS:F600 ES:1688 FS:0000 GS:0000 SS:3E00 CF:1 ZF:0 SF:1 OF:0 AF:0 PF:1 IF:1
165E:000001B9  inc  bx                                                EAX:00000000 EBX:00000A2A ECX:00007FEA EDX:00000000 ESI:00000220 EDI:0000211E EBP:00007BD8 ESP:00007BC2 DS:F600 ES:1688 FS:0000 GS:0000 SS:3E00 CF:0 ZF:0 SF:0 OF:0 AF:0 PF:1 IF:1
165E:000001BA  inc  bx                                                EAX:00000000 EBX:00000A2B ECX:00007FEA EDX:00000000 ESI:00000220 EDI:0000211E EBP:00007BD8 ESP:00007BC2 DS:F600 ES:1688 FS:0000 GS:0000 SS:3E00 CF:0 ZF:0 SF:0 OF:0 AF:0 PF:1 IF:1
165E:000001BB  cmp  bx,0B19                                           EAX:00000000 EBX:00000A2C ECX:00007FEA EDX:00000000 ESI:00000220 EDI:0000211E EBP:00007BD8 ESP:00007BC2 DS:F600 ES:1688 FS:0000 GS:0000 SS:3E00 CF:0 ZF:0 SF:0 OF:0 AF:0 PF:0 IF:1
165E:000001BF  jc   000001B5 ($-c)             (up)                   EAX:00000000 EBX:00000A2C ECX:00007FEA EDX:00000000 ESI:00000220 EDI:0000211E EBP:00007BD8 ESP:00007BC2 DS:F600 ES:1688 FS:0000 GS:0000 SS:3E00 CF:1 ZF:0 SF:1 OF:0 AF:0 PF:0 IF:1
165E:000001B5  lodsw                                                  EAX:00000000 EBX:00000A2C ECX:00007FEA EDX:00000000 ESI:00000220 EDI:0000211E EBP:00007BD8 ESP:00007BC2 DS:F600 ES:1688 FS:0000 GS:0000 SS:3E00 CF:1 ZF:0 SF:1 OF:0 AF:0 PF:0 IF:1
165E:000001B6  xor  es:[bx],ax                 es:[0A2C]=DB11         EAX:00000000 EBX:00000A2C ECX:00007FEA EDX:00000000 ESI:00000222 EDI:0000211E EBP:00007BD8 ESP:00007BC2 DS:F600 ES:1688 FS:0000 GS:0000 SS:3E00 CF:1 ZF:0 SF:1 OF:0 AF:0 PF:0 IF:1
165E:000001B9  inc  bx                                                EAX:00000000 EBX:00000A2C ECX:00007FEA EDX:00000000 ESI:00000222 EDI:0000211E EBP:00007BD8 ESP:00007BC2 DS:F600 ES:1688 FS:0000 GS:0000 SS:3E00 CF:0 ZF:0 SF:1 OF:0 AF:0 PF:1 IF:1
165E:000001BA  inc  bx                                                EAX:00000000 EBX:00000A2D ECX:00007FEA EDX:00000000 ESI:00000222 EDI:0000211E EBP:00007BD8 ESP:00007BC2 DS:F600 ES:1688 FS:0000 GS:0000 SS:3E00 CF:0 ZF:0 SF:0 OF:0 AF:0 PF:1 IF:1
165E:000001BB  cmp  bx,0B19                                           EAX:00000000 EBX:00000A2E ECX:00007FEA EDX:00000000 ESI:00000222 EDI:0000211E EBP:00007BD8 ESP:00007BC2 DS:F600 ES:1688 FS:0000 GS:0000 SS:3E00 CF:0 ZF:0 SF:0 OF:0 AF:0 PF:1 IF:1
165E:000001BF  jc   000001B5 ($-c)             (up)                   EAX:00000000 EBX:00000A2E ECX:00007FEA EDX:00000000 ESI:00000222 EDI:0000211E EBP:00007BD8 ESP:00007BC2 DS:F600 ES:1688 FS:0000 GS:0000 SS:3E00 CF:1 ZF:0 SF:1 OF:0 AF:0 PF:0 IF:1
165E:000001B5  lodsw                                                  EAX:00000000 EBX:00000A2E ECX:00007FEA EDX:00000000 ESI:00000222 EDI:0000211E EBP:00007BD8 ESP:00007BC2 DS:F600 ES:1688 FS:0000 GS:0000 SS:3E00 CF:1 ZF:0 SF:1 OF:0 AF:0 PF:0 IF:1
165E:000001B6  xor  es:[bx],ax                 es:[0A2E]=B006         EAX:00000000 EBX:00000A2E ECX:00007FEA EDX:00000000 ESI:00000224 EDI:0000211E EBP:00007BD8 ESP:00007BC2 DS:F600 ES:1688 FS:0000 GS:0000 SS:3E00 CF:1 ZF:0 SF:1 OF:0 AF:0 PF:0 IF:1
165E:000001B9  inc  bx                                                EAX:00000000 EBX:00000A2E ECX:00007FEA EDX:00000000 ESI:00000224 EDI:0000211E EBP:00007BD8 ESP:00007BC2 DS:F600 ES:1688 FS:0000 GS:0000 SS:3E00 CF:0 ZF:0 SF:1 OF:0 AF:0 PF:1 IF:1
165E:000001BA  inc  bx                                                EAX:00000000 EBX:00000A2F ECX:00007FEA EDX:00000000 ESI:00000224 EDI:0000211E EBP:00007BD8 ESP:00007BC2 DS:F600 ES:1688 FS:0000 GS:0000 SS:3E00 CF:0 ZF:0 SF:0 OF:0 AF:0 PF:0 IF:1
165E:000001BB  cmp  bx,0B19                                           EAX:00000000 EBX:00000A30 ECX:00007FEA EDX:00000000 ESI:00000224 EDI:0000211E EBP:00007BD8 ESP:00007BC2 DS:F600 ES:1688 FS:0000 GS:0000 SS:3E00 CF:0 ZF:0 SF:0 OF:0 AF:1 PF:1 IF:1
165E:000001BF  jc   000001B5 ($-c)             (up)                   EAX:00000000 EBX:00000A30 ECX:00007FEA EDX:00000000 ESI:00000224 EDI:0000211E EBP:00007BD8 ESP:00007BC2 DS:F600 ES:1688 FS:0000 GS:0000 SS:3E00 CF:1 ZF:0 SF:1 OF:0 AF:1 PF:1 IF:1
165E:000001B5  lodsw                                                  EAX:00000000 EBX:00000A30 ECX:00007FEA EDX:00000000 ESI:00000224 EDI:0000211E EBP:00007BD8 ESP:00007BC2 DS:F600 ES:1688 FS:0000 GS:0000 SS:3E00 CF:1 ZF:0 SF:1 OF:0 AF:1 PF:1 IF:1
165E:000001B6  xor  es:[bx],ax                 es:[0A30]=7405         EAX:00000000 EBX:00000A30 ECX:00007FEA EDX:00000000 ESI:00000226 EDI:0000211E EBP:00007BD8 ESP:00007BC2 DS:F600 ES:1688 FS:0000 GS:0000 SS:3E00 CF:1 ZF:0 SF:1 OF:0 AF:1 PF:1 IF:1
165E:000001B9  inc  bx                                                EAX:00000000 EBX:00000A30 ECX:00007FEA EDX:00000000 ESI:00000226 EDI:0000211E EBP:00007BD8 ESP:00007BC2 DS:F600 ES:1688 FS:0000 GS:0000 SS:3E00 CF:0 ZF:0 SF:0 OF:0 AF:0 PF:1 IF:1
165E:000001BA  inc  bx                                                EAX:00000000 EBX:00000A31 ECX:00007FEA EDX:00000000 ESI:00000226 EDI:0000211E EBP:00007BD8 ESP:00007BC2 DS:F600 ES:1688 FS:0000 GS:0000 SS:3E00 CF:0 ZF:0 SF:0 OF:0 AF:0 PF:0 IF:1
165E:000001BB  cmp  bx,0B19                                           EAX:00000000 EBX:00000A32 ECX:00007FEA EDX:00000000 ESI:00000226 EDI:0000211E EBP:00007BD8 ESP:00007BC2 DS:F600 ES:1688 FS:0000 GS:0000 SS:3E00 CF:0 ZF:0 SF:0 OF:0 AF:0 PF:0 IF:1
165E:000001BF  jc   000001B5 ($-c)             (up)                   EAX:00000000 EBX:00000A32 ECX:00007FEA EDX:00000000 ESI:00000226 EDI:0000211E EBP:00007BD8 ESP:00007BC2 DS:F600 ES:1688 FS:0000 GS:0000 SS:3E00 CF:1 ZF:0 SF:1 OF:0 AF:1 PF:0 IF:1
165E:000001B5  lodsw                                                  EAX:00000000 EBX:00000A32 ECX:00007FEA EDX:00000000 ESI:00000226 EDI:0000211E EBP:00007BD8 ESP:00007BC2 DS:F600 ES:1688 FS:0000 GS:0000 SS:3E00 CF:1 ZF:0 SF:1 OF:0 AF:1 PF:0 IF:1
165E:000001B6  xor  es:[bx],ax                 es:[0A32]=76C7         EAX:00000000 EBX:00000A32 ECX:00007FEA EDX:00000000 ESI:00000228 EDI:0000211E EBP:00007BD8 ESP:00007BC2 DS:F600 ES:1688 FS:0000 GS:0000 SS:3E00 CF:1 ZF:0 SF:1 OF:0 AF:1 PF:0 IF:1
165E:000001B9  inc  bx                                                EAX:00000000 EBX:00000A32 ECX:00007FEA EDX:00000000 ESI:00000228 EDI:0000211E EBP:00007BD8 ESP:00007BC2 DS:F600 ES:1688 FS:0000 GS:0000 SS:3E00 CF:0 ZF:0 SF:0 OF:0 AF:0 PF:0 IF:1
165E:000001BA  inc  bx                                                EAX:00000000 EBX:00000A33 ECX:00007FEA EDX:00000000 ESI:00000228 EDI:0000211E EBP:00007BD8 ESP:00007BC2 DS:F600 ES:1688 FS:0000 GS:0000 SS:3E00 CF:0 ZF:0 SF:0 OF:0 AF:0 PF:1 IF:1
165E:000001BB  cmp  bx,0B19                                           EAX:00000000 EBX:00000A34 ECX:00007FEA EDX:00000000 ESI:00000228 EDI:0000211E EBP:00007BD8 ESP:00007BC2 DS:F600 ES:1688 FS:0000 GS:0000 SS:3E00 CF:0 ZF:0 SF:0 OF:0 AF:0 PF:0 IF:1
165E:000001BF  jc   000001B5 ($-c)             (up)                   EAX:00000000 EBX:00000A34 ECX:00007FEA EDX:00000000 ESI:00000228 EDI:0000211E EBP:00007BD8 ESP:00007BC2 DS:F600 ES:1688 FS:0000 GS:0000 SS:3E00 CF:1 ZF:0 SF:1 OF:0 AF:1 PF:1 IF:1
165E:000001B5  lodsw                                                  EAX:00000000 EBX:00000A34 ECX:00007FEA EDX:00000000 ESI:00000228 EDI:0000211E EBP:00007BD8 ESP:00007BC2 DS:F600 ES:1688 FS:0000 GS:0000 SS:3E00 CF:1 ZF:0 SF:1 OF:0 AF:1 PF:1 IF:1
165E:000001B6  xor  es:[bx],ax                 es:[0A34]=D1DA         EAX:00000000 EBX:00000A34 ECX:00007FEA EDX:00000000 ESI:0000022A EDI:0000211E EBP:00007BD8 ESP:00007BC2 DS:F600 ES:1688 FS:0000 GS:0000 SS:3E00 CF:1 ZF:0 SF:1 OF:0 AF:1 PF:1 IF:1
165E:000001B9  inc  bx                                                EAX:00000000 EBX:00000A34 ECX:00007FEA EDX:00000000 ESI:0000022A EDI:0000211E EBP:00007BD8 ESP:00007BC2 DS:F600 ES:1688 FS:0000 GS:0000 SS:3E00 CF:0 ZF:0 SF:1 OF:0 AF:0 PF:0 IF:1
165E:000001BA  inc  bx                                                EAX:00000000 EBX:00000A35 ECX:00007FEA EDX:00000000 ESI:0000022A EDI:0000211E EBP:00007BD8 ESP:00007BC2 DS:F600 ES:1688 FS:0000 GS:0000 SS:3E00 CF:0 ZF:0 SF:0 OF:0 AF:0 PF:1 IF:1
165E:000001BB  cmp  bx,0B19                                           EAX:00000000 EBX:00000A36 ECX:00007FEA EDX:00000000 ESI:0000022A EDI:0000211E EBP:00007BD8 ESP:00007BC2 DS:F600 ES:1688 FS:0000 GS:0000 SS:3E00 CF:0 ZF:0 SF:0 OF:0 AF:0 PF:1 IF:1
165E:000001BF  jc   000001B5 ($-c)             (up)                   EAX:00000000 EBX:00000A36 ECX:00007FEA EDX:00000000 ESI:0000022A EDI:0000211E EBP:00007BD8 ESP:00007BC2 DS:F600 ES:1688 FS:0000 GS:0000 SS:3E00 CF:1 ZF:0 SF:1 OF:0 AF:1 PF:1 IF:1
165E:000001B5  lodsw                                                  EAX:00000000 EBX:00000A36 ECX:00007FEA EDX:00000000 ESI:0000022A EDI:0000211E EBP:00007BD8 ESP:00007BC2 DS:F600 ES:1688 FS:0000 GS:0000 SS:3E00 CF:1 ZF:0 SF:1 OF:0 AF:1 PF:1 IF:1
165E:000001B6  xor  es:[bx],ax                 es:[0A36]=1517         EAX:00000000 EBX:00000A36 ECX:00007FEA EDX:00000000 ESI:0000022C EDI:0000211E EBP:00007BD8 ESP:00007BC2 DS:F600 ES:1688 FS:0000 GS:0000 SS:3E00 CF:1 ZF:0 SF:1 OF:0 AF:1 PF:1 IF:1
165E:000001B9  inc  bx                                                EAX:00000000 EBX:00000A36 ECX:00007FEA EDX:00000000 ESI:0000022C EDI:0000211E EBP:00007BD8 ESP:00007BC2 DS:F600 ES:1688 FS:0000 GS:0000 SS:3E00 CF:0 ZF:0 SF:0 OF:0 AF:0 PF:1 IF:1
165E:000001BA  inc  bx                                                EAX:00000000 EBX:00000A37 ECX:00007FEA EDX:00000000 ESI:0000022C EDI:0000211E EBP:00007BD8 ESP:00007BC2 DS:F600 ES:1688 FS:0000 GS:0000 SS:3E00 CF:0 ZF:0 SF:0 OF:0 AF:0 PF:0 IF:1
165E:000001BB  cmp  bx,0B19                                           EAX:00000000 EBX:00000A38 ECX:00007FEA EDX:00000000 ESI:0000022C EDI:0000211E EBP:00007BD8 ESP:00007BC2 DS:F600 ES:1688 FS:0000 GS:0000 SS:3E00 CF:0 ZF:0 SF:0 OF:0 AF:0 PF:0 IF:1
165E:000001BF  jc   000001B5 ($-c)             (up)                   EAX:00000000 EBX:00000A38 ECX:00007FEA EDX:00000000 ESI:0000022C EDI:0000211E EBP:00007BD8 ESP:00007BC2 DS:F600 ES:1688 FS:0000 GS:0000 SS:3E00 CF:1 ZF:0 SF:1 OF:0 AF:1 PF:0 IF:1
165E:000001B5  lodsw                                                  EAX:00000000 EBX:00000A38 ECX:00007FEA EDX:00000000 ESI:0000022C EDI:0000211E EBP:00007BD8 ESP:00007BC2 DS:F600 ES:1688 FS:0000 GS:0000 SS:3E00 CF:1 ZF:0 SF:1 OF:0 AF:1 PF:0 IF:1
165E:000001B6  xor  es:[bx],ax                 es:[0A38]=504D         EAX:00000000 EBX:00000A38 ECX:00007FEA EDX:00000000 ESI:0000022E EDI:0000211E EBP:00007BD8 ESP:00007BC2 DS:F600 ES:1688 FS:0000 GS:0000 SS:3E00 CF:1 ZF:0 SF:1 OF:0 AF:1 PF:0 IF:1
165E:000001B9  inc  bx                                                EAX:00000000 EBX:00000A38 ECX:00007FEA EDX:00000000 ESI:0000022E EDI:0000211E EBP:00007BD8 ESP:00007BC2 DS:F600 ES:1688 FS:0000 GS:0000 SS:3E00 CF:0 ZF:0 SF:0 OF:0 AF:0 PF:1 IF:1
165E:000001BA  inc  bx                                                EAX:00000000 EBX:00000A39 ECX:00007FEA EDX:00000000 ESI:0000022E EDI:0000211E EBP:00007BD8 ESP:00007BC2 DS:F600 ES:1688 FS:0000 GS:0000 SS:3E00 CF:0 ZF:0 SF:0 OF:0 AF:0 PF:1 IF:1
165E:000001BB  cmp  bx,0B19                                           EAX:00000000 EBX:00000A3A ECX:00007FEA EDX:00000000 ESI:0000022E EDI:0000211E EBP:00007BD8 ESP:00007BC2 DS:F600 ES:1688 FS:0000 GS:0000 SS:3E00 CF:0 ZF:0 SF:0 OF:0 AF:0 PF:1 IF:1
165E:000001BF  jc   000001B5 ($-c)             (up)                   EAX:00000000 EBX:00000A3A ECX:00007FEA EDX:00000000 ESI:0000022E EDI:0000211E EBP:00007BD8 ESP:00007BC2 DS:F600 ES:1688 FS:0000 GS:0000 SS:3E00 CF:1 ZF:0 SF:1 OF:0 AF:0 PF:1 IF:1
165E:000001B5  lodsw                                                  EAX:00000000 EBX:00000A3A ECX:00007FEA EDX:00000000 ESI:0000022E EDI:0000211E EBP:00007BD8 ESP:00007BC2 DS:F600 ES:1688 FS:0000 GS:0000 SS:3E00 CF:1 ZF:0 SF:1 OF:0 AF:0 PF:1 IF:1
165E:000001B6  xor  es:[bx],ax                 es:[0A3A]=47D8         EAX:00000000 EBX:00000A3A ECX:00007FEA EDX:00000000 ESI:00000230 EDI:0000211E EBP:00007BD8 ESP:00007BC2 DS:F600 ES:1688 FS:0000 GS:0000 SS:3E00 CF:1 ZF:0 SF:1 OF:0 AF:0 PF:1 IF:1
165E:000001B9  inc  bx                                                EAX:00000000 EBX:00000A3A ECX:00007FEA EDX:00000000 ESI:00000230 EDI:0000211E EBP:00007BD8 ESP:00007BC2 DS:F600 ES:1688 FS:0000 GS:0000 SS:3E00 CF:0 ZF:0 SF:0 OF:0 AF:0 PF:1 IF:1
165E:000001BA  inc  bx                                                EAX:00000000 EBX:00000A3B ECX:00007FEA EDX:00000000 ESI:00000230 EDI:0000211E EBP:00007BD8 ESP:00007BC2 DS:F600 ES:1688 FS:0000 GS:0000 SS:3E00 CF:0 ZF:0 SF:0 OF:0 AF:0 PF:0 IF:1
165E:000001BB  cmp  bx,0B19                                           EAX:00000000 EBX:00000A3C ECX:00007FEA EDX:00000000 ESI:00000230 EDI:0000211E EBP:00007BD8 ESP:00007BC2 DS:F600 ES:1688 FS:0000 GS:0000 SS:3E00 CF:0 ZF:0 SF:0 OF:0 AF:0 PF:1 IF:1
165E:000001BF  jc   000001B5 ($-c)             (up)                   EAX:00000000 EBX:00000A3C ECX:00007FEA EDX:00000000 ESI:00000230 EDI:0000211E EBP:00007BD8 ESP:00007BC2 DS:F600 ES:1688 FS:0000 GS:0000 SS:3E00 CF:1 ZF:0 SF:1 OF:0 AF:0 PF:0 IF:1
165E:000001B5  lodsw                                                  EAX:00000000 EBX:00000A3C ECX:00007FEA EDX:00000000 ESI:00000230 EDI:0000211E EBP:00007BD8 ESP:00007BC2 DS:F600 ES:1688 FS:0000 GS:0000 SS:3E00 CF:1 ZF:0 SF:1 OF:0 AF:0 PF:0 IF:1
165E:000001B6  xor  es:[bx],ax                 es:[0A3C]=7C36         EAX:00000000 EBX:00000A3C ECX:00007FEA EDX:00000000 ESI:00000232 EDI:0000211E EBP:00007BD8 ESP:00007BC2 DS:F600 ES:1688 FS:0000 GS:0000 SS:3E00 CF:1 ZF:0 SF:1 OF:0 AF:0 PF:0 IF:1
165E:000001B9  inc  bx                                                EAX:00000000 EBX:00000A3C ECX:00007FEA EDX:00000000 ESI:00000232 EDI:0000211E EBP:00007BD8 ESP:00007BC2 DS:F600 ES:1688 FS:0000 GS:0000 SS:3E00 CF:0 ZF:0 SF:0 OF:0 AF:0 PF:1 IF:1
165E:000001BA  inc  bx                                                EAX:00000000 EBX:00000A3D ECX:00007FEA EDX:00000000 ESI:00000232 EDI:0000211E EBP:00007BD8 ESP:00007BC2 DS:F600 ES:1688 FS:0000 GS:0000 SS:3E00 CF:0 ZF:0 SF:0 OF:0 AF:0 PF:0 IF:1
165E:000001BB  cmp  bx,0B19                                           EAX:00000000 EBX:00000A3E ECX:00007FEA EDX:00000000 ESI:00000232 EDI:0000211E EBP:00007BD8 ESP:00007BC2 DS:F600 ES:1688 FS:0000 GS:0000 SS:3E00 CF:0 ZF:0 SF:0 OF:0 AF:0 PF:0 IF:1
165E:000001BF  jc   000001B5 ($-c)             (up)                   EAX:00000000 EBX:00000A3E ECX:00007FEA EDX:00000000 ESI:00000232 EDI:0000211E EBP:00007BD8 ESP:00007BC2 DS:F600 ES:1688 FS:0000 GS:0000 SS:3E00 CF:1 ZF:0 SF:1 OF:0 AF:0 PF:0 IF:1
165E:000001B5  lodsw                                                  EAX:00000000 EBX:00000A3E ECX:00007FEA EDX:00000000 ESI:00000232 EDI:0000211E EBP:00007BD8 ESP:00007BC2 DS:F600 ES:1688 FS:0000 GS:0000 SS:3E00 CF:1 ZF:0 SF:1 OF:0 AF:0 PF:0 IF:1
165E:000001B6  xor  es:[bx],ax                 es:[0A3E]=1716         EAX:00000000 EBX:00000A3E ECX:00007FEA EDX:00000000 ESI:00000234 EDI:0000211E EBP:00007BD8 ESP:00007BC2 DS:F600 ES:1688 FS:0000 GS:0000 SS:3E00 CF:1 ZF:0 SF:1 OF:0 AF:0 PF:0 IF:1
165E:000001B9  inc  bx                                                EAX:00000000 EBX:00000A3E ECX:00007FEA EDX:00000000 ESI:00000234 EDI:0000211E EBP:00007BD8 ESP:00007BC2 DS:F600 ES:1688 FS:0000 GS:0000 SS:3E00 CF:0 ZF:0 SF:0 OF:0 AF:0 PF:0 IF:1
165E:000001BA  inc  bx                                                EAX:00000000 EBX:00000A3F ECX:00007FEA EDX:00000000 ESI:00000234 EDI:0000211E EBP:00007BD8 ESP:00007BC2 DS:F600 ES:1688 FS:0000 GS:0000 SS:3E00 CF:0 ZF:0 SF:0 OF:0 AF:0 PF:1 IF:1
165E:000001BB  cmp  bx,0B19                                           EAX:00000000 EBX:00000A40 ECX:00007FEA EDX:00000000 ESI:00000234 EDI:0000211E EBP:00007BD8 ESP:00007BC2 DS:F600 ES:1688 FS:0000 GS:0000 SS:3E00 CF:0 ZF:0 SF:0 OF:0 AF:1 PF:0 IF:1
165E:000001BF  jc   000001B5 ($-c)             (up)                   EAX:00000000 EBX:00000A40 ECX:00007FEA EDX:00000000 ESI:00000234 EDI:0000211E EBP:00007BD8 ESP:00007BC2 DS:F600 ES:1688 FS:0000 GS:0000 SS:3E00 CF:1 ZF:0 SF:1 OF:0 AF:1 PF:1 IF:1
165E:000001B5  lodsw                                                  EAX:00000000 EBX:00000A40 ECX:00007FEA EDX:00000000 ESI:00000234 EDI:0000211E EBP:00007BD8 ESP:00007BC2 DS:F600 ES:1688 FS:0000 GS:0000 SS:3E00 CF:1 ZF:0 SF:1 OF:0 AF:1 PF:1 IF:1
165E:000001B6  xor  es:[bx],ax                 es:[0A40]=E89E         EAX:00000000 EBX:00000A40 ECX:00007FEA EDX:00000000 ESI:00000236 EDI:0000211E EBP:00007BD8 ESP:00007BC2 DS:F600 ES:1688 FS:0000 GS:0000 SS:3E00 CF:1 ZF:0 SF:1 OF:0 AF:1 PF:1 IF:1
165E:000001B9  inc  bx                                                EAX:00000000 EBX:00000A40 ECX:00007FEA EDX:00000000 ESI:00000236 EDI:0000211E EBP:00007BD8 ESP:00007BC2 DS:F600 ES:1688 FS:0000 GS:0000 SS:3E00 CF:0 ZF:0 SF:1 OF:0 AF:0 PF:0 IF:1
165E:000001BA  inc  bx                                                EAX:00000000 EBX:00000A41 ECX:00007FEA EDX:00000000 ESI:00000236 EDI:0000211E EBP:00007BD8 ESP:00007BC2 DS:F600 ES:1688 FS:0000 GS:0000 SS:3E00 CF:0 ZF:0 SF:0 OF:0 AF:0 PF:1 IF:1
165E:000001BB  cmp  bx,0B19                                           EAX:00000000 EBX:00000A42 ECX:00007FEA EDX:00000000 ESI:00000236 EDI:0000211E EBP:00007BD8 ESP:00007BC2 DS:F600 ES:1688 FS:0000 GS:0000 SS:3E00 CF:0 ZF:0 SF:0 OF:0 AF:0 PF:1 IF:1
165E:000001BF  jc   000001B5 ($-c)             (up)                   EAX:00000000 EBX:00000A42 ECX:00007FEA EDX:00000000 ESI:00000236 EDI:0000211E EBP:00007BD8 ESP:00007BC2 DS:F600 ES:1688 FS:0000 GS:0000 SS:3E00 CF:1 ZF:0 SF:1 OF:0 AF:1 PF:0 IF:1
165E:000001B5  lodsw                                                  EAX:00000000 EBX:00000A42 ECX:00007FEA EDX:00000000 ESI:00000236 EDI:0000211E EBP:00007BD8 ESP:00007BC2 DS:F600 ES:1688 FS:0000 GS:0000 SS:3E00 CF:1 ZF:0 SF:1 OF:0 AF:1 PF:0 IF:1
165E:000001B6  xor  es:[bx],ax                 es:[0A42]=118C         EAX:00000000 EBX:00000A42 ECX:00007FEA EDX:00000000 ESI:00000238 EDI:0000211E EBP:00007BD8 ESP:00007BC2 DS:F600 ES:1688 FS:0000 GS:0000 SS:3E00 CF:1 ZF:0 SF:1 OF:0 AF:1 PF:0 IF:1
165E:000001B9  inc  bx                                                EAX:00000000 EBX:00000A42 ECX:00007FEA EDX:00000000 ESI:00000238 EDI:0000211E EBP:00007BD8 ESP:00007BC2 DS:F600 ES:1688 FS:0000 GS:0000 SS:3E00 CF:0 ZF:0 SF:0 OF:0 AF:0 PF:0 IF:1
165E:000001BA  inc  bx                                                EAX:00000000 EBX:00000A43 ECX:00007FEA EDX:00000000 ESI:00000238 EDI:0000211E EBP:00007BD8 ESP:00007BC2 DS:F600 ES:1688 FS:0000 GS:0000 SS:3E00 CF:0 ZF:0 SF:0 OF:0 AF:0 PF:0 IF:1
165E:000001BB  cmp  bx,0B19                                           EAX:00000000 EBX:00000A44 ECX:00007FEA EDX:00000000 ESI:00000238 EDI:0000211E EBP:00007BD8 ESP:00007BC2 DS:F600 ES:1688 FS:0000 GS:0000 SS:3E00 CF:0 ZF:0 SF:0 OF:0 AF:0 PF:1 IF:1
165E:000001BF  jc   000001B5 ($-c)             (up)                   EAX:00000000 EBX:00000A44 ECX:00007FEA EDX:00000000 ESI:00000238 EDI:0000211E EBP:00007BD8 ESP:00007BC2 DS:F600 ES:1688 FS:0000 GS:0000 SS:3E00 CF:1 ZF:0 SF:1 OF:0 AF:1 PF:1 IF:1
165E:000001B5  lodsw                                                  EAX:00000000 EBX:00000A44 ECX:00007FEA EDX:00000000 ESI:00000238 EDI:0000211E EBP:00007BD8 ESP:00007BC2 DS:F600 ES:1688 FS:0000 GS:0000 SS:3E00 CF:1 ZF:0 SF:1 OF:0 AF:1 PF:1 IF:1
165E:000001B6  xor  es:[bx],ax                 es:[0A44]=ED97         EAX:00000000 EBX:00000A44 ECX:00007FEA EDX:00000000 ESI:0000023A EDI:0000211E EBP:00007BD8 ESP:00007BC2 DS:F600 ES:1688 FS:0000 GS:0000 SS:3E00 CF:1 ZF:0 SF:1 OF:0 AF:1 PF:1 IF:1
165E:000001B9  inc  bx                                                EAX:00000000 EBX:00000A44 ECX:00007FEA EDX:00000000 ESI:0000023A EDI:0000211E EBP:00007BD8 ESP:00007BC2 DS:F600 ES:1688 FS:0000 GS:0000 SS:3E00 CF:0 ZF:0 SF:1 OF:0 AF:0 PF:0 IF:1
165E:000001BA  inc  bx                                                EAX:00000000 EBX:00000A45 ECX:00007FEA EDX:00000000 ESI:0000023A EDI:0000211E EBP:00007BD8 ESP:00007BC2 DS:F600 ES:1688 FS:0000 GS:0000 SS:3E00 CF:0 ZF:0 SF:0 OF:0 AF:0 PF:0 IF:1
165E:000001BB  cmp  bx,0B19                                           EAX:00000000 EBX:00000A46 ECX:00007FEA EDX:00000000 ESI:0000023A EDI:0000211E EBP:00007BD8 ESP:00007BC2 DS:F600 ES:1688 FS:0000 GS:0000 SS:3E00 CF:0 ZF:0 SF:0 OF:0 AF:0 PF:0 IF:1
165E:000001BF  jc   000001B5 ($-c)             (up)                   EAX:00000000 EBX:00000A46 ECX:00007FEA EDX:00000000 ESI:0000023A EDI:0000211E EBP:00007BD8 ESP:00007BC2 DS:F600 ES:1688 FS:0000 GS:0000 SS:3E00 CF:1 ZF:0 SF:1 OF:0 AF:1 PF:1 IF:1
165E:000001B5  lodsw                                                  EAX:00000000 EBX:00000A46 ECX:00007FEA EDX:00000000 ESI:0000023A EDI:0000211E EBP:00007BD8 ESP:00007BC2 DS:F600 ES:1688 FS:0000 GS:0000 SS:3E00 CF:1 ZF:0 SF:1 OF:0 AF:1 PF:1 IF:1
165E:000001B6  xor  es:[bx],ax                 es:[0A46]=041B         EAX:00000000 EBX:00000A46 ECX:00007FEA EDX:00000000 ESI:0000023C EDI:0000211E EBP:00007BD8 ESP:00007BC2 DS:F600 ES:1688 FS:0000 GS:0000 SS:3E00 CF:1 ZF:0 SF:1 OF:0 AF:1 PF:1 IF:1
165E:000001B9  inc  bx                                                EAX:00000000 EBX:00000A46 ECX:00007FEA EDX:00000000 ESI:0000023C EDI:0000211E EBP:00007BD8 ESP:00007BC2 DS:F600 ES:1688 FS:0000 GS:0000 SS:3E00 CF:0 ZF:0 SF:0 OF:0 AF:0 PF:1 IF:1
165E:000001BA  inc  bx                                                EAX:00000000 EBX:00000A47 ECX:00007FEA EDX:00000000 ESI:0000023C EDI:0000211E EBP:00007BD8 ESP:00007BC2 DS:F600 ES:1688 FS:0000 GS:0000 SS:3E00 CF:0 ZF:0 SF:0 OF:0 AF:0 PF:1 IF:1
165E:000001BB  cmp  bx,0B19                                           EAX:00000000 EBX:00000A48 ECX:00007FEA EDX:00000000 ESI:0000023C EDI:0000211E EBP:00007BD8 ESP:00007BC2 DS:F600 ES:1688 FS:0000 GS:0000 SS:3E00 CF:0 ZF:0 SF:0 OF:0 AF:0 PF:1 IF:1
165E:000001BF  jc   000001B5 ($-c)             (up)                   EAX:00000000 EBX:00000A48 ECX:00007FEA EDX:00000000 ESI:0000023C EDI:0000211E EBP:00007BD8 ESP:00007BC2 DS:F600 ES:1688 FS:0000 GS:0000 SS:3E00 CF:1 ZF:0 SF:1 OF:0 AF:1 PF:0 IF:1
165E:000001B5  lodsw                                                  EAX:00000000 EBX:00000A48 ECX:00007FEA EDX:00000000 ESI:0000023C EDI:0000211E EBP:00007BD8 ESP:00007BC2 DS:F600 ES:1688 FS:0000 GS:0000 SS:3E00 CF:1 ZF:0 SF:1 OF:0 AF:1 PF:0 IF:1
165E:000001B6  xor  es:[bx],ax                 es:[0A48]=0046         EAX:00000000 EBX:00000A48 ECX:00007FEA EDX:00000000 ESI:0000023E EDI:0000211E EBP:00007BD8 ESP:00007BC2 DS:F600 ES:1688 FS:0000 GS:0000 SS:3E00 CF:1 ZF:0 SF:1 OF:0 AF:1 PF:0 IF:1
165E:000001B9  inc  bx                                                EAX:00000000 EBX:00000A48 ECX:00007FEA EDX:00000000 ESI:0000023E EDI:0000211E EBP:00007BD8 ESP:00007BC2 DS:F600 ES:1688 FS:0000 GS:0000 SS:3E00 CF:0 ZF:0 SF:0 OF:0 AF:0 PF:0 IF:1
165E:000001BA  inc  bx                                                EAX:00000000 EBX:00000A49 ECX:00007FEA EDX:00000000 ESI:0000023E EDI:0000211E EBP:00007BD8 ESP:00007BC2 DS:F600 ES:1688 FS:0000 GS:0000 SS:3E00 CF:0 ZF:0 SF:0 OF:0 AF:0 PF:0 IF:1
165E:000001BB  cmp  bx,0B19                                           EAX:00000000 EBX:00000A4A ECX:00007FEA EDX:00000000 ESI:0000023E EDI:0000211E EBP:00007BD8 ESP:00007BC2 DS:F600 ES:1688 FS:0000 GS:0000 SS:3E00 CF:0 ZF:0 SF:0 OF:0 AF:0 PF:0 IF:1
165E:000001BF  jc   000001B5 ($-c)             (up)                   EAX:00000000 EBX:00000A4A ECX:00007FEA EDX:00000000 ESI:0000023E EDI:0000211E EBP:00007BD8 ESP:00007BC2 DS:F600 ES:1688 FS:0000 GS:0000 SS:3E00 CF:1 ZF:0 SF:1 OF:0 AF:0 PF:0 IF:1
165E:000001B5  lodsw                                                  EAX:00000000 EBX:00000A4A ECX:00007FEA EDX:00000000 ESI:0000023E EDI:0000211E EBP:00007BD8 ESP:00007BC2 DS:F600 ES:1688 FS:0000 GS:0000 SS:3E00 CF:1 ZF:0 SF:1 OF:0 AF:0 PF:0 IF:1
165E:000001B6  xor  es:[bx],ax                 es:[0A4A]=1C7C         EAX:00000000 EBX:00000A4A ECX:00007FEA EDX:00000000 ESI:00000240 EDI:0000211E EBP:00007BD8 ESP:00007BC2 DS:F600 ES:1688 FS:0000 GS:0000 SS:3E00 CF:1 ZF:0 SF:1 OF:0 AF:0 PF:0 IF:1
165E:000001B9  inc  bx                                                EAX:00000000 EBX:00000A4A ECX:00007FEA EDX:00000000 ESI:00000240 EDI:0000211E EBP:00007BD8 ESP:00007BC2 DS:F600 ES:1688 FS:0000 GS:0000 SS:3E00 CF:0 ZF:0 SF:0 OF:0 AF:0 PF:0 IF:1
165E:000001BA  inc  bx                                                EAX:00000000 EBX:00000A4B ECX:00007FEA EDX:00000000 ESI:00000240 EDI:0000211E EBP:00007BD8 ESP:00007BC2 DS:F600 ES:1688 FS:0000 GS:0000 SS:3E00 CF:0 ZF:0 SF:0 OF:0 AF:0 PF:1 IF:1
165E:000001BB  cmp  bx,0B19                                           EAX:00000000 EBX:00000A4C ECX:00007FEA EDX:00000000 ESI:00000240 EDI:0000211E EBP:00007BD8 ESP:00007BC2 DS:F600 ES:1688 FS:0000 GS:0000 SS:3E00 CF:0 ZF:0 SF:0 OF:0 AF:0 PF:0 IF:1
165E:000001BF  jc   000001B5 ($-c)             (up)                   EAX:00000000 EBX:00000A4C ECX:00007FEA EDX:00000000 ESI:00000240 EDI:0000211E EBP:00007BD8 ESP:00007BC2 DS:F600 ES:1688 FS:0000 GS:0000 SS:3E00 CF:1 ZF:0 SF:1 OF:0 AF:0 PF:1 IF:1
165E:000001B5  lodsw                                                  EAX:00000000 EBX:00000A4C ECX:00007FEA EDX:00000000 ESI:00000240 EDI:0000211E EBP:00007BD8 ESP:00007BC2 DS:F600 ES:1688 FS:0000 GS:0000 SS:3E00 CF:1 ZF:0 SF:1 OF:0 AF:0 PF:1 IF:1
165E:000001B6  xor  es:[bx],ax                 es:[0A4C]=BC81         EAX:00000000 EBX:00000A4C ECX:00007FEA EDX:00000000 ESI:00000242 EDI:0000211E EBP:00007BD8 ESP:00007BC2 DS:F600 ES:1688 FS:0000 GS:0000 SS:3E00 CF:1 ZF:0 SF:1 OF:0 AF:0 PF:1 IF:1
165E:000001B9  inc  bx                                                EAX:00000000 EBX:00000A4C ECX:00007FEA EDX:00000000 ESI:00000242 EDI:0000211E EBP:00007BD8 ESP:00007BC2 DS:F600 ES:1688 FS:0000 GS:0000 SS:3E00 CF:0 ZF:0 SF:1 OF:0 AF:0 PF:1 IF:1
165E:000001BA  inc  bx                                                EAX:00000000 EBX:00000A4D ECX:00007FEA EDX:00000000 ESI:00000242 EDI:0000211E EBP:00007BD8 ESP:00007BC2 DS:F600 ES:1688 FS:0000 GS:0000 SS:3E00 CF:0 ZF:0 SF:0 OF:0 AF:0 PF:1 IF:1
165E:000001BB  cmp  bx,0B19                                           EAX:00000000 EBX:00000A4E ECX:00007FEA EDX:00000000 ESI:00000242 EDI:0000211E EBP:00007BD8 ESP:00007BC2 DS:F600 ES:1688 FS:0000 GS:0000 SS:3E00 CF:0 ZF:0 SF:0 OF:0 AF:0 PF:1 IF:1
165E:000001BF  jc   000001B5 ($-c)             (up)                   EAX:00000000 EBX:00000A4E ECX:00007FEA EDX:00000000 ESI:00000242 EDI:0000211E EBP:00007BD8 ESP:00007BC2 DS:F600 ES:1688 FS:0000 GS:0000 SS:3E00 CF:1 ZF:0 SF:1 OF:0 AF:0 PF:1 IF:1
165E:000001B5  lodsw                                                  EAX:00000000 EBX:00000A4E ECX:00007FEA EDX:00000000 ESI:00000242 EDI:0000211E EBP:00007BD8 ESP:00007BC2 DS:F600 ES:1688 FS:0000 GS:0000 SS:3E00 CF:1 ZF:0 SF:1 OF:0 AF:0 PF:1 IF:1
165E:000001B6  xor  es:[bx],ax                 es:[0A4E]=6D2B         EAX:00000000 EBX:00000A4E ECX:00007FEA EDX:00000000 ESI:00000244 EDI:0000211E EBP:00007BD8 ESP:00007BC2 DS:F600 ES:1688 FS:0000 GS:0000 SS:3E00 CF:1 ZF:0 SF:1 OF:0 AF:0 PF:1 IF:1
165E:000001B9  inc  bx                                                EAX:00000000 EBX:00000A4E ECX:00007FEA EDX:00000000 ESI:00000244 EDI:0000211E EBP:00007BD8 ESP:00007BC2 DS:F600 ES:1688 FS:0000 GS:0000 SS:3E00 CF:0 ZF:0 SF:0 OF:0 AF:0 PF:1 IF:1
165E:000001BA  inc  bx                                                EAX:00000000 EBX:00000A4F ECX:00007FEA EDX:00000000 ESI:00000244 EDI:0000211E EBP:00007BD8 ESP:00007BC2 DS:F600 ES:1688 FS:0000 GS:0000 SS:3E00 CF:0 ZF:0 SF:0 OF:0 AF:0 PF:0 IF:1
165E:000001BB  cmp  bx,0B19                                           EAX:00000000 EBX:00000A50 ECX:00007FEA EDX:00000000 ESI:00000244 EDI:0000211E EBP:00007BD8 ESP:00007BC2 DS:F600 ES:1688 FS:0000 GS:0000 SS:3E00 CF:0 ZF:0 SF:0 OF:0 AF:1 PF:1 IF:1
165E:000001BF  jc   000001B5 ($-c)             (up)                   EAX:00000000 EBX:00000A50 ECX:00007FEA EDX:00000000 ESI:00000244 EDI:0000211E EBP:00007BD8 ESP:00007BC2 DS:F600 ES:1688 FS:0000 GS:0000 SS:3E00 CF:1 ZF:0 SF:1 OF:0 AF:1 PF:0 IF:1
165E:000001B5  lodsw                                                  EAX:00000000 EBX:00000A50 ECX:00007FEA EDX:00000000 ESI:00000244 EDI:0000211E EBP:00007BD8 ESP:00007BC2 DS:F600 ES:1688 FS:0000 GS:0000 SS:3E00 CF:1 ZF:0 SF:1 OF:0 AF:1 PF:0 IF:1
165E:000001B6  xor  es:[bx],ax                 es:[0A50]=BA45         EAX:00000000 EBX:00000A50 ECX:00007FEA EDX:00000000 ESI:00000246 EDI:0000211E EBP:00007BD8 ESP:00007BC2 DS:F600 ES:1688 FS:0000 GS:0000 SS:3E00 CF:1 ZF:0 SF:1 OF:0 AF:1 PF:0 IF:1
165E:000001B9  inc  bx                                                EAX:00000000 EBX:00000A50 ECX:00007FEA EDX:00000000 ESI:00000246 EDI:0000211E EBP:00007BD8 ESP:00007BC2 DS:F600 ES:1688 FS:0000 GS:0000 SS:3E00 CF:0 ZF:0 SF:1 OF:0 AF:0 PF:0 IF:1
165E:000001BA  inc  bx                                                EAX:00000000 EBX:00000A51 ECX:00007FEA EDX:00000000 ESI:00000246 EDI:0000211E EBP:00007BD8 ESP:00007BC2 DS:F600 ES:1688 FS:0000 GS:0000 SS:3E00 CF:0 ZF:0 SF:0 OF:0 AF:0 PF:0 IF:1
165E:000001BB  cmp  bx,0B19                                           EAX:00000000 EBX:00000A52 ECX:00007FEA EDX:00000000 ESI:00000246 EDI:0000211E EBP:00007BD8 ESP:00007BC2 DS:F600 ES:1688 FS:0000 GS:0000 SS:3E00 CF:0 ZF:0 SF:0 OF:0 AF:0 PF:0 IF:1
165E:000001BF  jc   000001B5 ($-c)             (up)                   EAX:00000000 EBX:00000A52 ECX:00007FEA EDX:00000000 ESI:00000246 EDI:0000211E EBP:00007BD8 ESP:00007BC2 DS:F600 ES:1688 FS:0000 GS:0000 SS:3E00 CF:1 ZF:0 SF:1 OF:0 AF:1 PF:1 IF:1
165E:000001B5  lodsw                                                  EAX:00000000 EBX:00000A52 ECX:00007FEA EDX:00000000 ESI:00000246 EDI:0000211E EBP:00007BD8 ESP:00007BC2 DS:F600 ES:1688 FS:0000 GS:0000 SS:3E00 CF:1 ZF:0 SF:1 OF:0 AF:1 PF:1 IF:1
165E:000001B6  xor  es:[bx],ax                 es:[0A52]=CE56         EAX:00000000 EBX:00000A52 ECX:00007FEA EDX:00000000 ESI:00000248 EDI:0000211E EBP:00007BD8 ESP:00007BC2 DS:F600 ES:1688 FS:0000 GS:0000 SS:3E00 CF:1 ZF:0 SF:1 OF:0 AF:1 PF:1 IF:1
165E:000001B9  inc  bx                                                EAX:00000000 EBX:00000A52 ECX:00007FEA EDX:00000000 ESI:00000248 EDI:0000211E EBP:00007BD8 ESP:00007BC2 DS:F600 ES:1688 FS:0000 GS:0000 SS:3E00 CF:0 ZF:0 SF:1 OF:0 AF:0 PF:1 IF:1
165E:000001BA  inc  bx                                                EAX:00000000 EBX:00000A53 ECX:00007FEA EDX:00000000 ESI:00000248 EDI:0000211E EBP:00007BD8 ESP:00007BC2 DS:F600 ES:1688 FS:0000 GS:0000 SS:3E00 CF:0 ZF:0 SF:0 OF:0 AF:0 PF:1 IF:1
165E:000001BB  cmp  bx,0B19                                           EAX:00000000 EBX:00000A54 ECX:00007FEA EDX:00000000 ESI:00000248 EDI:0000211E EBP:00007BD8 ESP:00007BC2 DS:F600 ES:1688 FS:0000 GS:0000 SS:3E00 CF:0 ZF:0 SF:0 OF:0 AF:0 PF:0 IF:1
165E:000001BF  jc   000001B5 ($-c)             (up)                   EAX:00000000 EBX:00000A54 ECX:00007FEA EDX:00000000 ESI:00000248 EDI:0000211E EBP:00007BD8 ESP:00007BC2 DS:F600 ES:1688 FS:0000 GS:0000 SS:3E00 CF:1 ZF:0 SF:1 OF:0 AF:1 PF:0 IF:1
165E:000001B5  lodsw                                                  EAX:00000000 EBX:00000A54 ECX:00007FEA EDX:00000000 ESI:00000248 EDI:0000211E EBP:00007BD8 ESP:00007BC2 DS:F600 ES:1688 FS:0000 GS:0000 SS:3E00 CF:1 ZF:0 SF:1 OF:0 AF:1 PF:0 IF:1
165E:000001B6  xor  es:[bx],ax                 es:[0A54]=BC98         EAX:00000000 EBX:00000A54 ECX:00007FEA EDX:00000000 ESI:0000024A EDI:0000211E EBP:00007BD8 ESP:00007BC2 DS:F600 ES:1688 FS:0000 GS:0000 SS:3E00 CF:1 ZF:0 SF:1 OF:0 AF:1 PF:0 IF:1
165E:000001B9  inc  bx                                                EAX:00000000 EBX:00000A54 ECX:00007FEA EDX:00000000 ESI:0000024A EDI:0000211E EBP:00007BD8 ESP:00007BC2 DS:F600 ES:1688 FS:0000 GS:0000 SS:3E00 CF:0 ZF:0 SF:1 OF:0 AF:0 PF:0 IF:1
165E:000001BA  inc  bx                                                EAX:00000000 EBX:00000A55 ECX:00007FEA EDX:00000000 ESI:0000024A EDI:0000211E EBP:00007BD8 ESP:00007BC2 DS:F600 ES:1688 FS:0000 GS:0000 SS:3E00 CF:0 ZF:0 SF:0 OF:0 AF:0 PF:1 IF:1
165E:000001BB  cmp  bx,0B19                                           EAX:00000000 EBX:00000A56 ECX:00007FEA EDX:00000000 ESI:0000024A EDI:0000211E EBP:00007BD8 ESP:00007BC2 DS:F600 ES:1688 FS:0000 GS:0000 SS:3E00 CF:0 ZF:0 SF:0 OF:0 AF:0 PF:1 IF:1
165E:000001BF  jc   000001B5 ($-c)             (up)                   EAX:00000000 EBX:00000A56 ECX:00007FEA EDX:00000000 ESI:0000024A EDI:0000211E EBP:00007BD8 ESP:00007BC2 DS:F600 ES:1688 FS:0000 GS:0000 SS:3E00 CF:1 ZF:0 SF:1 OF:0 AF:1 PF:0 IF:1
165E:000001B5  lodsw                                                  EAX:00000000 EBX:00000A56 ECX:00007FEA EDX:00000000 ESI:0000024A EDI:0000211E EBP:00007BD8 ESP:00007BC2 DS:F600 ES:1688 FS:0000 GS:0000 SS:3E00 CF:1 ZF:0 SF:1 OF:0 AF:1 PF:0 IF:1
165E:000001B6  xor  es:[bx],ax                 es:[0A56]=01D6         EAX:00000000 EBX:00000A56 ECX:00007FEA EDX:00000000 ESI:0000024C EDI:0000211E EBP:00007BD8 ESP:00007BC2 DS:F600 ES:1688 FS:0000 GS:0000 SS:3E00 CF:1 ZF:0 SF:1 OF:0 AF:1 PF:0 IF:1
165E:000001B9  inc  bx                                                EAX:00000000 EBX:00000A56 ECX:00007FEA EDX:00000000 ESI:0000024C EDI:0000211E EBP:00007BD8 ESP:00007BC2 DS:F600 ES:1688 FS:0000 GS:0000 SS:3E00 CF:0 ZF:0 SF:0 OF:0 AF:0 PF:0 IF:1
165E:000001BA  inc  bx                                                EAX:00000000 EBX:00000A57 ECX:00007FEA EDX:00000000 ESI:0000024C EDI:0000211E EBP:00007BD8 ESP:00007BC2 DS:F600 ES:1688 FS:0000 GS:0000 SS:3E00 CF:0 ZF:0 SF:0 OF:0 AF:0 PF:0 IF:1
165E:000001BB  cmp  bx,0B19                                           EAX:00000000 EBX:00000A58 ECX:00007FEA EDX:00000000 ESI:0000024C EDI:0000211E EBP:00007BD8 ESP:00007BC2 DS:F600 ES:1688 FS:0000 GS:0000 SS:3E00 CF:0 ZF:0 SF:0 OF:0 AF:0 PF:0 IF:1
165E:000001BF  jc   000001B5 ($-c)             (up)                   EAX:00000000 EBX:00000A58 ECX:00007FEA EDX:00000000 ESI:0000024C EDI:0000211E EBP:00007BD8 ESP:00007BC2 DS:F600 ES:1688 FS:0000 GS:0000 SS:3E00 CF:1 ZF:0 SF:1 OF:0 AF:1 PF:1 IF:1
165E:000001B5  lodsw                                                  EAX:00000000 EBX:00000A58 ECX:00007FEA EDX:00000000 ESI:0000024C EDI:0000211E EBP:00007BD8 ESP:00007BC2 DS:F600 ES:1688 FS:0000 GS:0000 SS:3E00 CF:1 ZF:0 SF:1 OF:0 AF:1 PF:1 IF:1
165E:000001B6  xor  es:[bx],ax                 es:[0A58]=8AC4         EAX:00000000 EBX:00000A58 ECX:00007FEA EDX:00000000 ESI:0000024E EDI:0000211E EBP:00007BD8 ESP:00007BC2 DS:F600 ES:1688 FS:0000 GS:0000 SS:3E00 CF:1 ZF:0 SF:1 OF:0 AF:1 PF:1 IF:1
165E:000001B9  inc  bx                                                EAX:00000000 EBX:00000A58 ECX:00007FEA EDX:00000000 ESI:0000024E EDI:0000211E EBP:00007BD8 ESP:00007BC2 DS:F600 ES:1688 FS:0000 GS:0000 SS:3E00 CF:0 ZF:0 SF:1 OF:0 AF:0 PF:0 IF:1
165E:000001BA  inc  bx                                                EAX:00000000 EBX:00000A59 ECX:00007FEA EDX:00000000 ESI:0000024E EDI:0000211E EBP:00007BD8 ESP:00007BC2 DS:F600 ES:1688 FS:0000 GS:0000 SS:3E00 CF:0 ZF:0 SF:0 OF:0 AF:0 PF:1 IF:1
165E:000001BB  cmp  bx,0B19                                           EAX:00000000 EBX:00000A5A ECX:00007FEA EDX:00000000 ESI:0000024E EDI:0000211E EBP:00007BD8 ESP:00007BC2 DS:F600 ES:1688 FS:0000 GS:0000 SS:3E00 CF:0 ZF:0 SF:0 OF:0 AF:0 PF:1 IF:1
165E:000001BF  jc   000001B5 ($-c)             (up)                   EAX:00000000 EBX:00000A5A ECX:00007FEA EDX:00000000 ESI:0000024E EDI:0000211E EBP:00007BD8 ESP:00007BC2 DS:F600 ES:1688 FS:0000 GS:0000 SS:3E00 CF:1 ZF:0 SF:1 OF:0 AF:0 PF:1 IF:1
165E:000001B5  lodsw                                                  EAX:00000000 EBX:00000A5A ECX:00007FEA EDX:00000000 ESI:0000024E EDI:0000211E EBP:00007BD8 ESP:00007BC2 DS:F600 ES:1688 FS:0000 GS:0000 SS:3E00 CF:1 ZF:0 SF:1 OF:0 AF:0 PF:1 IF:1
165E:000001B6  xor  es:[bx],ax                 es:[0A5A]=E3D2         EAX:00000000 EBX:00000A5A ECX:00007FEA EDX:00000000 ESI:00000250 EDI:0000211E EBP:00007BD8 ESP:00007BC2 DS:F600 ES:1688 FS:0000 GS:0000 SS:3E00 CF:1 ZF:0 SF:1 OF:0 AF:0 PF:1 IF:1
165E:000001B9  inc  bx                                                EAX:00000000 EBX:00000A5A ECX:00007FEA EDX:00000000 ESI:00000250 EDI:0000211E EBP:00007BD8 ESP:00007BC2 DS:F600 ES:1688 FS:0000 GS:0000 SS:3E00 CF:0 ZF:0 SF:1 OF:0 AF:0 PF:1 IF:1
165E:000001BA  inc  bx                                                EAX:00000000 EBX:00000A5B ECX:00007FEA EDX:00000000 ESI:00000250 EDI:0000211E EBP:00007BD8 ESP:00007BC2 DS:F600 ES:1688 FS:0000 GS:0000 SS:3E00 CF:0 ZF:0 SF:0 OF:0 AF:0 PF:0 IF:1
165E:000001BB  cmp  bx,0B19                                           EAX:00000000 EBX:00000A5C ECX:00007FEA EDX:00000000 ESI:00000250 EDI:0000211E EBP:00007BD8 ESP:00007BC2 DS:F600 ES:1688 FS:0000 GS:0000 SS:3E00 CF:0 ZF:0 SF:0 OF:0 AF:0 PF:1 IF:1
165E:000001BF  jc   000001B5 ($-c)             (up)                   EAX:00000000 EBX:00000A5C ECX:00007FEA EDX:00000000 ESI:00000250 EDI:0000211E EBP:00007BD8 ESP:00007BC2 DS:F600 ES:1688 FS:0000 GS:0000 SS:3E00 CF:1 ZF:0 SF:1 OF:0 AF:0 PF:0 IF:1
165E:000001B5  lodsw                                                  EAX:00000000 EBX:00000A5C ECX:00007FEA EDX:00000000 ESI:00000250 EDI:0000211E EBP:00007BD8 ESP:00007BC2 DS:F600 ES:1688 FS:0000 GS:0000 SS:3E00 CF:1 ZF:0 SF:1 OF:0 AF:0 PF:0 IF:1
165E:000001B6  xor  es:[bx],ax                 es:[0A5C]=85A0         EAX:00000000 EBX:00000A5C ECX:00007FEA EDX:00000000 ESI:00000252 EDI:0000211E EBP:00007BD8 ESP:00007BC2 DS:F600 ES:1688 FS:0000 GS:0000 SS:3E00 CF:1 ZF:0 SF:1 OF:0 AF:0 PF:0 IF:1
165E:000001B9  inc  bx                                                EAX:00000000 EBX:00000A5C ECX:00007FEA EDX:00000000 ESI:00000252 EDI:0000211E EBP:00007BD8 ESP:00007BC2 DS:F600 ES:1688 FS:0000 GS:0000 SS:3E00 CF:0 ZF:0 SF:1 OF:0 AF:0 PF:1 IF:1
165E:000001BA  inc  bx                                                EAX:00000000 EBX:00000A5D ECX:00007FEA EDX:00000000 ESI:00000252 EDI:0000211E EBP:00007BD8 ESP:00007BC2 DS:F600 ES:1688 FS:0000 GS:0000 SS:3E00 CF:0 ZF:0 SF:0 OF:0 AF:0 PF:0 IF:1
165E:000001BB  cmp  bx,0B19                                           EAX:00000000 EBX:00000A5E ECX:00007FEA EDX:00000000 ESI:00000252 EDI:0000211E EBP:00007BD8 ESP:00007BC2 DS:F600 ES:1688 FS:0000 GS:0000 SS:3E00 CF:0 ZF:0 SF:0 OF:0 AF:0 PF:0 IF:1
165E:000001BF  jc   000001B5 ($-c)             (up)                   EAX:00000000 EBX:00000A5E ECX:00007FEA EDX:00000000 ESI:00000252 EDI:0000211E EBP:00007BD8 ESP:00007BC2 DS:F600 ES:1688 FS:0000 GS:0000 SS:3E00 CF:1 ZF:0 SF:1 OF:0 AF:0 PF:0 IF:1
165E:000001B5  lodsw                                                  EAX:00000000 EBX:00000A5E ECX:00007FEA EDX:00000000 ESI:00000252 EDI:0000211E EBP:00007BD8 ESP:00007BC2 DS:F600 ES:1688 FS:0000 GS:0000 SS:3E00 CF:1 ZF:0 SF:1 OF:0 AF:0 PF:0 IF:1
165E:000001B6  xor  es:[bx],ax                 es:[0A5E]=59A6         EAX:00000000 EBX:00000A5E ECX:00007FEA EDX:00000000 ESI:00000254 EDI:0000211E EBP:00007BD8 ESP:00007BC2 DS:F600 ES:1688 FS:0000 GS:0000 SS:3E00 CF:1 ZF:0 SF:1 OF:0 AF:0 PF:0 IF:1
165E:000001B9  inc  bx                                                EAX:00000000 EBX:00000A5E ECX:00007FEA EDX:00000000 ESI:00000254 EDI:0000211E EBP:00007BD8 ESP:00007BC2 DS:F600 ES:1688 FS:0000 GS:0000 SS:3E00 CF:0 ZF:0 SF:0 OF:0 AF:0 PF:1 IF:1
165E:000001BA  inc  bx                                                EAX:00000000 EBX:00000A5F ECX:00007FEA EDX:00000000 ESI:00000254 EDI:0000211E EBP:00007BD8 ESP:00007BC2 DS:F600 ES:1688 FS:0000 GS:0000 SS:3E00 CF:0 ZF:0 SF:0 OF:0 AF:0 PF:1 IF:1
165E:000001BB  cmp  bx,0B19                                           EAX:00000000 EBX:00000A60 ECX:00007FEA EDX:00000000 ESI:00000254 EDI:0000211E EBP:00007BD8 ESP:00007BC2 DS:F600 ES:1688 FS:0000 GS:0000 SS:3E00 CF:0 ZF:0 SF:0 OF:0 AF:1 PF:1 IF:1
165E:000001BF  jc   000001B5 ($-c)             (up)                   EAX:00000000 EBX:00000A60 ECX:00007FEA EDX:00000000 ESI:00000254 EDI:0000211E EBP:00007BD8 ESP:00007BC2 DS:F600 ES:1688 FS:0000 GS:0000 SS:3E00 CF:1 ZF:0 SF:1 OF:0 AF:1 PF:1 IF:1
165E:000001B5  lodsw                                                  EAX:00000000 EBX:00000A60 ECX:00007FEA EDX:00000000 ESI:00000254 EDI:0000211E EBP:00007BD8 ESP:00007BC2 DS:F600 ES:1688 FS:0000 GS:0000 SS:3E00 CF:1 ZF:0 SF:1 OF:0 AF:1 PF:1 IF:1
165E:000001B6  xor  es:[bx],ax                 es:[0A60]=BCBD         EAX:00000000 EBX:00000A60 ECX:00007FEA EDX:00000000 ESI:00000256 EDI:0000211E EBP:00007BD8 ESP:00007BC2 DS:F600 ES:1688 FS:0000 GS:0000 SS:3E00 CF:1 ZF:0 SF:1 OF:0 AF:1 PF:1 IF:1
165E:000001B9  inc  bx                                                EAX:00000000 EBX:00000A60 ECX:00007FEA EDX:00000000 ESI:00000256 EDI:0000211E EBP:00007BD8 ESP:00007BC2 DS:F600 ES:1688 FS:0000 GS:0000 SS:3E00 CF:0 ZF:0 SF:1 OF:0 AF:0 PF:1 IF:1
165E:000001BA  inc  bx                                                EAX:00000000 EBX:00000A61 ECX:00007FEA EDX:00000000 ESI:00000256 EDI:0000211E EBP:00007BD8 ESP:00007BC2 DS:F600 ES:1688 FS:0000 GS:0000 SS:3E00 CF:0 ZF:0 SF:0 OF:0 AF:0 PF:0 IF:1
165E:000001BB  cmp  bx,0B19                                           EAX:00000000 EBX:00000A62 ECX:00007FEA EDX:00000000 ESI:00000256 EDI:0000211E EBP:00007BD8 ESP:00007BC2 DS:F600 ES:1688 FS:0000 GS:0000 SS:3E00 CF:0 ZF:0 SF:0 OF:0 AF:0 PF:0 IF:1
165E:000001BF  jc   000001B5 ($-c)             (up)                   EAX:00000000 EBX:00000A62 ECX:00007FEA EDX:00000000 ESI:00000256 EDI:0000211E EBP:00007BD8 ESP:00007BC2 DS:F600 ES:1688 FS:0000 GS:0000 SS:3E00 CF:1 ZF:0 SF:1 OF:0 AF:1 PF:0 IF:1
165E:000001B5  lodsw                                                  EAX:00000000 EBX:00000A62 ECX:00007FEA EDX:00000000 ESI:00000256 EDI:0000211E EBP:00007BD8 ESP:00007BC2 DS:F600 ES:1688 FS:0000 GS:0000 SS:3E00 CF:1 ZF:0 SF:1 OF:0 AF:1 PF:0 IF:1
165E:000001B6  xor  es:[bx],ax                 es:[0A62]=5954         EAX:00000000 EBX:00000A62 ECX:00007FEA EDX:00000000 ESI:00000258 EDI:0000211E EBP:00007BD8 ESP:00007BC2 DS:F600 ES:1688 FS:0000 GS:0000 SS:3E00 CF:1 ZF:0 SF:1 OF:0 AF:1 PF:0 IF:1
165E:000001B9  inc  bx                                                EAX:00000000 EBX:00000A62 ECX:00007FEA EDX:00000000 ESI:00000258 EDI:0000211E EBP:00007BD8 ESP:00007BC2 DS:F600 ES:1688 FS:0000 GS:0000 SS:3E00 CF:0 ZF:0 SF:0 OF:0 AF:0 PF:0 IF:1
165E:000001BA  inc  bx                                                EAX:00000000 EBX:00000A63 ECX:00007FEA EDX:00000000 ESI:00000258 EDI:0000211E EBP:00007BD8 ESP:00007BC2 DS:F600 ES:1688 FS:0000 GS:0000 SS:3E00 CF:0 ZF:0 SF:0 OF:0 AF:0 PF:1 IF:1
165E:000001BB  cmp  bx,0B19                                           EAX:00000000 EBX:00000A64 ECX:00007FEA EDX:00000000 ESI:00000258 EDI:0000211E EBP:00007BD8 ESP:00007BC2 DS:F600 ES:1688 FS:0000 GS:0000 SS:3E00 CF:0 ZF:0 SF:0 OF:0 AF:0 PF:0 IF:1
165E:000001BF  jc   000001B5 ($-c)             (up)                   EAX:00000000 EBX:00000A64 ECX:00007FEA EDX:00000000 ESI:00000258 EDI:0000211E EBP:00007BD8 ESP:00007BC2 DS:F600 ES:1688 FS:0000 GS:0000 SS:3E00 CF:1 ZF:0 SF:1 OF:0 AF:1 PF:1 IF:1
165E:000001B5  lodsw                                                  EAX:00000000 EBX:00000A64 ECX:00007FEA EDX:00000000 ESI:00000258 EDI:0000211E EBP:00007BD8 ESP:00007BC2 DS:F600 ES:1688 FS:0000 GS:0000 SS:3E00 CF:1 ZF:0 SF:1 OF:0 AF:1 PF:1 IF:1
165E:000001B6  xor  es:[bx],ax                 es:[0A64]=4FC2         EAX:00000000 EBX:00000A64 ECX:00007FEA EDX:00000000 ESI:0000025A EDI:0000211E EBP:00007BD8 ESP:00007BC2 DS:F600 ES:1688 FS:0000 GS:0000 SS:3E00 CF:1 ZF:0 SF:1 OF:0 AF:1 PF:1 IF:1
165E:000001B9  inc  bx                                                EAX:00000000 EBX:00000A64 ECX:00007FEA EDX:00000000 ESI:0000025A EDI:0000211E EBP:00007BD8 ESP:00007BC2 DS:F600 ES:1688 FS:0000 GS:0000 SS:3E00 CF:0 ZF:0 SF:0 OF:0 AF:0 PF:0 IF:1
165E:000001BA  inc  bx                                                EAX:00000000 EBX:00000A65 ECX:00007FEA EDX:00000000 ESI:0000025A EDI:0000211E EBP:00007BD8 ESP:00007BC2 DS:F600 ES:1688 FS:0000 GS:0000 SS:3E00 CF:0 ZF:0 SF:0 OF:0 AF:0 PF:1 IF:1
165E:000001BB  cmp  bx,0B19                                           EAX:00000000 EBX:00000A66 ECX:00007FEA EDX:00000000 ESI:0000025A EDI:0000211E EBP:00007BD8 ESP:00007BC2 DS:F600 ES:1688 FS:0000 GS:0000 SS:3E00 CF:0 ZF:0 SF:0 OF:0 AF:0 PF:1 IF:1
165E:000001BF  jc   000001B5 ($-c)             (up)                   EAX:00000000 EBX:00000A66 ECX:00007FEA EDX:00000000 ESI:0000025A EDI:0000211E EBP:00007BD8 ESP:00007BC2 DS:F600 ES:1688 FS:0000 GS:0000 SS:3E00 CF:1 ZF:0 SF:1 OF:0 AF:1 PF:1 IF:1
165E:000001B5  lodsw                                                  EAX:00000000 EBX:00000A66 ECX:00007FEA EDX:00000000 ESI:0000025A EDI:0000211E EBP:00007BD8 ESP:00007BC2 DS:F600 ES:1688 FS:0000 GS:0000 SS:3E00 CF:1 ZF:0 SF:1 OF:0 AF:1 PF:1 IF:1
165E:000001B6  xor  es:[bx],ax                 es:[0A66]=C3E0         EAX:00000000 EBX:00000A66 ECX:00007FEA EDX:00000000 ESI:0000025C EDI:0000211E EBP:00007BD8 ESP:00007BC2 DS:F600 ES:1688 FS:0000 GS:0000 SS:3E00 CF:1 ZF:0 SF:1 OF:0 AF:1 PF:1 IF:1
165E:000001B9  inc  bx                                                EAX:00000000 EBX:00000A66 ECX:00007FEA EDX:00000000 ESI:0000025C EDI:0000211E EBP:00007BD8 ESP:00007BC2 DS:F600 ES:1688 FS:0000 GS:0000 SS:3E00 CF:0 ZF:0 SF:1 OF:0 AF:0 PF:0 IF:1
165E:000001BA  inc  bx                                                EAX:00000000 EBX:00000A67 ECX:00007FEA EDX:00000000 ESI:0000025C EDI:0000211E EBP:00007BD8 ESP:00007BC2 DS:F600 ES:1688 FS:0000 GS:0000 SS:3E00 CF:0 ZF:0 SF:0 OF:0 AF:0 PF:0 IF:1
165E:000001BB  cmp  bx,0B19                                           EAX:00000000 EBX:00000A68 ECX:00007FEA EDX:00000000 ESI:0000025C EDI:0000211E EBP:00007BD8 ESP:00007BC2 DS:F600 ES:1688 FS:0000 GS:0000 SS:3E00 CF:0 ZF:0 SF:0 OF:0 AF:0 PF:0 IF:1
165E:000001BF  jc   000001B5 ($-c)             (up)                   EAX:00000000 EBX:00000A68 ECX:00007FEA EDX:00000000 ESI:0000025C EDI:0000211E EBP:00007BD8 ESP:00007BC2 DS:F600 ES:1688 FS:0000 GS:0000 SS:3E00 CF:1 ZF:0 SF:1 OF:0 AF:1 PF:0 IF:1
165E:000001B5  lodsw                                                  EAX:00000000 EBX:00000A68 ECX:00007FEA EDX:00000000 ESI:0000025C EDI:0000211E EBP:00007BD8 ESP:00007BC2 DS:F600 ES:1688 FS:0000 GS:0000 SS:3E00 CF:1 ZF:0 SF:1 OF:0 AF:1 PF:0 IF:1
165E:000001B6  xor  es:[bx],ax                 es:[0A68]=AB86         EAX:00000000 EBX:00000A68 ECX:00007FEA EDX:00000000 ESI:0000025E EDI:0000211E EBP:00007BD8 ESP:00007BC2 DS:F600 ES:1688 FS:0000 GS:0000 SS:3E00 CF:1 ZF:0 SF:1 OF:0 AF:1 PF:0 IF:1
165E:000001B9  inc  bx                                                EAX:00000000 EBX:00000A68 ECX:00007FEA EDX:00000000 ESI:0000025E EDI:0000211E EBP:00007BD8 ESP:00007BC2 DS:F600 ES:1688 FS:0000 GS:0000 SS:3E00 CF:0 ZF:0 SF:1 OF:0 AF:0 PF:0 IF:1
165E:000001BA  inc  bx                                                EAX:00000000 EBX:00000A69 ECX:00007FEA EDX:00000000 ESI:0000025E EDI:0000211E EBP:00007BD8 ESP:00007BC2 DS:F600 ES:1688 FS:0000 GS:0000 SS:3E00 CF:0 ZF:0 SF:0 OF:0 AF:0 PF:1 IF:1
165E:000001BB  cmp  bx,0B19                                           EAX:00000000 EBX:00000A6A ECX:00007FEA EDX:00000000 ESI:0000025E EDI:0000211E EBP:00007BD8 ESP:00007BC2 DS:F600 ES:1688 FS:0000 GS:0000 SS:3E00 CF:0 ZF:0 SF:0 OF:0 AF:0 PF:1 IF:1
165E:000001BF  jc   000001B5 ($-c)             (up)                   EAX:00000000 EBX:00000A6A ECX:00007FEA EDX:00000000 ESI:0000025E EDI:0000211E EBP:00007BD8 ESP:00007BC2 DS:F600 ES:1688 FS:0000 GS:0000 SS:3E00 CF:1 ZF:0 SF:1 OF:0 AF:0 PF:0 IF:1
165E:000001B5  lodsw                                                  EAX:00000000 EBX:00000A6A ECX:00007FEA EDX:00000000 ESI:0000025E EDI:0000211E EBP:00007BD8 ESP:00007BC2 DS:F600 ES:1688 FS:0000 GS:0000 SS:3E00 CF:1 ZF:0 SF:1 OF:0 AF:0 PF:0 IF:1
165E:000001B6  xor  es:[bx],ax                 es:[0A6A]=F145         EAX:00000000 EBX:00000A6A ECX:00007FEA EDX:00000000 ESI:00000260 EDI:0000211E EBP:00007BD8 ESP:00007BC2 DS:F600 ES:1688 FS:0000 GS:0000 SS:3E00 CF:1 ZF:0 SF:1 OF:0 AF:0 PF:0 IF:1
165E:000001B9  inc  bx                                                EAX:00000000 EBX:00000A6A ECX:00007FEA EDX:00000000 ESI:00000260 EDI:0000211E EBP:00007BD8 ESP:00007BC2 DS:F600 ES:1688 FS:0000 GS:0000 SS:3E00 CF:0 ZF:0 SF:1 OF:0 AF:0 PF:0 IF:1
165E:000001BA  inc  bx                                                EAX:00000000 EBX:00000A6B ECX:00007FEA EDX:00000000 ESI:00000260 EDI:0000211E EBP:00007BD8 ESP:00007BC2 DS:F600 ES:1688 FS:0000 GS:0000 SS:3E00 CF:0 ZF:0 SF:0 OF:0 AF:0 PF:0 IF:1
165E:000001BB  cmp  bx,0B19                                           EAX:00000000 EBX:00000A6C ECX:00007FEA EDX:00000000 ESI:00000260 EDI:0000211E EBP:00007BD8 ESP:00007BC2 DS:F600 ES:1688 FS:0000 GS:0000 SS:3E00 CF:0 ZF:0 SF:0 OF:0 AF:0 PF:1 IF:1
165E:000001BF  jc   000001B5 ($-c)             (up)                   EAX:00000000 EBX:00000A6C ECX:00007FEA EDX:00000000 ESI:00000260 EDI:0000211E EBP:00007BD8 ESP:00007BC2 DS:F600 ES:1688 FS:0000 GS:0000 SS:3E00 CF:1 ZF:0 SF:1 OF:0 AF:0 PF:1 IF:1
165E:000001B5  lodsw                                                  EAX:00000000 EBX:00000A6C ECX:00007FEA EDX:00000000 ESI:00000260 EDI:0000211E EBP:00007BD8 ESP:00007BC2 DS:F600 ES:1688 FS:0000 GS:0000 SS:3E00 CF:1 ZF:0 SF:1 OF:0 AF:0 PF:1 IF:1
165E:000001B6  xor  es:[bx],ax                 es:[0A6C]=0BFD         EAX:00000000 EBX:00000A6C ECX:00007FEA EDX:00000000 ESI:00000262 EDI:0000211E EBP:00007BD8 ESP:00007BC2 DS:F600 ES:1688 FS:0000 GS:0000 SS:3E00 CF:1 ZF:0 SF:1 OF:0 AF:0 PF:1 IF:1
165E:000001B9  inc  bx                                                EAX:00000000 EBX:00000A6C ECX:00007FEA EDX:00000000 ESI:00000262 EDI:0000211E EBP:00007BD8 ESP:00007BC2 DS:F600 ES:1688 FS:0000 GS:0000 SS:3E00 CF:0 ZF:0 SF:0 OF:0 AF:0 PF:0 IF:1
165E:000001BA  inc  bx                                                EAX:00000000 EBX:00000A6D ECX:00007FEA EDX:00000000 ESI:00000262 EDI:0000211E EBP:00007BD8 ESP:00007BC2 DS:F600 ES:1688 FS:0000 GS:0000 SS:3E00 CF:0 ZF:0 SF:0 OF:0 AF:0 PF:0 IF:1
165E:000001BB  cmp  bx,0B19                                           EAX:00000000 EBX:00000A6E ECX:00007FEA EDX:00000000 ESI:00000262 EDI:0000211E EBP:00007BD8 ESP:00007BC2 DS:F600 ES:1688 FS:0000 GS:0000 SS:3E00 CF:0 ZF:0 SF:0 OF:0 AF:0 PF:0 IF:1
165E:000001BF  jc   000001B5 ($-c)             (up)                   EAX:00000000 EBX:00000A6E ECX:00007FEA EDX:00000000 ESI:00000262 EDI:0000211E EBP:00007BD8 ESP:00007BC2 DS:F600 ES:1688 FS:0000 GS:0000 SS:3E00 CF:1 ZF:0 SF:1 OF:0 AF:0 PF:1 IF:1
165E:000001B5  lodsw                                                  EAX:00000000 EBX:00000A6E ECX:00007FEA EDX:00000000 ESI:00000262 EDI:0000211E EBP:00007BD8 ESP:00007BC2 DS:F600 ES:1688 FS:0000 GS:0000 SS:3E00 CF:1 ZF:0 SF:1 OF:0 AF:0 PF:1 IF:1
165E:000001B6  xor  es:[bx],ax                 es:[0A6E]=2D97         EAX:00000000 EBX:00000A6E ECX:00007FEA EDX:00000000 ESI:00000264 EDI:0000211E EBP:00007BD8 ESP:00007BC2 DS:F600 ES:1688 FS:0000 GS:0000 SS:3E00 CF:1 ZF:0 SF:1 OF:0 AF:0 PF:1 IF:1
165E:000001B9  inc  bx                                                EAX:00000000 EBX:00000A6E ECX:00007FEA EDX:00000000 ESI:00000264 EDI:0000211E EBP:00007BD8 ESP:00007BC2 DS:F600 ES:1688 FS:0000 GS:0000 SS:3E00 CF:0 ZF:0 SF:0 OF:0 AF:0 PF:0 IF:1
165E:000001BA  inc  bx                                                EAX:00000000 EBX:00000A6F ECX:00007FEA EDX:00000000 ESI:00000264 EDI:0000211E EBP:00007BD8 ESP:00007BC2 DS:F600 ES:1688 FS:0000 GS:0000 SS:3E00 CF:0 ZF:0 SF:0 OF:0 AF:0 PF:1 IF:1
165E:000001BB  cmp  bx,0B19                                           EAX:00000000 EBX:00000A70 ECX:00007FEA EDX:00000000 ESI:00000264 EDI:0000211E EBP:00007BD8 ESP:00007BC2 DS:F600 ES:1688 FS:0000 GS:0000 SS:3E00 CF:0 ZF:0 SF:0 OF:0 AF:1 PF:0 IF:1
165E:000001BF  jc   000001B5 ($-c)             (up)                   EAX:00000000 EBX:00000A70 ECX:00007FEA EDX:00000000 ESI:00000264 EDI:0000211E EBP:00007BD8 ESP:00007BC2 DS:F600 ES:1688 FS:0000 GS:0000 SS:3E00 CF:1 ZF:0 SF:1 OF:0 AF:1 PF:0 IF:1
165E:000001B5  lodsw                                                  EAX:00000000 EBX:00000A70 ECX:00007FEA EDX:00000000 ESI:00000264 EDI:0000211E EBP:00007BD8 ESP:00007BC2 DS:F600 ES:1688 FS:0000 GS:0000 SS:3E00 CF:1 ZF:0 SF:1 OF:0 AF:1 PF:0 IF:1
165E:000001B6  xor  es:[bx],ax                 es:[0A70]=00F4         EAX:00000000 EBX:00000A70 ECX:00007FEA EDX:00000000 ESI:00000266 EDI:0000211E EBP:00007BD8 ESP:00007BC2 DS:F600 ES:1688 FS:0000 GS:0000 SS:3E00 CF:1 ZF:0 SF:1 OF:0 AF:1 PF:0 IF:1
165E:000001B9  inc  bx                                                EAX:00000000 EBX:00000A70 ECX:00007FEA EDX:00000000 ESI:00000266 EDI:0000211E EBP:00007BD8 ESP:00007BC2 DS:F600 ES:1688 FS:0000 GS:0000 SS:3E00 CF:0 ZF:0 SF:0 OF:0 AF:0 PF:0 IF:1
165E:000001BA  inc  bx                                                EAX:00000000 EBX:00000A71 ECX:00007FEA EDX:00000000 ESI:00000266 EDI:0000211E EBP:00007BD8 ESP:00007BC2 DS:F600 ES:1688 FS:0000 GS:0000 SS:3E00 CF:0 ZF:0 SF:0 OF:0 AF:0 PF:1 IF:1
165E:000001BB  cmp  bx,0B19                                           EAX:00000000 EBX:00000A72 ECX:00007FEA EDX:00000000 ESI:00000266 EDI:0000211E EBP:00007BD8 ESP:00007BC2 DS:F600 ES:1688 FS:0000 GS:0000 SS:3E00 CF:0 ZF:0 SF:0 OF:0 AF:0 PF:1 IF:1
165E:000001BF  jc   000001B5 ($-c)             (up)                   EAX:00000000 EBX:00000A72 ECX:00007FEA EDX:00000000 ESI:00000266 EDI:0000211E EBP:00007BD8 ESP:00007BC2 DS:F600 ES:1688 FS:0000 GS:0000 SS:3E00 CF:1 ZF:0 SF:1 OF:0 AF:1 PF:1 IF:1
165E:000001B5  lodsw                                                  EAX:00000000 EBX:00000A72 ECX:00007FEA EDX:00000000 ESI:00000266 EDI:0000211E EBP:00007BD8 ESP:00007BC2 DS:F600 ES:1688 FS:0000 GS:0000 SS:3E00 CF:1 ZF:0 SF:1 OF:0 AF:1 PF:1 IF:1
165E:000001B6  xor  es:[bx],ax                 es:[0A72]=2029         EAX:00000000 EBX:00000A72 ECX:00007FEA EDX:00000000 ESI:00000268 EDI:0000211E EBP:00007BD8 ESP:00007BC2 DS:F600 ES:1688 FS:0000 GS:0000 SS:3E00 CF:1 ZF:0 SF:1 OF:0 AF:1 PF:1 IF:1
165E:000001B9  inc  bx                                                EAX:00000000 EBX:00000A72 ECX:00007FEA EDX:00000000 ESI:00000268 EDI:0000211E EBP:00007BD8 ESP:00007BC2 DS:F600 ES:1688 FS:0000 GS:0000 SS:3E00 CF:0 ZF:0 SF:0 OF:0 AF:0 PF:0 IF:1
165E:000001BA  inc  bx                                                EAX:00000000 EBX:00000A73 ECX:00007FEA EDX:00000000 ESI:00000268 EDI:0000211E EBP:00007BD8 ESP:00007BC2 DS:F600 ES:1688 FS:0000 GS:0000 SS:3E00 CF:0 ZF:0 SF:0 OF:0 AF:0 PF:0 IF:1
165E:000001BB  cmp  bx,0B19                                           EAX:00000000 EBX:00000A74 ECX:00007FEA EDX:00000000 ESI:00000268 EDI:0000211E EBP:00007BD8 ESP:00007BC2 DS:F600 ES:1688 FS:0000 GS:0000 SS:3E00 CF:0 ZF:0 SF:0 OF:0 AF:0 PF:1 IF:1
165E:000001BF  jc   000001B5 ($-c)             (up)                   EAX:00000000 EBX:00000A74 ECX:00007FEA EDX:00000000 ESI:00000268 EDI:0000211E EBP:00007BD8 ESP:00007BC2 DS:F600 ES:1688 FS:0000 GS:0000 SS:3E00 CF:1 ZF:0 SF:1 OF:0 AF:1 PF:0 IF:1
165E:000001B5  lodsw                                                  EAX:00000000 EBX:00000A74 ECX:00007FEA EDX:00000000 ESI:00000268 EDI:0000211E EBP:00007BD8 ESP:00007BC2 DS:F600 ES:1688 FS:0000 GS:0000 SS:3E00 CF:1 ZF:0 SF:1 OF:0 AF:1 PF:0 IF:1
165E:000001B6  xor  es:[bx],ax                 es:[0A74]=3B96         EAX:00000000 EBX:00000A74 ECX:00007FEA EDX:00000000 ESI:0000026A EDI:0000211E EBP:00007BD8 ESP:00007BC2 DS:F600 ES:1688 FS:0000 GS:0000 SS:3E00 CF:1 ZF:0 SF:1 OF:0 AF:1 PF:0 IF:1
165E:000001B9  inc  bx                                                EAX:00000000 EBX:00000A74 ECX:00007FEA EDX:00000000 ESI:0000026A EDI:0000211E EBP:00007BD8 ESP:00007BC2 DS:F600 ES:1688 FS:0000 GS:0000 SS:3E00 CF:0 ZF:0 SF:0 OF:0 AF:0 PF:1 IF:1
165E:000001BA  inc  bx                                                EAX:00000000 EBX:00000A75 ECX:00007FEA EDX:00000000 ESI:0000026A EDI:0000211E EBP:00007BD8 ESP:00007BC2 DS:F600 ES:1688 FS:0000 GS:0000 SS:3E00 CF:0 ZF:0 SF:0 OF:0 AF:0 PF:0 IF:1
165E:000001BB  cmp  bx,0B19                                           EAX:00000000 EBX:00000A76 ECX:00007FEA EDX:00000000 ESI:0000026A EDI:0000211E EBP:00007BD8 ESP:00007BC2 DS:F600 ES:1688 FS:0000 GS:0000 SS:3E00 CF:0 ZF:0 SF:0 OF:0 AF:0 PF:0 IF:1
165E:000001BF  jc   000001B5 ($-c)             (up)                   EAX:00000000 EBX:00000A76 ECX:00007FEA EDX:00000000 ESI:0000026A EDI:0000211E EBP:00007BD8 ESP:00007BC2 DS:F600 ES:1688 FS:0000 GS:0000 SS:3E00 CF:1 ZF:0 SF:1 OF:0 AF:1 PF:0 IF:1
165E:000001B5  lodsw                                                  EAX:00000000 EBX:00000A76 ECX:00007FEA EDX:00000000 ESI:0000026A EDI:0000211E EBP:00007BD8 ESP:00007BC2 DS:F600 ES:1688 FS:0000 GS:0000 SS:3E00 CF:1 ZF:0 SF:1 OF:0 AF:1 PF:0 IF:1
165E:000001B6  xor  es:[bx],ax                 es:[0A76]=58C4         EAX:00000000 EBX:00000A76 ECX:00007FEA EDX:00000000 ESI:0000026C EDI:0000211E EBP:00007BD8 ESP:00007BC2 DS:F600 ES:1688 FS:0000 GS:0000 SS:3E00 CF:1 ZF:0 SF:1 OF:0 AF:1 PF:0 IF:1
165E:000001B9  inc  bx                                                EAX:00000000 EBX:00000A76 ECX:00007FEA EDX:00000000 ESI:0000026C EDI:0000211E EBP:00007BD8 ESP:00007BC2 DS:F600 ES:1688 FS:0000 GS:0000 SS:3E00 CF:0 ZF:0 SF:0 OF:0 AF:0 PF:0 IF:1
165E:000001BA  inc  bx                                                EAX:00000000 EBX:00000A77 ECX:00007FEA EDX:00000000 ESI:0000026C EDI:0000211E EBP:00007BD8 ESP:00007BC2 DS:F600 ES:1688 FS:0000 GS:0000 SS:3E00 CF:0 ZF:0 SF:0 OF:0 AF:0 PF:1 IF:1
165E:000001BB  cmp  bx,0B19                                           EAX:00000000 EBX:00000A78 ECX:00007FEA EDX:00000000 ESI:0000026C EDI:0000211E EBP:00007BD8 ESP:00007BC2 DS:F600 ES:1688 FS:0000 GS:0000 SS:3E00 CF:0 ZF:0 SF:0 OF:0 AF:0 PF:1 IF:1
165E:000001BF  jc   000001B5 ($-c)             (up)                   EAX:00000000 EBX:00000A78 ECX:00007FEA EDX:00000000 ESI:0000026C EDI:0000211E EBP:00007BD8 ESP:00007BC2 DS:F600 ES:1688 FS:0000 GS:0000 SS:3E00 CF:1 ZF:0 SF:1 OF:0 AF:1 PF:1 IF:1
165E:000001B5  lodsw                                                  EAX:00000000 EBX:00000A78 ECX:00007FEA EDX:00000000 ESI:0000026C EDI:0000211E EBP:00007BD8 ESP:00007BC2 DS:F600 ES:1688 FS:0000 GS:0000 SS:3E00 CF:1 ZF:0 SF:1 OF:0 AF:1 PF:1 IF:1
165E:000001B6  xor  es:[bx],ax                 es:[0A78]=1FF7         EAX:00000000 EBX:00000A78 ECX:00007FEA EDX:00000000 ESI:0000026E EDI:0000211E EBP:00007BD8 ESP:00007BC2 DS:F600 ES:1688 FS:0000 GS:0000 SS:3E00 CF:1 ZF:0 SF:1 OF:0 AF:1 PF:1 IF:1
165E:000001B9  inc  bx                                                EAX:00000000 EBX:00000A78 ECX:00007FEA EDX:00000000 ESI:0000026E EDI:0000211E EBP:00007BD8 ESP:00007BC2 DS:F600 ES:1688 FS:0000 GS:0000 SS:3E00 CF:0 ZF:0 SF:0 OF:0 AF:0 PF:0 IF:1
165E:000001BA  inc  bx                                                EAX:00000000 EBX:00000A79 ECX:00007FEA EDX:00000000 ESI:0000026E EDI:0000211E EBP:00007BD8 ESP:00007BC2 DS:F600 ES:1688 FS:0000 GS:0000 SS:3E00 CF:0 ZF:0 SF:0 OF:0 AF:0 PF:0 IF:1
165E:000001BB  cmp  bx,0B19                                           EAX:00000000 EBX:00000A7A ECX:00007FEA EDX:00000000 ESI:0000026E EDI:0000211E EBP:00007BD8 ESP:00007BC2 DS:F600 ES:1688 FS:0000 GS:0000 SS:3E00 CF:0 ZF:0 SF:0 OF:0 AF:0 PF:0 IF:1
165E:000001BF  jc   000001B5 ($-c)             (up)                   EAX:00000000 EBX:00000A7A ECX:00007FEA EDX:00000000 ESI:0000026E EDI:0000211E EBP:00007BD8 ESP:00007BC2 DS:F600 ES:1688 FS:0000 GS:0000 SS:3E00 CF:1 ZF:0 SF:1 OF:0 AF:0 PF:0 IF:1
165E:000001B5  lodsw                                                  EAX:00000000 EBX:00000A7A ECX:00007FEA EDX:00000000 ESI:0000026E EDI:0000211E EBP:00007BD8 ESP:00007BC2 DS:F600 ES:1688 FS:0000 GS:0000 SS:3E00 CF:1 ZF:0 SF:1 OF:0 AF:0 PF:0 IF:1
165E:000001B6  xor  es:[bx],ax                 es:[0A7A]=C80A         EAX:00000000 EBX:00000A7A ECX:00007FEA EDX:00000000 ESI:00000270 EDI:0000211E EBP:00007BD8 ESP:00007BC2 DS:F600 ES:1688 FS:0000 GS:0000 SS:3E00 CF:1 ZF:0 SF:1 OF:0 AF:0 PF:0 IF:1
165E:000001B9  inc  bx                                                EAX:00000000 EBX:00000A7A ECX:00007FEA EDX:00000000 ESI:00000270 EDI:0000211E EBP:00007BD8 ESP:00007BC2 DS:F600 ES:1688 FS:0000 GS:0000 SS:3E00 CF:0 ZF:0 SF:1 OF:0 AF:0 PF:1 IF:1
165E:000001BA  inc  bx                                                EAX:00000000 EBX:00000A7B ECX:00007FEA EDX:00000000 ESI:00000270 EDI:0000211E EBP:00007BD8 ESP:00007BC2 DS:F600 ES:1688 FS:0000 GS:0000 SS:3E00 CF:0 ZF:0 SF:0 OF:0 AF:0 PF:1 IF:1
165E:000001BB  cmp  bx,0B19                                           EAX:00000000 EBX:00000A7C ECX:00007FEA EDX:00000000 ESI:00000270 EDI:0000211E EBP:00007BD8 ESP:00007BC2 DS:F600 ES:1688 FS:0000 GS:0000 SS:3E00 CF:0 ZF:0 SF:0 OF:0 AF:0 PF:0 IF:1
165E:000001BF  jc   000001B5 ($-c)             (up)                   EAX:00000000 EBX:00000A7C ECX:00007FEA EDX:00000000 ESI:00000270 EDI:0000211E EBP:00007BD8 ESP:00007BC2 DS:F600 ES:1688 FS:0000 GS:0000 SS:3E00 CF:1 ZF:0 SF:1 OF:0 AF:0 PF:1 IF:1
165E:000001B5  lodsw                                                  EAX:00000000 EBX:00000A7C ECX:00007FEA EDX:00000000 ESI:00000270 EDI:0000211E EBP:00007BD8 ESP:00007BC2 DS:F600 ES:1688 FS:0000 GS:0000 SS:3E00 CF:1 ZF:0 SF:1 OF:0 AF:0 PF:1 IF:1
165E:000001B6  xor  es:[bx],ax                 es:[0A7C]=52A4         EAX:00000000 EBX:00000A7C ECX:00007FEA EDX:00000000 ESI:00000272 EDI:0000211E EBP:00007BD8 ESP:00007BC2 DS:F600 ES:1688 FS:0000 GS:0000 SS:3E00 CF:1 ZF:0 SF:1 OF:0 AF:0 PF:1 IF:1
165E:000001B9  inc  bx                                                EAX:00000000 EBX:00000A7C ECX:00007FEA EDX:00000000 ESI:00000272 EDI:0000211E EBP:00007BD8 ESP:00007BC2 DS:F600 ES:1688 FS:0000 GS:0000 SS:3E00 CF:0 ZF:0 SF:0 OF:0 AF:0 PF:0 IF:1
165E:000001BA  inc  bx                                                EAX:00000000 EBX:00000A7D ECX:00007FEA EDX:00000000 ESI:00000272 EDI:0000211E EBP:00007BD8 ESP:00007BC2 DS:F600 ES:1688 FS:0000 GS:0000 SS:3E00 CF:0 ZF:0 SF:0 OF:0 AF:0 PF:1 IF:1
165E:000001BB  cmp  bx,0B19                                           EAX:00000000 EBX:00000A7E ECX:00007FEA EDX:00000000 ESI:00000272 EDI:0000211E EBP:00007BD8 ESP:00007BC2 DS:F600 ES:1688 FS:0000 GS:0000 SS:3E00 CF:0 ZF:0 SF:0 OF:0 AF:0 PF:1 IF:1
165E:000001BF  jc   000001B5 ($-c)             (up)                   EAX:00000000 EBX:00000A7E ECX:00007FEA EDX:00000000 ESI:00000272 EDI:0000211E EBP:00007BD8 ESP:00007BC2 DS:F600 ES:1688 FS:0000 GS:0000 SS:3E00 CF:1 ZF:0 SF:1 OF:0 AF:0 PF:1 IF:1
165E:000001B5  lodsw                                                  EAX:00000000 EBX:00000A7E ECX:00007FEA EDX:00000000 ESI:00000272 EDI:0000211E EBP:00007BD8 ESP:00007BC2 DS:F600 ES:1688 FS:0000 GS:0000 SS:3E00 CF:1 ZF:0 SF:1 OF:0 AF:0 PF:1 IF:1
165E:000001B6  xor  es:[bx],ax                 es:[0A7E]=3927         EAX:00000000 EBX:00000A7E ECX:00007FEA EDX:00000000 ESI:00000274 EDI:0000211E EBP:00007BD8 ESP:00007BC2 DS:F600 ES:1688 FS:0000 GS:0000 SS:3E00 CF:1 ZF:0 SF:1 OF:0 AF:0 PF:1 IF:1
165E:000001B9  inc  bx                                                EAX:00000000 EBX:00000A7E ECX:00007FEA EDX:00000000 ESI:00000274 EDI:0000211E EBP:00007BD8 ESP:00007BC2 DS:F600 ES:1688 FS:0000 GS:0000 SS:3E00 CF:0 ZF:0 SF:0 OF:0 AF:0 PF:1 IF:1
165E:000001BA  inc  bx                                                EAX:00000000 EBX:00000A7F ECX:00007FEA EDX:00000000 ESI:00000274 EDI:0000211E EBP:00007BD8 ESP:00007BC2 DS:F600 ES:1688 FS:0000 GS:0000 SS:3E00 CF:0 ZF:0 SF:0 OF:0 AF:0 PF:0 IF:1
165E:000001BB  cmp  bx,0B19                                           EAX:00000000 EBX:00000A80 ECX:00007FEA EDX:00000000 ESI:00000274 EDI:0000211E EBP:00007BD8 ESP:00007BC2 DS:F600 ES:1688 FS:0000 GS:0000 SS:3E00 CF:0 ZF:0 SF:0 OF:0 AF:1 PF:0 IF:1
165E:000001BF  jc   000001B5 ($-c)             (up)                   EAX:00000000 EBX:00000A80 ECX:00007FEA EDX:00000000 ESI:00000274 EDI:0000211E EBP:00007BD8 ESP:00007BC2 DS:F600 ES:1688 FS:0000 GS:0000 SS:3E00 CF:1 ZF:0 SF:1 OF:0 AF:1 PF:0 IF:1
165E:000001B5  lodsw                                                  EAX:00000000 EBX:00000A80 ECX:00007FEA EDX:00000000 ESI:00000274 EDI:0000211E EBP:00007BD8 ESP:00007BC2 DS:F600 ES:1688 FS:0000 GS:0000 SS:3E00 CF:1 ZF:0 SF:1 OF:0 AF:1 PF:0 IF:1
165E:000001B6  xor  es:[bx],ax                 es:[0A80]=52C9         EAX:00000000 EBX:00000A80 ECX:00007FEA EDX:00000000 ESI:00000276 EDI:0000211E EBP:00007BD8 ESP:00007BC2 DS:F600 ES:1688 FS:0000 GS:0000 SS:3E00 CF:1 ZF:0 SF:1 OF:0 AF:1 PF:0 IF:1
165E:000001B9  inc  bx                                                EAX:00000000 EBX:00000A80 ECX:00007FEA EDX:00000000 ESI:00000276 EDI:0000211E EBP:00007BD8 ESP:00007BC2 DS:F600 ES:1688 FS:0000 GS:0000 SS:3E00 CF:0 ZF:0 SF:0 OF:0 AF:0 PF:1 IF:1
165E:000001BA  inc  bx                                                EAX:00000000 EBX:00000A81 ECX:00007FEA EDX:00000000 ESI:00000276 EDI:0000211E EBP:00007BD8 ESP:00007BC2 DS:F600 ES:1688 FS:0000 GS:0000 SS:3E00 CF:0 ZF:0 SF:0 OF:0 AF:0 PF:1 IF:1
165E:000001BB  cmp  bx,0B19                                           EAX:00000000 EBX:00000A82 ECX:00007FEA EDX:00000000 ESI:00000276 EDI:0000211E EBP:00007BD8 ESP:00007BC2 DS:F600 ES:1688 FS:0000 GS:0000 SS:3E00 CF:0 ZF:0 SF:0 OF:0 AF:0 PF:1 IF:1
165E:000001BF  jc   000001B5 ($-c)             (up)                   EAX:00000000 EBX:00000A82 ECX:00007FEA EDX:00000000 ESI:00000276 EDI:0000211E EBP:00007BD8 ESP:00007BC2 DS:F600 ES:1688 FS:0000 GS:0000 SS:3E00 CF:1 ZF:0 SF:1 OF:0 AF:1 PF:1 IF:1
165E:000001B5  lodsw                                                  EAX:00000000 EBX:00000A82 ECX:00007FEA EDX:00000000 ESI:00000276 EDI:0000211E EBP:00007BD8 ESP:00007BC2 DS:F600 ES:1688 FS:0000 GS:0000 SS:3E00 CF:1 ZF:0 SF:1 OF:0 AF:1 PF:1 IF:1
165E:000001B6  xor  es:[bx],ax                 es:[0A82]=EED7         EAX:00000000 EBX:00000A82 ECX:00007FEA EDX:00000000 ESI:00000278 EDI:0000211E EBP:00007BD8 ESP:00007BC2 DS:F600 ES:1688 FS:0000 GS:0000 SS:3E00 CF:1 ZF:0 SF:1 OF:0 AF:1 PF:1 IF:1
165E:000001B9  inc  bx                                                EAX:00000000 EBX:00000A82 ECX:00007FEA EDX:00000000 ESI:00000278 EDI:0000211E EBP:00007BD8 ESP:00007BC2 DS:F600 ES:1688 FS:0000 GS:0000 SS:3E00 CF:0 ZF:0 SF:1 OF:0 AF:0 PF:1 IF:1
165E:000001BA  inc  bx                                                EAX:00000000 EBX:00000A83 ECX:00007FEA EDX:00000000 ESI:00000278 EDI:0000211E EBP:00007BD8 ESP:00007BC2 DS:F600 ES:1688 FS:0000 GS:0000 SS:3E00 CF:0 ZF:0 SF:0 OF:0 AF:0 PF:0 IF:1
165E:000001BB  cmp  bx,0B19                                           EAX:00000000 EBX:00000A84 ECX:00007FEA EDX:00000000 ESI:00000278 EDI:0000211E EBP:00007BD8 ESP:00007BC2 DS:F600 ES:1688 FS:0000 GS:0000 SS:3E00 CF:0 ZF:0 SF:0 OF:0 AF:0 PF:1 IF:1
165E:000001BF  jc   000001B5 ($-c)             (up)                   EAX:00000000 EBX:00000A84 ECX:00007FEA EDX:00000000 ESI:00000278 EDI:0000211E EBP:00007BD8 ESP:00007BC2 DS:F600 ES:1688 FS:0000 GS:0000 SS:3E00 CF:1 ZF:0 SF:1 OF:0 AF:1 PF:0 IF:1
165E:000001B5  lodsw                                                  EAX:00000000 EBX:00000A84 ECX:00007FEA EDX:00000000 ESI:00000278 EDI:0000211E EBP:00007BD8 ESP:00007BC2 DS:F600 ES:1688 FS:0000 GS:0000 SS:3E00 CF:1 ZF:0 SF:1 OF:0 AF:1 PF:0 IF:1
165E:000001B6  xor  es:[bx],ax                 es:[0A84]=BF43         EAX:00000000 EBX:00000A84 ECX:00007FEA EDX:00000000 ESI:0000027A EDI:0000211E EBP:00007BD8 ESP:00007BC2 DS:F600 ES:1688 FS:0000 GS:0000 SS:3E00 CF:1 ZF:0 SF:1 OF:0 AF:1 PF:0 IF:1
165E:000001B9  inc  bx                                                EAX:00000000 EBX:00000A84 ECX:00007FEA EDX:00000000 ESI:0000027A EDI:0000211E EBP:00007BD8 ESP:00007BC2 DS:F600 ES:1688 FS:0000 GS:0000 SS:3E00 CF:0 ZF:0 SF:1 OF:0 AF:0 PF:0 IF:1
165E:000001BA  inc  bx                                                EAX:00000000 EBX:00000A85 ECX:00007FEA EDX:00000000 ESI:0000027A EDI:0000211E EBP:00007BD8 ESP:00007BC2 DS:F600 ES:1688 FS:0000 GS:0000 SS:3E00 CF:0 ZF:0 SF:0 OF:0 AF:0 PF:0 IF:1
165E:000001BB  cmp  bx,0B19                                           EAX:00000000 EBX:00000A86 ECX:00007FEA EDX:00000000 ESI:0000027A EDI:0000211E EBP:00007BD8 ESP:00007BC2 DS:F600 ES:1688 FS:0000 GS:0000 SS:3E00 CF:0 ZF:0 SF:0 OF:0 AF:0 PF:0 IF:1
165E:000001BF  jc   000001B5 ($-c)             (up)                   EAX:00000000 EBX:00000A86 ECX:00007FEA EDX:00000000 ESI:0000027A EDI:0000211E EBP:00007BD8 ESP:00007BC2 DS:F600 ES:1688 FS:0000 GS:0000 SS:3E00 CF:1 ZF:0 SF:1 OF:0 AF:1 PF:0 IF:1
165E:000001B5  lodsw                                                  EAX:00000000 EBX:00000A86 ECX:00007FEA EDX:00000000 ESI:0000027A EDI:0000211E EBP:00007BD8 ESP:00007BC2 DS:F600 ES:1688 FS:0000 GS:0000 SS:3E00 CF:1 ZF:0 SF:1 OF:0 AF:1 PF:0 IF:1
165E:000001B6  xor  es:[bx],ax                 es:[0A86]=2AAE         EAX:00000000 EBX:00000A86 ECX:00007FEA EDX:00000000 ESI:0000027C EDI:0000211E EBP:00007BD8 ESP:00007BC2 DS:F600 ES:1688 FS:0000 GS:0000 SS:3E00 CF:1 ZF:0 SF:1 OF:0 AF:1 PF:0 IF:1
165E:000001B9  inc  bx                                                EAX:00000000 EBX:00000A86 ECX:00007FEA EDX:00000000 ESI:0000027C EDI:0000211E EBP:00007BD8 ESP:00007BC2 DS:F600 ES:1688 FS:0000 GS:0000 SS:3E00 CF:0 ZF:0 SF:0 OF:0 AF:0 PF:0 IF:1
165E:000001BA  inc  bx                                                EAX:00000000 EBX:00000A87 ECX:00007FEA EDX:00000000 ESI:0000027C EDI:0000211E EBP:00007BD8 ESP:00007BC2 DS:F600 ES:1688 FS:0000 GS:0000 SS:3E00 CF:0 ZF:0 SF:0 OF:0 AF:0 PF:1 IF:1
165E:000001BB  cmp  bx,0B19                                           EAX:00000000 EBX:00000A88 ECX:00007FEA EDX:00000000 ESI:0000027C EDI:0000211E EBP:00007BD8 ESP:00007BC2 DS:F600 ES:1688 FS:0000 GS:0000 SS:3E00 CF:0 ZF:0 SF:0 OF:0 AF:0 PF:1 IF:1
165E:000001BF  jc   000001B5 ($-c)             (up)                   EAX:00000000 EBX:00000A88 ECX:00007FEA EDX:00000000 ESI:0000027C EDI:0000211E EBP:00007BD8 ESP:00007BC2 DS:F600 ES:1688 FS:0000 GS:0000 SS:3E00 CF:1 ZF:0 SF:1 OF:0 AF:1 PF:1 IF:1
165E:000001B5  lodsw                                                  EAX:00000000 EBX:00000A88 ECX:00007FEA EDX:00000000 ESI:0000027C EDI:0000211E EBP:00007BD8 ESP:00007BC2 DS:F600 ES:1688 FS:0000 GS:0000 SS:3E00 CF:1 ZF:0 SF:1 OF:0 AF:1 PF:1 IF:1
165E:000001B6  xor  es:[bx],ax                 es:[0A88]=D3AF         EAX:00000000 EBX:00000A88 ECX:00007FEA EDX:00000000 ESI:0000027E EDI:0000211E EBP:00007BD8 ESP:00007BC2 DS:F600 ES:1688 FS:0000 GS:0000 SS:3E00 CF:1 ZF:0 SF:1 OF:0 AF:1 PF:1 IF:1
165E:000001B9  inc  bx                                                EAX:00000000 EBX:00000A88 ECX:00007FEA EDX:00000000 ESI:0000027E EDI:0000211E EBP:00007BD8 ESP:00007BC2 DS:F600 ES:1688 FS:0000 GS:0000 SS:3E00 CF:0 ZF:0 SF:1 OF:0 AF:0 PF:1 IF:1
165E:000001BA  inc  bx                                                EAX:00000000 EBX:00000A89 ECX:00007FEA EDX:00000000 ESI:0000027E EDI:0000211E EBP:00007BD8 ESP:00007BC2 DS:F600 ES:1688 FS:0000 GS:0000 SS:3E00 CF:0 ZF:0 SF:0 OF:0 AF:0 PF:0 IF:1
165E:000001BB  cmp  bx,0B19                                           EAX:00000000 EBX:00000A8A ECX:00007FEA EDX:00000000 ESI:0000027E EDI:0000211E EBP:00007BD8 ESP:00007BC2 DS:F600 ES:1688 FS:0000 GS:0000 SS:3E00 CF:0 ZF:0 SF:0 OF:0 AF:0 PF:0 IF:1
165E:000001BF  jc   000001B5 ($-c)             (up)                   EAX:00000000 EBX:00000A8A ECX:00007FEA EDX:00000000 ESI:0000027E EDI:0000211E EBP:00007BD8 ESP:00007BC2 DS:F600 ES:1688 FS:0000 GS:0000 SS:3E00 CF:1 ZF:0 SF:1 OF:0 AF:0 PF:1 IF:1
165E:000001B5  lodsw                                                  EAX:00000000 EBX:00000A8A ECX:00007FEA EDX:00000000 ESI:0000027E EDI:0000211E EBP:00007BD8 ESP:00007BC2 DS:F600 ES:1688 FS:0000 GS:0000 SS:3E00 CF:1 ZF:0 SF:1 OF:0 AF:0 PF:1 IF:1
165E:000001B6  xor  es:[bx],ax                 es:[0A8A]=B635         EAX:00000000 EBX:00000A8A ECX:00007FEA EDX:00000000 ESI:00000280 EDI:0000211E EBP:00007BD8 ESP:00007BC2 DS:F600 ES:1688 FS:0000 GS:0000 SS:3E00 CF:1 ZF:0 SF:1 OF:0 AF:0 PF:1 IF:1
165E:000001B9  inc  bx                                                EAX:00000000 EBX:00000A8A ECX:00007FEA EDX:00000000 ESI:00000280 EDI:0000211E EBP:00007BD8 ESP:00007BC2 DS:F600 ES:1688 FS:0000 GS:0000 SS:3E00 CF:0 ZF:0 SF:1 OF:0 AF:0 PF:1 IF:1
165E:000001BA  inc  bx                                                EAX:00000000 EBX:00000A8B ECX:00007FEA EDX:00000000 ESI:00000280 EDI:0000211E EBP:00007BD8 ESP:00007BC2 DS:F600 ES:1688 FS:0000 GS:0000 SS:3E00 CF:0 ZF:0 SF:0 OF:0 AF:0 PF:1 IF:1
165E:000001BB  cmp  bx,0B19                                           EAX:00000000 EBX:00000A8C ECX:00007FEA EDX:00000000 ESI:00000280 EDI:0000211E EBP:00007BD8 ESP:00007BC2 DS:F600 ES:1688 FS:0000 GS:0000 SS:3E00 CF:0 ZF:0 SF:0 OF:0 AF:0 PF:0 IF:1
165E:000001BF  jc   000001B5 ($-c)             (up)                   EAX:00000000 EBX:00000A8C ECX:00007FEA EDX:00000000 ESI:00000280 EDI:0000211E EBP:00007BD8 ESP:00007BC2 DS:F600 ES:1688 FS:0000 GS:0000 SS:3E00 CF:1 ZF:0 SF:1 OF:0 AF:0 PF:0 IF:1
165E:000001B5  lodsw                                                  EAX:00000000 EBX:00000A8C ECX:00007FEA EDX:00000000 ESI:00000280 EDI:0000211E EBP:00007BD8 ESP:00007BC2 DS:F600 ES:1688 FS:0000 GS:0000 SS:3E00 CF:1 ZF:0 SF:1 OF:0 AF:0 PF:0 IF:1
165E:000001B6  xor  es:[bx],ax                 es:[0A8C]=FD09         EAX:00000000 EBX:00000A8C ECX:00007FEA EDX:00000000 ESI:00000282 EDI:0000211E EBP:00007BD8 ESP:00007BC2 DS:F600 ES:1688 FS:0000 GS:0000 SS:3E00 CF:1 ZF:0 SF:1 OF:0 AF:0 PF:0 IF:1
165E:000001B9  inc  bx                                                EAX:00000000 EBX:00000A8C ECX:00007FEA EDX:00000000 ESI:00000282 EDI:0000211E EBP:00007BD8 ESP:00007BC2 DS:F600 ES:1688 FS:0000 GS:0000 SS:3E00 CF:0 ZF:0 SF:1 OF:0 AF:0 PF:1 IF:1
165E:000001BA  inc  bx                                                EAX:00000000 EBX:00000A8D ECX:00007FEA EDX:00000000 ESI:00000282 EDI:0000211E EBP:00007BD8 ESP:00007BC2 DS:F600 ES:1688 FS:0000 GS:0000 SS:3E00 CF:0 ZF:0 SF:0 OF:0 AF:0 PF:1 IF:1
165E:000001BB  cmp  bx,0B19                                           EAX:00000000 EBX:00000A8E ECX:00007FEA EDX:00000000 ESI:00000282 EDI:0000211E EBP:00007BD8 ESP:00007BC2 DS:F600 ES:1688 FS:0000 GS:0000 SS:3E00 CF:0 ZF:0 SF:0 OF:0 AF:0 PF:1 IF:1
165E:000001BF  jc   000001B5 ($-c)             (up)                   EAX:00000000 EBX:00000A8E ECX:00007FEA EDX:00000000 ESI:00000282 EDI:0000211E EBP:00007BD8 ESP:00007BC2 DS:F600 ES:1688 FS:0000 GS:0000 SS:3E00 CF:1 ZF:0 SF:1 OF:0 AF:0 PF:0 IF:1
165E:000001B5  lodsw                                                  EAX:00000000 EBX:00000A8E ECX:00007FEA EDX:00000000 ESI:00000282 EDI:0000211E EBP:00007BD8 ESP:00007BC2 DS:F600 ES:1688 FS:0000 GS:0000 SS:3E00 CF:1 ZF:0 SF:1 OF:0 AF:0 PF:0 IF:1
165E:000001B6  xor  es:[bx],ax                 es:[0A8E]=C5B8         EAX:00000000 EBX:00000A8E ECX:00007FEA EDX:00000000 ESI:00000284 EDI:0000211E EBP:00007BD8 ESP:00007BC2 DS:F600 ES:1688 FS:0000 GS:0000 SS:3E00 CF:1 ZF:0 SF:1 OF:0 AF:0 PF:0 IF:1
165E:000001B9  inc  bx                                                EAX:00000000 EBX:00000A8E ECX:00007FEA EDX:00000000 ESI:00000284 EDI:0000211E EBP:00007BD8 ESP:00007BC2 DS:F600 ES:1688 FS:0000 GS:0000 SS:3E00 CF:0 ZF:0 SF:1 OF:0 AF:0 PF:1 IF:1
165E:000001BA  inc  bx                                                EAX:00000000 EBX:00000A8F ECX:00007FEA EDX:00000000 ESI:00000284 EDI:0000211E EBP:00007BD8 ESP:00007BC2 DS:F600 ES:1688 FS:0000 GS:0000 SS:3E00 CF:0 ZF:0 SF:0 OF:0 AF:0 PF:0 IF:1
165E:000001BB  cmp  bx,0B19                                           EAX:00000000 EBX:00000A90 ECX:00007FEA EDX:00000000 ESI:00000284 EDI:0000211E EBP:00007BD8 ESP:00007BC2 DS:F600 ES:1688 FS:0000 GS:0000 SS:3E00 CF:0 ZF:0 SF:0 OF:0 AF:1 PF:1 IF:1
165E:000001BF  jc   000001B5 ($-c)             (up)                   EAX:00000000 EBX:00000A90 ECX:00007FEA EDX:00000000 ESI:00000284 EDI:0000211E EBP:00007BD8 ESP:00007BC2 DS:F600 ES:1688 FS:0000 GS:0000 SS:3E00 CF:1 ZF:0 SF:1 OF:0 AF:1 PF:1 IF:1
165E:000001B5  lodsw                                                  EAX:00000000 EBX:00000A90 ECX:00007FEA EDX:00000000 ESI:00000284 EDI:0000211E EBP:00007BD8 ESP:00007BC2 DS:F600 ES:1688 FS:0000 GS:0000 SS:3E00 CF:1 ZF:0 SF:1 OF:0 AF:1 PF:1 IF:1
165E:000001B6  xor  es:[bx],ax                 es:[0A90]=5FDD         EAX:00000000 EBX:00000A90 ECX:00007FEA EDX:00000000 ESI:00000286 EDI:0000211E EBP:00007BD8 ESP:00007BC2 DS:F600 ES:1688 FS:0000 GS:0000 SS:3E00 CF:1 ZF:0 SF:1 OF:0 AF:1 PF:1 IF:1
165E:000001B9  inc  bx                                                EAX:00000000 EBX:00000A90 ECX:00007FEA EDX:00000000 ESI:00000286 EDI:0000211E EBP:00007BD8 ESP:00007BC2 DS:F600 ES:1688 FS:0000 GS:0000 SS:3E00 CF:0 ZF:0 SF:0 OF:0 AF:0 PF:1 IF:1
165E:000001BA  inc  bx                                                EAX:00000000 EBX:00000A91 ECX:00007FEA EDX:00000000 ESI:00000286 EDI:0000211E EBP:00007BD8 ESP:00007BC2 DS:F600 ES:1688 FS:0000 GS:0000 SS:3E00 CF:0 ZF:0 SF:0 OF:0 AF:0 PF:0 IF:1
165E:000001BB  cmp  bx,0B19                                           EAX:00000000 EBX:00000A92 ECX:00007FEA EDX:00000000 ESI:00000286 EDI:0000211E EBP:00007BD8 ESP:00007BC2 DS:F600 ES:1688 FS:0000 GS:0000 SS:3E00 CF:0 ZF:0 SF:0 OF:0 AF:0 PF:0 IF:1
165E:000001BF  jc   000001B5 ($-c)             (up)                   EAX:00000000 EBX:00000A92 ECX:00007FEA EDX:00000000 ESI:00000286 EDI:0000211E EBP:00007BD8 ESP:00007BC2 DS:F600 ES:1688 FS:0000 GS:0000 SS:3E00 CF:1 ZF:0 SF:1 OF:0 AF:1 PF:0 IF:1
165E:000001B5  lodsw                                                  EAX:00000000 EBX:00000A92 ECX:00007FEA EDX:00000000 ESI:00000286 EDI:0000211E EBP:00007BD8 ESP:00007BC2 DS:F600 ES:1688 FS:0000 GS:0000 SS:3E00 CF:1 ZF:0 SF:1 OF:0 AF:1 PF:0 IF:1
165E:000001B6  xor  es:[bx],ax                 es:[0A92]=1008         EAX:00000000 EBX:00000A92 ECX:00007FEA EDX:00000000 ESI:00000288 EDI:0000211E EBP:00007BD8 ESP:00007BC2 DS:F600 ES:1688 FS:0000 GS:0000 SS:3E00 CF:1 ZF:0 SF:1 OF:0 AF:1 PF:0 IF:1
165E:000001B9  inc  bx                                                EAX:00000000 EBX:00000A92 ECX:00007FEA EDX:00000000 ESI:00000288 EDI:0000211E EBP:00007BD8 ESP:00007BC2 DS:F600 ES:1688 FS:0000 GS:0000 SS:3E00 CF:0 ZF:0 SF:0 OF:0 AF:0 PF:0 IF:1
165E:000001BA  inc  bx                                                EAX:00000000 EBX:00000A93 ECX:00007FEA EDX:00000000 ESI:00000288 EDI:0000211E EBP:00007BD8 ESP:00007BC2 DS:F600 ES:1688 FS:0000 GS:0000 SS:3E00 CF:0 ZF:0 SF:0 OF:0 AF:0 PF:1 IF:1
165E:000001BB  cmp  bx,0B19                                           EAX:00000000 EBX:00000A94 ECX:00007FEA EDX:00000000 ESI:00000288 EDI:0000211E EBP:00007BD8 ESP:00007BC2 DS:F600 ES:1688 FS:0000 GS:0000 SS:3E00 CF:0 ZF:0 SF:0 OF:0 AF:0 PF:0 IF:1
165E:000001BF  jc   000001B5 ($-c)             (up)                   EAX:00000000 EBX:00000A94 ECX:00007FEA EDX:00000000 ESI:00000288 EDI:0000211E EBP:00007BD8 ESP:00007BC2 DS:F600 ES:1688 FS:0000 GS:0000 SS:3E00 CF:1 ZF:0 SF:1 OF:0 AF:1 PF:1 IF:1
165E:000001B5  lodsw                                                  EAX:00000000 EBX:00000A94 ECX:00007FEA EDX:00000000 ESI:00000288 EDI:0000211E EBP:00007BD8 ESP:00007BC2 DS:F600 ES:1688 FS:0000 GS:0000 SS:3E00 CF:1 ZF:0 SF:1 OF:0 AF:1 PF:1 IF:1
165E:000001B6  xor  es:[bx],ax                 es:[0A94]=8C15         EAX:00000000 EBX:00000A94 ECX:00007FEA EDX:00000000 ESI:0000028A EDI:0000211E EBP:00007BD8 ESP:00007BC2 DS:F600 ES:1688 FS:0000 GS:0000 SS:3E00 CF:1 ZF:0 SF:1 OF:0 AF:1 PF:1 IF:1
165E:000001B9  inc  bx                                                EAX:00000000 EBX:00000A94 ECX:00007FEA EDX:00000000 ESI:0000028A EDI:0000211E EBP:00007BD8 ESP:00007BC2 DS:F600 ES:1688 FS:0000 GS:0000 SS:3E00 CF:0 ZF:0 SF:1 OF:0 AF:0 PF:0 IF:1
165E:000001BA  inc  bx                                                EAX:00000000 EBX:00000A95 ECX:00007FEA EDX:00000000 ESI:0000028A EDI:0000211E EBP:00007BD8 ESP:00007BC2 DS:F600 ES:1688 FS:0000 GS:0000 SS:3E00 CF:0 ZF:0 SF:0 OF:0 AF:0 PF:1 IF:1
165E:000001BB  cmp  bx,0B19                                           EAX:00000000 EBX:00000A96 ECX:00007FEA EDX:00000000 ESI:0000028A EDI:0000211E EBP:00007BD8 ESP:00007BC2 DS:F600 ES:1688 FS:0000 GS:0000 SS:3E00 CF:0 ZF:0 SF:0 OF:0 AF:0 PF:1 IF:1
165E:000001BF  jc   000001B5 ($-c)             (up)                   EAX:00000000 EBX:00000A96 ECX:00007FEA EDX:00000000 ESI:0000028A EDI:0000211E EBP:00007BD8 ESP:00007BC2 DS:F600 ES:1688 FS:0000 GS:0000 SS:3E00 CF:1 ZF:0 SF:1 OF:0 AF:1 PF:1 IF:1
165E:000001B5  lodsw                                                  EAX:00000000 EBX:00000A96 ECX:00007FEA EDX:00000000 ESI:0000028A EDI:0000211E EBP:00007BD8 ESP:00007BC2 DS:F600 ES:1688 FS:0000 GS:0000 SS:3E00 CF:1 ZF:0 SF:1 OF:0 AF:1 PF:1 IF:1
165E:000001B6  xor  es:[bx],ax                 es:[0A96]=A652         EAX:00000000 EBX:00000A96 ECX:00007FEA EDX:00000000 ESI:0000028C EDI:0000211E EBP:00007BD8 ESP:00007BC2 DS:F600 ES:1688 FS:0000 GS:0000 SS:3E00 CF:1 ZF:0 SF:1 OF:0 AF:1 PF:1 IF:1
165E:000001B9  inc  bx                                                EAX:00000000 EBX:00000A96 ECX:00007FEA EDX:00000000 ESI:0000028C EDI:0000211E EBP:00007BD8 ESP:00007BC2 DS:F600 ES:1688 FS:0000 GS:0000 SS:3E00 CF:0 ZF:0 SF:1 OF:0 AF:0 PF:0 IF:1
165E:000001BA  inc  bx                                                EAX:00000000 EBX:00000A97 ECX:00007FEA EDX:00000000 ESI:0000028C EDI:0000211E EBP:00007BD8 ESP:00007BC2 DS:F600 ES:1688 FS:0000 GS:0000 SS:3E00 CF:0 ZF:0 SF:0 OF:0 AF:0 PF:0 IF:1
165E:000001BB  cmp  bx,0B19                                           EAX:00000000 EBX:00000A98 ECX:00007FEA EDX:00000000 ESI:0000028C EDI:0000211E EBP:00007BD8 ESP:00007BC2 DS:F600 ES:1688 FS:0000 GS:0000 SS:3E00 CF:0 ZF:0 SF:0 OF:0 AF:0 PF:0 IF:1
165E:000001BF  jc   000001B5 ($-c)             (up)                   EAX:00000000 EBX:00000A98 ECX:00007FEA EDX:00000000 ESI:0000028C EDI:0000211E EBP:00007BD8 ESP:00007BC2 DS:F600 ES:1688 FS:0000 GS:0000 SS:3E00 CF:1 ZF:0 SF:1 OF:0 AF:1 PF:0 IF:1
165E:000001B5  lodsw                                                  EAX:00000000 EBX:00000A98 ECX:00007FEA EDX:00000000 ESI:0000028C EDI:0000211E EBP:00007BD8 ESP:00007BC2 DS:F600 ES:1688 FS:0000 GS:0000 SS:3E00 CF:1 ZF:0 SF:1 OF:0 AF:1 PF:0 IF:1
165E:000001B6  xor  es:[bx],ax                 es:[0A98]=C418         EAX:00000000 EBX:00000A98 ECX:00007FEA EDX:00000000 ESI:0000028E EDI:0000211E EBP:00007BD8 ESP:00007BC2 DS:F600 ES:1688 FS:0000 GS:0000 SS:3E00 CF:1 ZF:0 SF:1 OF:0 AF:1 PF:0 IF:1
165E:000001B9  inc  bx                                                EAX:00000000 EBX:00000A98 ECX:00007FEA EDX:00000000 ESI:0000028E EDI:0000211E EBP:00007BD8 ESP:00007BC2 DS:F600 ES:1688 FS:0000 GS:0000 SS:3E00 CF:0 ZF:0 SF:1 OF:0 AF:0 PF:1 IF:1
165E:000001BA  inc  bx                                                EAX:00000000 EBX:00000A99 ECX:00007FEA EDX:00000000 ESI:0000028E EDI:0000211E EBP:00007BD8 ESP:00007BC2 DS:F600 ES:1688 FS:0000 GS:0000 SS:3E00 CF:0 ZF:0 SF:0 OF:0 AF:0 PF:1 IF:1
165E:000001BB  cmp  bx,0B19                                           EAX:00000000 EBX:00000A9A ECX:00007FEA EDX:00000000 ESI:0000028E EDI:0000211E EBP:00007BD8 ESP:00007BC2 DS:F600 ES:1688 FS:0000 GS:0000 SS:3E00 CF:0 ZF:0 SF:0 OF:0 AF:0 PF:1 IF:1
165E:000001BF  jc   000001B5 ($-c)             (up)                   EAX:00000000 EBX:00000A9A ECX:00007FEA EDX:00000000 ESI:0000028E EDI:0000211E EBP:00007BD8 ESP:00007BC2 DS:F600 ES:1688 FS:0000 GS:0000 SS:3E00 CF:1 ZF:0 SF:1 OF:0 AF:0 PF:1 IF:1
165E:000001B5  lodsw                                                  EAX:00000000 EBX:00000A9A ECX:00007FEA EDX:00000000 ESI:0000028E EDI:0000211E EBP:00007BD8 ESP:00007BC2 DS:F600 ES:1688 FS:0000 GS:0000 SS:3E00 CF:1 ZF:0 SF:1 OF:0 AF:0 PF:1 IF:1
165E:000001B6  xor  es:[bx],ax                 es:[0A9A]=A49E         EAX:00000000 EBX:00000A9A ECX:00007FEA EDX:00000000 ESI:00000290 EDI:0000211E EBP:00007BD8 ESP:00007BC2 DS:F600 ES:1688 FS:0000 GS:0000 SS:3E00 CF:1 ZF:0 SF:1 OF:0 AF:0 PF:1 IF:1
165E:000001B9  inc  bx                                                EAX:00000000 EBX:00000A9A ECX:00007FEA EDX:00000000 ESI:00000290 EDI:0000211E EBP:00007BD8 ESP:00007BC2 DS:F600 ES:1688 FS:0000 GS:0000 SS:3E00 CF:0 ZF:0 SF:1 OF:0 AF:0 PF:0 IF:1
165E:000001BA  inc  bx                                                EAX:00000000 EBX:00000A9B ECX:00007FEA EDX:00000000 ESI:00000290 EDI:0000211E EBP:00007BD8 ESP:00007BC2 DS:F600 ES:1688 FS:0000 GS:0000 SS:3E00 CF:0 ZF:0 SF:0 OF:0 AF:0 PF:0 IF:1
165E:000001BB  cmp  bx,0B19                                           EAX:00000000 EBX:00000A9C ECX:00007FEA EDX:00000000 ESI:00000290 EDI:0000211E EBP:00007BD8 ESP:00007BC2 DS:F600 ES:1688 FS:0000 GS:0000 SS:3E00 CF:0 ZF:0 SF:0 OF:0 AF:0 PF:1 IF:1
165E:000001BF  jc   000001B5 ($-c)             (up)                   EAX:00000000 EBX:00000A9C ECX:00007FEA EDX:00000000 ESI:00000290 EDI:0000211E EBP:00007BD8 ESP:00007BC2 DS:F600 ES:1688 FS:0000 GS:0000 SS:3E00 CF:1 ZF:0 SF:1 OF:0 AF:0 PF:0 IF:1
165E:000001B5  lodsw                                                  EAX:00000000 EBX:00000A9C ECX:00007FEA EDX:00000000 ESI:00000290 EDI:0000211E EBP:00007BD8 ESP:00007BC2 DS:F600 ES:1688 FS:0000 GS:0000 SS:3E00 CF:1 ZF:0 SF:1 OF:0 AF:0 PF:0 IF:1
165E:000001B6  xor  es:[bx],ax                 es:[0A9C]=17D0         EAX:00000000 EBX:00000A9C ECX:00007FEA EDX:00000000 ESI:00000292 EDI:0000211E EBP:00007BD8 ESP:00007BC2 DS:F600 ES:1688 FS:0000 GS:0000 SS:3E00 CF:1 ZF:0 SF:1 OF:0 AF:0 PF:0 IF:1
165E:000001B9  inc  bx                                                EAX:00000000 EBX:00000A9C ECX:00007FEA EDX:00000000 ESI:00000292 EDI:0000211E EBP:00007BD8 ESP:00007BC2 DS:F600 ES:1688 FS:0000 GS:0000 SS:3E00 CF:0 ZF:0 SF:0 OF:0 AF:0 PF:0 IF:1
165E:000001BA  inc  bx                                                EAX:00000000 EBX:00000A9D ECX:00007FEA EDX:00000000 ESI:00000292 EDI:0000211E EBP:00007BD8 ESP:00007BC2 DS:F600 ES:1688 FS:0000 GS:0000 SS:3E00 CF:0 ZF:0 SF:0 OF:0 AF:0 PF:0 IF:1
165E:000001BB  cmp  bx,0B19                                           EAX:00000000 EBX:00000A9E ECX:00007FEA EDX:00000000 ESI:00000292 EDI:0000211E EBP:00007BD8 ESP:00007BC2 DS:F600 ES:1688 FS:0000 GS:0000 SS:3E00 CF:0 ZF:0 SF:0 OF:0 AF:0 PF:0 IF:1
165E:000001BF  jc   000001B5 ($-c)             (up)                   EAX:00000000 EBX:00000A9E ECX:00007FEA EDX:00000000 ESI:00000292 EDI:0000211E EBP:00007BD8 ESP:00007BC2 DS:F600 ES:1688 FS:0000 GS:0000 SS:3E00 CF:1 ZF:0 SF:1 OF:0 AF:0 PF:0 IF:1
165E:000001B5  lodsw                                                  EAX:00000000 EBX:00000A9E ECX:00007FEA EDX:00000000 ESI:00000292 EDI:0000211E EBP:00007BD8 ESP:00007BC2 DS:F600 ES:1688 FS:0000 GS:0000 SS:3E00 CF:1 ZF:0 SF:1 OF:0 AF:0 PF:0 IF:1
165E:000001B6  xor  es:[bx],ax                 es:[0A9E]=425B         EAX:00000000 EBX:00000A9E ECX:00007FEA EDX:00000000 ESI:00000294 EDI:0000211E EBP:00007BD8 ESP:00007BC2 DS:F600 ES:1688 FS:0000 GS:0000 SS:3E00 CF:1 ZF:0 SF:1 OF:0 AF:0 PF:0 IF:1
165E:000001B9  inc  bx                                                EAX:00000000 EBX:00000A9E ECX:00007FEA EDX:00000000 ESI:00000294 EDI:0000211E EBP:00007BD8 ESP:00007BC2 DS:F600 ES:1688 FS:0000 GS:0000 SS:3E00 CF:0 ZF:0 SF:0 OF:0 AF:0 PF:0 IF:1
165E:000001BA  inc  bx                                                EAX:00000000 EBX:00000A9F ECX:00007FEA EDX:00000000 ESI:00000294 EDI:0000211E EBP:00007BD8 ESP:00007BC2 DS:F600 ES:1688 FS:0000 GS:0000 SS:3E00 CF:0 ZF:0 SF:0 OF:0 AF:0 PF:1 IF:1
165E:000001BB  cmp  bx,0B19                                           EAX:00000000 EBX:00000AA0 ECX:00007FEA EDX:00000000 ESI:00000294 EDI:0000211E EBP:00007BD8 ESP:00007BC2 DS:F600 ES:1688 FS:0000 GS:0000 SS:3E00 CF:0 ZF:0 SF:0 OF:0 AF:1 PF:1 IF:1
165E:000001BF  jc   000001B5 ($-c)             (up)                   EAX:00000000 EBX:00000AA0 ECX:00007FEA EDX:00000000 ESI:00000294 EDI:0000211E EBP:00007BD8 ESP:00007BC2 DS:F600 ES:1688 FS:0000 GS:0000 SS:3E00 CF:1 ZF:0 SF:1 OF:0 AF:1 PF:1 IF:1
165E:000001B5  lodsw                                                  EAX:00000000 EBX:00000AA0 ECX:00007FEA EDX:00000000 ESI:00000294 EDI:0000211E EBP:00007BD8 ESP:00007BC2 DS:F600 ES:1688 FS:0000 GS:0000 SS:3E00 CF:1 ZF:0 SF:1 OF:0 AF:1 PF:1 IF:1
165E:000001B6  xor  es:[bx],ax                 es:[0AA0]=E1C0         EAX:00000000 EBX:00000AA0 ECX:00007FEA EDX:00000000 ESI:00000296 EDI:0000211E EBP:00007BD8 ESP:00007BC2 DS:F600 ES:1688 FS:0000 GS:0000 SS:3E00 CF:1 ZF:0 SF:1 OF:0 AF:1 PF:1 IF:1
165E:000001B9  inc  bx                                                EAX:00000000 EBX:00000AA0 ECX:00007FEA EDX:00000000 ESI:00000296 EDI:0000211E EBP:00007BD8 ESP:00007BC2 DS:F600 ES:1688 FS:0000 GS:0000 SS:3E00 CF:0 ZF:0 SF:1 OF:0 AF:0 PF:1 IF:1
165E:000001BA  inc  bx                                                EAX:00000000 EBX:00000AA1 ECX:00007FEA EDX:00000000 ESI:00000296 EDI:0000211E EBP:00007BD8 ESP:00007BC2 DS:F600 ES:1688 FS:0000 GS:0000 SS:3E00 CF:0 ZF:0 SF:0 OF:0 AF:0 PF:0 IF:1
165E:000001BB  cmp  bx,0B19                                           EAX:00000000 EBX:00000AA2 ECX:00007FEA EDX:00000000 ESI:00000296 EDI:0000211E EBP:00007BD8 ESP:00007BC2 DS:F600 ES:1688 FS:0000 GS:0000 SS:3E00 CF:0 ZF:0 SF:0 OF:0 AF:0 PF:0 IF:1
165E:000001BF  jc   000001B5 ($-c)             (up)                   EAX:00000000 EBX:00000AA2 ECX:00007FEA EDX:00000000 ESI:00000296 EDI:0000211E EBP:00007BD8 ESP:00007BC2 DS:F600 ES:1688 FS:0000 GS:0000 SS:3E00 CF:1 ZF:0 SF:1 OF:0 AF:1 PF:0 IF:1
165E:000001B5  lodsw                                                  EAX:00000000 EBX:00000AA2 ECX:00007FEA EDX:00000000 ESI:00000296 EDI:0000211E EBP:00007BD8 ESP:00007BC2 DS:F600 ES:1688 FS:0000 GS:0000 SS:3E00 CF:1 ZF:0 SF:1 OF:0 AF:1 PF:0 IF:1
165E:000001B6  xor  es:[bx],ax                 es:[0AA2]=4D26         EAX:00000000 EBX:00000AA2 ECX:00007FEA EDX:00000000 ESI:00000298 EDI:0000211E EBP:00007BD8 ESP:00007BC2 DS:F600 ES:1688 FS:0000 GS:0000 SS:3E00 CF:1 ZF:0 SF:1 OF:0 AF:1 PF:0 IF:1
165E:000001B9  inc  bx                                                EAX:00000000 EBX:00000AA2 ECX:00007FEA EDX:00000000 ESI:00000298 EDI:0000211E EBP:00007BD8 ESP:00007BC2 DS:F600 ES:1688 FS:0000 GS:0000 SS:3E00 CF:0 ZF:0 SF:0 OF:0 AF:0 PF:0 IF:1
165E:000001BA  inc  bx                                                EAX:00000000 EBX:00000AA3 ECX:00007FEA EDX:00000000 ESI:00000298 EDI:0000211E EBP:00007BD8 ESP:00007BC2 DS:F600 ES:1688 FS:0000 GS:0000 SS:3E00 CF:0 ZF:0 SF:0 OF:0 AF:0 PF:1 IF:1
165E:000001BB  cmp  bx,0B19                                           EAX:00000000 EBX:00000AA4 ECX:00007FEA EDX:00000000 ESI:00000298 EDI:0000211E EBP:00007BD8 ESP:00007BC2 DS:F600 ES:1688 FS:0000 GS:0000 SS:3E00 CF:0 ZF:0 SF:0 OF:0 AF:0 PF:0 IF:1
165E:000001BF  jc   000001B5 ($-c)             (up)                   EAX:00000000 EBX:00000AA4 ECX:00007FEA EDX:00000000 ESI:00000298 EDI:0000211E EBP:00007BD8 ESP:00007BC2 DS:F600 ES:1688 FS:0000 GS:0000 SS:3E00 CF:1 ZF:0 SF:1 OF:0 AF:1 PF:1 IF:1
165E:000001B5  lodsw                                                  EAX:00000000 EBX:00000AA4 ECX:00007FEA EDX:00000000 ESI:00000298 EDI:0000211E EBP:00007BD8 ESP:00007BC2 DS:F600 ES:1688 FS:0000 GS:0000 SS:3E00 CF:1 ZF:0 SF:1 OF:0 AF:1 PF:1 IF:1
165E:000001B6  xor  es:[bx],ax                 es:[0AA4]=4DF2         EAX:00000000 EBX:00000AA4 ECX:00007FEA EDX:00000000 ESI:0000029A EDI:0000211E EBP:00007BD8 ESP:00007BC2 DS:F600 ES:1688 FS:0000 GS:0000 SS:3E00 CF:1 ZF:0 SF:1 OF:0 AF:1 PF:1 IF:1
165E:000001B9  inc  bx                                                EAX:00000000 EBX:00000AA4 ECX:00007FEA EDX:00000000 ESI:0000029A EDI:0000211E EBP:00007BD8 ESP:00007BC2 DS:F600 ES:1688 FS:0000 GS:0000 SS:3E00 CF:0 ZF:0 SF:0 OF:0 AF:0 PF:0 IF:1
165E:000001BA  inc  bx                                                EAX:00000000 EBX:00000AA5 ECX:00007FEA EDX:00000000 ESI:0000029A EDI:0000211E EBP:00007BD8 ESP:00007BC2 DS:F600 ES:1688 FS:0000 GS:0000 SS:3E00 CF:0 ZF:0 SF:0 OF:0 AF:0 PF:1 IF:1
165E:000001BB  cmp  bx,0B19                                           EAX:00000000 EBX:00000AA6 ECX:00007FEA EDX:00000000 ESI:0000029A EDI:0000211E EBP:00007BD8 ESP:00007BC2 DS:F600 ES:1688 FS:0000 GS:0000 SS:3E00 CF:0 ZF:0 SF:0 OF:0 AF:0 PF:1 IF:1
165E:000001BF  jc   000001B5 ($-c)             (up)                   EAX:00000000 EBX:00000AA6 ECX:00007FEA EDX:00000000 ESI:0000029A EDI:0000211E EBP:00007BD8 ESP:00007BC2 DS:F600 ES:1688 FS:0000 GS:0000 SS:3E00 CF:1 ZF:0 SF:1 OF:0 AF:1 PF:1 IF:1
165E:000001B5  lodsw                                                  EAX:00000000 EBX:00000AA6 ECX:00007FEA EDX:00000000 ESI:0000029A EDI:0000211E EBP:00007BD8 ESP:00007BC2 DS:F600 ES:1688 FS:0000 GS:0000 SS:3E00 CF:1 ZF:0 SF:1 OF:0 AF:1 PF:1 IF:1
165E:000001B6  xor  es:[bx],ax                 es:[0AA6]=D364         EAX:00000000 EBX:00000AA6 ECX:00007FEA EDX:00000000 ESI:0000029C EDI:0000211E EBP:00007BD8 ESP:00007BC2 DS:F600 ES:1688 FS:0000 GS:0000 SS:3E00 CF:1 ZF:0 SF:1 OF:0 AF:1 PF:1 IF:1
165E:000001B9  inc  bx                                                EAX:00000000 EBX:00000AA6 ECX:00007FEA EDX:00000000 ESI:0000029C EDI:0000211E EBP:00007BD8 ESP:00007BC2 DS:F600 ES:1688 FS:0000 GS:0000 SS:3E00 CF:0 ZF:0 SF:1 OF:0 AF:0 PF:0 IF:1
165E:000001BA  inc  bx                                                EAX:00000000 EBX:00000AA7 ECX:00007FEA EDX:00000000 ESI:0000029C EDI:0000211E EBP:00007BD8 ESP:00007BC2 DS:F600 ES:1688 FS:0000 GS:0000 SS:3E00 CF:0 ZF:0 SF:0 OF:0 AF:0 PF:0 IF:1
165E:000001BB  cmp  bx,0B19                                           EAX:00000000 EBX:00000AA8 ECX:00007FEA EDX:00000000 ESI:0000029C EDI:0000211E EBP:00007BD8 ESP:00007BC2 DS:F600 ES:1688 FS:0000 GS:0000 SS:3E00 CF:0 ZF:0 SF:0 OF:0 AF:0 PF:0 IF:1
165E:000001BF  jc   000001B5 ($-c)             (up)                   EAX:00000000 EBX:00000AA8 ECX:00007FEA EDX:00000000 ESI:0000029C EDI:0000211E EBP:00007BD8 ESP:00007BC2 DS:F600 ES:1688 FS:0000 GS:0000 SS:3E00 CF:1 ZF:0 SF:1 OF:0 AF:1 PF:0 IF:1
165E:000001B5  lodsw                                                  EAX:00000000 EBX:00000AA8 ECX:00007FEA EDX:00000000 ESI:0000029C EDI:0000211E EBP:00007BD8 ESP:00007BC2 DS:F600 ES:1688 FS:0000 GS:0000 SS:3E00 CF:1 ZF:0 SF:1 OF:0 AF:1 PF:0 IF:1
165E:000001B6  xor  es:[bx],ax                 es:[0AA8]=C672         EAX:00000000 EBX:00000AA8 ECX:00007FEA EDX:00000000 ESI:0000029E EDI:0000211E EBP:00007BD8 ESP:00007BC2 DS:F600 ES:1688 FS:0000 GS:0000 SS:3E00 CF:1 ZF:0 SF:1 OF:0 AF:1 PF:0 IF:1
165E:000001B9  inc  bx                                                EAX:00000000 EBX:00000AA8 ECX:00007FEA EDX:00000000 ESI:0000029E EDI:0000211E EBP:00007BD8 ESP:00007BC2 DS:F600 ES:1688 FS:0000 GS:0000 SS:3E00 CF:0 ZF:0 SF:1 OF:0 AF:0 PF:1 IF:1
165E:000001BA  inc  bx                                                EAX:00000000 EBX:00000AA9 ECX:00007FEA EDX:00000000 ESI:0000029E EDI:0000211E EBP:00007BD8 ESP:00007BC2 DS:F600 ES:1688 FS:0000 GS:0000 SS:3E00 CF:0 ZF:0 SF:0 OF:0 AF:0 PF:1 IF:1
165E:000001BB  cmp  bx,0B19                                           EAX:00000000 EBX:00000AAA ECX:00007FEA EDX:00000000 ESI:0000029E EDI:0000211E EBP:00007BD8 ESP:00007BC2 DS:F600 ES:1688 FS:0000 GS:0000 SS:3E00 CF:0 ZF:0 SF:0 OF:0 AF:0 PF:1 IF:1
165E:000001BF  jc   000001B5 ($-c)             (up)                   EAX:00000000 EBX:00000AAA ECX:00007FEA EDX:00000000 ESI:0000029E EDI:0000211E EBP:00007BD8 ESP:00007BC2 DS:F600 ES:1688 FS:0000 GS:0000 SS:3E00 CF:1 ZF:0 SF:1 OF:0 AF:0 PF:0 IF:1
165E:000001B5  lodsw                                                  EAX:00000000 EBX:00000AAA ECX:00007FEA EDX:00000000 ESI:0000029E EDI:0000211E EBP:00007BD8 ESP:00007BC2 DS:F600 ES:1688 FS:0000 GS:0000 SS:3E00 CF:1 ZF:0 SF:1 OF:0 AF:0 PF:0 IF:1
165E:000001B6  xor  es:[bx],ax                 es:[0AAA]=C412         EAX:00000000 EBX:00000AAA ECX:00007FEA EDX:00000000 ESI:000002A0 EDI:0000211E EBP:00007BD8 ESP:00007BC2 DS:F600 ES:1688 FS:0000 GS:0000 SS:3E00 CF:1 ZF:0 SF:1 OF:0 AF:0 PF:0 IF:1
165E:000001B9  inc  bx                                                EAX:00000000 EBX:00000AAA ECX:00007FEA EDX:00000000 ESI:000002A0 EDI:0000211E EBP:00007BD8 ESP:00007BC2 DS:F600 ES:1688 FS:0000 GS:0000 SS:3E00 CF:0 ZF:0 SF:1 OF:0 AF:0 PF:1 IF:1
165E:000001BA  inc  bx                                                EAX:00000000 EBX:00000AAB ECX:00007FEA EDX:00000000 ESI:000002A0 EDI:0000211E EBP:00007BD8 ESP:00007BC2 DS:F600 ES:1688 FS:0000 GS:0000 SS:3E00 CF:0 ZF:0 SF:0 OF:0 AF:0 PF:0 IF:1
165E:000001BB  cmp  bx,0B19                                           EAX:00000000 EBX:00000AAC ECX:00007FEA EDX:00000000 ESI:000002A0 EDI:0000211E EBP:00007BD8 ESP:00007BC2 DS:F600 ES:1688 FS:0000 GS:0000 SS:3E00 CF:0 ZF:0 SF:0 OF:0 AF:0 PF:1 IF:1
165E:000001BF  jc   000001B5 ($-c)             (up)                   EAX:00000000 EBX:00000AAC ECX:00007FEA EDX:00000000 ESI:000002A0 EDI:0000211E EBP:00007BD8 ESP:00007BC2 DS:F600 ES:1688 FS:0000 GS:0000 SS:3E00 CF:1 ZF:0 SF:1 OF:0 AF:0 PF:1 IF:1
165E:000001B5  lodsw                                                  EAX:00000000 EBX:00000AAC ECX:00007FEA EDX:00000000 ESI:000002A0 EDI:0000211E EBP:00007BD8 ESP:00007BC2 DS:F600 ES:1688 FS:0000 GS:0000 SS:3E00 CF:1 ZF:0 SF:1 OF:0 AF:0 PF:1 IF:1
165E:000001B6  xor  es:[bx],ax                 es:[0AAC]=A7CC         EAX:00000000 EBX:00000AAC ECX:00007FEA EDX:00000000 ESI:000002A2 EDI:0000211E EBP:00007BD8 ESP:00007BC2 DS:F600 ES:1688 FS:0000 GS:0000 SS:3E00 CF:1 ZF:0 SF:1 OF:0 AF:0 PF:1 IF:1
165E:000001B9  inc  bx                                                EAX:00000000 EBX:00000AAC ECX:00007FEA EDX:00000000 ESI:000002A2 EDI:0000211E EBP:00007BD8 ESP:00007BC2 DS:F600 ES:1688 FS:0000 GS:0000 SS:3E00 CF:0 ZF:0 SF:1 OF:0 AF:0 PF:1 IF:1
165E:000001BA  inc  bx                                                EAX:00000000 EBX:00000AAD ECX:00007FEA EDX:00000000 ESI:000002A2 EDI:0000211E EBP:00007BD8 ESP:00007BC2 DS:F600 ES:1688 FS:0000 GS:0000 SS:3E00 CF:0 ZF:0 SF:0 OF:0 AF:0 PF:0 IF:1
165E:000001BB  cmp  bx,0B19                                           EAX:00000000 EBX:00000AAE ECX:00007FEA EDX:00000000 ESI:000002A2 EDI:0000211E EBP:00007BD8 ESP:00007BC2 DS:F600 ES:1688 FS:0000 GS:0000 SS:3E00 CF:0 ZF:0 SF:0 OF:0 AF:0 PF:0 IF:1
165E:000001BF  jc   000001B5 ($-c)             (up)                   EAX:00000000 EBX:00000AAE ECX:00007FEA EDX:00000000 ESI:000002A2 EDI:0000211E EBP:00007BD8 ESP:00007BC2 DS:F600 ES:1688 FS:0000 GS:0000 SS:3E00 CF:1 ZF:0 SF:1 OF:0 AF:0 PF:1 IF:1
165E:000001B5  lodsw                                                  EAX:00000000 EBX:00000AAE ECX:00007FEA EDX:00000000 ESI:000002A2 EDI:0000211E EBP:00007BD8 ESP:00007BC2 DS:F600 ES:1688 FS:0000 GS:0000 SS:3E00 CF:1 ZF:0 SF:1 OF:0 AF:0 PF:1 IF:1
165E:000001B6  xor  es:[bx],ax                 es:[0AAE]=544D         EAX:00000000 EBX:00000AAE ECX:00007FEA EDX:00000000 ESI:000002A4 EDI:0000211E EBP:00007BD8 ESP:00007BC2 DS:F600 ES:1688 FS:0000 GS:0000 SS:3E00 CF:1 ZF:0 SF:1 OF:0 AF:0 PF:1 IF:1
165E:000001B9  inc  bx                                                EAX:00000000 EBX:00000AAE ECX:00007FEA EDX:00000000 ESI:000002A4 EDI:0000211E EBP:00007BD8 ESP:00007BC2 DS:F600 ES:1688 FS:0000 GS:0000 SS:3E00 CF:0 ZF:0 SF:0 OF:0 AF:0 PF:1 IF:1
165E:000001BA  inc  bx                                                EAX:00000000 EBX:00000AAF ECX:00007FEA EDX:00000000 ESI:000002A4 EDI:0000211E EBP:00007BD8 ESP:00007BC2 DS:F600 ES:1688 FS:0000 GS:0000 SS:3E00 CF:0 ZF:0 SF:0 OF:0 AF:0 PF:1 IF:1
165E:000001BB  cmp  bx,0B19                                           EAX:00000000 EBX:00000AB0 ECX:00007FEA EDX:00000000 ESI:000002A4 EDI:0000211E EBP:00007BD8 ESP:00007BC2 DS:F600 ES:1688 FS:0000 GS:0000 SS:3E00 CF:0 ZF:0 SF:0 OF:0 AF:1 PF:0 IF:1
165E:000001BF  jc   000001B5 ($-c)             (up)                   EAX:00000000 EBX:00000AB0 ECX:00007FEA EDX:00000000 ESI:000002A4 EDI:0000211E EBP:00007BD8 ESP:00007BC2 DS:F600 ES:1688 FS:0000 GS:0000 SS:3E00 CF:1 ZF:0 SF:1 OF:0 AF:1 PF:0 IF:1
165E:000001B5  lodsw                                                  EAX:00000000 EBX:00000AB0 ECX:00007FEA EDX:00000000 ESI:000002A4 EDI:0000211E EBP:00007BD8 ESP:00007BC2 DS:F600 ES:1688 FS:0000 GS:0000 SS:3E00 CF:1 ZF:0 SF:1 OF:0 AF:1 PF:0 IF:1
165E:000001B6  xor  es:[bx],ax                 es:[0AB0]=41E0         EAX:00000000 EBX:00000AB0 ECX:00007FEA EDX:00000000 ESI:000002A6 EDI:0000211E EBP:00007BD8 ESP:00007BC2 DS:F600 ES:1688 FS:0000 GS:0000 SS:3E00 CF:1 ZF:0 SF:1 OF:0 AF:1 PF:0 IF:1
165E:000001B9  inc  bx                                                EAX:00000000 EBX:00000AB0 ECX:00007FEA EDX:00000000 ESI:000002A6 EDI:0000211E EBP:00007BD8 ESP:00007BC2 DS:F600 ES:1688 FS:0000 GS:0000 SS:3E00 CF:0 ZF:0 SF:0 OF:0 AF:0 PF:0 IF:1
165E:000001BA  inc  bx                                                EAX:00000000 EBX:00000AB1 ECX:00007FEA EDX:00000000 ESI:000002A6 EDI:0000211E EBP:00007BD8 ESP:00007BC2 DS:F600 ES:1688 FS:0000 GS:0000 SS:3E00 CF:0 ZF:0 SF:0 OF:0 AF:0 PF:1 IF:1
165E:000001BB  cmp  bx,0B19                                           EAX:00000000 EBX:00000AB2 ECX:00007FEA EDX:00000000 ESI:000002A6 EDI:0000211E EBP:00007BD8 ESP:00007BC2 DS:F600 ES:1688 FS:0000 GS:0000 SS:3E00 CF:0 ZF:0 SF:0 OF:0 AF:0 PF:1 IF:1
165E:000001BF  jc   000001B5 ($-c)             (up)                   EAX:00000000 EBX:00000AB2 ECX:00007FEA EDX:00000000 ESI:000002A6 EDI:0000211E EBP:00007BD8 ESP:00007BC2 DS:F600 ES:1688 FS:0000 GS:0000 SS:3E00 CF:1 ZF:0 SF:1 OF:0 AF:1 PF:1 IF:1
165E:000001B5  lodsw                                                  EAX:00000000 EBX:00000AB2 ECX:00007FEA EDX:00000000 ESI:000002A6 EDI:0000211E EBP:00007BD8 ESP:00007BC2 DS:F600 ES:1688 FS:0000 GS:0000 SS:3E00 CF:1 ZF:0 SF:1 OF:0 AF:1 PF:1 IF:1
165E:000001B6  xor  es:[bx],ax                 es:[0AB2]=32BA         EAX:00000000 EBX:00000AB2 ECX:00007FEA EDX:00000000 ESI:000002A8 EDI:0000211E EBP:00007BD8 ESP:00007BC2 DS:F600 ES:1688 FS:0000 GS:0000 SS:3E00 CF:1 ZF:0 SF:1 OF:0 AF:1 PF:1 IF:1
165E:000001B9  inc  bx                                                EAX:00000000 EBX:00000AB2 ECX:00007FEA EDX:00000000 ESI:000002A8 EDI:0000211E EBP:00007BD8 ESP:00007BC2 DS:F600 ES:1688 FS:0000 GS:0000 SS:3E00 CF:0 ZF:0 SF:0 OF:0 AF:0 PF:0 IF:1
165E:000001BA  inc  bx                                                EAX:00000000 EBX:00000AB3 ECX:00007FEA EDX:00000000 ESI:000002A8 EDI:0000211E EBP:00007BD8 ESP:00007BC2 DS:F600 ES:1688 FS:0000 GS:0000 SS:3E00 CF:0 ZF:0 SF:0 OF:0 AF:0 PF:0 IF:1
165E:000001BB  cmp  bx,0B19                                           EAX:00000000 EBX:00000AB4 ECX:00007FEA EDX:00000000 ESI:000002A8 EDI:0000211E EBP:00007BD8 ESP:00007BC2 DS:F600 ES:1688 FS:0000 GS:0000 SS:3E00 CF:0 ZF:0 SF:0 OF:0 AF:0 PF:1 IF:1
165E:000001BF  jc   000001B5 ($-c)             (up)                   EAX:00000000 EBX:00000AB4 ECX:00007FEA EDX:00000000 ESI:000002A8 EDI:0000211E EBP:00007BD8 ESP:00007BC2 DS:F600 ES:1688 FS:0000 GS:0000 SS:3E00 CF:1 ZF:0 SF:1 OF:0 AF:1 PF:0 IF:1
165E:000001B5  lodsw                                                  EAX:00000000 EBX:00000AB4 ECX:00007FEA EDX:00000000 ESI:000002A8 EDI:0000211E EBP:00007BD8 ESP:00007BC2 DS:F600 ES:1688 FS:0000 GS:0000 SS:3E00 CF:1 ZF:0 SF:1 OF:0 AF:1 PF:0 IF:1
165E:000001B6  xor  es:[bx],ax                 es:[0AB4]=3C80         EAX:00000000 EBX:00000AB4 ECX:00007FEA EDX:00000000 ESI:000002AA EDI:0000211E EBP:00007BD8 ESP:00007BC2 DS:F600 ES:1688 FS:0000 GS:0000 SS:3E00 CF:1 ZF:0 SF:1 OF:0 AF:1 PF:0 IF:1
165E:000001B9  inc  bx                                                EAX:00000000 EBX:00000AB4 ECX:00007FEA EDX:00000000 ESI:000002AA EDI:0000211E EBP:00007BD8 ESP:00007BC2 DS:F600 ES:1688 FS:0000 GS:0000 SS:3E00 CF:0 ZF:0 SF:0 OF:0 AF:0 PF:0 IF:1
165E:000001BA  inc  bx                                                EAX:00000000 EBX:00000AB5 ECX:00007FEA EDX:00000000 ESI:000002AA EDI:0000211E EBP:00007BD8 ESP:00007BC2 DS:F600 ES:1688 FS:0000 GS:0000 SS:3E00 CF:0 ZF:0 SF:0 OF:0 AF:0 PF:0 IF:1
165E:000001BB  cmp  bx,0B19                                           EAX:00000000 EBX:00000AB6 ECX:00007FEA EDX:00000000 ESI:000002AA EDI:0000211E EBP:00007BD8 ESP:00007BC2 DS:F600 ES:1688 FS:0000 GS:0000 SS:3E00 CF:0 ZF:0 SF:0 OF:0 AF:0 PF:0 IF:1
165E:000001BF  jc   000001B5 ($-c)             (up)                   EAX:00000000 EBX:00000AB6 ECX:00007FEA EDX:00000000 ESI:000002AA EDI:0000211E EBP:00007BD8 ESP:00007BC2 DS:F600 ES:1688 FS:0000 GS:0000 SS:3E00 CF:1 ZF:0 SF:1 OF:0 AF:1 PF:0 IF:1
165E:000001B5  lodsw                                                  EAX:00000000 EBX:00000AB6 ECX:00007FEA EDX:00000000 ESI:000002AA EDI:0000211E EBP:00007BD8 ESP:00007BC2 DS:F600 ES:1688 FS:0000 GS:0000 SS:3E00 CF:1 ZF:0 SF:1 OF:0 AF:1 PF:0 IF:1
165E:000001B6  xor  es:[bx],ax                 es:[0AB6]=BA5D         EAX:00000000 EBX:00000AB6 ECX:00007FEA EDX:00000000 ESI:000002AC EDI:0000211E EBP:00007BD8 ESP:00007BC2 DS:F600 ES:1688 FS:0000 GS:0000 SS:3E00 CF:1 ZF:0 SF:1 OF:0 AF:1 PF:0 IF:1
165E:000001B9  inc  bx                                                EAX:00000000 EBX:00000AB6 ECX:00007FEA EDX:00000000 ESI:000002AC EDI:0000211E EBP:00007BD8 ESP:00007BC2 DS:F600 ES:1688 FS:0000 GS:0000 SS:3E00 CF:0 ZF:0 SF:1 OF:0 AF:0 PF:0 IF:1
165E:000001BA  inc  bx                                                EAX:00000000 EBX:00000AB7 ECX:00007FEA EDX:00000000 ESI:000002AC EDI:0000211E EBP:00007BD8 ESP:00007BC2 DS:F600 ES:1688 FS:0000 GS:0000 SS:3E00 CF:0 ZF:0 SF:0 OF:0 AF:0 PF:1 IF:1
165E:000001BB  cmp  bx,0B19                                           EAX:00000000 EBX:00000AB8 ECX:00007FEA EDX:00000000 ESI:000002AC EDI:0000211E EBP:00007BD8 ESP:00007BC2 DS:F600 ES:1688 FS:0000 GS:0000 SS:3E00 CF:0 ZF:0 SF:0 OF:0 AF:0 PF:1 IF:1
165E:000001BF  jc   000001B5 ($-c)             (up)                   EAX:00000000 EBX:00000AB8 ECX:00007FEA EDX:00000000 ESI:000002AC EDI:0000211E EBP:00007BD8 ESP:00007BC2 DS:F600 ES:1688 FS:0000 GS:0000 SS:3E00 CF:1 ZF:0 SF:1 OF:0 AF:1 PF:1 IF:1
165E:000001B5  lodsw                                                  EAX:00000000 EBX:00000AB8 ECX:00007FEA EDX:00000000 ESI:000002AC EDI:0000211E EBP:00007BD8 ESP:00007BC2 DS:F600 ES:1688 FS:0000 GS:0000 SS:3E00 CF:1 ZF:0 SF:1 OF:0 AF:1 PF:1 IF:1
165E:000001B6  xor  es:[bx],ax                 es:[0AB8]=6E8F         EAX:00000000 EBX:00000AB8 ECX:00007FEA EDX:00000000 ESI:000002AE EDI:0000211E EBP:00007BD8 ESP:00007BC2 DS:F600 ES:1688 FS:0000 GS:0000 SS:3E00 CF:1 ZF:0 SF:1 OF:0 AF:1 PF:1 IF:1
165E:000001B9  inc  bx                                                EAX:00000000 EBX:00000AB8 ECX:00007FEA EDX:00000000 ESI:000002AE EDI:0000211E EBP:00007BD8 ESP:00007BC2 DS:F600 ES:1688 FS:0000 GS:0000 SS:3E00 CF:0 ZF:0 SF:0 OF:0 AF:0 PF:0 IF:1
165E:000001BA  inc  bx                                                EAX:00000000 EBX:00000AB9 ECX:00007FEA EDX:00000000 ESI:000002AE EDI:0000211E EBP:00007BD8 ESP:00007BC2 DS:F600 ES:1688 FS:0000 GS:0000 SS:3E00 CF:0 ZF:0 SF:0 OF:0 AF:0 PF:0 IF:1
165E:000001BB  cmp  bx,0B19                                           EAX:00000000 EBX:00000ABA ECX:00007FEA EDX:00000000 ESI:000002AE EDI:0000211E EBP:00007BD8 ESP:00007BC2 DS:F600 ES:1688 FS:0000 GS:0000 SS:3E00 CF:0 ZF:0 SF:0 OF:0 AF:0 PF:0 IF:1
165E:000001BF  jc   000001B5 ($-c)             (up)                   EAX:00000000 EBX:00000ABA ECX:00007FEA EDX:00000000 ESI:000002AE EDI:0000211E EBP:00007BD8 ESP:00007BC2 DS:F600 ES:1688 FS:0000 GS:0000 SS:3E00 CF:1 ZF:0 SF:1 OF:0 AF:0 PF:0 IF:1
165E:000001B5  lodsw                                                  EAX:00000000 EBX:00000ABA ECX:00007FEA EDX:00000000 ESI:000002AE EDI:0000211E EBP:00007BD8 ESP:00007BC2 DS:F600 ES:1688 FS:0000 GS:0000 SS:3E00 CF:1 ZF:0 SF:1 OF:0 AF:0 PF:0 IF:1
165E:000001B6  xor  es:[bx],ax                 es:[0ABA]=A820         EAX:00000000 EBX:00000ABA ECX:00007FEA EDX:00000000 ESI:000002B0 EDI:0000211E EBP:00007BD8 ESP:00007BC2 DS:F600 ES:1688 FS:0000 GS:0000 SS:3E00 CF:1 ZF:0 SF:1 OF:0 AF:0 PF:0 IF:1
165E:000001B9  inc  bx                                                EAX:00000000 EBX:00000ABA ECX:00007FEA EDX:00000000 ESI:000002B0 EDI:0000211E EBP:00007BD8 ESP:00007BC2 DS:F600 ES:1688 FS:0000 GS:0000 SS:3E00 CF:0 ZF:0 SF:1 OF:0 AF:0 PF:0 IF:1
165E:000001BA  inc  bx                                                EAX:00000000 EBX:00000ABB ECX:00007FEA EDX:00000000 ESI:000002B0 EDI:0000211E EBP:00007BD8 ESP:00007BC2 DS:F600 ES:1688 FS:0000 GS:0000 SS:3E00 CF:0 ZF:0 SF:0 OF:0 AF:0 PF:1 IF:1
165E:000001BB  cmp  bx,0B19                                           EAX:00000000 EBX:00000ABC ECX:00007FEA EDX:00000000 ESI:000002B0 EDI:0000211E EBP:00007BD8 ESP:00007BC2 DS:F600 ES:1688 FS:0000 GS:0000 SS:3E00 CF:0 ZF:0 SF:0 OF:0 AF:0 PF:0 IF:1
165E:000001BF  jc   000001B5 ($-c)             (up)                   EAX:00000000 EBX:00000ABC ECX:00007FEA EDX:00000000 ESI:000002B0 EDI:0000211E EBP:00007BD8 ESP:00007BC2 DS:F600 ES:1688 FS:0000 GS:0000 SS:3E00 CF:1 ZF:0 SF:1 OF:0 AF:0 PF:1 IF:1
165E:000001B5  lodsw                                                  EAX:00000000 EBX:00000ABC ECX:00007FEA EDX:00000000 ESI:000002B0 EDI:0000211E EBP:00007BD8 ESP:00007BC2 DS:F600 ES:1688 FS:0000 GS:0000 SS:3E00 CF:1 ZF:0 SF:1 OF:0 AF:0 PF:1 IF:1
165E:000001B6  xor  es:[bx],ax                 es:[0ABC]=3FB9         EAX:00000000 EBX:00000ABC ECX:00007FEA EDX:00000000 ESI:000002B2 EDI:0000211E EBP:00007BD8 ESP:00007BC2 DS:F600 ES:1688 FS:0000 GS:0000 SS:3E00 CF:1 ZF:0 SF:1 OF:0 AF:0 PF:1 IF:1
165E:000001B9  inc  bx                                                EAX:00000000 EBX:00000ABC ECX:00007FEA EDX:00000000 ESI:000002B2 EDI:0000211E EBP:00007BD8 ESP:00007BC2 DS:F600 ES:1688 FS:0000 GS:0000 SS:3E00 CF:0 ZF:0 SF:0 OF:0 AF:0 PF:0 IF:1
165E:000001BA  inc  bx                                                EAX:00000000 EBX:00000ABD ECX:00007FEA EDX:00000000 ESI:000002B2 EDI:0000211E EBP:00007BD8 ESP:00007BC2 DS:F600 ES:1688 FS:0000 GS:0000 SS:3E00 CF:0 ZF:0 SF:0 OF:0 AF:0 PF:1 IF:1
165E:000001BB  cmp  bx,0B19                                           EAX:00000000 EBX:00000ABE ECX:00007FEA EDX:00000000 ESI:000002B2 EDI:0000211E EBP:00007BD8 ESP:00007BC2 DS:F600 ES:1688 FS:0000 GS:0000 SS:3E00 CF:0 ZF:0 SF:0 OF:0 AF:0 PF:1 IF:1
165E:000001BF  jc   000001B5 ($-c)             (up)                   EAX:00000000 EBX:00000ABE ECX:00007FEA EDX:00000000 ESI:000002B2 EDI:0000211E EBP:00007BD8 ESP:00007BC2 DS:F600 ES:1688 FS:0000 GS:0000 SS:3E00 CF:1 ZF:0 SF:1 OF:0 AF:0 PF:1 IF:1
165E:000001B5  lodsw                                                  EAX:00000000 EBX:00000ABE ECX:00007FEA EDX:00000000 ESI:000002B2 EDI:0000211E EBP:00007BD8 ESP:00007BC2 DS:F600 ES:1688 FS:0000 GS:0000 SS:3E00 CF:1 ZF:0 SF:1 OF:0 AF:0 PF:1 IF:1
165E:000001B6  xor  es:[bx],ax                 es:[0ABE]=31A5         EAX:00000000 EBX:00000ABE ECX:00007FEA EDX:00000000 ESI:000002B4 EDI:0000211E EBP:00007BD8 ESP:00007BC2 DS:F600 ES:1688 FS:0000 GS:0000 SS:3E00 CF:1 ZF:0 SF:1 OF:0 AF:0 PF:1 IF:1
165E:000001B9  inc  bx                                                EAX:00000000 EBX:00000ABE ECX:00007FEA EDX:00000000 ESI:000002B4 EDI:0000211E EBP:00007BD8 ESP:00007BC2 DS:F600 ES:1688 FS:0000 GS:0000 SS:3E00 CF:0 ZF:0 SF:0 OF:0 AF:0 PF:1 IF:1
165E:000001BA  inc  bx                                                EAX:00000000 EBX:00000ABF ECX:00007FEA EDX:00000000 ESI:000002B4 EDI:0000211E EBP:00007BD8 ESP:00007BC2 DS:F600 ES:1688 FS:0000 GS:0000 SS:3E00 CF:0 ZF:0 SF:0 OF:0 AF:0 PF:0 IF:1
165E:000001BB  cmp  bx,0B19                                           EAX:00000000 EBX:00000AC0 ECX:00007FEA EDX:00000000 ESI:000002B4 EDI:0000211E EBP:00007BD8 ESP:00007BC2 DS:F600 ES:1688 FS:0000 GS:0000 SS:3E00 CF:0 ZF:0 SF:0 OF:0 AF:1 PF:1 IF:1
165E:000001BF  jc   000001B5 ($-c)             (up)                   EAX:00000000 EBX:00000AC0 ECX:00007FEA EDX:00000000 ESI:000002B4 EDI:0000211E EBP:00007BD8 ESP:00007BC2 DS:F600 ES:1688 FS:0000 GS:0000 SS:3E00 CF:1 ZF:0 SF:1 OF:0 AF:1 PF:0 IF:1
165E:000001B5  lodsw                                                  EAX:00000000 EBX:00000AC0 ECX:00007FEA EDX:00000000 ESI:000002B4 EDI:0000211E EBP:00007BD8 ESP:00007BC2 DS:F600 ES:1688 FS:0000 GS:0000 SS:3E00 CF:1 ZF:0 SF:1 OF:0 AF:1 PF:0 IF:1
165E:000001B6  xor  es:[bx],ax                 es:[0AC0]=47BC         EAX:00000000 EBX:00000AC0 ECX:00007FEA EDX:00000000 ESI:000002B6 EDI:0000211E EBP:00007BD8 ESP:00007BC2 DS:F600 ES:1688 FS:0000 GS:0000 SS:3E00 CF:1 ZF:0 SF:1 OF:0 AF:1 PF:0 IF:1
165E:000001B9  inc  bx                                                EAX:00000000 EBX:00000AC0 ECX:00007FEA EDX:00000000 ESI:000002B6 EDI:0000211E EBP:00007BD8 ESP:00007BC2 DS:F600 ES:1688 FS:0000 GS:0000 SS:3E00 CF:0 ZF:0 SF:0 OF:0 AF:0 PF:0 IF:1
165E:000001BA  inc  bx                                                EAX:00000000 EBX:00000AC1 ECX:00007FEA EDX:00000000 ESI:000002B6 EDI:0000211E EBP:00007BD8 ESP:00007BC2 DS:F600 ES:1688 FS:0000 GS:0000 SS:3E00 CF:0 ZF:0 SF:0 OF:0 AF:0 PF:0 IF:1
165E:000001BB  cmp  bx,0B19                                           EAX:00000000 EBX:00000AC2 ECX:00007FEA EDX:00000000 ESI:000002B6 EDI:0000211E EBP:00007BD8 ESP:00007BC2 DS:F600 ES:1688 FS:0000 GS:0000 SS:3E00 CF:0 ZF:0 SF:0 OF:0 AF:0 PF:0 IF:1
165E:000001BF  jc   000001B5 ($-c)             (up)                   EAX:00000000 EBX:00000AC2 ECX:00007FEA EDX:00000000 ESI:000002B6 EDI:0000211E EBP:00007BD8 ESP:00007BC2 DS:F600 ES:1688 FS:0000 GS:0000 SS:3E00 CF:1 ZF:0 SF:1 OF:0 AF:1 PF:1 IF:1
165E:000001B5  lodsw                                                  EAX:00000000 EBX:00000AC2 ECX:00007FEA EDX:00000000 ESI:000002B6 EDI:0000211E EBP:00007BD8 ESP:00007BC2 DS:F600 ES:1688 FS:0000 GS:0000 SS:3E00 CF:1 ZF:0 SF:1 OF:0 AF:1 PF:1 IF:1
165E:000001B6  xor  es:[bx],ax                 es:[0AC2]=4641         EAX:00000000 EBX:00000AC2 ECX:00007FEA EDX:00000000 ESI:000002B8 EDI:0000211E EBP:00007BD8 ESP:00007BC2 DS:F600 ES:1688 FS:0000 GS:0000 SS:3E00 CF:1 ZF:0 SF:1 OF:0 AF:1 PF:1 IF:1
165E:000001B9  inc  bx                                                EAX:00000000 EBX:00000AC2 ECX:00007FEA EDX:00000000 ESI:000002B8 EDI:0000211E EBP:00007BD8 ESP:00007BC2 DS:F600 ES:1688 FS:0000 GS:0000 SS:3E00 CF:0 ZF:0 SF:0 OF:0 AF:0 PF:1 IF:1
165E:000001BA  inc  bx                                                EAX:00000000 EBX:00000AC3 ECX:00007FEA EDX:00000000 ESI:000002B8 EDI:0000211E EBP:00007BD8 ESP:00007BC2 DS:F600 ES:1688 FS:0000 GS:0000 SS:3E00 CF:0 ZF:0 SF:0 OF:0 AF:0 PF:1 IF:1
165E:000001BB  cmp  bx,0B19                                           EAX:00000000 EBX:00000AC4 ECX:00007FEA EDX:00000000 ESI:000002B8 EDI:0000211E EBP:00007BD8 ESP:00007BC2 DS:F600 ES:1688 FS:0000 GS:0000 SS:3E00 CF:0 ZF:0 SF:0 OF:0 AF:0 PF:0 IF:1
165E:000001BF  jc   000001B5 ($-c)             (up)                   EAX:00000000 EBX:00000AC4 ECX:00007FEA EDX:00000000 ESI:000002B8 EDI:0000211E EBP:00007BD8 ESP:00007BC2 DS:F600 ES:1688 FS:0000 GS:0000 SS:3E00 CF:1 ZF:0 SF:1 OF:0 AF:1 PF:0 IF:1
165E:000001B5  lodsw                                                  EAX:00000000 EBX:00000AC4 ECX:00007FEA EDX:00000000 ESI:000002B8 EDI:0000211E EBP:00007BD8 ESP:00007BC2 DS:F600 ES:1688 FS:0000 GS:0000 SS:3E00 CF:1 ZF:0 SF:1 OF:0 AF:1 PF:0 IF:1
165E:000001B6  xor  es:[bx],ax                 es:[0AC4]=9754         EAX:00000000 EBX:00000AC4 ECX:00007FEA EDX:00000000 ESI:000002BA EDI:0000211E EBP:00007BD8 ESP:00007BC2 DS:F600 ES:1688 FS:0000 GS:0000 SS:3E00 CF:1 ZF:0 SF:1 OF:0 AF:1 PF:0 IF:1
165E:000001B9  inc  bx                                                EAX:00000000 EBX:00000AC4 ECX:00007FEA EDX:00000000 ESI:000002BA EDI:0000211E EBP:00007BD8 ESP:00007BC2 DS:F600 ES:1688 FS:0000 GS:0000 SS:3E00 CF:0 ZF:0 SF:1 OF:0 AF:0 PF:0 IF:1
165E:000001BA  inc  bx                                                EAX:00000000 EBX:00000AC5 ECX:00007FEA EDX:00000000 ESI:000002BA EDI:0000211E EBP:00007BD8 ESP:00007BC2 DS:F600 ES:1688 FS:0000 GS:0000 SS:3E00 CF:0 ZF:0 SF:0 OF:0 AF:0 PF:1 IF:1
165E:000001BB  cmp  bx,0B19                                           EAX:00000000 EBX:00000AC6 ECX:00007FEA EDX:00000000 ESI:000002BA EDI:0000211E EBP:00007BD8 ESP:00007BC2 DS:F600 ES:1688 FS:0000 GS:0000 SS:3E00 CF:0 ZF:0 SF:0 OF:0 AF:0 PF:1 IF:1
165E:000001BF  jc   000001B5 ($-c)             (up)                   EAX:00000000 EBX:00000AC6 ECX:00007FEA EDX:00000000 ESI:000002BA EDI:0000211E EBP:00007BD8 ESP:00007BC2 DS:F600 ES:1688 FS:0000 GS:0000 SS:3E00 CF:1 ZF:0 SF:1 OF:0 AF:1 PF:0 IF:1
165E:000001B5  lodsw                                                  EAX:00000000 EBX:00000AC6 ECX:00007FEA EDX:00000000 ESI:000002BA EDI:0000211E EBP:00007BD8 ESP:00007BC2 DS:F600 ES:1688 FS:0000 GS:0000 SS:3E00 CF:1 ZF:0 SF:1 OF:0 AF:1 PF:0 IF:1
165E:000001B6  xor  es:[bx],ax                 es:[0AC6]=A47C         EAX:00000000 EBX:00000AC6 ECX:00007FEA EDX:00000000 ESI:000002BC EDI:0000211E EBP:00007BD8 ESP:00007BC2 DS:F600 ES:1688 FS:0000 GS:0000 SS:3E00 CF:1 ZF:0 SF:1 OF:0 AF:1 PF:0 IF:1
165E:000001B9  inc  bx                                                EAX:00000000 EBX:00000AC6 ECX:00007FEA EDX:00000000 ESI:000002BC EDI:0000211E EBP:00007BD8 ESP:00007BC2 DS:F600 ES:1688 FS:0000 GS:0000 SS:3E00 CF:0 ZF:0 SF:1 OF:0 AF:0 PF:0 IF:1
165E:000001BA  inc  bx                                                EAX:00000000 EBX:00000AC7 ECX:00007FEA EDX:00000000 ESI:000002BC EDI:0000211E EBP:00007BD8 ESP:00007BC2 DS:F600 ES:1688 FS:0000 GS:0000 SS:3E00 CF:0 ZF:0 SF:0 OF:0 AF:0 PF:0 IF:1
165E:000001BB  cmp  bx,0B19                                           EAX:00000000 EBX:00000AC8 ECX:00007FEA EDX:00000000 ESI:000002BC EDI:0000211E EBP:00007BD8 ESP:00007BC2 DS:F600 ES:1688 FS:0000 GS:0000 SS:3E00 CF:0 ZF:0 SF:0 OF:0 AF:0 PF:0 IF:1
165E:000001BF  jc   000001B5 ($-c)             (up)                   EAX:00000000 EBX:00000AC8 ECX:00007FEA EDX:00000000 ESI:000002BC EDI:0000211E EBP:00007BD8 ESP:00007BC2 DS:F600 ES:1688 FS:0000 GS:0000 SS:3E00 CF:1 ZF:0 SF:1 OF:0 AF:1 PF:1 IF:1
165E:000001B5  lodsw                                                  EAX:00000000 EBX:00000AC8 ECX:00007FEA EDX:00000000 ESI:000002BC EDI:0000211E EBP:00007BD8 ESP:00007BC2 DS:F600 ES:1688 FS:0000 GS:0000 SS:3E00 CF:1 ZF:0 SF:1 OF:0 AF:1 PF:1 IF:1
165E:000001B6  xor  es:[bx],ax                 es:[0AC8]=4FC2         EAX:00000000 EBX:00000AC8 ECX:00007FEA EDX:00000000 ESI:000002BE EDI:0000211E EBP:00007BD8 ESP:00007BC2 DS:F600 ES:1688 FS:0000 GS:0000 SS:3E00 CF:1 ZF:0 SF:1 OF:0 AF:1 PF:1 IF:1
165E:000001B9  inc  bx                                                EAX:00000000 EBX:00000AC8 ECX:00007FEA EDX:00000000 ESI:000002BE EDI:0000211E EBP:00007BD8 ESP:00007BC2 DS:F600 ES:1688 FS:0000 GS:0000 SS:3E00 CF:0 ZF:0 SF:0 OF:0 AF:0 PF:0 IF:1
165E:000001BA  inc  bx                                                EAX:00000000 EBX:00000AC9 ECX:00007FEA EDX:00000000 ESI:000002BE EDI:0000211E EBP:00007BD8 ESP:00007BC2 DS:F600 ES:1688 FS:0000 GS:0000 SS:3E00 CF:0 ZF:0 SF:0 OF:0 AF:0 PF:1 IF:1
165E:000001BB  cmp  bx,0B19                                           EAX:00000000 EBX:00000ACA ECX:00007FEA EDX:00000000 ESI:000002BE EDI:0000211E EBP:00007BD8 ESP:00007BC2 DS:F600 ES:1688 FS:0000 GS:0000 SS:3E00 CF:0 ZF:0 SF:0 OF:0 AF:0 PF:1 IF:1
165E:000001BF  jc   000001B5 ($-c)             (up)                   EAX:00000000 EBX:00000ACA ECX:00007FEA EDX:00000000 ESI:000002BE EDI:0000211E EBP:00007BD8 ESP:00007BC2 DS:F600 ES:1688 FS:0000 GS:0000 SS:3E00 CF:1 ZF:0 SF:1 OF:0 AF:0 PF:1 IF:1
165E:000001B5  lodsw                                                  EAX:00000000 EBX:00000ACA ECX:00007FEA EDX:00000000 ESI:000002BE EDI:0000211E EBP:00007BD8 ESP:00007BC2 DS:F600 ES:1688 FS:0000 GS:0000 SS:3E00 CF:1 ZF:0 SF:1 OF:0 AF:0 PF:1 IF:1
165E:000001B6  xor  es:[bx],ax                 es:[0ACA]=23C6         EAX:00000000 EBX:00000ACA ECX:00007FEA EDX:00000000 ESI:000002C0 EDI:0000211E EBP:00007BD8 ESP:00007BC2 DS:F600 ES:1688 FS:0000 GS:0000 SS:3E00 CF:1 ZF:0 SF:1 OF:0 AF:0 PF:1 IF:1
165E:000001B9  inc  bx                                                EAX:00000000 EBX:00000ACA ECX:00007FEA EDX:00000000 ESI:000002C0 EDI:0000211E EBP:00007BD8 ESP:00007BC2 DS:F600 ES:1688 FS:0000 GS:0000 SS:3E00 CF:0 ZF:0 SF:0 OF:0 AF:0 PF:1 IF:1
165E:000001BA  inc  bx                                                EAX:00000000 EBX:00000ACB ECX:00007FEA EDX:00000000 ESI:000002C0 EDI:0000211E EBP:00007BD8 ESP:00007BC2 DS:F600 ES:1688 FS:0000 GS:0000 SS:3E00 CF:0 ZF:0 SF:0 OF:0 AF:0 PF:0 IF:1
165E:000001BB  cmp  bx,0B19                                           EAX:00000000 EBX:00000ACC ECX:00007FEA EDX:00000000 ESI:000002C0 EDI:0000211E EBP:00007BD8 ESP:00007BC2 DS:F600 ES:1688 FS:0000 GS:0000 SS:3E00 CF:0 ZF:0 SF:0 OF:0 AF:0 PF:1 IF:1
165E:000001BF  jc   000001B5 ($-c)             (up)                   EAX:00000000 EBX:00000ACC ECX:00007FEA EDX:00000000 ESI:000002C0 EDI:0000211E EBP:00007BD8 ESP:00007BC2 DS:F600 ES:1688 FS:0000 GS:0000 SS:3E00 CF:1 ZF:0 SF:1 OF:0 AF:0 PF:0 IF:1
165E:000001B5  lodsw                                                  EAX:00000000 EBX:00000ACC ECX:00007FEA EDX:00000000 ESI:000002C0 EDI:0000211E EBP:00007BD8 ESP:00007BC2 DS:F600 ES:1688 FS:0000 GS:0000 SS:3E00 CF:1 ZF:0 SF:1 OF:0 AF:0 PF:0 IF:1
165E:000001B6  xor  es:[bx],ax                 es:[0ACC]=468D         EAX:00000000 EBX:00000ACC ECX:00007FEA EDX:00000000 ESI:000002C2 EDI:0000211E EBP:00007BD8 ESP:00007BC2 DS:F600 ES:1688 FS:0000 GS:0000 SS:3E00 CF:1 ZF:0 SF:1 OF:0 AF:0 PF:0 IF:1
165E:000001B9  inc  bx                                                EAX:00000000 EBX:00000ACC ECX:00007FEA EDX:00000000 ESI:000002C2 EDI:0000211E EBP:00007BD8 ESP:00007BC2 DS:F600 ES:1688 FS:0000 GS:0000 SS:3E00 CF:0 ZF:0 SF:0 OF:0 AF:0 PF:1 IF:1
165E:000001BA  inc  bx                                                EAX:00000000 EBX:00000ACD ECX:00007FEA EDX:00000000 ESI:000002C2 EDI:0000211E EBP:00007BD8 ESP:00007BC2 DS:F600 ES:1688 FS:0000 GS:0000 SS:3E00 CF:0 ZF:0 SF:0 OF:0 AF:0 PF:0 IF:1
165E:000001BB  cmp  bx,0B19                                           EAX:00000000 EBX:00000ACE ECX:00007FEA EDX:00000000 ESI:000002C2 EDI:0000211E EBP:00007BD8 ESP:00007BC2 DS:F600 ES:1688 FS:0000 GS:0000 SS:3E00 CF:0 ZF:0 SF:0 OF:0 AF:0 PF:0 IF:1
165E:000001BF  jc   000001B5 ($-c)             (up)                   EAX:00000000 EBX:00000ACE ECX:00007FEA EDX:00000000 ESI:000002C2 EDI:0000211E EBP:00007BD8 ESP:00007BC2 DS:F600 ES:1688 FS:0000 GS:0000 SS:3E00 CF:1 ZF:0 SF:1 OF:0 AF:0 PF:0 IF:1
165E:000001B5  lodsw                                                  EAX:00000000 EBX:00000ACE ECX:00007FEA EDX:00000000 ESI:000002C2 EDI:0000211E EBP:00007BD8 ESP:00007BC2 DS:F600 ES:1688 FS:0000 GS:0000 SS:3E00 CF:1 ZF:0 SF:1 OF:0 AF:0 PF:0 IF:1
165E:000001B6  xor  es:[bx],ax                 es:[0ACE]=1B67         EAX:00000000 EBX:00000ACE ECX:00007FEA EDX:00000000 ESI:000002C4 EDI:0000211E EBP:00007BD8 ESP:00007BC2 DS:F600 ES:1688 FS:0000 GS:0000 SS:3E00 CF:1 ZF:0 SF:1 OF:0 AF:0 PF:0 IF:1
165E:000001B9  inc  bx                                                EAX:00000000 EBX:00000ACE ECX:00007FEA EDX:00000000 ESI:000002C4 EDI:0000211E EBP:00007BD8 ESP:00007BC2 DS:F600 ES:1688 FS:0000 GS:0000 SS:3E00 CF:0 ZF:0 SF:0 OF:0 AF:0 PF:0 IF:1
165E:000001BA  inc  bx                                                EAX:00000000 EBX:00000ACF ECX:00007FEA EDX:00000000 ESI:000002C4 EDI:0000211E EBP:00007BD8 ESP:00007BC2 DS:F600 ES:1688 FS:0000 GS:0000 SS:3E00 CF:0 ZF:0 SF:0 OF:0 AF:0 PF:1 IF:1
165E:000001BB  cmp  bx,0B19                                           EAX:00000000 EBX:00000AD0 ECX:00007FEA EDX:00000000 ESI:000002C4 EDI:0000211E EBP:00007BD8 ESP:00007BC2 DS:F600 ES:1688 FS:0000 GS:0000 SS:3E00 CF:0 ZF:0 SF:0 OF:0 AF:1 PF:0 IF:1
165E:000001BF  jc   000001B5 ($-c)             (up)                   EAX:00000000 EBX:00000AD0 ECX:00007FEA EDX:00000000 ESI:000002C4 EDI:0000211E EBP:00007BD8 ESP:00007BC2 DS:F600 ES:1688 FS:0000 GS:0000 SS:3E00 CF:1 ZF:0 SF:1 OF:0 AF:1 PF:1 IF:1
165E:000001B5  lodsw                                                  EAX:00000000 EBX:00000AD0 ECX:00007FEA EDX:00000000 ESI:000002C4 EDI:0000211E EBP:00007BD8 ESP:00007BC2 DS:F600 ES:1688 FS:0000 GS:0000 SS:3E00 CF:1 ZF:0 SF:1 OF:0 AF:1 PF:1 IF:1
165E:000001B6  xor  es:[bx],ax                 es:[0AD0]=921D         EAX:00000000 EBX:00000AD0 ECX:00007FEA EDX:00000000 ESI:000002C6 EDI:0000211E EBP:00007BD8 ESP:00007BC2 DS:F600 ES:1688 FS:0000 GS:0000 SS:3E00 CF:1 ZF:0 SF:1 OF:0 AF:1 PF:1 IF:1
165E:000001B9  inc  bx                                                EAX:00000000 EBX:00000AD0 ECX:00007FEA EDX:00000000 ESI:000002C6 EDI:0000211E EBP:00007BD8 ESP:00007BC2 DS:F600 ES:1688 FS:0000 GS:0000 SS:3E00 CF:0 ZF:0 SF:1 OF:0 AF:0 PF:1 IF:1
165E:000001BA  inc  bx                                                EAX:00000000 EBX:00000AD1 ECX:00007FEA EDX:00000000 ESI:000002C6 EDI:0000211E EBP:00007BD8 ESP:00007BC2 DS:F600 ES:1688 FS:0000 GS:0000 SS:3E00 CF:0 ZF:0 SF:0 OF:0 AF:0 PF:1 IF:1
165E:000001BB  cmp  bx,0B19                                           EAX:00000000 EBX:00000AD2 ECX:00007FEA EDX:00000000 ESI:000002C6 EDI:0000211E EBP:00007BD8 ESP:00007BC2 DS:F600 ES:1688 FS:0000 GS:0000 SS:3E00 CF:0 ZF:0 SF:0 OF:0 AF:0 PF:1 IF:1
165E:000001BF  jc   000001B5 ($-c)             (up)                   EAX:00000000 EBX:00000AD2 ECX:00007FEA EDX:00000000 ESI:000002C6 EDI:0000211E EBP:00007BD8 ESP:00007BC2 DS:F600 ES:1688 FS:0000 GS:0000 SS:3E00 CF:1 ZF:0 SF:1 OF:0 AF:1 PF:0 IF:1
165E:000001B5  lodsw                                                  EAX:00000000 EBX:00000AD2 ECX:00007FEA EDX:00000000 ESI:000002C6 EDI:0000211E EBP:00007BD8 ESP:00007BC2 DS:F600 ES:1688 FS:0000 GS:0000 SS:3E00 CF:1 ZF:0 SF:1 OF:0 AF:1 PF:0 IF:1
165E:000001B6  xor  es:[bx],ax                 es:[0AD2]=0D23         EAX:00000000 EBX:00000AD2 ECX:00007FEA EDX:00000000 ESI:000002C8 EDI:0000211E EBP:00007BD8 ESP:00007BC2 DS:F600 ES:1688 FS:0000 GS:0000 SS:3E00 CF:1 ZF:0 SF:1 OF:0 AF:1 PF:0 IF:1
165E:000001B9  inc  bx                                                EAX:00000000 EBX:00000AD2 ECX:00007FEA EDX:00000000 ESI:000002C8 EDI:0000211E EBP:00007BD8 ESP:00007BC2 DS:F600 ES:1688 FS:0000 GS:0000 SS:3E00 CF:0 ZF:0 SF:0 OF:0 AF:0 PF:0 IF:1
165E:000001BA  inc  bx                                                EAX:00000000 EBX:00000AD3 ECX:00007FEA EDX:00000000 ESI:000002C8 EDI:0000211E EBP:00007BD8 ESP:00007BC2 DS:F600 ES:1688 FS:0000 GS:0000 SS:3E00 CF:0 ZF:0 SF:0 OF:0 AF:0 PF:0 IF:1
165E:000001BB  cmp  bx,0B19                                           EAX:00000000 EBX:00000AD4 ECX:00007FEA EDX:00000000 ESI:000002C8 EDI:0000211E EBP:00007BD8 ESP:00007BC2 DS:F600 ES:1688 FS:0000 GS:0000 SS:3E00 CF:0 ZF:0 SF:0 OF:0 AF:0 PF:1 IF:1
165E:000001BF  jc   000001B5 ($-c)             (up)                   EAX:00000000 EBX:00000AD4 ECX:00007FEA EDX:00000000 ESI:000002C8 EDI:0000211E EBP:00007BD8 ESP:00007BC2 DS:F600 ES:1688 FS:0000 GS:0000 SS:3E00 CF:1 ZF:0 SF:1 OF:0 AF:1 PF:1 IF:1
165E:000001B5  lodsw                                                  EAX:00000000 EBX:00000AD4 ECX:00007FEA EDX:00000000 ESI:000002C8 EDI:0000211E EBP:00007BD8 ESP:00007BC2 DS:F600 ES:1688 FS:0000 GS:0000 SS:3E00 CF:1 ZF:0 SF:1 OF:0 AF:1 PF:1 IF:1
165E:000001B6  xor  es:[bx],ax                 es:[0AD4]=C3BA         EAX:00000000 EBX:00000AD4 ECX:00007FEA EDX:00000000 ESI:000002CA EDI:0000211E EBP:00007BD8 ESP:00007BC2 DS:F600 ES:1688 FS:0000 GS:0000 SS:3E00 CF:1 ZF:0 SF:1 OF:0 AF:1 PF:1 IF:1
165E:000001B9  inc  bx                                                EAX:00000000 EBX:00000AD4 ECX:00007FEA EDX:00000000 ESI:000002CA EDI:0000211E EBP:00007BD8 ESP:00007BC2 DS:F600 ES:1688 FS:0000 GS:0000 SS:3E00 CF:0 ZF:0 SF:1 OF:0 AF:0 PF:0 IF:1
165E:000001BA  inc  bx                                                EAX:00000000 EBX:00000AD5 ECX:00007FEA EDX:00000000 ESI:000002CA EDI:0000211E EBP:00007BD8 ESP:00007BC2 DS:F600 ES:1688 FS:0000 GS:0000 SS:3E00 CF:0 ZF:0 SF:0 OF:0 AF:0 PF:0 IF:1
165E:000001BB  cmp  bx,0B19                                           EAX:00000000 EBX:00000AD6 ECX:00007FEA EDX:00000000 ESI:000002CA EDI:0000211E EBP:00007BD8 ESP:00007BC2 DS:F600 ES:1688 FS:0000 GS:0000 SS:3E00 CF:0 ZF:0 SF:0 OF:0 AF:0 PF:0 IF:1
165E:000001BF  jc   000001B5 ($-c)             (up)                   EAX:00000000 EBX:00000AD6 ECX:00007FEA EDX:00000000 ESI:000002CA EDI:0000211E EBP:00007BD8 ESP:00007BC2 DS:F600 ES:1688 FS:0000 GS:0000 SS:3E00 CF:1 ZF:0 SF:1 OF:0 AF:1 PF:1 IF:1
165E:000001B5  lodsw                                                  EAX:00000000 EBX:00000AD6 ECX:00007FEA EDX:00000000 ESI:000002CA EDI:0000211E EBP:00007BD8 ESP:00007BC2 DS:F600 ES:1688 FS:0000 GS:0000 SS:3E00 CF:1 ZF:0 SF:1 OF:0 AF:1 PF:1 IF:1
165E:000001B6  xor  es:[bx],ax                 es:[0AD6]=8FAA         EAX:00000000 EBX:00000AD6 ECX:00007FEA EDX:00000000 ESI:000002CC EDI:0000211E EBP:00007BD8 ESP:00007BC2 DS:F600 ES:1688 FS:0000 GS:0000 SS:3E00 CF:1 ZF:0 SF:1 OF:0 AF:1 PF:1 IF:1
165E:000001B9  inc  bx                                                EAX:00000000 EBX:00000AD6 ECX:00007FEA EDX:00000000 ESI:000002CC EDI:0000211E EBP:00007BD8 ESP:00007BC2 DS:F600 ES:1688 FS:0000 GS:0000 SS:3E00 CF:0 ZF:0 SF:1 OF:0 AF:0 PF:1 IF:1
165E:000001BA  inc  bx                                                EAX:00000000 EBX:00000AD7 ECX:00007FEA EDX:00000000 ESI:000002CC EDI:0000211E EBP:00007BD8 ESP:00007BC2 DS:F600 ES:1688 FS:0000 GS:0000 SS:3E00 CF:0 ZF:0 SF:0 OF:0 AF:0 PF:1 IF:1
165E:000001BB  cmp  bx,0B19                                           EAX:00000000 EBX:00000AD8 ECX:00007FEA EDX:00000000 ESI:000002CC EDI:0000211E EBP:00007BD8 ESP:00007BC2 DS:F600 ES:1688 FS:0000 GS:0000 SS:3E00 CF:0 ZF:0 SF:0 OF:0 AF:0 PF:1 IF:1
165E:000001BF  jc   000001B5 ($-c)             (up)                   EAX:00000000 EBX:00000AD8 ECX:00007FEA EDX:00000000 ESI:000002CC EDI:0000211E EBP:00007BD8 ESP:00007BC2 DS:F600 ES:1688 FS:0000 GS:0000 SS:3E00 CF:1 ZF:0 SF:1 OF:0 AF:1 PF:0 IF:1
165E:000001B5  lodsw                                                  EAX:00000000 EBX:00000AD8 ECX:00007FEA EDX:00000000 ESI:000002CC EDI:0000211E EBP:00007BD8 ESP:00007BC2 DS:F600 ES:1688 FS:0000 GS:0000 SS:3E00 CF:1 ZF:0 SF:1 OF:0 AF:1 PF:0 IF:1
165E:000001B6  xor  es:[bx],ax                 es:[0AD8]=77FA         EAX:00000000 EBX:00000AD8 ECX:00007FEA EDX:00000000 ESI:000002CE EDI:0000211E EBP:00007BD8 ESP:00007BC2 DS:F600 ES:1688 FS:0000 GS:0000 SS:3E00 CF:1 ZF:0 SF:1 OF:0 AF:1 PF:0 IF:1
165E:000001B9  inc  bx                                                EAX:00000000 EBX:00000AD8 ECX:00007FEA EDX:00000000 ESI:000002CE EDI:0000211E EBP:00007BD8 ESP:00007BC2 DS:F600 ES:1688 FS:0000 GS:0000 SS:3E00 CF:0 ZF:0 SF:0 OF:0 AF:0 PF:1 IF:1
165E:000001BA  inc  bx                                                EAX:00000000 EBX:00000AD9 ECX:00007FEA EDX:00000000 ESI:000002CE EDI:0000211E EBP:00007BD8 ESP:00007BC2 DS:F600 ES:1688 FS:0000 GS:0000 SS:3E00 CF:0 ZF:0 SF:0 OF:0 AF:0 PF:0 IF:1
165E:000001BB  cmp  bx,0B19                                           EAX:00000000 EBX:00000ADA ECX:00007FEA EDX:00000000 ESI:000002CE EDI:0000211E EBP:00007BD8 ESP:00007BC2 DS:F600 ES:1688 FS:0000 GS:0000 SS:3E00 CF:0 ZF:0 SF:0 OF:0 AF:0 PF:0 IF:1
165E:000001BF  jc   000001B5 ($-c)             (up)                   EAX:00000000 EBX:00000ADA ECX:00007FEA EDX:00000000 ESI:000002CE EDI:0000211E EBP:00007BD8 ESP:00007BC2 DS:F600 ES:1688 FS:0000 GS:0000 SS:3E00 CF:1 ZF:0 SF:1 OF:0 AF:0 PF:0 IF:1
165E:000001B5  lodsw                                                  EAX:00000000 EBX:00000ADA ECX:00007FEA EDX:00000000 ESI:000002CE EDI:0000211E EBP:00007BD8 ESP:00007BC2 DS:F600 ES:1688 FS:0000 GS:0000 SS:3E00 CF:1 ZF:0 SF:1 OF:0 AF:0 PF:0 IF:1
165E:000001B6  xor  es:[bx],ax                 es:[0ADA]=0981         EAX:00000000 EBX:00000ADA ECX:00007FEA EDX:00000000 ESI:000002D0 EDI:0000211E EBP:00007BD8 ESP:00007BC2 DS:F600 ES:1688 FS:0000 GS:0000 SS:3E00 CF:1 ZF:0 SF:1 OF:0 AF:0 PF:0 IF:1
165E:000001B9  inc  bx                                                EAX:00000000 EBX:00000ADA ECX:00007FEA EDX:00000000 ESI:000002D0 EDI:0000211E EBP:00007BD8 ESP:00007BC2 DS:F600 ES:1688 FS:0000 GS:0000 SS:3E00 CF:0 ZF:0 SF:0 OF:0 AF:0 PF:1 IF:1
165E:000001BA  inc  bx                                                EAX:00000000 EBX:00000ADB ECX:00007FEA EDX:00000000 ESI:000002D0 EDI:0000211E EBP:00007BD8 ESP:00007BC2 DS:F600 ES:1688 FS:0000 GS:0000 SS:3E00 CF:0 ZF:0 SF:0 OF:0 AF:0 PF:1 IF:1
165E:000001BB  cmp  bx,0B19                                           EAX:00000000 EBX:00000ADC ECX:00007FEA EDX:00000000 ESI:000002D0 EDI:0000211E EBP:00007BD8 ESP:00007BC2 DS:F600 ES:1688 FS:0000 GS:0000 SS:3E00 CF:0 ZF:0 SF:0 OF:0 AF:0 PF:0 IF:1
165E:000001BF  jc   000001B5 ($-c)             (up)                   EAX:00000000 EBX:00000ADC ECX:00007FEA EDX:00000000 ESI:000002D0 EDI:0000211E EBP:00007BD8 ESP:00007BC2 DS:F600 ES:1688 FS:0000 GS:0000 SS:3E00 CF:1 ZF:0 SF:1 OF:0 AF:0 PF:1 IF:1
165E:000001B5  lodsw                                                  EAX:00000000 EBX:00000ADC ECX:00007FEA EDX:00000000 ESI:000002D0 EDI:0000211E EBP:00007BD8 ESP:00007BC2 DS:F600 ES:1688 FS:0000 GS:0000 SS:3E00 CF:1 ZF:0 SF:1 OF:0 AF:0 PF:1 IF:1
165E:000001B6  xor  es:[bx],ax                 es:[0ADC]=4930         EAX:00000000 EBX:00000ADC ECX:00007FEA EDX:00000000 ESI:000002D2 EDI:0000211E EBP:00007BD8 ESP:00007BC2 DS:F600 ES:1688 FS:0000 GS:0000 SS:3E00 CF:1 ZF:0 SF:1 OF:0 AF:0 PF:1 IF:1
165E:000001B9  inc  bx                                                EAX:00000000 EBX:00000ADC ECX:00007FEA EDX:00000000 ESI:000002D2 EDI:0000211E EBP:00007BD8 ESP:00007BC2 DS:F600 ES:1688 FS:0000 GS:0000 SS:3E00 CF:0 ZF:0 SF:0 OF:0 AF:0 PF:1 IF:1
165E:000001BA  inc  bx                                                EAX:00000000 EBX:00000ADD ECX:00007FEA EDX:00000000 ESI:000002D2 EDI:0000211E EBP:00007BD8 ESP:00007BC2 DS:F600 ES:1688 FS:0000 GS:0000 SS:3E00 CF:0 ZF:0 SF:0 OF:0 AF:0 PF:1 IF:1
165E:000001BB  cmp  bx,0B19                                           EAX:00000000 EBX:00000ADE ECX:00007FEA EDX:00000000 ESI:000002D2 EDI:0000211E EBP:00007BD8 ESP:00007BC2 DS:F600 ES:1688 FS:0000 GS:0000 SS:3E00 CF:0 ZF:0 SF:0 OF:0 AF:0 PF:1 IF:1
165E:000001BF  jc   000001B5 ($-c)             (up)                   EAX:00000000 EBX:00000ADE ECX:00007FEA EDX:00000000 ESI:000002D2 EDI:0000211E EBP:00007BD8 ESP:00007BC2 DS:F600 ES:1688 FS:0000 GS:0000 SS:3E00 CF:1 ZF:0 SF:1 OF:0 AF:0 PF:1 IF:1
165E:000001B5  lodsw                                                  EAX:00000000 EBX:00000ADE ECX:00007FEA EDX:00000000 ESI:000002D2 EDI:0000211E EBP:00007BD8 ESP:00007BC2 DS:F600 ES:1688 FS:0000 GS:0000 SS:3E00 CF:1 ZF:0 SF:1 OF:0 AF:0 PF:1 IF:1
165E:000001B6  xor  es:[bx],ax                 es:[0ADE]=0D5E         EAX:00000000 EBX:00000ADE ECX:00007FEA EDX:00000000 ESI:000002D4 EDI:0000211E EBP:00007BD8 ESP:00007BC2 DS:F600 ES:1688 FS:0000 GS:0000 SS:3E00 CF:1 ZF:0 SF:1 OF:0 AF:0 PF:1 IF:1
165E:000001B9  inc  bx                                                EAX:00000000 EBX:00000ADE ECX:00007FEA EDX:00000000 ESI:000002D4 EDI:0000211E EBP:00007BD8 ESP:00007BC2 DS:F600 ES:1688 FS:0000 GS:0000 SS:3E00 CF:0 ZF:0 SF:0 OF:0 AF:0 PF:0 IF:1
165E:000001BA  inc  bx                                                EAX:00000000 EBX:00000ADF ECX:00007FEA EDX:00000000 ESI:000002D4 EDI:0000211E EBP:00007BD8 ESP:00007BC2 DS:F600 ES:1688 FS:0000 GS:0000 SS:3E00 CF:0 ZF:0 SF:0 OF:0 AF:0 PF:0 IF:1
165E:000001BB  cmp  bx,0B19                                           EAX:00000000 EBX:00000AE0 ECX:00007FEA EDX:00000000 ESI:000002D4 EDI:0000211E EBP:00007BD8 ESP:00007BC2 DS:F600 ES:1688 FS:0000 GS:0000 SS:3E00 CF:0 ZF:0 SF:0 OF:0 AF:1 PF:0 IF:1
165E:000001BF  jc   000001B5 ($-c)             (up)                   EAX:00000000 EBX:00000AE0 ECX:00007FEA EDX:00000000 ESI:000002D4 EDI:0000211E EBP:00007BD8 ESP:00007BC2 DS:F600 ES:1688 FS:0000 GS:0000 SS:3E00 CF:1 ZF:0 SF:1 OF:0 AF:1 PF:0 IF:1
165E:000001B5  lodsw                                                  EAX:00000000 EBX:00000AE0 ECX:00007FEA EDX:00000000 ESI:000002D4 EDI:0000211E EBP:00007BD8 ESP:00007BC2 DS:F600 ES:1688 FS:0000 GS:0000 SS:3E00 CF:1 ZF:0 SF:1 OF:0 AF:1 PF:0 IF:1
165E:000001B6  xor  es:[bx],ax                 es:[0AE0]=42DF         EAX:00000000 EBX:00000AE0 ECX:00007FEA EDX:00000000 ESI:000002D6 EDI:0000211E EBP:00007BD8 ESP:00007BC2 DS:F600 ES:1688 FS:0000 GS:0000 SS:3E00 CF:1 ZF:0 SF:1 OF:0 AF:1 PF:0 IF:1
165E:000001B9  inc  bx                                                EAX:00000000 EBX:00000AE0 ECX:00007FEA EDX:00000000 ESI:000002D6 EDI:0000211E EBP:00007BD8 ESP:00007BC2 DS:F600 ES:1688 FS:0000 GS:0000 SS:3E00 CF:0 ZF:0 SF:0 OF:0 AF:0 PF:0 IF:1
165E:000001BA  inc  bx                                                EAX:00000000 EBX:00000AE1 ECX:00007FEA EDX:00000000 ESI:000002D6 EDI:0000211E EBP:00007BD8 ESP:00007BC2 DS:F600 ES:1688 FS:0000 GS:0000 SS:3E00 CF:0 ZF:0 SF:0 OF:0 AF:0 PF:1 IF:1
165E:000001BB  cmp  bx,0B19                                           EAX:00000000 EBX:00000AE2 ECX:00007FEA EDX:00000000 ESI:000002D6 EDI:0000211E EBP:00007BD8 ESP:00007BC2 DS:F600 ES:1688 FS:0000 GS:0000 SS:3E00 CF:0 ZF:0 SF:0 OF:0 AF:0 PF:1 IF:1
165E:000001BF  jc   000001B5 ($-c)             (up)                   EAX:00000000 EBX:00000AE2 ECX:00007FEA EDX:00000000 ESI:000002D6 EDI:0000211E EBP:00007BD8 ESP:00007BC2 DS:F600 ES:1688 FS:0000 GS:0000 SS:3E00 CF:1 ZF:0 SF:1 OF:0 AF:1 PF:1 IF:1
165E:000001B5  lodsw                                                  EAX:00000000 EBX:00000AE2 ECX:00007FEA EDX:00000000 ESI:000002D6 EDI:0000211E EBP:00007BD8 ESP:00007BC2 DS:F600 ES:1688 FS:0000 GS:0000 SS:3E00 CF:1 ZF:0 SF:1 OF:0 AF:1 PF:1 IF:1
165E:000001B6  xor  es:[bx],ax                 es:[0AE2]=1C11         EAX:00000000 EBX:00000AE2 ECX:00007FEA EDX:00000000 ESI:000002D8 EDI:0000211E EBP:00007BD8 ESP:00007BC2 DS:F600 ES:1688 FS:0000 GS:0000 SS:3E00 CF:1 ZF:0 SF:1 OF:0 AF:1 PF:1 IF:1
165E:000001B9  inc  bx                                                EAX:00000000 EBX:00000AE2 ECX:00007FEA EDX:00000000 ESI:000002D8 EDI:0000211E EBP:00007BD8 ESP:00007BC2 DS:F600 ES:1688 FS:0000 GS:0000 SS:3E00 CF:0 ZF:0 SF:0 OF:0 AF:0 PF:1 IF:1
165E:000001BA  inc  bx                                                EAX:00000000 EBX:00000AE3 ECX:00007FEA EDX:00000000 ESI:000002D8 EDI:0000211E EBP:00007BD8 ESP:00007BC2 DS:F600 ES:1688 FS:0000 GS:0000 SS:3E00 CF:0 ZF:0 SF:0 OF:0 AF:0 PF:0 IF:1
165E:000001BB  cmp  bx,0B19                                           EAX:00000000 EBX:00000AE4 ECX:00007FEA EDX:00000000 ESI:000002D8 EDI:0000211E EBP:00007BD8 ESP:00007BC2 DS:F600 ES:1688 FS:0000 GS:0000 SS:3E00 CF:0 ZF:0 SF:0 OF:0 AF:0 PF:1 IF:1
165E:000001BF  jc   000001B5 ($-c)             (up)                   EAX:00000000 EBX:00000AE4 ECX:00007FEA EDX:00000000 ESI:000002D8 EDI:0000211E EBP:00007BD8 ESP:00007BC2 DS:F600 ES:1688 FS:0000 GS:0000 SS:3E00 CF:1 ZF:0 SF:1 OF:0 AF:1 PF:0 IF:1
165E:000001B5  lodsw                                                  EAX:00000000 EBX:00000AE4 ECX:00007FEA EDX:00000000 ESI:000002D8 EDI:0000211E EBP:00007BD8 ESP:00007BC2 DS:F600 ES:1688 FS:0000 GS:0000 SS:3E00 CF:1 ZF:0 SF:1 OF:0 AF:1 PF:0 IF:1
165E:000001B6  xor  es:[bx],ax                 es:[0AE4]=4B8C         EAX:00000000 EBX:00000AE4 ECX:00007FEA EDX:00000000 ESI:000002DA EDI:0000211E EBP:00007BD8 ESP:00007BC2 DS:F600 ES:1688 FS:0000 GS:0000 SS:3E00 CF:1 ZF:0 SF:1 OF:0 AF:1 PF:0 IF:1
165E:000001B9  inc  bx                                                EAX:00000000 EBX:00000AE4 ECX:00007FEA EDX:00000000 ESI:000002DA EDI:0000211E EBP:00007BD8 ESP:00007BC2 DS:F600 ES:1688 FS:0000 GS:0000 SS:3E00 CF:0 ZF:0 SF:0 OF:0 AF:0 PF:0 IF:1
165E:000001BA  inc  bx                                                EAX:00000000 EBX:00000AE5 ECX:00007FEA EDX:00000000 ESI:000002DA EDI:0000211E EBP:00007BD8 ESP:00007BC2 DS:F600 ES:1688 FS:0000 GS:0000 SS:3E00 CF:0 ZF:0 SF:0 OF:0 AF:0 PF:0 IF:1
165E:000001BB  cmp  bx,0B19                                           EAX:00000000 EBX:00000AE6 ECX:00007FEA EDX:00000000 ESI:000002DA EDI:0000211E EBP:00007BD8 ESP:00007BC2 DS:F600 ES:1688 FS:0000 GS:0000 SS:3E00 CF:0 ZF:0 SF:0 OF:0 AF:0 PF:0 IF:1
165E:000001BF  jc   000001B5 ($-c)             (up)                   EAX:00000000 EBX:00000AE6 ECX:00007FEA EDX:00000000 ESI:000002DA EDI:0000211E EBP:00007BD8 ESP:00007BC2 DS:F600 ES:1688 FS:0000 GS:0000 SS:3E00 CF:1 ZF:0 SF:1 OF:0 AF:1 PF:0 IF:1
165E:000001B5  lodsw                                                  EAX:00000000 EBX:00000AE6 ECX:00007FEA EDX:00000000 ESI:000002DA EDI:0000211E EBP:00007BD8 ESP:00007BC2 DS:F600 ES:1688 FS:0000 GS:0000 SS:3E00 CF:1 ZF:0 SF:1 OF:0 AF:1 PF:0 IF:1
165E:000001B6  xor  es:[bx],ax                 es:[0AE6]=B356         EAX:00000000 EBX:00000AE6 ECX:00007FEA EDX:00000000 ESI:000002DC EDI:0000211E EBP:00007BD8 ESP:00007BC2 DS:F600 ES:1688 FS:0000 GS:0000 SS:3E00 CF:1 ZF:0 SF:1 OF:0 AF:1 PF:0 IF:1
165E:000001B9  inc  bx                                                EAX:00000000 EBX:00000AE6 ECX:00007FEA EDX:00000000 ESI:000002DC EDI:0000211E EBP:00007BD8 ESP:00007BC2 DS:F600 ES:1688 FS:0000 GS:0000 SS:3E00 CF:0 ZF:0 SF:1 OF:0 AF:0 PF:1 IF:1
165E:000001BA  inc  bx                                                EAX:00000000 EBX:00000AE7 ECX:00007FEA EDX:00000000 ESI:000002DC EDI:0000211E EBP:00007BD8 ESP:00007BC2 DS:F600 ES:1688 FS:0000 GS:0000 SS:3E00 CF:0 ZF:0 SF:0 OF:0 AF:0 PF:1 IF:1
165E:000001BB  cmp  bx,0B19                                           EAX:00000000 EBX:00000AE8 ECX:00007FEA EDX:00000000 ESI:000002DC EDI:0000211E EBP:00007BD8 ESP:00007BC2 DS:F600 ES:1688 FS:0000 GS:0000 SS:3E00 CF:0 ZF:0 SF:0 OF:0 AF:0 PF:1 IF:1
165E:000001BF  jc   000001B5 ($-c)             (up)                   EAX:00000000 EBX:00000AE8 ECX:00007FEA EDX:00000000 ESI:000002DC EDI:0000211E EBP:00007BD8 ESP:00007BC2 DS:F600 ES:1688 FS:0000 GS:0000 SS:3E00 CF:1 ZF:0 SF:1 OF:0 AF:1 PF:1 IF:1
165E:000001B5  lodsw                                                  EAX:00000000 EBX:00000AE8 ECX:00007FEA EDX:00000000 ESI:000002DC EDI:0000211E EBP:00007BD8 ESP:00007BC2 DS:F600 ES:1688 FS:0000 GS:0000 SS:3E00 CF:1 ZF:0 SF:1 OF:0 AF:1 PF:1 IF:1
165E:000001B6  xor  es:[bx],ax                 es:[0AE8]=B8C6         EAX:00000000 EBX:00000AE8 ECX:00007FEA EDX:00000000 ESI:000002DE EDI:0000211E EBP:00007BD8 ESP:00007BC2 DS:F600 ES:1688 FS:0000 GS:0000 SS:3E00 CF:1 ZF:0 SF:1 OF:0 AF:1 PF:1 IF:1
165E:000001B9  inc  bx                                                EAX:00000000 EBX:00000AE8 ECX:00007FEA EDX:00000000 ESI:000002DE EDI:0000211E EBP:00007BD8 ESP:00007BC2 DS:F600 ES:1688 FS:0000 GS:0000 SS:3E00 CF:0 ZF:0 SF:1 OF:0 AF:0 PF:1 IF:1
165E:000001BA  inc  bx                                                EAX:00000000 EBX:00000AE9 ECX:00007FEA EDX:00000000 ESI:000002DE EDI:0000211E EBP:00007BD8 ESP:00007BC2 DS:F600 ES:1688 FS:0000 GS:0000 SS:3E00 CF:0 ZF:0 SF:0 OF:0 AF:0 PF:0 IF:1
165E:000001BB  cmp  bx,0B19                                           EAX:00000000 EBX:00000AEA ECX:00007FEA EDX:00000000 ESI:000002DE EDI:0000211E EBP:00007BD8 ESP:00007BC2 DS:F600 ES:1688 FS:0000 GS:0000 SS:3E00 CF:0 ZF:0 SF:0 OF:0 AF:0 PF:0 IF:1
165E:000001BF  jc   000001B5 ($-c)             (up)                   EAX:00000000 EBX:00000AEA ECX:00007FEA EDX:00000000 ESI:000002DE EDI:0000211E EBP:00007BD8 ESP:00007BC2 DS:F600 ES:1688 FS:0000 GS:0000 SS:3E00 CF:1 ZF:0 SF:1 OF:0 AF:0 PF:1 IF:1
165E:000001B5  lodsw                                                  EAX:00000000 EBX:00000AEA ECX:00007FEA EDX:00000000 ESI:000002DE EDI:0000211E EBP:00007BD8 ESP:00007BC2 DS:F600 ES:1688 FS:0000 GS:0000 SS:3E00 CF:1 ZF:0 SF:1 OF:0 AF:0 PF:1 IF:1
165E:000001B6  xor  es:[bx],ax                 es:[0AEA]=7D8B         EAX:00000000 EBX:00000AEA ECX:00007FEA EDX:00000000 ESI:000002E0 EDI:0000211E EBP:00007BD8 ESP:00007BC2 DS:F600 ES:1688 FS:0000 GS:0000 SS:3E00 CF:1 ZF:0 SF:1 OF:0 AF:0 PF:1 IF:1
165E:000001B9  inc  bx                                                EAX:00000000 EBX:00000AEA ECX:00007FEA EDX:00000000 ESI:000002E0 EDI:0000211E EBP:00007BD8 ESP:00007BC2 DS:F600 ES:1688 FS:0000 GS:0000 SS:3E00 CF:0 ZF:0 SF:0 OF:0 AF:0 PF:1 IF:1
165E:000001BA  inc  bx                                                EAX:00000000 EBX:00000AEB ECX:00007FEA EDX:00000000 ESI:000002E0 EDI:0000211E EBP:00007BD8 ESP:00007BC2 DS:F600 ES:1688 FS:0000 GS:0000 SS:3E00 CF:0 ZF:0 SF:0 OF:0 AF:0 PF:1 IF:1
165E:000001BB  cmp  bx,0B19                                           EAX:00000000 EBX:00000AEC ECX:00007FEA EDX:00000000 ESI:000002E0 EDI:0000211E EBP:00007BD8 ESP:00007BC2 DS:F600 ES:1688 FS:0000 GS:0000 SS:3E00 CF:0 ZF:0 SF:0 OF:0 AF:0 PF:0 IF:1
165E:000001BF  jc   000001B5 ($-c)             (up)                   EAX:00000000 EBX:00000AEC ECX:00007FEA EDX:00000000 ESI:000002E0 EDI:0000211E EBP:00007BD8 ESP:00007BC2 DS:F600 ES:1688 FS:0000 GS:0000 SS:3E00 CF:1 ZF:0 SF:1 OF:0 AF:0 PF:0 IF:1
165E:000001B5  lodsw                                                  EAX:00000000 EBX:00000AEC ECX:00007FEA EDX:00000000 ESI:000002E0 EDI:0000211E EBP:00007BD8 ESP:00007BC2 DS:F600 ES:1688 FS:0000 GS:0000 SS:3E00 CF:1 ZF:0 SF:1 OF:0 AF:0 PF:0 IF:1
165E:000001B6  xor  es:[bx],ax                 es:[0AEC]=64CA         EAX:00000000 EBX:00000AEC ECX:00007FEA EDX:00000000 ESI:000002E2 EDI:0000211E EBP:00007BD8 ESP:00007BC2 DS:F600 ES:1688 FS:0000 GS:0000 SS:3E00 CF:1 ZF:0 SF:1 OF:0 AF:0 PF:0 IF:1
165E:000001B9  inc  bx                                                EAX:00000000 EBX:00000AEC ECX:00007FEA EDX:00000000 ESI:000002E2 EDI:0000211E EBP:00007BD8 ESP:00007BC2 DS:F600 ES:1688 FS:0000 GS:0000 SS:3E00 CF:0 ZF:0 SF:0 OF:0 AF:0 PF:1 IF:1
165E:000001BA  inc  bx                                                EAX:00000000 EBX:00000AED ECX:00007FEA EDX:00000000 ESI:000002E2 EDI:0000211E EBP:00007BD8 ESP:00007BC2 DS:F600 ES:1688 FS:0000 GS:0000 SS:3E00 CF:0 ZF:0 SF:0 OF:0 AF:0 PF:1 IF:1
165E:000001BB  cmp  bx,0B19                                           EAX:00000000 EBX:00000AEE ECX:00007FEA EDX:00000000 ESI:000002E2 EDI:0000211E EBP:00007BD8 ESP:00007BC2 DS:F600 ES:1688 FS:0000 GS:0000 SS:3E00 CF:0 ZF:0 SF:0 OF:0 AF:0 PF:1 IF:1
165E:000001BF  jc   000001B5 ($-c)             (up)                   EAX:00000000 EBX:00000AEE ECX:00007FEA EDX:00000000 ESI:000002E2 EDI:0000211E EBP:00007BD8 ESP:00007BC2 DS:F600 ES:1688 FS:0000 GS:0000 SS:3E00 CF:1 ZF:0 SF:1 OF:0 AF:0 PF:0 IF:1
165E:000001B5  lodsw                                                  EAX:00000000 EBX:00000AEE ECX:00007FEA EDX:00000000 ESI:000002E2 EDI:0000211E EBP:00007BD8 ESP:00007BC2 DS:F600 ES:1688 FS:0000 GS:0000 SS:3E00 CF:1 ZF:0 SF:1 OF:0 AF:0 PF:0 IF:1
165E:000001B6  xor  es:[bx],ax                 es:[0AEE]=F3C5         EAX:00000000 EBX:00000AEE ECX:00007FEA EDX:00000000 ESI:000002E4 EDI:0000211E EBP:00007BD8 ESP:00007BC2 DS:F600 ES:1688 FS:0000 GS:0000 SS:3E00 CF:1 ZF:0 SF:1 OF:0 AF:0 PF:0 IF:1
165E:000001B9  inc  bx                                                EAX:00000000 EBX:00000AEE ECX:00007FEA EDX:00000000 ESI:000002E4 EDI:0000211E EBP:00007BD8 ESP:00007BC2 DS:F600 ES:1688 FS:0000 GS:0000 SS:3E00 CF:0 ZF:0 SF:1 OF:0 AF:0 PF:1 IF:1
165E:000001BA  inc  bx                                                EAX:00000000 EBX:00000AEF ECX:00007FEA EDX:00000000 ESI:000002E4 EDI:0000211E EBP:00007BD8 ESP:00007BC2 DS:F600 ES:1688 FS:0000 GS:0000 SS:3E00 CF:0 ZF:0 SF:0 OF:0 AF:0 PF:0 IF:1
165E:000001BB  cmp  bx,0B19                                           EAX:00000000 EBX:00000AF0 ECX:00007FEA EDX:00000000 ESI:000002E4 EDI:0000211E EBP:00007BD8 ESP:00007BC2 DS:F600 ES:1688 FS:0000 GS:0000 SS:3E00 CF:0 ZF:0 SF:0 OF:0 AF:1 PF:1 IF:1
165E:000001BF  jc   000001B5 ($-c)             (up)                   EAX:00000000 EBX:00000AF0 ECX:00007FEA EDX:00000000 ESI:000002E4 EDI:0000211E EBP:00007BD8 ESP:00007BC2 DS:F600 ES:1688 FS:0000 GS:0000 SS:3E00 CF:1 ZF:0 SF:1 OF:0 AF:1 PF:1 IF:1
165E:000001B5  lodsw                                                  EAX:00000000 EBX:00000AF0 ECX:00007FEA EDX:00000000 ESI:000002E4 EDI:0000211E EBP:00007BD8 ESP:00007BC2 DS:F600 ES:1688 FS:0000 GS:0000 SS:3E00 CF:1 ZF:0 SF:1 OF:0 AF:1 PF:1 IF:1
165E:000001B6  xor  es:[bx],ax                 es:[0AF0]=21C9         EAX:00000000 EBX:00000AF0 ECX:00007FEA EDX:00000000 ESI:000002E6 EDI:0000211E EBP:00007BD8 ESP:00007BC2 DS:F600 ES:1688 FS:0000 GS:0000 SS:3E00 CF:1 ZF:0 SF:1 OF:0 AF:1 PF:1 IF:1
165E:000001B9  inc  bx                                                EAX:00000000 EBX:00000AF0 ECX:00007FEA EDX:00000000 ESI:000002E6 EDI:0000211E EBP:00007BD8 ESP:00007BC2 DS:F600 ES:1688 FS:0000 GS:0000 SS:3E00 CF:0 ZF:0 SF:0 OF:0 AF:0 PF:1 IF:1
165E:000001BA  inc  bx                                                EAX:00000000 EBX:00000AF1 ECX:00007FEA EDX:00000000 ESI:000002E6 EDI:0000211E EBP:00007BD8 ESP:00007BC2 DS:F600 ES:1688 FS:0000 GS:0000 SS:3E00 CF:0 ZF:0 SF:0 OF:0 AF:0 PF:0 IF:1
165E:000001BB  cmp  bx,0B19                                           EAX:00000000 EBX:00000AF2 ECX:00007FEA EDX:00000000 ESI:000002E6 EDI:0000211E EBP:00007BD8 ESP:00007BC2 DS:F600 ES:1688 FS:0000 GS:0000 SS:3E00 CF:0 ZF:0 SF:0 OF:0 AF:0 PF:0 IF:1
165E:000001BF  jc   000001B5 ($-c)             (up)                   EAX:00000000 EBX:00000AF2 ECX:00007FEA EDX:00000000 ESI:000002E6 EDI:0000211E EBP:00007BD8 ESP:00007BC2 DS:F600 ES:1688 FS:0000 GS:0000 SS:3E00 CF:1 ZF:0 SF:1 OF:0 AF:1 PF:0 IF:1
165E:000001B5  lodsw                                                  EAX:00000000 EBX:00000AF2 ECX:00007FEA EDX:00000000 ESI:000002E6 EDI:0000211E EBP:00007BD8 ESP:00007BC2 DS:F600 ES:1688 FS:0000 GS:0000 SS:3E00 CF:1 ZF:0 SF:1 OF:0 AF:1 PF:0 IF:1
165E:000001B6  xor  es:[bx],ax                 es:[0AF2]=5B44         EAX:00000000 EBX:00000AF2 ECX:00007FEA EDX:00000000 ESI:000002E8 EDI:0000211E EBP:00007BD8 ESP:00007BC2 DS:F600 ES:1688 FS:0000 GS:0000 SS:3E00 CF:1 ZF:0 SF:1 OF:0 AF:1 PF:0 IF:1
165E:000001B9  inc  bx                                                EAX:00000000 EBX:00000AF2 ECX:00007FEA EDX:00000000 ESI:000002E8 EDI:0000211E EBP:00007BD8 ESP:00007BC2 DS:F600 ES:1688 FS:0000 GS:0000 SS:3E00 CF:0 ZF:0 SF:0 OF:0 AF:0 PF:1 IF:1
165E:000001BA  inc  bx                                                EAX:00000000 EBX:00000AF3 ECX:00007FEA EDX:00000000 ESI:000002E8 EDI:0000211E EBP:00007BD8 ESP:00007BC2 DS:F600 ES:1688 FS:0000 GS:0000 SS:3E00 CF:0 ZF:0 SF:0 OF:0 AF:0 PF:1 IF:1
165E:000001BB  cmp  bx,0B19                                           EAX:00000000 EBX:00000AF4 ECX:00007FEA EDX:00000000 ESI:000002E8 EDI:0000211E EBP:00007BD8 ESP:00007BC2 DS:F600 ES:1688 FS:0000 GS:0000 SS:3E00 CF:0 ZF:0 SF:0 OF:0 AF:0 PF:0 IF:1
165E:000001BF  jc   000001B5 ($-c)             (up)                   EAX:00000000 EBX:00000AF4 ECX:00007FEA EDX:00000000 ESI:000002E8 EDI:0000211E EBP:00007BD8 ESP:00007BC2 DS:F600 ES:1688 FS:0000 GS:0000 SS:3E00 CF:1 ZF:0 SF:1 OF:0 AF:1 PF:1 IF:1
165E:000001B5  lodsw                                                  EAX:00000000 EBX:00000AF4 ECX:00007FEA EDX:00000000 ESI:000002E8 EDI:0000211E EBP:00007BD8 ESP:00007BC2 DS:F600 ES:1688 FS:0000 GS:0000 SS:3E00 CF:1 ZF:0 SF:1 OF:0 AF:1 PF:1 IF:1
165E:000001B6  xor  es:[bx],ax                 es:[0AF4]=7C57         EAX:00000000 EBX:00000AF4 ECX:00007FEA EDX:00000000 ESI:000002EA EDI:0000211E EBP:00007BD8 ESP:00007BC2 DS:F600 ES:1688 FS:0000 GS:0000 SS:3E00 CF:1 ZF:0 SF:1 OF:0 AF:1 PF:1 IF:1
165E:000001B9  inc  bx                                                EAX:00000000 EBX:00000AF4 ECX:00007FEA EDX:00000000 ESI:000002EA EDI:0000211E EBP:00007BD8 ESP:00007BC2 DS:F600 ES:1688 FS:0000 GS:0000 SS:3E00 CF:0 ZF:0 SF:0 OF:0 AF:0 PF:0 IF:1
165E:000001BA  inc  bx                                                EAX:00000000 EBX:00000AF5 ECX:00007FEA EDX:00000000 ESI:000002EA EDI:0000211E EBP:00007BD8 ESP:00007BC2 DS:F600 ES:1688 FS:0000 GS:0000 SS:3E00 CF:0 ZF:0 SF:0 OF:0 AF:0 PF:1 IF:1
165E:000001BB  cmp  bx,0B19                                           EAX:00000000 EBX:00000AF6 ECX:00007FEA EDX:00000000 ESI:000002EA EDI:0000211E EBP:00007BD8 ESP:00007BC2 DS:F600 ES:1688 FS:0000 GS:0000 SS:3E00 CF:0 ZF:0 SF:0 OF:0 AF:0 PF:1 IF:1
165E:000001BF  jc   000001B5 ($-c)             (up)                   EAX:00000000 EBX:00000AF6 ECX:00007FEA EDX:00000000 ESI:000002EA EDI:0000211E EBP:00007BD8 ESP:00007BC2 DS:F600 ES:1688 FS:0000 GS:0000 SS:3E00 CF:1 ZF:0 SF:1 OF:0 AF:1 PF:1 IF:1
165E:000001B5  lodsw                                                  EAX:00000000 EBX:00000AF6 ECX:00007FEA EDX:00000000 ESI:000002EA EDI:0000211E EBP:00007BD8 ESP:00007BC2 DS:F600 ES:1688 FS:0000 GS:0000 SS:3E00 CF:1 ZF:0 SF:1 OF:0 AF:1 PF:1 IF:1
165E:000001B6  xor  es:[bx],ax                 es:[0AF6]=2D04         EAX:00000000 EBX:00000AF6 ECX:00007FEA EDX:00000000 ESI:000002EC EDI:0000211E EBP:00007BD8 ESP:00007BC2 DS:F600 ES:1688 FS:0000 GS:0000 SS:3E00 CF:1 ZF:0 SF:1 OF:0 AF:1 PF:1 IF:1
165E:000001B9  inc  bx                                                EAX:00000000 EBX:00000AF6 ECX:00007FEA EDX:00000000 ESI:000002EC EDI:0000211E EBP:00007BD8 ESP:00007BC2 DS:F600 ES:1688 FS:0000 GS:0000 SS:3E00 CF:0 ZF:0 SF:0 OF:0 AF:0 PF:0 IF:1
165E:000001BA  inc  bx                                                EAX:00000000 EBX:00000AF7 ECX:00007FEA EDX:00000000 ESI:000002EC EDI:0000211E EBP:00007BD8 ESP:00007BC2 DS:F600 ES:1688 FS:0000 GS:0000 SS:3E00 CF:0 ZF:0 SF:0 OF:0 AF:0 PF:0 IF:1
165E:000001BB  cmp  bx,0B19                                           EAX:00000000 EBX:00000AF8 ECX:00007FEA EDX:00000000 ESI:000002EC EDI:0000211E EBP:00007BD8 ESP:00007BC2 DS:F600 ES:1688 FS:0000 GS:0000 SS:3E00 CF:0 ZF:0 SF:0 OF:0 AF:0 PF:0 IF:1
165E:000001BF  jc   000001B5 ($-c)             (up)                   EAX:00000000 EBX:00000AF8 ECX:00007FEA EDX:00000000 ESI:000002EC EDI:0000211E EBP:00007BD8 ESP:00007BC2 DS:F600 ES:1688 FS:0000 GS:0000 SS:3E00 CF:1 ZF:0 SF:1 OF:0 AF:1 PF:0 IF:1
165E:000001B5  lodsw                                                  EAX:00000000 EBX:00000AF8 ECX:00007FEA EDX:00000000 ESI:000002EC EDI:0000211E EBP:00007BD8 ESP:00007BC2 DS:F600 ES:1688 FS:0000 GS:0000 SS:3E00 CF:1 ZF:0 SF:1 OF:0 AF:1 PF:0 IF:1
165E:000001B6  xor  es:[bx],ax                 es:[0AF8]=479F         EAX:00000000 EBX:00000AF8 ECX:00007FEA EDX:00000000 ESI:000002EE EDI:0000211E EBP:00007BD8 ESP:00007BC2 DS:F600 ES:1688 FS:0000 GS:0000 SS:3E00 CF:1 ZF:0 SF:1 OF:0 AF:1 PF:0 IF:1
165E:000001B9  inc  bx                                                EAX:00000000 EBX:00000AF8 ECX:00007FEA EDX:00000000 ESI:000002EE EDI:0000211E EBP:00007BD8 ESP:00007BC2 DS:F600 ES:1688 FS:0000 GS:0000 SS:3E00 CF:0 ZF:0 SF:0 OF:0 AF:0 PF:1 IF:1
165E:000001BA  inc  bx                                                EAX:00000000 EBX:00000AF9 ECX:00007FEA EDX:00000000 ESI:000002EE EDI:0000211E EBP:00007BD8 ESP:00007BC2 DS:F600 ES:1688 FS:0000 GS:0000 SS:3E00 CF:0 ZF:0 SF:0 OF:0 AF:0 PF:1 IF:1
165E:000001BB  cmp  bx,0B19                                           EAX:00000000 EBX:00000AFA ECX:00007FEA EDX:00000000 ESI:000002EE EDI:0000211E EBP:00007BD8 ESP:00007BC2 DS:F600 ES:1688 FS:0000 GS:0000 SS:3E00 CF:0 ZF:0 SF:0 OF:0 AF:0 PF:1 IF:1
165E:000001BF  jc   000001B5 ($-c)             (up)                   EAX:00000000 EBX:00000AFA ECX:00007FEA EDX:00000000 ESI:000002EE EDI:0000211E EBP:00007BD8 ESP:00007BC2 DS:F600 ES:1688 FS:0000 GS:0000 SS:3E00 CF:1 ZF:0 SF:1 OF:0 AF:0 PF:1 IF:1
165E:000001B5  lodsw                                                  EAX:00000000 EBX:00000AFA ECX:00007FEA EDX:00000000 ESI:000002EE EDI:0000211E EBP:00007BD8 ESP:00007BC2 DS:F600 ES:1688 FS:0000 GS:0000 SS:3E00 CF:1 ZF:0 SF:1 OF:0 AF:0 PF:1 IF:1
165E:000001B6  xor  es:[bx],ax                 es:[0AFA]=E4CC         EAX:00000000 EBX:00000AFA ECX:00007FEA EDX:00000000 ESI:000002F0 EDI:0000211E EBP:00007BD8 ESP:00007BC2 DS:F600 ES:1688 FS:0000 GS:0000 SS:3E00 CF:1 ZF:0 SF:1 OF:0 AF:0 PF:1 IF:1
165E:000001B9  inc  bx                                                EAX:00000000 EBX:00000AFA ECX:00007FEA EDX:00000000 ESI:000002F0 EDI:0000211E EBP:00007BD8 ESP:00007BC2 DS:F600 ES:1688 FS:0000 GS:0000 SS:3E00 CF:0 ZF:0 SF:1 OF:0 AF:0 PF:1 IF:1
165E:000001BA  inc  bx                                                EAX:00000000 EBX:00000AFB ECX:00007FEA EDX:00000000 ESI:000002F0 EDI:0000211E EBP:00007BD8 ESP:00007BC2 DS:F600 ES:1688 FS:0000 GS:0000 SS:3E00 CF:0 ZF:0 SF:0 OF:0 AF:0 PF:0 IF:1
165E:000001BB  cmp  bx,0B19                                           EAX:00000000 EBX:00000AFC ECX:00007FEA EDX:00000000 ESI:000002F0 EDI:0000211E EBP:00007BD8 ESP:00007BC2 DS:F600 ES:1688 FS:0000 GS:0000 SS:3E00 CF:0 ZF:0 SF:0 OF:0 AF:0 PF:1 IF:1
165E:000001BF  jc   000001B5 ($-c)             (up)                   EAX:00000000 EBX:00000AFC ECX:00007FEA EDX:00000000 ESI:000002F0 EDI:0000211E EBP:00007BD8 ESP:00007BC2 DS:F600 ES:1688 FS:0000 GS:0000 SS:3E00 CF:1 ZF:0 SF:1 OF:0 AF:0 PF:0 IF:1
165E:000001B5  lodsw                                                  EAX:00000000 EBX:00000AFC ECX:00007FEA EDX:00000000 ESI:000002F0 EDI:0000211E EBP:00007BD8 ESP:00007BC2 DS:F600 ES:1688 FS:0000 GS:0000 SS:3E00 CF:1 ZF:0 SF:1 OF:0 AF:0 PF:0 IF:1
165E:000001B6  xor  es:[bx],ax                 es:[0AFC]=4ACA         EAX:00000000 EBX:00000AFC ECX:00007FEA EDX:00000000 ESI:000002F2 EDI:0000211E EBP:00007BD8 ESP:00007BC2 DS:F600 ES:1688 FS:0000 GS:0000 SS:3E00 CF:1 ZF:0 SF:1 OF:0 AF:0 PF:0 IF:1
165E:000001B9  inc  bx                                                EAX:00000000 EBX:00000AFC ECX:00007FEA EDX:00000000 ESI:000002F2 EDI:0000211E EBP:00007BD8 ESP:00007BC2 DS:F600 ES:1688 FS:0000 GS:0000 SS:3E00 CF:0 ZF:0 SF:0 OF:0 AF:0 PF:1 IF:1
165E:000001BA  inc  bx                                                EAX:00000000 EBX:00000AFD ECX:00007FEA EDX:00000000 ESI:000002F2 EDI:0000211E EBP:00007BD8 ESP:00007BC2 DS:F600 ES:1688 FS:0000 GS:0000 SS:3E00 CF:0 ZF:0 SF:0 OF:0 AF:0 PF:0 IF:1
165E:000001BB  cmp  bx,0B19                                           EAX:00000000 EBX:00000AFE ECX:00007FEA EDX:00000000 ESI:000002F2 EDI:0000211E EBP:00007BD8 ESP:00007BC2 DS:F600 ES:1688 FS:0000 GS:0000 SS:3E00 CF:0 ZF:0 SF:0 OF:0 AF:0 PF:0 IF:1
165E:000001BF  jc   000001B5 ($-c)             (up)                   EAX:00000000 EBX:00000AFE ECX:00007FEA EDX:00000000 ESI:000002F2 EDI:0000211E EBP:00007BD8 ESP:00007BC2 DS:F600 ES:1688 FS:0000 GS:0000 SS:3E00 CF:1 ZF:0 SF:1 OF:0 AF:0 PF:0 IF:1
165E:000001B5  lodsw                                                  EAX:00000000 EBX:00000AFE ECX:00007FEA EDX:00000000 ESI:000002F2 EDI:0000211E EBP:00007BD8 ESP:00007BC2 DS:F600 ES:1688 FS:0000 GS:0000 SS:3E00 CF:1 ZF:0 SF:1 OF:0 AF:0 PF:0 IF:1
165E:000001B6  xor  es:[bx],ax                 es:[0AFE]=96C8         EAX:00000000 EBX:00000AFE ECX:00007FEA EDX:00000000 ESI:000002F4 EDI:0000211E EBP:00007BD8 ESP:00007BC2 DS:F600 ES:1688 FS:0000 GS:0000 SS:3E00 CF:1 ZF:0 SF:1 OF:0 AF:0 PF:0 IF:1
165E:000001B9  inc  bx                                                EAX:00000000 EBX:00000AFE ECX:00007FEA EDX:00000000 ESI:000002F4 EDI:0000211E EBP:00007BD8 ESP:00007BC2 DS:F600 ES:1688 FS:0000 GS:0000 SS:3E00 CF:0 ZF:0 SF:1 OF:0 AF:0 PF:0 IF:1
165E:000001BA  inc  bx                                                EAX:00000000 EBX:00000AFF ECX:00007FEA EDX:00000000 ESI:000002F4 EDI:0000211E EBP:00007BD8 ESP:00007BC2 DS:F600 ES:1688 FS:0000 GS:0000 SS:3E00 CF:0 ZF:0 SF:0 OF:0 AF:0 PF:1 IF:1
165E:000001BB  cmp  bx,0B19                                           EAX:00000000 EBX:00000B00 ECX:00007FEA EDX:00000000 ESI:000002F4 EDI:0000211E EBP:00007BD8 ESP:00007BC2 DS:F600 ES:1688 FS:0000 GS:0000 SS:3E00 CF:0 ZF:0 SF:0 OF:0 AF:1 PF:1 IF:1
165E:000001BF  jc   000001B5 ($-c)             (up)                   EAX:00000000 EBX:00000B00 ECX:00007FEA EDX:00000000 ESI:000002F4 EDI:0000211E EBP:00007BD8 ESP:00007BC2 DS:F600 ES:1688 FS:0000 GS:0000 SS:3E00 CF:1 ZF:0 SF:1 OF:0 AF:1 PF:1 IF:1
165E:000001B5  lodsw                                                  EAX:00000000 EBX:00000B00 ECX:00007FEA EDX:00000000 ESI:000002F4 EDI:0000211E EBP:00007BD8 ESP:00007BC2 DS:F600 ES:1688 FS:0000 GS:0000 SS:3E00 CF:1 ZF:0 SF:1 OF:0 AF:1 PF:1 IF:1
165E:000001B6  xor  es:[bx],ax                 es:[0B00]=7548         EAX:00000000 EBX:00000B00 ECX:00007FEA EDX:00000000 ESI:000002F6 EDI:0000211E EBP:00007BD8 ESP:00007BC2 DS:F600 ES:1688 FS:0000 GS:0000 SS:3E00 CF:1 ZF:0 SF:1 OF:0 AF:1 PF:1 IF:1
165E:000001B9  inc  bx                                                EAX:00000000 EBX:00000B00 ECX:00007FEA EDX:00000000 ESI:000002F6 EDI:0000211E EBP:00007BD8 ESP:00007BC2 DS:F600 ES:1688 FS:0000 GS:0000 SS:3E00 CF:0 ZF:0 SF:0 OF:0 AF:0 PF:1 IF:1
165E:000001BA  inc  bx                                                EAX:00000000 EBX:00000B01 ECX:00007FEA EDX:00000000 ESI:000002F6 EDI:0000211E EBP:00007BD8 ESP:00007BC2 DS:F600 ES:1688 FS:0000 GS:0000 SS:3E00 CF:0 ZF:0 SF:0 OF:0 AF:0 PF:0 IF:1
165E:000001BB  cmp  bx,0B19                                           EAX:00000000 EBX:00000B02 ECX:00007FEA EDX:00000000 ESI:000002F6 EDI:0000211E EBP:00007BD8 ESP:00007BC2 DS:F600 ES:1688 FS:0000 GS:0000 SS:3E00 CF:0 ZF:0 SF:0 OF:0 AF:0 PF:0 IF:1
165E:000001BF  jc   000001B5 ($-c)             (up)                   EAX:00000000 EBX:00000B02 ECX:00007FEA EDX:00000000 ESI:000002F6 EDI:0000211E EBP:00007BD8 ESP:00007BC2 DS:F600 ES:1688 FS:0000 GS:0000 SS:3E00 CF:1 ZF:0 SF:1 OF:0 AF:1 PF:0 IF:1
165E:000001B5  lodsw                                                  EAX:00000000 EBX:00000B02 ECX:00007FEA EDX:00000000 ESI:000002F6 EDI:0000211E EBP:00007BD8 ESP:00007BC2 DS:F600 ES:1688 FS:0000 GS:0000 SS:3E00 CF:1 ZF:0 SF:1 OF:0 AF:1 PF:0 IF:1
165E:000001B6  xor  es:[bx],ax                 es:[0B02]=EE7E         EAX:00000000 EBX:00000B02 ECX:00007FEA EDX:00000000 ESI:000002F8 EDI:0000211E EBP:00007BD8 ESP:00007BC2 DS:F600 ES:1688 FS:0000 GS:0000 SS:3E00 CF:1 ZF:0 SF:1 OF:0 AF:1 PF:0 IF:1
165E:000001B9  inc  bx                                                EAX:00000000 EBX:00000B02 ECX:00007FEA EDX:00000000 ESI:000002F8 EDI:0000211E EBP:00007BD8 ESP:00007BC2 DS:F600 ES:1688 FS:0000 GS:0000 SS:3E00 CF:0 ZF:0 SF:1 OF:0 AF:0 PF:1 IF:1
165E:000001BA  inc  bx                                                EAX:00000000 EBX:00000B03 ECX:00007FEA EDX:00000000 ESI:000002F8 EDI:0000211E EBP:00007BD8 ESP:00007BC2 DS:F600 ES:1688 FS:0000 GS:0000 SS:3E00 CF:0 ZF:0 SF:0 OF:0 AF:0 PF:1 IF:1
165E:000001BB  cmp  bx,0B19                                           EAX:00000000 EBX:00000B04 ECX:00007FEA EDX:00000000 ESI:000002F8 EDI:0000211E EBP:00007BD8 ESP:00007BC2 DS:F600 ES:1688 FS:0000 GS:0000 SS:3E00 CF:0 ZF:0 SF:0 OF:0 AF:0 PF:0 IF:1
165E:000001BF  jc   000001B5 ($-c)             (up)                   EAX:00000000 EBX:00000B04 ECX:00007FEA EDX:00000000 ESI:000002F8 EDI:0000211E EBP:00007BD8 ESP:00007BC2 DS:F600 ES:1688 FS:0000 GS:0000 SS:3E00 CF:1 ZF:0 SF:1 OF:0 AF:1 PF:1 IF:1
165E:000001B5  lodsw                                                  EAX:00000000 EBX:00000B04 ECX:00007FEA EDX:00000000 ESI:000002F8 EDI:0000211E EBP:00007BD8 ESP:00007BC2 DS:F600 ES:1688 FS:0000 GS:0000 SS:3E00 CF:1 ZF:0 SF:1 OF:0 AF:1 PF:1 IF:1
165E:000001B6  xor  es:[bx],ax                 es:[0B04]=6659         EAX:00000000 EBX:00000B04 ECX:00007FEA EDX:00000000 ESI:000002FA EDI:0000211E EBP:00007BD8 ESP:00007BC2 DS:F600 ES:1688 FS:0000 GS:0000 SS:3E00 CF:1 ZF:0 SF:1 OF:0 AF:1 PF:1 IF:1
165E:000001B9  inc  bx                                                EAX:00000000 EBX:00000B04 ECX:00007FEA EDX:00000000 ESI:000002FA EDI:0000211E EBP:00007BD8 ESP:00007BC2 DS:F600 ES:1688 FS:0000 GS:0000 SS:3E00 CF:0 ZF:0 SF:0 OF:0 AF:0 PF:1 IF:1
165E:000001BA  inc  bx                                                EAX:00000000 EBX:00000B05 ECX:00007FEA EDX:00000000 ESI:000002FA EDI:0000211E EBP:00007BD8 ESP:00007BC2 DS:F600 ES:1688 FS:0000 GS:0000 SS:3E00 CF:0 ZF:0 SF:0 OF:0 AF:0 PF:1 IF:1
165E:000001BB  cmp  bx,0B19                                           EAX:00000000 EBX:00000B06 ECX:00007FEA EDX:00000000 ESI:000002FA EDI:0000211E EBP:00007BD8 ESP:00007BC2 DS:F600 ES:1688 FS:0000 GS:0000 SS:3E00 CF:0 ZF:0 SF:0 OF:0 AF:0 PF:1 IF:1
165E:000001BF  jc   000001B5 ($-c)             (up)                   EAX:00000000 EBX:00000B06 ECX:00007FEA EDX:00000000 ESI:000002FA EDI:0000211E EBP:00007BD8 ESP:00007BC2 DS:F600 ES:1688 FS:0000 GS:0000 SS:3E00 CF:1 ZF:0 SF:1 OF:0 AF:1 PF:1 IF:1
165E:000001B5  lodsw                                                  EAX:00000000 EBX:00000B06 ECX:00007FEA EDX:00000000 ESI:000002FA EDI:0000211E EBP:00007BD8 ESP:00007BC2 DS:F600 ES:1688 FS:0000 GS:0000 SS:3E00 CF:1 ZF:0 SF:1 OF:0 AF:1 PF:1 IF:1
165E:000001B6  xor  es:[bx],ax                 es:[0B06]=08BA         EAX:00000000 EBX:00000B06 ECX:00007FEA EDX:00000000 ESI:000002FC EDI:0000211E EBP:00007BD8 ESP:00007BC2 DS:F600 ES:1688 FS:0000 GS:0000 SS:3E00 CF:1 ZF:0 SF:1 OF:0 AF:1 PF:1 IF:1
165E:000001B9  inc  bx                                                EAX:00000000 EBX:00000B06 ECX:00007FEA EDX:00000000 ESI:000002FC EDI:0000211E EBP:00007BD8 ESP:00007BC2 DS:F600 ES:1688 FS:0000 GS:0000 SS:3E00 CF:0 ZF:0 SF:0 OF:0 AF:0 PF:0 IF:1
165E:000001BA  inc  bx                                                EAX:00000000 EBX:00000B07 ECX:00007FEA EDX:00000000 ESI:000002FC EDI:0000211E EBP:00007BD8 ESP:00007BC2 DS:F600 ES:1688 FS:0000 GS:0000 SS:3E00 CF:0 ZF:0 SF:0 OF:0 AF:0 PF:0 IF:1
165E:000001BB  cmp  bx,0B19                                           EAX:00000000 EBX:00000B08 ECX:00007FEA EDX:00000000 ESI:000002FC EDI:0000211E EBP:00007BD8 ESP:00007BC2 DS:F600 ES:1688 FS:0000 GS:0000 SS:3E00 CF:0 ZF:0 SF:0 OF:0 AF:0 PF:0 IF:1
165E:000001BF  jc   000001B5 ($-c)             (up)                   EAX:00000000 EBX:00000B08 ECX:00007FEA EDX:00000000 ESI:000002FC EDI:0000211E EBP:00007BD8 ESP:00007BC2 DS:F600 ES:1688 FS:0000 GS:0000 SS:3E00 CF:1 ZF:0 SF:1 OF:0 AF:1 PF:0 IF:1
165E:000001B5  lodsw                                                  EAX:00000000 EBX:00000B08 ECX:00007FEA EDX:00000000 ESI:000002FC EDI:0000211E EBP:00007BD8 ESP:00007BC2 DS:F600 ES:1688 FS:0000 GS:0000 SS:3E00 CF:1 ZF:0 SF:1 OF:0 AF:1 PF:0 IF:1
165E:000001B6  xor  es:[bx],ax                 es:[0B08]=15DA         EAX:00000000 EBX:00000B08 ECX:00007FEA EDX:00000000 ESI:000002FE EDI:0000211E EBP:00007BD8 ESP:00007BC2 DS:F600 ES:1688 FS:0000 GS:0000 SS:3E00 CF:1 ZF:0 SF:1 OF:0 AF:1 PF:0 IF:1
165E:000001B9  inc  bx                                                EAX:00000000 EBX:00000B08 ECX:00007FEA EDX:00000000 ESI:000002FE EDI:0000211E EBP:00007BD8 ESP:00007BC2 DS:F600 ES:1688 FS:0000 GS:0000 SS:3E00 CF:0 ZF:0 SF:0 OF:0 AF:0 PF:0 IF:1
165E:000001BA  inc  bx                                                EAX:00000000 EBX:00000B09 ECX:00007FEA EDX:00000000 ESI:000002FE EDI:0000211E EBP:00007BD8 ESP:00007BC2 DS:F600 ES:1688 FS:0000 GS:0000 SS:3E00 CF:0 ZF:0 SF:0 OF:0 AF:0 PF:1 IF:1
165E:000001BB  cmp  bx,0B19                                           EAX:00000000 EBX:00000B0A ECX:00007FEA EDX:00000000 ESI:000002FE EDI:0000211E EBP:00007BD8 ESP:00007BC2 DS:F600 ES:1688 FS:0000 GS:0000 SS:3E00 CF:0 ZF:0 SF:0 OF:0 AF:0 PF:1 IF:1
165E:000001BF  jc   000001B5 ($-c)             (up)                   EAX:00000000 EBX:00000B0A ECX:00007FEA EDX:00000000 ESI:000002FE EDI:0000211E EBP:00007BD8 ESP:00007BC2 DS:F600 ES:1688 FS:0000 GS:0000 SS:3E00 CF:1 ZF:0 SF:1 OF:0 AF:0 PF:0 IF:1
165E:000001B5  lodsw                                                  EAX:00000000 EBX:00000B0A ECX:00007FEA EDX:00000000 ESI:000002FE EDI:0000211E EBP:00007BD8 ESP:00007BC2 DS:F600 ES:1688 FS:0000 GS:0000 SS:3E00 CF:1 ZF:0 SF:1 OF:0 AF:0 PF:0 IF:1
165E:000001B6  xor  es:[bx],ax                 es:[0B0A]=0C04         EAX:00000000 EBX:00000B0A ECX:00007FEA EDX:00000000 ESI:00000300 EDI:0000211E EBP:00007BD8 ESP:00007BC2 DS:F600 ES:1688 FS:0000 GS:0000 SS:3E00 CF:1 ZF:0 SF:1 OF:0 AF:0 PF:0 IF:1
165E:000001B9  inc  bx                                                EAX:00000000 EBX:00000B0A ECX:00007FEA EDX:00000000 ESI:00000300 EDI:0000211E EBP:00007BD8 ESP:00007BC2 DS:F600 ES:1688 FS:0000 GS:0000 SS:3E00 CF:0 ZF:0 SF:0 OF:0 AF:0 PF:0 IF:1
165E:000001BA  inc  bx                                                EAX:00000000 EBX:00000B0B ECX:00007FEA EDX:00000000 ESI:00000300 EDI:0000211E EBP:00007BD8 ESP:00007BC2 DS:F600 ES:1688 FS:0000 GS:0000 SS:3E00 CF:0 ZF:0 SF:0 OF:0 AF:0 PF:0 IF:1
165E:000001BB  cmp  bx,0B19                                           EAX:00000000 EBX:00000B0C ECX:00007FEA EDX:00000000 ESI:00000300 EDI:0000211E EBP:00007BD8 ESP:00007BC2 DS:F600 ES:1688 FS:0000 GS:0000 SS:3E00 CF:0 ZF:0 SF:0 OF:0 AF:0 PF:1 IF:1
165E:000001BF  jc   000001B5 ($-c)             (up)                   EAX:00000000 EBX:00000B0C ECX:00007FEA EDX:00000000 ESI:00000300 EDI:0000211E EBP:00007BD8 ESP:00007BC2 DS:F600 ES:1688 FS:0000 GS:0000 SS:3E00 CF:1 ZF:0 SF:1 OF:0 AF:0 PF:1 IF:1
165E:000001B5  lodsw                                                  EAX:00000000 EBX:00000B0C ECX:00007FEA EDX:00000000 ESI:00000300 EDI:0000211E EBP:00007BD8 ESP:00007BC2 DS:F600 ES:1688 FS:0000 GS:0000 SS:3E00 CF:1 ZF:0 SF:1 OF:0 AF:0 PF:1 IF:1
165E:000001B6  xor  es:[bx],ax                 es:[0B0C]=9ECF         EAX:00000000 EBX:00000B0C ECX:00007FEA EDX:00000000 ESI:00000302 EDI:0000211E EBP:00007BD8 ESP:00007BC2 DS:F600 ES:1688 FS:0000 GS:0000 SS:3E00 CF:1 ZF:0 SF:1 OF:0 AF:0 PF:1 IF:1
165E:000001B9  inc  bx                                                EAX:00000000 EBX:00000B0C ECX:00007FEA EDX:00000000 ESI:00000302 EDI:0000211E EBP:00007BD8 ESP:00007BC2 DS:F600 ES:1688 FS:0000 GS:0000 SS:3E00 CF:0 ZF:0 SF:1 OF:0 AF:0 PF:1 IF:1
165E:000001BA  inc  bx                                                EAX:00000000 EBX:00000B0D ECX:00007FEA EDX:00000000 ESI:00000302 EDI:0000211E EBP:00007BD8 ESP:00007BC2 DS:F600 ES:1688 FS:0000 GS:0000 SS:3E00 CF:0 ZF:0 SF:0 OF:0 AF:0 PF:0 IF:1
165E:000001BB  cmp  bx,0B19                                           EAX:00000000 EBX:00000B0E ECX:00007FEA EDX:00000000 ESI:00000302 EDI:0000211E EBP:00007BD8 ESP:00007BC2 DS:F600 ES:1688 FS:0000 GS:0000 SS:3E00 CF:0 ZF:0 SF:0 OF:0 AF:0 PF:0 IF:1
165E:000001BF  jc   000001B5 ($-c)             (up)                   EAX:00000000 EBX:00000B0E ECX:00007FEA EDX:00000000 ESI:00000302 EDI:0000211E EBP:00007BD8 ESP:00007BC2 DS:F600 ES:1688 FS:0000 GS:0000 SS:3E00 CF:1 ZF:0 SF:1 OF:0 AF:0 PF:1 IF:1
165E:000001B5  lodsw                                                  EAX:00000000 EBX:00000B0E ECX:00007FEA EDX:00000000 ESI:00000302 EDI:0000211E EBP:00007BD8 ESP:00007BC2 DS:F600 ES:1688 FS:0000 GS:0000 SS:3E00 CF:1 ZF:0 SF:1 OF:0 AF:0 PF:1 IF:1
165E:000001B6  xor  es:[bx],ax                 es:[0B0E]=6FD4         EAX:00000000 EBX:00000B0E ECX:00007FEA EDX:00000000 ESI:00000304 EDI:0000211E EBP:00007BD8 ESP:00007BC2 DS:F600 ES:1688 FS:0000 GS:0000 SS:3E00 CF:1 ZF:0 SF:1 OF:0 AF:0 PF:1 IF:1
165E:000001B9  inc  bx                                                EAX:00000000 EBX:00000B0E ECX:00007FEA EDX:00000000 ESI:00000304 EDI:0000211E EBP:00007BD8 ESP:00007BC2 DS:F600 ES:1688 FS:0000 GS:0000 SS:3E00 CF:0 ZF:0 SF:0 OF:0 AF:0 PF:1 IF:1
165E:000001BA  inc  bx                                                EAX:00000000 EBX:00000B0F ECX:00007FEA EDX:00000000 ESI:00000304 EDI:0000211E EBP:00007BD8 ESP:00007BC2 DS:F600 ES:1688 FS:0000 GS:0000 SS:3E00 CF:0 ZF:0 SF:0 OF:0 AF:0 PF:1 IF:1
165E:000001BB  cmp  bx,0B19                                           EAX:00000000 EBX:00000B10 ECX:00007FEA EDX:00000000 ESI:00000304 EDI:0000211E EBP:00007BD8 ESP:00007BC2 DS:F600 ES:1688 FS:0000 GS:0000 SS:3E00 CF:0 ZF:0 SF:0 OF:0 AF:1 PF:0 IF:1
165E:000001BF  jc   000001B5 ($-c)             (up)                   EAX:00000000 EBX:00000B10 ECX:00007FEA EDX:00000000 ESI:00000304 EDI:0000211E EBP:00007BD8 ESP:00007BC2 DS:F600 ES:1688 FS:0000 GS:0000 SS:3E00 CF:1 ZF:0 SF:1 OF:0 AF:1 PF:0 IF:1
165E:000001B5  lodsw                                                  EAX:00000000 EBX:00000B10 ECX:00007FEA EDX:00000000 ESI:00000304 EDI:0000211E EBP:00007BD8 ESP:00007BC2 DS:F600 ES:1688 FS:0000 GS:0000 SS:3E00 CF:1 ZF:0 SF:1 OF:0 AF:1 PF:0 IF:1
165E:000001B6  xor  es:[bx],ax                 es:[0B10]=67A5         EAX:00000000 EBX:00000B10 ECX:00007FEA EDX:00000000 ESI:00000306 EDI:0000211E EBP:00007BD8 ESP:00007BC2 DS:F600 ES:1688 FS:0000 GS:0000 SS:3E00 CF:1 ZF:0 SF:1 OF:0 AF:1 PF:0 IF:1
165E:000001B9  inc  bx                                                EAX:00000000 EBX:00000B10 ECX:00007FEA EDX:00000000 ESI:00000306 EDI:0000211E EBP:00007BD8 ESP:00007BC2 DS:F600 ES:1688 FS:0000 GS:0000 SS:3E00 CF:0 ZF:0 SF:0 OF:0 AF:0 PF:1 IF:1
165E:000001BA  inc  bx                                                EAX:00000000 EBX:00000B11 ECX:00007FEA EDX:00000000 ESI:00000306 EDI:0000211E EBP:00007BD8 ESP:00007BC2 DS:F600 ES:1688 FS:0000 GS:0000 SS:3E00 CF:0 ZF:0 SF:0 OF:0 AF:0 PF:1 IF:1
165E:000001BB  cmp  bx,0B19                                           EAX:00000000 EBX:00000B12 ECX:00007FEA EDX:00000000 ESI:00000306 EDI:0000211E EBP:00007BD8 ESP:00007BC2 DS:F600 ES:1688 FS:0000 GS:0000 SS:3E00 CF:0 ZF:0 SF:0 OF:0 AF:0 PF:1 IF:1
165E:000001BF  jc   000001B5 ($-c)             (up)                   EAX:00000000 EBX:00000B12 ECX:00007FEA EDX:00000000 ESI:00000306 EDI:0000211E EBP:00007BD8 ESP:00007BC2 DS:F600 ES:1688 FS:0000 GS:0000 SS:3E00 CF:1 ZF:0 SF:1 OF:0 AF:1 PF:1 IF:1
165E:000001B5  lodsw                                                  EAX:00000000 EBX:00000B12 ECX:00007FEA EDX:00000000 ESI:00000306 EDI:0000211E EBP:00007BD8 ESP:00007BC2 DS:F600 ES:1688 FS:0000 GS:0000 SS:3E00 CF:1 ZF:0 SF:1 OF:0 AF:1 PF:1 IF:1
165E:000001B6  xor  es:[bx],ax                 es:[0B12]=C555         EAX:00000000 EBX:00000B12 ECX:00007FEA EDX:00000000 ESI:00000308 EDI:0000211E EBP:00007BD8 ESP:00007BC2 DS:F600 ES:1688 FS:0000 GS:0000 SS:3E00 CF:1 ZF:0 SF:1 OF:0 AF:1 PF:1 IF:1
165E:000001B9  inc  bx                                                EAX:00000000 EBX:00000B12 ECX:00007FEA EDX:00000000 ESI:00000308 EDI:0000211E EBP:00007BD8 ESP:00007BC2 DS:F600 ES:1688 FS:0000 GS:0000 SS:3E00 CF:0 ZF:0 SF:1 OF:0 AF:0 PF:1 IF:1
165E:000001BA  inc  bx                                                EAX:00000000 EBX:00000B13 ECX:00007FEA EDX:00000000 ESI:00000308 EDI:0000211E EBP:00007BD8 ESP:00007BC2 DS:F600 ES:1688 FS:0000 GS:0000 SS:3E00 CF:0 ZF:0 SF:0 OF:0 AF:0 PF:0 IF:1
165E:000001BB  cmp  bx,0B19                                           EAX:00000000 EBX:00000B14 ECX:00007FEA EDX:00000000 ESI:00000308 EDI:0000211E EBP:00007BD8 ESP:00007BC2 DS:F600 ES:1688 FS:0000 GS:0000 SS:3E00 CF:0 ZF:0 SF:0 OF:0 AF:0 PF:1 IF:1
165E:000001BF  jc   000001B5 ($-c)             (up)                   EAX:00000000 EBX:00000B14 ECX:00007FEA EDX:00000000 ESI:00000308 EDI:0000211E EBP:00007BD8 ESP:00007BC2 DS:F600 ES:1688 FS:0000 GS:0000 SS:3E00 CF:1 ZF:0 SF:1 OF:0 AF:1 PF:0 IF:1
165E:000001B5  lodsw                                                  EAX:00000000 EBX:00000B14 ECX:00007FEA EDX:00000000 ESI:00000308 EDI:0000211E EBP:00007BD8 ESP:00007BC2 DS:F600 ES:1688 FS:0000 GS:0000 SS:3E00 CF:1 ZF:0 SF:1 OF:0 AF:1 PF:0 IF:1
165E:000001B6  xor  es:[bx],ax                 es:[0B14]=70C0         EAX:00000000 EBX:00000B14 ECX:00007FEA EDX:00000000 ESI:0000030A EDI:0000211E EBP:00007BD8 ESP:00007BC2 DS:F600 ES:1688 FS:0000 GS:0000 SS:3E00 CF:1 ZF:0 SF:1 OF:0 AF:1 PF:0 IF:1
165E:000001B9  inc  bx                                                EAX:00000000 EBX:00000B14 ECX:00007FEA EDX:00000000 ESI:0000030A EDI:0000211E EBP:00007BD8 ESP:00007BC2 DS:F600 ES:1688 FS:0000 GS:0000 SS:3E00 CF:0 ZF:0 SF:0 OF:0 AF:0 PF:1 IF:1
165E:000001BA  inc  bx                                                EAX:00000000 EBX:00000B15 ECX:00007FEA EDX:00000000 ESI:0000030A EDI:0000211E EBP:00007BD8 ESP:00007BC2 DS:F600 ES:1688 FS:0000 GS:0000 SS:3E00 CF:0 ZF:0 SF:0 OF:0 AF:0 PF:0 IF:1
165E:000001BB  cmp  bx,0B19                                           EAX:00000000 EBX:00000B16 ECX:00007FEA EDX:00000000 ESI:0000030A EDI:0000211E EBP:00007BD8 ESP:00007BC2 DS:F600 ES:1688 FS:0000 GS:0000 SS:3E00 CF:0 ZF:0 SF:0 OF:0 AF:0 PF:0 IF:1
165E:000001BF  jc   000001B5 ($-c)             (up)                   EAX:00000000 EBX:00000B16 ECX:00007FEA EDX:00000000 ESI:0000030A EDI:0000211E EBP:00007BD8 ESP:00007BC2 DS:F600 ES:1688 FS:0000 GS:0000 SS:3E00 CF:1 ZF:0 SF:1 OF:0 AF:1 PF:0 IF:1
165E:000001B5  lodsw                                                  EAX:00000000 EBX:00000B16 ECX:00007FEA EDX:00000000 ESI:0000030A EDI:0000211E EBP:00007BD8 ESP:00007BC2 DS:F600 ES:1688 FS:0000 GS:0000 SS:3E00 CF:1 ZF:0 SF:1 OF:0 AF:1 PF:0 IF:1
165E:000001B6  xor  es:[bx],ax                 es:[0B16]=85DF         EAX:00000000 EBX:00000B16 ECX:00007FEA EDX:00000000 ESI:0000030C EDI:0000211E EBP:00007BD8 ESP:00007BC2 DS:F600 ES:1688 FS:0000 GS:0000 SS:3E00 CF:1 ZF:0 SF:1 OF:0 AF:1 PF:0 IF:1
165E:000001B9  inc  bx                                                EAX:00000000 EBX:00000B16 ECX:00007FEA EDX:00000000 ESI:0000030C EDI:0000211E EBP:00007BD8 ESP:00007BC2 DS:F600 ES:1688 FS:0000 GS:0000 SS:3E00 CF:0 ZF:0 SF:1 OF:0 AF:0 PF:0 IF:1
165E:000001BA  inc  bx                                                EAX:00000000 EBX:00000B17 ECX:00007FEA EDX:00000000 ESI:0000030C EDI:0000211E EBP:00007BD8 ESP:00007BC2 DS:F600 ES:1688 FS:0000 GS:0000 SS:3E00 CF:0 ZF:0 SF:0 OF:0 AF:0 PF:1 IF:1
165E:000001BB  cmp  bx,0B19                                           EAX:00000000 EBX:00000B18 ECX:00007FEA EDX:00000000 ESI:0000030C EDI:0000211E EBP:00007BD8 ESP:00007BC2 DS:F600 ES:1688 FS:0000 GS:0000 SS:3E00 CF:0 ZF:0 SF:0 OF:0 AF:0 PF:1 IF:1
165E:000001BF  jc   000001B5 ($-c)             (up)                   EAX:00000000 EBX:00000B18 ECX:00007FEA EDX:00000000 ESI:0000030C EDI:0000211E EBP:00007BD8 ESP:00007BC2 DS:F600 ES:1688 FS:0000 GS:0000 SS:3E00 CF:1 ZF:0 SF:1 OF:0 AF:1 PF:1 IF:1
165E:000001B5  lodsw                                                  EAX:00000000 EBX:00000B18 ECX:00007FEA EDX:00000000 ESI:0000030C EDI:0000211E EBP:00007BD8 ESP:00007BC2 DS:F600 ES:1688 FS:0000 GS:0000 SS:3E00 CF:1 ZF:0 SF:1 OF:0 AF:1 PF:1 IF:1
165E:000001B6  xor  es:[bx],ax                 es:[0B18]=0015         EAX:00000000 EBX:00000B18 ECX:00007FEA EDX:00000000 ESI:0000030E EDI:0000211E EBP:00007BD8 ESP:00007BC2 DS:F600 ES:1688 FS:0000 GS:0000 SS:3E00 CF:1 ZF:0 SF:1 OF:0 AF:1 PF:1 IF:1
165E:000001B9  inc  bx                                                EAX:00000000 EBX:00000B18 ECX:00007FEA EDX:00000000 ESI:0000030E EDI:0000211E EBP:00007BD8 ESP:00007BC2 DS:F600 ES:1688 FS:0000 GS:0000 SS:3E00 CF:0 ZF:0 SF:0 OF:0 AF:0 PF:0 IF:1
165E:000001BA  inc  bx                                                EAX:00000000 EBX:00000B19 ECX:00007FEA EDX:00000000 ESI:0000030E EDI:0000211E EBP:00007BD8 ESP:00007BC2 DS:F600 ES:1688 FS:0000 GS:0000 SS:3E00 CF:0 ZF:0 SF:0 OF:0 AF:0 PF:0 IF:1
165E:000001BB  cmp  bx,0B19                                           EAX:00000000 EBX:00000B1A ECX:00007FEA EDX:00000000 ESI:0000030E EDI:0000211E EBP:00007BD8 ESP:00007BC2 DS:F600 ES:1688 FS:0000 GS:0000 SS:3E00 CF:0 ZF:0 SF:0 OF:0 AF:0 PF:0 IF:1
165E:000001BF  jc   000001B5 ($-c)             (no jmp)               EAX:00000000 EBX:00000B1A ECX:00007FEA EDX:00000000 ESI:0000030E EDI:0000211E EBP:00007BD8 ESP:00007BC2 DS:F600 ES:1688 FS:0000 GS:0000 SS:3E00 CF:0 ZF:0 SF:0 OF:0 AF:0 PF:0 IF:1
165E:000001C1  pop  si                                                EAX:00000000 EBX:00000B1A ECX:00007FEA EDX:00000000 ESI:0000030E EDI:0000211E EBP:00007BD8 ESP:00007BC2 DS:F600 ES:1688 FS:0000 GS:0000 SS:3E00 CF:0 ZF:0 SF:0 OF:0 AF:0 PF:0 IF:1
165E:000001C2  pop  ds                                                EAX:00000000 EBX:00000B1A ECX:00007FEA EDX:00000000 ESI:00007BD0 EDI:0000211E EBP:00007BD8 ESP:00007BC4 DS:F600 ES:1688 FS:0000 GS:0000 SS:3E00 CF:0 ZF:0 SF:0 OF:0 AF:0 PF:0 IF:1
165E:000001C3  call 1688:1709                                         EAX:00000000 EBX:00000B1A ECX:00007FEA EDX:00000000 ESI:00007BD0 EDI:0000211E EBP:00007BD8 ESP:00007BC6 DS:3E00 ES:1688 FS:0000 GS:0000 SS:3E00 CF:0 ZF:0 SF:0 OF:0 AF:0 PF:0 IF:1
1688:00001709  push si                                                EAX:00000000 EBX:00000B1A ECX:00007FEA EDX:00000000 ESI:00007BD0 EDI:0000211E EBP:00007BD8 ESP:00007BC2 DS:3E00 ES:1688 FS:0000 GS:0000 SS:3E00 CF:0 ZF:0 SF:0 OF:0 AF:0 PF:0 IF:1
1688:0000170A  push es                                                EAX:00000000 EBX:00000B1A ECX:00007FEA EDX:00000000 ESI:00007BD0 EDI:0000211E EBP:00007BD8 ESP:00007BC0 DS:3E00 ES:1688 FS:0000 GS:0000 SS:3E00 CF:0 ZF:0 SF:0 OF:0 AF:0 PF:0 IF:1
1688:0000170B  push ds                                                EAX:00000000 EBX:00000B1A ECX:00007FEA EDX:00000000 ESI:00007BD0 EDI:0000211E EBP:00007BD8 ESP:00007BBE DS:3E00 ES:1688 FS:0000 GS:0000 SS:3E00 CF:0 ZF:0 SF:0 OF:0 AF:0 PF:0 IF:1
1688:0000170C  pop  es                                                EAX:00000000 EBX:00000B1A ECX:00007FEA EDX:00000000 ESI:00007BD0 EDI:0000211E EBP:00007BD8 ESP:00007BBC DS:3E00 ES:1688 FS:0000 GS:0000 SS:3E00 CF:0 ZF:0 SF:0 OF:0 AF:0 PF:0 IF:1
1688:0000170D  mov  ax,[si+06]                 ds:[7BD6]=0200         EAX:00000000 EBX:00000B1A ECX:00007FEA EDX:00000000 ESI:00007BD0 EDI:0000211E EBP:00007BD8 ESP:00007BBE DS:3E00 ES:3E00 FS:0000 GS:0000 SS:3E00 CF:0 ZF:0 SF:0 OF:0 AF:0 PF:0 IF:1
1688:00001710  mov  [21BC],ax                  ds:[21BC]=0000         EAX:00000200 EBX:00000B1A ECX:00007FEA EDX:00000000 ESI:00007BD0 EDI:0000211E EBP:00007BD8 ESP:00007BBE DS:3E00 ES:3E00 FS:0000 GS:0000 SS:3E00 CF:0 ZF:0 SF:0 OF:0 AF:0 PF:0 IF:1
1688:00001713  mov  si,1778                                           EAX:00000200 EBX:00000B1A ECX:00007FEA EDX:00000000 ESI:00007BD0 EDI:0000211E EBP:00007BD8 ESP:00007BBE DS:3E00 ES:3E00 FS:0000 GS:0000 SS:3E00 CF:0 ZF:0 SF:0 OF:0 AF:0 PF:0 IF:1
1688:00001716  call 1688:181C                                         EAX:00000200 EBX:00000B1A ECX:00007FEA EDX:00000000 ESI:00001778 EDI:0000211E EBP:00007BD8 ESP:00007BBE DS:3E00 ES:3E00 FS:0000 GS:0000 SS:3E00 CF:0 ZF:0 SF:0 OF:0 AF:0 PF:0 IF:1
1688:0000181C  mov  cx,[si]                    ds:[1778]=0007         EAX:00000200 EBX:00000B1A ECX:00007FEA EDX:00000000 ESI:00001778 EDI:0000211E EBP:00007BD8 ESP:00007BBA DS:3E00 ES:3E00 FS:0000 GS:0000 SS:3E00 CF:0 ZF:0 SF:0 OF:0 AF:0 PF:0 IF:1
1688:0000181E  jcxz 00001827 ($+7)             (no jmp)               EAX:00000200 EBX:00000B1A ECX:00000007 EDX:00000000 ESI:00001778 EDI:0000211E EBP:00007BD8 ESP:00007BBA DS:3E00 ES:3E00 FS:0000 GS:0000 SS:3E00 CF:0 ZF:0 SF:0 OF:0 AF:0 PF:0 IF:1
1688:00001820  lodsw                                                  EAX:00000200 EBX:00000B1A ECX:00000007 EDX:00000000 ESI:00001778 EDI:0000211E EBP:00007BD8 ESP:00007BBA DS:3E00 ES:3E00 FS:0000 GS:0000 SS:3E00 CF:0 ZF:0 SF:0 OF:0 AF:0 PF:0 IF:1
1688:00001821  push cx                                                EAX:00000007 EBX:00000B1A ECX:00000007 EDX:00000000 ESI:0000177A EDI:0000211E EBP:00007BD8 ESP:00007BBA DS:3E00 ES:3E00 FS:0000 GS:0000 SS:3E00 CF:0 ZF:0 SF:0 OF:0 AF:0 PF:0 IF:1
1688:00001822  call near word [si]             ds:[177A]=1764         EAX:00000007 EBX:00000B1A ECX:00000007 EDX:00000000 ESI:0000177A EDI:0000211E EBP:00007BD8 ESP:00007BB8 DS:3E00 ES:3E00 FS:0000 GS:0000 SS:3E00 CF:0 ZF:0 SF:0 OF:0 AF:0 PF:0 IF:1
1688:00001764  push si                                                EAX:00000007 EBX:00000B1A ECX:00000007 EDX:00000000 ESI:0000177A EDI:0000211E EBP:00007BD8 ESP:00007BB6 DS:3E00 ES:3E00 FS:0000 GS:0000 SS:3E00 CF:0 ZF:0 SF:0 OF:0 AF:0 PF:0 IF:1
1688:00001765  push es                                                EAX:00000007 EBX:00000B1A ECX:00000007 EDX:00000000 ESI:0000177A EDI:0000211E EBP:00007BD8 ESP:00007BB4 DS:3E00 ES:3E00 FS:0000 GS:0000 SS:3E00 CF:0 ZF:0 SF:0 OF:0 AF:0 PF:0 IF:1
1688:00001766  call 1688:1FCB                                         EAX:00000007 EBX:00000B1A ECX:00000007 EDX:00000000 ESI:0000177A EDI:0000211E EBP:00007BD8 ESP:00007BB2 DS:3E00 ES:3E00 FS:0000 GS:0000 SS:3E00 CF:0 ZF:0 SF:0 OF:0 AF:0 PF:0 IF:1
1688:00001FCB  push ax                                                EAX:00000007 EBX:00000B1A ECX:00000007 EDX:00000000 ESI:0000177A EDI:0000211E EBP:00007BD8 ESP:00007BAE DS:3E00 ES:3E00 FS:0000 GS:0000 SS:3E00 CF:0 ZF:0 SF:0 OF:0 AF:0 PF:0 IF:1
1688:00001FCC  push bx                                                EAX:00000007 EBX:00000B1A ECX:00000007 EDX:00000000 ESI:0000177A EDI:0000211E EBP:00007BD8 ESP:00007BAC DS:3E00 ES:3E00 FS:0000 GS:0000 SS:3E00 CF:0 ZF:0 SF:0 OF:0 AF:0 PF:0 IF:1
1688:00001FCD  push dx                                                EAX:00000007 EBX:00000B1A ECX:00000007 EDX:00000000 ESI:0000177A EDI:0000211E EBP:00007BD8 ESP:00007BAA DS:3E00 ES:3E00 FS:0000 GS:0000 SS:3E00 CF:0 ZF:0 SF:0 OF:0 AF:0 PF:0 IF:1
1688:00001FCE  push es                                                EAX:00000007 EBX:00000B1A ECX:00000007 EDX:00000000 ESI:0000177A EDI:0000211E EBP:00007BD8 ESP:00007BA8 DS:3E00 ES:3E00 FS:0000 GS:0000 SS:3E00 CF:0 ZF:0 SF:0 OF:0 AF:0 PF:0 IF:1
1688:00001FCF  push ds                                                EAX:00000007 EBX:00000B1A ECX:00000007 EDX:00000000 ESI:0000177A EDI:0000211E EBP:00007BD8 ESP:00007BA6 DS:3E00 ES:3E00 FS:0000 GS:0000 SS:3E00 CF:0 ZF:0 SF:0 OF:0 AF:0 PF:0 IF:1
1688:00001FD0  push cs                                                EAX:00000007 EBX:00000B1A ECX:00000007 EDX:00000000 ESI:0000177A EDI:0000211E EBP:00007BD8 ESP:00007BA4 DS:3E00 ES:3E00 FS:0000 GS:0000 SS:3E00 CF:0 ZF:0 SF:0 OF:0 AF:0 PF:0 IF:1
1688:00001FD1  pop  ds                                                EAX:00000007 EBX:00000B1A ECX:00000007 EDX:00000000 ESI:0000177A EDI:0000211E EBP:00007BD8 ESP:00007BA2 DS:3E00 ES:3E00 FS:0000 GS:0000 SS:3E00 CF:0 ZF:0 SF:0 OF:0 AF:0 PF:0 IF:1
1688:00001FD2  mov  ax,353F                                           EAX:00000007 EBX:00000B1A ECX:00000007 EDX:00000000 ESI:0000177A EDI:0000211E EBP:00007BD8 ESP:00007BA4 DS:1688 ES:3E00 FS:0000 GS:0000 SS:3E00 CF:0 ZF:0 SF:0 OF:0 AF:0 PF:0 IF:1
1688:00001FD5  int  21                                                EAX:0000353F EBX:00000B1A ECX:00000007 EDX:00000000 ESI:0000177A EDI:0000211E EBP:00007BD8 ESP:00007BA4 DS:1688 ES:3E00 FS:0000 GS:0000 SS:3E00 CF:0 ZF:0 SF:0 OF:0 AF:0 PF:0 IF:1
F000:000014C0  sti                                                    EAX:0000353F EBX:00000B1A ECX:00000007 EDX:00000000 ESI:0000177A EDI:0000211E EBP:00007BD8 ESP:00007B9E DS:1688 ES:3E00 FS:0000 GS:0000 SS:3E00 CF:0 ZF:0 SF:0 OF:0 AF:0 PF:0 IF:0
F000:000014C1  callback 0026  (DOS Int 21)                            EAX:0000353F EBX:00000B1A ECX:00000007 EDX:00000000 ESI:0000177A EDI:0000211E EBP:00007BD8 ESP:00007B9E DS:1688 ES:3E00 FS:0000 GS:0000 SS:3E00 CF:0 ZF:0 SF:0 OF:0 AF:0 PF:0 IF:1
F000:000014C5  iret                                                   EAX:0000353F EBX:00001060 ECX:00000007 EDX:00000000 ESI:0000177A EDI:0000211E EBP:00007BD8 ESP:00007B9E DS:1688 ES:F000 FS:0000 GS:0000 SS:3E00 CF:0 ZF:0 SF:0 OF:0 AF:0 PF:0 IF:1
1688:00001FD7  mov  cs:[1FC6],bx               cs:[1FC6]=0000         EAX:0000353F EBX:00001060 ECX:00000007 EDX:00000000 ESI:0000177A EDI:0000211E EBP:00007BD8 ESP:00007BA4 DS:1688 ES:F000 FS:0000 GS:0000 SS:3E00 CF:0 ZF:0 SF:0 OF:0 AF:0 PF:0 IF:1
1688:00001FDC  mov  cs:[1FC8],es               cs:[1FC8]=0000         EAX:0000353F EBX:00001060 ECX:00000007 EDX:00000000 ESI:0000177A EDI:0000211E EBP:00007BD8 ESP:00007BA4 DS:1688 ES:F000 FS:0000 GS:0000 SS:3E00 CF:0 ZF:0 SF:0 OF:0 AF:0 PF:0 IF:1
1688:00001FE1  mov  dx,2005                                           EAX:0000353F EBX:00001060 ECX:00000007 EDX:00000000 ESI:0000177A EDI:0000211E EBP:00007BD8 ESP:00007BA4 DS:1688 ES:F000 FS:0000 GS:0000 SS:3E00 CF:0 ZF:0 SF:0 OF:0 AF:0 PF:0 IF:1
1688:00001FE4  mov  ax,253F                                           EAX:0000353F EBX:00001060 ECX:00000007 EDX:00002005 ESI:0000177A EDI:0000211E EBP:00007BD8 ESP:00007BA4 DS:1688 ES:F000 FS:0000 GS:0000 SS:3E00 CF:0 ZF:0 SF:0 OF:0 AF:0 PF:0 IF:1
1688:00001FE7  int  21                                                EAX:0000253F EBX:00001060 ECX:00000007 EDX:00002005 ESI:0000177A EDI:0000211E EBP:00007BD8 ESP:00007BA4 DS:1688 ES:F000 FS:0000 GS:0000 SS:3E00 CF:0 ZF:0 SF:0 OF:0 AF:0 PF:0 IF:1
F000:000014C0  sti                                                    EAX:0000253F EBX:00001060 ECX:00000007 EDX:00002005 ESI:0000177A EDI:0000211E EBP:00007BD8 ESP:00007B9E DS:1688 ES:F000 FS:0000 GS:0000 SS:3E00 CF:0 ZF:0 SF:0 OF:0 AF:0 PF:0 IF:0
F000:000014C1  callback 0026  (DOS Int 21)                            EAX:0000253F EBX:00001060 ECX:00000007 EDX:00002005 ESI:0000177A EDI:0000211E EBP:00007BD8 ESP:00007B9E DS:1688 ES:F000 FS:0000 GS:0000 SS:3E00 CF:0 ZF:0 SF:0 OF:0 AF:0 PF:0 IF:1
F000:000014C5  iret                                                   EAX:0000253F EBX:00001060 ECX:00000007 EDX:00002005 ESI:0000177A EDI:0000211E EBP:00007BD8 ESP:00007B9E DS:1688 ES:F000 FS:0000 GS:0000 SS:3E00 CF:0 ZF:0 SF:0 OF:0 AF:0 PF:0 IF:1
1688:00001FE9  pop  ds                                                EAX:0000253F EBX:00001060 ECX:00000007 EDX:00002005 ESI:0000177A EDI:0000211E EBP:00007BD8 ESP:00007BA4 DS:1688 ES:F000 FS:0000 GS:0000 SS:3E00 CF:0 ZF:0 SF:0 OF:0 AF:0 PF:0 IF:1
1688:00001FEA  pop  es                                                EAX:0000253F EBX:00001060 ECX:00000007 EDX:00002005 ESI:0000177A EDI:0000211E EBP:00007BD8 ESP:00007BA6 DS:3E00 ES:F000 FS:0000 GS:0000 SS:3E00 CF:0 ZF:0 SF:0 OF:0 AF:0 PF:0 IF:1
1688:00001FEB  pop  dx                                                EAX:0000253F EBX:00001060 ECX:00000007 EDX:00002005 ESI:0000177A EDI:0000211E EBP:00007BD8 ESP:00007BA8 DS:3E00 ES:3E00 FS:0000 GS:0000 SS:3E00 CF:0 ZF:0 SF:0 OF:0 AF:0 PF:0 IF:1
1688:00001FEC  pop  bx                                                EAX:0000253F EBX:00001060 ECX:00000007 EDX:00000000 ESI:0000177A EDI:0000211E EBP:00007BD8 ESP:00007BAA DS:3E00 ES:3E00 FS:0000 GS:0000 SS:3E00 CF:0 ZF:0 SF:0 OF:0 AF:0 PF:0 IF:1
1688:00001FED  pop  ax                                                EAX:0000253F EBX:00000B1A ECX:00000007 EDX:00000000 ESI:0000177A EDI:0000211E EBP:00007BD8 ESP:00007BAC DS:3E00 ES:3E00 FS:0000 GS:0000 SS:3E00 CF:0 ZF:0 SF:0 OF:0 AF:0 PF:0 IF:1
1688:00001FEE  retf                                                   EAX:00000007 EBX:00000B1A ECX:00000007 EDX:00000000 ESI:0000177A EDI:0000211E EBP:00007BD8 ESP:00007BAE DS:3E00 ES:3E00 FS:0000 GS:0000 SS:3E00 CF:0 ZF:0 SF:0 OF:0 AF:0 PF:0 IF:1
1688:0000176B  mov  ax,[007F]                  ds:[007F]=0005         EAX:00000007 EBX:00000B1A ECX:00000007 EDX:00000000 ESI:0000177A EDI:0000211E EBP:00007BD8 ESP:00007BB2 DS:3E00 ES:3E00 FS:0000 GS:0000 SS:3E00 CF:0 ZF:0 SF:0 OF:0 AF:0 PF:0 IF:1
1688:0000176E  xchg al,ah                                             EAX:00000005 EBX:00000B1A ECX:00000007 EDX:00000000 ESI:0000177A EDI:0000211E EBP:00007BD8 ESP:00007BB2 DS:3E00 ES:3E00 FS:0000 GS:0000 SS:3E00 CF:0 ZF:0 SF:0 OF:0 AF:0 PF:0 IF:1
1688:00001770  cmp  ax,020A                                           EAX:00000500 EBX:00000B1A ECX:00000007 EDX:00000000 ESI:0000177A EDI:0000211E EBP:00007BD8 ESP:00007BB2 DS:3E00 ES:3E00 FS:0000 GS:0000 SS:3E00 CF:0 ZF:0 SF:0 OF:0 AF:0 PF:0 IF:1
1688:00001773  jc   0000175F ($-16)            (no jmp)               EAX:00000500 EBX:00000B1A ECX:00000007 EDX:00000000 ESI:0000177A EDI:0000211E EBP:00007BD8 ESP:00007BB2 DS:3E00 ES:3E00 FS:0000 GS:0000 SS:3E00 CF:0 ZF:0 SF:0 OF:0 AF:1 PF:1 IF:1
1688:00001775  mov  bx,[00B8]                  ds:[00B8]=28C0         EAX:00000500 EBX:00000B1A ECX:00000007 EDX:00000000 ESI:0000177A EDI:0000211E EBP:00007BD8 ESP:00007BB2 DS:3E00 ES:3E00 FS:0000 GS:0000 SS:3E00 CF:0 ZF:0 SF:0 OF:0 AF:1 PF:1 IF:1
1688:00001779  mov  ax,[bx+02]                 ds:[28C2]=0000         EAX:00000500 EBX:000028C0 ECX:00000007 EDX:00000000 ESI:0000177A EDI:0000211E EBP:00007BD8 ESP:00007BB2 DS:3E00 ES:3E00 FS:0000 GS:0000 SS:3E00 CF:0 ZF:0 SF:0 OF:0 AF:1 PF:1 IF:1
1688:0000177C  mov  [21BA],ax                  ds:[21BA]=0000         EAX:00000000 EBX:000028C0 ECX:00000007 EDX:00000000 ESI:0000177A EDI:0000211E EBP:00007BD8 ESP:00007BB2 DS:3E00 ES:3E00 FS:0000 GS:0000 SS:3E00 CF:0 ZF:0 SF:0 OF:0 AF:1 PF:1 IF:1
1688:0000177F  mov  si,[bx]                    ds:[28C0]=0000         EAX:00000000 EBX:000028C0 ECX:00000007 EDX:00000000 ESI:0000177A EDI:0000211E EBP:00007BD8 ESP:00007BB2 DS:3E00 ES:3E00 FS:0000 GS:0000 SS:3E00 CF:0 ZF:0 SF:0 OF:0 AF:1 PF:1 IF:1
1688:00001781  mov  [21B8],si                  ds:[21B8]=0000         EAX:00000000 EBX:000028C0 ECX:00000007 EDX:00000000 ESI:00000000 EDI:0000211E EBP:00007BD8 ESP:00007BB2 DS:3E00 ES:3E00 FS:0000 GS:0000 SS:3E00 CF:0 ZF:0 SF:0 OF:0 AF:1 PF:1 IF:1
1688:00001785  push ax                                                EAX:00000000 EBX:000028C0 ECX:00000007 EDX:00000000 ESI:00000000 EDI:0000211E EBP:00007BD8 ESP:00007BB2 DS:3E00 ES:3E00 FS:0000 GS:0000 SS:3E00 CF:0 ZF:0 SF:0 OF:0 AF:1 PF:1 IF:1
1688:00001786  or   ax,si                                             EAX:00000000 EBX:000028C0 ECX:00000007 EDX:00000000 ESI:00000000 EDI:0000211E EBP:00007BD8 ESP:00007BB0 DS:3E00 ES:3E00 FS:0000 GS:0000 SS:3E00 CF:0 ZF:0 SF:0 OF:0 AF:1 PF:1 IF:1
1688:00001788  pop  ax                                                EAX:00000000 EBX:000028C0 ECX:00000007 EDX:00000000 ESI:00000000 EDI:0000211E EBP:00007BD8 ESP:00007BB0 DS:3E00 ES:3E00 FS:0000 GS:0000 SS:3E00 CF:0 ZF:1 SF:0 OF:0 AF:0 PF:1 IF:1
1688:00001789  je   0000179F ($+14)            (down)                 EAX:00000000 EBX:000028C0 ECX:00000007 EDX:00000000 ESI:00000000 EDI:0000211E EBP:00007BD8 ESP:00007BB2 DS:3E00 ES:3E00 FS:0000 GS:0000 SS:3E00 CF:0 ZF:1 SF:0 OF:0 AF:0 PF:1 IF:1
1688:0000179F  call 00007A17 ($+6275)                                 EAX:00000000 EBX:000028C0 ECX:00000007 EDX:00000000 ESI:00000000 EDI:0000211E EBP:00007BD8 ESP:00007BB2 DS:3E00 ES:3E00 FS:0000 GS:0000 SS:3E00 CF:0 ZF:1 SF:0 OF:0 AF:0 PF:1 IF:1
1688:00007A17  pushf                                                  EAX:00000000 EBX:000028C0 ECX:00000007 EDX:00000000 ESI:00000000 EDI:0000211E EBP:00007BD8 ESP:00007BB0 DS:3E00 ES:3E00 FS:0000 GS:0000 SS:3E00 CF:0 ZF:1 SF:0 OF:0 AF:0 PF:1 IF:1
1688:00007A18  xor  ax,ax                                             EAX:00000000 EBX:000028C0 ECX:00000007 EDX:00000000 ESI:00000000 EDI:0000211E EBP:00007BD8 ESP:00007BAE DS:3E00 ES:3E00 FS:0000 GS:0000 SS:3E00 CF:0 ZF:1 SF:0 OF:0 AF:0 PF:1 IF:1
1688:00007A1A  push ds                                                EAX:00000000 EBX:000028C0 ECX:00000007 EDX:00000000 ESI:00000000 EDI:0000211E EBP:00007BD8 ESP:00007BAE DS:3E00 ES:3E00 FS:0000 GS:0000 SS:3E00 CF:0 ZF:1 SF:0 OF:0 AF:0 PF:1 IF:1
1688:00007A1B  push es                                                EAX:00000000 EBX:000028C0 ECX:00000007 EDX:00000000 ESI:00000000 EDI:0000211E EBP:00007BD8 ESP:00007BAC DS:3E00 ES:3E00 FS:0000 GS:0000 SS:3E00 CF:0 ZF:1 SF:0 OF:0 AF:0 PF:1 IF:1
1688:00007A1C  cli                                                    EAX:00000000 EBX:000028C0 ECX:00000007 EDX:00000000 ESI:00000000 EDI:0000211E EBP:00007BD8 ESP:00007BAA DS:3E00 ES:3E00 FS:0000 GS:0000 SS:3E00 CF:0 ZF:1 SF:0 OF:0 AF:0 PF:1 IF:1
1688:00007A1D  mov  ax,3500                                           EAX:00000000 EBX:000028C0 ECX:00000007 EDX:00000000 ESI:00000000 EDI:0000211E EBP:00007BD8 ESP:00007BAA DS:3E00 ES:3E00 FS:0000 GS:0000 SS:3E00 CF:0 ZF:1 SF:0 OF:0 AF:0 PF:1 IF:0
1688:00007A20  int  21                                                EAX:00003500 EBX:000028C0 ECX:00000007 EDX:00000000 ESI:00000000 EDI:0000211E EBP:00007BD8 ESP:00007BAA DS:3E00 ES:3E00 FS:0000 GS:0000 SS:3E00 CF:0 ZF:1 SF:0 OF:0 AF:0 PF:1 IF:0
F000:000014C0  sti                                                    EAX:00003500 EBX:000028C0 ECX:00000007 EDX:00000000 ESI:00000000 EDI:0000211E EBP:00007BD8 ESP:00007BA4 DS:3E00 ES:3E00 FS:0000 GS:0000 SS:3E00 CF:0 ZF:1 SF:0 OF:0 AF:0 PF:1 IF:0
F000:000014C1  callback 0026  (DOS Int 21)                            EAX:00003500 EBX:000028C0 ECX:00000007 EDX:00000000 ESI:00000000 EDI:0000211E EBP:00007BD8 ESP:00007BA4 DS:3E00 ES:3E00 FS:0000 GS:0000 SS:3E00 CF:0 ZF:1 SF:0 OF:0 AF:0 PF:1 IF:1
F000:000014C5  iret                                                   EAX:00003500 EBX:000039B4 ECX:00000007 EDX:00000000 ESI:00000000 EDI:0000211E EBP:00007BD8 ESP:00007BA4 DS:3E00 ES:23E5 FS:0000 GS:0000 SS:3E00 CF:0 ZF:1 SF:0 OF:0 AF:0 PF:1 IF:1
1688:00007A22  mov  [259C],bx                  ds:[259C]=0000         EAX:00003500 EBX:000039B4 ECX:00000007 EDX:00000000 ESI:00000000 EDI:0000211E EBP:00007BD8 ESP:00007BAA DS:3E00 ES:23E5 FS:0000 GS:0000 SS:3E00 CF:0 ZF:1 SF:0 OF:0 AF:0 PF:1 IF:0
1688:00007A26  mov  [259E],es                  ds:[259E]=0000         EAX:00003500 EBX:000039B4 ECX:00000007 EDX:00000000 ESI:00000000 EDI:0000211E EBP:00007BD8 ESP:00007BAA DS:3E00 ES:23E5 FS:0000 GS:0000 SS:3E00 CF:0 ZF:1 SF:0 OF:0 AF:0 PF:1 IF:0
1688:00007A2A  mov  ax,3504                                           EAX:00003500 EBX:000039B4 ECX:00000007 EDX:00000000 ESI:00000000 EDI:0000211E EBP:00007BD8 ESP:00007BAA DS:3E00 ES:23E5 FS:0000 GS:0000 SS:3E00 CF:0 ZF:1 SF:0 OF:0 AF:0 PF:1 IF:0
1688:00007A2D  int  21                                                EAX:00003504 EBX:000039B4 ECX:00000007 EDX:00000000 ESI:00000000 EDI:0000211E EBP:00007BD8 ESP:00007BAA DS:3E00 ES:23E5 FS:0000 GS:0000 SS:3E00 CF:0 ZF:1 SF:0 OF:0 AF:0 PF:1 IF:0
F000:000014C0  sti                                                    EAX:00003504 EBX:000039B4 ECX:00000007 EDX:00000000 ESI:00000000 EDI:0000211E EBP:00007BD8 ESP:00007BA4 DS:3E00 ES:23E5 FS:0000 GS:0000 SS:3E00 CF:0 ZF:1 SF:0 OF:0 AF:0 PF:1 IF:0
F000:000014C1  callback 0026  (DOS Int 21)                            EAX:00003504 EBX:000039B4 ECX:00000007 EDX:00000000 ESI:00000000 EDI:0000211E EBP:00007BD8 ESP:00007BA4 DS:3E00 ES:23E5 FS:0000 GS:0000 SS:3E00 CF:0 ZF:1 SF:0 OF:0 AF:0 PF:1 IF:1
F000:000014C5  iret                                                   EAX:00003504 EBX:00000008 ECX:00000007 EDX:00000000 ESI:00000000 EDI:0000211E EBP:00007BD8 ESP:00007BA4 DS:3E00 ES:0070 FS:0000 GS:0000 SS:3E00 CF:0 ZF:1 SF:0 OF:0 AF:0 PF:1 IF:1
1688:00007A2F  mov  [25A0],bx                  ds:[25A0]=0000         EAX:00003504 EBX:00000008 ECX:00000007 EDX:00000000 ESI:00000000 EDI:0000211E EBP:00007BD8 ESP:00007BAA DS:3E00 ES:0070 FS:0000 GS:0000 SS:3E00 CF:0 ZF:1 SF:0 OF:0 AF:0 PF:1 IF:0
1688:00007A33  mov  [25A2],es                  ds:[25A2]=0000         EAX:00003504 EBX:00000008 ECX:00000007 EDX:00000000 ESI:00000000 EDI:0000211E EBP:00007BD8 ESP:00007BAA DS:3E00 ES:0070 FS:0000 GS:0000 SS:3E00 CF:0 ZF:1 SF:0 OF:0 AF:0 PF:1 IF:0
1688:00007A37  mov  ax,3524                                           EAX:00003504 EBX:00000008 ECX:00000007 EDX:00000000 ESI:00000000 EDI:0000211E EBP:00007BD8 ESP:00007BAA DS:3E00 ES:0070 FS:0000 GS:0000 SS:3E00 CF:0 ZF:1 SF:0 OF:0 AF:0 PF:1 IF:0
1688:00007A3A  int  21                                                EAX:00003524 EBX:00000008 ECX:00000007 EDX:00000000 ESI:00000000 EDI:0000211E EBP:00007BD8 ESP:00007BAA DS:3E00 ES:0070 FS:0000 GS:0000 SS:3E00 CF:0 ZF:1 SF:0 OF:0 AF:0 PF:1 IF:0
F000:000014C0  sti                                                    EAX:00003524 EBX:00000008 ECX:00000007 EDX:00000000 ESI:00000000 EDI:0000211E EBP:00007BD8 ESP:00007BA4 DS:3E00 ES:0070 FS:0000 GS:0000 SS:3E00 CF:0 ZF:1 SF:0 OF:0 AF:0 PF:1 IF:0
F000:000014C1  callback 0026  (DOS Int 21)                            EAX:00003524 EBX:00000008 ECX:00000007 EDX:00000000 ESI:00000000 EDI:0000211E EBP:00007BD8 ESP:00007BA4 DS:3E00 ES:0070 FS:0000 GS:0000 SS:3E00 CF:0 ZF:1 SF:0 OF:0 AF:0 PF:1 IF:1
F000:000014C5  iret                                                   EAX:00003524 EBX:00000110 ECX:00000007 EDX:00000000 ESI:00000000 EDI:0000211E EBP:00007BD8 ESP:00007BA4 DS:3E00 ES:0118 FS:0000 GS:0000 SS:3E00 CF:0 ZF:1 SF:0 OF:0 AF:0 PF:1 IF:1
1688:00007A3C  mov  [25A4],bx                  ds:[25A4]=0000         EAX:00003524 EBX:00000110 ECX:00000007 EDX:00000000 ESI:00000000 EDI:0000211E EBP:00007BD8 ESP:00007BAA DS:3E00 ES:0118 FS:0000 GS:0000 SS:3E00 CF:0 ZF:1 SF:0 OF:0 AF:0 PF:1 IF:0
1688:00007A40  mov  [25A6],es                  ds:[25A6]=0000         EAX:00003524 EBX:00000110 ECX:00000007 EDX:00000000 ESI:00000000 EDI:0000211E EBP:00007BD8 ESP:00007BAA DS:3E00 ES:0118 FS:0000 GS:0000 SS:3E00 CF:0 ZF:1 SF:0 OF:0 AF:0 PF:1 IF:0
1688:00007A44  pop  es                                                EAX:00003524 EBX:00000110 ECX:00000007 EDX:00000000 ESI:00000000 EDI:0000211E EBP:00007BD8 ESP:00007BAA DS:3E00 ES:0118 FS:0000 GS:0000 SS:3E00 CF:0 ZF:1 SF:0 OF:0 AF:0 PF:1 IF:0
1688:00007A45  mov  ax,cs                                             EAX:00003524 EBX:00000110 ECX:00000007 EDX:00000000 ESI:00000000 EDI:0000211E EBP:00007BD8 ESP:00007BAC DS:3E00 ES:3E00 FS:0000 GS:0000 SS:3E00 CF:0 ZF:1 SF:0 OF:0 AF:0 PF:1 IF:0
1688:00007A47  mov  ds,ax                                             EAX:00001688 EBX:00000110 ECX:00000007 EDX:00000000 ESI:00000000 EDI:0000211E EBP:00007BD8 ESP:00007BAC DS:3E00 ES:3E00 FS:0000 GS:0000 SS:3E00 CF:0 ZF:1 SF:0 OF:0 AF:0 PF:1 IF:0
1688:00007A49  mov  dx,0C5E                                           EAX:00001688 EBX:00000110 ECX:00000007 EDX:00000000 ESI:00000000 EDI:0000211E EBP:00007BD8 ESP:00007BAC DS:1688 ES:3E00 FS:0000 GS:0000 SS:3E00 CF:0 ZF:1 SF:0 OF:0 AF:0 PF:1 IF:0
1688:00007A4C  mov  ax,2500                                           EAX:00001688 EBX:00000110 ECX:00000007 EDX:00000C5E ESI:00000000 EDI:0000211E EBP:00007BD8 ESP:00007BAC DS:1688 ES:3E00 FS:0000 GS:0000 SS:3E00 CF:0 ZF:1 SF:0 OF:0 AF:0 PF:1 IF:0
1688:00007A4F  int  21                                                EAX:00002500 EBX:00000110 ECX:00000007 EDX:00000C5E ESI:00000000 EDI:0000211E EBP:00007BD8 ESP:00007BAC DS:1688 ES:3E00 FS:0000 GS:0000 SS:3E00 CF:0 ZF:1 SF:0 OF:0 AF:0 PF:1 IF:0
F000:000014C0  sti                                                    EAX:00002500 EBX:00000110 ECX:00000007 EDX:00000C5E ESI:00000000 EDI:0000211E EBP:00007BD8 ESP:00007BA6 DS:1688 ES:3E00 FS:0000 GS:0000 SS:3E00 CF:0 ZF:1 SF:0 OF:0 AF:0 PF:1 IF:0
F000:000014C1  callback 0026  (DOS Int 21)                            EAX:00002500 EBX:00000110 ECX:00000007 EDX:00000C5E ESI:00000000 EDI:0000211E EBP:00007BD8 ESP:00007BA6 DS:1688 ES:3E00 FS:0000 GS:0000 SS:3E00 CF:0 ZF:1 SF:0 OF:0 AF:0 PF:1 IF:1
F000:000014C5  iret                                                   EAX:00002500 EBX:00000110 ECX:00000007 EDX:00000C5E ESI:00000000 EDI:0000211E EBP:00007BD8 ESP:00007BA6 DS:1688 ES:3E00 FS:0000 GS:0000 SS:3E00 CF:0 ZF:1 SF:0 OF:0 AF:0 PF:1 IF:1
1688:00007A51  mov  dx,0C62                                           EAX:00002500 EBX:00000110 ECX:00000007 EDX:00000C5E ESI:00000000 EDI:0000211E EBP:00007BD8 ESP:00007BAC DS:1688 ES:3E00 FS:0000 GS:0000 SS:3E00 CF:0 ZF:1 SF:0 OF:0 AF:0 PF:1 IF:0
1688:00007A54  mov  ax,2504                                           EAX:00002500 EBX:00000110 ECX:00000007 EDX:00000C62 ESI:00000000 EDI:0000211E EBP:00007BD8 ESP:00007BAC DS:1688 ES:3E00 FS:0000 GS:0000 SS:3E00 CF:0 ZF:1 SF:0 OF:0 AF:0 PF:1 IF:0
1688:00007A57  int  21                                                EAX:00002504 EBX:00000110 ECX:00000007 EDX:00000C62 ESI:00000000 EDI:0000211E EBP:00007BD8 ESP:00007BAC DS:1688 ES:3E00 FS:0000 GS:0000 SS:3E00 CF:0 ZF:1 SF:0 OF:0 AF:0 PF:1 IF:0
F000:000014C0  sti                                                    EAX:00002504 EBX:00000110 ECX:00000007 EDX:00000C62 ESI:00000000 EDI:0000211E EBP:00007BD8 ESP:00007BA6 DS:1688 ES:3E00 FS:0000 GS:0000 SS:3E00 CF:0 ZF:1 SF:0 OF:0 AF:0 PF:1 IF:0
F000:000014C1  callback 0026  (DOS Int 21)                            EAX:00002504 EBX:00000110 ECX:00000007 EDX:00000C62 ESI:00000000 EDI:0000211E EBP:00007BD8 ESP:00007BA6 DS:1688 ES:3E00 FS:0000 GS:0000 SS:3E00 CF:0 ZF:1 SF:0 OF:0 AF:0 PF:1 IF:1
F000:000014C5  iret                                                   EAX:00002504 EBX:00000110 ECX:00000007 EDX:00000C62 ESI:00000000 EDI:0000211E EBP:00007BD8 ESP:00007BA6 DS:1688 ES:3E00 FS:0000 GS:0000 SS:3E00 CF:0 ZF:1 SF:0 OF:0 AF:0 PF:1 IF:1
1688:00007A59  mov  dx,7B38                                           EAX:00002504 EBX:00000110 ECX:00000007 EDX:00000C62 ESI:00000000 EDI:0000211E EBP:00007BD8 ESP:00007BAC DS:1688 ES:3E00 FS:0000 GS:0000 SS:3E00 CF:0 ZF:1 SF:0 OF:0 AF:0 PF:1 IF:0
1688:00007A5C  mov  ax,2524                                           EAX:00002504 EBX:00000110 ECX:00000007 EDX:00007B38 ESI:00000000 EDI:0000211E EBP:00007BD8 ESP:00007BAC DS:1688 ES:3E00 FS:0000 GS:0000 SS:3E00 CF:0 ZF:1 SF:0 OF:0 AF:0 PF:1 IF:0
1688:00007A5F  int  21                                                EAX:00002524 EBX:00000110 ECX:00000007 EDX:00007B38 ESI:00000000 EDI:0000211E EBP:00007BD8 ESP:00007BAC DS:1688 ES:3E00 FS:0000 GS:0000 SS:3E00 CF:0 ZF:1 SF:0 OF:0 AF:0 PF:1 IF:0
F000:000014C0  sti                                                    EAX:00002524 EBX:00000110 ECX:00000007 EDX:00007B38 ESI:00000000 EDI:0000211E EBP:00007BD8 ESP:00007BA6 DS:1688 ES:3E00 FS:0000 GS:0000 SS:3E00 CF:0 ZF:1 SF:0 OF:0 AF:0 PF:1 IF:0
F000:000014C1  callback 0026  (DOS Int 21)                            EAX:00002524 EBX:00000110 ECX:00000007 EDX:00007B38 ESI:00000000 EDI:0000211E EBP:00007BD8 ESP:00007BA6 DS:1688 ES:3E00 FS:0000 GS:0000 SS:3E00 CF:0 ZF:1 SF:0 OF:0 AF:0 PF:1 IF:1
F000:000014C5  iret                                                   EAX:00002524 EBX:00000110 ECX:00000007 EDX:00007B38 ESI:00000000 EDI:0000211E EBP:00007BD8 ESP:00007BA6 DS:1688 ES:3E00 FS:0000 GS:0000 SS:3E00 CF:0 ZF:1 SF:0 OF:0 AF:0 PF:1 IF:1
1688:00007A61  pop  ds                                                EAX:00002524 EBX:00000110 ECX:00000007 EDX:00007B38 ESI:00000000 EDI:0000211E EBP:00007BD8 ESP:00007BAC DS:1688 ES:3E00 FS:0000 GS:0000 SS:3E00 CF:0 ZF:1 SF:0 OF:0 AF:0 PF:1 IF:0
1688:00007A62  popf                                                   EAX:00002524 EBX:00000110 ECX:00000007 EDX:00007B38 ESI:00000000 EDI:0000211E EBP:00007BD8 ESP:00007BAE DS:3E00 ES:3E00 FS:0000 GS:0000 SS:3E00 CF:0 ZF:1 SF:0 OF:0 AF:0 PF:1 IF:0
1688:00007A63  ret                                                    EAX:00002524 EBX:00000110 ECX:00000007 EDX:00007B38 ESI:00000000 EDI:0000211E EBP:00007BD8 ESP:00007BB0 DS:3E00 ES:3E00 FS:0000 GS:0000 SS:3E00 CF:0 ZF:1 SF:0 OF:0 AF:0 PF:1 IF:1
1688:000017A2  call FFFFA0D4 ($-76d1)                                 EAX:00002524 EBX:00000110 ECX:00000007 EDX:00007B38 ESI:00000000 EDI:0000211E EBP:00007BD8 ESP:00007BB2 DS:3E00 ES:3E00 FS:0000 GS:0000 SS:3E00 CF:0 ZF:1 SF:0 OF:0 AF:0 PF:1 IF:1
1688:0000A0D4  push es                                                EAX:00002524 EBX:00000110 ECX:00000007 EDX:00007B38 ESI:00000000 EDI:0000211E EBP:00007BD8 ESP:00007BB0 DS:3E00 ES:3E00 FS:0000 GS:0000 SS:3E00 CF:0 ZF:1 SF:0 OF:0 AF:0 PF:1 IF:1
1688:0000A0D5  mov  bx,FFFF                                           EAX:00002524 EBX:00000110 ECX:00000007 EDX:00007B38 ESI:00000000 EDI:0000211E EBP:00007BD8 ESP:00007BAE DS:3E00 ES:3E00 FS:0000 GS:0000 SS:3E00 CF:0 ZF:1 SF:0 OF:0 AF:0 PF:1 IF:1
1688:0000A0D8  mov  es,bx                                             EAX:00002524 EBX:0000FFFF ECX:00000007 EDX:00007B38 ESI:00000000 EDI:0000211E EBP:00007BD8 ESP:00007BAE DS:3E00 ES:3E00 FS:0000 GS:0000 SS:3E00 CF:0 ZF:1 SF:0 OF:0 AF:0 PF:1 IF:1
1688:0000A0DA  mov  al,es:[000E]               es:[000E]=55FC         EAX:00002524 EBX:0000FFFF ECX:00000007 EDX:00007B38 ESI:00000000 EDI:0000211E EBP:00007BD8 ESP:00007BAE DS:3E00 ES:FFFF FS:0000 GS:0000 SS:3E00 CF:0 ZF:1 SF:0 OF:0 AF:0 PF:1 IF:1
1688:0000A0DE  mov  [260A],al                  ds:[260A]=0000         EAX:000025FC EBX:0000FFFF ECX:00000007 EDX:00007B38 ESI:00000000 EDI:0000211E EBP:00007BD8 ESP:00007BAE DS:3E00 ES:FFFF FS:0000 GS:0000 SS:3E00 CF:0 ZF:1 SF:0 OF:0 AF:0 PF:1 IF:1
1688:0000A0E1  xor  ax,ax                                             EAX:000025FC EBX:0000FFFF ECX:00000007 EDX:00007B38 ESI:00000000 EDI:0000211E EBP:00007BD8 ESP:00007BAE DS:3E00 ES:FFFF FS:0000 GS:0000 SS:3E00 CF:0 ZF:1 SF:0 OF:0 AF:0 PF:1 IF:1
1688:0000A0E3  mov  es,ax                                             EAX:00000000 EBX:0000FFFF ECX:00000007 EDX:00007B38 ESI:00000000 EDI:0000211E EBP:00007BD8 ESP:00007BAE DS:3E00 ES:FFFF FS:0000 GS:0000 SS:3E00 CF:0 ZF:1 SF:0 OF:0 AF:0 PF:1 IF:1
1688:0000A0E5  cmp  byte [260A],FC             ds:[260A]=00FC         EAX:00000000 EBX:0000FFFF ECX:00000007 EDX:00007B38 ESI:00000000 EDI:0000211E EBP:00007BD8 ESP:00007BAE DS:3E00 ES:0000 FS:0000 GS:0000 SS:3E00 CF:0 ZF:1 SF:0 OF:0 AF:0 PF:1 IF:1
1688:0000A0EA  jbe  0000A0F3 ($+7)             (down)                 EAX:00000000 EBX:0000FFFF ECX:00000007 EDX:00007B38 ESI:00000000 EDI:0000211E EBP:00007BD8 ESP:00007BAE DS:3E00 ES:0000 FS:0000 GS:0000 SS:3E00 CF:0 ZF:1 SF:0 OF:0 AF:0 PF:1 IF:1
1688:0000A0F3  mov  al,es:[0496]               es:[0496]=1010         EAX:00000000 EBX:0000FFFF ECX:00000007 EDX:00007B38 ESI:00000000 EDI:0000211E EBP:00007BD8 ESP:00007BAE DS:3E00 ES:0000 FS:0000 GS:0000 SS:3E00 CF:0 ZF:1 SF:0 OF:0 AF:0 PF:1 IF:1
1688:0000A0F7  and  al,10                                             EAX:00000010 EBX:0000FFFF ECX:00000007 EDX:00007B38 ESI:00000000 EDI:0000211E EBP:00007BD8 ESP:00007BAE DS:3E00 ES:0000 FS:0000 GS:0000 SS:3E00 CF:0 ZF:1 SF:0 OF:0 AF:0 PF:1 IF:1
1688:0000A0F9  mov  [260B],al                  ds:[260B]=0000         EAX:00000010 EBX:0000FFFF ECX:00000007 EDX:00007B38 ESI:00000000 EDI:0000211E EBP:00007BD8 ESP:00007BAE DS:3E00 ES:0000 FS:0000 GS:0000 SS:3E00 CF:0 ZF:0 SF:0 OF:0 AF:0 PF:0 IF:1
1688:0000A0FC  mov  ax,es:[0410]               es:[0410]=9626         EAX:00000010 EBX:0000FFFF ECX:00000007 EDX:00007B38 ESI:00000000 EDI:0000211E EBP:00007BD8 ESP:00007BAE DS:3E00 ES:0000 FS:0000 GS:0000 SS:3E00 CF:0 ZF:0 SF:0 OF:0 AF:0 PF:0 IF:1
1688:0000A100  mov  [2608],ax                  ds:[2608]=0000         EAX:00009626 EBX:0000FFFF ECX:00000007 EDX:00007B38 ESI:00000000 EDI:0000211E EBP:00007BD8 ESP:00007BAE DS:3E00 ES:0000 FS:0000 GS:0000 SS:3E00 CF:0 ZF:0 SF:0 OF:0 AF:0 PF:0 IF:1
1688:0000A103  call 0000BAD8 ($+19d2)                                 EAX:00009626 EBX:0000FFFF ECX:00000007 EDX:00007B38 ESI:00000000 EDI:0000211E EBP:00007BD8 ESP:00007BAE DS:3E00 ES:0000 FS:0000 GS:0000 SS:3E00 CF:0 ZF:0 SF:0 OF:0 AF:0 PF:0 IF:1
1688:0000BAD8  mov  cs:[B73A],ds               cs:[B73A]=0000         EAX:00009626 EBX:0000FFFF ECX:00000007 EDX:00007B38 ESI:00000000 EDI:0000211E EBP:00007BD8 ESP:00007BAC DS:3E00 ES:0000 FS:0000 GS:0000 SS:3E00 CF:0 ZF:0 SF:0 OF:0 AF:0 PF:0 IF:1
1688:0000BADD  ret                                                    EAX:00009626 EBX:0000FFFF ECX:00000007 EDX:00007B38 ESI:00000000 EDI:0000211E EBP:00007BD8 ESP:00007BAC DS:3E00 ES:0000 FS:0000 GS:0000 SS:3E00 CF:0 ZF:0 SF:0 OF:0 AF:0 PF:0 IF:1
1688:0000A106  xor  ax,ax                                             EAX:00009626 EBX:0000FFFF ECX:00000007 EDX:00007B38 ESI:00000000 EDI:0000211E EBP:00007BD8 ESP:00007BAE DS:3E00 ES:0000 FS:0000 GS:0000 SS:3E00 CF:0 ZF:0 SF:0 OF:0 AF:0 PF:0 IF:1
1688:0000A108  pop  es                                                EAX:00000000 EBX:0000FFFF ECX:00000007 EDX:00007B38 ESI:00000000 EDI:0000211E EBP:00007BD8 ESP:00007BAE DS:3E00 ES:0000 FS:0000 GS:0000 SS:3E00 CF:0 ZF:1 SF:0 OF:0 AF:0 PF:1 IF:1
1688:0000A109  ret                                                    EAX:00000000 EBX:0000FFFF ECX:00000007 EDX:00007B38 ESI:00000000 EDI:0000211E EBP:00007BD8 ESP:00007BB0 DS:3E00 ES:3E00 FS:0000 GS:0000 SS:3E00 CF:0 ZF:1 SF:0 OF:0 AF:0 PF:1 IF:1
1688:000017A5  or   ax,ax                                             EAX:00000000 EBX:0000FFFF ECX:00000007 EDX:00007B38 ESI:00000000 EDI:0000211E EBP:00007BD8 ESP:00007BB2 DS:3E00 ES:3E00 FS:0000 GS:0000 SS:3E00 CF:0 ZF:1 SF:0 OF:0 AF:0 PF:1 IF:1
1688:000017A7  jne  0000175A ($-4f)            (no jmp)               EAX:00000000 EBX:0000FFFF ECX:00000007 EDX:00007B38 ESI:00000000 EDI:0000211E EBP:00007BD8 ESP:00007BB2 DS:3E00 ES:3E00 FS:0000 GS:0000 SS:3E00 CF:0 ZF:1 SF:0 OF:0 AF:0 PF:1 IF:1
1688:000017A9  call 1688:B73C                                         EAX:00000000 EBX:0000FFFF ECX:00000007 EDX:00007B38 ESI:00000000 EDI:0000211E EBP:00007BD8 ESP:00007BB2 DS:3E00 ES:3E00 FS:0000 GS:0000 SS:3E00 CF:0 ZF:1 SF:0 OF:0 AF:0 PF:1 IF:1
1688:0000B73C  cmp  byte [2664],00             ds:[2664]=0000         EAX:00000000 EBX:0000FFFF ECX:00000007 EDX:00007B38 ESI:00000000 EDI:0000211E EBP:00007BD8 ESP:00007BAE DS:3E00 ES:3E00 FS:0000 GS:0000 SS:3E00 CF:0 ZF:1 SF:0 OF:0 AF:0 PF:1 IF:1
1688:0000B741  je   0000B746 ($+3)             (down)                 EAX:00000000 EBX:0000FFFF ECX:00000007 EDX:00007B38 ESI:00000000 EDI:0000211E EBP:00007BD8 ESP:00007BAE DS:3E00 ES:3E00 FS:0000 GS:0000 SS:3E00 CF:0 ZF:1 SF:0 OF:0 AF:0 PF:1 IF:1
1688:0000B746  and  byte [197E],BF             ds:[197E]=CE00         EAX:00000000 EBX:0000FFFF ECX:00000007 EDX:00007B38 ESI:00000000 EDI:0000211E EBP:00007BD8 ESP:00007BAE DS:3E00 ES:3E00 FS:0000 GS:0000 SS:3E00 CF:0 ZF:1 SF:0 OF:0 AF:0 PF:1 IF:1
1688:0000B74B  push es                                                EAX:00000000 EBX:0000FFFF ECX:00000007 EDX:00007B38 ESI:00000000 EDI:0000211E EBP:00007BD8 ESP:00007BAE DS:3E00 ES:3E00 FS:0000 GS:0000 SS:3E00 CF:0 ZF:1 SF:0 OF:0 AF:0 PF:1 IF:1
1688:0000B74C  xor  bx,bx                                             EAX:00000000 EBX:0000FFFF ECX:00000007 EDX:00007B38 ESI:00000000 EDI:0000211E EBP:00007BD8 ESP:00007BAC DS:3E00 ES:3E00 FS:0000 GS:0000 SS:3E00 CF:0 ZF:1 SF:0 OF:0 AF:0 PF:1 IF:1
1688:0000B74E  mov  es,bx                                             EAX:00000000 EBX:00000000 ECX:00000007 EDX:00007B38 ESI:00000000 EDI:0000211E EBP:00007BD8 ESP:00007BAC DS:3E00 ES:3E00 FS:0000 GS:0000 SS:3E00 CF:0 ZF:1 SF:0 OF:0 AF:0 PF:1 IF:1
1688:0000B750  mov  al,es:[0410]               es:[0410]=9626         EAX:00000000 EBX:00000000 ECX:00000007 EDX:00007B38 ESI:00000000 EDI:0000211E EBP:00007BD8 ESP:00007BAC DS:3E00 ES:0000 FS:0000 GS:0000 SS:3E00 CF:0 ZF:1 SF:0 OF:0 AF:0 PF:1 IF:1
1688:0000B754  mov  ah,al                                             EAX:00000026 EBX:00000000 ECX:00000007 EDX:00007B38 ESI:00000000 EDI:0000211E EBP:00007BD8 ESP:00007BAC DS:3E00 ES:0000 FS:0000 GS:0000 SS:3E00 CF:0 ZF:1 SF:0 OF:0 AF:0 PF:1 IF:1
1688:0000B756  mov  [2657],ax                  ds:[2657]=0000         EAX:00002626 EBX:00000000 ECX:00000007 EDX:00007B38 ESI:00000000 EDI:0000211E EBP:00007BD8 ESP:00007BAC DS:3E00 ES:0000 FS:0000 GS:0000 SS:3E00 CF:0 ZF:1 SF:0 OF:0 AF:0 PF:1 IF:1
1688:0000B759  dec  bx                                                EAX:00002626 EBX:00000000 ECX:00000007 EDX:00007B38 ESI:00000000 EDI:0000211E EBP:00007BD8 ESP:00007BAC DS:3E00 ES:0000 FS:0000 GS:0000 SS:3E00 CF:0 ZF:1 SF:0 OF:0 AF:0 PF:1 IF:1
1688:0000B75A  mov  es,bx                                             EAX:00002626 EBX:0000FFFF ECX:00000007 EDX:00007B38 ESI:00000000 EDI:0000211E EBP:00007BD8 ESP:00007BAC DS:3E00 ES:0000 FS:0000 GS:0000 SS:3E00 CF:0 ZF:0 SF:1 OF:0 AF:1 PF:1 IF:1
1688:0000B75C  mov  al,es:[000E]               es:[000E]=55FC         EAX:00002626 EBX:0000FFFF ECX:00000007 EDX:00007B38 ESI:00000000 EDI:0000211E EBP:00007BD8 ESP:00007BAC DS:3E00 ES:FFFF FS:0000 GS:0000 SS:3E00 CF:0 ZF:0 SF:1 OF:0 AF:1 PF:1 IF:1
1688:0000B760  mov  [2663],al                  ds:[2663]=0000         EAX:000026FC EBX:0000FFFF ECX:00000007 EDX:00007B38 ESI:00000000 EDI:0000211E EBP:00007BD8 ESP:00007BAC DS:3E00 ES:FFFF FS:0000 GS:0000 SS:3E00 CF:0 ZF:0 SF:1 OF:0 AF:1 PF:1 IF:1
1688:0000B763  pop  es                                                EAX:000026FC EBX:0000FFFF ECX:00000007 EDX:00007B38 ESI:00000000 EDI:0000211E EBP:00007BD8 ESP:00007BAC DS:3E00 ES:FFFF FS:0000 GS:0000 SS:3E00 CF:0 ZF:0 SF:1 OF:0 AF:1 PF:1 IF:1
1688:0000B764  mov  dx,0021                                           EAX:000026FC EBX:0000FFFF ECX:00000007 EDX:00007B38 ESI:00000000 EDI:0000211E EBP:00007BD8 ESP:00007BAE DS:3E00 ES:3E00 FS:0000 GS:0000 SS:3E00 CF:0 ZF:0 SF:1 OF:0 AF:1 PF:1 IF:1
1688:0000B767  cli                                                    EAX:000026FC EBX:0000FFFF ECX:00000007 EDX:00000021 ESI:00000000 EDI:0000211E EBP:00007BD8 ESP:00007BAE DS:3E00 ES:3E00 FS:0000 GS:0000 SS:3E00 CF:0 ZF:0 SF:1 OF:0 AF:1 PF:1 IF:1
1688:0000B768  in   al,dx                                             EAX:000026FC EBX:0000FFFF ECX:00000007 EDX:00000021 ESI:00000000 EDI:0000211E EBP:00007BD8 ESP:00007BAE DS:3E00 ES:3E00 FS:0000 GS:0000 SS:3E00 CF:0 ZF:0 SF:1 OF:0 AF:1 PF:1 IF:0
1688:0000B769  cmp  byte [2663],FC             ds:[2663]=00FC         EAX:000026F8 EBX:0000FFFF ECX:00000007 EDX:00000021 ESI:00000000 EDI:0000211E EBP:00007BD8 ESP:00007BAE DS:3E00 ES:3E00 FS:0000 GS:0000 SS:3E00 CF:0 ZF:0 SF:1 OF:0 AF:1 PF:1 IF:0
1688:0000B76E  jne  0000B773 ($+3)             (no jmp)               EAX:000026F8 EBX:0000FFFF ECX:00000007 EDX:00000021 ESI:00000000 EDI:0000211E EBP:00007BD8 ESP:00007BAE DS:3E00 ES:3E00 FS:0000 GS:0000 SS:3E00 CF:0 ZF:1 SF:0 OF:0 AF:0 PF:1 IF:0
1688:0000B770  and  al,FB                                             EAX:000026F8 EBX:0000FFFF ECX:00000007 EDX:00000021 ESI:00000000 EDI:0000211E EBP:00007BD8 ESP:00007BAE DS:3E00 ES:3E00 FS:0000 GS:0000 SS:3E00 CF:0 ZF:1 SF:0 OF:0 AF:0 PF:1 IF:0
1688:0000B772  out  dx,al                                             EAX:000026F8 EBX:0000FFFF ECX:00000007 EDX:00000021 ESI:00000000 EDI:0000211E EBP:00007BD8 ESP:00007BAE DS:3E00 ES:3E00 FS:0000 GS:0000 SS:3E00 CF:0 ZF:0 SF:1 OF:0 AF:0 PF:0 IF:0
1688:0000B773  sti                                                    EAX:000026F8 EBX:0000FFFF ECX:00000007 EDX:00000021 ESI:00000000 EDI:0000211E EBP:00007BD8 ESP:00007BAE DS:3E00 ES:3E00 FS:0000 GS:0000 SS:3E00 CF:0 ZF:0 SF:1 OF:0 AF:0 PF:0 IF:0
1688:0000B774  mov  [2662],al                  ds:[2662]=FC00         EAX:000026F8 EBX:0000FFFF ECX:00000007 EDX:00000021 ESI:00000000 EDI:0000211E EBP:00007BD8 ESP:00007BAE DS:3E00 ES:3E00 FS:0000 GS:0000 SS:3E00 CF:0 ZF:0 SF:1 OF:0 AF:0 PF:0 IF:1
1688:0000B777  cli                                                    EAX:000026F8 EBX:0000FFFF ECX:00000007 EDX:00000021 ESI:00000000 EDI:0000211E EBP:00007BD8 ESP:00007BAE DS:3E00 ES:3E00 FS:0000 GS:0000 SS:3E00 CF:0 ZF:0 SF:1 OF:0 AF:0 PF:0 IF:1
1688:0000B778  push es                                                EAX:000026F8 EBX:0000FFFF ECX:00000007 EDX:00000021 ESI:00000000 EDI:0000211E EBP:00007BD8 ESP:00007BAE DS:3E00 ES:3E00 FS:0000 GS:0000 SS:3E00 CF:0 ZF:0 SF:1 OF:0 AF:0 PF:0 IF:0
1688:0000B779  mov  ax,35EF                                           EAX:000026F8 EBX:0000FFFF ECX:00000007 EDX:00000021 ESI:00000000 EDI:0000211E EBP:00007BD8 ESP:00007BAC DS:3E00 ES:3E00 FS:0000 GS:0000 SS:3E00 CF:0 ZF:0 SF:1 OF:0 AF:0 PF:0 IF:0
1688:0000B77C  int  21                                                EAX:000035EF EBX:0000FFFF ECX:00000007 EDX:00000021 ESI:00000000 EDI:0000211E EBP:00007BD8 ESP:00007BAC DS:3E00 ES:3E00 FS:0000 GS:0000 SS:3E00 CF:0 ZF:0 SF:1 OF:0 AF:0 PF:0 IF:0
F000:000014C0  sti                                                    EAX:000035EF EBX:0000FFFF ECX:00000007 EDX:00000021 ESI:00000000 EDI:0000211E EBP:00007BD8 ESP:00007BA6 DS:3E00 ES:3E00 FS:0000 GS:0000 SS:3E00 CF:0 ZF:0 SF:1 OF:0 AF:0 PF:0 IF:0
F000:000014C1  callback 0026  (DOS Int 21)                            EAX:000035EF EBX:0000FFFF ECX:00000007 EDX:00000021 ESI:00000000 EDI:0000211E EBP:00007BD8 ESP:00007BA6 DS:3E00 ES:3E00 FS:0000 GS:0000 SS:3E00 CF:0 ZF:0 SF:1 OF:0 AF:0 PF:0 IF:1
F000:000014C5  iret                                                   EAX:000035EF EBX:00000000 ECX:00000007 EDX:00000021 ESI:00000000 EDI:0000211E EBP:00007BD8 ESP:00007BA6 DS:3E00 ES:0000 FS:0000 GS:0000 SS:3E00 CF:0 ZF:0 SF:1 OF:0 AF:0 PF:0 IF:1
1688:0000B77E  mov  [2659],bx                  ds:[2659]=0000         EAX:000035EF EBX:00000000 ECX:00000007 EDX:00000021 ESI:00000000 EDI:0000211E EBP:00007BD8 ESP:00007BAC DS:3E00 ES:0000 FS:0000 GS:0000 SS:3E00 CF:0 ZF:0 SF:1 OF:0 AF:0 PF:0 IF:0
1688:0000B782  mov  [265B],es                  ds:[265B]=0000         EAX:000035EF EBX:00000000 ECX:00000007 EDX:00000021 ESI:00000000 EDI:0000211E EBP:00007BD8 ESP:00007BAC DS:3E00 ES:0000 FS:0000 GS:0000 SS:3E00 CF:0 ZF:0 SF:1 OF:0 AF:0 PF:0 IF:0
1688:0000B786  mov  ax,35F0                                           EAX:000035EF EBX:00000000 ECX:00000007 EDX:00000021 ESI:00000000 EDI:0000211E EBP:00007BD8 ESP:00007BAC DS:3E00 ES:0000 FS:0000 GS:0000 SS:3E00 CF:0 ZF:0 SF:1 OF:0 AF:0 PF:0 IF:0
1688:0000B789  int  21                                                EAX:000035F0 EBX:00000000 ECX:00000007 EDX:00000021 ESI:00000000 EDI:0000211E EBP:00007BD8 ESP:00007BAC DS:3E00 ES:0000 FS:0000 GS:0000 SS:3E00 CF:0 ZF:0 SF:1 OF:0 AF:0 PF:0 IF:0
F000:000014C0  sti                                                    EAX:000035F0 EBX:00000000 ECX:00000007 EDX:00000021 ESI:00000000 EDI:0000211E EBP:00007BD8 ESP:00007BA6 DS:3E00 ES:0000 FS:0000 GS:0000 SS:3E00 CF:0 ZF:0 SF:1 OF:0 AF:0 PF:0 IF:0
F000:000014C1  callback 0026  (DOS Int 21)                            EAX:000035F0 EBX:00000000 ECX:00000007 EDX:00000021 ESI:00000000 EDI:0000211E EBP:00007BD8 ESP:00007BA6 DS:3E00 ES:0000 FS:0000 GS:0000 SS:3E00 CF:0 ZF:0 SF:1 OF:0 AF:0 PF:0 IF:1
F000:000014C5  iret                                                   EAX:000035F0 EBX:00000000 ECX:00000007 EDX:00000021 ESI:00000000 EDI:0000211E EBP:00007BD8 ESP:00007BA6 DS:3E00 ES:0000 FS:0000 GS:0000 SS:3E00 CF:0 ZF:0 SF:1 OF:0 AF:0 PF:0 IF:1
1688:0000B78B  mov  [265D],bx                  ds:[265D]=0000         EAX:000035F0 EBX:00000000 ECX:00000007 EDX:00000021 ESI:00000000 EDI:0000211E EBP:00007BD8 ESP:00007BAC DS:3E00 ES:0000 FS:0000 GS:0000 SS:3E00 CF:0 ZF:0 SF:1 OF:0 AF:0 PF:0 IF:0
1688:0000B78F  mov  [265F],es                  ds:[265F]=0000         EAX:000035F0 EBX:00000000 ECX:00000007 EDX:00000021 ESI:00000000 EDI:0000211E EBP:00007BD8 ESP:00007BAC DS:3E00 ES:0000 FS:0000 GS:0000 SS:3E00 CF:0 ZF:0 SF:1 OF:0 AF:0 PF:0 IF:0
1688:0000B793  pop  es                                                EAX:000035F0 EBX:00000000 ECX:00000007 EDX:00000021 ESI:00000000 EDI:0000211E EBP:00007BD8 ESP:00007BAC DS:3E00 ES:0000 FS:0000 GS:0000 SS:3E00 CF:0 ZF:0 SF:1 OF:0 AF:0 PF:0 IF:0
1688:0000B794  push es                                                EAX:000035F0 EBX:00000000 ECX:00000007 EDX:00000021 ESI:00000000 EDI:0000211E EBP:00007BD8 ESP:00007BAE DS:3E00 ES:3E00 FS:0000 GS:0000 SS:3E00 CF:0 ZF:0 SF:1 OF:0 AF:0 PF:0 IF:0
1688:0000B795  mov  ax,3509                                           EAX:000035F0 EBX:00000000 ECX:00000007 EDX:00000021 ESI:00000000 EDI:0000211E EBP:00007BD8 ESP:00007BAC DS:3E00 ES:3E00 FS:0000 GS:0000 SS:3E00 CF:0 ZF:0 SF:1 OF:0 AF:0 PF:0 IF:0
1688:0000B798  int  21                                                EAX:00003509 EBX:00000000 ECX:00000007 EDX:00000021 ESI:00000000 EDI:0000211E EBP:00007BD8 ESP:00007BAC DS:3E00 ES:3E00 FS:0000 GS:0000 SS:3E00 CF:0 ZF:0 SF:1 OF:0 AF:0 PF:0 IF:0
F000:000014C0  sti                                                    EAX:00003509 EBX:00000000 ECX:00000007 EDX:00000021 ESI:00000000 EDI:0000211E EBP:00007BD8 ESP:00007BA6 DS:3E00 ES:3E00 FS:0000 GS:0000 SS:3E00 CF:0 ZF:0 SF:1 OF:0 AF:0 PF:0 IF:0
F000:000014C1  callback 0026  (DOS Int 21)                            EAX:00003509 EBX:00000000 ECX:00000007 EDX:00000021 ESI:00000000 EDI:0000211E EBP:00007BD8 ESP:00007BA6 DS:3E00 ES:3E00 FS:0000 GS:0000 SS:3E00 CF:0 ZF:0 SF:1 OF:0 AF:0 PF:0 IF:1
F000:000014C5  iret                                                   EAX:00003509 EBX:0000E987 ECX:00000007 EDX:00000021 ESI:00000000 EDI:0000211E EBP:00007BD8 ESP:00007BA6 DS:3E00 ES:F000 FS:0000 GS:0000 SS:3E00 CF:0 ZF:0 SF:1 OF:0 AF:0 PF:0 IF:1
1688:0000B79A  mov  ax,es                                             EAX:00003509 EBX:0000E987 ECX:00000007 EDX:00000021 ESI:00000000 EDI:0000211E EBP:00007BD8 ESP:00007BAC DS:3E00 ES:F000 FS:0000 GS:0000 SS:3E00 CF:0 ZF:0 SF:1 OF:0 AF:0 PF:0 IF:0
1688:0000B79C  pop  es                                                EAX:0000F000 EBX:0000E987 ECX:00000007 EDX:00000021 ESI:00000000 EDI:0000211E EBP:00007BD8 ESP:00007BAC DS:3E00 ES:F000 FS:0000 GS:0000 SS:3E00 CF:0 ZF:0 SF:1 OF:0 AF:0 PF:0 IF:0
1688:0000B79D  mov  dx,bx                                             EAX:0000F000 EBX:0000E987 ECX:00000007 EDX:00000021 ESI:00000000 EDI:0000211E EBP:00007BD8 ESP:00007BAE DS:3E00 ES:3E00 FS:0000 GS:0000 SS:3E00 CF:0 ZF:0 SF:1 OF:0 AF:0 PF:0 IF:0
1688:0000B79F  push ds                                                EAX:0000F000 EBX:0000E987 ECX:00000007 EDX:0000E987 ESI:00000000 EDI:0000211E EBP:00007BD8 ESP:00007BAE DS:3E00 ES:3E00 FS:0000 GS:0000 SS:3E00 CF:0 ZF:0 SF:1 OF:0 AF:0 PF:0 IF:0
1688:0000B7A0  mov  ds,ax                                             EAX:0000F000 EBX:0000E987 ECX:00000007 EDX:0000E987 ESI:00000000 EDI:0000211E EBP:00007BD8 ESP:00007BAC DS:3E00 ES:3E00 FS:0000 GS:0000 SS:3E00 CF:0 ZF:0 SF:1 OF:0 AF:0 PF:0 IF:0
1688:0000B7A2  mov  ax,25EF                                           EAX:0000F000 EBX:0000E987 ECX:00000007 EDX:0000E987 ESI:00000000 EDI:0000211E EBP:00007BD8 ESP:00007BAC DS:F000 ES:3E00 FS:0000 GS:0000 SS:3E00 CF:0 ZF:0 SF:1 OF:0 AF:0 PF:0 IF:0
1688:0000B7A5  int  21                                                EAX:000025EF EBX:0000E987 ECX:00000007 EDX:0000E987 ESI:00000000 EDI:0000211E EBP:00007BD8 ESP:00007BAC DS:F000 ES:3E00 FS:0000 GS:0000 SS:3E00 CF:0 ZF:0 SF:1 OF:0 AF:0 PF:0 IF:0
F000:000014C0  sti                                                    EAX:000025EF EBX:0000E987 ECX:00000007 EDX:0000E987 ESI:00000000 EDI:0000211E EBP:00007BD8 ESP:00007BA6 DS:F000 ES:3E00 FS:0000 GS:0000 SS:3E00 CF:0 ZF:0 SF:1 OF:0 AF:0 PF:0 IF:0
F000:000014C1  callback 0026  (DOS Int 21)                            EAX:000025EF EBX:0000E987 ECX:00000007 EDX:0000E987 ESI:00000000 EDI:0000211E EBP:00007BD8 ESP:00007BA6 DS:F000 ES:3E00 FS:0000 GS:0000 SS:3E00 CF:0 ZF:0 SF:1 OF:0 AF:0 PF:0 IF:1
F000:000014C5  iret                                                   EAX:000025EF EBX:0000E987 ECX:00000007 EDX:0000E987 ESI:00000000 EDI:0000211E EBP:00007BD8 ESP:00007BA6 DS:F000 ES:3E00 FS:0000 GS:0000 SS:3E00 CF:0 ZF:0 SF:1 OF:0 AF:0 PF:0 IF:1
1688:0000B7A7  pop  ds                                                EAX:000025EF EBX:0000E987 ECX:00000007 EDX:0000E987 ESI:00000000 EDI:0000211E EBP:00007BD8 ESP:00007BAC DS:F000 ES:3E00 FS:0000 GS:0000 SS:3E00 CF:0 ZF:0 SF:1 OF:0 AF:0 PF:0 IF:0
1688:0000B7A8  push es                                                EAX:000025EF EBX:0000E987 ECX:00000007 EDX:0000E987 ESI:00000000 EDI:0000211E EBP:00007BD8 ESP:00007BAE DS:3E00 ES:3E00 FS:0000 GS:0000 SS:3E00 CF:0 ZF:0 SF:1 OF:0 AF:0 PF:0 IF:0
1688:0000B7A9  mov  ax,3508                                           EAX:000025EF EBX:0000E987 ECX:00000007 EDX:0000E987 ESI:00000000 EDI:0000211E EBP:00007BD8 ESP:00007BAC DS:3E00 ES:3E00 FS:0000 GS:0000 SS:3E00 CF:0 ZF:0 SF:1 OF:0 AF:0 PF:0 IF:0
1688:0000B7AC  int  21                                                EAX:00003508 EBX:0000E987 ECX:00000007 EDX:0000E987 ESI:00000000 EDI:0000211E EBP:00007BD8 ESP:00007BAC DS:3E00 ES:3E00 FS:0000 GS:0000 SS:3E00 CF:0 ZF:0 SF:1 OF:0 AF:0 PF:0 IF:0
F000:000014C0  sti                                                    EAX:00003508 EBX:0000E987 ECX:00000007 EDX:0000E987 ESI:00000000 EDI:0000211E EBP:00007BD8 ESP:00007BA6 DS:3E00 ES:3E00 FS:0000 GS:0000 SS:3E00 CF:0 ZF:0 SF:1 OF:0 AF:0 PF:0 IF:0
F000:000014C1  callback 0026  (DOS Int 21)                            EAX:00003508 EBX:0000E987 ECX:00000007 EDX:0000E987 ESI:00000000 EDI:0000211E EBP:00007BD8 ESP:00007BA6 DS:3E00 ES:3E00 FS:0000 GS:0000 SS:3E00 CF:0 ZF:0 SF:1 OF:0 AF:0 PF:0 IF:1
F000:000014C5  iret                                                   EAX:00003508 EBX:0000FEA5 ECX:00000007 EDX:0000E987 ESI:00000000 EDI:0000211E EBP:00007BD8 ESP:00007BA6 DS:3E00 ES:F000 FS:0000 GS:0000 SS:3E00 CF:0 ZF:0 SF:1 OF:0 AF:0 PF:0 IF:1
1688:0000B7AE  mov  ax,es                                             EAX:00003508 EBX:0000FEA5 ECX:00000007 EDX:0000E987 ESI:00000000 EDI:0000211E EBP:00007BD8 ESP:00007BAC DS:3E00 ES:F000 FS:0000 GS:0000 SS:3E00 CF:0 ZF:0 SF:1 OF:0 AF:0 PF:0 IF:0
1688:0000B7B0  pop  es                                                EAX:0000F000 EBX:0000FEA5 ECX:00000007 EDX:0000E987 ESI:00000000 EDI:0000211E EBP:00007BD8 ESP:00007BAC DS:3E00 ES:F000 FS:0000 GS:0000 SS:3E00 CF:0 ZF:0 SF:1 OF:0 AF:0 PF:0 IF:0
1688:0000B7B1  mov  dx,bx                                             EAX:0000F000 EBX:0000FEA5 ECX:00000007 EDX:0000E987 ESI:00000000 EDI:0000211E EBP:00007BD8 ESP:00007BAE DS:3E00 ES:3E00 FS:0000 GS:0000 SS:3E00 CF:0 ZF:0 SF:1 OF:0 AF:0 PF:0 IF:0
1688:0000B7B3  push ds                                                EAX:0000F000 EBX:0000FEA5 ECX:00000007 EDX:0000FEA5 ESI:00000000 EDI:0000211E EBP:00007BD8 ESP:00007BAE DS:3E00 ES:3E00 FS:0000 GS:0000 SS:3E00 CF:0 ZF:0 SF:1 OF:0 AF:0 PF:0 IF:0
1688:0000B7B4  mov  ds,ax                                             EAX:0000F000 EBX:0000FEA5 ECX:00000007 EDX:0000FEA5 ESI:00000000 EDI:0000211E EBP:00007BD8 ESP:00007BAC DS:3E00 ES:3E00 FS:0000 GS:0000 SS:3E00 CF:0 ZF:0 SF:1 OF:0 AF:0 PF:0 IF:0
1688:0000B7B6  mov  ax,25F0                                           EAX:0000F000 EBX:0000FEA5 ECX:00000007 EDX:0000FEA5 ESI:00000000 EDI:0000211E EBP:00007BD8 ESP:00007BAC DS:F000 ES:3E00 FS:0000 GS:0000 SS:3E00 CF:0 ZF:0 SF:1 OF:0 AF:0 PF:0 IF:0
1688:0000B7B9  int  21                                                EAX:000025F0 EBX:0000FEA5 ECX:00000007 EDX:0000FEA5 ESI:00000000 EDI:0000211E EBP:00007BD8 ESP:00007BAC DS:F000 ES:3E00 FS:0000 GS:0000 SS:3E00 CF:0 ZF:0 SF:1 OF:0 AF:0 PF:0 IF:0
F000:000014C0  sti                                                    EAX:000025F0 EBX:0000FEA5 ECX:00000007 EDX:0000FEA5 ESI:00000000 EDI:0000211E EBP:00007BD8 ESP:00007BA6 DS:F000 ES:3E00 FS:0000 GS:0000 SS:3E00 CF:0 ZF:0 SF:1 OF:0 AF:0 PF:0 IF:0
F000:000014C1  callback 0026  (DOS Int 21)                            EAX:000025F0 EBX:0000FEA5 ECX:00000007 EDX:0000FEA5 ESI:00000000 EDI:0000211E EBP:00007BD8 ESP:00007BA6 DS:F000 ES:3E00 FS:0000 GS:0000 SS:3E00 CF:0 ZF:0 SF:1 OF:0 AF:0 PF:0 IF:1
F000:000014C5  iret                                                   EAX:000025F0 EBX:0000FEA5 ECX:00000007 EDX:0000FEA5 ESI:00000000 EDI:0000211E EBP:00007BD8 ESP:00007BA6 DS:F000 ES:3E00 FS:0000 GS:0000 SS:3E00 CF:0 ZF:0 SF:1 OF:0 AF:0 PF:0 IF:1
1688:0000B7BB  pop  ds                                                EAX:000025F0 EBX:0000FEA5 ECX:00000007 EDX:0000FEA5 ESI:00000000 EDI:0000211E EBP:00007BD8 ESP:00007BAC DS:F000 ES:3E00 FS:0000 GS:0000 SS:3E00 CF:0 ZF:0 SF:1 OF:0 AF:0 PF:0 IF:0
1688:0000B7BC  push ds                                                EAX:000025F0 EBX:0000FEA5 ECX:00000007 EDX:0000FEA5 ESI:00000000 EDI:0000211E EBP:00007BD8 ESP:00007BAE DS:3E00 ES:3E00 FS:0000 GS:0000 SS:3E00 CF:0 ZF:0 SF:1 OF:0 AF:0 PF:0 IF:0
1688:0000B7BD  xor  ax,ax                                             EAX:000025F0 EBX:0000FEA5 ECX:00000007 EDX:0000FEA5 ESI:00000000 EDI:0000211E EBP:00007BD8 ESP:00007BAC DS:3E00 ES:3E00 FS:0000 GS:0000 SS:3E00 CF:0 ZF:0 SF:1 OF:0 AF:0 PF:0 IF:0
1688:0000B7BF  mov  ds,ax                                             EAX:00000000 EBX:0000FEA5 ECX:00000007 EDX:0000FEA5 ESI:00000000 EDI:0000211E EBP:00007BD8 ESP:00007BAC DS:3E00 ES:3E00 FS:0000 GS:0000 SS:3E00 CF:0 ZF:1 SF:0 OF:0 AF:0 PF:1 IF:0
1688:0000B7C1  push es                                                EAX:00000000 EBX:0000FEA5 ECX:00000007 EDX:0000FEA5 ESI:00000000 EDI:0000211E EBP:00007BD8 ESP:00007BAC DS:0000 ES:3E00 FS:0000 GS:0000 SS:3E00 CF:0 ZF:1 SF:0 OF:0 AF:0 PF:1 IF:0
1688:0000B7C2  mov  ax,351C                                           EAX:00000000 EBX:0000FEA5 ECX:00000007 EDX:0000FEA5 ESI:00000000 EDI:0000211E EBP:00007BD8 ESP:00007BAA DS:0000 ES:3E00 FS:0000 GS:0000 SS:3E00 CF:0 ZF:1 SF:0 OF:0 AF:0 PF:1 IF:0
1688:0000B7C5  int  21                                                EAX:0000351C EBX:0000FEA5 ECX:00000007 EDX:0000FEA5 ESI:00000000 EDI:0000211E EBP:00007BD8 ESP:00007BAA DS:0000 ES:3E00 FS:0000 GS:0000 SS:3E00 CF:0 ZF:1 SF:0 OF:0 AF:0 PF:1 IF:0
F000:000014C0  sti                                                    EAX:0000351C EBX:0000FEA5 ECX:00000007 EDX:0000FEA5 ESI:00000000 EDI:0000211E EBP:00007BD8 ESP:00007BA4 DS:0000 ES:3E00 FS:0000 GS:0000 SS:3E00 CF:0 ZF:1 SF:0 OF:0 AF:0 PF:1 IF:0
F000:000014C1  callback 0026  (DOS Int 21)                            EAX:0000351C EBX:0000FEA5 ECX:00000007 EDX:0000FEA5 ESI:00000000 EDI:0000211E EBP:00007BD8 ESP:00007BA4 DS:0000 ES:3E00 FS:0000 GS:0000 SS:3E00 CF:0 ZF:1 SF:0 OF:0 AF:0 PF:1 IF:1
F000:000014C5  iret                                                   EAX:0000351C EBX:00001280 ECX:00000007 EDX:0000FEA5 ESI:00000000 EDI:0000211E EBP:00007BD8 ESP:00007BA4 DS:0000 ES:F000 FS:0000 GS:0000 SS:3E00 CF:0 ZF:1 SF:0 OF:0 AF:0 PF:1 IF:1
1688:0000B7C7  mov  [0512],bx                  ds:[0512]=0000         EAX:0000351C EBX:00001280 ECX:00000007 EDX:0000FEA5 ESI:00000000 EDI:0000211E EBP:00007BD8 ESP:00007BAA DS:0000 ES:F000 FS:0000 GS:0000 SS:3E00 CF:0 ZF:1 SF:0 OF:0 AF:0 PF:1 IF:0
1688:0000B7CB  mov  [0514],es                  ds:[0514]=0000         EAX:0000351C EBX:00001280 ECX:00000007 EDX:0000FEA5 ESI:00000000 EDI:0000211E EBP:00007BD8 ESP:00007BAA DS:0000 ES:F000 FS:0000 GS:0000 SS:3E00 CF:0 ZF:1 SF:0 OF:0 AF:0 PF:1 IF:0
1688:0000B7CF  pop  es                                                EAX:0000351C EBX:00001280 ECX:00000007 EDX:0000FEA5 ESI:00000000 EDI:0000211E EBP:00007BD8 ESP:00007BAA DS:0000 ES:F000 FS:0000 GS:0000 SS:3E00 CF:0 ZF:1 SF:0 OF:0 AF:0 PF:1 IF:0
1688:0000B7D0  pop  ds                                                EAX:0000351C EBX:00001280 ECX:00000007 EDX:0000FEA5 ESI:00000000 EDI:0000211E EBP:00007BD8 ESP:00007BAC DS:0000 ES:3E00 FS:0000 GS:0000 SS:3E00 CF:0 ZF:1 SF:0 OF:0 AF:0 PF:1 IF:0
1688:0000B7D1  mov  ah,0F                                             EAX:0000351C EBX:00001280 ECX:00000007 EDX:0000FEA5 ESI:00000000 EDI:0000211E EBP:00007BD8 ESP:00007BAE DS:3E00 ES:3E00 FS:0000 GS:0000 SS:3E00 CF:0 ZF:1 SF:0 OF:0 AF:0 PF:1 IF:0
1688:0000B7D3  call 00007E16 ($-39c0)                                 EAX:00000F1C EBX:00001280 ECX:00000007 EDX:0000FEA5 ESI:00000000 EDI:0000211E EBP:00007BD8 ESP:00007BAE DS:3E00 ES:3E00 FS:0000 GS:0000 SS:3E00 CF:0 ZF:1 SF:0 OF:0 AF:0 PF:1 IF:0
1688:00007E16  push bp                                                EAX:00000F1C EBX:00001280 ECX:00000007 EDX:0000FEA5 ESI:00000000 EDI:0000211E EBP:00007BD8 ESP:00007BAC DS:3E00 ES:3E00 FS:0000 GS:0000 SS:3E00 CF:0 ZF:1 SF:0 OF:0 AF:0 PF:1 IF:0
1688:00007E17  push si                                                EAX:00000F1C EBX:00001280 ECX:00000007 EDX:0000FEA5 ESI:00000000 EDI:0000211E EBP:00007BD8 ESP:00007BAA DS:3E00 ES:3E00 FS:0000 GS:0000 SS:3E00 CF:0 ZF:1 SF:0 OF:0 AF:0 PF:1 IF:0
1688:00007E18  push di                                                EAX:00000F1C EBX:00001280 ECX:00000007 EDX:0000FEA5 ESI:00000000 EDI:0000211E EBP:00007BD8 ESP:00007BA8 DS:3E00 ES:3E00 FS:0000 GS:0000 SS:3E00 CF:0 ZF:1 SF:0 OF:0 AF:0 PF:1 IF:0
1688:00007E19  int  10                                                EAX:00000F1C EBX:00001280 ECX:00000007 EDX:0000FEA5 ESI:00000000 EDI:0000211E EBP:00007BD8 ESP:00007BA6 DS:3E00 ES:3E00 FS:0000 GS:0000 SS:3E00 CF:0 ZF:1 SF:0 OF:0 AF:0 PF:1 IF:0
F000:00001320  callback 0019  (Int 10 video)                          EAX:00000F1C EBX:00001280 ECX:00000007 EDX:0000FEA5 ESI:00000000 EDI:0000211E EBP:00007BD8 ESP:00007BA0 DS:3E00 ES:3E00 FS:0000 GS:0000 SS:3E00 CF:0 ZF:1 SF:0 OF:0 AF:0 PF:1 IF:0
F000:00001324  iret                                                   EAX:00005003 EBX:00000080 ECX:00000007 EDX:0000FEA5 ESI:00000000 EDI:0000211E EBP:00007BD8 ESP:00007BA0 DS:3E00 ES:3E00 FS:0000 GS:0000 SS:3E00 CF:0 ZF:1 SF:0 OF:0 AF:0 PF:1 IF:0
1688:00007E1B  pop  di                                                EAX:00005003 EBX:00000080 ECX:00000007 EDX:0000FEA5 ESI:00000000 EDI:0000211E EBP:00007BD8 ESP:00007BA6 DS:3E00 ES:3E00 FS:0000 GS:0000 SS:3E00 CF:0 ZF:1 SF:0 OF:0 AF:0 PF:1 IF:0
1688:00007E1C  pop  si                                                EAX:00005003 EBX:00000080 ECX:00000007 EDX:0000FEA5 ESI:00000000 EDI:0000211E EBP:00007BD8 ESP:00007BA8 DS:3E00 ES:3E00 FS:0000 GS:0000 SS:3E00 CF:0 ZF:1 SF:0 OF:0 AF:0 PF:1 IF:0
1688:00007E1D  pop  bp                                                EAX:00005003 EBX:00000080 ECX:00000007 EDX:0000FEA5 ESI:00000000 EDI:0000211E EBP:00007BD8 ESP:00007BAA DS:3E00 ES:3E00 FS:0000 GS:0000 SS:3E00 CF:0 ZF:1 SF:0 OF:0 AF:0 PF:1 IF:0
1688:00007E1E  ret                                                    EAX:00005003 EBX:00000080 ECX:00000007 EDX:0000FEA5 ESI:00000000 EDI:0000211E EBP:00007BD8 ESP:00007BAC DS:3E00 ES:3E00 FS:0000 GS:0000 SS:3E00 CF:0 ZF:1 SF:0 OF:0 AF:0 PF:1 IF:0
1688:0000B7D6  mov  dl,bh                                             EAX:00005003 EBX:00000080 ECX:00000007 EDX:0000FEA5 ESI:00000000 EDI:0000211E EBP:00007BD8 ESP:00007BAE DS:3E00 ES:3E00 FS:0000 GS:0000 SS:3E00 CF:0 ZF:1 SF:0 OF:0 AF:0 PF:1 IF:0
1688:0000B7D8  mov  dh,bh                                             EAX:00005003 EBX:00000080 ECX:00000007 EDX:0000FE00 ESI:00000000 EDI:0000211E EBP:00007BD8 ESP:00007BAE DS:3E00 ES:3E00 FS:0000 GS:0000 SS:3E00 CF:0 ZF:1 SF:0 OF:0 AF:0 PF:1 IF:0
1688:0000B7DA  mov  [196E],al                  ds:[196E]=0000         EAX:00005003 EBX:00000080 ECX:00000007 EDX:00000000 ESI:00000000 EDI:0000211E EBP:00007BD8 ESP:00007BAE DS:3E00 ES:3E00 FS:0000 GS:0000 SS:3E00 CF:0 ZF:1 SF:0 OF:0 AF:0 PF:1 IF:0
1688:0000B7DD  mov  cl,ah                                             EAX:00005003 EBX:00000080 ECX:00000007 EDX:00000000 ESI:00000000 EDI:0000211E EBP:00007BD8 ESP:00007BAE DS:3E00 ES:3E00 FS:0000 GS:0000 SS:3E00 CF:0 ZF:1 SF:0 OF:0 AF:0 PF:1 IF:0
1688:0000B7DF  cmp  al,40                                             EAX:00005003 EBX:00000080 ECX:00000050 EDX:00000000 ESI:00000000 EDI:0000211E EBP:00007BD8 ESP:00007BAE DS:3E00 ES:3E00 FS:0000 GS:0000 SS:3E00 CF:0 ZF:1 SF:0 OF:0 AF:0 PF:1 IF:0
1688:0000B7E1  jne  0000B7E7 ($+4)             (down)                 EAX:00005003 EBX:00000080 ECX:00000050 EDX:00000000 ESI:00000000 EDI:0000211E EBP:00007BD8 ESP:00007BAE DS:3E00 ES:3E00 FS:0000 GS:0000 SS:3E00 CF:1 ZF:0 SF:1 OF:0 AF:0 PF:1 IF:0
1688:0000B7E7  mov  ah,al                                             EAX:00005003 EBX:00000080 ECX:00000050 EDX:00000000 ESI:00000000 EDI:0000211E EBP:00007BD8 ESP:00007BAE DS:3E00 ES:3E00 FS:0000 GS:0000 SS:3E00 CF:1 ZF:0 SF:1 OF:0 AF:0 PF:1 IF:0
1688:0000B7E9  mov  bx,285C                                           EAX:00000303 EBX:00000080 ECX:00000050 EDX:00000000 ESI:00000000 EDI:0000211E EBP:00007BD8 ESP:00007BAE DS:3E00 ES:3E00 FS:0000 GS:0000 SS:3E00 CF:1 ZF:0 SF:1 OF:0 AF:0 PF:1 IF:0
1688:0000B7EC  xlat                                                   EAX:00000303 EBX:0000285C ECX:00000050 EDX:00000000 ESI:00000000 EDI:0000211E EBP:00007BD8 ESP:00007BAE DS:3E00 ES:3E00 FS:0000 GS:0000 SS:3E00 CF:1 ZF:0 SF:1 OF:0 AF:0 PF:1 IF:0
1688:0000B7ED  and  ah,01                                             EAX:00000300 EBX:0000285C ECX:00000050 EDX:00000000 ESI:00000000 EDI:0000211E EBP:00007BD8 ESP:00007BAE DS:3E00 ES:3E00 FS:0000 GS:0000 SS:3E00 CF:1 ZF:0 SF:1 OF:0 AF:0 PF:1 IF:0
1688:0000B7F0  cmp  al,01                                             EAX:00000100 EBX:0000285C ECX:00000050 EDX:00000000 ESI:00000000 EDI:0000211E EBP:00007BD8 ESP:00007BAE DS:3E00 ES:3E00 FS:0000 GS:0000 SS:3E00 CF:0 ZF:0 SF:0 OF:0 AF:0 PF:0 IF:0
1688:0000B7F2  jbe  0000B7F6 ($+2)             (down)                 EAX:00000100 EBX:0000285C ECX:00000050 EDX:00000000 ESI:00000000 EDI:0000211E EBP:00007BD8 ESP:00007BAE DS:3E00 ES:3E00 FS:0000 GS:0000 SS:3E00 CF:1 ZF:0 SF:1 OF:0 AF:1 PF:1 IF:0
1688:0000B7F6  push ax                                                EAX:00000100 EBX:0000285C ECX:00000050 EDX:00000000 ESI:00000000 EDI:0000211E EBP:00007BD8 ESP:00007BAE DS:3E00 ES:3E00 FS:0000 GS:0000 SS:3E00 CF:1 ZF:0 SF:1 OF:0 AF:1 PF:1 IF:0
1688:0000B7F7  push dx                                                EAX:00000100 EBX:0000285C ECX:00000050 EDX:00000000 ESI:00000000 EDI:0000211E EBP:00007BD8 ESP:00007BAC DS:3E00 ES:3E00 FS:0000 GS:0000 SS:3E00 CF:1 ZF:0 SF:1 OF:0 AF:1 PF:1 IF:0
1688:0000B7F8  push cx                                                EAX:00000100 EBX:0000285C ECX:00000050 EDX:00000000 ESI:00000000 EDI:0000211E EBP:00007BD8 ESP:00007BAA DS:3E00 ES:3E00 FS:0000 GS:0000 SS:3E00 CF:1 ZF:0 SF:1 OF:0 AF:1 PF:1 IF:0
1688:0000B7F9  call 0000B8DB ($+df)                                   EAX:00000100 EBX:0000285C ECX:00000050 EDX:00000000 ESI:00000000 EDI:0000211E EBP:00007BD8 ESP:00007BA8 DS:3E00 ES:3E00 FS:0000 GS:0000 SS:3E00 CF:1 ZF:0 SF:1 OF:0 AF:1 PF:1 IF:0
1688:0000B8DB  push ax                                                EAX:00000100 EBX:0000285C ECX:00000050 EDX:00000000 ESI:00000000 EDI:0000211E EBP:00007BD8 ESP:00007BA6 DS:3E00 ES:3E00 FS:0000 GS:0000 SS:3E00 CF:1 ZF:0 SF:1 OF:0 AF:1 PF:1 IF:0
1688:0000B8DC  push bx                                                EAX:00000100 EBX:0000285C ECX:00000050 EDX:00000000 ESI:00000000 EDI:0000211E EBP:00007BD8 ESP:00007BA4 DS:3E00 ES:3E00 FS:0000 GS:0000 SS:3E00 CF:1 ZF:0 SF:1 OF:0 AF:1 PF:1 IF:0
1688:0000B8DD  push cx                                                EAX:00000100 EBX:0000285C ECX:00000050 EDX:00000000 ESI:00000000 EDI:0000211E EBP:00007BD8 ESP:00007BA2 DS:3E00 ES:3E00 FS:0000 GS:0000 SS:3E00 CF:1 ZF:0 SF:1 OF:0 AF:1 PF:1 IF:0
1688:0000B8DE  push es                                                EAX:00000100 EBX:0000285C ECX:00000050 EDX:00000000 ESI:00000000 EDI:0000211E EBP:00007BD8 ESP:00007BA0 DS:3E00 ES:3E00 FS:0000 GS:0000 SS:3E00 CF:1 ZF:0 SF:1 OF:0 AF:1 PF:1 IF:0
1688:0000B8DF  push di                                                EAX:00000100 EBX:0000285C ECX:00000050 EDX:00000000 ESI:00000000 EDI:0000211E EBP:00007BD8 ESP:00007B9E DS:3E00 ES:3E00 FS:0000 GS:0000 SS:3E00 CF:1 ZF:0 SF:1 OF:0 AF:1 PF:1 IF:0
1688:0000B8E0  mov  ax,0002                                           EAX:00000100 EBX:0000285C ECX:00000050 EDX:00000000 ESI:00000000 EDI:0000211E EBP:00007BD8 ESP:00007B9C DS:3E00 ES:3E00 FS:0000 GS:0000 SS:3E00 CF:1 ZF:0 SF:1 OF:0 AF:1 PF:1 IF:0
1688:0000B8E3  mov  [2664],al                  ds:[2664]=0000         EAX:00000002 EBX:0000285C ECX:00000050 EDX:00000000 ESI:00000000 EDI:0000211E EBP:00007BD8 ESP:00007B9C DS:3E00 ES:3E00 FS:0000 GS:0000 SS:3E00 CF:1 ZF:0 SF:1 OF:0 AF:1 PF:1 IF:0
1688:0000B8E6  mov  word [2666],0010           ds:[2666]=0000         EAX:00000002 EBX:0000285C ECX:00000050 EDX:00000000 ESI:00000000 EDI:0000211E EBP:00007BD8 ESP:00007B9C DS:3E00 ES:3E00 FS:0000 GS:0000 SS:3E00 CF:1 ZF:0 SF:1 OF:0 AF:1 PF:1 IF:0
1688:0000B8EC  mov  [2665],al                  ds:[2665]=1000         EAX:00000002 EBX:0000285C ECX:00000050 EDX:00000000 ESI:00000000 EDI:0000211E EBP:00007BD8 ESP:00007B9C DS:3E00 ES:3E00 FS:0000 GS:0000 SS:3E00 CF:1 ZF:0 SF:1 OF:0 AF:1 PF:1 IF:0
1688:0000B8EF  mov  [2656],ah                  ds:[2656]=2600         EAX:00000002 EBX:0000285C ECX:00000050 EDX:00000000 ESI:00000000 EDI:0000211E EBP:00007BD8 ESP:00007B9C DS:3E00 ES:3E00 FS:0000 GS:0000 SS:3E00 CF:1 ZF:0 SF:1 OF:0 AF:1 PF:1 IF:0
1688:0000B8F3  push ds                                                EAX:00000002 EBX:0000285C ECX:00000050 EDX:00000000 ESI:00000000 EDI:0000211E EBP:00007BD8 ESP:00007B9C DS:3E00 ES:3E00 FS:0000 GS:0000 SS:3E00 CF:1 ZF:0 SF:1 OF:0 AF:1 PF:1 IF:0
1688:0000B8F4  pop  es                                                EAX:00000002 EBX:0000285C ECX:00000050 EDX:00000000 ESI:00000000 EDI:0000211E EBP:00007BD8 ESP:00007B9A DS:3E00 ES:3E00 FS:0000 GS:0000 SS:3E00 CF:1 ZF:0 SF:1 OF:0 AF:1 PF:1 IF:0
1688:0000B8F5  mov  di,2673                                           EAX:00000002 EBX:0000285C ECX:00000050 EDX:00000000 ESI:00000000 EDI:0000211E EBP:00007BD8 ESP:00007B9C DS:3E00 ES:3E00 FS:0000 GS:0000 SS:3E00 CF:1 ZF:0 SF:1 OF:0 AF:1 PF:1 IF:0
1688:0000B8F8  xor  bx,bx                                             EAX:00000002 EBX:0000285C ECX:00000050 EDX:00000000 ESI:00000000 EDI:00002673 EBP:00007BD8 ESP:00007B9C DS:3E00 ES:3E00 FS:0000 GS:0000 SS:3E00 CF:1 ZF:0 SF:1 OF:0 AF:1 PF:1 IF:0
1688:0000B8FA  mov  ah,1B                                             EAX:00000002 EBX:00000000 ECX:00000050 EDX:00000000 ESI:00000000 EDI:00002673 EBP:00007BD8 ESP:00007B9C DS:3E00 ES:3E00 FS:0000 GS:0000 SS:3E00 CF:0 ZF:1 SF:0 OF:0 AF:0 PF:1 IF:0
1688:0000B8FC  call 00007E16 ($-3ae9)                                 EAX:00001B02 EBX:00000000 ECX:00000050 EDX:00000000 ESI:00000000 EDI:00002673 EBP:00007BD8 ESP:00007B9C DS:3E00 ES:3E00 FS:0000 GS:0000 SS:3E00 CF:0 ZF:1 SF:0 OF:0 AF:0 PF:1 IF:0
1688:00007E16  push bp                                                EAX:00001B02 EBX:00000000 ECX:00000050 EDX:00000000 ESI:00000000 EDI:00002673 EBP:00007BD8 ESP:00007B9A DS:3E00 ES:3E00 FS:0000 GS:0000 SS:3E00 CF:0 ZF:1 SF:0 OF:0 AF:0 PF:1 IF:0
1688:00007E17  push si                                                EAX:00001B02 EBX:00000000 ECX:00000050 EDX:00000000 ESI:00000000 EDI:00002673 EBP:00007BD8 ESP:00007B98 DS:3E00 ES:3E00 FS:0000 GS:0000 SS:3E00 CF:0 ZF:1 SF:0 OF:0 AF:0 PF:1 IF:0
1688:00007E18  push di                                                EAX:00001B02 EBX:00000000 ECX:00000050 EDX:00000000 ESI:00000000 EDI:00002673 EBP:00007BD8 ESP:00007B96 DS:3E00 ES:3E00 FS:0000 GS:0000 SS:3E00 CF:0 ZF:1 SF:0 OF:0 AF:0 PF:1 IF:0
1688:00007E19  int  10                                                EAX:00001B02 EBX:00000000 ECX:00000050 EDX:00000000 ESI:00000000 EDI:00002673 EBP:00007BD8 ESP:00007B94 DS:3E00 ES:3E00 FS:0000 GS:0000 SS:3E00 CF:0 ZF:1 SF:0 OF:0 AF:0 PF:1 IF:0
F000:00001320  callback 0019  (Int 10 video)                          EAX:00001B02 EBX:00000000 ECX:00000050 EDX:00000000 ESI:00000000 EDI:00002673 EBP:00007BD8 ESP:00007B8E DS:3E00 ES:3E00 FS:0000 GS:0000 SS:3E00 CF:0 ZF:1 SF:0 OF:0 AF:0 PF:1 IF:0
F000:00001324  iret                                                   EAX:00001B1B EBX:00000000 ECX:00000050 EDX:00000000 ESI:00000000 EDI:00002673 EBP:00007BD8 ESP:00007B8E DS:3E00 ES:3E00 FS:0000 GS:0000 SS:3E00 CF:0 ZF:1 SF:0 OF:0 AF:0 PF:1 IF:0
1688:00007E1B  pop  di                                                EAX:00001B1B EBX:00000000 ECX:00000050 EDX:00000000 ESI:00000000 EDI:00002673 EBP:00007BD8 ESP:00007B94 DS:3E00 ES:3E00 FS:0000 GS:0000 SS:3E00 CF:0 ZF:1 SF:0 OF:0 AF:0 PF:1 IF:0
1688:00007E1C  pop  si                                                EAX:00001B1B EBX:00000000 ECX:00000050 EDX:00000000 ESI:00000000 EDI:00002673 EBP:00007BD8 ESP:00007B96 DS:3E00 ES:3E00 FS:0000 GS:0000 SS:3E00 CF:0 ZF:1 SF:0 OF:0 AF:0 PF:1 IF:0
1688:00007E1D  pop  bp                                                EAX:00001B1B EBX:00000000 ECX:00000050 EDX:00000000 ESI:00000000 EDI:00002673 EBP:00007BD8 ESP:00007B98 DS:3E00 ES:3E00 FS:0000 GS:0000 SS:3E00 CF:0 ZF:1 SF:0 OF:0 AF:0 PF:1 IF:0
1688:00007E1E  ret                                                    EAX:00001B1B EBX:00000000 ECX:00000050 EDX:00000000 ESI:00000000 EDI:00002673 EBP:00007BD8 ESP:00007B9A DS:3E00 ES:3E00 FS:0000 GS:0000 SS:3E00 CF:0 ZF:1 SF:0 OF:0 AF:0 PF:1 IF:0
1688:0000B8FF  cmp  al,1B                                             EAX:00001B1B EBX:00000000 ECX:00000050 EDX:00000000 ESI:00000000 EDI:00002673 EBP:00007BD8 ESP:00007B9C DS:3E00 ES:3E00 FS:0000 GS:0000 SS:3E00 CF:0 ZF:1 SF:0 OF:0 AF:0 PF:1 IF:0
1688:0000B901  jne  0000B93F ($+3c)            (no jmp)               EAX:00001B1B EBX:00000000 ECX:00000050 EDX:00000000 ESI:00000000 EDI:00002673 EBP:00007BD8 ESP:00007B9C DS:3E00 ES:3E00 FS:0000 GS:0000 SS:3E00 CF:0 ZF:1 SF:0 OF:0 AF:0 PF:1 IF:0
1688:0000B903  mov  bl,[di+31]                 ds:[26A4]=0003         EAX:00001B1B EBX:00000000 ECX:00000050 EDX:00000000 ESI:00000000 EDI:00002673 EBP:00007BD8 ESP:00007B9C DS:3E00 ES:3E00 FS:0000 GS:0000 SS:3E00 CF:0 ZF:1 SF:0 OF:0 AF:0 PF:1 IF:0
1688:0000B906  mov  al,[di+2D]                 ds:[26A0]=0021         EAX:00001B1B EBX:00000003 ECX:00000050 EDX:00000000 ESI:00000000 EDI:00002673 EBP:00007BD8 ESP:00007B9C DS:3E00 ES:3E00 FS:0000 GS:0000 SS:3E00 CF:0 ZF:1 SF:0 OF:0 AF:0 PF:1 IF:0
1688:0000B909  mov  [2655],al                  ds:[2655]=0000         EAX:00001B21 EBX:00000003 ECX:00000050 EDX:00000000 ESI:00000000 EDI:00002673 EBP:00007BD8 ESP:00007B9C DS:3E00 ES:3E00 FS:0000 GS:0000 SS:3E00 CF:0 ZF:1 SF:0 OF:0 AF:0 PF:1 IF:0
1688:0000B90C  les  di,[di]                    ds:[2673]=2700         EAX:00001B21 EBX:00000003 ECX:00000050 EDX:00000000 ESI:00000000 EDI:00002673 EBP:00007BD8 ESP:00007B9C DS:3E00 ES:3E00 FS:0000 GS:0000 SS:3E00 CF:0 ZF:1 SF:0 OF:0 AF:0 PF:1 IF:0
1688:0000B90E  mov  ax,es:[di]                 es:[2700]=FFFF         EAX:00001B21 EBX:00000003 ECX:00000050 EDX:00000000 ESI:00000000 EDI:00002700 EBP:00007BD8 ESP:00007B9C DS:3E00 ES:C000 FS:0000 GS:0000 SS:3E00 CF:0 ZF:1 SF:0 OF:0 AF:0 PF:1 IF:0
1688:0000B911  mov  [2652],ax                  ds:[2652]=0000         EAX:0000FFFF EBX:00000003 ECX:00000050 EDX:00000000 ESI:00000000 EDI:00002700 EBP:00007BD8 ESP:00007B9C DS:3E00 ES:C000 FS:0000 GS:0000 SS:3E00 CF:0 ZF:1 SF:0 OF:0 AF:0 PF:1 IF:0
1688:0000B914  mov  al,es:[di+02]              es:[2702]=000F         EAX:0000FFFF EBX:00000003 ECX:00000050 EDX:00000000 ESI:00000000 EDI:00002700 EBP:00007BD8 ESP:00007B9C DS:3E00 ES:C000 FS:0000 GS:0000 SS:3E00 CF:0 ZF:1 SF:0 OF:0 AF:0 PF:1 IF:0
1688:0000B918  mov  [2654],al                  ds:[2654]=2100         EAX:0000FF0F EBX:00000003 ECX:00000050 EDX:00000000 ESI:00000000 EDI:00002700 EBP:00007BD8 ESP:00007B9C DS:3E00 ES:C000 FS:0000 GS:0000 SS:3E00 CF:0 ZF:1 SF:0 OF:0 AF:0 PF:1 IF:0
1688:0000B91B  mov  byte [2664],10             ds:[2664]=0202         EAX:0000FF0F EBX:00000003 ECX:00000050 EDX:00000000 ESI:00000000 EDI:00002700 EBP:00007BD8 ESP:00007B9C DS:3E00 ES:C000 FS:0000 GS:0000 SS:3E00 CF:0 ZF:1 SF:0 OF:0 AF:0 PF:1 IF:0
1688:0000B920  mov  byte [2665],10             ds:[2665]=1002         EAX:0000FF0F EBX:00000003 ECX:00000050 EDX:00000000 ESI:00000000 EDI:00002700 EBP:00007BD8 ESP:00007B9C DS:3E00 ES:C000 FS:0000 GS:0000 SS:3E00 CF:0 ZF:1 SF:0 OF:0 AF:0 PF:1 IF:0
1688:0000B925  test al,04                                             EAX:0000FF0F EBX:00000003 ECX:00000050 EDX:00000000 ESI:00000000 EDI:00002700 EBP:00007BD8 ESP:00007B9C DS:3E00 ES:C000 FS:0000 GS:0000 SS:3E00 CF:0 ZF:1 SF:0 OF:0 AF:0 PF:1 IF:0
1688:0000B927  je   0000B977 ($+4e)            (no jmp)               EAX:0000FF0F EBX:00000003 ECX:00000050 EDX:00000000 ESI:00000000 EDI:00002700 EBP:00007BD8 ESP:00007B9C DS:3E00 ES:C000 FS:0000 GS:0000 SS:3E00 CF:0 ZF:0 SF:0 OF:0 AF:0 PF:0 IF:0
1688:0000B929  mov  byte [2665],18             ds:[2665]=1010         EAX:0000FF0F EBX:00000003 ECX:00000050 EDX:00000000 ESI:00000000 EDI:00002700 EBP:00007BD8 ESP:00007B9C DS:3E00 ES:C000 FS:0000 GS:0000 SS:3E00 CF:0 ZF:0 SF:0 OF:0 AF:0 PF:0 IF:0
1688:0000B92E  call 0000B9EF ($+be)                                   EAX:0000FF0F EBX:00000003 ECX:00000050 EDX:00000000 ESI:00000000 EDI:00002700 EBP:00007BD8 ESP:00007B9C DS:3E00 ES:C000 FS:0000 GS:0000 SS:3E00 CF:0 ZF:0 SF:0 OF:0 AF:0 PF:0 IF:0
1688:0000B9EF  push es                                                EAX:0000FF0F EBX:00000003 ECX:00000050 EDX:00000000 ESI:00000000 EDI:00002700 EBP:00007BD8 ESP:00007B9A DS:3E00 ES:C000 FS:0000 GS:0000 SS:3E00 CF:0 ZF:0 SF:0 OF:0 AF:0 PF:0 IF:0
1688:0000B9F0  xor  ax,ax                                             EAX:0000FF0F EBX:00000003 ECX:00000050 EDX:00000000 ESI:00000000 EDI:00002700 EBP:00007BD8 ESP:00007B98 DS:3E00 ES:C000 FS:0000 GS:0000 SS:3E00 CF:0 ZF:0 SF:0 OF:0 AF:0 PF:0 IF:0
1688:0000B9F2  mov  es,ax                                             EAX:00000000 EBX:00000003 ECX:00000050 EDX:00000000 ESI:00000000 EDI:00002700 EBP:00007BD8 ESP:00007B98 DS:3E00 ES:C000 FS:0000 GS:0000 SS:3E00 CF:0 ZF:1 SF:0 OF:0 AF:0 PF:1 IF:0
1688:0000B9F4  mov  ax,es:[0488]               es:[0488]=5109         EAX:00000000 EBX:00000003 ECX:00000050 EDX:00000000 ESI:00000000 EDI:00002700 EBP:00007BD8 ESP:00007B98 DS:3E00 ES:0000 FS:0000 GS:0000 SS:3E00 CF:0 ZF:1 SF:0 OF:0 AF:0 PF:1 IF:0
1688:0000B9F8  test ah,01                                             EAX:00005109 EBX:00000003 ECX:00000050 EDX:00000000 ESI:00000000 EDI:00002700 EBP:00007BD8 ESP:00007B98 DS:3E00 ES:0000 FS:0000 GS:0000 SS:3E00 CF:0 ZF:1 SF:0 OF:0 AF:0 PF:1 IF:0
1688:0000B9FB  jne  0000BA4F ($+52)            (down)                 EAX:00005109 EBX:00000003 ECX:00000050 EDX:00000000 ESI:00000000 EDI:00002700 EBP:00007BD8 ESP:00007B98 DS:3E00 ES:0000 FS:0000 GS:0000 SS:3E00 CF:0 ZF:0 SF:0 OF:0 AF:0 PF:0 IF:0
1688:0000BA4F  pop  es                                                EAX:00005109 EBX:00000003 ECX:00000050 EDX:00000000 ESI:00000000 EDI:00002700 EBP:00007BD8 ESP:00007B98 DS:3E00 ES:0000 FS:0000 GS:0000 SS:3E00 CF:0 ZF:0 SF:0 OF:0 AF:0 PF:0 IF:0
1688:0000BA50  ret                                                    EAX:00005109 EBX:00000003 ECX:00000050 EDX:00000000 ESI:00000000 EDI:00002700 EBP:00007BD8 ESP:00007B9A DS:3E00 ES:C000 FS:0000 GS:0000 SS:3E00 CF:0 ZF:0 SF:0 OF:0 AF:0 PF:0 IF:0
1688:0000B931  jc   0000B985 ($+52)            (no jmp)               EAX:00005109 EBX:00000003 ECX:00000050 EDX:00000000 ESI:00000000 EDI:00002700 EBP:00007BD8 ESP:00007B9C DS:3E00 ES:C000 FS:0000 GS:0000 SS:3E00 CF:0 ZF:0 SF:0 OF:0 AF:0 PF:0 IF:0
1688:0000B933  mov  byte [2664],08             ds:[2664]=1810         EAX:00005109 EBX:00000003 ECX:00000050 EDX:00000000 ESI:00000000 EDI:00002700 EBP:00007BD8 ESP:00007B9C DS:3E00 ES:C000 FS:0000 GS:0000 SS:3E00 CF:0 ZF:0 SF:0 OF:0 AF:0 PF:0 IF:0
1688:0000B938  mov  byte [2656],01             ds:[2656]=2600         EAX:00005109 EBX:00000003 ECX:00000050 EDX:00000000 ESI:00000000 EDI:00002700 EBP:00007BD8 ESP:00007B9C DS:3E00 ES:C000 FS:0000 GS:0000 SS:3E00 CF:0 ZF:0 SF:0 OF:0 AF:0 PF:0 IF:0
1688:0000B93D  jmp  short 0000B977 ($+38)      (down)                 EAX:00005109 EBX:00000003 ECX:00000050 EDX:00000000 ESI:00000000 EDI:00002700 EBP:00007BD8 ESP:00007B9C DS:3E00 ES:C000 FS:0000 GS:0000 SS:3E00 CF:0 ZF:0 SF:0 OF:0 AF:0 PF:0 IF:0
1688:0000B977  inc  bl                                                EAX:00005109 EBX:00000003 ECX:00000050 EDX:00000000 ESI:00000000 EDI:00002700 EBP:00007BD8 ESP:00007B9C DS:3E00 ES:C000 FS:0000 GS:0000 SS:3E00 CF:0 ZF:0 SF:0 OF:0 AF:0 PF:0 IF:0
1688:0000B979  xor  bh,bh                                             EAX:00005109 EBX:00000004 ECX:00000050 EDX:00000000 ESI:00000000 EDI:00002700 EBP:00007BD8 ESP:00007B9C DS:3E00 ES:C000 FS:0000 GS:0000 SS:3E00 CF:0 ZF:0 SF:0 OF:0 AF:0 PF:0 IF:0
1688:0000B97B  mov  cl,06                                             EAX:00005109 EBX:00000004 ECX:00000050 EDX:00000000 ESI:00000000 EDI:00002700 EBP:00007BD8 ESP:00007B9C DS:3E00 ES:C000 FS:0000 GS:0000 SS:3E00 CF:0 ZF:1 SF:0 OF:0 AF:0 PF:1 IF:0
1688:0000B97D  shl  bx,cl                                             EAX:00005109 EBX:00000004 ECX:00000006 EDX:00000000 ESI:00000000 EDI:00002700 EBP:00007BD8 ESP:00007B9C DS:3E00 ES:C000 FS:0000 GS:0000 SS:3E00 CF:0 ZF:1 SF:0 OF:0 AF:0 PF:1 IF:0
1688:0000B97F  mov  [2666],bx                  ds:[2666]=0010         EAX:00005109 EBX:00000100 ECX:00000006 EDX:00000000 ESI:00000000 EDI:00002700 EBP:00007BD8 ESP:00007B9C DS:3E00 ES:C000 FS:0000 GS:0000 SS:3E00 CF:0 ZF:0 SF:0 OF:0 AF:1 PF:1 IF:0
1688:0000B983  jmp  short 0000B99C ($+17)      (down)                 EAX:00005109 EBX:00000100 ECX:00000006 EDX:00000000 ESI:00000000 EDI:00002700 EBP:00007BD8 ESP:00007B9C DS:3E00 ES:C000 FS:0000 GS:0000 SS:3E00 CF:0 ZF:0 SF:0 OF:0 AF:1 PF:1 IF:0
1688:0000B99C  test byte [2664],0E             ds:[2664]=1808         EAX:00005109 EBX:00000100 ECX:00000006 EDX:00000000 ESI:00000000 EDI:00002700 EBP:00007BD8 ESP:00007B9C DS:3E00 ES:C000 FS:0000 GS:0000 SS:3E00 CF:0 ZF:0 SF:0 OF:0 AF:1 PF:1 IF:0
1688:0000B9A1  je   0000B9BC ($+19)            (no jmp)               EAX:00005109 EBX:00000100 ECX:00000006 EDX:00000000 ESI:00000000 EDI:00002700 EBP:00007BD8 ESP:00007B9C DS:3E00 ES:C000 FS:0000 GS:0000 SS:3E00 CF:0 ZF:0 SF:0 OF:0 AF:0 PF:0 IF:0
1688:0000B9A3  xor  ax,ax                                             EAX:00005109 EBX:00000100 ECX:00000006 EDX:00000000 ESI:00000000 EDI:00002700 EBP:00007BD8 ESP:00007B9C DS:3E00 ES:C000 FS:0000 GS:0000 SS:3E00 CF:0 ZF:0 SF:0 OF:0 AF:0 PF:0 IF:0
1688:0000B9A5  call near word [1962]           ds:[1962]=9BCC         EAX:00000000 EBX:00000100 ECX:00000006 EDX:00000000 ESI:00000000 EDI:00002700 EBP:00007BD8 ESP:00007B9C DS:3E00 ES:C000 FS:0000 GS:0000 SS:3E00 CF:0 ZF:1 SF:0 OF:0 AF:0 PF:1 IF:0
1688:00009BCC  push ds                                                EAX:00000000 EBX:00000100 ECX:00000006 EDX:00000000 ESI:00000000 EDI:00002700 EBP:00007BD8 ESP:00007B9A DS:3E00 ES:C000 FS:0000 GS:0000 SS:3E00 CF:0 ZF:1 SF:0 OF:0 AF:0 PF:1 IF:0
1688:00009BCD  mov  ax,FC00                                           EAX:00000000 EBX:00000100 ECX:00000006 EDX:00000000 ESI:00000000 EDI:00002700 EBP:00007BD8 ESP:00007B98 DS:3E00 ES:C000 FS:0000 GS:0000 SS:3E00 CF:0 ZF:1 SF:0 OF:0 AF:0 PF:1 IF:0
1688:00009BD0  mov  ds,ax                                             EAX:0000FC00 EBX:00000100 ECX:00000006 EDX:00000000 ESI:00000000 EDI:00002700 EBP:00007BD8 ESP:00007B98 DS:3E00 ES:C000 FS:0000 GS:0000 SS:3E00 CF:0 ZF:1 SF:0 OF:0 AF:0 PF:1 IF:0
1688:00009BD2  cmp  word [0050],4C4F           [illegal]              EAX:0000FC00 EBX:00000100 ECX:00000006 EDX:00000000 ESI:00000000 EDI:00002700 EBP:00007BD8 ESP:00007B98 DS:FC00 ES:C000 FS:0000 GS:0000 SS:3E00 CF:0 ZF:1 SF:0 OF:0 AF:0 PF:1 IF:0
1688:00009BD8  jne  00009C32 ($+58)            (down)                 EAX:0000FC00 EBX:00000100 ECX:00000006 EDX:00000000 ESI:00000000 EDI:00002700 EBP:00007BD8 ESP:00007B98 DS:FC00 ES:C000 FS:0000 GS:0000 SS:3E00 CF:1 ZF:0 SF:1 OF:0 AF:1 PF:1 IF:0
1688:00009C32  xor  al,al                                             EAX:0000FC00 EBX:00000100 ECX:00000006 EDX:00000000 ESI:00000000 EDI:00002700 EBP:00007BD8 ESP:00007B98 DS:FC00 ES:C000 FS:0000 GS:0000 SS:3E00 CF:1 ZF:0 SF:1 OF:0 AF:1 PF:1 IF:0
1688:00009C34  pop  ds                                                EAX:0000FC00 EBX:00000100 ECX:00000006 EDX:00000000 ESI:00000000 EDI:00002700 EBP:00007BD8 ESP:00007B98 DS:FC00 ES:C000 FS:0000 GS:0000 SS:3E00 CF:0 ZF:1 SF:0 OF:0 AF:0 PF:1 IF:0
1688:00009C35  ret                                                    EAX:0000FC00 EBX:00000100 ECX:00000006 EDX:00000000 ESI:00000000 EDI:00002700 EBP:00007BD8 ESP:00007B9A DS:3E00 ES:C000 FS:0000 GS:0000 SS:3E00 CF:0 ZF:1 SF:0 OF:0 AF:0 PF:1 IF:0
1688:0000B9A9  je   0000B9BC ($+11)            (down)                 EAX:0000FC00 EBX:00000100 ECX:00000006 EDX:00000000 ESI:00000000 EDI:00002700 EBP:00007BD8 ESP:00007B9C DS:3E00 ES:C000 FS:0000 GS:0000 SS:3E00 CF:0 ZF:1 SF:0 OF:0 AF:0 PF:1 IF:0
1688:0000B9BC  mov  dx,FFFF                                           EAX:0000FC00 EBX:00000100 ECX:00000006 EDX:00000000 ESI:00000000 EDI:00002700 EBP:00007BD8 ESP:00007B9C DS:3E00 ES:C000 FS:0000 GS:0000 SS:3E00 CF:0 ZF:1 SF:0 OF:0 AF:0 PF:1 IF:0
1688:0000B9BF  mov  ah,EF                                             EAX:0000FC00 EBX:00000100 ECX:00000006 EDX:0000FFFF ESI:00000000 EDI:00002700 EBP:00007BD8 ESP:00007B9C DS:3E00 ES:C000 FS:0000 GS:0000 SS:3E00 CF:0 ZF:1 SF:0 OF:0 AF:0 PF:1 IF:0
1688:0000B9C1  call 00007E16 ($-3bae)                                 EAX:0000EF00 EBX:00000100 ECX:00000006 EDX:0000FFFF ESI:00000000 EDI:00002700 EBP:00007BD8 ESP:00007B9C DS:3E00 ES:C000 FS:0000 GS:0000 SS:3E00 CF:0 ZF:1 SF:0 OF:0 AF:0 PF:1 IF:0
1688:00007E16  push bp                                                EAX:0000EF00 EBX:00000100 ECX:00000006 EDX:0000FFFF ESI:00000000 EDI:00002700 EBP:00007BD8 ESP:00007B9A DS:3E00 ES:C000 FS:0000 GS:0000 SS:3E00 CF:0 ZF:1 SF:0 OF:0 AF:0 PF:1 IF:0
1688:00007E17  push si                                                EAX:0000EF00 EBX:00000100 ECX:00000006 EDX:0000FFFF ESI:00000000 EDI:00002700 EBP:00007BD8 ESP:00007B98 DS:3E00 ES:C000 FS:0000 GS:0000 SS:3E00 CF:0 ZF:1 SF:0 OF:0 AF:0 PF:1 IF:0
1688:00007E18  push di                                                EAX:0000EF00 EBX:00000100 ECX:00000006 EDX:0000FFFF ESI:00000000 EDI:00002700 EBP:00007BD8 ESP:00007B96 DS:3E00 ES:C000 FS:0000 GS:0000 SS:3E00 CF:0 ZF:1 SF:0 OF:0 AF:0 PF:1 IF:0
1688:00007E19  int  10                                                EAX:0000EF00 EBX:00000100 ECX:00000006 EDX:0000FFFF ESI:00000000 EDI:00002700 EBP:00007BD8 ESP:00007B94 DS:3E00 ES:C000 FS:0000 GS:0000 SS:3E00 CF:0 ZF:1 SF:0 OF:0 AF:0 PF:1 IF:0
F000:00001320  callback 0019  (Int 10 video)                          EAX:0000EF00 EBX:00000100 ECX:00000006 EDX:0000FFFF ESI:00000000 EDI:00002700 EBP:00007BD8 ESP:00007B8E DS:3E00 ES:C000 FS:0000 GS:0000 SS:3E00 CF:0 ZF:1 SF:0 OF:0 AF:0 PF:1 IF:0
F000:00001324  iret                                                   EAX:0000EF00 EBX:00000100 ECX:00000006 EDX:0000FFFF ESI:00000000 EDI:00002700 EBP:00007BD8 ESP:00007B8E DS:3E00 ES:C000 FS:0000 GS:0000 SS:3E00 CF:0 ZF:1 SF:0 OF:0 AF:0 PF:1 IF:0
1688:00007E1B  pop  di                                                EAX:0000EF00 EBX:00000100 ECX:00000006 EDX:0000FFFF ESI:00000000 EDI:00002700 EBP:00007BD8 ESP:00007B94 DS:3E00 ES:C000 FS:0000 GS:0000 SS:3E00 CF:0 ZF:1 SF:0 OF:0 AF:0 PF:1 IF:0
1688:00007E1C  pop  si                                                EAX:0000EF00 EBX:00000100 ECX:00000006 EDX:0000FFFF ESI:00000000 EDI:00002700 EBP:00007BD8 ESP:00007B96 DS:3E00 ES:C000 FS:0000 GS:0000 SS:3E00 CF:0 ZF:1 SF:0 OF:0 AF:0 PF:1 IF:0
1688:00007E1D  pop  bp                                                EAX:0000EF00 EBX:00000100 ECX:00000006 EDX:0000FFFF ESI:00000000 EDI:00002700 EBP:00007BD8 ESP:00007B98 DS:3E00 ES:C000 FS:0000 GS:0000 SS:3E00 CF:0 ZF:1 SF:0 OF:0 AF:0 PF:1 IF:0
1688:00007E1E  ret                                                    EAX:0000EF00 EBX:00000100 ECX:00000006 EDX:0000FFFF ESI:00000000 EDI:00002700 EBP:00007BD8 ESP:00007B9A DS:3E00 ES:C000 FS:0000 GS:0000 SS:3E00 CF:0 ZF:1 SF:0 OF:0 AF:0 PF:1 IF:0
1688:0000B9C4  cmp  dl,FF                                             EAX:0000EF00 EBX:00000100 ECX:00000006 EDX:0000FFFF ESI:00000000 EDI:00002700 EBP:00007BD8 ESP:00007B9C DS:3E00 ES:C000 FS:0000 GS:0000 SS:3E00 CF:0 ZF:1 SF:0 OF:0 AF:0 PF:1 IF:0
1688:0000B9C7  je   0000B9E9 ($+20)            (down)                 EAX:0000EF00 EBX:00000100 ECX:00000006 EDX:0000FFFF ESI:00000000 EDI:00002700 EBP:00007BD8 ESP:00007B9C DS:3E00 ES:C000 FS:0000 GS:0000 SS:3E00 CF:0 ZF:1 SF:0 OF:0 AF:0 PF:1 IF:0
1688:0000B9E9  pop  di                                                EAX:0000EF00 EBX:00000100 ECX:00000006 EDX:0000FFFF ESI:00000000 EDI:00002700 EBP:00007BD8 ESP:00007B9C DS:3E00 ES:C000 FS:0000 GS:0000 SS:3E00 CF:0 ZF:1 SF:0 OF:0 AF:0 PF:1 IF:0
1688:0000B9EA  pop  es                                                EAX:0000EF00 EBX:00000100 ECX:00000006 EDX:0000FFFF ESI:00000000 EDI:0000211E EBP:00007BD8 ESP:00007B9E DS:3E00 ES:C000 FS:0000 GS:0000 SS:3E00 CF:0 ZF:1 SF:0 OF:0 AF:0 PF:1 IF:0
1688:0000B9EB  pop  cx                                                EAX:0000EF00 EBX:00000100 ECX:00000006 EDX:0000FFFF ESI:00000000 EDI:0000211E EBP:00007BD8 ESP:00007BA0 DS:3E00 ES:3E00 FS:0000 GS:0000 SS:3E00 CF:0 ZF:1 SF:0 OF:0 AF:0 PF:1 IF:0
1688:0000B9EC  pop  bx                                                EAX:0000EF00 EBX:00000100 ECX:00000050 EDX:0000FFFF ESI:00000000 EDI:0000211E EBP:00007BD8 ESP:00007BA2 DS:3E00 ES:3E00 FS:0000 GS:0000 SS:3E00 CF:0 ZF:1 SF:0 OF:0 AF:0 PF:1 IF:0
1688:0000B9ED  pop  ax                                                EAX:0000EF00 EBX:0000285C ECX:00000050 EDX:0000FFFF ESI:00000000 EDI:0000211E EBP:00007BD8 ESP:00007BA4 DS:3E00 ES:3E00 FS:0000 GS:0000 SS:3E00 CF:0 ZF:1 SF:0 OF:0 AF:0 PF:1 IF:0
1688:0000B9EE  ret                                                    EAX:00000100 EBX:0000285C ECX:00000050 EDX:0000FFFF ESI:00000000 EDI:0000211E EBP:00007BD8 ESP:00007BA6 DS:3E00 ES:3E00 FS:0000 GS:0000 SS:3E00 CF:0 ZF:1 SF:0 OF:0 AF:0 PF:1 IF:0
1688:0000B7FC  mov  al,30                                             EAX:00000100 EBX:0000285C ECX:00000050 EDX:0000FFFF ESI:00000000 EDI:0000211E EBP:00007BD8 ESP:00007BA8 DS:3E00 ES:3E00 FS:0000 GS:0000 SS:3E00 CF:0 ZF:1 SF:0 OF:0 AF:0 PF:1 IF:0
1688:0000B7FE  xor  bx,bx                                             EAX:00000130 EBX:0000285C ECX:00000050 EDX:0000FFFF ESI:00000000 EDI:0000211E EBP:00007BD8 ESP:00007BA8 DS:3E00 ES:3E00 FS:0000 GS:0000 SS:3E00 CF:0 ZF:1 SF:0 OF:0 AF:0 PF:1 IF:0
1688:0000B800  xor  cx,cx                                             EAX:00000130 EBX:00000000 ECX:00000050 EDX:0000FFFF ESI:00000000 EDI:0000211E EBP:00007BD8 ESP:00007BA8 DS:3E00 ES:3E00 FS:0000 GS:0000 SS:3E00 CF:0 ZF:1 SF:0 OF:0 AF:0 PF:1 IF:0
1688:0000B802  mov  dx,0018                                           EAX:00000130 EBX:00000000 ECX:00000000 EDX:0000FFFF ESI:00000000 EDI:0000211E EBP:00007BD8 ESP:00007BA8 DS:3E00 ES:3E00 FS:0000 GS:0000 SS:3E00 CF:0 ZF:1 SF:0 OF:0 AF:0 PF:1 IF:0
1688:0000B805  push es                                                EAX:00000130 EBX:00000000 ECX:00000000 EDX:00000018 ESI:00000000 EDI:0000211E EBP:00007BD8 ESP:00007BA8 DS:3E00 ES:3E00 FS:0000 GS:0000 SS:3E00 CF:0 ZF:1 SF:0 OF:0 AF:0 PF:1 IF:0
1688:0000B806  mov  ah,11                                             EAX:00000130 EBX:00000000 ECX:00000000 EDX:00000018 ESI:00000000 EDI:0000211E EBP:00007BD8 ESP:00007BA6 DS:3E00 ES:3E00 FS:0000 GS:0000 SS:3E00 CF:0 ZF:1 SF:0 OF:0 AF:0 PF:1 IF:0
1688:0000B808  call 00007E16 ($-39f5)                                 EAX:00001130 EBX:00000000 ECX:00000000 EDX:00000018 ESI:00000000 EDI:0000211E EBP:00007BD8 ESP:00007BA6 DS:3E00 ES:3E00 FS:0000 GS:0000 SS:3E00 CF:0 ZF:1 SF:0 OF:0 AF:0 PF:1 IF:0
1688:00007E16  push bp                                                EAX:00001130 EBX:00000000 ECX:00000000 EDX:00000018 ESI:00000000 EDI:0000211E EBP:00007BD8 ESP:00007BA4 DS:3E00 ES:3E00 FS:0000 GS:0000 SS:3E00 CF:0 ZF:1 SF:0 OF:0 AF:0 PF:1 IF:0
1688:00007E17  push si                                                EAX:00001130 EBX:00000000 ECX:00000000 EDX:00000018 ESI:00000000 EDI:0000211E EBP:00007BD8 ESP:00007BA2 DS:3E00 ES:3E00 FS:0000 GS:0000 SS:3E00 CF:0 ZF:1 SF:0 OF:0 AF:0 PF:1 IF:0
1688:00007E18  push di                                                EAX:00001130 EBX:00000000 ECX:00000000 EDX:00000018 ESI:00000000 EDI:0000211E EBP:00007BD8 ESP:00007BA0 DS:3E00 ES:3E00 FS:0000 GS:0000 SS:3E00 CF:0 ZF:1 SF:0 OF:0 AF:0 PF:1 IF:0
1688:00007E19  int  10                                                EAX:00001130 EBX:00000000 ECX:00000000 EDX:00000018 ESI:00000000 EDI:0000211E EBP:00007BD8 ESP:00007B9E DS:3E00 ES:3E00 FS:0000 GS:0000 SS:3E00 CF:0 ZF:1 SF:0 OF:0 AF:0 PF:1 IF:0
F000:00001320  callback 0019  (Int 10 video)                          EAX:00001130 EBX:00000000 ECX:00000000 EDX:00000018 ESI:00000000 EDI:0000211E EBP:00007BD8 ESP:00007B98 DS:3E00 ES:3E00 FS:0000 GS:0000 SS:3E00 CF:0 ZF:1 SF:0 OF:0 AF:0 PF:1 IF:0
F000:00001324  iret                                                   EAX:00001130 EBX:00000000 ECX:00000010 EDX:00000018 ESI:00000000 EDI:0000211E EBP:00000500 ESP:00007B98 DS:3E00 ES:C000 FS:0000 GS:0000 SS:3E00 CF:0 ZF:1 SF:0 OF:0 AF:0 PF:1 IF:0
1688:00007E1B  pop  di                                                EAX:00001130 EBX:00000000 ECX:00000010 EDX:00000018 ESI:00000000 EDI:0000211E EBP:00000500 ESP:00007B9E DS:3E00 ES:C000 FS:0000 GS:0000 SS:3E00 CF:0 ZF:1 SF:0 OF:0 AF:0 PF:1 IF:0
1688:00007E1C  pop  si                                                EAX:00001130 EBX:00000000 ECX:00000010 EDX:00000018 ESI:00000000 EDI:0000211E EBP:00000500 ESP:00007BA0 DS:3E00 ES:C000 FS:0000 GS:0000 SS:3E00 CF:0 ZF:1 SF:0 OF:0 AF:0 PF:1 IF:0
1688:00007E1D  pop  bp                                                EAX:00001130 EBX:00000000 ECX:00000010 EDX:00000018 ESI:00000000 EDI:0000211E EBP:00000500 ESP:00007BA2 DS:3E00 ES:C000 FS:0000 GS:0000 SS:3E00 CF:0 ZF:1 SF:0 OF:0 AF:0 PF:1 IF:0
1688:00007E1E  ret                                                    EAX:00001130 EBX:00000000 ECX:00000010 EDX:00000018 ESI:00000000 EDI:0000211E EBP:00007BD8 ESP:00007BA4 DS:3E00 ES:C000 FS:0000 GS:0000 SS:3E00 CF:0 ZF:1 SF:0 OF:0 AF:0 PF:1 IF:0
1688:0000B80B  pop  es                                                EAX:00001130 EBX:00000000 ECX:00000010 EDX:00000018 ESI:00000000 EDI:0000211E EBP:00007BD8 ESP:00007BA6 DS:3E00 ES:C000 FS:0000 GS:0000 SS:3E00 CF:0 ZF:1 SF:0 OF:0 AF:0 PF:1 IF:0
1688:0000B80C  inc  dx                                                EAX:00001130 EBX:00000000 ECX:00000010 EDX:00000018 ESI:00000000 EDI:0000211E EBP:00007BD8 ESP:00007BA8 DS:3E00 ES:3E00 FS:0000 GS:0000 SS:3E00 CF:0 ZF:1 SF:0 OF:0 AF:0 PF:1 IF:0
1688:0000B80D  pop  cx                                                EAX:00001130 EBX:00000000 ECX:00000010 EDX:00000019 ESI:00000000 EDI:0000211E EBP:00007BD8 ESP:00007BA8 DS:3E00 ES:3E00 FS:0000 GS:0000 SS:3E00 CF:0 ZF:0 SF:0 OF:0 AF:0 PF:0 IF:0
1688:0000B80E  mov  ch,dl                                             EAX:00001130 EBX:00000000 ECX:00000050 EDX:00000019 ESI:00000000 EDI:0000211E EBP:00007BD8 ESP:00007BAA DS:3E00 ES:3E00 FS:0000 GS:0000 SS:3E00 CF:0 ZF:0 SF:0 OF:0 AF:0 PF:0 IF:0
1688:0000B810  pop  dx                                                EAX:00001130 EBX:00000000 ECX:00001950 EDX:00000019 ESI:00000000 EDI:0000211E EBP:00007BD8 ESP:00007BAA DS:3E00 ES:3E00 FS:0000 GS:0000 SS:3E00 CF:0 ZF:0 SF:0 OF:0 AF:0 PF:0 IF:0
1688:0000B811  pop  ax                                                EAX:00001130 EBX:00000000 ECX:00001950 EDX:00000000 ESI:00000000 EDI:0000211E EBP:00007BD8 ESP:00007BAC DS:3E00 ES:3E00 FS:0000 GS:0000 SS:3E00 CF:0 ZF:0 SF:0 OF:0 AF:0 PF:0 IF:0
1688:0000B812  push ax                                                EAX:00000100 EBX:00000000 ECX:00001950 EDX:00000000 ESI:00000000 EDI:0000211E EBP:00007BD8 ESP:00007BAE DS:3E00 ES:3E00 FS:0000 GS:0000 SS:3E00 CF:0 ZF:0 SF:0 OF:0 AF:0 PF:0 IF:0
1688:0000B813  push cx                                                EAX:00000100 EBX:00000000 ECX:00001950 EDX:00000000 ESI:00000000 EDI:0000211E EBP:00007BD8 ESP:00007BAC DS:3E00 ES:3E00 FS:0000 GS:0000 SS:3E00 CF:0 ZF:0 SF:0 OF:0 AF:0 PF:0 IF:0
1688:0000B814  call 00008031 ($-37e6)                                 EAX:00000100 EBX:00000000 ECX:00001950 EDX:00000000 ESI:00000000 EDI:0000211E EBP:00007BD8 ESP:00007BAA DS:3E00 ES:3E00 FS:0000 GS:0000 SS:3E00 CF:0 ZF:0 SF:0 OF:0 AF:0 PF:0 IF:0
1688:00008031  call 00007FF8 ($-3c)                                   EAX:00000100 EBX:00000000 ECX:00001950 EDX:00000000 ESI:00000000 EDI:0000211E EBP:00007BD8 ESP:00007BA8 DS:3E00 ES:3E00 FS:0000 GS:0000 SS:3E00 CF:0 ZF:0 SF:0 OF:0 AF:0 PF:0 IF:0
1688:00007FF8  push ax                                                EAX:00000100 EBX:00000000 ECX:00001950 EDX:00000000 ESI:00000000 EDI:0000211E EBP:00007BD8 ESP:00007BA6 DS:3E00 ES:3E00 FS:0000 GS:0000 SS:3E00 CF:0 ZF:0 SF:0 OF:0 AF:0 PF:0 IF:0
1688:00007FF9  push bx                                                EAX:00000100 EBX:00000000 ECX:00001950 EDX:00000000 ESI:00000000 EDI:0000211E EBP:00007BD8 ESP:00007BA4 DS:3E00 ES:3E00 FS:0000 GS:0000 SS:3E00 CF:0 ZF:0 SF:0 OF:0 AF:0 PF:0 IF:0
1688:00007FFA  push cx                                                EAX:00000100 EBX:00000000 ECX:00001950 EDX:00000000 ESI:00000000 EDI:0000211E EBP:00007BD8 ESP:00007BA2 DS:3E00 ES:3E00 FS:0000 GS:0000 SS:3E00 CF:0 ZF:0 SF:0 OF:0 AF:0 PF:0 IF:0
1688:00007FFB  push dx                                                EAX:00000100 EBX:00000000 ECX:00001950 EDX:00000000 ESI:00000000 EDI:0000211E EBP:00007BD8 ESP:00007BA0 DS:3E00 ES:3E00 FS:0000 GS:0000 SS:3E00 CF:0 ZF:0 SF:0 OF:0 AF:0 PF:0 IF:0
1688:00007FFC  mov  bx,[189D]                  ds:[189D]=18A6         EAX:00000100 EBX:00000000 ECX:00001950 EDX:00000000 ESI:00000000 EDI:0000211E EBP:00007BD8 ESP:00007B9E DS:3E00 ES:3E00 FS:0000 GS:0000 SS:3E00 CF:0 ZF:0 SF:0 OF:0 AF:0 PF:0 IF:0
1688:00008000  cmp  [bx],al                    ds:[18A6]=410D         EAX:00000100 EBX:000018A6 ECX:00001950 EDX:00000000 ESI:00000000 EDI:0000211E EBP:00007BD8 ESP:00007B9E DS:3E00 ES:3E00 FS:0000 GS:0000 SS:3E00 CF:0 ZF:0 SF:0 OF:0 AF:0 PF:0 IF:0
1688:00008002  jc   0000800F ($+b)             (no jmp)               EAX:00000100 EBX:000018A6 ECX:00001950 EDX:00000000 ESI:00000000 EDI:0000211E EBP:00007BD8 ESP:00007B9E DS:3E00 ES:3E00 FS:0000 GS:0000 SS:3E00 CF:0 ZF:0 SF:0 OF:0 AF:0 PF:0 IF:0
1688:00008004  mov  dl,al                                             EAX:00000100 EBX:000018A6 ECX:00001950 EDX:00000000 ESI:00000000 EDI:0000211E EBP:00007BD8 ESP:00007B9E DS:3E00 ES:3E00 FS:0000 GS:0000 SS:3E00 CF:0 ZF:0 SF:0 OF:0 AF:0 PF:0 IF:0
1688:00008006  xor  dh,dh                                             EAX:00000100 EBX:000018A6 ECX:00001950 EDX:00000000 ESI:00000000 EDI:0000211E EBP:00007BD8 ESP:00007B9E DS:3E00 ES:3E00 FS:0000 GS:0000 SS:3E00 CF:0 ZF:0 SF:0 OF:0 AF:0 PF:0 IF:0
1688:00008008  add  bx,dx                                             EAX:00000100 EBX:000018A6 ECX:00001950 EDX:00000000 ESI:00000000 EDI:0000211E EBP:00007BD8 ESP:00007B9E DS:3E00 ES:3E00 FS:0000 GS:0000 SS:3E00 CF:0 ZF:1 SF:0 OF:0 AF:0 PF:1 IF:0
1688:0000800A  add  bx,dx                                             EAX:00000100 EBX:000018A6 ECX:00001950 EDX:00000000 ESI:00000000 EDI:0000211E EBP:00007BD8 ESP:00007B9E DS:3E00 ES:3E00 FS:0000 GS:0000 SS:3E00 CF:0 ZF:0 SF:0 OF:0 AF:0 PF:1 IF:0
1688:0000800C  call near word [bx+01]          ds:[18A7]=8541         EAX:00000100 EBX:000018A6 ECX:00001950 EDX:00000000 ESI:00000000 EDI:0000211E EBP:00007BD8 ESP:00007B9E DS:3E00 ES:3E00 FS:0000 GS:0000 SS:3E00 CF:0 ZF:0 SF:0 OF:0 AF:0 PF:1 IF:0
1688:00008541  mov  bx,8508                                           EAX:00000100 EBX:000018A6 ECX:00001950 EDX:00000000 ESI:00000000 EDI:0000211E EBP:00007BD8 ESP:00007B9C DS:3E00 ES:3E00 FS:0000 GS:0000 SS:3E00 CF:0 ZF:0 SF:0 OF:0 AF:0 PF:1 IF:0
1688:00008544  mov  al,07                                             EAX:00000100 EBX:00008508 ECX:00001950 EDX:00000000 ESI:00000000 EDI:0000211E EBP:00007BD8 ESP:00007B9C DS:3E00 ES:3E00 FS:0000 GS:0000 SS:3E00 CF:0 ZF:0 SF:0 OF:0 AF:0 PF:1 IF:0
1688:00008546  test byte [2665],01             ds:[2665]=0018         EAX:00000107 EBX:00008508 ECX:00001950 EDX:00000000 ESI:00000000 EDI:0000211E EBP:00007BD8 ESP:00007B9C DS:3E00 ES:3E00 FS:0000 GS:0000 SS:3E00 CF:0 ZF:0 SF:0 OF:0 AF:0 PF:1 IF:0
1688:0000854B  jne  0000856D ($+20)            (no jmp)               EAX:00000107 EBX:00008508 ECX:00001950 EDX:00000000 ESI:00000000 EDI:0000211E EBP:00007BD8 ESP:00007B9C DS:3E00 ES:3E00 FS:0000 GS:0000 SS:3E00 CF:0 ZF:1 SF:0 OF:0 AF:0 PF:1 IF:0
1688:0000854D  cmp  byte [2665],08             ds:[2665]=0018         EAX:00000107 EBX:00008508 ECX:00001950 EDX:00000000 ESI:00000000 EDI:0000211E EBP:00007BD8 ESP:00007B9C DS:3E00 ES:3E00 FS:0000 GS:0000 SS:3E00 CF:0 ZF:1 SF:0 OF:0 AF:0 PF:1 IF:0
1688:00008552  je   0000856D ($+19)            (no jmp)               EAX:00000107 EBX:00008508 ECX:00001950 EDX:00000000 ESI:00000000 EDI:0000211E EBP:00007BD8 ESP:00007B9C DS:3E00 ES:3E00 FS:0000 GS:0000 SS:3E00 CF:0 ZF:0 SF:0 OF:0 AF:0 PF:0 IF:0
1688:00008554  and  al,[196E]                  ds:[196E]=0003         EAX:00000107 EBX:00008508 ECX:00001950 EDX:00000000 ESI:00000000 EDI:0000211E EBP:00007BD8 ESP:00007B9C DS:3E00 ES:3E00 FS:0000 GS:0000 SS:3E00 CF:0 ZF:0 SF:0 OF:0 AF:0 PF:0 IF:0
1688:00008558  cmp  al,07                                             EAX:00000103 EBX:00008508 ECX:00001950 EDX:00000000 ESI:00000000 EDI:0000211E EBP:00007BD8 ESP:00007B9C DS:3E00 ES:3E00 FS:0000 GS:0000 SS:3E00 CF:0 ZF:0 SF:0 OF:0 AF:0 PF:1 IF:0
1688:0000855A  je   0000856D ($+11)            (no jmp)               EAX:00000103 EBX:00008508 ECX:00001950 EDX:00000000 ESI:00000000 EDI:0000211E EBP:00007BD8 ESP:00007B9C DS:3E00 ES:3E00 FS:0000 GS:0000 SS:3E00 CF:1 ZF:0 SF:1 OF:0 AF:1 PF:1 IF:0
1688:0000855C  xor  al,al                                             EAX:00000103 EBX:00008508 ECX:00001950 EDX:00000000 ESI:00000000 EDI:0000211E EBP:00007BD8 ESP:00007B9C DS:3E00 ES:3E00 FS:0000 GS:0000 SS:3E00 CF:1 ZF:0 SF:1 OF:0 AF:1 PF:1 IF:0
1688:0000855E  mov  bx,84B6                                           EAX:00000100 EBX:00008508 ECX:00001950 EDX:00000000 ESI:00000000 EDI:0000211E EBP:00007BD8 ESP:00007B9C DS:3E00 ES:3E00 FS:0000 GS:0000 SS:3E00 CF:0 ZF:1 SF:0 OF:0 AF:0 PF:1 IF:0
1688:00008561  cmp  cl,28                                             EAX:00000100 EBX:000084B6 ECX:00001950 EDX:00000000 ESI:00000000 EDI:0000211E EBP:00007BD8 ESP:00007B9C DS:3E00 ES:3E00 FS:0000 GS:0000 SS:3E00 CF:0 ZF:1 SF:0 OF:0 AF:0 PF:1 IF:0
1688:00008564  je   0000856B ($+5)             (no jmp)               EAX:00000100 EBX:000084B6 ECX:00001950 EDX:00000000 ESI:00000000 EDI:0000211E EBP:00007BD8 ESP:00007B9C DS:3E00 ES:3E00 FS:0000 GS:0000 SS:3E00 CF:0 ZF:0 SF:0 OF:0 AF:1 PF:1 IF:0
1688:00008566  mov  bx,84DF                                           EAX:00000100 EBX:000084B6 ECX:00001950 EDX:00000000 ESI:00000000 EDI:0000211E EBP:00007BD8 ESP:00007B9C DS:3E00 ES:3E00 FS:0000 GS:0000 SS:3E00 CF:0 ZF:0 SF:0 OF:0 AF:1 PF:1 IF:0
1688:00008569  mov  al,02                                             EAX:00000100 EBX:000084DF ECX:00001950 EDX:00000000 ESI:00000000 EDI:0000211E EBP:00007BD8 ESP:00007B9C DS:3E00 ES:3E00 FS:0000 GS:0000 SS:3E00 CF:0 ZF:0 SF:0 OF:0 AF:1 PF:1 IF:0
1688:0000856B  add  al,ah                                             EAX:00000102 EBX:000084DF ECX:00001950 EDX:00000000 ESI:00000000 EDI:0000211E EBP:00007BD8 ESP:00007B9C DS:3E00 ES:3E00 FS:0000 GS:0000 SS:3E00 CF:0 ZF:0 SF:0 OF:0 AF:1 PF:1 IF:0
1688:0000856D  mov  cx,0029                                           EAX:00000103 EBX:000084DF ECX:00001950 EDX:00000000 ESI:00000000 EDI:0000211E EBP:00007BD8 ESP:00007B9C DS:3E00 ES:3E00 FS:0000 GS:0000 SS:3E00 CF:0 ZF:0 SF:0 OF:0 AF:0 PF:1 IF:0
1688:00008570  push ax                                                EAX:00000103 EBX:000084DF ECX:00000029 EDX:00000000 ESI:00000000 EDI:0000211E EBP:00007BD8 ESP:00007B9C DS:3E00 ES:3E00 FS:0000 GS:0000 SS:3E00 CF:0 ZF:0 SF:0 OF:0 AF:0 PF:1 IF:0
1688:00008571  call 00008398 ($-1dc)                                  EAX:00000103 EBX:000084DF ECX:00000029 EDX:00000000 ESI:00000000 EDI:0000211E EBP:00007BD8 ESP:00007B9A DS:3E00 ES:3E00 FS:0000 GS:0000 SS:3E00 CF:0 ZF:0 SF:0 OF:0 AF:0 PF:1 IF:0
1688:00008398  push si                                                EAX:00000103 EBX:000084DF ECX:00000029 EDX:00000000 ESI:00000000 EDI:0000211E EBP:00007BD8 ESP:00007B98 DS:3E00 ES:3E00 FS:0000 GS:0000 SS:3E00 CF:0 ZF:0 SF:0 OF:0 AF:0 PF:1 IF:0
1688:00008399  push di                                                EAX:00000103 EBX:000084DF ECX:00000029 EDX:00000000 ESI:00000000 EDI:0000211E EBP:00007BD8 ESP:00007B96 DS:3E00 ES:3E00 FS:0000 GS:0000 SS:3E00 CF:0 ZF:0 SF:0 OF:0 AF:0 PF:1 IF:0
1688:0000839A  push es                                                EAX:00000103 EBX:000084DF ECX:00000029 EDX:00000000 ESI:00000000 EDI:0000211E EBP:00007BD8 ESP:00007B94 DS:3E00 ES:3E00 FS:0000 GS:0000 SS:3E00 CF:0 ZF:0 SF:0 OF:0 AF:0 PF:1 IF:0
1688:0000839B  push ds                                                EAX:00000103 EBX:000084DF ECX:00000029 EDX:00000000 ESI:00000000 EDI:0000211E EBP:00007BD8 ESP:00007B92 DS:3E00 ES:3E00 FS:0000 GS:0000 SS:3E00 CF:0 ZF:0 SF:0 OF:0 AF:0 PF:1 IF:0
1688:0000839C  push ds                                                EAX:00000103 EBX:000084DF ECX:00000029 EDX:00000000 ESI:00000000 EDI:0000211E EBP:00007BD8 ESP:00007B90 DS:3E00 ES:3E00 FS:0000 GS:0000 SS:3E00 CF:0 ZF:0 SF:0 OF:0 AF:0 PF:1 IF:0
1688:0000839D  pop  es                                                EAX:00000103 EBX:000084DF ECX:00000029 EDX:00000000 ESI:00000000 EDI:0000211E EBP:00007BD8 ESP:00007B8E DS:3E00 ES:3E00 FS:0000 GS:0000 SS:3E00 CF:0 ZF:0 SF:0 OF:0 AF:0 PF:1 IF:0
1688:0000839E  cmp  cx,0029                                           EAX:00000103 EBX:000084DF ECX:00000029 EDX:00000000 ESI:00000000 EDI:0000211E EBP:00007BD8 ESP:00007B90 DS:3E00 ES:3E00 FS:0000 GS:0000 SS:3E00 CF:0 ZF:0 SF:0 OF:0 AF:0 PF:1 IF:0
1688:000083A1  jne  000083B0 ($+d)             (no jmp)               EAX:00000103 EBX:000084DF ECX:00000029 EDX:00000000 ESI:00000000 EDI:0000211E EBP:00007BD8 ESP:00007B90 DS:3E00 ES:3E00 FS:0000 GS:0000 SS:3E00 CF:0 ZF:1 SF:0 OF:0 AF:0 PF:1 IF:0
1688:000083A3  push cx                                                EAX:00000103 EBX:000084DF ECX:00000029 EDX:00000000 ESI:00000000 EDI:0000211E EBP:00007BD8 ESP:00007B90 DS:3E00 ES:3E00 FS:0000 GS:0000 SS:3E00 CF:0 ZF:1 SF:0 OF:0 AF:0 PF:1 IF:0
1688:000083A4  mov  di,18FD                                           EAX:00000103 EBX:000084DF ECX:00000029 EDX:00000000 ESI:00000000 EDI:0000211E EBP:00007BD8 ESP:00007B8E DS:3E00 ES:3E00 FS:0000 GS:0000 SS:3E00 CF:0 ZF:1 SF:0 OF:0 AF:0 PF:1 IF:0
1688:000083A7  mov  cx,0017                                           EAX:00000103 EBX:000084DF ECX:00000029 EDX:00000000 ESI:00000000 EDI:000018FD EBP:00007BD8 ESP:00007B8E DS:3E00 ES:3E00 FS:0000 GS:0000 SS:3E00 CF:0 ZF:1 SF:0 OF:0 AF:0 PF:1 IF:0
1688:000083AA  mov  ax,7FF6                                           EAX:00000103 EBX:000084DF ECX:00000017 EDX:00000000 ESI:00000000 EDI:000018FD EBP:00007BD8 ESP:00007B8E DS:3E00 ES:3E00 FS:0000 GS:0000 SS:3E00 CF:0 ZF:1 SF:0 OF:0 AF:0 PF:1 IF:0
1688:000083AD  repe stosw                                             EAX:00007FF6 EBX:000084DF ECX:00000017 EDX:00000000 ESI:00000000 EDI:000018FD EBP:00007BD8 ESP:00007B8E DS:3E00 ES:3E00 FS:0000 GS:0000 SS:3E00 CF:0 ZF:1 SF:0 OF:0 AF:0 PF:1 IF:0
1688:000083AF  pop  cx                                                EAX:00007FF6 EBX:000084DF ECX:00000000 EDX:00000000 ESI:00000000 EDI:0000192B EBP:00007BD8 ESP:00007B8E DS:3E00 ES:3E00 FS:0000 GS:0000 SS:3E00 CF:0 ZF:1 SF:0 OF:0 AF:0 PF:1 IF:0
1688:000083B0  mov  di,18C4                                           EAX:00007FF6 EBX:000084DF ECX:00000029 EDX:00000000 ESI:00000000 EDI:0000192B EBP:00007BD8 ESP:00007B90 DS:3E00 ES:3E00 FS:0000 GS:0000 SS:3E00 CF:0 ZF:1 SF:0 OF:0 AF:0 PF:1 IF:0
1688:000083B3  push cs                                                EAX:00007FF6 EBX:000084DF ECX:00000029 EDX:00000000 ESI:00000000 EDI:000018C4 EBP:00007BD8 ESP:00007B90 DS:3E00 ES:3E00 FS:0000 GS:0000 SS:3E00 CF:0 ZF:1 SF:0 OF:0 AF:0 PF:1 IF:0
1688:000083B4  pop  ds                                                EAX:00007FF6 EBX:000084DF ECX:00000029 EDX:00000000 ESI:00000000 EDI:000018C4 EBP:00007BD8 ESP:00007B8E DS:3E00 ES:3E00 FS:0000 GS:0000 SS:3E00 CF:0 ZF:1 SF:0 OF:0 AF:0 PF:1 IF:0
1688:000083B5  mov  si,bx                                             EAX:00007FF6 EBX:000084DF ECX:00000029 EDX:00000000 ESI:00000000 EDI:000018C4 EBP:00007BD8 ESP:00007B90 DS:1688 ES:3E00 FS:0000 GS:0000 SS:3E00 CF:0 ZF:1 SF:0 OF:0 AF:0 PF:1 IF:0
1688:000083B7  cld                                                    EAX:00007FF6 EBX:000084DF ECX:00000029 EDX:00000000 ESI:000084DF EDI:000018C4 EBP:00007BD8 ESP:00007B90 DS:1688 ES:3E00 FS:0000 GS:0000 SS:3E00 CF:0 ZF:1 SF:0 OF:0 AF:0 PF:1 IF:0
1688:000083B8  repe movsb                                             EAX:00007FF6 EBX:000084DF ECX:00000029 EDX:00000000 ESI:000084DF EDI:000018C4 EBP:00007BD8 ESP:00007B90 DS:1688 ES:3E00 FS:0000 GS:0000 SS:3E00 CF:0 ZF:1 SF:0 OF:0 AF:0 PF:1 IF:0
1688:000083BA  push es                                                EAX:00007FF6 EBX:000084DF ECX:00000000 EDX:00000000 ESI:00008508 EDI:000018ED EBP:00007BD8 ESP:00007B90 DS:1688 ES:3E00 FS:0000 GS:0000 SS:3E00 CF:0 ZF:1 SF:0 OF:0 AF:0 PF:1 IF:0
1688:000083BB  pop  ds                                                EAX:00007FF6 EBX:000084DF ECX:00000000 EDX:00000000 ESI:00008508 EDI:000018ED EBP:00007BD8 ESP:00007B8E DS:1688 ES:3E00 FS:0000 GS:0000 SS:3E00 CF:0 ZF:1 SF:0 OF:0 AF:0 PF:1 IF:0
1688:000083BC  mov  al,[18D6]                  ds:[18D6]=0007         EAX:00007FF6 EBX:000084DF ECX:00000000 EDX:00000000 ESI:00008508 EDI:000018ED EBP:00007BD8 ESP:00007B90 DS:3E00 ES:3E00 FS:0000 GS:0000 SS:3E00 CF:0 ZF:1 SF:0 OF:0 AF:0 PF:1 IF:0
1688:000083BF  call near word [1909]           ds:[1909]=7FF6         EAX:00007F07 EBX:000084DF ECX:00000000 EDX:00000000 ESI:00008508 EDI:000018ED EBP:00007BD8 ESP:00007B90 DS:3E00 ES:3E00 FS:0000 GS:0000 SS:3E00 CF:0 ZF:1 SF:0 OF:0 AF:0 PF:1 IF:0
1688:00007FF6  stc                                                    EAX:00007F07 EBX:000084DF ECX:00000000 EDX:00000000 ESI:00008508 EDI:000018ED EBP:00007BD8 ESP:00007B8E DS:3E00 ES:3E00 FS:0000 GS:0000 SS:3E00 CF:0 ZF:1 SF:0 OF:0 AF:0 PF:1 IF:0
1688:00007FF7  ret                                                    EAX:00007F07 EBX:000084DF ECX:00000000 EDX:00000000 ESI:00008508 EDI:000018ED EBP:00007BD8 ESP:00007B8E DS:3E00 ES:3E00 FS:0000 GS:0000 SS:3E00 CF:1 ZF:1 SF:0 OF:0 AF:0 PF:1 IF:0
1688:000083C3  mov  byte [25EA],00             ds:[25EA]=0000         EAX:00007F07 EBX:000084DF ECX:00000000 EDX:00000000 ESI:00008508 EDI:000018ED EBP:00007BD8 ESP:00007B90 DS:3E00 ES:3E00 FS:0000 GS:0000 SS:3E00 CF:1 ZF:1 SF:0 OF:0 AF:0 PF:1 IF:0
1688:000083C8  pop  ds                                                EAX:00007F07 EBX:000084DF ECX:00000000 EDX:00000000 ESI:00008508 EDI:000018ED EBP:00007BD8 ESP:00007B90 DS:3E00 ES:3E00 FS:0000 GS:0000 SS:3E00 CF:1 ZF:1 SF:0 OF:0 AF:0 PF:1 IF:0
1688:000083C9  pop  es                                                EAX:00007F07 EBX:000084DF ECX:00000000 EDX:00000000 ESI:00008508 EDI:000018ED EBP:00007BD8 ESP:00007B92 DS:3E00 ES:3E00 FS:0000 GS:0000 SS:3E00 CF:1 ZF:1 SF:0 OF:0 AF:0 PF:1 IF:0
1688:000083CA  pop  di                                                EAX:00007F07 EBX:000084DF ECX:00000000 EDX:00000000 ESI:00008508 EDI:000018ED EBP:00007BD8 ESP:00007B94 DS:3E00 ES:3E00 FS:0000 GS:0000 SS:3E00 CF:1 ZF:1 SF:0 OF:0 AF:0 PF:1 IF:0
1688:000083CB  pop  si                                                EAX:00007F07 EBX:000084DF ECX:00000000 EDX:00000000 ESI:00008508 EDI:0000211E EBP:00007BD8 ESP:00007B96 DS:3E00 ES:3E00 FS:0000 GS:0000 SS:3E00 CF:1 ZF:1 SF:0 OF:0 AF:0 PF:1 IF:0
1688:000083CC  ret                                                    EAX:00007F07 EBX:000084DF ECX:00000000 EDX:00000000 ESI:00000000 EDI:0000211E EBP:00007BD8 ESP:00007B98 DS:3E00 ES:3E00 FS:0000 GS:0000 SS:3E00 CF:1 ZF:1 SF:0 OF:0 AF:0 PF:1 IF:0
1688:00008574  pop  ax                                                EAX:00007F07 EBX:000084DF ECX:00000000 EDX:00000000 ESI:00000000 EDI:0000211E EBP:00007BD8 ESP:00007B9A DS:3E00 ES:3E00 FS:0000 GS:0000 SS:3E00 CF:1 ZF:1 SF:0 OF:0 AF:0 PF:1 IF:0
1688:00008575  mov  [18C5],ax                  ds:[18C5]=0002         EAX:00000103 EBX:000084DF ECX:00000000 EDX:00000000 ESI:00000000 EDI:0000211E EBP:00007BD8 ESP:00007B9C DS:3E00 ES:3E00 FS:0000 GS:0000 SS:3E00 CF:1 ZF:1 SF:0 OF:0 AF:0 PF:1 IF:0
1688:00008578  test byte [2664],23             ds:[2664]=1808         EAX:00000103 EBX:000084DF ECX:00000000 EDX:00000000 ESI:00000000 EDI:0000211E EBP:00007BD8 ESP:00007B9C DS:3E00 ES:3E00 FS:0000 GS:0000 SS:3E00 CF:1 ZF:1 SF:0 OF:0 AF:0 PF:1 IF:0
1688:0000857D  jne  000085A5 ($+26)            (no jmp)               EAX:00000103 EBX:000084DF ECX:00000000 EDX:00000000 ESI:00000000 EDI:0000211E EBP:00007BD8 ESP:00007B9C DS:3E00 ES:3E00 FS:0000 GS:0000 SS:3E00 CF:0 ZF:1 SF:0 OF:0 AF:0 PF:1 IF:0
1688:0000857F  mov  ah,07                                             EAX:00000103 EBX:000084DF ECX:00000000 EDX:00000000 ESI:00000000 EDI:0000211E EBP:00007BD8 ESP:00007B9C DS:3E00 ES:3E00 FS:0000 GS:0000 SS:3E00 CF:0 ZF:1 SF:0 OF:0 AF:0 PF:1 IF:0
1688:00008581  test byte [2664],04             ds:[2664]=1808         EAX:00000703 EBX:000084DF ECX:00000000 EDX:00000000 ESI:00000000 EDI:0000211E EBP:00007BD8 ESP:00007B9C DS:3E00 ES:3E00 FS:0000 GS:0000 SS:3E00 CF:0 ZF:1 SF:0 OF:0 AF:0 PF:1 IF:0
1688:00008586  je   00008595 ($+d)             (down)                 EAX:00000703 EBX:000084DF ECX:00000000 EDX:00000000 ESI:00000000 EDI:0000211E EBP:00007BD8 ESP:00007B9C DS:3E00 ES:3E00 FS:0000 GS:0000 SS:3E00 CF:0 ZF:1 SF:0 OF:0 AF:0 PF:1 IF:0
1688:00008595  mov  [18D4],ah                  ds:[18D4]=0703         EAX:00000703 EBX:000084DF ECX:00000000 EDX:00000000 ESI:00000000 EDI:0000211E EBP:00007BD8 ESP:00007B9C DS:3E00 ES:3E00 FS:0000 GS:0000 SS:3E00 CF:0 ZF:1 SF:0 OF:0 AF:0 PF:1 IF:0
1688:00008599  test byte [2665],02             ds:[2665]=0018         EAX:00000703 EBX:000084DF ECX:00000000 EDX:00000000 ESI:00000000 EDI:0000211E EBP:00007BD8 ESP:00007B9C DS:3E00 ES:3E00 FS:0000 GS:0000 SS:3E00 CF:0 ZF:1 SF:0 OF:0 AF:0 PF:1 IF:0
1688:0000859E  je   000085A5 ($+5)             (down)                 EAX:00000703 EBX:000084DF ECX:00000000 EDX:00000000 ESI:00000000 EDI:0000211E EBP:00007BD8 ESP:00007B9C DS:3E00 ES:3E00 FS:0000 GS:0000 SS:3E00 CF:0 ZF:1 SF:0 OF:0 AF:0 PF:1 IF:0
1688:000085A5  cmp  al,07                                             EAX:00000703 EBX:000084DF ECX:00000000 EDX:00000000 ESI:00000000 EDI:0000211E EBP:00007BD8 ESP:00007B9C DS:3E00 ES:3E00 FS:0000 GS:0000 SS:3E00 CF:0 ZF:1 SF:0 OF:0 AF:0 PF:1 IF:0
1688:000085A7  je   000085B6 ($+d)             (no jmp)               EAX:00000703 EBX:000084DF ECX:00000000 EDX:00000000 ESI:00000000 EDI:0000211E EBP:00007BD8 ESP:00007B9C DS:3E00 ES:3E00 FS:0000 GS:0000 SS:3E00 CF:1 ZF:0 SF:1 OF:0 AF:1 PF:1 IF:0
1688:000085A9  test byte [2665],1C             ds:[2665]=0018         EAX:00000703 EBX:000084DF ECX:00000000 EDX:00000000 ESI:00000000 EDI:0000211E EBP:00007BD8 ESP:00007B9C DS:3E00 ES:3E00 FS:0000 GS:0000 SS:3E00 CF:1 ZF:0 SF:1 OF:0 AF:1 PF:1 IF:0
1688:000085AE  je   000085B6 ($+6)             (no jmp)               EAX:00000703 EBX:000084DF ECX:00000000 EDX:00000000 ESI:00000000 EDI:0000211E EBP:00007BD8 ESP:00007B9C DS:3E00 ES:3E00 FS:0000 GS:0000 SS:3E00 CF:0 ZF:0 SF:0 OF:0 AF:0 PF:1 IF:0
1688:000085B0  mov  word [18D9],4DD6           ds:[18D9]=4DC6         EAX:00000703 EBX:000084DF ECX:00000000 EDX:00000000 ESI:00000000 EDI:0000211E EBP:00007BD8 ESP:00007B9C DS:3E00 ES:3E00 FS:0000 GS:0000 SS:3E00 CF:0 ZF:0 SF:0 OF:0 AF:0 PF:1 IF:0
1688:000085B6  mov  al,[18D6]                  ds:[18D6]=0007         EAX:00000703 EBX:000084DF ECX:00000000 EDX:00000000 ESI:00000000 EDI:0000211E EBP:00007BD8 ESP:00007B9C DS:3E00 ES:3E00 FS:0000 GS:0000 SS:3E00 CF:0 ZF:0 SF:0 OF:0 AF:0 PF:1 IF:0
1688:000085B9  mov  [189A],al                  ds:[189A]=0007         EAX:00000707 EBX:000084DF ECX:00000000 EDX:00000000 ESI:00000000 EDI:0000211E EBP:00007BD8 ESP:00007B9C DS:3E00 ES:3E00 FS:0000 GS:0000 SS:3E00 CF:0 ZF:0 SF:0 OF:0 AF:0 PF:1 IF:0
1688:000085BC  mov  word [1964],0770           ds:[1964]=0770         EAX:00000707 EBX:000084DF ECX:00000000 EDX:00000000 ESI:00000000 EDI:0000211E EBP:00007BD8 ESP:00007B9C DS:3E00 ES:3E00 FS:0000 GS:0000 SS:3E00 CF:0 ZF:0 SF:0 OF:0 AF:0 PF:1 IF:0
1688:000085C2  clc                                                    EAX:00000707 EBX:000084DF ECX:00000000 EDX:00000000 ESI:00000000 EDI:0000211E EBP:00007BD8 ESP:00007B9C DS:3E00 ES:3E00 FS:0000 GS:0000 SS:3E00 CF:0 ZF:0 SF:0 OF:0 AF:0 PF:1 IF:0
1688:000085C3  ret                                                    EAX:00000707 EBX:000084DF ECX:00000000 EDX:00000000 ESI:00000000 EDI:0000211E EBP:00007BD8 ESP:00007B9C DS:3E00 ES:3E00 FS:0000 GS:0000 SS:3E00 CF:0 ZF:0 SF:0 OF:0 AF:0 PF:1 IF:0
1688:0000800F  pop  dx                                                EAX:00000707 EBX:000084DF ECX:00000000 EDX:00000000 ESI:00000000 EDI:0000211E EBP:00007BD8 ESP:00007B9E DS:3E00 ES:3E00 FS:0000 GS:0000 SS:3E00 CF:0 ZF:0 SF:0 OF:0 AF:0 PF:1 IF:0
1688:00008010  pop  cx                                                EAX:00000707 EBX:000084DF ECX:00000000 EDX:00000000 ESI:00000000 EDI:0000211E EBP:00007BD8 ESP:00007BA0 DS:3E00 ES:3E00 FS:0000 GS:0000 SS:3E00 CF:0 ZF:0 SF:0 OF:0 AF:0 PF:1 IF:0
1688:00008011  pop  bx                                                EAX:00000707 EBX:000084DF ECX:00001950 EDX:00000000 ESI:00000000 EDI:0000211E EBP:00007BD8 ESP:00007BA2 DS:3E00 ES:3E00 FS:0000 GS:0000 SS:3E00 CF:0 ZF:0 SF:0 OF:0 AF:0 PF:1 IF:0
1688:00008012  pop  ax                                                EAX:00000707 EBX:00000000 ECX:00001950 EDX:00000000 ESI:00000000 EDI:0000211E EBP:00007BD8 ESP:00007BA4 DS:3E00 ES:3E00 FS:0000 GS:0000 SS:3E00 CF:0 ZF:0 SF:0 OF:0 AF:0 PF:1 IF:0
1688:00008013  ret                                                    EAX:00000100 EBX:00000000 ECX:00001950 EDX:00000000 ESI:00000000 EDI:0000211E EBP:00007BD8 ESP:00007BA6 DS:3E00 ES:3E00 FS:0000 GS:0000 SS:3E00 CF:0 ZF:0 SF:0 OF:0 AF:0 PF:1 IF:0
1688:00008034  jnc  00008041 ($+b)             (down)                 EAX:00000100 EBX:00000000 ECX:00001950 EDX:00000000 ESI:00000000 EDI:0000211E EBP:00007BD8 ESP:00007BA8 DS:3E00 ES:3E00 FS:0000 GS:0000 SS:3E00 CF:0 ZF:0 SF:0 OF:0 AF:0 PF:1 IF:0
1688:00008041  xchg cx,bx                                             EAX:00000100 EBX:00000000 ECX:00001950 EDX:00000000 ESI:00000000 EDI:0000211E EBP:00007BD8 ESP:00007BA8 DS:3E00 ES:3E00 FS:0000 GS:0000 SS:3E00 CF:0 ZF:0 SF:0 OF:0 AF:0 PF:1 IF:0
1688:00008043  push dx                                                EAX:00000100 EBX:00001950 ECX:00000000 EDX:00000000 ESI:00000000 EDI:0000211E EBP:00007BD8 ESP:00007BA8 DS:3E00 ES:3E00 FS:0000 GS:0000 SS:3E00 CF:0 ZF:0 SF:0 OF:0 AF:0 PF:1 IF:0
1688:00008044  call near word [18DD]           ds:[18DD]=862B         EAX:00000100 EBX:00001950 ECX:00000000 EDX:00000000 ESI:00000000 EDI:0000211E EBP:00007BD8 ESP:00007BA6 DS:3E00 ES:3E00 FS:0000 GS:0000 SS:3E00 CF:0 ZF:0 SF:0 OF:0 AF:0 PF:1 IF:0
1688:0000862B  mov  cl,28                                             EAX:00000100 EBX:00001950 ECX:00000000 EDX:00000000 ESI:00000000 EDI:0000211E EBP:00007BD8 ESP:00007BA4 DS:3E00 ES:3E00 FS:0000 GS:0000 SS:3E00 CF:0 ZF:0 SF:0 OF:0 AF:0 PF:1 IF:0
1688:0000862D  jmp  short 000085C6 ($-69)      (up)                   EAX:00000100 EBX:00001950 ECX:00000028 EDX:00000000 ESI:00000000 EDI:0000211E EBP:00007BD8 ESP:00007BA4 DS:3E00 ES:3E00 FS:0000 GS:0000 SS:3E00 CF:0 ZF:0 SF:0 OF:0 AF:0 PF:1 IF:0
1688:000085C6  xor  al,al                                             EAX:00000100 EBX:00001950 ECX:00000028 EDX:00000000 ESI:00000000 EDI:0000211E EBP:00007BD8 ESP:00007BA4 DS:3E00 ES:3E00 FS:0000 GS:0000 SS:3E00 CF:0 ZF:0 SF:0 OF:0 AF:0 PF:1 IF:0
1688:000085C8  cmp  bl,cl                                             EAX:00000100 EBX:00001950 ECX:00000028 EDX:00000000 ESI:00000000 EDI:0000211E EBP:00007BD8 ESP:00007BA4 DS:3E00 ES:3E00 FS:0000 GS:0000 SS:3E00 CF:0 ZF:1 SF:0 OF:0 AF:0 PF:1 IF:0
1688:000085CA  je   0000862A ($+5e)            (no jmp)               EAX:00000100 EBX:00001950 ECX:00000028 EDX:00000000 ESI:00000000 EDI:0000211E EBP:00007BD8 ESP:00007BA4 DS:3E00 ES:3E00 FS:0000 GS:0000 SS:3E00 CF:0 ZF:0 SF:0 OF:0 AF:1 PF:1 IF:0
1688:000085CC  cmp  bl,[18C7]                  ds:[18C7]=1950         EAX:00000100 EBX:00001950 ECX:00000028 EDX:00000000 ESI:00000000 EDI:0000211E EBP:00007BD8 ESP:00007BA4 DS:3E00 ES:3E00 FS:0000 GS:0000 SS:3E00 CF:0 ZF:0 SF:0 OF:0 AF:1 PF:1 IF:0
1688:000085D0  stc                                                    EAX:00000100 EBX:00001950 ECX:00000028 EDX:00000000 ESI:00000000 EDI:0000211E EBP:00007BD8 ESP:00007BA4 DS:3E00 ES:3E00 FS:0000 GS:0000 SS:3E00 CF:0 ZF:1 SF:0 OF:0 AF:0 PF:1 IF:0
1688:000085D1  jne  0000862A ($+57)            (no jmp)               EAX:00000100 EBX:00001950 ECX:00000028 EDX:00000000 ESI:00000000 EDI:0000211E EBP:00007BD8 ESP:00007BA4 DS:3E00 ES:3E00 FS:0000 GS:0000 SS:3E00 CF:1 ZF:1 SF:0 OF:0 AF:0 PF:1 IF:0
1688:000085D3  cmp  bh,19                                             EAX:00000100 EBX:00001950 ECX:00000028 EDX:00000000 ESI:00000000 EDI:0000211E EBP:00007BD8 ESP:00007BA4 DS:3E00 ES:3E00 FS:0000 GS:0000 SS:3E00 CF:1 ZF:1 SF:0 OF:0 AF:0 PF:1 IF:0
1688:000085D6  je   00008625 ($+4d)            (down)                 EAX:00000100 EBX:00001950 ECX:00000028 EDX:00000000 ESI:00000000 EDI:0000211E EBP:00007BD8 ESP:00007BA4 DS:3E00 ES:3E00 FS:0000 GS:0000 SS:3E00 CF:0 ZF:1 SF:0 OF:0 AF:0 PF:1 IF:0
1688:00008625  mov  [18C8],bh                  ds:[18C8]=8019         EAX:00000100 EBX:00001950 ECX:00000028 EDX:00000000 ESI:00000000 EDI:0000211E EBP:00007BD8 ESP:00007BA4 DS:3E00 ES:3E00 FS:0000 GS:0000 SS:3E00 CF:0 ZF:1 SF:0 OF:0 AF:0 PF:1 IF:0
1688:00008629  clc                                                    EAX:00000100 EBX:00001950 ECX:00000028 EDX:00000000 ESI:00000000 EDI:0000211E EBP:00007BD8 ESP:00007BA4 DS:3E00 ES:3E00 FS:0000 GS:0000 SS:3E00 CF:0 ZF:1 SF:0 OF:0 AF:0 PF:1 IF:0
1688:0000862A  ret                                                    EAX:00000100 EBX:00001950 ECX:00000028 EDX:00000000 ESI:00000000 EDI:0000211E EBP:00007BD8 ESP:00007BA4 DS:3E00 ES:3E00 FS:0000 GS:0000 SS:3E00 CF:0 ZF:1 SF:0 OF:0 AF:0 PF:1 IF:0
1688:00008048  call 00008633 ($+5e8)                                  EAX:00000100 EBX:00001950 ECX:00000028 EDX:00000000 ESI:00000000 EDI:0000211E EBP:00007BD8 ESP:00007BA6 DS:3E00 ES:3E00 FS:0000 GS:0000 SS:3E00 CF:0 ZF:1 SF:0 OF:0 AF:0 PF:1 IF:0
1688:00008633  push di                                                EAX:00000100 EBX:00001950 ECX:00000028 EDX:00000000 ESI:00000000 EDI:0000211E EBP:00007BD8 ESP:00007BA4 DS:3E00 ES:3E00 FS:0000 GS:0000 SS:3E00 CF:0 ZF:1 SF:0 OF:0 AF:0 PF:1 IF:0
1688:00008634  xor  ax,ax                                             EAX:00000100 EBX:00001950 ECX:00000028 EDX:00000000 ESI:00000000 EDI:0000211E EBP:00007BD8 ESP:00007BA2 DS:3E00 ES:3E00 FS:0000 GS:0000 SS:3E00 CF:0 ZF:1 SF:0 OF:0 AF:0 PF:1 IF:0
1688:00008636  cmp  [18C4],al                  ds:[18C4]=0300         EAX:00000000 EBX:00001950 ECX:00000028 EDX:00000000 ESI:00000000 EDI:0000211E EBP:00007BD8 ESP:00007BA2 DS:3E00 ES:3E00 FS:0000 GS:0000 SS:3E00 CF:0 ZF:1 SF:0 OF:0 AF:0 PF:1 IF:0
1688:0000863A  jne  00008669 ($+2d)            (no jmp)               EAX:00000000 EBX:00001950 ECX:00000028 EDX:00000000 ESI:00000000 EDI:0000211E EBP:00007BD8 ESP:00007BA2 DS:3E00 ES:3E00 FS:0000 GS:0000 SS:3E00 CF:0 ZF:1 SF:0 OF:0 AF:0 PF:1 IF:0
1688:0000863C  push es                                                EAX:00000000 EBX:00001950 ECX:00000028 EDX:00000000 ESI:00000000 EDI:0000211E EBP:00007BD8 ESP:00007BA2 DS:3E00 ES:3E00 FS:0000 GS:0000 SS:3E00 CF:0 ZF:1 SF:0 OF:0 AF:0 PF:1 IF:0
1688:0000863D  cmp  byte [18C8],19             ds:[18C8]=8019         EAX:00000000 EBX:00001950 ECX:00000028 EDX:00000000 ESI:00000000 EDI:0000211E EBP:00007BD8 ESP:00007BA0 DS:3E00 ES:3E00 FS:0000 GS:0000 SS:3E00 CF:0 ZF:1 SF:0 OF:0 AF:0 PF:1 IF:0
1688:00008642  je   00008651 ($+d)             (down)                 EAX:00000000 EBX:00001950 ECX:00000028 EDX:00000000 ESI:00000000 EDI:0000211E EBP:00007BD8 ESP:00007BA0 DS:3E00 ES:3E00 FS:0000 GS:0000 SS:3E00 CF:0 ZF:1 SF:0 OF:0 AF:0 PF:1 IF:0
1688:00008651  mov  di,25EC                                           EAX:00000000 EBX:00001950 ECX:00000028 EDX:00000000 ESI:00000000 EDI:0000211E EBP:00007BD8 ESP:00007BA0 DS:3E00 ES:3E00 FS:0000 GS:0000 SS:3E00 CF:0 ZF:1 SF:0 OF:0 AF:0 PF:1 IF:0
1688:00008654  mov  bx,[18D2]                  ds:[18D2]=0100         EAX:00000000 EBX:00001950 ECX:00000028 EDX:00000000 ESI:00000000 EDI:000025EC EBP:00007BD8 ESP:00007BA0 DS:3E00 ES:3E00 FS:0000 GS:0000 SS:3E00 CF:0 ZF:1 SF:0 OF:0 AF:0 PF:1 IF:0
1688:00008658  mov  cl,04                                             EAX:00000000 EBX:00000100 ECX:00000028 EDX:00000000 ESI:00000000 EDI:000025EC EBP:00007BD8 ESP:00007BA0 DS:3E00 ES:3E00 FS:0000 GS:0000 SS:3E00 CF:0 ZF:1 SF:0 OF:0 AF:0 PF:1 IF:0
1688:0000865A  shl  bx,cl                                             EAX:00000000 EBX:00000100 ECX:00000004 EDX:00000000 ESI:00000000 EDI:000025EC EBP:00007BD8 ESP:00007BA0 DS:3E00 ES:3E00 FS:0000 GS:0000 SS:3E00 CF:0 ZF:1 SF:0 OF:0 AF:0 PF:1 IF:0
1688:0000865C  xor  ax,ax                                             EAX:00000000 EBX:00001000 ECX:00000004 EDX:00000000 ESI:00000000 EDI:000025EC EBP:00007BD8 ESP:00007BA0 DS:3E00 ES:3E00 FS:0000 GS:0000 SS:3E00 CF:0 ZF:0 SF:0 OF:0 AF:1 PF:1 IF:0
1688:0000865E  mov  cx,0008                                           EAX:00000000 EBX:00001000 ECX:00000004 EDX:00000000 ESI:00000000 EDI:000025EC EBP:00007BD8 ESP:00007BA0 DS:3E00 ES:3E00 FS:0000 GS:0000 SS:3E00 CF:0 ZF:1 SF:0 OF:0 AF:0 PF:1 IF:0
1688:00008661  push ds                                                EAX:00000000 EBX:00001000 ECX:00000008 EDX:00000000 ESI:00000000 EDI:000025EC EBP:00007BD8 ESP:00007BA0 DS:3E00 ES:3E00 FS:0000 GS:0000 SS:3E00 CF:0 ZF:1 SF:0 OF:0 AF:0 PF:1 IF:0
1688:00008662  pop  es                                                EAX:00000000 EBX:00001000 ECX:00000008 EDX:00000000 ESI:00000000 EDI:000025EC EBP:00007BD8 ESP:00007B9E DS:3E00 ES:3E00 FS:0000 GS:0000 SS:3E00 CF:0 ZF:1 SF:0 OF:0 AF:0 PF:1 IF:0
1688:00008663  stosw                                                  EAX:00000000 EBX:00001000 ECX:00000008 EDX:00000000 ESI:00000000 EDI:000025EC EBP:00007BD8 ESP:00007BA0 DS:3E00 ES:3E00 FS:0000 GS:0000 SS:3E00 CF:0 ZF:1 SF:0 OF:0 AF:0 PF:1 IF:0
1688:00008664  add  ax,bx                                             EAX:00000000 EBX:00001000 ECX:00000008 EDX:00000000 ESI:00000000 EDI:000025EE EBP:00007BD8 ESP:00007BA0 DS:3E00 ES:3E00 FS:0000 GS:0000 SS:3E00 CF:0 ZF:1 SF:0 OF:0 AF:0 PF:1 IF:0
1688:00008666  loop 00008663 ($-5)                                    EAX:00001000 EBX:00001000 ECX:00000008 EDX:00000000 ESI:00000000 EDI:000025EE EBP:00007BD8 ESP:00007BA0 DS:3E00 ES:3E00 FS:0000 GS:0000 SS:3E00 CF:0 ZF:0 SF:0 OF:0 AF:0 PF:1 IF:0
1688:00008663  stosw                                                  EAX:00001000 EBX:00001000 ECX:00000007 EDX:00000000 ESI:00000000 EDI:000025EE EBP:00007BD8 ESP:00007BA0 DS:3E00 ES:3E00 FS:0000 GS:0000 SS:3E00 CF:0 ZF:0 SF:0 OF:0 AF:0 PF:1 IF:0
1688:00008664  add  ax,bx                                             EAX:00001000 EBX:00001000 ECX:00000007 EDX:00000000 ESI:00000000 EDI:000025F0 EBP:00007BD8 ESP:00007BA0 DS:3E00 ES:3E00 FS:0000 GS:0000 SS:3E00 CF:0 ZF:0 SF:0 OF:0 AF:0 PF:1 IF:0
1688:00008666  loop 00008663 ($-5)                                    EAX:00002000 EBX:00001000 ECX:00000007 EDX:00000000 ESI:00000000 EDI:000025F0 EBP:00007BD8 ESP:00007BA0 DS:3E00 ES:3E00 FS:0000 GS:0000 SS:3E00 CF:0 ZF:0 SF:0 OF:0 AF:0 PF:1 IF:0
1688:00008663  stosw                                                  EAX:00002000 EBX:00001000 ECX:00000006 EDX:00000000 ESI:00000000 EDI:000025F0 EBP:00007BD8 ESP:00007BA0 DS:3E00 ES:3E00 FS:0000 GS:0000 SS:3E00 CF:0 ZF:0 SF:0 OF:0 AF:0 PF:1 IF:0
1688:00008664  add  ax,bx                                             EAX:00002000 EBX:00001000 ECX:00000006 EDX:00000000 ESI:00000000 EDI:000025F2 EBP:00007BD8 ESP:00007BA0 DS:3E00 ES:3E00 FS:0000 GS:0000 SS:3E00 CF:0 ZF:0 SF:0 OF:0 AF:0 PF:1 IF:0
1688:00008666  loop 00008663 ($-5)                                    EAX:00003000 EBX:00001000 ECX:00000006 EDX:00000000 ESI:00000000 EDI:000025F2 EBP:00007BD8 ESP:00007BA0 DS:3E00 ES:3E00 FS:0000 GS:0000 SS:3E00 CF:0 ZF:0 SF:0 OF:0 AF:0 PF:1 IF:0
1688:00008663  stosw                                                  EAX:00003000 EBX:00001000 ECX:00000005 EDX:00000000 ESI:00000000 EDI:000025F2 EBP:00007BD8 ESP:00007BA0 DS:3E00 ES:3E00 FS:0000 GS:0000 SS:3E00 CF:0 ZF:0 SF:0 OF:0 AF:0 PF:1 IF:0
1688:00008664  add  ax,bx                                             EAX:00003000 EBX:00001000 ECX:00000005 EDX:00000000 ESI:00000000 EDI:000025F4 EBP:00007BD8 ESP:00007BA0 DS:3E00 ES:3E00 FS:0000 GS:0000 SS:3E00 CF:0 ZF:0 SF:0 OF:0 AF:0 PF:1 IF:0
1688:00008666  loop 00008663 ($-5)                                    EAX:00004000 EBX:00001000 ECX:00000005 EDX:00000000 ESI:00000000 EDI:000025F4 EBP:00007BD8 ESP:00007BA0 DS:3E00 ES:3E00 FS:0000 GS:0000 SS:3E00 CF:0 ZF:0 SF:0 OF:0 AF:0 PF:1 IF:0
1688:00008663  stosw                                                  EAX:00004000 EBX:00001000 ECX:00000004 EDX:00000000 ESI:00000000 EDI:000025F4 EBP:00007BD8 ESP:00007BA0 DS:3E00 ES:3E00 FS:0000 GS:0000 SS:3E00 CF:0 ZF:0 SF:0 OF:0 AF:0 PF:1 IF:0
1688:00008664  add  ax,bx                                             EAX:00004000 EBX:00001000 ECX:00000004 EDX:00000000 ESI:00000000 EDI:000025F6 EBP:00007BD8 ESP:00007BA0 DS:3E00 ES:3E00 FS:0000 GS:0000 SS:3E00 CF:0 ZF:0 SF:0 OF:0 AF:0 PF:1 IF:0
1688:00008666  loop 00008663 ($-5)                                    EAX:00005000 EBX:00001000 ECX:00000004 EDX:00000000 ESI:00000000 EDI:000025F6 EBP:00007BD8 ESP:00007BA0 DS:3E00 ES:3E00 FS:0000 GS:0000 SS:3E00 CF:0 ZF:0 SF:0 OF:0 AF:0 PF:1 IF:0
1688:00008663  stosw                                                  EAX:00005000 EBX:00001000 ECX:00000003 EDX:00000000 ESI:00000000 EDI:000025F6 EBP:00007BD8 ESP:00007BA0 DS:3E00 ES:3E00 FS:0000 GS:0000 SS:3E00 CF:0 ZF:0 SF:0 OF:0 AF:0 PF:1 IF:0
1688:00008664  add  ax,bx                                             EAX:00005000 EBX:00001000 ECX:00000003 EDX:00000000 ESI:00000000 EDI:000025F8 EBP:00007BD8 ESP:00007BA0 DS:3E00 ES:3E00 FS:0000 GS:0000 SS:3E00 CF:0 ZF:0 SF:0 OF:0 AF:0 PF:1 IF:0
1688:00008666  loop 00008663 ($-5)                                    EAX:00006000 EBX:00001000 ECX:00000003 EDX:00000000 ESI:00000000 EDI:000025F8 EBP:00007BD8 ESP:00007BA0 DS:3E00 ES:3E00 FS:0000 GS:0000 SS:3E00 CF:0 ZF:0 SF:0 OF:0 AF:0 PF:1 IF:0
1688:00008663  stosw                                                  EAX:00006000 EBX:00001000 ECX:00000002 EDX:00000000 ESI:00000000 EDI:000025F8 EBP:00007BD8 ESP:00007BA0 DS:3E00 ES:3E00 FS:0000 GS:0000 SS:3E00 CF:0 ZF:0 SF:0 OF:0 AF:0 PF:1 IF:0
1688:00008664  add  ax,bx                                             EAX:00006000 EBX:00001000 ECX:00000002 EDX:00000000 ESI:00000000 EDI:000025FA EBP:00007BD8 ESP:00007BA0 DS:3E00 ES:3E00 FS:0000 GS:0000 SS:3E00 CF:0 ZF:0 SF:0 OF:0 AF:0 PF:1 IF:0
1688:00008666  loop 00008663 ($-5)                                    EAX:00007000 EBX:00001000 ECX:00000002 EDX:00000000 ESI:00000000 EDI:000025FA EBP:00007BD8 ESP:00007BA0 DS:3E00 ES:3E00 FS:0000 GS:0000 SS:3E00 CF:0 ZF:0 SF:0 OF:0 AF:0 PF:1 IF:0
1688:00008663  stosw                                                  EAX:00007000 EBX:00001000 ECX:00000001 EDX:00000000 ESI:00000000 EDI:000025FA EBP:00007BD8 ESP:00007BA0 DS:3E00 ES:3E00 FS:0000 GS:0000 SS:3E00 CF:0 ZF:0 SF:0 OF:0 AF:0 PF:1 IF:0
1688:00008664  add  ax,bx                                             EAX:00007000 EBX:00001000 ECX:00000001 EDX:00000000 ESI:00000000 EDI:000025FC EBP:00007BD8 ESP:00007BA0 DS:3E00 ES:3E00 FS:0000 GS:0000 SS:3E00 CF:0 ZF:0 SF:0 OF:0 AF:0 PF:1 IF:0
1688:00008666  loop 00008663 ($-5)                                    EAX:00008000 EBX:00001000 ECX:00000001 EDX:00000000 ESI:00000000 EDI:000025FC EBP:00007BD8 ESP:00007BA0 DS:3E00 ES:3E00 FS:0000 GS:0000 SS:3E00 CF:0 ZF:0 SF:1 OF:1 AF:0 PF:1 IF:0
1688:00008668  pop  es                                                EAX:00008000 EBX:00001000 ECX:00000000 EDX:00000000 ESI:00000000 EDI:000025FC EBP:00007BD8 ESP:00007BA0 DS:3E00 ES:3E00 FS:0000 GS:0000 SS:3E00 CF:0 ZF:0 SF:1 OF:1 AF:0 PF:1 IF:0
1688:00008669  pop  di                                                EAX:00008000 EBX:00001000 ECX:00000000 EDX:00000000 ESI:00000000 EDI:000025FC EBP:00007BD8 ESP:00007BA2 DS:3E00 ES:3E00 FS:0000 GS:0000 SS:3E00 CF:0 ZF:0 SF:1 OF:1 AF:0 PF:1 IF:0
1688:0000866A  ret                                                    EAX:00008000 EBX:00001000 ECX:00000000 EDX:00000000 ESI:00000000 EDI:0000211E EBP:00007BD8 ESP:00007BA4 DS:3E00 ES:3E00 FS:0000 GS:0000 SS:3E00 CF:0 ZF:0 SF:1 OF:1 AF:0 PF:1 IF:0
1688:0000804B  mov  al,[18C7]                  ds:[18C7]=1950         EAX:00008000 EBX:00001000 ECX:00000000 EDX:00000000 ESI:00000000 EDI:0000211E EBP:00007BD8 ESP:00007BA6 DS:3E00 ES:3E00 FS:0000 GS:0000 SS:3E00 CF:0 ZF:0 SF:1 OF:1 AF:0 PF:1 IF:0
1688:0000804E  mov  cl,[18C8]                  ds:[18C8]=8019         EAX:00008050 EBX:00001000 ECX:00000000 EDX:00000000 ESI:00000000 EDI:0000211E EBP:00007BD8 ESP:00007BA6 DS:3E00 ES:3E00 FS:0000 GS:0000 SS:3E00 CF:0 ZF:0 SF:1 OF:1 AF:0 PF:1 IF:0
1688:00008052  call 0000C001 ($+3fac)                                 EAX:00008050 EBX:00001000 ECX:00000019 EDX:00000000 ESI:00000000 EDI:0000211E EBP:00007BD8 ESP:00007BA6 DS:3E00 ES:3E00 FS:0000 GS:0000 SS:3E00 CF:0 ZF:0 SF:1 OF:1 AF:0 PF:1 IF:0
1688:0000C001  mov  [1884],al                  ds:[1884]=0050         EAX:00008050 EBX:00001000 ECX:00000019 EDX:00000000 ESI:00000000 EDI:0000211E EBP:00007BD8 ESP:00007BA4 DS:3E00 ES:3E00 FS:0000 GS:0000 SS:3E00 CF:0 ZF:0 SF:1 OF:1 AF:0 PF:1 IF:0
1688:0000C004  mov  [1873],al                  ds:[1873]=0150         EAX:00008050 EBX:00001000 ECX:00000019 EDX:00000000 ESI:00000000 EDI:0000211E EBP:00007BD8 ESP:00007BA4 DS:3E00 ES:3E00 FS:0000 GS:0000 SS:3E00 CF:0 ZF:0 SF:1 OF:1 AF:0 PF:1 IF:0
1688:0000C007  mov  [1872],cl                  ds:[1872]=5018         EAX:00008050 EBX:00001000 ECX:00000019 EDX:00000000 ESI:00000000 EDI:0000211E EBP:00007BD8 ESP:00007BA4 DS:3E00 ES:3E00 FS:0000 GS:0000 SS:3E00 CF:0 ZF:0 SF:1 OF:1 AF:0 PF:1 IF:0
1688:0000C00B  mov  byte [1874],01             ds:[1874]=1801         EAX:00008050 EBX:00001000 ECX:00000019 EDX:00000000 ESI:00000000 EDI:0000211E EBP:00007BD8 ESP:00007BA4 DS:3E00 ES:3E00 FS:0000 GS:0000 SS:3E00 CF:0 ZF:0 SF:1 OF:1 AF:0 PF:1 IF:0
1688:0000C010  push cx                                                EAX:00008050 EBX:00001000 ECX:00000019 EDX:00000000 ESI:00000000 EDI:0000211E EBP:00007BD8 ESP:00007BA4 DS:3E00 ES:3E00 FS:0000 GS:0000 SS:3E00 CF:0 ZF:0 SF:1 OF:1 AF:0 PF:1 IF:0
1688:0000C011  dec  cl                                                EAX:00008050 EBX:00001000 ECX:00000019 EDX:00000000 ESI:00000000 EDI:0000211E EBP:00007BD8 ESP:00007BA2 DS:3E00 ES:3E00 FS:0000 GS:0000 SS:3E00 CF:0 ZF:0 SF:1 OF:1 AF:0 PF:1 IF:0
1688:0000C013  mov  [1875],cl                  ds:[1875]=0018         EAX:00008050 EBX:00001000 ECX:00000018 EDX:00000000 ESI:00000000 EDI:0000211E EBP:00007BD8 ESP:00007BA2 DS:3E00 ES:3E00 FS:0000 GS:0000 SS:3E00 CF:0 ZF:0 SF:0 OF:0 AF:0 PF:1 IF:0
1688:0000C017  pop  cx                                                EAX:00008050 EBX:00001000 ECX:00000018 EDX:00000000 ESI:00000000 EDI:0000211E EBP:00007BD8 ESP:00007BA2 DS:3E00 ES:3E00 FS:0000 GS:0000 SS:3E00 CF:0 ZF:0 SF:0 OF:0 AF:0 PF:1 IF:0
1688:0000C018  ret                                                    EAX:00008050 EBX:00001000 ECX:00000019 EDX:00000000 ESI:00000000 EDI:0000211E EBP:00007BD8 ESP:00007BA4 DS:3E00 ES:3E00 FS:0000 GS:0000 SS:3E00 CF:0 ZF:0 SF:0 OF:0 AF:0 PF:1 IF:0
1688:00008055  pop  ax                                                EAX:00008050 EBX:00001000 ECX:00000019 EDX:00000000 ESI:00000000 EDI:0000211E EBP:00007BD8 ESP:00007BA6 DS:3E00 ES:3E00 FS:0000 GS:0000 SS:3E00 CF:0 ZF:0 SF:0 OF:0 AF:0 PF:1 IF:0
1688:00008056  cmp  al,[18D4]                  ds:[18D4]=0707         EAX:00000000 EBX:00001000 ECX:00000019 EDX:00000000 ESI:00000000 EDI:0000211E EBP:00007BD8 ESP:00007BA8 DS:3E00 ES:3E00 FS:0000 GS:0000 SS:3E00 CF:0 ZF:0 SF:0 OF:0 AF:0 PF:1 IF:0
1688:0000805A  ja   00008062 ($+6)             (no jmp)               EAX:00000000 EBX:00001000 ECX:00000019 EDX:00000000 ESI:00000000 EDI:0000211E EBP:00007BD8 ESP:00007BA8 DS:3E00 ES:3E00 FS:0000 GS:0000 SS:3E00 CF:1 ZF:0 SF:1 OF:0 AF:1 PF:1 IF:0
1688:0000805C  cmp  ah,[18D4]                  ds:[18D4]=0707         EAX:00000000 EBX:00001000 ECX:00000019 EDX:00000000 ESI:00000000 EDI:0000211E EBP:00007BD8 ESP:00007BA8 DS:3E00 ES:3E00 FS:0000 GS:0000 SS:3E00 CF:1 ZF:0 SF:1 OF:0 AF:1 PF:1 IF:0
1688:00008060  jbe  00008064 ($+2)             (down)                 EAX:00000000 EBX:00001000 ECX:00000019 EDX:00000000 ESI:00000000 EDI:0000211E EBP:00007BD8 ESP:00007BA8 DS:3E00 ES:3E00 FS:0000 GS:0000 SS:3E00 CF:1 ZF:0 SF:1 OF:0 AF:1 PF:1 IF:0
1688:00008064  call near word [18E1]           ds:[18E1]=86D8         EAX:00000000 EBX:00001000 ECX:00000019 EDX:00000000 ESI:00000000 EDI:0000211E EBP:00007BD8 ESP:00007BA8 DS:3E00 ES:3E00 FS:0000 GS:0000 SS:3E00 CF:1 ZF:0 SF:1 OF:0 AF:1 PF:1 IF:0
1688:000086D8  mov  [189B],ax                  ds:[189B]=0000         EAX:00000000 EBX:00001000 ECX:00000019 EDX:00000000 ESI:00000000 EDI:0000211E EBP:00007BD8 ESP:00007BA6 DS:3E00 ES:3E00 FS:0000 GS:0000 SS:3E00 CF:1 ZF:0 SF:1 OF:0 AF:1 PF:1 IF:0
1688:000086DB  mov  al,ah                                             EAX:00000000 EBX:00001000 ECX:00000019 EDX:00000000 ESI:00000000 EDI:0000211E EBP:00007BD8 ESP:00007BA6 DS:3E00 ES:3E00 FS:0000 GS:0000 SS:3E00 CF:1 ZF:0 SF:1 OF:0 AF:1 PF:1 IF:0
1688:000086DD  push bp                                                EAX:00000000 EBX:00001000 ECX:00000019 EDX:00000000 ESI:00000000 EDI:0000211E EBP:00007BD8 ESP:00007BA6 DS:3E00 ES:3E00 FS:0000 GS:0000 SS:3E00 CF:1 ZF:0 SF:1 OF:0 AF:1 PF:1 IF:0
1688:000086DE  push si                                                EAX:00000000 EBX:00001000 ECX:00000019 EDX:00000000 ESI:00000000 EDI:0000211E EBP:00007BD8 ESP:00007BA4 DS:3E00 ES:3E00 FS:0000 GS:0000 SS:3E00 CF:1 ZF:0 SF:1 OF:0 AF:1 PF:1 IF:0
1688:000086DF  push di                                                EAX:00000000 EBX:00001000 ECX:00000019 EDX:00000000 ESI:00000000 EDI:0000211E EBP:00007BD8 ESP:00007BA2 DS:3E00 ES:3E00 FS:0000 GS:0000 SS:3E00 CF:1 ZF:0 SF:1 OF:0 AF:1 PF:1 IF:0
1688:000086E0  mov  ah,05                                             EAX:00000000 EBX:00001000 ECX:00000019 EDX:00000000 ESI:00000000 EDI:0000211E EBP:00007BD8 ESP:00007BA0 DS:3E00 ES:3E00 FS:0000 GS:0000 SS:3E00 CF:1 ZF:0 SF:1 OF:0 AF:1 PF:1 IF:0
1688:000086E2  int  10                                                EAX:00000500 EBX:00001000 ECX:00000019 EDX:00000000 ESI:00000000 EDI:0000211E EBP:00007BD8 ESP:00007BA0 DS:3E00 ES:3E00 FS:0000 GS:0000 SS:3E00 CF:1 ZF:0 SF:1 OF:0 AF:1 PF:1 IF:0
F000:00001320  callback 0019  (Int 10 video)                          EAX:00000500 EBX:00001000 ECX:00000019 EDX:00000000 ESI:00000000 EDI:0000211E EBP:00007BD8 ESP:00007B9A DS:3E00 ES:3E00 FS:0000 GS:0000 SS:3E00 CF:1 ZF:0 SF:1 OF:0 AF:1 PF:1 IF:0
F000:00001324  iret                                                   EAX:00000500 EBX:00001000 ECX:00000019 EDX:00000000 ESI:00000000 EDI:0000211E EBP:00007BD8 ESP:00007B9A DS:3E00 ES:3E00 FS:0000 GS:0000 SS:3E00 CF:1 ZF:0 SF:1 OF:0 AF:1 PF:1 IF:0
1688:000086E4  pop  di                                                EAX:00000500 EBX:00001000 ECX:00000019 EDX:00000000 ESI:00000000 EDI:0000211E EBP:00007BD8 ESP:00007BA0 DS:3E00 ES:3E00 FS:0000 GS:0000 SS:3E00 CF:1 ZF:0 SF:1 OF:0 AF:1 PF:1 IF:0
1688:000086E5  pop  si                                                EAX:00000500 EBX:00001000 ECX:00000019 EDX:00000000 ESI:00000000 EDI:0000211E EBP:00007BD8 ESP:00007BA2 DS:3E00 ES:3E00 FS:0000 GS:0000 SS:3E00 CF:1 ZF:0 SF:1 OF:0 AF:1 PF:1 IF:0
1688:000086E6  pop  bp                                                EAX:00000500 EBX:00001000 ECX:00000019 EDX:00000000 ESI:00000000 EDI:0000211E EBP:00007BD8 ESP:00007BA4 DS:3E00 ES:3E00 FS:0000 GS:0000 SS:3E00 CF:1 ZF:0 SF:1 OF:0 AF:1 PF:1 IF:0
1688:000086E7  ret                                                    EAX:00000500 EBX:00001000 ECX:00000019 EDX:00000000 ESI:00000000 EDI:0000211E EBP:00007BD8 ESP:00007BA6 DS:3E00 ES:3E00 FS:0000 GS:0000 SS:3E00 CF:1 ZF:0 SF:1 OF:0 AF:1 PF:1 IF:0
1688:00008068  ret                                                    EAX:00000500 EBX:00001000 ECX:00000019 EDX:00000000 ESI:00000000 EDI:0000211E EBP:00007BD8 ESP:00007BA8 DS:3E00 ES:3E00 FS:0000 GS:0000 SS:3E00 CF:1 ZF:0 SF:1 OF:0 AF:1 PF:1 IF:0
1688:0000B817  pop  cx                                                EAX:00000500 EBX:00001000 ECX:00000019 EDX:00000000 ESI:00000000 EDI:0000211E EBP:00007BD8 ESP:00007BAA DS:3E00 ES:3E00 FS:0000 GS:0000 SS:3E00 CF:1 ZF:0 SF:1 OF:0 AF:1 PF:1 IF:0
1688:0000B818  pop  ax                                                EAX:00000500 EBX:00001000 ECX:00001950 EDX:00000000 ESI:00000000 EDI:0000211E EBP:00007BD8 ESP:00007BAC DS:3E00 ES:3E00 FS:0000 GS:0000 SS:3E00 CF:1 ZF:0 SF:1 OF:0 AF:1 PF:1 IF:0
1688:0000B819  cmp  al,[18C4]                  ds:[18C4]=0300         EAX:00000100 EBX:00001000 ECX:00001950 EDX:00000000 ESI:00000000 EDI:0000211E EBP:00007BD8 ESP:00007BAE DS:3E00 ES:3E00 FS:0000 GS:0000 SS:3E00 CF:1 ZF:0 SF:1 OF:0 AF:1 PF:1 IF:0
1688:0000B81D  jne  0000B82B ($+c)             (no jmp)               EAX:00000100 EBX:00001000 ECX:00001950 EDX:00000000 ESI:00000000 EDI:0000211E EBP:00007BD8 ESP:00007BAE DS:3E00 ES:3E00 FS:0000 GS:0000 SS:3E00 CF:0 ZF:1 SF:0 OF:0 AF:0 PF:1 IF:0
1688:0000B81F  cmp  cl,[18C7]                  ds:[18C7]=1950         EAX:00000100 EBX:00001000 ECX:00001950 EDX:00000000 ESI:00000000 EDI:0000211E EBP:00007BD8 ESP:00007BAE DS:3E00 ES:3E00 FS:0000 GS:0000 SS:3E00 CF:0 ZF:1 SF:0 OF:0 AF:0 PF:1 IF:0
1688:0000B823  jne  0000B82B ($+6)             (no jmp)               EAX:00000100 EBX:00001000 ECX:00001950 EDX:00000000 ESI:00000000 EDI:0000211E EBP:00007BD8 ESP:00007BAE DS:3E00 ES:3E00 FS:0000 GS:0000 SS:3E00 CF:0 ZF:1 SF:0 OF:0 AF:0 PF:1 IF:0
1688:0000B825  cmp  ch,[18C8]                  ds:[18C8]=8019         EAX:00000100 EBX:00001000 ECX:00001950 EDX:00000000 ESI:00000000 EDI:0000211E EBP:00007BD8 ESP:00007BAE DS:3E00 ES:3E00 FS:0000 GS:0000 SS:3E00 CF:0 ZF:1 SF:0 OF:0 AF:0 PF:1 IF:0
1688:0000B829  je   0000B830 ($+5)             (down)                 EAX:00000100 EBX:00001000 ECX:00001950 EDX:00000000 ESI:00000000 EDI:0000211E EBP:00007BD8 ESP:00007BAE DS:3E00 ES:3E00 FS:0000 GS:0000 SS:3E00 CF:0 ZF:1 SF:0 OF:0 AF:0 PF:1 IF:0
1688:0000B830  mov  al,[18C4]                  ds:[18C4]=0300         EAX:00000100 EBX:00001000 ECX:00001950 EDX:00000000 ESI:00000000 EDI:0000211E EBP:00007BD8 ESP:00007BAE DS:3E00 ES:3E00 FS:0000 GS:0000 SS:3E00 CF:0 ZF:1 SF:0 OF:0 AF:0 PF:1 IF:0
1688:0000B833  mov  ah,[18C6]                  ds:[18C6]=5001         EAX:00000100 EBX:00001000 ECX:00001950 EDX:00000000 ESI:00000000 EDI:0000211E EBP:00007BD8 ESP:00007BAE DS:3E00 ES:3E00 FS:0000 GS:0000 SS:3E00 CF:0 ZF:1 SF:0 OF:0 AF:0 PF:1 IF:0
1688:0000B837  mov  [196C],ax                  ds:[196C]=0000         EAX:00000100 EBX:00001000 ECX:00001950 EDX:00000000 ESI:00000000 EDI:0000211E EBP:00007BD8 ESP:00007BAE DS:3E00 ES:3E00 FS:0000 GS:0000 SS:3E00 CF:0 ZF:1 SF:0 OF:0 AF:0 PF:1 IF:0
1688:0000B83A  mov  ax,[189B]                  ds:[189B]=0000         EAX:00000100 EBX:00001000 ECX:00001950 EDX:00000000 ESI:00000000 EDI:0000211E EBP:00007BD8 ESP:00007BAE DS:3E00 ES:3E00 FS:0000 GS:0000 SS:3E00 CF:0 ZF:1 SF:0 OF:0 AF:0 PF:1 IF:0
1688:0000B83D  mov  [196F],ax                  ds:[196F]=0000         EAX:00000000 EBX:00001000 ECX:00001950 EDX:00000000 ESI:00000000 EDI:0000211E EBP:00007BD8 ESP:00007BAE DS:3E00 ES:3E00 FS:0000 GS:0000 SS:3E00 CF:0 ZF:1 SF:0 OF:0 AF:0 PF:1 IF:0
1688:0000B840  mov  ax,[18C7]                  ds:[18C7]=1950         EAX:00000000 EBX:00001000 ECX:00001950 EDX:00000000 ESI:00000000 EDI:0000211E EBP:00007BD8 ESP:00007BAE DS:3E00 ES:3E00 FS:0000 GS:0000 SS:3E00 CF:0 ZF:1 SF:0 OF:0 AF:0 PF:1 IF:0
1688:0000B843  mov  [1971],ax                  ds:[1971]=1900         EAX:00001950 EBX:00001000 ECX:00001950 EDX:00000000 ESI:00000000 EDI:0000211E EBP:00007BD8 ESP:00007BAE DS:3E00 ES:3E00 FS:0000 GS:0000 SS:3E00 CF:0 ZF:1 SF:0 OF:0 AF:0 PF:1 IF:0
1688:0000B846  cmp  ah,19                                             EAX:00001950 EBX:00001000 ECX:00001950 EDX:00000000 ESI:00000000 EDI:0000211E EBP:00007BD8 ESP:00007BAE DS:3E00 ES:3E00 FS:0000 GS:0000 SS:3E00 CF:0 ZF:1 SF:0 OF:0 AF:0 PF:1 IF:0
1688:0000B849  jne  0000B85B ($+10)            (no jmp)               EAX:00001950 EBX:00001000 ECX:00001950 EDX:00000000 ESI:00000000 EDI:0000211E EBP:00007BD8 ESP:00007BAE DS:3E00 ES:3E00 FS:0000 GS:0000 SS:3E00 CF:0 ZF:1 SF:0 OF:0 AF:0 PF:1 IF:0
1688:0000B84B  cmp  byte [18C5],07             ds:[18C5]=0103         EAX:00001950 EBX:00001000 ECX:00001950 EDX:00000000 ESI:00000000 EDI:0000211E EBP:00007BD8 ESP:00007BAE DS:3E00 ES:3E00 FS:0000 GS:0000 SS:3E00 CF:0 ZF:1 SF:0 OF:0 AF:0 PF:1 IF:0
1688:0000B850  jne  0000B85B ($+9)             (down)                 EAX:00001950 EBX:00001000 ECX:00001950 EDX:00000000 ESI:00000000 EDI:0000211E EBP:00007BD8 ESP:00007BAE DS:3E00 ES:3E00 FS:0000 GS:0000 SS:3E00 CF:1 ZF:0 SF:1 OF:0 AF:1 PF:1 IF:0
1688:0000B85B  call 00007E49 ($-3a15)                                 EAX:00001950 EBX:00001000 ECX:00001950 EDX:00000000 ESI:00000000 EDI:0000211E EBP:00007BD8 ESP:00007BAE DS:3E00 ES:3E00 FS:0000 GS:0000 SS:3E00 CF:1 ZF:0 SF:1 OF:0 AF:1 PF:1 IF:0
1688:00007E49  push ax                                                EAX:00001950 EBX:00001000 ECX:00001950 EDX:00000000 ESI:00000000 EDI:0000211E EBP:00007BD8 ESP:00007BAC DS:3E00 ES:3E00 FS:0000 GS:0000 SS:3E00 CF:1 ZF:0 SF:1 OF:0 AF:1 PF:1 IF:0
1688:00007E4A  push bx                                                EAX:00001950 EBX:00001000 ECX:00001950 EDX:00000000 ESI:00000000 EDI:0000211E EBP:00007BD8 ESP:00007BAA DS:3E00 ES:3E00 FS:0000 GS:0000 SS:3E00 CF:1 ZF:0 SF:1 OF:0 AF:1 PF:1 IF:0
1688:00007E4B  mov  bh,[189B]                  ds:[189B]=0000         EAX:00001950 EBX:00001000 ECX:00001950 EDX:00000000 ESI:00000000 EDI:0000211E EBP:00007BD8 ESP:00007BA8 DS:3E00 ES:3E00 FS:0000 GS:0000 SS:3E00 CF:1 ZF:0 SF:1 OF:0 AF:1 PF:1 IF:0
1688:00007E4F  mov  ah,03                                             EAX:00001950 EBX:00000000 ECX:00001950 EDX:00000000 ESI:00000000 EDI:0000211E EBP:00007BD8 ESP:00007BA8 DS:3E00 ES:3E00 FS:0000 GS:0000 SS:3E00 CF:1 ZF:0 SF:1 OF:0 AF:1 PF:1 IF:0
1688:00007E51  call 00007E16 ($-3e)                                   EAX:00000350 EBX:00000000 ECX:00001950 EDX:00000000 ESI:00000000 EDI:0000211E EBP:00007BD8 ESP:00007BA8 DS:3E00 ES:3E00 FS:0000 GS:0000 SS:3E00 CF:1 ZF:0 SF:1 OF:0 AF:1 PF:1 IF:0
1688:00007E16  push bp                                                EAX:00000350 EBX:00000000 ECX:00001950 EDX:00000000 ESI:00000000 EDI:0000211E EBP:00007BD8 ESP:00007BA6 DS:3E00 ES:3E00 FS:0000 GS:0000 SS:3E00 CF:1 ZF:0 SF:1 OF:0 AF:1 PF:1 IF:0
1688:00007E17  push si                                                EAX:00000350 EBX:00000000 ECX:00001950 EDX:00000000 ESI:00000000 EDI:0000211E EBP:00007BD8 ESP:00007BA4 DS:3E00 ES:3E00 FS:0000 GS:0000 SS:3E00 CF:1 ZF:0 SF:1 OF:0 AF:1 PF:1 IF:0
1688:00007E18  push di                                                EAX:00000350 EBX:00000000 ECX:00001950 EDX:00000000 ESI:00000000 EDI:0000211E EBP:00007BD8 ESP:00007BA2 DS:3E00 ES:3E00 FS:0000 GS:0000 SS:3E00 CF:1 ZF:0 SF:1 OF:0 AF:1 PF:1 IF:0
1688:00007E19  int  10                                                EAX:00000350 EBX:00000000 ECX:00001950 EDX:00000000 ESI:00000000 EDI:0000211E EBP:00007BD8 ESP:00007BA0 DS:3E00 ES:3E00 FS:0000 GS:0000 SS:3E00 CF:1 ZF:0 SF:1 OF:0 AF:1 PF:1 IF:0
F000:00001320  callback 0019  (Int 10 video)                          EAX:00000350 EBX:00000000 ECX:00001950 EDX:00000000 ESI:00000000 EDI:0000211E EBP:00007BD8 ESP:00007B9A DS:3E00 ES:3E00 FS:0000 GS:0000 SS:3E00 CF:1 ZF:0 SF:1 OF:0 AF:1 PF:1 IF:0
F000:00001324  iret                                                   EAX:00000350 EBX:00000000 ECX:00000607 EDX:00001800 ESI:00000000 EDI:0000211E EBP:00007BD8 ESP:00007B9A DS:3E00 ES:3E00 FS:0000 GS:0000 SS:3E00 CF:1 ZF:0 SF:1 OF:0 AF:1 PF:1 IF:0
1688:00007E1B  pop  di                                                EAX:00000350 EBX:00000000 ECX:00000607 EDX:00001800 ESI:00000000 EDI:0000211E EBP:00007BD8 ESP:00007BA0 DS:3E00 ES:3E00 FS:0000 GS:0000 SS:3E00 CF:1 ZF:0 SF:1 OF:0 AF:1 PF:1 IF:0
1688:00007E1C  pop  si                                                EAX:00000350 EBX:00000000 ECX:00000607 EDX:00001800 ESI:00000000 EDI:0000211E EBP:00007BD8 ESP:00007BA2 DS:3E00 ES:3E00 FS:0000 GS:0000 SS:3E00 CF:1 ZF:0 SF:1 OF:0 AF:1 PF:1 IF:0
1688:00007E1D  pop  bp                                                EAX:00000350 EBX:00000000 ECX:00000607 EDX:00001800 ESI:00000000 EDI:0000211E EBP:00007BD8 ESP:00007BA4 DS:3E00 ES:3E00 FS:0000 GS:0000 SS:3E00 CF:1 ZF:0 SF:1 OF:0 AF:1 PF:1 IF:0
1688:00007E1E  ret                                                    EAX:00000350 EBX:00000000 ECX:00000607 EDX:00001800 ESI:00000000 EDI:0000211E EBP:00007BD8 ESP:00007BA6 DS:3E00 ES:3E00 FS:0000 GS:0000 SS:3E00 CF:1 ZF:0 SF:1 OF:0 AF:1 PF:1 IF:0
1688:00007E54  inc  dx                                                EAX:00000350 EBX:00000000 ECX:00000607 EDX:00001800 ESI:00000000 EDI:0000211E EBP:00007BD8 ESP:00007BA8 DS:3E00 ES:3E00 FS:0000 GS:0000 SS:3E00 CF:1 ZF:0 SF:1 OF:0 AF:1 PF:1 IF:0
1688:00007E55  xchg dl,dh                                             EAX:00000350 EBX:00000000 ECX:00000607 EDX:00001801 ESI:00000000 EDI:0000211E EBP:00007BD8 ESP:00007BA8 DS:3E00 ES:3E00 FS:0000 GS:0000 SS:3E00 CF:1 ZF:0 SF:0 OF:0 AF:0 PF:0 IF:0
1688:00007E57  inc  dx                                                EAX:00000350 EBX:00000000 ECX:00000607 EDX:00000118 ESI:00000000 EDI:0000211E EBP:00007BD8 ESP:00007BA8 DS:3E00 ES:3E00 FS:0000 GS:0000 SS:3E00 CF:1 ZF:0 SF:0 OF:0 AF:0 PF:0 IF:0
1688:00007E58  cmp  ch,cl                                             EAX:00000350 EBX:00000000 ECX:00000607 EDX:00000119 ESI:00000000 EDI:0000211E EBP:00007BD8 ESP:00007BA8 DS:3E00 ES:3E00 FS:0000 GS:0000 SS:3E00 CF:1 ZF:0 SF:0 OF:0 AF:0 PF:0 IF:0
1688:00007E5A  jbe  00007E60 ($+4)             (down)                 EAX:00000350 EBX:00000000 ECX:00000607 EDX:00000119 ESI:00000000 EDI:0000211E EBP:00007BD8 ESP:00007BA8 DS:3E00 ES:3E00 FS:0000 GS:0000 SS:3E00 CF:1 ZF:0 SF:1 OF:0 AF:1 PF:1 IF:0
1688:00007E60  mov  byte [1898],FF             ds:[1898]=FFFF         EAX:00000350 EBX:00000000 ECX:00000607 EDX:00000119 ESI:00000000 EDI:0000211E EBP:00007BD8 ESP:00007BA8 DS:3E00 ES:3E00 FS:0000 GS:0000 SS:3E00 CF:1 ZF:0 SF:1 OF:0 AF:1 PF:1 IF:0
1688:00007E65  pop  bx                                                EAX:00000350 EBX:00000000 ECX:00000607 EDX:00000119 ESI:00000000 EDI:0000211E EBP:00007BD8 ESP:00007BA8 DS:3E00 ES:3E00 FS:0000 GS:0000 SS:3E00 CF:1 ZF:0 SF:1 OF:0 AF:1 PF:1 IF:0
1688:00007E66  pop  ax                                                EAX:00000350 EBX:00001000 ECX:00000607 EDX:00000119 ESI:00000000 EDI:0000211E EBP:00007BD8 ESP:00007BAA DS:3E00 ES:3E00 FS:0000 GS:0000 SS:3E00 CF:1 ZF:0 SF:1 OF:0 AF:1 PF:1 IF:0
1688:00007E67  ret                                                    EAX:00001950 EBX:00001000 ECX:00000607 EDX:00000119 ESI:00000000 EDI:0000211E EBP:00007BD8 ESP:00007BAC DS:3E00 ES:3E00 FS:0000 GS:0000 SS:3E00 CF:1 ZF:0 SF:1 OF:0 AF:1 PF:1 IF:0
1688:0000B85E  mov  [196A],cx                  ds:[196A]=0000         EAX:00001950 EBX:00001000 ECX:00000607 EDX:00000119 ESI:00000000 EDI:0000211E EBP:00007BD8 ESP:00007BAE DS:3E00 ES:3E00 FS:0000 GS:0000 SS:3E00 CF:1 ZF:0 SF:1 OF:0 AF:1 PF:1 IF:0
1688:0000B862  test byte [1973],01             ds:[1973]=6D00         EAX:00001950 EBX:00001000 ECX:00000607 EDX:00000119 ESI:00000000 EDI:0000211E EBP:00007BD8 ESP:00007BAE DS:3E00 ES:3E00 FS:0000 GS:0000 SS:3E00 CF:1 ZF:0 SF:1 OF:0 AF:1 PF:1 IF:0
1688:0000B867  jne  0000B86E ($+5)             (no jmp)               EAX:00001950 EBX:00001000 ECX:00000607 EDX:00000119 ESI:00000000 EDI:0000211E EBP:00007BD8 ESP:00007BAE DS:3E00 ES:3E00 FS:0000 GS:0000 SS:3E00 CF:0 ZF:1 SF:0 OF:0 AF:0 PF:1 IF:0
1688:0000B869  call 0000BD4E ($+4e2)                                  EAX:00001950 EBX:00001000 ECX:00000607 EDX:00000119 ESI:00000000 EDI:0000211E EBP:00007BD8 ESP:00007BAE DS:3E00 ES:3E00 FS:0000 GS:0000 SS:3E00 CF:0 ZF:1 SF:0 OF:0 AF:0 PF:1 IF:0
1688:0000BD4E  cmp  byte [18C4],00             ds:[18C4]=0300         EAX:00001950 EBX:00001000 ECX:00000607 EDX:00000119 ESI:00000000 EDI:0000211E EBP:00007BD8 ESP:00007BAC DS:3E00 ES:3E00 FS:0000 GS:0000 SS:3E00 CF:0 ZF:1 SF:0 OF:0 AF:0 PF:1 IF:0
1688:0000BD53  ret                                                    EAX:00001950 EBX:00001000 ECX:00000607 EDX:00000119 ESI:00000000 EDI:0000211E EBP:00007BD8 ESP:00007BAC DS:3E00 ES:3E00 FS:0000 GS:0000 SS:3E00 CF:0 ZF:1 SF:0 OF:0 AF:0 PF:1 IF:0
1688:0000B86C  je   0000B871 ($+3)             (down)                 EAX:00001950 EBX:00001000 ECX:00000607 EDX:00000119 ESI:00000000 EDI:0000211E EBP:00007BD8 ESP:00007BAE DS:3E00 ES:3E00 FS:0000 GS:0000 SS:3E00 CF:0 ZF:1 SF:0 OF:0 AF:0 PF:1 IF:0
1688:0000B871  cmp  dl,[18C8]                  ds:[18C8]=8019         EAX:00001950 EBX:00001000 ECX:00000607 EDX:00000119 ESI:00000000 EDI:0000211E EBP:00007BD8 ESP:00007BAE DS:3E00 ES:3E00 FS:0000 GS:0000 SS:3E00 CF:0 ZF:1 SF:0 OF:0 AF:0 PF:1 IF:0
1688:0000B875  jne  0000B87D ($+6)             (no jmp)               EAX:00001950 EBX:00001000 ECX:00000607 EDX:00000119 ESI:00000000 EDI:0000211E EBP:00007BD8 ESP:00007BAE DS:3E00 ES:3E00 FS:0000 GS:0000 SS:3E00 CF:0 ZF:1 SF:0 OF:0 AF:0 PF:1 IF:0
1688:0000B877  dec  dx                                                EAX:00001950 EBX:00001000 ECX:00000607 EDX:00000119 ESI:00000000 EDI:0000211E EBP:00007BD8 ESP:00007BAE DS:3E00 ES:3E00 FS:0000 GS:0000 SS:3E00 CF:0 ZF:1 SF:0 OF:0 AF:0 PF:1 IF:0
1688:0000B878  or   byte [197E],80             ds:[197E]=CE00         EAX:00001950 EBX:00001000 ECX:00000607 EDX:00000118 ESI:00000000 EDI:0000211E EBP:00007BD8 ESP:00007BAE DS:3E00 ES:3E00 FS:0000 GS:0000 SS:3E00 CF:0 ZF:0 SF:0 OF:0 AF:0 PF:1 IF:0
1688:0000B87D  mov  [1870],dx                  ds:[1870]=0101         EAX:00001950 EBX:00001000 ECX:00000607 EDX:00000118 ESI:00000000 EDI:0000211E EBP:00007BD8 ESP:00007BAE DS:3E00 ES:3E00 FS:0000 GS:0000 SS:3E00 CF:0 ZF:0 SF:1 OF:0 AF:0 PF:0 IF:0
1688:0000B881  call 0000BFF6 ($+772)                                  EAX:00001950 EBX:00001000 ECX:00000607 EDX:00000118 ESI:00000000 EDI:0000211E EBP:00007BD8 ESP:00007BAE DS:3E00 ES:3E00 FS:0000 GS:0000 SS:3E00 CF:0 ZF:0 SF:1 OF:0 AF:0 PF:0 IF:0
1688:0000BFF6  call near word [187A]           ds:[187A]=2A5E         EAX:00001950 EBX:00001000 ECX:00000607 EDX:00000118 ESI:00000000 EDI:0000211E EBP:00007BD8 ESP:00007BAC DS:3E00 ES:3E00 FS:0000 GS:0000 SS:3E00 CF:0 ZF:0 SF:1 OF:0 AF:0 PF:0 IF:0
1688:00002A5E  push bx                                                EAX:00001950 EBX:00001000 ECX:00000607 EDX:00000118 ESI:00000000 EDI:0000211E EBP:00007BD8 ESP:00007BAA DS:3E00 ES:3E00 FS:0000 GS:0000 SS:3E00 CF:0 ZF:0 SF:1 OF:0 AF:0 PF:0 IF:0
1688:00002A5F  push ax                                                EAX:00001950 EBX:00001000 ECX:00000607 EDX:00000118 ESI:00000000 EDI:0000211E EBP:00007BD8 ESP:00007BA8 DS:3E00 ES:3E00 FS:0000 GS:0000 SS:3E00 CF:0 ZF:0 SF:1 OF:0 AF:0 PF:0 IF:0
1688:00002A60  push cx                                                EAX:00001950 EBX:00001000 ECX:00000607 EDX:00000118 ESI:00000000 EDI:0000211E EBP:00007BD8 ESP:00007BA6 DS:3E00 ES:3E00 FS:0000 GS:0000 SS:3E00 CF:0 ZF:0 SF:1 OF:0 AF:0 PF:0 IF:0
1688:00002A61  push dx                                                EAX:00001950 EBX:00001000 ECX:00000607 EDX:00000118 ESI:00000000 EDI:0000211E EBP:00007BD8 ESP:00007BA4 DS:3E00 ES:3E00 FS:0000 GS:0000 SS:3E00 CF:0 ZF:0 SF:1 OF:0 AF:0 PF:0 IF:0
1688:00002A62  push si                                                EAX:00001950 EBX:00001000 ECX:00000607 EDX:00000118 ESI:00000000 EDI:0000211E EBP:00007BD8 ESP:00007BA2 DS:3E00 ES:3E00 FS:0000 GS:0000 SS:3E00 CF:0 ZF:0 SF:1 OF:0 AF:0 PF:0 IF:0
1688:00002A63  push di                                                EAX:00001950 EBX:00001000 ECX:00000607 EDX:00000118 ESI:00000000 EDI:0000211E EBP:00007BD8 ESP:00007BA0 DS:3E00 ES:3E00 FS:0000 GS:0000 SS:3E00 CF:0 ZF:0 SF:1 OF:0 AF:0 PF:0 IF:0
1688:00002A64  mov  word [24F0],FFFF           ds:[24F0]=0000         EAX:00001950 EBX:00001000 ECX:00000607 EDX:00000118 ESI:00000000 EDI:0000211E EBP:00007BD8 ESP:00007B9E DS:3E00 ES:3E00 FS:0000 GS:0000 SS:3E00 CF:0 ZF:0 SF:1 OF:0 AF:0 PF:0 IF:0
1688:00002A6A  call 00002A74 ($+7)                                    EAX:00001950 EBX:00001000 ECX:00000607 EDX:00000118 ESI:00000000 EDI:0000211E EBP:00007BD8 ESP:00007B9E DS:3E00 ES:3E00 FS:0000 GS:0000 SS:3E00 CF:0 ZF:0 SF:1 OF:0 AF:0 PF:0 IF:0
1688:00002A74  mov  word [2534],0000           ds:[2534]=0000         EAX:00001950 EBX:00001000 ECX:00000607 EDX:00000118 ESI:00000000 EDI:0000211E EBP:00007BD8 ESP:00007B9C DS:3E00 ES:3E00 FS:0000 GS:0000 SS:3E00 CF:0 ZF:0 SF:1 OF:0 AF:0 PF:0 IF:0
1688:00002A7A  call FFFFBD4E ($-6d2f)                                 EAX:00001950 EBX:00001000 ECX:00000607 EDX:00000118 ESI:00000000 EDI:0000211E EBP:00007BD8 ESP:00007B9C DS:3E00 ES:3E00 FS:0000 GS:0000 SS:3E00 CF:0 ZF:0 SF:1 OF:0 AF:0 PF:0 IF:0
1688:0000BD4E  cmp  byte [18C4],00             ds:[18C4]=0300         EAX:00001950 EBX:00001000 ECX:00000607 EDX:00000118 ESI:00000000 EDI:0000211E EBP:00007BD8 ESP:00007B9A DS:3E00 ES:3E00 FS:0000 GS:0000 SS:3E00 CF:0 ZF:0 SF:1 OF:0 AF:0 PF:0 IF:0
1688:0000BD53  ret                                                    EAX:00001950 EBX:00001000 ECX:00000607 EDX:00000118 ESI:00000000 EDI:0000211E EBP:00007BD8 ESP:00007B9A DS:3E00 ES:3E00 FS:0000 GS:0000 SS:3E00 CF:0 ZF:1 SF:0 OF:0 AF:0 PF:1 IF:0
1688:00002A7D  jne  00002A80 ($+1)             (no jmp)               EAX:00001950 EBX:00001000 ECX:00000607 EDX:00000118 ESI:00000000 EDI:0000211E EBP:00007BD8 ESP:00007B9C DS:3E00 ES:3E00 FS:0000 GS:0000 SS:3E00 CF:0 ZF:1 SF:0 OF:0 AF:0 PF:1 IF:0
1688:00002A7F  ret                                                    EAX:00001950 EBX:00001000 ECX:00000607 EDX:00000118 ESI:00000000 EDI:0000211E EBP:00007BD8 ESP:00007B9C DS:3E00 ES:3E00 FS:0000 GS:0000 SS:3E00 CF:0 ZF:1 SF:0 OF:0 AF:0 PF:1 IF:0
1688:00002A6D  pop  di                                                EAX:00001950 EBX:00001000 ECX:00000607 EDX:00000118 ESI:00000000 EDI:0000211E EBP:00007BD8 ESP:00007B9E DS:3E00 ES:3E00 FS:0000 GS:0000 SS:3E00 CF:0 ZF:1 SF:0 OF:0 AF:0 PF:1 IF:0
1688:00002A6E  pop  si                                                EAX:00001950 EBX:00001000 ECX:00000607 EDX:00000118 ESI:00000000 EDI:0000211E EBP:00007BD8 ESP:00007BA0 DS:3E00 ES:3E00 FS:0000 GS:0000 SS:3E00 CF:0 ZF:1 SF:0 OF:0 AF:0 PF:1 IF:0
1688:00002A6F  pop  dx                                                EAX:00001950 EBX:00001000 ECX:00000607 EDX:00000118 ESI:00000000 EDI:0000211E EBP:00007BD8 ESP:00007BA2 DS:3E00 ES:3E00 FS:0000 GS:0000 SS:3E00 CF:0 ZF:1 SF:0 OF:0 AF:0 PF:1 IF:0
1688:00002A70  pop  cx                                                EAX:00001950 EBX:00001000 ECX:00000607 EDX:00000118 ESI:00000000 EDI:0000211E EBP:00007BD8 ESP:00007BA4 DS:3E00 ES:3E00 FS:0000 GS:0000 SS:3E00 CF:0 ZF:1 SF:0 OF:0 AF:0 PF:1 IF:0
1688:00002A71  pop  ax                                                EAX:00001950 EBX:00001000 ECX:00000607 EDX:00000118 ESI:00000000 EDI:0000211E EBP:00007BD8 ESP:00007BA6 DS:3E00 ES:3E00 FS:0000 GS:0000 SS:3E00 CF:0 ZF:1 SF:0 OF:0 AF:0 PF:1 IF:0
1688:00002A72  pop  bx                                                EAX:00001950 EBX:00001000 ECX:00000607 EDX:00000118 ESI:00000000 EDI:0000211E EBP:00007BD8 ESP:00007BA8 DS:3E00 ES:3E00 FS:0000 GS:0000 SS:3E00 CF:0 ZF:1 SF:0 OF:0 AF:0 PF:1 IF:0
1688:00002A73  ret                                                    EAX:00001950 EBX:00001000 ECX:00000607 EDX:00000118 ESI:00000000 EDI:0000211E EBP:00007BD8 ESP:00007BAA DS:3E00 ES:3E00 FS:0000 GS:0000 SS:3E00 CF:0 ZF:1 SF:0 OF:0 AF:0 PF:1 IF:0
1688:0000BFFA  mov  word [2532],0000           ds:[2532]=0000         EAX:00001950 EBX:00001000 ECX:00000607 EDX:00000118 ESI:00000000 EDI:0000211E EBP:00007BD8 ESP:00007BAC DS:3E00 ES:3E00 FS:0000 GS:0000 SS:3E00 CF:0 ZF:1 SF:0 OF:0 AF:0 PF:1 IF:0
1688:0000C000  ret                                                    EAX:00001950 EBX:00001000 ECX:00000607 EDX:00000118 ESI:00000000 EDI:0000211E EBP:00007BD8 ESP:00007BAC DS:3E00 ES:3E00 FS:0000 GS:0000 SS:3E00 CF:0 ZF:1 SF:0 OF:0 AF:0 PF:1 IF:0
1688:0000B884  call 0000B89F ($+18)                                   EAX:00001950 EBX:00001000 ECX:00000607 EDX:00000118 ESI:00000000 EDI:0000211E EBP:00007BD8 ESP:00007BAE DS:3E00 ES:3E00 FS:0000 GS:0000 SS:3E00 CF:0 ZF:1 SF:0 OF:0 AF:0 PF:1 IF:0
1688:0000B89F  test byte [197E],40             ds:[197E]=CE80         EAX:00001950 EBX:00001000 ECX:00000607 EDX:00000118 ESI:00000000 EDI:0000211E EBP:00007BD8 ESP:00007BAC DS:3E00 ES:3E00 FS:0000 GS:0000 SS:3E00 CF:0 ZF:1 SF:0 OF:0 AF:0 PF:1 IF:0
1688:0000B8A4  je   0000B8A7 ($+1)             (down)                 EAX:00001950 EBX:00001000 ECX:00000607 EDX:00000118 ESI:00000000 EDI:0000211E EBP:00007BD8 ESP:00007BAC DS:3E00 ES:3E00 FS:0000 GS:0000 SS:3E00 CF:0 ZF:1 SF:0 OF:0 AF:0 PF:1 IF:0
1688:0000B8A7  push ax                                                EAX:00001950 EBX:00001000 ECX:00000607 EDX:00000118 ESI:00000000 EDI:0000211E EBP:00007BD8 ESP:00007BAC DS:3E00 ES:3E00 FS:0000 GS:0000 SS:3E00 CF:0 ZF:1 SF:0 OF:0 AF:0 PF:1 IF:0
1688:0000B8A8  push bx                                                EAX:00001950 EBX:00001000 ECX:00000607 EDX:00000118 ESI:00000000 EDI:0000211E EBP:00007BD8 ESP:00007BAA DS:3E00 ES:3E00 FS:0000 GS:0000 SS:3E00 CF:0 ZF:1 SF:0 OF:0 AF:0 PF:1 IF:0
1688:0000B8A9  push cx                                                EAX:00001950 EBX:00001000 ECX:00000607 EDX:00000118 ESI:00000000 EDI:0000211E EBP:00007BD8 ESP:00007BA8 DS:3E00 ES:3E00 FS:0000 GS:0000 SS:3E00 CF:0 ZF:1 SF:0 OF:0 AF:0 PF:1 IF:0
1688:0000B8AA  push dx                                                EAX:00001950 EBX:00001000 ECX:00000607 EDX:00000118 ESI:00000000 EDI:0000211E EBP:00007BD8 ESP:00007BA6 DS:3E00 ES:3E00 FS:0000 GS:0000 SS:3E00 CF:0 ZF:1 SF:0 OF:0 AF:0 PF:1 IF:0
1688:0000B8AB  or   byte [197E],40             ds:[197E]=CE80         EAX:00001950 EBX:00001000 ECX:00000607 EDX:00000118 ESI:00000000 EDI:0000211E EBP:00007BD8 ESP:00007BA4 DS:3E00 ES:3E00 FS:0000 GS:0000 SS:3E00 CF:0 ZF:1 SF:0 OF:0 AF:0 PF:1 IF:0
1688:0000B8B0  test byte [1973],01             ds:[1973]=6D00         EAX:00001950 EBX:00001000 ECX:00000607 EDX:00000118 ESI:00000000 EDI:0000211E EBP:00007BD8 ESP:00007BA4 DS:3E00 ES:3E00 FS:0000 GS:0000 SS:3E00 CF:0 ZF:0 SF:1 OF:0 AF:0 PF:1 IF:0
1688:0000B8B5  je   0000B8C1 ($+a)             (down)                 EAX:00001950 EBX:00001000 ECX:00000607 EDX:00000118 ESI:00000000 EDI:0000211E EBP:00007BD8 ESP:00007BA4 DS:3E00 ES:3E00 FS:0000 GS:0000 SS:3E00 CF:0 ZF:1 SF:0 OF:0 AF:0 PF:1 IF:0
1688:0000B8C1  mov  ax,[189B]                  ds:[189B]=0000         EAX:00001950 EBX:00001000 ECX:00000607 EDX:00000118 ESI:00000000 EDI:0000211E EBP:00007BD8 ESP:00007BA4 DS:3E00 ES:3E00 FS:0000 GS:0000 SS:3E00 CF:0 ZF:1 SF:0 OF:0 AF:0 PF:1 IF:0
1688:0000B8C4  call near word [18E1]           ds:[18E1]=86D8         EAX:00000000 EBX:00001000 ECX:00000607 EDX:00000118 ESI:00000000 EDI:0000211E EBP:00007BD8 ESP:00007BA4 DS:3E00 ES:3E00 FS:0000 GS:0000 SS:3E00 CF:0 ZF:1 SF:0 OF:0 AF:0 PF:1 IF:0
1688:000086D8  mov  [189B],ax                  ds:[189B]=0000         EAX:00000000 EBX:00001000 ECX:00000607 EDX:00000118 ESI:00000000 EDI:0000211E EBP:00007BD8 ESP:00007BA2 DS:3E00 ES:3E00 FS:0000 GS:0000 SS:3E00 CF:0 ZF:1 SF:0 OF:0 AF:0 PF:1 IF:0
1688:000086DB  mov  al,ah                                             EAX:00000000 EBX:00001000 ECX:00000607 EDX:00000118 ESI:00000000 EDI:0000211E EBP:00007BD8 ESP:00007BA2 DS:3E00 ES:3E00 FS:0000 GS:0000 SS:3E00 CF:0 ZF:1 SF:0 OF:0 AF:0 PF:1 IF:0
1688:000086DD  push bp                                                EAX:00000000 EBX:00001000 ECX:00000607 EDX:00000118 ESI:00000000 EDI:0000211E EBP:00007BD8 ESP:00007BA2 DS:3E00 ES:3E00 FS:0000 GS:0000 SS:3E00 CF:0 ZF:1 SF:0 OF:0 AF:0 PF:1 IF:0
1688:000086DE  push si                                                EAX:00000000 EBX:00001000 ECX:00000607 EDX:00000118 ESI:00000000 EDI:0000211E EBP:00007BD8 ESP:00007BA0 DS:3E00 ES:3E00 FS:0000 GS:0000 SS:3E00 CF:0 ZF:1 SF:0 OF:0 AF:0 PF:1 IF:0
1688:000086DF  push di                                                EAX:00000000 EBX:00001000 ECX:00000607 EDX:00000118 ESI:00000000 EDI:0000211E EBP:00007BD8 ESP:00007B9E DS:3E00 ES:3E00 FS:0000 GS:0000 SS:3E00 CF:0 ZF:1 SF:0 OF:0 AF:0 PF:1 IF:0
1688:000086E0  mov  ah,05                                             EAX:00000000 EBX:00001000 ECX:00000607 EDX:00000118 ESI:00000000 EDI:0000211E EBP:00007BD8 ESP:00007B9C DS:3E00 ES:3E00 FS:0000 GS:0000 SS:3E00 CF:0 ZF:1 SF:0 OF:0 AF:0 PF:1 IF:0
1688:000086E2  int  10                                                EAX:00000500 EBX:00001000 ECX:00000607 EDX:00000118 ESI:00000000 EDI:0000211E EBP:00007BD8 ESP:00007B9C DS:3E00 ES:3E00 FS:0000 GS:0000 SS:3E00 CF:0 ZF:1 SF:0 OF:0 AF:0 PF:1 IF:0
F000:00001320  callback 0019  (Int 10 video)                          EAX:00000500 EBX:00001000 ECX:00000607 EDX:00000118 ESI:00000000 EDI:0000211E EBP:00007BD8 ESP:00007B96 DS:3E00 ES:3E00 FS:0000 GS:0000 SS:3E00 CF:0 ZF:1 SF:0 OF:0 AF:0 PF:1 IF:0
F000:00001324  iret                                                   EAX:00000500 EBX:00001000 ECX:00000607 EDX:00000118 ESI:00000000 EDI:0000211E EBP:00007BD8 ESP:00007B96 DS:3E00 ES:3E00 FS:0000 GS:0000 SS:3E00 CF:0 ZF:1 SF:0 OF:0 AF:0 PF:1 IF:0
1688:000086E4  pop  di                                                EAX:00000500 EBX:00001000 ECX:00000607 EDX:00000118 ESI:00000000 EDI:0000211E EBP:00007BD8 ESP:00007B9C DS:3E00 ES:3E00 FS:0000 GS:0000 SS:3E00 CF:0 ZF:1 SF:0 OF:0 AF:0 PF:1 IF:0
1688:000086E5  pop  si                                                EAX:00000500 EBX:00001000 ECX:00000607 EDX:00000118 ESI:00000000 EDI:0000211E EBP:00007BD8 ESP:00007B9E DS:3E00 ES:3E00 FS:0000 GS:0000 SS:3E00 CF:0 ZF:1 SF:0 OF:0 AF:0 PF:1 IF:0
1688:000086E6  pop  bp                                                EAX:00000500 EBX:00001000 ECX:00000607 EDX:00000118 ESI:00000000 EDI:0000211E EBP:00007BD8 ESP:00007BA0 DS:3E00 ES:3E00 FS:0000 GS:0000 SS:3E00 CF:0 ZF:1 SF:0 OF:0 AF:0 PF:1 IF:0
1688:000086E7  ret                                                    EAX:00000500 EBX:00001000 ECX:00000607 EDX:00000118 ESI:00000000 EDI:0000211E EBP:00007BD8 ESP:00007BA2 DS:3E00 ES:3E00 FS:0000 GS:0000 SS:3E00 CF:0 ZF:1 SF:0 OF:0 AF:0 PF:1 IF:0
1688:0000B8C8  test byte [197E],80             ds:[197E]=CEC0         EAX:00000500 EBX:00001000 ECX:00000607 EDX:00000118 ESI:00000000 EDI:0000211E EBP:00007BD8 ESP:00007BA4 DS:3E00 ES:3E00 FS:0000 GS:0000 SS:3E00 CF:0 ZF:1 SF:0 OF:0 AF:0 PF:1 IF:0
1688:0000B8CD  je   0000B8D2 ($+3)             (no jmp)               EAX:00000500 EBX:00001000 ECX:00000607 EDX:00000118 ESI:00000000 EDI:0000211E EBP:00007BD8 ESP:00007BA4 DS:3E00 ES:3E00 FS:0000 GS:0000 SS:3E00 CF:0 ZF:0 SF:1 OF:0 AF:0 PF:0 IF:0
1688:0000B8CF  call 00007FC2 ($-3910)                                 EAX:00000500 EBX:00001000 ECX:00000607 EDX:00000118 ESI:00000000 EDI:0000211E EBP:00007BD8 ESP:00007BA4 DS:3E00 ES:3E00 FS:0000 GS:0000 SS:3E00 CF:0 ZF:0 SF:1 OF:0 AF:0 PF:0 IF:0
1688:00007FC2  push ax                                                EAX:00000500 EBX:00001000 ECX:00000607 EDX:00000118 ESI:00000000 EDI:0000211E EBP:00007BD8 ESP:00007BA2 DS:3E00 ES:3E00 FS:0000 GS:0000 SS:3E00 CF:0 ZF:0 SF:1 OF:0 AF:0 PF:0 IF:0
1688:00007FC3  push bx                                                EAX:00000500 EBX:00001000 ECX:00000607 EDX:00000118 ESI:00000000 EDI:0000211E EBP:00007BD8 ESP:00007BA0 DS:3E00 ES:3E00 FS:0000 GS:0000 SS:3E00 CF:0 ZF:0 SF:1 OF:0 AF:0 PF:0 IF:0
1688:00007FC4  push cx                                                EAX:00000500 EBX:00001000 ECX:00000607 EDX:00000118 ESI:00000000 EDI:0000211E EBP:00007BD8 ESP:00007B9E DS:3E00 ES:3E00 FS:0000 GS:0000 SS:3E00 CF:0 ZF:0 SF:1 OF:0 AF:0 PF:0 IF:0
1688:00007FC5  push dx                                                EAX:00000500 EBX:00001000 ECX:00000607 EDX:00000118 ESI:00000000 EDI:0000211E EBP:00007BD8 ESP:00007B9C DS:3E00 ES:3E00 FS:0000 GS:0000 SS:3E00 CF:0 ZF:0 SF:1 OF:0 AF:0 PF:0 IF:0
1688:00007FC6  xor  cx,cx                                             EAX:00000500 EBX:00001000 ECX:00000607 EDX:00000118 ESI:00000000 EDI:0000211E EBP:00007BD8 ESP:00007B9A DS:3E00 ES:3E00 FS:0000 GS:0000 SS:3E00 CF:0 ZF:0 SF:1 OF:0 AF:0 PF:0 IF:0
1688:00007FC8  mov  ch,[1874]                  ds:[1874]=1801         EAX:00000500 EBX:00001000 ECX:00000000 EDX:00000118 ESI:00000000 EDI:0000211E EBP:00007BD8 ESP:00007B9A DS:3E00 ES:3E00 FS:0000 GS:0000 SS:3E00 CF:0 ZF:1 SF:0 OF:0 AF:0 PF:1 IF:0
1688:00007FCC  dec  ch                                                EAX:00000500 EBX:00001000 ECX:00000100 EDX:00000118 ESI:00000000 EDI:0000211E EBP:00007BD8 ESP:00007B9A DS:3E00 ES:3E00 FS:0000 GS:0000 SS:3E00 CF:0 ZF:1 SF:0 OF:0 AF:0 PF:1 IF:0
1688:00007FCE  mov  bl,[1884]                  ds:[1884]=0050         EAX:00000500 EBX:00001000 ECX:00000000 EDX:00000118 ESI:00000000 EDI:0000211E EBP:00007BD8 ESP:00007B9A DS:3E00 ES:3E00 FS:0000 GS:0000 SS:3E00 CF:0 ZF:1 SF:0 OF:0 AF:0 PF:1 IF:0
1688:00007FD2  mov  bh,[1875]                  ds:[1875]=0018         EAX:00000500 EBX:00001050 ECX:00000000 EDX:00000118 ESI:00000000 EDI:0000211E EBP:00007BD8 ESP:00007B9A DS:3E00 ES:3E00 FS:0000 GS:0000 SS:3E00 CF:0 ZF:1 SF:0 OF:0 AF:0 PF:1 IF:0
1688:00007FD6  dec  bx                                                EAX:00000500 EBX:00001850 ECX:00000000 EDX:00000118 ESI:00000000 EDI:0000211E EBP:00007BD8 ESP:00007B9A DS:3E00 ES:3E00 FS:0000 GS:0000 SS:3E00 CF:0 ZF:1 SF:0 OF:0 AF:0 PF:1 IF:0
1688:00007FD7  dec  bh                                                EAX:00000500 EBX:0000184F ECX:00000000 EDX:00000118 ESI:00000000 EDI:0000211E EBP:00007BD8 ESP:00007B9A DS:3E00 ES:3E00 FS:0000 GS:0000 SS:3E00 CF:0 ZF:0 SF:0 OF:0 AF:1 PF:0 IF:0
1688:00007FD9  call 00007E25 ($-1b7)                                  EAX:00000500 EBX:0000174F ECX:00000000 EDX:00000118 ESI:00000000 EDI:0000211E EBP:00007BD8 ESP:00007B9A DS:3E00 ES:3E00 FS:0000 GS:0000 SS:3E00 CF:0 ZF:0 SF:0 OF:0 AF:0 PF:1 IF:0
1688:00007E25  mov  al,ss:[189B]               ss:[189B]=0000         EAX:00000500 EBX:0000174F ECX:00000000 EDX:00000118 ESI:00000000 EDI:0000211E EBP:00007BD8 ESP:00007B98 DS:3E00 ES:3E00 FS:0000 GS:0000 SS:3E00 CF:0 ZF:0 SF:0 OF:0 AF:0 PF:1 IF:0
1688:00007E29  push dx                                                EAX:00000500 EBX:0000174F ECX:00000000 EDX:00000118 ESI:00000000 EDI:0000211E EBP:00007BD8 ESP:00007B98 DS:3E00 ES:3E00 FS:0000 GS:0000 SS:3E00 CF:0 ZF:0 SF:0 OF:0 AF:0 PF:1 IF:0
1688:00007E2A  mov  dx,ss:[18D2]               ss:[18D2]=0100         EAX:00000500 EBX:0000174F ECX:00000000 EDX:00000118 ESI:00000000 EDI:0000211E EBP:00007BD8 ESP:00007B96 DS:3E00 ES:3E00 FS:0000 GS:0000 SS:3E00 CF:0 ZF:0 SF:0 OF:0 AF:0 PF:1 IF:0
1688:00007E2F  shl  dx,1                                              EAX:00000500 EBX:0000174F ECX:00000000 EDX:00000100 ESI:00000000 EDI:0000211E EBP:00007BD8 ESP:00007B96 DS:3E00 ES:3E00 FS:0000 GS:0000 SS:3E00 CF:0 ZF:0 SF:0 OF:0 AF:0 PF:1 IF:0
1688:00007E31  shl  dx,1                                              EAX:00000500 EBX:0000174F ECX:00000000 EDX:00000200 ESI:00000000 EDI:0000211E EBP:00007BD8 ESP:00007B96 DS:3E00 ES:3E00 FS:0000 GS:0000 SS:3E00 CF:0 ZF:0 SF:0 OF:0 AF:1 PF:1 IF:0
1688:00007E33  shl  dx,1                                              EAX:00000500 EBX:0000174F ECX:00000000 EDX:00000400 ESI:00000000 EDI:0000211E EBP:00007BD8 ESP:00007B96 DS:3E00 ES:3E00 FS:0000 GS:0000 SS:3E00 CF:0 ZF:0 SF:0 OF:0 AF:1 PF:1 IF:0
1688:00007E35  shl  dx,1                                              EAX:00000500 EBX:0000174F ECX:00000000 EDX:00000800 ESI:00000000 EDI:0000211E EBP:00007BD8 ESP:00007B96 DS:3E00 ES:3E00 FS:0000 GS:0000 SS:3E00 CF:0 ZF:0 SF:0 OF:0 AF:1 PF:1 IF:0
1688:00007E37  xor  ah,ah                                             EAX:00000500 EBX:0000174F ECX:00000000 EDX:00001000 ESI:00000000 EDI:0000211E EBP:00007BD8 ESP:00007B96 DS:3E00 ES:3E00 FS:0000 GS:0000 SS:3E00 CF:0 ZF:0 SF:0 OF:0 AF:1 PF:1 IF:0
1688:00007E39  push ds                                                EAX:00000000 EBX:0000174F ECX:00000000 EDX:00001000 ESI:00000000 EDI:0000211E EBP:00007BD8 ESP:00007B96 DS:3E00 ES:3E00 FS:0000 GS:0000 SS:3E00 CF:0 ZF:1 SF:0 OF:0 AF:0 PF:1 IF:0
1688:00007E3A  push ax                                                EAX:00000000 EBX:0000174F ECX:00000000 EDX:00001000 ESI:00000000 EDI:0000211E EBP:00007BD8 ESP:00007B94 DS:3E00 ES:3E00 FS:0000 GS:0000 SS:3E00 CF:0 ZF:1 SF:0 OF:0 AF:0 PF:1 IF:0
1688:00007E3B  mul  dx                                                EAX:00000000 EBX:0000174F ECX:00000000 EDX:00001000 ESI:00000000 EDI:0000211E EBP:00007BD8 ESP:00007B92 DS:3E00 ES:3E00 FS:0000 GS:0000 SS:3E00 CF:0 ZF:1 SF:0 OF:0 AF:0 PF:1 IF:0
1688:00007E3D  mov  ds,dx                                             EAX:00000000 EBX:0000174F ECX:00000000 EDX:00000000 ESI:00000000 EDI:0000211E EBP:00007BD8 ESP:00007B92 DS:3E00 ES:3E00 FS:0000 GS:0000 SS:3E00 CF:0 ZF:1 SF:0 OF:0 AF:0 PF:1 IF:0
1688:00007E3F  mov  [044E],ax                  ds:[044E]=0000         EAX:00000000 EBX:0000174F ECX:00000000 EDX:00000000 ESI:00000000 EDI:0000211E EBP:00007BD8 ESP:00007B92 DS:0000 ES:3E00 FS:0000 GS:0000 SS:3E00 CF:0 ZF:1 SF:0 OF:0 AF:0 PF:1 IF:0
1688:00007E42  pop  ax                                                EAX:00000000 EBX:0000174F ECX:00000000 EDX:00000000 ESI:00000000 EDI:0000211E EBP:00007BD8 ESP:00007B92 DS:0000 ES:3E00 FS:0000 GS:0000 SS:3E00 CF:0 ZF:1 SF:0 OF:0 AF:0 PF:1 IF:0
1688:00007E43  mov  [0462],al                  ds:[0462]=D400         EAX:00000000 EBX:0000174F ECX:00000000 EDX:00000000 ESI:00000000 EDI:0000211E EBP:00007BD8 ESP:00007B94 DS:0000 ES:3E00 FS:0000 GS:0000 SS:3E00 CF:0 ZF:1 SF:0 OF:0 AF:0 PF:1 IF:0
1688:00007E46  pop  ds                                                EAX:00000000 EBX:0000174F ECX:00000000 EDX:00000000 ESI:00000000 EDI:0000211E EBP:00007BD8 ESP:00007B94 DS:0000 ES:3E00 FS:0000 GS:0000 SS:3E00 CF:0 ZF:1 SF:0 OF:0 AF:0 PF:1 IF:0
1688:00007E47  pop  dx                                                EAX:00000000 EBX:0000174F ECX:00000000 EDX:00000000 ESI:00000000 EDI:0000211E EBP:00007BD8 ESP:00007B96 DS:3E00 ES:3E00 FS:0000 GS:0000 SS:3E00 CF:0 ZF:1 SF:0 OF:0 AF:0 PF:1 IF:0
1688:00007E48  ret                                                    EAX:00000000 EBX:0000174F ECX:00000000 EDX:00000118 ESI:00000000 EDI:0000211E EBP:00007BD8 ESP:00007B98 DS:3E00 ES:3E00 FS:0000 GS:0000 SS:3E00 CF:0 ZF:1 SF:0 OF:0 AF:0 PF:1 IF:0
1688:00007FDC  mov  dx,bx                                             EAX:00000000 EBX:0000174F ECX:00000000 EDX:00000118 ESI:00000000 EDI:0000211E EBP:00007BD8 ESP:00007B9A DS:3E00 ES:3E00 FS:0000 GS:0000 SS:3E00 CF:0 ZF:1 SF:0 OF:0 AF:0 PF:1 IF:0
1688:00007FDE  mov  bh,[18D5]                  ds:[18D5]=0707         EAX:00000000 EBX:0000174F ECX:00000000 EDX:0000174F ESI:00000000 EDI:0000211E EBP:00007BD8 ESP:00007B9A DS:3E00 ES:3E00 FS:0000 GS:0000 SS:3E00 CF:0 ZF:1 SF:0 OF:0 AF:0 PF:1 IF:0
1688:00007FE2  xor  ax,ax                                             EAX:00000000 EBX:0000074F ECX:00000000 EDX:0000174F ESI:00000000 EDI:0000211E EBP:00007BD8 ESP:00007B9A DS:3E00 ES:3E00 FS:0000 GS:0000 SS:3E00 CF:0 ZF:1 SF:0 OF:0 AF:0 PF:1 IF:0
1688:00007FE4  cmp  ch,dh                                             EAX:00000000 EBX:0000074F ECX:00000000 EDX:0000174F ESI:00000000 EDI:0000211E EBP:00007BD8 ESP:00007B9A DS:3E00 ES:3E00 FS:0000 GS:0000 SS:3E00 CF:0 ZF:1 SF:0 OF:0 AF:0 PF:1 IF:0
1688:00007FE6  je   00007FE9 ($+1)             (no jmp)               EAX:00000000 EBX:0000074F ECX:00000000 EDX:0000174F ESI:00000000 EDI:0000211E EBP:00007BD8 ESP:00007B9A DS:3E00 ES:3E00 FS:0000 GS:0000 SS:3E00 CF:1 ZF:0 SF:1 OF:0 AF:1 PF:0 IF:0
1688:00007FE8  inc  ax                                                EAX:00000000 EBX:0000074F ECX:00000000 EDX:0000174F ESI:00000000 EDI:0000211E EBP:00007BD8 ESP:00007B9A DS:3E00 ES:3E00 FS:0000 GS:0000 SS:3E00 CF:1 ZF:0 SF:1 OF:0 AF:1 PF:0 IF:0
1688:00007FE9  mov  ah,06                                             EAX:00000001 EBX:0000074F ECX:00000000 EDX:0000174F ESI:00000000 EDI:0000211E EBP:00007BD8 ESP:00007B9A DS:3E00 ES:3E00 FS:0000 GS:0000 SS:3E00 CF:1 ZF:0 SF:0 OF:0 AF:0 PF:0 IF:0
1688:00007FEB  call 00007E16 ($-1d8)                                  EAX:00000601 EBX:0000074F ECX:00000000 EDX:0000174F ESI:00000000 EDI:0000211E EBP:00007BD8 ESP:00007B9A DS:3E00 ES:3E00 FS:0000 GS:0000 SS:3E00 CF:1 ZF:0 SF:0 OF:0 AF:0 PF:0 IF:0
1688:00007E16  push bp                                                EAX:00000601 EBX:0000074F ECX:00000000 EDX:0000174F ESI:00000000 EDI:0000211E EBP:00007BD8 ESP:00007B98 DS:3E00 ES:3E00 FS:0000 GS:0000 SS:3E00 CF:1 ZF:0 SF:0 OF:0 AF:0 PF:0 IF:0
1688:00007E17  push si                                                EAX:00000601 EBX:0000074F ECX:00000000 EDX:0000174F ESI:00000000 EDI:0000211E EBP:00007BD8 ESP:00007B96 DS:3E00 ES:3E00 FS:0000 GS:0000 SS:3E00 CF:1 ZF:0 SF:0 OF:0 AF:0 PF:0 IF:0
1688:00007E18  push di                                                EAX:00000601 EBX:0000074F ECX:00000000 EDX:0000174F ESI:00000000 EDI:0000211E EBP:00007BD8 ESP:00007B94 DS:3E00 ES:3E00 FS:0000 GS:0000 SS:3E00 CF:1 ZF:0 SF:0 OF:0 AF:0 PF:0 IF:0
1688:00007E19  int  10                                                EAX:00000601 EBX:0000074F ECX:00000000 EDX:0000174F ESI:00000000 EDI:0000211E EBP:00007BD8 ESP:00007B92 DS:3E00 ES:3E00 FS:0000 GS:0000 SS:3E00 CF:1 ZF:0 SF:0 OF:0 AF:0 PF:0 IF:0
F000:00001320  callback 0019  (Int 10 video)                          EAX:00000601 EBX:0000074F ECX:00000000 EDX:0000174F ESI:00000000 EDI:0000211E EBP:00007BD8 ESP:00007B8C DS:3E00 ES:3E00 FS:0000 GS:0000 SS:3E00 CF:1 ZF:0 SF:0 OF:0 AF:0 PF:0 IF:0
F000:00001324  iret                                                   EAX:00000601 EBX:0000074F ECX:00000000 EDX:0000174F ESI:00000000 EDI:0000211E EBP:00007BD8 ESP:00007B8C DS:3E00 ES:3E00 FS:0000 GS:0000 SS:3E00 CF:1 ZF:0 SF:0 OF:0 AF:0 PF:0 IF:0
1688:00007E1B  pop  di                                                EAX:00000601 EBX:0000074F ECX:00000000 EDX:0000174F ESI:00000000 EDI:0000211E EBP:00007BD8 ESP:00007B92 DS:3E00 ES:3E00 FS:0000 GS:0000 SS:3E00 CF:1 ZF:0 SF:0 OF:0 AF:0 PF:0 IF:0
1688:00007E1C  pop  si                                                EAX:00000601 EBX:0000074F ECX:00000000 EDX:0000174F ESI:00000000 EDI:0000211E EBP:00007BD8 ESP:00007B94 DS:3E00 ES:3E00 FS:0000 GS:0000 SS:3E00 CF:1 ZF:0 SF:0 OF:0 AF:0 PF:0 IF:0
1688:00007E1D  pop  bp                                                EAX:00000601 EBX:0000074F ECX:00000000 EDX:0000174F ESI:00000000 EDI:0000211E EBP:00007BD8 ESP:00007B96 DS:3E00 ES:3E00 FS:0000 GS:0000 SS:3E00 CF:1 ZF:0 SF:0 OF:0 AF:0 PF:0 IF:0
1688:00007E1E  ret                                                    EAX:00000601 EBX:0000074F ECX:00000000 EDX:0000174F ESI:00000000 EDI:0000211E EBP:00007BD8 ESP:00007B98 DS:3E00 ES:3E00 FS:0000 GS:0000 SS:3E00 CF:1 ZF:0 SF:0 OF:0 AF:0 PF:0 IF:0
1688:00007FEE  call 00007E1F ($-1d2)                                  EAX:00000601 EBX:0000074F ECX:00000000 EDX:0000174F ESI:00000000 EDI:0000211E EBP:00007BD8 ESP:00007B9A DS:3E00 ES:3E00 FS:0000 GS:0000 SS:3E00 CF:1 ZF:0 SF:0 OF:0 AF:0 PF:0 IF:0
1688:00007E1F  mov  al,ss:[189C]               ss:[189C]=A600         EAX:00000601 EBX:0000074F ECX:00000000 EDX:0000174F ESI:00000000 EDI:0000211E EBP:00007BD8 ESP:00007B98 DS:3E00 ES:3E00 FS:0000 GS:0000 SS:3E00 CF:1 ZF:0 SF:0 OF:0 AF:0 PF:0 IF:0
1688:00007E23  jmp  short 00007E29 ($+4)       (down)                 EAX:00000600 EBX:0000074F ECX:00000000 EDX:0000174F ESI:00000000 EDI:0000211E EBP:00007BD8 ESP:00007B98 DS:3E00 ES:3E00 FS:0000 GS:0000 SS:3E00 CF:1 ZF:0 SF:0 OF:0 AF:0 PF:0 IF:0
1688:00007E29  push dx                                                EAX:00000600 EBX:0000074F ECX:00000000 EDX:0000174F ESI:00000000 EDI:0000211E EBP:00007BD8 ESP:00007B98 DS:3E00 ES:3E00 FS:0000 GS:0000 SS:3E00 CF:1 ZF:0 SF:0 OF:0 AF:0 PF:0 IF:0
1688:00007E2A  mov  dx,ss:[18D2]               ss:[18D2]=0100         EAX:00000600 EBX:0000074F ECX:00000000 EDX:0000174F ESI:00000000 EDI:0000211E EBP:00007BD8 ESP:00007B96 DS:3E00 ES:3E00 FS:0000 GS:0000 SS:3E00 CF:1 ZF:0 SF:0 OF:0 AF:0 PF:0 IF:0
1688:00007E2F  shl  dx,1                                              EAX:00000600 EBX:0000074F ECX:00000000 EDX:00000100 ESI:00000000 EDI:0000211E EBP:00007BD8 ESP:00007B96 DS:3E00 ES:3E00 FS:0000 GS:0000 SS:3E00 CF:1 ZF:0 SF:0 OF:0 AF:0 PF:0 IF:0
1688:00007E31  shl  dx,1                                              EAX:00000600 EBX:0000074F ECX:00000000 EDX:00000200 ESI:00000000 EDI:0000211E EBP:00007BD8 ESP:00007B96 DS:3E00 ES:3E00 FS:0000 GS:0000 SS:3E00 CF:0 ZF:0 SF:0 OF:0 AF:1 PF:1 IF:0
1688:00007E33  shl  dx,1                                              EAX:00000600 EBX:0000074F ECX:00000000 EDX:00000400 ESI:00000000 EDI:0000211E EBP:00007BD8 ESP:00007B96 DS:3E00 ES:3E00 FS:0000 GS:0000 SS:3E00 CF:0 ZF:0 SF:0 OF:0 AF:1 PF:1 IF:0
1688:00007E35  shl  dx,1                                              EAX:00000600 EBX:0000074F ECX:00000000 EDX:00000800 ESI:00000000 EDI:0000211E EBP:00007BD8 ESP:00007B96 DS:3E00 ES:3E00 FS:0000 GS:0000 SS:3E00 CF:0 ZF:0 SF:0 OF:0 AF:1 PF:1 IF:0
1688:00007E37  xor  ah,ah                                             EAX:00000600 EBX:0000074F ECX:00000000 EDX:00001000 ESI:00000000 EDI:0000211E EBP:00007BD8 ESP:00007B96 DS:3E00 ES:3E00 FS:0000 GS:0000 SS:3E00 CF:0 ZF:0 SF:0 OF:0 AF:1 PF:1 IF:0
1688:00007E39  push ds                                                EAX:00000000 EBX:0000074F ECX:00000000 EDX:00001000 ESI:00000000 EDI:0000211E EBP:00007BD8 ESP:00007B96 DS:3E00 ES:3E00 FS:0000 GS:0000 SS:3E00 CF:0 ZF:1 SF:0 OF:0 AF:0 PF:1 IF:0
1688:00007E3A  push ax                                                EAX:00000000 EBX:0000074F ECX:00000000 EDX:00001000 ESI:00000000 EDI:0000211E EBP:00007BD8 ESP:00007B94 DS:3E00 ES:3E00 FS:0000 GS:0000 SS:3E00 CF:0 ZF:1 SF:0 OF:0 AF:0 PF:1 IF:0
1688:00007E3B  mul  dx                                                EAX:00000000 EBX:0000074F ECX:00000000 EDX:00001000 ESI:00000000 EDI:0000211E EBP:00007BD8 ESP:00007B92 DS:3E00 ES:3E00 FS:0000 GS:0000 SS:3E00 CF:0 ZF:1 SF:0 OF:0 AF:0 PF:1 IF:0
1688:00007E3D  mov  ds,dx                                             EAX:00000000 EBX:0000074F ECX:00000000 EDX:00000000 ESI:00000000 EDI:0000211E EBP:00007BD8 ESP:00007B92 DS:3E00 ES:3E00 FS:0000 GS:0000 SS:3E00 CF:0 ZF:1 SF:0 OF:0 AF:0 PF:1 IF:0
1688:00007E3F  mov  [044E],ax                  ds:[044E]=0000         EAX:00000000 EBX:0000074F ECX:00000000 EDX:00000000 ESI:00000000 EDI:0000211E EBP:00007BD8 ESP:00007B92 DS:0000 ES:3E00 FS:0000 GS:0000 SS:3E00 CF:0 ZF:1 SF:0 OF:0 AF:0 PF:1 IF:0
1688:00007E42  pop  ax                                                EAX:00000000 EBX:0000074F ECX:00000000 EDX:00000000 ESI:00000000 EDI:0000211E EBP:00007BD8 ESP:00007B92 DS:0000 ES:3E00 FS:0000 GS:0000 SS:3E00 CF:0 ZF:1 SF:0 OF:0 AF:0 PF:1 IF:0
1688:00007E43  mov  [0462],al                  ds:[0462]=D400         EAX:00000000 EBX:0000074F ECX:00000000 EDX:00000000 ESI:00000000 EDI:0000211E EBP:00007BD8 ESP:00007B94 DS:0000 ES:3E00 FS:0000 GS:0000 SS:3E00 CF:0 ZF:1 SF:0 OF:0 AF:0 PF:1 IF:0
1688:00007E46  pop  ds                                                EAX:00000000 EBX:0000074F ECX:00000000 EDX:00000000 ESI:00000000 EDI:0000211E EBP:00007BD8 ESP:00007B94 DS:0000 ES:3E00 FS:0000 GS:0000 SS:3E00 CF:0 ZF:1 SF:0 OF:0 AF:0 PF:1 IF:0
1688:00007E47  pop  dx                                                EAX:00000000 EBX:0000074F ECX:00000000 EDX:00000000 ESI:00000000 EDI:0000211E EBP:00007BD8 ESP:00007B96 DS:3E00 ES:3E00 FS:0000 GS:0000 SS:3E00 CF:0 ZF:1 SF:0 OF:0 AF:0 PF:1 IF:0
1688:00007E48  ret                                                    EAX:00000000 EBX:0000074F ECX:00000000 EDX:0000174F ESI:00000000 EDI:0000211E EBP:00007BD8 ESP:00007B98 DS:3E00 ES:3E00 FS:0000 GS:0000 SS:3E00 CF:0 ZF:1 SF:0 OF:0 AF:0 PF:1 IF:0
1688:00007FF1  pop  dx                                                EAX:00000000 EBX:0000074F ECX:00000000 EDX:0000174F ESI:00000000 EDI:0000211E EBP:00007BD8 ESP:00007B9A DS:3E00 ES:3E00 FS:0000 GS:0000 SS:3E00 CF:0 ZF:1 SF:0 OF:0 AF:0 PF:1 IF:0
1688:00007FF2  pop  cx                                                EAX:00000000 EBX:0000074F ECX:00000000 EDX:00000118 ESI:00000000 EDI:0000211E EBP:00007BD8 ESP:00007B9C DS:3E00 ES:3E00 FS:0000 GS:0000 SS:3E00 CF:0 ZF:1 SF:0 OF:0 AF:0 PF:1 IF:0
1688:00007FF3  pop  bx                                                EAX:00000000 EBX:0000074F ECX:00000607 EDX:00000118 ESI:00000000 EDI:0000211E EBP:00007BD8 ESP:00007B9E DS:3E00 ES:3E00 FS:0000 GS:0000 SS:3E00 CF:0 ZF:1 SF:0 OF:0 AF:0 PF:1 IF:0
1688:00007FF4  pop  ax                                                EAX:00000000 EBX:00001000 ECX:00000607 EDX:00000118 ESI:00000000 EDI:0000211E EBP:00007BD8 ESP:00007BA0 DS:3E00 ES:3E00 FS:0000 GS:0000 SS:3E00 CF:0 ZF:1 SF:0 OF:0 AF:0 PF:1 IF:0
1688:00007FF5  ret                                                    EAX:00000500 EBX:00001000 ECX:00000607 EDX:00000118 ESI:00000000 EDI:0000211E EBP:00007BD8 ESP:00007BA2 DS:3E00 ES:3E00 FS:0000 GS:0000 SS:3E00 CF:0 ZF:1 SF:0 OF:0 AF:0 PF:1 IF:0
1688:0000B8D2  call near word [18E3]           ds:[18E3]=4DE6         EAX:00000500 EBX:00001000 ECX:00000607 EDX:00000118 ESI:00000000 EDI:0000211E EBP:00007BD8 ESP:00007BA4 DS:3E00 ES:3E00 FS:0000 GS:0000 SS:3E00 CF:0 ZF:1 SF:0 OF:0 AF:0 PF:1 IF:0
1688:00004DE6  cmp  byte [2656],00             ds:[2656]=2601         EAX:00000500 EBX:00001000 ECX:00000607 EDX:00000118 ESI:00000000 EDI:0000211E EBP:00007BD8 ESP:00007BA2 DS:3E00 ES:3E00 FS:0000 GS:0000 SS:3E00 CF:0 ZF:1 SF:0 OF:0 AF:0 PF:1 IF:0
1688:00004DEB  je   00004E15 ($+28)            (no jmp)               EAX:00000500 EBX:00001000 ECX:00000607 EDX:00000118 ESI:00000000 EDI:0000211E EBP:00007BD8 ESP:00007BA2 DS:3E00 ES:3E00 FS:0000 GS:0000 SS:3E00 CF:0 ZF:0 SF:0 OF:0 AF:0 PF:0 IF:0
1688:00004DED  mov  al,[25EA]                  ds:[25EA]=0000         EAX:00000500 EBX:00001000 ECX:00000607 EDX:00000118 ESI:00000000 EDI:0000211E EBP:00007BD8 ESP:00007BA2 DS:3E00 ES:3E00 FS:0000 GS:0000 SS:3E00 CF:0 ZF:0 SF:0 OF:0 AF:0 PF:0 IF:0
1688:00004DF0  push si                                                EAX:00000500 EBX:00001000 ECX:00000607 EDX:00000118 ESI:00000000 EDI:0000211E EBP:00007BD8 ESP:00007BA2 DS:3E00 ES:3E00 FS:0000 GS:0000 SS:3E00 CF:0 ZF:0 SF:0 OF:0 AF:0 PF:0 IF:0
1688:00004DF1  push di                                                EAX:00000500 EBX:00001000 ECX:00000607 EDX:00000118 ESI:00000000 EDI:0000211E EBP:00007BD8 ESP:00007BA0 DS:3E00 ES:3E00 FS:0000 GS:0000 SS:3E00 CF:0 ZF:0 SF:0 OF:0 AF:0 PF:0 IF:0
1688:00004DF2  push es                                                EAX:00000500 EBX:00001000 ECX:00000607 EDX:00000118 ESI:00000000 EDI:0000211E EBP:00007BD8 ESP:00007B9E DS:3E00 ES:3E00 FS:0000 GS:0000 SS:3E00 CF:0 ZF:0 SF:0 OF:0 AF:0 PF:0 IF:0
1688:00004DF3  push ds                                                EAX:00000500 EBX:00001000 ECX:00000607 EDX:00000118 ESI:00000000 EDI:0000211E EBP:00007BD8 ESP:00007B9C DS:3E00 ES:3E00 FS:0000 GS:0000 SS:3E00 CF:0 ZF:0 SF:0 OF:0 AF:0 PF:0 IF:0
1688:00004DF4  push ds                                                EAX:00000500 EBX:00001000 ECX:00000607 EDX:00000118 ESI:00000000 EDI:0000211E EBP:00007BD8 ESP:00007B9A DS:3E00 ES:3E00 FS:0000 GS:0000 SS:3E00 CF:0 ZF:0 SF:0 OF:0 AF:0 PF:0 IF:0
1688:00004DF5  pop  es                                                EAX:00000500 EBX:00001000 ECX:00000607 EDX:00000118 ESI:00000000 EDI:0000211E EBP:00007BD8 ESP:00007B98 DS:3E00 ES:3E00 FS:0000 GS:0000 SS:3E00 CF:0 ZF:0 SF:0 OF:0 AF:0 PF:0 IF:0
1688:00004DF6  mov  di,22D6                                           EAX:00000500 EBX:00001000 ECX:00000607 EDX:00000118 ESI:00000000 EDI:0000211E EBP:00007BD8 ESP:00007B9A DS:3E00 ES:3E00 FS:0000 GS:0000 SS:3E00 CF:0 ZF:0 SF:0 OF:0 AF:0 PF:0 IF:0
1688:00004DF9  push di                                                EAX:00000500 EBX:00001000 ECX:00000607 EDX:00000118 ESI:00000000 EDI:000022D6 EBP:00007BD8 ESP:00007B9A DS:3E00 ES:3E00 FS:0000 GS:0000 SS:3E00 CF:0 ZF:0 SF:0 OF:0 AF:0 PF:0 IF:0
1688:00004DFA  lds  si,[18D9]                  ds:[18D9]=4DD6         EAX:00000500 EBX:00001000 ECX:00000607 EDX:00000118 ESI:00000000 EDI:000022D6 EBP:00007BD8 ESP:00007B98 DS:3E00 ES:3E00 FS:0000 GS:0000 SS:3E00 CF:0 ZF:0 SF:0 OF:0 AF:0 PF:0 IF:0
1688:00004DFE  mov  cx,0010                                           EAX:00000500 EBX:00001000 ECX:00000607 EDX:00000118 ESI:00004DD6 EDI:000022D6 EBP:00007BD8 ESP:00007B98 DS:1688 ES:3E00 FS:0000 GS:0000 SS:3E00 CF:0 ZF:0 SF:0 OF:0 AF:0 PF:0 IF:0
1688:00004E01  repe movsb                                             EAX:00000500 EBX:00001000 ECX:00000010 EDX:00000118 ESI:00004DD6 EDI:000022D6 EBP:00007BD8 ESP:00007B98 DS:1688 ES:3E00 FS:0000 GS:0000 SS:3E00 CF:0 ZF:0 SF:0 OF:0 AF:0 PF:0 IF:0
1688:00004E03  stosb                                                  EAX:00000500 EBX:00001000 ECX:00000000 EDX:00000118 ESI:00004DE6 EDI:000022E6 EBP:00007BD8 ESP:00007B98 DS:1688 ES:3E00 FS:0000 GS:0000 SS:3E00 CF:0 ZF:0 SF:0 OF:0 AF:0 PF:0 IF:0
1688:00004E04  pop  dx                                                EAX:00000500 EBX:00001000 ECX:00000000 EDX:00000118 ESI:00004DE6 EDI:000022E7 EBP:00007BD8 ESP:00007B98 DS:1688 ES:3E00 FS:0000 GS:0000 SS:3E00 CF:0 ZF:0 SF:0 OF:0 AF:0 PF:0 IF:0
1688:00004E05  pop  ds                                                EAX:00000500 EBX:00001000 ECX:00000000 EDX:000022D6 ESI:00004DE6 EDI:000022E7 EBP:00007BD8 ESP:00007B9A DS:1688 ES:3E00 FS:0000 GS:0000 SS:3E00 CF:0 ZF:0 SF:0 OF:0 AF:0 PF:0 IF:0
1688:00004E06  mov  al,02                                             EAX:00000500 EBX:00001000 ECX:00000000 EDX:000022D6 ESI:00004DE6 EDI:000022E7 EBP:00007BD8 ESP:00007B9C DS:3E00 ES:3E00 FS:0000 GS:0000 SS:3E00 CF:0 ZF:0 SF:0 OF:0 AF:0 PF:0 IF:0
1688:00004E08  push bp                                                EAX:00000502 EBX:00001000 ECX:00000000 EDX:000022D6 ESI:00004DE6 EDI:000022E7 EBP:00007BD8 ESP:00007B9C DS:3E00 ES:3E00 FS:0000 GS:0000 SS:3E00 CF:0 ZF:0 SF:0 OF:0 AF:0 PF:0 IF:0
1688:00004E09  push si                                                EAX:00000502 EBX:00001000 ECX:00000000 EDX:000022D6 ESI:00004DE6 EDI:000022E7 EBP:00007BD8 ESP:00007B9A DS:3E00 ES:3E00 FS:0000 GS:0000 SS:3E00 CF:0 ZF:0 SF:0 OF:0 AF:0 PF:0 IF:0
1688:00004E0A  push di                                                EAX:00000502 EBX:00001000 ECX:00000000 EDX:000022D6 ESI:00004DE6 EDI:000022E7 EBP:00007BD8 ESP:00007B98 DS:3E00 ES:3E00 FS:0000 GS:0000 SS:3E00 CF:0 ZF:0 SF:0 OF:0 AF:0 PF:0 IF:0
1688:00004E0B  mov  ah,10                                             EAX:00000502 EBX:00001000 ECX:00000000 EDX:000022D6 ESI:00004DE6 EDI:000022E7 EBP:00007BD8 ESP:00007B96 DS:3E00 ES:3E00 FS:0000 GS:0000 SS:3E00 CF:0 ZF:0 SF:0 OF:0 AF:0 PF:0 IF:0
1688:00004E0D  int  10                                                EAX:00001002 EBX:00001000 ECX:00000000 EDX:000022D6 ESI:00004DE6 EDI:000022E7 EBP:00007BD8 ESP:00007B96 DS:3E00 ES:3E00 FS:0000 GS:0000 SS:3E00 CF:0 ZF:0 SF:0 OF:0 AF:0 PF:0 IF:0
F000:00001320  callback 0019  (Int 10 video)                          EAX:00001002 EBX:00001000 ECX:00000000 EDX:000022D6 ESI:00004DE6 EDI:000022E7 EBP:00007BD8 ESP:00007B90 DS:3E00 ES:3E00 FS:0000 GS:0000 SS:3E00 CF:0 ZF:0 SF:0 OF:0 AF:0 PF:0 IF:0
F000:00001324  iret                                                   EAX:00001002 EBX:00001000 ECX:00000000 EDX:000022D6 ESI:00004DE6 EDI:000022E7 EBP:00007BD8 ESP:00007B90 DS:3E00 ES:3E00 FS:0000 GS:0000 SS:3E00 CF:0 ZF:0 SF:0 OF:0 AF:0 PF:0 IF:0
1688:00004E0F  pop  di                                                EAX:00001002 EBX:00001000 ECX:00000000 EDX:000022D6 ESI:00004DE6 EDI:000022E7 EBP:00007BD8 ESP:00007B96 DS:3E00 ES:3E00 FS:0000 GS:0000 SS:3E00 CF:0 ZF:0 SF:0 OF:0 AF:0 PF:0 IF:0
1688:00004E10  pop  si                                                EAX:00001002 EBX:00001000 ECX:00000000 EDX:000022D6 ESI:00004DE6 EDI:000022E7 EBP:00007BD8 ESP:00007B98 DS:3E00 ES:3E00 FS:0000 GS:0000 SS:3E00 CF:0 ZF:0 SF:0 OF:0 AF:0 PF:0 IF:0
1688:00004E11  pop  bp                                                EAX:00001002 EBX:00001000 ECX:00000000 EDX:000022D6 ESI:00004DE6 EDI:000022E7 EBP:00007BD8 ESP:00007B9A DS:3E00 ES:3E00 FS:0000 GS:0000 SS:3E00 CF:0 ZF:0 SF:0 OF:0 AF:0 PF:0 IF:0
1688:00004E12  pop  es                                                EAX:00001002 EBX:00001000 ECX:00000000 EDX:000022D6 ESI:00004DE6 EDI:000022E7 EBP:00007BD8 ESP:00007B9C DS:3E00 ES:3E00 FS:0000 GS:0000 SS:3E00 CF:0 ZF:0 SF:0 OF:0 AF:0 PF:0 IF:0
1688:00004E13  pop  di                                                EAX:00001002 EBX:00001000 ECX:00000000 EDX:000022D6 ESI:00004DE6 EDI:000022E7 EBP:00007BD8 ESP:00007B9E DS:3E00 ES:3E00 FS:0000 GS:0000 SS:3E00 CF:0 ZF:0 SF:0 OF:0 AF:0 PF:0 IF:0
1688:00004E14  pop  si                                                EAX:00001002 EBX:00001000 ECX:00000000 EDX:000022D6 ESI:00004DE6 EDI:0000211E EBP:00007BD8 ESP:00007BA0 DS:3E00 ES:3E00 FS:0000 GS:0000 SS:3E00 CF:0 ZF:0 SF:0 OF:0 AF:0 PF:0 IF:0
1688:00004E15  ret                                                    EAX:00001002 EBX:00001000 ECX:00000000 EDX:000022D6 ESI:00000000 EDI:0000211E EBP:00007BD8 ESP:00007BA2 DS:3E00 ES:3E00 FS:0000 GS:0000 SS:3E00 CF:0 ZF:0 SF:0 OF:0 AF:0 PF:0 IF:0
1688:0000B8D6  pop  dx                                                EAX:00001002 EBX:00001000 ECX:00000000 EDX:000022D6 ESI:00000000 EDI:0000211E EBP:00007BD8 ESP:00007BA4 DS:3E00 ES:3E00 FS:0000 GS:0000 SS:3E00 CF:0 ZF:0 SF:0 OF:0 AF:0 PF:0 IF:0
1688:0000B8D7  pop  cx                                                EAX:00001002 EBX:00001000 ECX:00000000 EDX:00000118 ESI:00000000 EDI:0000211E EBP:00007BD8 ESP:00007BA6 DS:3E00 ES:3E00 FS:0000 GS:0000 SS:3E00 CF:0 ZF:0 SF:0 OF:0 AF:0 PF:0 IF:0
1688:0000B8D8  pop  bx                                                EAX:00001002 EBX:00001000 ECX:00000607 EDX:00000118 ESI:00000000 EDI:0000211E EBP:00007BD8 ESP:00007BA8 DS:3E00 ES:3E00 FS:0000 GS:0000 SS:3E00 CF:0 ZF:0 SF:0 OF:0 AF:0 PF:0 IF:0
1688:0000B8D9  pop  ax                                                EAX:00001002 EBX:00001000 ECX:00000607 EDX:00000118 ESI:00000000 EDI:0000211E EBP:00007BD8 ESP:00007BAA DS:3E00 ES:3E00 FS:0000 GS:0000 SS:3E00 CF:0 ZF:0 SF:0 OF:0 AF:0 PF:0 IF:0
1688:0000B8DA  ret                                                    EAX:00001950 EBX:00001000 ECX:00000607 EDX:00000118 ESI:00000000 EDI:0000211E EBP:00007BD8 ESP:00007BAC DS:3E00 ES:3E00 FS:0000 GS:0000 SS:3E00 CF:0 ZF:0 SF:0 OF:0 AF:0 PF:0 IF:0
1688:0000B887  sti                                                    EAX:00001950 EBX:00001000 ECX:00000607 EDX:00000118 ESI:00000000 EDI:0000211E EBP:00007BD8 ESP:00007BAE DS:3E00 ES:3E00 FS:0000 GS:0000 SS:3E00 CF:0 ZF:0 SF:0 OF:0 AF:0 PF:0 IF:0
1688:0000B888  mov  ah,30                                             EAX:00001950 EBX:00001000 ECX:00000607 EDX:00000118 ESI:00000000 EDI:0000211E EBP:00007BD8 ESP:00007BAE DS:3E00 ES:3E00 FS:0000 GS:0000 SS:3E00 CF:0 ZF:0 SF:0 OF:0 AF:0 PF:0 IF:1
1688:0000B88A  int  21                                                EAX:00003050 EBX:00001000 ECX:00000607 EDX:00000118 ESI:00000000 EDI:0000211E EBP:00007BD8 ESP:00007BAE DS:3E00 ES:3E00 FS:0000 GS:0000 SS:3E00 CF:0 ZF:0 SF:0 OF:0 AF:0 PF:0 IF:1
F000:000014C0  sti                                                    EAX:00003050 EBX:00001000 ECX:00000607 EDX:00000118 ESI:00000000 EDI:0000211E EBP:00007BD8 ESP:00007BA8 DS:3E00 ES:3E00 FS:0000 GS:0000 SS:3E00 CF:0 ZF:0 SF:0 OF:0 AF:0 PF:0 IF:0
F000:000014C1  callback 0026  (DOS Int 21)                            EAX:00003050 EBX:00001000 ECX:00000607 EDX:00000118 ESI:00000000 EDI:0000211E EBP:00007BD8 ESP:00007BA8 DS:3E00 ES:3E00 FS:0000 GS:0000 SS:3E00 CF:0 ZF:0 SF:0 OF:0 AF:0 PF:0 IF:1
F000:000014C5  iret                                                   EAX:00000005 EBX:00001000 ECX:00000000 EDX:00000118 ESI:00000000 EDI:0000211E EBP:00007BD8 ESP:00007BA8 DS:3E00 ES:3E00 FS:0000 GS:0000 SS:3E00 CF:0 ZF:0 SF:0 OF:0 AF:0 PF:0 IF:1
1688:0000B88C  cmp  al,03                                             EAX:00000005 EBX:00001000 ECX:00000000 EDX:00000118 ESI:00000000 EDI:0000211E EBP:00007BD8 ESP:00007BAE DS:3E00 ES:3E00 FS:0000 GS:0000 SS:3E00 CF:0 ZF:0 SF:0 OF:0 AF:0 PF:0 IF:1
1688:0000B88E  jc   0000B89D ($+d)             (no jmp)               EAX:00000005 EBX:00001000 ECX:00000000 EDX:00000118 ESI:00000000 EDI:0000211E EBP:00007BD8 ESP:00007BAE DS:3E00 ES:3E00 FS:0000 GS:0000 SS:3E00 CF:0 ZF:0 SF:0 OF:0 AF:0 PF:0 IF:1
1688:0000B890  xor  ah,ah                                             EAX:00000005 EBX:00001000 ECX:00000000 EDX:00000118 ESI:00000000 EDI:0000211E EBP:00007BD8 ESP:00007BAE DS:3E00 ES:3E00 FS:0000 GS:0000 SS:3E00 CF:0 ZF:0 SF:0 OF:0 AF:0 PF:0 IF:1
1688:0000B892  int  2A                                                EAX:00000005 EBX:00001000 ECX:00000000 EDX:00000118 ESI:00000000 EDI:0000211E EBP:00007BD8 ESP:00007BAE DS:3E00 ES:3E00 FS:0000 GS:0000 SS:3E00 CF:0 ZF:1 SF:0 OF:0 AF:0 PF:1 IF:1
F000:000015E0  callback 002F  (DOS Int 2a)                            EAX:00000005 EBX:00001000 ECX:00000000 EDX:00000118 ESI:00000000 EDI:0000211E EBP:00007BD8 ESP:00007BA8 DS:3E00 ES:3E00 FS:0000 GS:0000 SS:3E00 CF:0 ZF:1 SF:0 OF:0 AF:0 PF:1 IF:0
F000:000015E4  iret                                                   EAX:00000005 EBX:00001000 ECX:00000000 EDX:00000118 ESI:00000000 EDI:0000211E EBP:00007BD8 ESP:00007BA8 DS:3E00 ES:3E00 FS:0000 GS:0000 SS:3E00 CF:0 ZF:1 SF:0 OF:0 AF:0 PF:1 IF:0
1688:0000B894  or   ah,ah                                             EAX:00000005 EBX:00001000 ECX:00000000 EDX:00000118 ESI:00000000 EDI:0000211E EBP:00007BD8 ESP:00007BAE DS:3E00 ES:3E00 FS:0000 GS:0000 SS:3E00 CF:0 ZF:1 SF:0 OF:0 AF:0 PF:1 IF:1
1688:0000B896  je   0000B89D ($+5)             (down)                 EAX:00000005 EBX:00001000 ECX:00000000 EDX:00000118 ESI:00000000 EDI:0000211E EBP:00007BD8 ESP:00007BAE DS:3E00 ES:3E00 FS:0000 GS:0000 SS:3E00 CF:0 ZF:1 SF:0 OF:0 AF:0 PF:1 IF:1
1688:0000B89D  clc                                                    EAX:00000005 EBX:00001000 ECX:00000000 EDX:00000118 ESI:00000000 EDI:0000211E EBP:00007BD8 ESP:00007BAE DS:3E00 ES:3E00 FS:0000 GS:0000 SS:3E00 CF:0 ZF:1 SF:0 OF:0 AF:0 PF:1 IF:1
1688:0000B89E  retf                                                   EAX:00000005 EBX:00001000 ECX:00000000 EDX:00000118 ESI:00000000 EDI:0000211E EBP:00007BD8 ESP:00007BAE DS:3E00 ES:3E00 FS:0000 GS:0000 SS:3E00 CF:0 ZF:1 SF:0 OF:0 AF:0 PF:1 IF:1
1688:000017AE  jc   0000175A ($-56)            (no jmp)               EAX:00000005 EBX:00001000 ECX:00000000 EDX:00000118 ESI:00000000 EDI:0000211E EBP:00007BD8 ESP:00007BB2 DS:3E00 ES:3E00 FS:0000 GS:0000 SS:3E00 CF:0 ZF:1 SF:0 OF:0 AF:0 PF:1 IF:1
1688:000017B0  pop  es                                                EAX:00000005 EBX:00001000 ECX:00000000 EDX:00000118 ESI:00000000 EDI:0000211E EBP:00007BD8 ESP:00007BB2 DS:3E00 ES:3E00 FS:0000 GS:0000 SS:3E00 CF:0 ZF:1 SF:0 OF:0 AF:0 PF:1 IF:1
1688:000017B1  pop  si                                                EAX:00000005 EBX:00001000 ECX:00000000 EDX:00000118 ESI:00000000 EDI:0000211E EBP:00007BD8 ESP:00007BB4 DS:3E00 ES:3E00 FS:0000 GS:0000 SS:3E00 CF:0 ZF:1 SF:0 OF:0 AF:0 PF:1 IF:1
1688:000017B2  ret                                                    EAX:00000005 EBX:00001000 ECX:00000000 EDX:00000118 ESI:0000177A EDI:0000211E EBP:00007BD8 ESP:00007BB6 DS:3E00 ES:3E00 FS:0000 GS:0000 SS:3E00 CF:0 ZF:1 SF:0 OF:0 AF:0 PF:1 IF:1
1688:00001824  pop  cx                                                EAX:00000005 EBX:00001000 ECX:00000000 EDX:00000118 ESI:0000177A EDI:0000211E EBP:00007BD8 ESP:00007BB8 DS:3E00 ES:3E00 FS:0000 GS:0000 SS:3E00 CF:0 ZF:1 SF:0 OF:0 AF:0 PF:1 IF:1
1688:00001825  loop 00001820 ($-7)                                    EAX:00000005 EBX:00001000 ECX:00000007 EDX:00000118 ESI:0000177A EDI:0000211E EBP:00007BD8 ESP:00007BBA DS:3E00 ES:3E00 FS:0000 GS:0000 SS:3E00 CF:0 ZF:1 SF:0 OF:0 AF:0 PF:1 IF:1
1688:00001820  lodsw                                                  EAX:00000005 EBX:00001000 ECX:00000006 EDX:00000118 ESI:0000177A EDI:0000211E EBP:00007BD8 ESP:00007BBA DS:3E00 ES:3E00 FS:0000 GS:0000 SS:3E00 CF:0 ZF:1 SF:0 OF:0 AF:0 PF:1 IF:1
1688:00001821  push cx                                                EAX:00001764 EBX:00001000 ECX:00000006 EDX:00000118 ESI:0000177C EDI:0000211E EBP:00007BD8 ESP:00007BBA DS:3E00 ES:3E00 FS:0000 GS:0000 SS:3E00 CF:0 ZF:1 SF:0 OF:0 AF:0 PF:1 IF:1
1688:00001822  call near word [si]             ds:[177C]=198D         EAX:00001764 EBX:00001000 ECX:00000006 EDX:00000118 ESI:0000177C EDI:0000211E EBP:00007BD8 ESP:00007BB8 DS:3E00 ES:3E00 FS:0000 GS:0000 SS:3E00 CF:0 ZF:1 SF:0 OF:0 AF:0 PF:1 IF:1
1688:0000198D  mov  byte [2670],0C             ds:[2670]=0000         EAX:00001764 EBX:00001000 ECX:00000006 EDX:00000118 ESI:0000177C EDI:0000211E EBP:00007BD8 ESP:00007BB6 DS:3E00 ES:3E00 FS:0000 GS:0000 SS:3E00 CF:0 ZF:1 SF:0 OF:0 AF:0 PF:1 IF:1
1688:00001992  mov  word [2671],1000           ds:[2671]=0000         EAX:00001764 EBX:00001000 ECX:00000006 EDX:00000118 ESI:0000177C EDI:0000211E EBP:00007BD8 ESP:00007BB6 DS:3E00 ES:3E00 FS:0000 GS:0000 SS:3E00 CF:0 ZF:1 SF:0 OF:0 AF:0 PF:1 IF:1
1688:00001998  mov  cx,[0008]                  ds:[0008]=7BDE         EAX:00001764 EBX:00001000 ECX:00000006 EDX:00000118 ESI:0000177C EDI:0000211E EBP:00007BD8 ESP:00007BB6 DS:3E00 ES:3E00 FS:0000 GS:0000 SS:3E00 CF:0 ZF:1 SF:0 OF:0 AF:0 PF:1 IF:1
1688:0000199C  mov  ax,[0006]                  ds:[0006]=FFFF         EAX:00001764 EBX:00001000 ECX:00007BDE EDX:00000118 ESI:0000177C EDI:0000211E EBP:00007BD8 ESP:00007BB6 DS:3E00 ES:3E00 FS:0000 GS:0000 SS:3E00 CF:0 ZF:1 SF:0 OF:0 AF:0 PF:1 IF:1
1688:0000199F  and  al,FE                                             EAX:0000FFFF EBX:00001000 ECX:00007BDE EDX:00000118 ESI:0000177C EDI:0000211E EBP:00007BD8 ESP:00007BB6 DS:3E00 ES:3E00 FS:0000 GS:0000 SS:3E00 CF:0 ZF:1 SF:0 OF:0 AF:0 PF:1 IF:1
1688:000019A1  cmp  ax,cx                                             EAX:0000FFFE EBX:00001000 ECX:00007BDE EDX:00000118 ESI:0000177C EDI:0000211E EBP:00007BD8 ESP:00007BB6 DS:3E00 ES:3E00 FS:0000 GS:0000 SS:3E00 CF:0 ZF:0 SF:1 OF:0 AF:0 PF:0 IF:1
1688:000019A3  jc   000019B0 ($+b)             (no jmp)               EAX:0000FFFE EBX:00001000 ECX:00007BDE EDX:00000118 ESI:0000177C EDI:0000211E EBP:00007BD8 ESP:00007BB6 DS:3E00 ES:3E00 FS:0000 GS:0000 SS:3E00 CF:0 ZF:0 SF:1 OF:0 AF:0 PF:0 IF:1
1688:000019A5  mov  [17DC],cx                  ds:[17DC]=0000         EAX:0000FFFE EBX:00001000 ECX:00007BDE EDX:00000118 ESI:0000177C EDI:0000211E EBP:00007BD8 ESP:00007BB6 DS:3E00 ES:3E00 FS:0000 GS:0000 SS:3E00 CF:0 ZF:0 SF:1 OF:0 AF:0 PF:0 IF:1
1688:000019A9  mov  [17DE],ax                  ds:[17DE]=0000         EAX:0000FFFE EBX:00001000 ECX:00007BDE EDX:00000118 ESI:0000177C EDI:0000211E EBP:00007BD8 ESP:00007BB6 DS:3E00 ES:3E00 FS:0000 GS:0000 SS:3E00 CF:0 ZF:0 SF:1 OF:0 AF:0 PF:0 IF:1
1688:000019AC  call 000019BF ($+10)                                   EAX:0000FFFE EBX:00001000 ECX:00007BDE EDX:00000118 ESI:0000177C EDI:0000211E EBP:00007BD8 ESP:00007BB6 DS:3E00 ES:3E00 FS:0000 GS:0000 SS:3E00 CF:0 ZF:0 SF:1 OF:0 AF:0 PF:0 IF:1
1688:000019BF  mov  ax,[17DC]                  ds:[17DC]=7BDE         EAX:0000FFFE EBX:00001000 ECX:00007BDE EDX:00000118 ESI:0000177C EDI:0000211E EBP:00007BD8 ESP:00007BB4 DS:3E00 ES:3E00 FS:0000 GS:0000 SS:3E00 CF:0 ZF:0 SF:1 OF:0 AF:0 PF:0 IF:1
1688:000019C2  mov  cx,[17DE]                  ds:[17DE]=FFFE         EAX:00007BDE EBX:00001000 ECX:00007BDE EDX:00000118 ESI:0000177C EDI:0000211E EBP:00007BD8 ESP:00007BB4 DS:3E00 ES:3E00 FS:0000 GS:0000 SS:3E00 CF:0 ZF:0 SF:1 OF:0 AF:0 PF:0 IF:1
1688:000019C6  call 00000B19 ($-eb0)                                  EAX:00007BDE EBX:00001000 ECX:0000FFFE EDX:00000118 ESI:0000177C EDI:0000211E EBP:00007BD8 ESP:00007BB4 DS:3E00 ES:3E00 FS:0000 GS:0000 SS:3E00 CF:0 ZF:0 SF:1 OF:0 AF:0 PF:0 IF:1
1688:00000B19  add  [bp+di+51],dl              [illegal]              EAX:00007BDE EBX:00001000 ECX:0000FFFE EDX:00000118 ESI:0000177C EDI:0000211E EBP:00007BD8 ESP:00007BB2 DS:3E00 ES:3E00 FS:0000 GS:0000 SS:3E00 CF:0 ZF:0 SF:1 OF:0 AF:0 PF:0 IF:1
1688:00000B1C  push si                                                EAX:00007BDE EBX:00001000 ECX:0000FFFE EDX:00000118 ESI:0000177C EDI:0000211E EBP:00007BD8 ESP:00007BB2 DS:3E00 ES:3E00 FS:0000 GS:0000 SS:3E00 CF:0 ZF:0 SF:0 OF:0 AF:0 PF:1 IF:1
1688:00000B1D  push di                                                EAX:00007BDE EBX:00001000 ECX:0000FFFE EDX:00000118 ESI:0000177C EDI:0000211E EBP:00007BD8 ESP:00007BB0 DS:3E00 ES:3E00 FS:0000 GS:0000 SS:3E00 CF:0 ZF:0 SF:0 OF:0 AF:0 PF:1 IF:1
1688:00000B1E  mov  si,cx                                             EAX:00007BDE EBX:00001000 ECX:0000FFFE EDX:00000118 ESI:0000177C EDI:0000211E EBP:00007BD8 ESP:00007BAE DS:3E00 ES:3E00 FS:0000 GS:0000 SS:3E00 CF:0 ZF:0 SF:0 OF:0 AF:0 PF:1 IF:1
1688:00000B20  inc  si                                                EAX:00007BDE EBX:00001000 ECX:0000FFFE EDX:00000118 ESI:0000FFFE EDI:0000211E EBP:00007BD8 ESP:00007BAE DS:3E00 ES:3E00 FS:0000 GS:0000 SS:3E00 CF:0 ZF:0 SF:0 OF:0 AF:0 PF:1 IF:1
1688:00000B21  mov  [2196],si                  ds:[2196]=0000         EAX:00007BDE EBX:00001000 ECX:0000FFFE EDX:00000118 ESI:0000FFFF EDI:0000211E EBP:00007BD8 ESP:00007BAE DS:3E00 ES:3E00 FS:0000 GS:0000 SS:3E00 CF:0 ZF:0 SF:1 OF:0 AF:0 PF:1 IF:1
1688:00000B25  mov  [2198],si                  ds:[2198]=0000         EAX:00007BDE EBX:00001000 ECX:0000FFFE EDX:00000118 ESI:0000FFFF EDI:0000211E EBP:00007BD8 ESP:00007BAE DS:3E00 ES:3E00 FS:0000 GS:0000 SS:3E00 CF:0 ZF:0 SF:1 OF:0 AF:0 PF:1 IF:1
1688:00000B29  mov  [219A],si                  ds:[219A]=0000         EAX:00007BDE EBX:00001000 ECX:0000FFFE EDX:00000118 ESI:0000FFFF EDI:0000211E EBP:00007BD8 ESP:00007BAE DS:3E00 ES:3E00 FS:0000 GS:0000 SS:3E00 CF:0 ZF:0 SF:1 OF:0 AF:0 PF:1 IF:1
1688:00000B2D  mov  byte [si],04               [illegal]              EAX:00007BDE EBX:00001000 ECX:0000FFFE EDX:00000118 ESI:0000FFFF EDI:0000211E EBP:00007BD8 ESP:00007BAE DS:3E00 ES:3E00 FS:0000 GS:0000 SS:3E00 CF:0 ZF:0 SF:1 OF:0 AF:0 PF:1 IF:1
1688:00000B30  add  ax,0006                                           EAX:00007BDE EBX:00001000 ECX:0000FFFE EDX:00000118 ESI:0000FFFF EDI:0000211E EBP:00007BD8 ESP:00007BAE DS:3E00 ES:3E00 FS:0000 GS:0000 SS:3E00 CF:0 ZF:0 SF:1 OF:0 AF:0 PF:1 IF:1
1688:00000B33  mov  [17DC],ax                  ds:[17DC]=7BDE         EAX:00007BE4 EBX:00001000 ECX:0000FFFE EDX:00000118 ESI:0000FFFF EDI:0000211E EBP:00007BD8 ESP:00007BAE DS:3E00 ES:3E00 FS:0000 GS:0000 SS:3E00 CF:0 ZF:0 SF:0 OF:0 AF:1 PF:1 IF:1
1688:00000B36  mov  bx,ax                                             EAX:00007BE4 EBX:00001000 ECX:0000FFFE EDX:00000118 ESI:0000FFFF EDI:0000211E EBP:00007BD8 ESP:00007BAE DS:3E00 ES:3E00 FS:0000 GS:0000 SS:3E00 CF:0 ZF:0 SF:0 OF:0 AF:1 PF:1 IF:1
1688:00000B38  dec  bx                                                EAX:00007BE4 EBX:00007BE4 ECX:0000FFFE EDX:00000118 ESI:0000FFFF EDI:0000211E EBP:00007BD8 ESP:00007BAE DS:3E00 ES:3E00 FS:0000 GS:0000 SS:3E00 CF:0 ZF:0 SF:0 OF:0 AF:1 PF:1 IF:1
1688:00000B39  mov  [219E],bx                  ds:[219E]=0000         EAX:00007BE4 EBX:00007BE3 ECX:0000FFFE EDX:00000118 ESI:0000FFFF EDI:0000211E EBP:00007BD8 ESP:00007BAE DS:3E00 ES:3E00 FS:0000 GS:0000 SS:3E00 CF:0 ZF:0 SF:0 OF:0 AF:0 PF:0 IF:1
1688:00000B3D  mov  [21A0],bx                  ds:[21A0]=0000         EAX:00007BE4 EBX:00007BE3 ECX:0000FFFE EDX:00000118 ESI:0000FFFF EDI:0000211E EBP:00007BD8 ESP:00007BAE DS:3E00 ES:3E00 FS:0000 GS:0000 SS:3E00 CF:0 ZF:0 SF:0 OF:0 AF:0 PF:0 IF:1
1688:00000B41  mov  [21A2],bx                  ds:[21A2]=0000         EAX:00007BE4 EBX:00007BE3 ECX:0000FFFE EDX:00000118 ESI:0000FFFF EDI:0000211E EBP:00007BD8 ESP:00007BAE DS:3E00 ES:3E00 FS:0000 GS:0000 SS:3E00 CF:0 ZF:0 SF:0 OF:0 AF:0 PF:0 IF:1
1688:00000B45  mov  byte [bx],04               ds:[7BE3]=0000         EAX:00007BE4 EBX:00007BE3 ECX:0000FFFE EDX:00000118 ESI:0000FFFF EDI:0000211E EBP:00007BD8 ESP:00007BAE DS:3E00 ES:3E00 FS:0000 GS:0000 SS:3E00 CF:0 ZF:0 SF:0 OF:0 AF:0 PF:0 IF:1
1688:00000B48  mov  word [21A4],0D7D           ds:[21A4]=0000         EAX:00007BE4 EBX:00007BE3 ECX:0000FFFE EDX:00000118 ESI:0000FFFF EDI:0000211E EBP:00007BD8 ESP:00007BAE DS:3E00 ES:3E00 FS:0000 GS:0000 SS:3E00 CF:0 ZF:0 SF:0 OF:0 AF:0 PF:0 IF:1
1688:00000B4E  mov  word [219C],07BC           ds:[219C]=0000         EAX:00007BE4 EBX:00007BE3 ECX:0000FFFE EDX:00000118 ESI:0000FFFF EDI:0000211E EBP:00007BD8 ESP:00007BAE DS:3E00 ES:3E00 FS:0000 GS:0000 SS:3E00 CF:0 ZF:0 SF:0 OF:0 AF:0 PF:0 IF:1
1688:00000B54  sub  si,0007                                           EAX:00007BE4 EBX:00007BE3 ECX:0000FFFE EDX:00000118 ESI:0000FFFF EDI:0000211E EBP:00007BD8 ESP:00007BAE DS:3E00 ES:3E00 FS:0000 GS:0000 SS:3E00 CF:0 ZF:0 SF:0 OF:0 AF:0 PF:0 IF:1
1688:00000B57  cmp  byte [16F8],00             ds:[16F8]=0000         EAX:00007BE4 EBX:00007BE3 ECX:0000FFFE EDX:00000118 ESI:0000FFF8 EDI:0000211E EBP:00007BD8 ESP:00007BAE DS:3E00 ES:3E00 FS:0000 GS:0000 SS:3E00 CF:0 ZF:0 SF:1 OF:0 AF:0 PF:0 IF:1
1688:00000B5C  je   00000B63 ($+5)             (down)                 EAX:00007BE4 EBX:00007BE3 ECX:0000FFFE EDX:00000118 ESI:0000FFF8 EDI:0000211E EBP:00007BD8 ESP:00007BAE DS:3E00 ES:3E00 FS:0000 GS:0000 SS:3E00 CF:0 ZF:1 SF:0 OF:0 AF:0 PF:1 IF:1
1688:00000B63  call 00001621 ($+abb)                                  EAX:00007BE4 EBX:00007BE3 ECX:0000FFFE EDX:00000118 ESI:0000FFF8 EDI:0000211E EBP:00007BD8 ESP:00007BAE DS:3E00 ES:3E00 FS:0000 GS:0000 SS:3E00 CF:0 ZF:1 SF:0 OF:0 AF:0 PF:1 IF:1
1688:00001621  mov  [21B4],si                  ds:[21B4]=0000         EAX:00007BE4 EBX:00007BE3 ECX:0000FFFE EDX:00000118 ESI:0000FFF8 EDI:0000211E EBP:00007BD8 ESP:00007BAC DS:3E00 ES:3E00 FS:0000 GS:0000 SS:3E00 CF:0 ZF:1 SF:0 OF:0 AF:0 PF:1 IF:1
1688:00001625  mov  word [si],FFFF             ds:[FFF8]=0000         EAX:00007BE4 EBX:00007BE3 ECX:0000FFFE EDX:00000118 ESI:0000FFF8 EDI:0000211E EBP:00007BD8 ESP:00007BAC DS:3E00 ES:3E00 FS:0000 GS:0000 SS:3E00 CF:0 ZF:1 SF:0 OF:0 AF:0 PF:1 IF:1
1688:00001629  mov  [21B0],ax                  ds:[21B0]=0000         EAX:00007BE4 EBX:00007BE3 ECX:0000FFFE EDX:00000118 ESI:0000FFF8 EDI:0000211E EBP:00007BD8 ESP:00007BAC DS:3E00 ES:3E00 FS:0000 GS:0000 SS:3E00 CF:0 ZF:1 SF:0 OF:0 AF:0 PF:1 IF:1
1688:0000162C  mov  di,ax                                             EAX:00007BE4 EBX:00007BE3 ECX:0000FFFE EDX:00000118 ESI:0000FFF8 EDI:0000211E EBP:00007BD8 ESP:00007BAC DS:3E00 ES:3E00 FS:0000 GS:0000 SS:3E00 CF:0 ZF:1 SF:0 OF:0 AF:0 PF:1 IF:1
1688:0000162E  mov  [21B2],di                  ds:[21B2]=0000         EAX:00007BE4 EBX:00007BE3 ECX:0000FFFE EDX:00000118 ESI:0000FFF8 EDI:00007BE4 EBP:00007BD8 ESP:00007BAC DS:3E00 ES:3E00 FS:0000 GS:0000 SS:3E00 CF:0 ZF:1 SF:0 OF:0 AF:0 PF:1 IF:1
1688:00001632  sub  si,di                                             EAX:00007BE4 EBX:00007BE3 ECX:0000FFFE EDX:00000118 ESI:0000FFF8 EDI:00007BE4 EBP:00007BD8 ESP:00007BAC DS:3E00 ES:3E00 FS:0000 GS:0000 SS:3E00 CF:0 ZF:1 SF:0 OF:0 AF:0 PF:1 IF:1
1688:00001634  dec  si                                                EAX:00007BE4 EBX:00007BE3 ECX:0000FFFE EDX:00000118 ESI:00008414 EDI:00007BE4 EBP:00007BD8 ESP:00007BAC DS:3E00 ES:3E00 FS:0000 GS:0000 SS:3E00 CF:0 ZF:0 SF:1 OF:0 AF:0 PF:1 IF:1
1688:00001635  mov  [di],si                    ds:[7BE4]=0000         EAX:00007BE4 EBX:00007BE3 ECX:0000FFFE EDX:00000118 ESI:00008413 EDI:00007BE4 EBP:00007BD8 ESP:00007BAC DS:3E00 ES:3E00 FS:0000 GS:0000 SS:3E00 CF:0 ZF:0 SF:1 OF:0 AF:0 PF:0 IF:1
1688:00001637  mov  word [00F0],0000           ds:[00F0]=0000         EAX:00007BE4 EBX:00007BE3 ECX:0000FFFE EDX:00000118 ESI:00008413 EDI:00007BE4 EBP:00007BD8 ESP:00007BAC DS:3E00 ES:3E00 FS:0000 GS:0000 SS:3E00 CF:0 ZF:0 SF:1 OF:0 AF:0 PF:0 IF:1
1688:0000163D  mov  cx,0014                                           EAX:00007BE4 EBX:00007BE3 ECX:0000FFFE EDX:00000118 ESI:00008413 EDI:00007BE4 EBP:00007BD8 ESP:00007BAC DS:3E00 ES:3E00 FS:0000 GS:0000 SS:3E00 CF:0 ZF:0 SF:1 OF:0 AF:0 PF:0 IF:1
1688:00001640  mov  di,1700                                           EAX:00007BE4 EBX:00007BE3 ECX:00000014 EDX:00000118 ESI:00008413 EDI:00007BE4 EBP:00007BD8 ESP:00007BAC DS:3E00 ES:3E00 FS:0000 GS:0000 SS:3E00 CF:0 ZF:0 SF:1 OF:0 AF:0 PF:0 IF:1
1688:00001643  mov  [21B6],di                  ds:[21B6]=0000         EAX:00007BE4 EBX:00007BE3 ECX:00000014 EDX:00000118 ESI:00008413 EDI:00001700 EBP:00007BD8 ESP:00007BAC DS:3E00 ES:3E00 FS:0000 GS:0000 SS:3E00 CF:0 ZF:0 SF:1 OF:0 AF:0 PF:0 IF:1
1688:00001647  mov  bx,FFFF                                           EAX:00007BE4 EBX:00007BE3 ECX:00000014 EDX:00000118 ESI:00008413 EDI:00001700 EBP:00007BD8 ESP:00007BAC DS:3E00 ES:3E00 FS:0000 GS:0000 SS:3E00 CF:0 ZF:0 SF:1 OF:0 AF:0 PF:0 IF:1
1688:0000164A  mov  ax,1706                                           EAX:00007BE4 EBX:0000FFFF ECX:00000014 EDX:00000118 ESI:00008413 EDI:00001700 EBP:00007BD8 ESP:00007BAC DS:3E00 ES:3E00 FS:0000 GS:0000 SS:3E00 CF:0 ZF:0 SF:1 OF:0 AF:0 PF:0 IF:1
1688:0000164D  push es                                                EAX:00001706 EBX:0000FFFF ECX:00000014 EDX:00000118 ESI:00008413 EDI:00001700 EBP:00007BD8 ESP:00007BAC DS:3E00 ES:3E00 FS:0000 GS:0000 SS:3E00 CF:0 ZF:0 SF:1 OF:0 AF:0 PF:0 IF:1
1688:0000164E  push ds                                                EAX:00001706 EBX:0000FFFF ECX:00000014 EDX:00000118 ESI:00008413 EDI:00001700 EBP:00007BD8 ESP:00007BAA DS:3E00 ES:3E00 FS:0000 GS:0000 SS:3E00 CF:0 ZF:0 SF:1 OF:0 AF:0 PF:0 IF:1
1688:0000164F  pop  es                                                EAX:00001706 EBX:0000FFFF ECX:00000014 EDX:00000118 ESI:00008413 EDI:00001700 EBP:00007BD8 ESP:00007BA8 DS:3E00 ES:3E00 FS:0000 GS:0000 SS:3E00 CF:0 ZF:0 SF:1 OF:0 AF:0 PF:0 IF:1
1688:00001650  stosw                                                  EAX:00001706 EBX:0000FFFF ECX:00000014 EDX:00000118 ESI:00008413 EDI:00001700 EBP:00007BD8 ESP:00007BAA DS:3E00 ES:3E00 FS:0000 GS:0000 SS:3E00 CF:0 ZF:0 SF:1 OF:0 AF:0 PF:0 IF:1
1688:00001651  xchg bx,ax                                             EAX:00001706 EBX:0000FFFF ECX:00000014 EDX:00000118 ESI:00008413 EDI:00001702 EBP:00007BD8 ESP:00007BAA DS:3E00 ES:3E00 FS:0000 GS:0000 SS:3E00 CF:0 ZF:0 SF:1 OF:0 AF:0 PF:0 IF:1
1688:00001652  stosw                                                  EAX:0000FFFF EBX:00001706 ECX:00000014 EDX:00000118 ESI:00008413 EDI:00001702 EBP:00007BD8 ESP:00007BAA DS:3E00 ES:3E00 FS:0000 GS:0000 SS:3E00 CF:0 ZF:0 SF:1 OF:0 AF:0 PF:0 IF:1
1688:00001653  stosw                                                  EAX:0000FFFF EBX:00001706 ECX:00000014 EDX:00000118 ESI:00008413 EDI:00001704 EBP:00007BD8 ESP:00007BAA DS:3E00 ES:3E00 FS:0000 GS:0000 SS:3E00 CF:0 ZF:0 SF:1 OF:0 AF:0 PF:0 IF:1
1688:00001654  xchg bx,ax                                             EAX:0000FFFF EBX:00001706 ECX:00000014 EDX:00000118 ESI:00008413 EDI:00001706 EBP:00007BD8 ESP:00007BAA DS:3E00 ES:3E00 FS:0000 GS:0000 SS:3E00 CF:0 ZF:0 SF:1 OF:0 AF:0 PF:0 IF:1
1688:00001655  add  ax,0006                                           EAX:00001706 EBX:0000FFFF ECX:00000014 EDX:00000118 ESI:00008413 EDI:00001706 EBP:00007BD8 ESP:00007BAA DS:3E00 ES:3E00 FS:0000 GS:0000 SS:3E00 CF:0 ZF:0 SF:1 OF:0 AF:0 PF:0 IF:1
1688:00001658  loop 00001650 ($-a)                                    EAX:0000170C EBX:0000FFFF ECX:00000014 EDX:00000118 ESI:00008413 EDI:00001706 EBP:00007BD8 ESP:00007BAA DS:3E00 ES:3E00 FS:0000 GS:0000 SS:3E00 CF:0 ZF:0 SF:0 OF:0 AF:0 PF:1 IF:1
1688:00001650  stosw                                                  EAX:0000170C EBX:0000FFFF ECX:00000013 EDX:00000118 ESI:00008413 EDI:00001706 EBP:00007BD8 ESP:00007BAA DS:3E00 ES:3E00 FS:0000 GS:0000 SS:3E00 CF:0 ZF:0 SF:0 OF:0 AF:0 PF:1 IF:1
1688:00001651  xchg bx,ax                                             EAX:0000170C EBX:0000FFFF ECX:00000013 EDX:00000118 ESI:00008413 EDI:00001708 EBP:00007BD8 ESP:00007BAA DS:3E00 ES:3E00 FS:0000 GS:0000 SS:3E00 CF:0 ZF:0 SF:0 OF:0 AF:0 PF:1 IF:1
1688:00001652  stosw                                                  EAX:0000FFFF EBX:0000170C ECX:00000013 EDX:00000118 ESI:00008413 EDI:00001708 EBP:00007BD8 ESP:00007BAA DS:3E00 ES:3E00 FS:0000 GS:0000 SS:3E00 CF:0 ZF:0 SF:0 OF:0 AF:0 PF:1 IF:1
1688:00001653  stosw                                                  EAX:0000FFFF EBX:0000170C ECX:00000013 EDX:00000118 ESI:00008413 EDI:0000170A EBP:00007BD8 ESP:00007BAA DS:3E00 ES:3E00 FS:0000 GS:0000 SS:3E00 CF:0 ZF:0 SF:0 OF:0 AF:0 PF:1 IF:1
1688:00001654  xchg bx,ax                                             EAX:0000FFFF EBX:0000170C ECX:00000013 EDX:00000118 ESI:00008413 EDI:0000170C EBP:00007BD8 ESP:00007BAA DS:3E00 ES:3E00 FS:0000 GS:0000 SS:3E00 CF:0 ZF:0 SF:0 OF:0 AF:0 PF:1 IF:1
1688:00001655  add  ax,0006                                           EAX:0000170C EBX:0000FFFF ECX:00000013 EDX:00000118 ESI:00008413 EDI:0000170C EBP:00007BD8 ESP:00007BAA DS:3E00 ES:3E00 FS:0000 GS:0000 SS:3E00 CF:0 ZF:0 SF:0 OF:0 AF:0 PF:1 IF:1
1688:00001658  loop 00001650 ($-a)                                    EAX:00001712 EBX:0000FFFF ECX:00000013 EDX:00000118 ESI:00008413 EDI:0000170C EBP:00007BD8 ESP:00007BAA DS:3E00 ES:3E00 FS:0000 GS:0000 SS:3E00 CF:0 ZF:0 SF:0 OF:0 AF:1 PF:1 IF:1
1688:00001650  stosw                                                  EAX:00001712 EBX:0000FFFF ECX:00000012 EDX:00000118 ESI:00008413 EDI:0000170C EBP:00007BD8 ESP:00007BAA DS:3E00 ES:3E00 FS:0000 GS:0000 SS:3E00 CF:0 ZF:0 SF:0 OF:0 AF:1 PF:1 IF:1
1688:00001651  xchg bx,ax                                             EAX:00001712 EBX:0000FFFF ECX:00000012 EDX:00000118 ESI:00008413 EDI:0000170E EBP:00007BD8 ESP:00007BAA DS:3E00 ES:3E00 FS:0000 GS:0000 SS:3E00 CF:0 ZF:0 SF:0 OF:0 AF:1 PF:1 IF:1
1688:00001652  stosw                                                  EAX:0000FFFF EBX:00001712 ECX:00000012 EDX:00000118 ESI:00008413 EDI:0000170E EBP:00007BD8 ESP:00007BAA DS:3E00 ES:3E00 FS:0000 GS:0000 SS:3E00 CF:0 ZF:0 SF:0 OF:0 AF:1 PF:1 IF:1
1688:00001653  stosw                                                  EAX:0000FFFF EBX:00001712 ECX:00000012 EDX:00000118 ESI:00008413 EDI:00001710 EBP:00007BD8 ESP:00007BAA DS:3E00 ES:3E00 FS:0000 GS:0000 SS:3E00 CF:0 ZF:0 SF:0 OF:0 AF:1 PF:1 IF:1
1688:00001654  xchg bx,ax                                             EAX:0000FFFF EBX:00001712 ECX:00000012 EDX:00000118 ESI:00008413 EDI:00001712 EBP:00007BD8 ESP:00007BAA DS:3E00 ES:3E00 FS:0000 GS:0000 SS:3E00 CF:0 ZF:0 SF:0 OF:0 AF:1 PF:1 IF:1
1688:00001655  add  ax,0006                                           EAX:00001712 EBX:0000FFFF ECX:00000012 EDX:00000118 ESI:00008413 EDI:00001712 EBP:00007BD8 ESP:00007BAA DS:3E00 ES:3E00 FS:0000 GS:0000 SS:3E00 CF:0 ZF:0 SF:0 OF:0 AF:1 PF:1 IF:1
1688:00001658  loop 00001650 ($-a)                                    EAX:00001718 EBX:0000FFFF ECX:00000012 EDX:00000118 ESI:00008413 EDI:00001712 EBP:00007BD8 ESP:00007BAA DS:3E00 ES:3E00 FS:0000 GS:0000 SS:3E00 CF:0 ZF:0 SF:0 OF:0 AF:0 PF:1 IF:1
1688:00001650  stosw                                                  EAX:00001718 EBX:0000FFFF ECX:00000011 EDX:00000118 ESI:00008413 EDI:00001712 EBP:00007BD8 ESP:00007BAA DS:3E00 ES:3E00 FS:0000 GS:0000 SS:3E00 CF:0 ZF:0 SF:0 OF:0 AF:0 PF:1 IF:1
1688:00001651  xchg bx,ax                                             EAX:00001718 EBX:0000FFFF ECX:00000011 EDX:00000118 ESI:00008413 EDI:00001714 EBP:00007BD8 ESP:00007BAA DS:3E00 ES:3E00 FS:0000 GS:0000 SS:3E00 CF:0 ZF:0 SF:0 OF:0 AF:0 PF:1 IF:1
1688:00001652  stosw                                                  EAX:0000FFFF EBX:00001718 ECX:00000011 EDX:00000118 ESI:00008413 EDI:00001714 EBP:00007BD8 ESP:00007BAA DS:3E00 ES:3E00 FS:0000 GS:0000 SS:3E00 CF:0 ZF:0 SF:0 OF:0 AF:0 PF:1 IF:1
1688:00001653  stosw                                                  EAX:0000FFFF EBX:00001718 ECX:00000011 EDX:00000118 ESI:00008413 EDI:00001716 EBP:00007BD8 ESP:00007BAA DS:3E00 ES:3E00 FS:0000 GS:0000 SS:3E00 CF:0 ZF:0 SF:0 OF:0 AF:0 PF:1 IF:1
1688:00001654  xchg bx,ax                                             EAX:0000FFFF EBX:00001718 ECX:00000011 EDX:00000118 ESI:00008413 EDI:00001718 EBP:00007BD8 ESP:00007BAA DS:3E00 ES:3E00 FS:0000 GS:0000 SS:3E00 CF:0 ZF:0 SF:0 OF:0 AF:0 PF:1 IF:1
1688:00001655  add  ax,0006                                           EAX:00001718 EBX:0000FFFF ECX:00000011 EDX:00000118 ESI:00008413 EDI:00001718 EBP:00007BD8 ESP:00007BAA DS:3E00 ES:3E00 FS:0000 GS:0000 SS:3E00 CF:0 ZF:0 SF:0 OF:0 AF:0 PF:1 IF:1
1688:00001658  loop 00001650 ($-a)                                    EAX:0000171E EBX:0000FFFF ECX:00000011 EDX:00000118 ESI:00008413 EDI:00001718 EBP:00007BD8 ESP:00007BAA DS:3E00 ES:3E00 FS:0000 GS:0000 SS:3E00 CF:0 ZF:0 SF:0 OF:0 AF:0 PF:1 IF:1
1688:00001650  stosw                                                  EAX:0000171E EBX:0000FFFF ECX:00000010 EDX:00000118 ESI:00008413 EDI:00001718 EBP:00007BD8 ESP:00007BAA DS:3E00 ES:3E00 FS:0000 GS:0000 SS:3E00 CF:0 ZF:0 SF:0 OF:0 AF:0 PF:1 IF:1
1688:00001651  xchg bx,ax                                             EAX:0000171E EBX:0000FFFF ECX:00000010 EDX:00000118 ESI:00008413 EDI:0000171A EBP:00007BD8 ESP:00007BAA DS:3E00 ES:3E00 FS:0000 GS:0000 SS:3E00 CF:0 ZF:0 SF:0 OF:0 AF:0 PF:1 IF:1
1688:00001652  stosw                                                  EAX:0000FFFF EBX:0000171E ECX:00000010 EDX:00000118 ESI:00008413 EDI:0000171A EBP:00007BD8 ESP:00007BAA DS:3E00 ES:3E00 FS:0000 GS:0000 SS:3E00 CF:0 ZF:0 SF:0 OF:0 AF:0 PF:1 IF:1
1688:00001653  stosw                                                  EAX:0000FFFF EBX:0000171E ECX:00000010 EDX:00000118 ESI:00008413 EDI:0000171C EBP:00007BD8 ESP:00007BAA DS:3E00 ES:3E00 FS:0000 GS:0000 SS:3E00 CF:0 ZF:0 SF:0 OF:0 AF:0 PF:1 IF:1
1688:00001654  xchg bx,ax                                             EAX:0000FFFF EBX:0000171E ECX:00000010 EDX:00000118 ESI:00008413 EDI:0000171E EBP:00007BD8 ESP:00007BAA DS:3E00 ES:3E00 FS:0000 GS:0000 SS:3E00 CF:0 ZF:0 SF:0 OF:0 AF:0 PF:1 IF:1
1688:00001655  add  ax,0006                                           EAX:0000171E EBX:0000FFFF ECX:00000010 EDX:00000118 ESI:00008413 EDI:0000171E EBP:00007BD8 ESP:00007BAA DS:3E00 ES:3E00 FS:0000 GS:0000 SS:3E00 CF:0 ZF:0 SF:0 OF:0 AF:0 PF:1 IF:1
1688:00001658  loop 00001650 ($-a)                                    EAX:00001724 EBX:0000FFFF ECX:00000010 EDX:00000118 ESI:00008413 EDI:0000171E EBP:00007BD8 ESP:00007BAA DS:3E00 ES:3E00 FS:0000 GS:0000 SS:3E00 CF:0 ZF:0 SF:0 OF:0 AF:1 PF:1 IF:1
1688:00001650  stosw                                                  EAX:00001724 EBX:0000FFFF ECX:0000000F EDX:00000118 ESI:00008413 EDI:0000171E EBP:00007BD8 ESP:00007BAA DS:3E00 ES:3E00 FS:0000 GS:0000 SS:3E00 CF:0 ZF:0 SF:0 OF:0 AF:1 PF:1 IF:1
1688:00001651  xchg bx,ax                                             EAX:00001724 EBX:0000FFFF ECX:0000000F EDX:00000118 ESI:00008413 EDI:00001720 EBP:00007BD8 ESP:00007BAA DS:3E00 ES:3E00 FS:0000 GS:0000 SS:3E00 CF:0 ZF:0 SF:0 OF:0 AF:1 PF:1 IF:1
1688:00001652  stosw                                                  EAX:0000FFFF EBX:00001724 ECX:0000000F EDX:00000118 ESI:00008413 EDI:00001720 EBP:00007BD8 ESP:00007BAA DS:3E00 ES:3E00 FS:0000 GS:0000 SS:3E00 CF:0 ZF:0 SF:0 OF:0 AF:1 PF:1 IF:1
1688:00001653  stosw                                                  EAX:0000FFFF EBX:00001724 ECX:0000000F EDX:00000118 ESI:00008413 EDI:00001722 EBP:00007BD8 ESP:00007BAA DS:3E00 ES:3E00 FS:0000 GS:0000 SS:3E00 CF:0 ZF:0 SF:0 OF:0 AF:1 PF:1 IF:1
1688:00001654  xchg bx,ax                                             EAX:0000FFFF EBX:00001724 ECX:0000000F EDX:00000118 ESI:00008413 EDI:00001724 EBP:00007BD8 ESP:00007BAA DS:3E00 ES:3E00 FS:0000 GS:0000 SS:3E00 CF:0 ZF:0 SF:0 OF:0 AF:1 PF:1 IF:1
1688:00001655  add  ax,0006                                           EAX:00001724 EBX:0000FFFF ECX:0000000F EDX:00000118 ESI:00008413 EDI:00001724 EBP:00007BD8 ESP:00007BAA DS:3E00 ES:3E00 FS:0000 GS:0000 SS:3E00 CF:0 ZF:0 SF:0 OF:0 AF:1 PF:1 IF:1
1688:00001658  loop 00001650 ($-a)                                    EAX:0000172A EBX:0000FFFF ECX:0000000F EDX:00000118 ESI:00008413 EDI:00001724 EBP:00007BD8 ESP:00007BAA DS:3E00 ES:3E00 FS:0000 GS:0000 SS:3E00 CF:0 ZF:0 SF:0 OF:0 AF:0 PF:0 IF:1
1688:00001650  stosw                                                  EAX:0000172A EBX:0000FFFF ECX:0000000E EDX:00000118 ESI:00008413 EDI:00001724 EBP:00007BD8 ESP:00007BAA DS:3E00 ES:3E00 FS:0000 GS:0000 SS:3E00 CF:0 ZF:0 SF:0 OF:0 AF:0 PF:0 IF:1
1688:00001651  xchg bx,ax                                             EAX:0000172A EBX:0000FFFF ECX:0000000E EDX:00000118 ESI:00008413 EDI:00001726 EBP:00007BD8 ESP:00007BAA DS:3E00 ES:3E00 FS:0000 GS:0000 SS:3E00 CF:0 ZF:0 SF:0 OF:0 AF:0 PF:0 IF:1
1688:00001652  stosw                                                  EAX:0000FFFF EBX:0000172A ECX:0000000E EDX:00000118 ESI:00008413 EDI:00001726 EBP:00007BD8 ESP:00007BAA DS:3E00 ES:3E00 FS:0000 GS:0000 SS:3E00 CF:0 ZF:0 SF:0 OF:0 AF:0 PF:0 IF:1
1688:00001653  stosw                                                  EAX:0000FFFF EBX:0000172A ECX:0000000E EDX:00000118 ESI:00008413 EDI:00001728 EBP:00007BD8 ESP:00007BAA DS:3E00 ES:3E00 FS:0000 GS:0000 SS:3E00 CF:0 ZF:0 SF:0 OF:0 AF:0 PF:0 IF:1
1688:00001654  xchg bx,ax                                             EAX:0000FFFF EBX:0000172A ECX:0000000E EDX:00000118 ESI:00008413 EDI:0000172A EBP:00007BD8 ESP:00007BAA DS:3E00 ES:3E00 FS:0000 GS:0000 SS:3E00 CF:0 ZF:0 SF:0 OF:0 AF:0 PF:0 IF:1
1688:00001655  add  ax,0006                                           EAX:0000172A EBX:0000FFFF ECX:0000000E EDX:00000118 ESI:00008413 EDI:0000172A EBP:00007BD8 ESP:00007BAA DS:3E00 ES:3E00 FS:0000 GS:0000 SS:3E00 CF:0 ZF:0 SF:0 OF:0 AF:0 PF:0 IF:1
1688:00001658  loop 00001650 ($-a)                                    EAX:00001730 EBX:0000FFFF ECX:0000000E EDX:00000118 ESI:00008413 EDI:0000172A EBP:00007BD8 ESP:00007BAA DS:3E00 ES:3E00 FS:0000 GS:0000 SS:3E00 CF:0 ZF:0 SF:0 OF:0 AF:1 PF:1 IF:1
1688:00001650  stosw                                                  EAX:00001730 EBX:0000FFFF ECX:0000000D EDX:00000118 ESI:00008413 EDI:0000172A EBP:00007BD8 ESP:00007BAA DS:3E00 ES:3E00 FS:0000 GS:0000 SS:3E00 CF:0 ZF:0 SF:0 OF:0 AF:1 PF:1 IF:1
1688:00001651  xchg bx,ax                                             EAX:00001730 EBX:0000FFFF ECX:0000000D EDX:00000118 ESI:00008413 EDI:0000172C EBP:00007BD8 ESP:00007BAA DS:3E00 ES:3E00 FS:0000 GS:0000 SS:3E00 CF:0 ZF:0 SF:0 OF:0 AF:1 PF:1 IF:1
1688:00001652  stosw                                                  EAX:0000FFFF EBX:00001730 ECX:0000000D EDX:00000118 ESI:00008413 EDI:0000172C EBP:00007BD8 ESP:00007BAA DS:3E00 ES:3E00 FS:0000 GS:0000 SS:3E00 CF:0 ZF:0 SF:0 OF:0 AF:1 PF:1 IF:1
1688:00001653  stosw                                                  EAX:0000FFFF EBX:00001730 ECX:0000000D EDX:00000118 ESI:00008413 EDI:0000172E EBP:00007BD8 ESP:00007BAA DS:3E00 ES:3E00 FS:0000 GS:0000 SS:3E00 CF:0 ZF:0 SF:0 OF:0 AF:1 PF:1 IF:1
1688:00001654  xchg bx,ax                                             EAX:0000FFFF EBX:00001730 ECX:0000000D EDX:00000118 ESI:00008413 EDI:00001730 EBP:00007BD8 ESP:00007BAA DS:3E00 ES:3E00 FS:0000 GS:0000 SS:3E00 CF:0 ZF:0 SF:0 OF:0 AF:1 PF:1 IF:1
1688:00001655  add  ax,0006                                           EAX:00001730 EBX:0000FFFF ECX:0000000D EDX:00000118 ESI:00008413 EDI:00001730 EBP:00007BD8 ESP:00007BAA DS:3E00 ES:3E00 FS:0000 GS:0000 SS:3E00 CF:0 ZF:0 SF:0 OF:0 AF:1 PF:1 IF:1
1688:00001658  loop 00001650 ($-a)                                    EAX:00001736 EBX:0000FFFF ECX:0000000D EDX:00000118 ESI:00008413 EDI:00001730 EBP:00007BD8 ESP:00007BAA DS:3E00 ES:3E00 FS:0000 GS:0000 SS:3E00 CF:0 ZF:0 SF:0 OF:0 AF:0 PF:1 IF:1
1688:00001650  stosw                                                  EAX:00001736 EBX:0000FFFF ECX:0000000C EDX:00000118 ESI:00008413 EDI:00001730 EBP:00007BD8 ESP:00007BAA DS:3E00 ES:3E00 FS:0000 GS:0000 SS:3E00 CF:0 ZF:0 SF:0 OF:0 AF:0 PF:1 IF:1
1688:00001651  xchg bx,ax                                             EAX:00001736 EBX:0000FFFF ECX:0000000C EDX:00000118 ESI:00008413 EDI:00001732 EBP:00007BD8 ESP:00007BAA DS:3E00 ES:3E00 FS:0000 GS:0000 SS:3E00 CF:0 ZF:0 SF:0 OF:0 AF:0 PF:1 IF:1
1688:00001652  stosw                                                  EAX:0000FFFF EBX:00001736 ECX:0000000C EDX:00000118 ESI:00008413 EDI:00001732 EBP:00007BD8 ESP:00007BAA DS:3E00 ES:3E00 FS:0000 GS:0000 SS:3E00 CF:0 ZF:0 SF:0 OF:0 AF:0 PF:1 IF:1
1688:00001653  stosw                                                  EAX:0000FFFF EBX:00001736 ECX:0000000C EDX:00000118 ESI:00008413 EDI:00001734 EBP:00007BD8 ESP:00007BAA DS:3E00 ES:3E00 FS:0000 GS:0000 SS:3E00 CF:0 ZF:0 SF:0 OF:0 AF:0 PF:1 IF:1
1688:00001654  xchg bx,ax                                             EAX:0000FFFF EBX:00001736 ECX:0000000C EDX:00000118 ESI:00008413 EDI:00001736 EBP:00007BD8 ESP:00007BAA DS:3E00 ES:3E00 FS:0000 GS:0000 SS:3E00 CF:0 ZF:0 SF:0 OF:0 AF:0 PF:1 IF:1
1688:00001655  add  ax,0006                                           EAX:00001736 EBX:0000FFFF ECX:0000000C EDX:00000118 ESI:00008413 EDI:00001736 EBP:00007BD8 ESP:00007BAA DS:3E00 ES:3E00 FS:0000 GS:0000 SS:3E00 CF:0 ZF:0 SF:0 OF:0 AF:0 PF:1 IF:1
1688:00001658  loop 00001650 ($-a)                                    EAX:0000173C EBX:0000FFFF ECX:0000000C EDX:00000118 ESI:00008413 EDI:00001736 EBP:00007BD8 ESP:00007BAA DS:3E00 ES:3E00 FS:0000 GS:0000 SS:3E00 CF:0 ZF:0 SF:0 OF:0 AF:0 PF:1 IF:1
1688:00001650  stosw                                                  EAX:0000173C EBX:0000FFFF ECX:0000000B EDX:00000118 ESI:00008413 EDI:00001736 EBP:00007BD8 ESP:00007BAA DS:3E00 ES:3E00 FS:0000 GS:0000 SS:3E00 CF:0 ZF:0 SF:0 OF:0 AF:0 PF:1 IF:1
1688:00001651  xchg bx,ax                                             EAX:0000173C EBX:0000FFFF ECX:0000000B EDX:00000118 ESI:00008413 EDI:00001738 EBP:00007BD8 ESP:00007BAA DS:3E00 ES:3E00 FS:0000 GS:0000 SS:3E00 CF:0 ZF:0 SF:0 OF:0 AF:0 PF:1 IF:1
1688:00001652  stosw                                                  EAX:0000FFFF EBX:0000173C ECX:0000000B EDX:00000118 ESI:00008413 EDI:00001738 EBP:00007BD8 ESP:00007BAA DS:3E00 ES:3E00 FS:0000 GS:0000 SS:3E00 CF:0 ZF:0 SF:0 OF:0 AF:0 PF:1 IF:1
1688:00001653  stosw                                                  EAX:0000FFFF EBX:0000173C ECX:0000000B EDX:00000118 ESI:00008413 EDI:0000173A EBP:00007BD8 ESP:00007BAA DS:3E00 ES:3E00 FS:0000 GS:0000 SS:3E00 CF:0 ZF:0 SF:0 OF:0 AF:0 PF:1 IF:1
1688:00001654  xchg bx,ax                                             EAX:0000FFFF EBX:0000173C ECX:0000000B EDX:00000118 ESI:00008413 EDI:0000173C EBP:00007BD8 ESP:00007BAA DS:3E00 ES:3E00 FS:0000 GS:0000 SS:3E00 CF:0 ZF:0 SF:0 OF:0 AF:0 PF:1 IF:1
1688:00001655  add  ax,0006                                           EAX:0000173C EBX:0000FFFF ECX:0000000B EDX:00000118 ESI:00008413 EDI:0000173C EBP:00007BD8 ESP:00007BAA DS:3E00 ES:3E00 FS:0000 GS:0000 SS:3E00 CF:0 ZF:0 SF:0 OF:0 AF:0 PF:1 IF:1
1688:00001658  loop 00001650 ($-a)                                    EAX:00001742 EBX:0000FFFF ECX:0000000B EDX:00000118 ESI:00008413 EDI:0000173C EBP:00007BD8 ESP:00007BAA DS:3E00 ES:3E00 FS:0000 GS:0000 SS:3E00 CF:0 ZF:0 SF:0 OF:0 AF:1 PF:1 IF:1
1688:00001650  stosw                                                  EAX:00001742 EBX:0000FFFF ECX:0000000A EDX:00000118 ESI:00008413 EDI:0000173C EBP:00007BD8 ESP:00007BAA DS:3E00 ES:3E00 FS:0000 GS:0000 SS:3E00 CF:0 ZF:0 SF:0 OF:0 AF:1 PF:1 IF:1
1688:00001651  xchg bx,ax                                             EAX:00001742 EBX:0000FFFF ECX:0000000A EDX:00000118 ESI:00008413 EDI:0000173E EBP:00007BD8 ESP:00007BAA DS:3E00 ES:3E00 FS:0000 GS:0000 SS:3E00 CF:0 ZF:0 SF:0 OF:0 AF:1 PF:1 IF:1
1688:00001652  stosw                                                  EAX:0000FFFF EBX:00001742 ECX:0000000A EDX:00000118 ESI:00008413 EDI:0000173E EBP:00007BD8 ESP:00007BAA DS:3E00 ES:3E00 FS:0000 GS:0000 SS:3E00 CF:0 ZF:0 SF:0 OF:0 AF:1 PF:1 IF:1
1688:00001653  stosw                                                  EAX:0000FFFF EBX:00001742 ECX:0000000A EDX:00000118 ESI:00008413 EDI:00001740 EBP:00007BD8 ESP:00007BAA DS:3E00 ES:3E00 FS:0000 GS:0000 SS:3E00 CF:0 ZF:0 SF:0 OF:0 AF:1 PF:1 IF:1
1688:00001654  xchg bx,ax                                             EAX:0000FFFF EBX:00001742 ECX:0000000A EDX:00000118 ESI:00008413 EDI:00001742 EBP:00007BD8 ESP:00007BAA DS:3E00 ES:3E00 FS:0000 GS:0000 SS:3E00 CF:0 ZF:0 SF:0 OF:0 AF:1 PF:1 IF:1
1688:00001655  add  ax,0006                                           EAX:00001742 EBX:0000FFFF ECX:0000000A EDX:00000118 ESI:00008413 EDI:00001742 EBP:00007BD8 ESP:00007BAA DS:3E00 ES:3E00 FS:0000 GS:0000 SS:3E00 CF:0 ZF:0 SF:0 OF:0 AF:1 PF:1 IF:1
1688:00001658  loop 00001650 ($-a)                                    EAX:00001748 EBX:0000FFFF ECX:0000000A EDX:00000118 ESI:00008413 EDI:00001742 EBP:00007BD8 ESP:00007BAA DS:3E00 ES:3E00 FS:0000 GS:0000 SS:3E00 CF:0 ZF:0 SF:0 OF:0 AF:0 PF:1 IF:1
1688:00001650  stosw                                                  EAX:00001748 EBX:0000FFFF ECX:00000009 EDX:00000118 ESI:00008413 EDI:00001742 EBP:00007BD8 ESP:00007BAA DS:3E00 ES:3E00 FS:0000 GS:0000 SS:3E00 CF:0 ZF:0 SF:0 OF:0 AF:0 PF:1 IF:1
1688:00001651  xchg bx,ax                                             EAX:00001748 EBX:0000FFFF ECX:00000009 EDX:00000118 ESI:00008413 EDI:00001744 EBP:00007BD8 ESP:00007BAA DS:3E00 ES:3E00 FS:0000 GS:0000 SS:3E00 CF:0 ZF:0 SF:0 OF:0 AF:0 PF:1 IF:1
1688:00001652  stosw                                                  EAX:0000FFFF EBX:00001748 ECX:00000009 EDX:00000118 ESI:00008413 EDI:00001744 EBP:00007BD8 ESP:00007BAA DS:3E00 ES:3E00 FS:0000 GS:0000 SS:3E00 CF:0 ZF:0 SF:0 OF:0 AF:0 PF:1 IF:1
1688:00001653  stosw                                                  EAX:0000FFFF EBX:00001748 ECX:00000009 EDX:00000118 ESI:00008413 EDI:00001746 EBP:00007BD8 ESP:00007BAA DS:3E00 ES:3E00 FS:0000 GS:0000 SS:3E00 CF:0 ZF:0 SF:0 OF:0 AF:0 PF:1 IF:1
1688:00001654  xchg bx,ax                                             EAX:0000FFFF EBX:00001748 ECX:00000009 EDX:00000118 ESI:00008413 EDI:00001748 EBP:00007BD8 ESP:00007BAA DS:3E00 ES:3E00 FS:0000 GS:0000 SS:3E00 CF:0 ZF:0 SF:0 OF:0 AF:0 PF:1 IF:1
1688:00001655  add  ax,0006                                           EAX:00001748 EBX:0000FFFF ECX:00000009 EDX:00000118 ESI:00008413 EDI:00001748 EBP:00007BD8 ESP:00007BAA DS:3E00 ES:3E00 FS:0000 GS:0000 SS:3E00 CF:0 ZF:0 SF:0 OF:0 AF:0 PF:1 IF:1
1688:00001658  loop 00001650 ($-a)                                    EAX:0000174E EBX:0000FFFF ECX:00000009 EDX:00000118 ESI:00008413 EDI:00001748 EBP:00007BD8 ESP:00007BAA DS:3E00 ES:3E00 FS:0000 GS:0000 SS:3E00 CF:0 ZF:0 SF:0 OF:0 AF:0 PF:1 IF:1
1688:00001650  stosw                                                  EAX:0000174E EBX:0000FFFF ECX:00000008 EDX:00000118 ESI:00008413 EDI:00001748 EBP:00007BD8 ESP:00007BAA DS:3E00 ES:3E00 FS:0000 GS:0000 SS:3E00 CF:0 ZF:0 SF:0 OF:0 AF:0 PF:1 IF:1
1688:00001651  xchg bx,ax                                             EAX:0000174E EBX:0000FFFF ECX:00000008 EDX:00000118 ESI:00008413 EDI:0000174A EBP:00007BD8 ESP:00007BAA DS:3E00 ES:3E00 FS:0000 GS:0000 SS:3E00 CF:0 ZF:0 SF:0 OF:0 AF:0 PF:1 IF:1
1688:00001652  stosw                                                  EAX:0000FFFF EBX:0000174E ECX:00000008 EDX:00000118 ESI:00008413 EDI:0000174A EBP:00007BD8 ESP:00007BAA DS:3E00 ES:3E00 FS:0000 GS:0000 SS:3E00 CF:0 ZF:0 SF:0 OF:0 AF:0 PF:1 IF:1
1688:00001653  stosw                                                  EAX:0000FFFF EBX:0000174E ECX:00000008 EDX:00000118 ESI:00008413 EDI:0000174C EBP:00007BD8 ESP:00007BAA DS:3E00 ES:3E00 FS:0000 GS:0000 SS:3E00 CF:0 ZF:0 SF:0 OF:0 AF:0 PF:1 IF:1
1688:00001654  xchg bx,ax                                             EAX:0000FFFF EBX:0000174E ECX:00000008 EDX:00000118 ESI:00008413 EDI:0000174E EBP:00007BD8 ESP:00007BAA DS:3E00 ES:3E00 FS:0000 GS:0000 SS:3E00 CF:0 ZF:0 SF:0 OF:0 AF:0 PF:1 IF:1
1688:00001655  add  ax,0006                                           EAX:0000174E EBX:0000FFFF ECX:00000008 EDX:00000118 ESI:00008413 EDI:0000174E EBP:00007BD8 ESP:00007BAA DS:3E00 ES:3E00 FS:0000 GS:0000 SS:3E00 CF:0 ZF:0 SF:0 OF:0 AF:0 PF:1 IF:1
1688:00001658  loop 00001650 ($-a)                                    EAX:00001754 EBX:0000FFFF ECX:00000008 EDX:00000118 ESI:00008413 EDI:0000174E EBP:00007BD8 ESP:00007BAA DS:3E00 ES:3E00 FS:0000 GS:0000 SS:3E00 CF:0 ZF:0 SF:0 OF:0 AF:1 PF:0 IF:1
1688:00001650  stosw                                                  EAX:00001754 EBX:0000FFFF ECX:00000007 EDX:00000118 ESI:00008413 EDI:0000174E EBP:00007BD8 ESP:00007BAA DS:3E00 ES:3E00 FS:0000 GS:0000 SS:3E00 CF:0 ZF:0 SF:0 OF:0 AF:1 PF:0 IF:1
1688:00001651  xchg bx,ax                                             EAX:00001754 EBX:0000FFFF ECX:00000007 EDX:00000118 ESI:00008413 EDI:00001750 EBP:00007BD8 ESP:00007BAA DS:3E00 ES:3E00 FS:0000 GS:0000 SS:3E00 CF:0 ZF:0 SF:0 OF:0 AF:1 PF:0 IF:1
1688:00001652  stosw                                                  EAX:0000FFFF EBX:00001754 ECX:00000007 EDX:00000118 ESI:00008413 EDI:00001750 EBP:00007BD8 ESP:00007BAA DS:3E00 ES:3E00 FS:0000 GS:0000 SS:3E00 CF:0 ZF:0 SF:0 OF:0 AF:1 PF:0 IF:1
1688:00001653  stosw                                                  EAX:0000FFFF EBX:00001754 ECX:00000007 EDX:00000118 ESI:00008413 EDI:00001752 EBP:00007BD8 ESP:00007BAA DS:3E00 ES:3E00 FS:0000 GS:0000 SS:3E00 CF:0 ZF:0 SF:0 OF:0 AF:1 PF:0 IF:1
1688:00001654  xchg bx,ax                                             EAX:0000FFFF EBX:00001754 ECX:00000007 EDX:00000118 ESI:00008413 EDI:00001754 EBP:00007BD8 ESP:00007BAA DS:3E00 ES:3E00 FS:0000 GS:0000 SS:3E00 CF:0 ZF:0 SF:0 OF:0 AF:1 PF:0 IF:1
1688:00001655  add  ax,0006                                           EAX:00001754 EBX:0000FFFF ECX:00000007 EDX:00000118 ESI:00008413 EDI:00001754 EBP:00007BD8 ESP:00007BAA DS:3E00 ES:3E00 FS:0000 GS:0000 SS:3E00 CF:0 ZF:0 SF:0 OF:0 AF:1 PF:0 IF:1
1688:00001658  loop 00001650 ($-a)                                    EAX:0000175A EBX:0000FFFF ECX:00000007 EDX:00000118 ESI:00008413 EDI:00001754 EBP:00007BD8 ESP:00007BAA DS:3E00 ES:3E00 FS:0000 GS:0000 SS:3E00 CF:0 ZF:0 SF:0 OF:0 AF:0 PF:1 IF:1
1688:00001650  stosw                                                  EAX:0000175A EBX:0000FFFF ECX:00000006 EDX:00000118 ESI:00008413 EDI:00001754 EBP:00007BD8 ESP:00007BAA DS:3E00 ES:3E00 FS:0000 GS:0000 SS:3E00 CF:0 ZF:0 SF:0 OF:0 AF:0 PF:1 IF:1
1688:00001651  xchg bx,ax                                             EAX:0000175A EBX:0000FFFF ECX:00000006 EDX:00000118 ESI:00008413 EDI:00001756 EBP:00007BD8 ESP:00007BAA DS:3E00 ES:3E00 FS:0000 GS:0000 SS:3E00 CF:0 ZF:0 SF:0 OF:0 AF:0 PF:1 IF:1
1688:00001652  stosw                                                  EAX:0000FFFF EBX:0000175A ECX:00000006 EDX:00000118 ESI:00008413 EDI:00001756 EBP:00007BD8 ESP:00007BAA DS:3E00 ES:3E00 FS:0000 GS:0000 SS:3E00 CF:0 ZF:0 SF:0 OF:0 AF:0 PF:1 IF:1
1688:00001653  stosw                                                  EAX:0000FFFF EBX:0000175A ECX:00000006 EDX:00000118 ESI:00008413 EDI:00001758 EBP:00007BD8 ESP:00007BAA DS:3E00 ES:3E00 FS:0000 GS:0000 SS:3E00 CF:0 ZF:0 SF:0 OF:0 AF:0 PF:1 IF:1
1688:00001654  xchg bx,ax                                             EAX:0000FFFF EBX:0000175A ECX:00000006 EDX:00000118 ESI:00008413 EDI:0000175A EBP:00007BD8 ESP:00007BAA DS:3E00 ES:3E00 FS:0000 GS:0000 SS:3E00 CF:0 ZF:0 SF:0 OF:0 AF:0 PF:1 IF:1
1688:00001655  add  ax,0006                                           EAX:0000175A EBX:0000FFFF ECX:00000006 EDX:00000118 ESI:00008413 EDI:0000175A EBP:00007BD8 ESP:00007BAA DS:3E00 ES:3E00 FS:0000 GS:0000 SS:3E00 CF:0 ZF:0 SF:0 OF:0 AF:0 PF:1 IF:1
1688:00001658  loop 00001650 ($-a)                                    EAX:00001760 EBX:0000FFFF ECX:00000006 EDX:00000118 ESI:00008413 EDI:0000175A EBP:00007BD8 ESP:00007BAA DS:3E00 ES:3E00 FS:0000 GS:0000 SS:3E00 CF:0 ZF:0 SF:0 OF:0 AF:1 PF:1 IF:1
1688:00001650  stosw                                                  EAX:00001760 EBX:0000FFFF ECX:00000005 EDX:00000118 ESI:00008413 EDI:0000175A EBP:00007BD8 ESP:00007BAA DS:3E00 ES:3E00 FS:0000 GS:0000 SS:3E00 CF:0 ZF:0 SF:0 OF:0 AF:1 PF:1 IF:1
1688:00001651  xchg bx,ax                                             EAX:00001760 EBX:0000FFFF ECX:00000005 EDX:00000118 ESI:00008413 EDI:0000175C EBP:00007BD8 ESP:00007BAA DS:3E00 ES:3E00 FS:0000 GS:0000 SS:3E00 CF:0 ZF:0 SF:0 OF:0 AF:1 PF:1 IF:1
1688:00001652  stosw                                                  EAX:0000FFFF EBX:00001760 ECX:00000005 EDX:00000118 ESI:00008413 EDI:0000175C EBP:00007BD8 ESP:00007BAA DS:3E00 ES:3E00 FS:0000 GS:0000 SS:3E00 CF:0 ZF:0 SF:0 OF:0 AF:1 PF:1 IF:1
1688:00001653  stosw                                                  EAX:0000FFFF EBX:00001760 ECX:00000005 EDX:00000118 ESI:00008413 EDI:0000175E EBP:00007BD8 ESP:00007BAA DS:3E00 ES:3E00 FS:0000 GS:0000 SS:3E00 CF:0 ZF:0 SF:0 OF:0 AF:1 PF:1 IF:1
1688:00001654  xchg bx,ax                                             EAX:0000FFFF EBX:00001760 ECX:00000005 EDX:00000118 ESI:00008413 EDI:00001760 EBP:00007BD8 ESP:00007BAA DS:3E00 ES:3E00 FS:0000 GS:0000 SS:3E00 CF:0 ZF:0 SF:0 OF:0 AF:1 PF:1 IF:1
1688:00001655  add  ax,0006                                           EAX:00001760 EBX:0000FFFF ECX:00000005 EDX:00000118 ESI:00008413 EDI:00001760 EBP:00007BD8 ESP:00007BAA DS:3E00 ES:3E00 FS:0000 GS:0000 SS:3E00 CF:0 ZF:0 SF:0 OF:0 AF:1 PF:1 IF:1
1688:00001658  loop 00001650 ($-a)                                    EAX:00001766 EBX:0000FFFF ECX:00000005 EDX:00000118 ESI:00008413 EDI:00001760 EBP:00007BD8 ESP:00007BAA DS:3E00 ES:3E00 FS:0000 GS:0000 SS:3E00 CF:0 ZF:0 SF:0 OF:0 AF:0 PF:1 IF:1
1688:00001650  stosw                                                  EAX:00001766 EBX:0000FFFF ECX:00000004 EDX:00000118 ESI:00008413 EDI:00001760 EBP:00007BD8 ESP:00007BAA DS:3E00 ES:3E00 FS:0000 GS:0000 SS:3E00 CF:0 ZF:0 SF:0 OF:0 AF:0 PF:1 IF:1
1688:00001651  xchg bx,ax                                             EAX:00001766 EBX:0000FFFF ECX:00000004 EDX:00000118 ESI:00008413 EDI:00001762 EBP:00007BD8 ESP:00007BAA DS:3E00 ES:3E00 FS:0000 GS:0000 SS:3E00 CF:0 ZF:0 SF:0 OF:0 AF:0 PF:1 IF:1
1688:00001652  stosw                                                  EAX:0000FFFF EBX:00001766 ECX:00000004 EDX:00000118 ESI:00008413 EDI:00001762 EBP:00007BD8 ESP:00007BAA DS:3E00 ES:3E00 FS:0000 GS:0000 SS:3E00 CF:0 ZF:0 SF:0 OF:0 AF:0 PF:1 IF:1
1688:00001653  stosw                                                  EAX:0000FFFF EBX:00001766 ECX:00000004 EDX:00000118 ESI:00008413 EDI:00001764 EBP:00007BD8 ESP:00007BAA DS:3E00 ES:3E00 FS:0000 GS:0000 SS:3E00 CF:0 ZF:0 SF:0 OF:0 AF:0 PF:1 IF:1
1688:00001654  xchg bx,ax                                             EAX:0000FFFF EBX:00001766 ECX:00000004 EDX:00000118 ESI:00008413 EDI:00001766 EBP:00007BD8 ESP:00007BAA DS:3E00 ES:3E00 FS:0000 GS:0000 SS:3E00 CF:0 ZF:0 SF:0 OF:0 AF:0 PF:1 IF:1
1688:00001655  add  ax,0006                                           EAX:00001766 EBX:0000FFFF ECX:00000004 EDX:00000118 ESI:00008413 EDI:00001766 EBP:00007BD8 ESP:00007BAA DS:3E00 ES:3E00 FS:0000 GS:0000 SS:3E00 CF:0 ZF:0 SF:0 OF:0 AF:0 PF:1 IF:1
1688:00001658  loop 00001650 ($-a)                                    EAX:0000176C EBX:0000FFFF ECX:00000004 EDX:00000118 ESI:00008413 EDI:00001766 EBP:00007BD8 ESP:00007BAA DS:3E00 ES:3E00 FS:0000 GS:0000 SS:3E00 CF:0 ZF:0 SF:0 OF:0 AF:0 PF:1 IF:1
1688:00001650  stosw                                                  EAX:0000176C EBX:0000FFFF ECX:00000003 EDX:00000118 ESI:00008413 EDI:00001766 EBP:00007BD8 ESP:00007BAA DS:3E00 ES:3E00 FS:0000 GS:0000 SS:3E00 CF:0 ZF:0 SF:0 OF:0 AF:0 PF:1 IF:1
1688:00001651  xchg bx,ax                                             EAX:0000176C EBX:0000FFFF ECX:00000003 EDX:00000118 ESI:00008413 EDI:00001768 EBP:00007BD8 ESP:00007BAA DS:3E00 ES:3E00 FS:0000 GS:0000 SS:3E00 CF:0 ZF:0 SF:0 OF:0 AF:0 PF:1 IF:1
1688:00001652  stosw                                                  EAX:0000FFFF EBX:0000176C ECX:00000003 EDX:00000118 ESI:00008413 EDI:00001768 EBP:00007BD8 ESP:00007BAA DS:3E00 ES:3E00 FS:0000 GS:0000 SS:3E00 CF:0 ZF:0 SF:0 OF:0 AF:0 PF:1 IF:1
1688:00001653  stosw                                                  EAX:0000FFFF EBX:0000176C ECX:00000003 EDX:00000118 ESI:00008413 EDI:0000176A EBP:00007BD8 ESP:00007BAA DS:3E00 ES:3E00 FS:0000 GS:0000 SS:3E00 CF:0 ZF:0 SF:0 OF:0 AF:0 PF:1 IF:1
1688:00001654  xchg bx,ax                                             EAX:0000FFFF EBX:0000176C ECX:00000003 EDX:00000118 ESI:00008413 EDI:0000176C EBP:00007BD8 ESP:00007BAA DS:3E00 ES:3E00 FS:0000 GS:0000 SS:3E00 CF:0 ZF:0 SF:0 OF:0 AF:0 PF:1 IF:1
1688:00001655  add  ax,0006                                           EAX:0000176C EBX:0000FFFF ECX:00000003 EDX:00000118 ESI:00008413 EDI:0000176C EBP:00007BD8 ESP:00007BAA DS:3E00 ES:3E00 FS:0000 GS:0000 SS:3E00 CF:0 ZF:0 SF:0 OF:0 AF:0 PF:1 IF:1
1688:00001658  loop 00001650 ($-a)                                    EAX:00001772 EBX:0000FFFF ECX:00000003 EDX:00000118 ESI:00008413 EDI:0000176C EBP:00007BD8 ESP:00007BAA DS:3E00 ES:3E00 FS:0000 GS:0000 SS:3E00 CF:0 ZF:0 SF:0 OF:0 AF:1 PF:1 IF:1
1688:00001650  stosw                                                  EAX:00001772 EBX:0000FFFF ECX:00000002 EDX:00000118 ESI:00008413 EDI:0000176C EBP:00007BD8 ESP:00007BAA DS:3E00 ES:3E00 FS:0000 GS:0000 SS:3E00 CF:0 ZF:0 SF:0 OF:0 AF:1 PF:1 IF:1
1688:00001651  xchg bx,ax                                             EAX:00001772 EBX:0000FFFF ECX:00000002 EDX:00000118 ESI:00008413 EDI:0000176E EBP:00007BD8 ESP:00007BAA DS:3E00 ES:3E00 FS:0000 GS:0000 SS:3E00 CF:0 ZF:0 SF:0 OF:0 AF:1 PF:1 IF:1
1688:00001652  stosw                                                  EAX:0000FFFF EBX:00001772 ECX:00000002 EDX:00000118 ESI:00008413 EDI:0000176E EBP:00007BD8 ESP:00007BAA DS:3E00 ES:3E00 FS:0000 GS:0000 SS:3E00 CF:0 ZF:0 SF:0 OF:0 AF:1 PF:1 IF:1
1688:00001653  stosw                                                  EAX:0000FFFF EBX:00001772 ECX:00000002 EDX:00000118 ESI:00008413 EDI:00001770 EBP:00007BD8 ESP:00007BAA DS:3E00 ES:3E00 FS:0000 GS:0000 SS:3E00 CF:0 ZF:0 SF:0 OF:0 AF:1 PF:1 IF:1
1688:00001654  xchg bx,ax                                             EAX:0000FFFF EBX:00001772 ECX:00000002 EDX:00000118 ESI:00008413 EDI:00001772 EBP:00007BD8 ESP:00007BAA DS:3E00 ES:3E00 FS:0000 GS:0000 SS:3E00 CF:0 ZF:0 SF:0 OF:0 AF:1 PF:1 IF:1
1688:00001655  add  ax,0006                                           EAX:00001772 EBX:0000FFFF ECX:00000002 EDX:00000118 ESI:00008413 EDI:00001772 EBP:00007BD8 ESP:00007BAA DS:3E00 ES:3E00 FS:0000 GS:0000 SS:3E00 CF:0 ZF:0 SF:0 OF:0 AF:1 PF:1 IF:1
1688:00001658  loop 00001650 ($-a)                                    EAX:00001778 EBX:0000FFFF ECX:00000002 EDX:00000118 ESI:00008413 EDI:00001772 EBP:00007BD8 ESP:00007BAA DS:3E00 ES:3E00 FS:0000 GS:0000 SS:3E00 CF:0 ZF:0 SF:0 OF:0 AF:0 PF:1 IF:1
1688:00001650  stosw                                                  EAX:00001778 EBX:0000FFFF ECX:00000001 EDX:00000118 ESI:00008413 EDI:00001772 EBP:00007BD8 ESP:00007BAA DS:3E00 ES:3E00 FS:0000 GS:0000 SS:3E00 CF:0 ZF:0 SF:0 OF:0 AF:0 PF:1 IF:1
1688:00001651  xchg bx,ax                                             EAX:00001778 EBX:0000FFFF ECX:00000001 EDX:00000118 ESI:00008413 EDI:00001774 EBP:00007BD8 ESP:00007BAA DS:3E00 ES:3E00 FS:0000 GS:0000 SS:3E00 CF:0 ZF:0 SF:0 OF:0 AF:0 PF:1 IF:1
1688:00001652  stosw                                                  EAX:0000FFFF EBX:00001778 ECX:00000001 EDX:00000118 ESI:00008413 EDI:00001774 EBP:00007BD8 ESP:00007BAA DS:3E00 ES:3E00 FS:0000 GS:0000 SS:3E00 CF:0 ZF:0 SF:0 OF:0 AF:0 PF:1 IF:1
1688:00001653  stosw                                                  EAX:0000FFFF EBX:00001778 ECX:00000001 EDX:00000118 ESI:00008413 EDI:00001776 EBP:00007BD8 ESP:00007BAA DS:3E00 ES:3E00 FS:0000 GS:0000 SS:3E00 CF:0 ZF:0 SF:0 OF:0 AF:0 PF:1 IF:1
1688:00001654  xchg bx,ax                                             EAX:0000FFFF EBX:00001778 ECX:00000001 EDX:00000118 ESI:00008413 EDI:00001778 EBP:00007BD8 ESP:00007BAA DS:3E00 ES:3E00 FS:0000 GS:0000 SS:3E00 CF:0 ZF:0 SF:0 OF:0 AF:0 PF:1 IF:1
1688:00001655  add  ax,0006                                           EAX:00001778 EBX:0000FFFF ECX:00000001 EDX:00000118 ESI:00008413 EDI:00001778 EBP:00007BD8 ESP:00007BAA DS:3E00 ES:3E00 FS:0000 GS:0000 SS:3E00 CF:0 ZF:0 SF:0 OF:0 AF:0 PF:1 IF:1
1688:00001658  loop 00001650 ($-a)                                    EAX:0000177E EBX:0000FFFF ECX:00000001 EDX:00000118 ESI:00008413 EDI:00001778 EBP:00007BD8 ESP:00007BAA DS:3E00 ES:3E00 FS:0000 GS:0000 SS:3E00 CF:0 ZF:0 SF:0 OF:0 AF:0 PF:1 IF:1
1688:0000165A  pop  es                                                EAX:0000177E EBX:0000FFFF ECX:00000000 EDX:00000118 ESI:00008413 EDI:00001778 EBP:00007BD8 ESP:00007BAA DS:3E00 ES:3E00 FS:0000 GS:0000 SS:3E00 CF:0 ZF:0 SF:0 OF:0 AF:0 PF:1 IF:1
1688:0000165B  mov  word [di-06],0000          ds:[1772]=1778         EAX:0000177E EBX:0000FFFF ECX:00000000 EDX:00000118 ESI:00008413 EDI:00001778 EBP:00007BD8 ESP:00007BAC DS:3E00 ES:3E00 FS:0000 GS:0000 SS:3E00 CF:0 ZF:0 SF:0 OF:0 AF:0 PF:1 IF:1
1688:00001660  ret                                                    EAX:0000177E EBX:0000FFFF ECX:00000000 EDX:00000118 ESI:00008413 EDI:00001778 EBP:00007BD8 ESP:00007BAC DS:3E00 ES:3E00 FS:0000 GS:0000 SS:3E00 CF:0 ZF:0 SF:0 OF:0 AF:0 PF:1 IF:1
1688:00000B66  pop  di                                                EAX:0000177E EBX:0000FFFF ECX:00000000 EDX:00000118 ESI:00008413 EDI:00001778 EBP:00007BD8 ESP:00007BAE DS:3E00 ES:3E00 FS:0000 GS:0000 SS:3E00 CF:0 ZF:0 SF:0 OF:0 AF:0 PF:1 IF:1
1688:00000B67  pop  si                                                EAX:0000177E EBX:0000FFFF ECX:00000000 EDX:00000118 ESI:00008413 EDI:0000211E EBP:00007BD8 ESP:00007BB0 DS:3E00 ES:3E00 FS:0000 GS:0000 SS:3E00 CF:0 ZF:0 SF:0 OF:0 AF:0 PF:1 IF:1
1688:00000B68  pop  cx                                                EAX:0000177E EBX:0000FFFF ECX:00000000 EDX:00000118 ESI:0000177C EDI:0000211E EBP:00007BD8 ESP:00007BB2 DS:3E00 ES:3E00 FS:0000 GS:0000 SS:3E00 CF:0 ZF:0 SF:0 OF:0 AF:0 PF:1 IF:1
1688:00000B69  pop  bx                                                EAX:0000177E EBX:0000FFFF ECX:000019C9 EDX:00000118 ESI:0000177C EDI:0000211E EBP:00007BD8 ESP:00007BB4 DS:3E00 ES:3E00 FS:0000 GS:0000 SS:3E00 CF:0 ZF:0 SF:0 OF:0 AF:0 PF:1 IF:1
1688:00000B6A  pop  ax                                                EAX:0000177E EBX:000019AF ECX:000019C9 EDX:00000118 ESI:0000177C EDI:0000211E EBP:00007BD8 ESP:00007BB6 DS:3E00 ES:3E00 FS:0000 GS:0000 SS:3E00 CF:0 ZF:0 SF:0 OF:0 AF:0 PF:1 IF:1
1688:00000B6B  ret                                                    EAX:00001824 EBX:000019AF ECX:000019C9 EDX:00000118 ESI:0000177C EDI:0000211E EBP:00007BD8 ESP:00007BB8 DS:3E00 ES:3E00 FS:0000 GS:0000 SS:3E00 CF:0 ZF:0 SF:0 OF:0 AF:0 PF:1 IF:1
1688:00000006  mov  ax,0007                                           EAX:00001824 EBX:000019AF ECX:000019C9 EDX:00000118 ESI:0000177C EDI:0000211E EBP:00007BD8 ESP:00007BBA DS:3E00 ES:3E00 FS:0000 GS:0000 SS:3E00 CF:0 ZF:0 SF:0 OF:0 AF:0 PF:1 IF:1
1688:00000009  jmp  short 00000003 ($-8)       (up)                   EAX:00000007 EBX:000019AF ECX:000019C9 EDX:00000118 ESI:0000177C EDI:0000211E EBP:00007BD8 ESP:00007BBA DS:3E00 ES:3E00 FS:0000 GS:0000 SS:3E00 CF:0 ZF:0 SF:0 OF:0 AF:0 PF:1 IF:1
1688:00000003  or   ax,ax                                             EAX:00000007 EBX:000019AF ECX:000019C9 EDX:00000118 ESI:0000177C EDI:0000211E EBP:00007BD8 ESP:00007BBA DS:3E00 ES:3E00 FS:0000 GS:0000 SS:3E00 CF:0 ZF:0 SF:0 OF:0 AF:0 PF:1 IF:1
1688:00000005  ret                                                    EAX:00000007 EBX:000019AF ECX:000019C9 EDX:00000118 ESI:0000177C EDI:0000211E EBP:00007BD8 ESP:00007BBA DS:3E00 ES:3E00 FS:0000 GS:0000 SS:3E00 CF:0 ZF:0 SF:0 OF:0 AF:0 PF:0 IF:1
1688:0000171B  mov  si,1790                                           EAX:00000007 EBX:000019AF ECX:000019C9 EDX:00000118 ESI:0000177C EDI:0000211E EBP:00007BD8 ESP:00007BBC DS:3E00 ES:3E00 FS:0000 GS:0000 SS:3E00 CF:0 ZF:0 SF:0 OF:0 AF:0 PF:0 IF:1
1688:0000171E  call 1688:181C                                         EAX:00000007 EBX:000019AF ECX:000019C9 EDX:00000118 ESI:00001790 EDI:0000211E EBP:00007BD8 ESP:00007BBC DS:3E00 ES:3E00 FS:0000 GS:0000 SS:3E00 CF:0 ZF:0 SF:0 OF:0 AF:0 PF:0 IF:1
1688:0000181C  mov  cx,[si]                    ds:[1790]=000A         EAX:00000007 EBX:000019AF ECX:000019C9 EDX:00000118 ESI:00001790 EDI:0000211E EBP:00007BD8 ESP:00007BB8 DS:3E00 ES:3E00 FS:0000 GS:0000 SS:3E00 CF:0 ZF:0 SF:0 OF:0 AF:0 PF:0 IF:1
1688:0000181E  jcxz 00001827 ($+7)             (no jmp)               EAX:00000007 EBX:000019AF ECX:0000000A EDX:00000118 ESI:00001790 EDI:0000211E EBP:00007BD8 ESP:00007BB8 DS:3E00 ES:3E00 FS:0000 GS:0000 SS:3E00 CF:0 ZF:0 SF:0 OF:0 AF:0 PF:0 IF:1
1688:00001820  lodsw                                                  EAX:00000007 EBX:000019AF ECX:0000000A EDX:00000118 ESI:00001790 EDI:0000211E EBP:00007BD8 ESP:00007BB8 DS:3E00 ES:3E00 FS:0000 GS:0000 SS:3E00 CF:0 ZF:0 SF:0 OF:0 AF:0 PF:0 IF:1
1688:00001821  push cx                                                EAX:0000000A EBX:000019AF ECX:0000000A EDX:00000118 ESI:00001792 EDI:0000211E EBP:00007BD8 ESP:00007BB8 DS:3E00 ES:3E00 FS:0000 GS:0000 SS:3E00 CF:0 ZF:0 SF:0 OF:0 AF:0 PF:0 IF:1
1688:00001822  call near word [si]             ds:[1792]=19CF         EAX:0000000A EBX:000019AF ECX:0000000A EDX:00000118 ESI:00001792 EDI:0000211E EBP:00007BD8 ESP:00007BB6 DS:3E00 ES:3E00 FS:0000 GS:0000 SS:3E00 CF:0 ZF:0 SF:0 OF:0 AF:0 PF:0 IF:1
1688:000019CF  push es                                                EAX:0000000A EBX:000019AF ECX:0000000A EDX:00000118 ESI:00001792 EDI:0000211E EBP:00007BD8 ESP:00007BB4 DS:3E00 ES:3E00 FS:0000 GS:0000 SS:3E00 CF:0 ZF:0 SF:0 OF:0 AF:0 PF:0 IF:1
1688:000019D0  xor  ax,ax                                             EAX:0000000A EBX:000019AF ECX:0000000A EDX:00000118 ESI:00001792 EDI:0000211E EBP:00007BD8 ESP:00007BB2 DS:3E00 ES:3E00 FS:0000 GS:0000 SS:3E00 CF:0 ZF:0 SF:0 OF:0 AF:0 PF:0 IF:1
1688:000019D2  mov  [00F0],ax                  ds:[00F0]=0000         EAX:00000000 EBX:000019AF ECX:0000000A EDX:00000118 ESI:00001792 EDI:0000211E EBP:00007BD8 ESP:00007BB2 DS:3E00 ES:3E00 FS:0000 GS:0000 SS:3E00 CF:0 ZF:1 SF:0 OF:0 AF:0 PF:1 IF:1
1688:000019D5  call 000014D1 ($-507)                                  EAX:00000000 EBX:000019AF ECX:0000000A EDX:00000118 ESI:00001792 EDI:0000211E EBP:00007BD8 ESP:00007BB2 DS:3E00 ES:3E00 FS:0000 GS:0000 SS:3E00 CF:0 ZF:1 SF:0 OF:0 AF:0 PF:1 IF:1
1688:000014D1  push bx                                                EAX:00000000 EBX:000019AF ECX:0000000A EDX:00000118 ESI:00001792 EDI:0000211E EBP:00007BD8 ESP:00007BB0 DS:3E00 ES:3E00 FS:0000 GS:0000 SS:3E00 CF:0 ZF:1 SF:0 OF:0 AF:0 PF:1 IF:1
1688:000014D2  mov  bx,1700                                           EAX:00000000 EBX:000019AF ECX:0000000A EDX:00000118 ESI:00001792 EDI:0000211E EBP:00007BD8 ESP:00007BAE DS:3E00 ES:3E00 FS:0000 GS:0000 SS:3E00 CF:0 ZF:1 SF:0 OF:0 AF:0 PF:1 IF:1
1688:000014D5  cmp  [bx+04],ax                 ds:[1704]=FFFF         EAX:00000000 EBX:00001700 ECX:0000000A EDX:00000118 ESI:00001792 EDI:0000211E EBP:00007BD8 ESP:00007BAE DS:3E00 ES:3E00 FS:0000 GS:0000 SS:3E00 CF:0 ZF:1 SF:0 OF:0 AF:0 PF:1 IF:1
1688:000014D8  jl   000014DD ($+3)             (down)                 EAX:00000000 EBX:00001700 ECX:0000000A EDX:00000118 ESI:00001792 EDI:0000211E EBP:00007BD8 ESP:00007BAE DS:3E00 ES:3E00 FS:0000 GS:0000 SS:3E00 CF:0 ZF:0 SF:1 OF:0 AF:0 PF:1 IF:1
1688:000014DD  add  bx,0006                                           EAX:00000000 EBX:00001700 ECX:0000000A EDX:00000118 ESI:00001792 EDI:0000211E EBP:00007BD8 ESP:00007BAE DS:3E00 ES:3E00 FS:0000 GS:0000 SS:3E00 CF:0 ZF:0 SF:1 OF:0 AF:0 PF:1 IF:1
1688:000014E0  cmp  bx,1778                                           EAX:00000000 EBX:00001706 ECX:0000000A EDX:00000118 ESI:00001792 EDI:0000211E EBP:00007BD8 ESP:00007BAE DS:3E00 ES:3E00 FS:0000 GS:0000 SS:3E00 CF:0 ZF:0 SF:0 OF:0 AF:0 PF:1 IF:1
1688:000014E4  jc   000014D5 ($-11)            (up)                   EAX:00000000 EBX:00001706 ECX:0000000A EDX:00000118 ESI:00001792 EDI:0000211E EBP:00007BD8 ESP:00007BAE DS:3E00 ES:3E00 FS:0000 GS:0000 SS:3E00 CF:1 ZF:0 SF:1 OF:0 AF:1 PF:1 IF:1
1688:000014D5  cmp  [bx+04],ax                 ds:[170A]=FFFF         EAX:00000000 EBX:00001706 ECX:0000000A EDX:00000118 ESI:00001792 EDI:0000211E EBP:00007BD8 ESP:00007BAE DS:3E00 ES:3E00 FS:0000 GS:0000 SS:3E00 CF:1 ZF:0 SF:1 OF:0 AF:1 PF:1 IF:1
1688:000014D8  jl   000014DD ($+3)             (down)                 EAX:00000000 EBX:00001706 ECX:0000000A EDX:00000118 ESI:00001792 EDI:0000211E EBP:00007BD8 ESP:00007BAE DS:3E00 ES:3E00 FS:0000 GS:0000 SS:3E00 CF:0 ZF:0 SF:1 OF:0 AF:0 PF:1 IF:1
1688:000014DD  add  bx,0006                                           EAX:00000000 EBX:00001706 ECX:0000000A EDX:00000118 ESI:00001792 EDI:0000211E EBP:00007BD8 ESP:00007BAE DS:3E00 ES:3E00 FS:0000 GS:0000 SS:3E00 CF:0 ZF:0 SF:1 OF:0 AF:0 PF:1 IF:1
1688:000014E0  cmp  bx,1778                                           EAX:00000000 EBX:0000170C ECX:0000000A EDX:00000118 ESI:00001792 EDI:0000211E EBP:00007BD8 ESP:00007BAE DS:3E00 ES:3E00 FS:0000 GS:0000 SS:3E00 CF:0 ZF:0 SF:0 OF:0 AF:0 PF:1 IF:1
1688:000014E4  jc   000014D5 ($-11)            (up)                   EAX:00000000 EBX:0000170C ECX:0000000A EDX:00000118 ESI:00001792 EDI:0000211E EBP:00007BD8 ESP:00007BAE DS:3E00 ES:3E00 FS:0000 GS:0000 SS:3E00 CF:1 ZF:0 SF:1 OF:0 AF:0 PF:0 IF:1
1688:000014D5  cmp  [bx+04],ax                 ds:[1710]=FFFF         EAX:00000000 EBX:0000170C ECX:0000000A EDX:00000118 ESI:00001792 EDI:0000211E EBP:00007BD8 ESP:00007BAE DS:3E00 ES:3E00 FS:0000 GS:0000 SS:3E00 CF:1 ZF:0 SF:1 OF:0 AF:0 PF:0 IF:1
1688:000014D8  jl   000014DD ($+3)             (down)                 EAX:00000000 EBX:0000170C ECX:0000000A EDX:00000118 ESI:00001792 EDI:0000211E EBP:00007BD8 ESP:00007BAE DS:3E00 ES:3E00 FS:0000 GS:0000 SS:3E00 CF:0 ZF:0 SF:1 OF:0 AF:0 PF:1 IF:1
1688:000014DD  add  bx,0006                                           EAX:00000000 EBX:0000170C ECX:0000000A EDX:00000118 ESI:00001792 EDI:0000211E EBP:00007BD8 ESP:00007BAE DS:3E00 ES:3E00 FS:0000 GS:0000 SS:3E00 CF:0 ZF:0 SF:1 OF:0 AF:0 PF:1 IF:1
1688:000014E0  cmp  bx,1778                                           EAX:00000000 EBX:00001712 ECX:0000000A EDX:00000118 ESI:00001792 EDI:0000211E EBP:00007BD8 ESP:00007BAE DS:3E00 ES:3E00 FS:0000 GS:0000 SS:3E00 CF:0 ZF:0 SF:0 OF:0 AF:1 PF:1 IF:1
1688:000014E4  jc   000014D5 ($-11)            (up)                   EAX:00000000 EBX:00001712 ECX:0000000A EDX:00000118 ESI:00001792 EDI:0000211E EBP:00007BD8 ESP:00007BAE DS:3E00 ES:3E00 FS:0000 GS:0000 SS:3E00 CF:1 ZF:0 SF:1 OF:0 AF:1 PF:1 IF:1
1688:000014D5  cmp  [bx+04],ax                 ds:[1716]=FFFF         EAX:00000000 EBX:00001712 ECX:0000000A EDX:00000118 ESI:00001792 EDI:0000211E EBP:00007BD8 ESP:00007BAE DS:3E00 ES:3E00 FS:0000 GS:0000 SS:3E00 CF:1 ZF:0 SF:1 OF:0 AF:1 PF:1 IF:1
1688:000014D8  jl   000014DD ($+3)             (down)                 EAX:00000000 EBX:00001712 ECX:0000000A EDX:00000118 ESI:00001792 EDI:0000211E EBP:00007BD8 ESP:00007BAE DS:3E00 ES:3E00 FS:0000 GS:0000 SS:3E00 CF:0 ZF:0 SF:1 OF:0 AF:0 PF:1 IF:1
1688:000014DD  add  bx,0006                                           EAX:00000000 EBX:00001712 ECX:0000000A EDX:00000118 ESI:00001792 EDI:0000211E EBP:00007BD8 ESP:00007BAE DS:3E00 ES:3E00 FS:0000 GS:0000 SS:3E00 CF:0 ZF:0 SF:1 OF:0 AF:0 PF:1 IF:1
1688:000014E0  cmp  bx,1778                                           EAX:00000000 EBX:00001718 ECX:0000000A EDX:00000118 ESI:00001792 EDI:0000211E EBP:00007BD8 ESP:00007BAE DS:3E00 ES:3E00 FS:0000 GS:0000 SS:3E00 CF:0 ZF:0 SF:0 OF:0 AF:0 PF:1 IF:1
1688:000014E4  jc   000014D5 ($-11)            (up)                   EAX:00000000 EBX:00001718 ECX:0000000A EDX:00000118 ESI:00001792 EDI:0000211E EBP:00007BD8 ESP:00007BAE DS:3E00 ES:3E00 FS:0000 GS:0000 SS:3E00 CF:1 ZF:0 SF:1 OF:0 AF:0 PF:1 IF:1
1688:000014D5  cmp  [bx+04],ax                 ds:[171C]=FFFF         EAX:00000000 EBX:00001718 ECX:0000000A EDX:00000118 ESI:00001792 EDI:0000211E EBP:00007BD8 ESP:00007BAE DS:3E00 ES:3E00 FS:0000 GS:0000 SS:3E00 CF:1 ZF:0 SF:1 OF:0 AF:0 PF:1 IF:1
1688:000014D8  jl   000014DD ($+3)             (down)                 EAX:00000000 EBX:00001718 ECX:0000000A EDX:00000118 ESI:00001792 EDI:0000211E EBP:00007BD8 ESP:00007BAE DS:3E00 ES:3E00 FS:0000 GS:0000 SS:3E00 CF:0 ZF:0 SF:1 OF:0 AF:0 PF:1 IF:1
1688:000014DD  add  bx,0006                                           EAX:00000000 EBX:00001718 ECX:0000000A EDX:00000118 ESI:00001792 EDI:0000211E EBP:00007BD8 ESP:00007BAE DS:3E00 ES:3E00 FS:0000 GS:0000 SS:3E00 CF:0 ZF:0 SF:1 OF:0 AF:0 PF:1 IF:1
1688:000014E0  cmp  bx,1778                                           EAX:00000000 EBX:0000171E ECX:0000000A EDX:00000118 ESI:00001792 EDI:0000211E EBP:00007BD8 ESP:00007BAE DS:3E00 ES:3E00 FS:0000 GS:0000 SS:3E00 CF:0 ZF:0 SF:0 OF:0 AF:0 PF:1 IF:1
1688:000014E4  jc   000014D5 ($-11)            (up)                   EAX:00000000 EBX:0000171E ECX:0000000A EDX:00000118 ESI:00001792 EDI:0000211E EBP:00007BD8 ESP:00007BAE DS:3E00 ES:3E00 FS:0000 GS:0000 SS:3E00 CF:1 ZF:0 SF:1 OF:0 AF:0 PF:1 IF:1
1688:000014D5  cmp  [bx+04],ax                 ds:[1722]=FFFF         EAX:00000000 EBX:0000171E ECX:0000000A EDX:00000118 ESI:00001792 EDI:0000211E EBP:00007BD8 ESP:00007BAE DS:3E00 ES:3E00 FS:0000 GS:0000 SS:3E00 CF:1 ZF:0 SF:1 OF:0 AF:0 PF:1 IF:1
1688:000014D8  jl   000014DD ($+3)             (down)                 EAX:00000000 EBX:0000171E ECX:0000000A EDX:00000118 ESI:00001792 EDI:0000211E EBP:00007BD8 ESP:00007BAE DS:3E00 ES:3E00 FS:0000 GS:0000 SS:3E00 CF:0 ZF:0 SF:1 OF:0 AF:0 PF:1 IF:1
1688:000014DD  add  bx,0006                                           EAX:00000000 EBX:0000171E ECX:0000000A EDX:00000118 ESI:00001792 EDI:0000211E EBP:00007BD8 ESP:00007BAE DS:3E00 ES:3E00 FS:0000 GS:0000 SS:3E00 CF:0 ZF:0 SF:1 OF:0 AF:0 PF:1 IF:1
1688:000014E0  cmp  bx,1778                                           EAX:00000000 EBX:00001724 ECX:0000000A EDX:00000118 ESI:00001792 EDI:0000211E EBP:00007BD8 ESP:00007BAE DS:3E00 ES:3E00 FS:0000 GS:0000 SS:3E00 CF:0 ZF:0 SF:0 OF:0 AF:1 PF:1 IF:1
1688:000014E4  jc   000014D5 ($-11)            (up)                   EAX:00000000 EBX:00001724 ECX:0000000A EDX:00000118 ESI:00001792 EDI:0000211E EBP:00007BD8 ESP:00007BAE DS:3E00 ES:3E00 FS:0000 GS:0000 SS:3E00 CF:1 ZF:0 SF:1 OF:0 AF:1 PF:1 IF:1
1688:000014D5  cmp  [bx+04],ax                 ds:[1728]=FFFF         EAX:00000000 EBX:00001724 ECX:0000000A EDX:00000118 ESI:00001792 EDI:0000211E EBP:00007BD8 ESP:00007BAE DS:3E00 ES:3E00 FS:0000 GS:0000 SS:3E00 CF:1 ZF:0 SF:1 OF:0 AF:1 PF:1 IF:1
1688:000014D8  jl   000014DD ($+3)             (down)                 EAX:00000000 EBX:00001724 ECX:0000000A EDX:00000118 ESI:00001792 EDI:0000211E EBP:00007BD8 ESP:00007BAE DS:3E00 ES:3E00 FS:0000 GS:0000 SS:3E00 CF:0 ZF:0 SF:1 OF:0 AF:0 PF:1 IF:1
1688:000014DD  add  bx,0006                                           EAX:00000000 EBX:00001724 ECX:0000000A EDX:00000118 ESI:00001792 EDI:0000211E EBP:00007BD8 ESP:00007BAE DS:3E00 ES:3E00 FS:0000 GS:0000 SS:3E00 CF:0 ZF:0 SF:1 OF:0 AF:0 PF:1 IF:1
1688:000014E0  cmp  bx,1778                                           EAX:00000000 EBX:0000172A ECX:0000000A EDX:00000118 ESI:00001792 EDI:0000211E EBP:00007BD8 ESP:00007BAE DS:3E00 ES:3E00 FS:0000 GS:0000 SS:3E00 CF:0 ZF:0 SF:0 OF:0 AF:0 PF:0 IF:1
1688:000014E4  jc   000014D5 ($-11)            (up)                   EAX:00000000 EBX:0000172A ECX:0000000A EDX:00000118 ESI:00001792 EDI:0000211E EBP:00007BD8 ESP:00007BAE DS:3E00 ES:3E00 FS:0000 GS:0000 SS:3E00 CF:1 ZF:0 SF:1 OF:0 AF:0 PF:1 IF:1
1688:000014D5  cmp  [bx+04],ax                 ds:[172E]=FFFF         EAX:00000000 EBX:0000172A ECX:0000000A EDX:00000118 ESI:00001792 EDI:0000211E EBP:00007BD8 ESP:00007BAE DS:3E00 ES:3E00 FS:0000 GS:0000 SS:3E00 CF:1 ZF:0 SF:1 OF:0 AF:0 PF:1 IF:1
1688:000014D8  jl   000014DD ($+3)             (down)                 EAX:00000000 EBX:0000172A ECX:0000000A EDX:00000118 ESI:00001792 EDI:0000211E EBP:00007BD8 ESP:00007BAE DS:3E00 ES:3E00 FS:0000 GS:0000 SS:3E00 CF:0 ZF:0 SF:1 OF:0 AF:0 PF:1 IF:1
1688:000014DD  add  bx,0006                                           EAX:00000000 EBX:0000172A ECX:0000000A EDX:00000118 ESI:00001792 EDI:0000211E EBP:00007BD8 ESP:00007BAE DS:3E00 ES:3E00 FS:0000 GS:0000 SS:3E00 CF:0 ZF:0 SF:1 OF:0 AF:0 PF:1 IF:1
1688:000014E0  cmp  bx,1778                                           EAX:00000000 EBX:00001730 ECX:0000000A EDX:00000118 ESI:00001792 EDI:0000211E EBP:00007BD8 ESP:00007BAE DS:3E00 ES:3E00 FS:0000 GS:0000 SS:3E00 CF:0 ZF:0 SF:0 OF:0 AF:1 PF:1 IF:1
1688:000014E4  jc   000014D5 ($-11)            (up)                   EAX:00000000 EBX:00001730 ECX:0000000A EDX:00000118 ESI:00001792 EDI:0000211E EBP:00007BD8 ESP:00007BAE DS:3E00 ES:3E00 FS:0000 GS:0000 SS:3E00 CF:1 ZF:0 SF:1 OF:0 AF:1 PF:1 IF:1
1688:000014D5  cmp  [bx+04],ax                 ds:[1734]=FFFF         EAX:00000000 EBX:00001730 ECX:0000000A EDX:00000118 ESI:00001792 EDI:0000211E EBP:00007BD8 ESP:00007BAE DS:3E00 ES:3E00 FS:0000 GS:0000 SS:3E00 CF:1 ZF:0 SF:1 OF:0 AF:1 PF:1 IF:1
1688:000014D8  jl   000014DD ($+3)             (down)                 EAX:00000000 EBX:00001730 ECX:0000000A EDX:00000118 ESI:00001792 EDI:0000211E EBP:00007BD8 ESP:00007BAE DS:3E00 ES:3E00 FS:0000 GS:0000 SS:3E00 CF:0 ZF:0 SF:1 OF:0 AF:0 PF:1 IF:1
1688:000014DD  add  bx,0006                                           EAX:00000000 EBX:00001730 ECX:0000000A EDX:00000118 ESI:00001792 EDI:0000211E EBP:00007BD8 ESP:00007BAE DS:3E00 ES:3E00 FS:0000 GS:0000 SS:3E00 CF:0 ZF:0 SF:1 OF:0 AF:0 PF:1 IF:1
1688:000014E0  cmp  bx,1778                                           EAX:00000000 EBX:00001736 ECX:0000000A EDX:00000118 ESI:00001792 EDI:0000211E EBP:00007BD8 ESP:00007BAE DS:3E00 ES:3E00 FS:0000 GS:0000 SS:3E00 CF:0 ZF:0 SF:0 OF:0 AF:0 PF:1 IF:1
1688:000014E4  jc   000014D5 ($-11)            (up)                   EAX:00000000 EBX:00001736 ECX:0000000A EDX:00000118 ESI:00001792 EDI:0000211E EBP:00007BD8 ESP:00007BAE DS:3E00 ES:3E00 FS:0000 GS:0000 SS:3E00 CF:1 ZF:0 SF:1 OF:0 AF:1 PF:1 IF:1
1688:000014D5  cmp  [bx+04],ax                 ds:[173A]=FFFF         EAX:00000000 EBX:00001736 ECX:0000000A EDX:00000118 ESI:00001792 EDI:0000211E EBP:00007BD8 ESP:00007BAE DS:3E00 ES:3E00 FS:0000 GS:0000 SS:3E00 CF:1 ZF:0 SF:1 OF:0 AF:1 PF:1 IF:1
1688:000014D8  jl   000014DD ($+3)             (down)                 EAX:00000000 EBX:00001736 ECX:0000000A EDX:00000118 ESI:00001792 EDI:0000211E EBP:00007BD8 ESP:00007BAE DS:3E00 ES:3E00 FS:0000 GS:0000 SS:3E00 CF:0 ZF:0 SF:1 OF:0 AF:0 PF:1 IF:1
1688:000014DD  add  bx,0006                                           EAX:00000000 EBX:00001736 ECX:0000000A EDX:00000118 ESI:00001792 EDI:0000211E EBP:00007BD8 ESP:00007BAE DS:3E00 ES:3E00 FS:0000 GS:0000 SS:3E00 CF:0 ZF:0 SF:1 OF:0 AF:0 PF:1 IF:1
1688:000014E0  cmp  bx,1778                                           EAX:00000000 EBX:0000173C ECX:0000000A EDX:00000118 ESI:00001792 EDI:0000211E EBP:00007BD8 ESP:00007BAE DS:3E00 ES:3E00 FS:0000 GS:0000 SS:3E00 CF:0 ZF:0 SF:0 OF:0 AF:0 PF:1 IF:1
1688:000014E4  jc   000014D5 ($-11)            (up)                   EAX:00000000 EBX:0000173C ECX:0000000A EDX:00000118 ESI:00001792 EDI:0000211E EBP:00007BD8 ESP:00007BAE DS:3E00 ES:3E00 FS:0000 GS:0000 SS:3E00 CF:1 ZF:0 SF:1 OF:0 AF:0 PF:0 IF:1
1688:000014D5  cmp  [bx+04],ax                 ds:[1740]=FFFF         EAX:00000000 EBX:0000173C ECX:0000000A EDX:00000118 ESI:00001792 EDI:0000211E EBP:00007BD8 ESP:00007BAE DS:3E00 ES:3E00 FS:0000 GS:0000 SS:3E00 CF:1 ZF:0 SF:1 OF:0 AF:0 PF:0 IF:1
1688:000014D8  jl   000014DD ($+3)             (down)                 EAX:00000000 EBX:0000173C ECX:0000000A EDX:00000118 ESI:00001792 EDI:0000211E EBP:00007BD8 ESP:00007BAE DS:3E00 ES:3E00 FS:0000 GS:0000 SS:3E00 CF:0 ZF:0 SF:1 OF:0 AF:0 PF:1 IF:1
1688:000014DD  add  bx,0006                                           EAX:00000000 EBX:0000173C ECX:0000000A EDX:00000118 ESI:00001792 EDI:0000211E EBP:00007BD8 ESP:00007BAE DS:3E00 ES:3E00 FS:0000 GS:0000 SS:3E00 CF:0 ZF:0 SF:1 OF:0 AF:0 PF:1 IF:1
1688:000014E0  cmp  bx,1778                                           EAX:00000000 EBX:00001742 ECX:0000000A EDX:00000118 ESI:00001792 EDI:0000211E EBP:00007BD8 ESP:00007BAE DS:3E00 ES:3E00 FS:0000 GS:0000 SS:3E00 CF:0 ZF:0 SF:0 OF:0 AF:1 PF:1 IF:1
1688:000014E4  jc   000014D5 ($-11)            (up)                   EAX:00000000 EBX:00001742 ECX:0000000A EDX:00000118 ESI:00001792 EDI:0000211E EBP:00007BD8 ESP:00007BAE DS:3E00 ES:3E00 FS:0000 GS:0000 SS:3E00 CF:1 ZF:0 SF:1 OF:0 AF:1 PF:1 IF:1
1688:000014D5  cmp  [bx+04],ax                 ds:[1746]=FFFF         EAX:00000000 EBX:00001742 ECX:0000000A EDX:00000118 ESI:00001792 EDI:0000211E EBP:00007BD8 ESP:00007BAE DS:3E00 ES:3E00 FS:0000 GS:0000 SS:3E00 CF:1 ZF:0 SF:1 OF:0 AF:1 PF:1 IF:1
1688:000014D8  jl   000014DD ($+3)             (down)                 EAX:00000000 EBX:00001742 ECX:0000000A EDX:00000118 ESI:00001792 EDI:0000211E EBP:00007BD8 ESP:00007BAE DS:3E00 ES:3E00 FS:0000 GS:0000 SS:3E00 CF:0 ZF:0 SF:1 OF:0 AF:0 PF:1 IF:1
1688:000014DD  add  bx,0006                                           EAX:00000000 EBX:00001742 ECX:0000000A EDX:00000118 ESI:00001792 EDI:0000211E EBP:00007BD8 ESP:00007BAE DS:3E00 ES:3E00 FS:0000 GS:0000 SS:3E00 CF:0 ZF:0 SF:1 OF:0 AF:0 PF:1 IF:1
1688:000014E0  cmp  bx,1778                                           EAX:00000000 EBX:00001748 ECX:0000000A EDX:00000118 ESI:00001792 EDI:0000211E EBP:00007BD8 ESP:00007BAE DS:3E00 ES:3E00 FS:0000 GS:0000 SS:3E00 CF:0 ZF:0 SF:0 OF:0 AF:0 PF:1 IF:1
1688:000014E4  jc   000014D5 ($-11)            (up)                   EAX:00000000 EBX:00001748 ECX:0000000A EDX:00000118 ESI:00001792 EDI:0000211E EBP:00007BD8 ESP:00007BAE DS:3E00 ES:3E00 FS:0000 GS:0000 SS:3E00 CF:1 ZF:0 SF:1 OF:0 AF:0 PF:0 IF:1
1688:000014D5  cmp  [bx+04],ax                 ds:[174C]=FFFF         EAX:00000000 EBX:00001748 ECX:0000000A EDX:00000118 ESI:00001792 EDI:0000211E EBP:00007BD8 ESP:00007BAE DS:3E00 ES:3E00 FS:0000 GS:0000 SS:3E00 CF:1 ZF:0 SF:1 OF:0 AF:0 PF:0 IF:1
1688:000014D8  jl   000014DD ($+3)             (down)                 EAX:00000000 EBX:00001748 ECX:0000000A EDX:00000118 ESI:00001792 EDI:0000211E EBP:00007BD8 ESP:00007BAE DS:3E00 ES:3E00 FS:0000 GS:0000 SS:3E00 CF:0 ZF:0 SF:1 OF:0 AF:0 PF:1 IF:1
1688:000014DD  add  bx,0006                                           EAX:00000000 EBX:00001748 ECX:0000000A EDX:00000118 ESI:00001792 EDI:0000211E EBP:00007BD8 ESP:00007BAE DS:3E00 ES:3E00 FS:0000 GS:0000 SS:3E00 CF:0 ZF:0 SF:1 OF:0 AF:0 PF:1 IF:1
1688:000014E0  cmp  bx,1778                                           EAX:00000000 EBX:0000174E ECX:0000000A EDX:00000118 ESI:00001792 EDI:0000211E EBP:00007BD8 ESP:00007BAE DS:3E00 ES:3E00 FS:0000 GS:0000 SS:3E00 CF:0 ZF:0 SF:0 OF:0 AF:0 PF:1 IF:1
1688:000014E4  jc   000014D5 ($-11)            (up)                   EAX:00000000 EBX:0000174E ECX:0000000A EDX:00000118 ESI:00001792 EDI:0000211E EBP:00007BD8 ESP:00007BAE DS:3E00 ES:3E00 FS:0000 GS:0000 SS:3E00 CF:1 ZF:0 SF:1 OF:0 AF:0 PF:0 IF:1
1688:000014D5  cmp  [bx+04],ax                 ds:[1752]=FFFF         EAX:00000000 EBX:0000174E ECX:0000000A EDX:00000118 ESI:00001792 EDI:0000211E EBP:00007BD8 ESP:00007BAE DS:3E00 ES:3E00 FS:0000 GS:0000 SS:3E00 CF:1 ZF:0 SF:1 OF:0 AF:0 PF:0 IF:1
1688:000014D8  jl   000014DD ($+3)             (down)                 EAX:00000000 EBX:0000174E ECX:0000000A EDX:00000118 ESI:00001792 EDI:0000211E EBP:00007BD8 ESP:00007BAE DS:3E00 ES:3E00 FS:0000 GS:0000 SS:3E00 CF:0 ZF:0 SF:1 OF:0 AF:0 PF:1 IF:1
1688:000014DD  add  bx,0006                                           EAX:00000000 EBX:0000174E ECX:0000000A EDX:00000118 ESI:00001792 EDI:0000211E EBP:00007BD8 ESP:00007BAE DS:3E00 ES:3E00 FS:0000 GS:0000 SS:3E00 CF:0 ZF:0 SF:1 OF:0 AF:0 PF:1 IF:1
1688:000014E0  cmp  bx,1778                                           EAX:00000000 EBX:00001754 ECX:0000000A EDX:00000118 ESI:00001792 EDI:0000211E EBP:00007BD8 ESP:00007BAE DS:3E00 ES:3E00 FS:0000 GS:0000 SS:3E00 CF:0 ZF:0 SF:0 OF:0 AF:1 PF:0 IF:1
1688:000014E4  jc   000014D5 ($-11)            (up)                   EAX:00000000 EBX:00001754 ECX:0000000A EDX:00000118 ESI:00001792 EDI:0000211E EBP:00007BD8 ESP:00007BAE DS:3E00 ES:3E00 FS:0000 GS:0000 SS:3E00 CF:1 ZF:0 SF:1 OF:0 AF:1 PF:0 IF:1
1688:000014D5  cmp  [bx+04],ax                 ds:[1758]=FFFF         EAX:00000000 EBX:00001754 ECX:0000000A EDX:00000118 ESI:00001792 EDI:0000211E EBP:00007BD8 ESP:00007BAE DS:3E00 ES:3E00 FS:0000 GS:0000 SS:3E00 CF:1 ZF:0 SF:1 OF:0 AF:1 PF:0 IF:1
1688:000014D8  jl   000014DD ($+3)             (down)                 EAX:00000000 EBX:00001754 ECX:0000000A EDX:00000118 ESI:00001792 EDI:0000211E EBP:00007BD8 ESP:00007BAE DS:3E00 ES:3E00 FS:0000 GS:0000 SS:3E00 CF:0 ZF:0 SF:1 OF:0 AF:0 PF:1 IF:1
1688:000014DD  add  bx,0006                                           EAX:00000000 EBX:00001754 ECX:0000000A EDX:00000118 ESI:00001792 EDI:0000211E EBP:00007BD8 ESP:00007BAE DS:3E00 ES:3E00 FS:0000 GS:0000 SS:3E00 CF:0 ZF:0 SF:1 OF:0 AF:0 PF:1 IF:1
1688:000014E0  cmp  bx,1778                                           EAX:00000000 EBX:0000175A ECX:0000000A EDX:00000118 ESI:00001792 EDI:0000211E EBP:00007BD8 ESP:00007BAE DS:3E00 ES:3E00 FS:0000 GS:0000 SS:3E00 CF:0 ZF:0 SF:0 OF:0 AF:0 PF:1 IF:1
1688:000014E4  jc   000014D5 ($-11)            (up)                   EAX:00000000 EBX:0000175A ECX:0000000A EDX:00000118 ESI:00001792 EDI:0000211E EBP:00007BD8 ESP:00007BAE DS:3E00 ES:3E00 FS:0000 GS:0000 SS:3E00 CF:1 ZF:0 SF:1 OF:0 AF:0 PF:1 IF:1
1688:000014D5  cmp  [bx+04],ax                 ds:[175E]=FFFF         EAX:00000000 EBX:0000175A ECX:0000000A EDX:00000118 ESI:00001792 EDI:0000211E EBP:00007BD8 ESP:00007BAE DS:3E00 ES:3E00 FS:0000 GS:0000 SS:3E00 CF:1 ZF:0 SF:1 OF:0 AF:0 PF:1 IF:1
1688:000014D8  jl   000014DD ($+3)             (down)                 EAX:00000000 EBX:0000175A ECX:0000000A EDX:00000118 ESI:00001792 EDI:0000211E EBP:00007BD8 ESP:00007BAE DS:3E00 ES:3E00 FS:0000 GS:0000 SS:3E00 CF:0 ZF:0 SF:1 OF:0 AF:0 PF:1 IF:1
1688:000014DD  add  bx,0006                                           EAX:00000000 EBX:0000175A ECX:0000000A EDX:00000118 ESI:00001792 EDI:0000211E EBP:00007BD8 ESP:00007BAE DS:3E00 ES:3E00 FS:0000 GS:0000 SS:3E00 CF:0 ZF:0 SF:1 OF:0 AF:0 PF:1 IF:1
1688:000014E0  cmp  bx,1778                                           EAX:00000000 EBX:00001760 ECX:0000000A EDX:00000118 ESI:00001792 EDI:0000211E EBP:00007BD8 ESP:00007BAE DS:3E00 ES:3E00 FS:0000 GS:0000 SS:3E00 CF:0 ZF:0 SF:0 OF:0 AF:1 PF:1 IF:1
1688:000014E4  jc   000014D5 ($-11)            (up)                   EAX:00000000 EBX:00001760 ECX:0000000A EDX:00000118 ESI:00001792 EDI:0000211E EBP:00007BD8 ESP:00007BAE DS:3E00 ES:3E00 FS:0000 GS:0000 SS:3E00 CF:1 ZF:0 SF:1 OF:0 AF:1 PF:1 IF:1
1688:000014D5  cmp  [bx+04],ax                 ds:[1764]=FFFF         EAX:00000000 EBX:00001760 ECX:0000000A EDX:00000118 ESI:00001792 EDI:0000211E EBP:00007BD8 ESP:00007BAE DS:3E00 ES:3E00 FS:0000 GS:0000 SS:3E00 CF:1 ZF:0 SF:1 OF:0 AF:1 PF:1 IF:1
1688:000014D8  jl   000014DD ($+3)             (down)                 EAX:00000000 EBX:00001760 ECX:0000000A EDX:00000118 ESI:00001792 EDI:0000211E EBP:00007BD8 ESP:00007BAE DS:3E00 ES:3E00 FS:0000 GS:0000 SS:3E00 CF:0 ZF:0 SF:1 OF:0 AF:0 PF:1 IF:1
1688:000014DD  add  bx,0006                                           EAX:00000000 EBX:00001760 ECX:0000000A EDX:00000118 ESI:00001792 EDI:0000211E EBP:00007BD8 ESP:00007BAE DS:3E00 ES:3E00 FS:0000 GS:0000 SS:3E00 CF:0 ZF:0 SF:1 OF:0 AF:0 PF:1 IF:1
1688:000014E0  cmp  bx,1778                                           EAX:00000000 EBX:00001766 ECX:0000000A EDX:00000118 ESI:00001792 EDI:0000211E EBP:00007BD8 ESP:00007BAE DS:3E00 ES:3E00 FS:0000 GS:0000 SS:3E00 CF:0 ZF:0 SF:0 OF:0 AF:0 PF:1 IF:1
1688:000014E4  jc   000014D5 ($-11)            (up)                   EAX:00000000 EBX:00001766 ECX:0000000A EDX:00000118 ESI:00001792 EDI:0000211E EBP:00007BD8 ESP:00007BAE DS:3E00 ES:3E00 FS:0000 GS:0000 SS:3E00 CF:1 ZF:0 SF:1 OF:0 AF:1 PF:1 IF:1
1688:000014D5  cmp  [bx+04],ax                 ds:[176A]=FFFF         EAX:00000000 EBX:00001766 ECX:0000000A EDX:00000118 ESI:00001792 EDI:0000211E EBP:00007BD8 ESP:00007BAE DS:3E00 ES:3E00 FS:0000 GS:0000 SS:3E00 CF:1 ZF:0 SF:1 OF:0 AF:1 PF:1 IF:1
1688:000014D8  jl   000014DD ($+3)             (down)                 EAX:00000000 EBX:00001766 ECX:0000000A EDX:00000118 ESI:00001792 EDI:0000211E EBP:00007BD8 ESP:00007BAE DS:3E00 ES:3E00 FS:0000 GS:0000 SS:3E00 CF:0 ZF:0 SF:1 OF:0 AF:0 PF:1 IF:1
1688:000014DD  add  bx,0006                                           EAX:00000000 EBX:00001766 ECX:0000000A EDX:00000118 ESI:00001792 EDI:0000211E EBP:00007BD8 ESP:00007BAE DS:3E00 ES:3E00 FS:0000 GS:0000 SS:3E00 CF:0 ZF:0 SF:1 OF:0 AF:0 PF:1 IF:1
1688:000014E0  cmp  bx,1778                                           EAX:00000000 EBX:0000176C ECX:0000000A EDX:00000118 ESI:00001792 EDI:0000211E EBP:00007BD8 ESP:00007BAE DS:3E00 ES:3E00 FS:0000 GS:0000 SS:3E00 CF:0 ZF:0 SF:0 OF:0 AF:0 PF:1 IF:1
1688:000014E4  jc   000014D5 ($-11)            (up)                   EAX:00000000 EBX:0000176C ECX:0000000A EDX:00000118 ESI:00001792 EDI:0000211E EBP:00007BD8 ESP:00007BAE DS:3E00 ES:3E00 FS:0000 GS:0000 SS:3E00 CF:1 ZF:0 SF:1 OF:0 AF:0 PF:0 IF:1
1688:000014D5  cmp  [bx+04],ax                 ds:[1770]=FFFF         EAX:00000000 EBX:0000176C ECX:0000000A EDX:00000118 ESI:00001792 EDI:0000211E EBP:00007BD8 ESP:00007BAE DS:3E00 ES:3E00 FS:0000 GS:0000 SS:3E00 CF:1 ZF:0 SF:1 OF:0 AF:0 PF:0 IF:1
1688:000014D8  jl   000014DD ($+3)             (down)                 EAX:00000000 EBX:0000176C ECX:0000000A EDX:00000118 ESI:00001792 EDI:0000211E EBP:00007BD8 ESP:00007BAE DS:3E00 ES:3E00 FS:0000 GS:0000 SS:3E00 CF:0 ZF:0 SF:1 OF:0 AF:0 PF:1 IF:1
1688:000014DD  add  bx,0006                                           EAX:00000000 EBX:0000176C ECX:0000000A EDX:00000118 ESI:00001792 EDI:0000211E EBP:00007BD8 ESP:00007BAE DS:3E00 ES:3E00 FS:0000 GS:0000 SS:3E00 CF:0 ZF:0 SF:1 OF:0 AF:0 PF:1 IF:1
1688:000014E0  cmp  bx,1778                                           EAX:00000000 EBX:00001772 ECX:0000000A EDX:00000118 ESI:00001792 EDI:0000211E EBP:00007BD8 ESP:00007BAE DS:3E00 ES:3E00 FS:0000 GS:0000 SS:3E00 CF:0 ZF:0 SF:0 OF:0 AF:1 PF:1 IF:1
1688:000014E4  jc   000014D5 ($-11)            (up)                   EAX:00000000 EBX:00001772 ECX:0000000A EDX:00000118 ESI:00001792 EDI:0000211E EBP:00007BD8 ESP:00007BAE DS:3E00 ES:3E00 FS:0000 GS:0000 SS:3E00 CF:1 ZF:0 SF:1 OF:0 AF:1 PF:1 IF:1
1688:000014D5  cmp  [bx+04],ax                 ds:[1776]=FFFF         EAX:00000000 EBX:00001772 ECX:0000000A EDX:00000118 ESI:00001792 EDI:0000211E EBP:00007BD8 ESP:00007BAE DS:3E00 ES:3E00 FS:0000 GS:0000 SS:3E00 CF:1 ZF:0 SF:1 OF:0 AF:1 PF:1 IF:1
1688:000014D8  jl   000014DD ($+3)             (down)                 EAX:00000000 EBX:00001772 ECX:0000000A EDX:00000118 ESI:00001792 EDI:0000211E EBP:00007BD8 ESP:00007BAE DS:3E00 ES:3E00 FS:0000 GS:0000 SS:3E00 CF:0 ZF:0 SF:1 OF:0 AF:0 PF:1 IF:1
1688:000014DD  add  bx,0006                                           EAX:00000000 EBX:00001772 ECX:0000000A EDX:00000118 ESI:00001792 EDI:0000211E EBP:00007BD8 ESP:00007BAE DS:3E00 ES:3E00 FS:0000 GS:0000 SS:3E00 CF:0 ZF:0 SF:1 OF:0 AF:0 PF:1 IF:1
1688:000014E0  cmp  bx,1778                                           EAX:00000000 EBX:00001778 ECX:0000000A EDX:00000118 ESI:00001792 EDI:0000211E EBP:00007BD8 ESP:00007BAE DS:3E00 ES:3E00 FS:0000 GS:0000 SS:3E00 CF:0 ZF:0 SF:0 OF:0 AF:0 PF:1 IF:1
1688:000014E4  jc   000014D5 ($-11)            (no jmp)               EAX:00000000 EBX:00001778 ECX:0000000A EDX:00000118 ESI:00001792 EDI:0000211E EBP:00007BD8 ESP:00007BAE DS:3E00 ES:3E00 FS:0000 GS:0000 SS:3E00 CF:0 ZF:1 SF:0 OF:0 AF:0 PF:1 IF:1
1688:000014E6  pop  bx                                                EAX:00000000 EBX:00001778 ECX:0000000A EDX:00000118 ESI:00001792 EDI:0000211E EBP:00007BD8 ESP:00007BAE DS:3E00 ES:3E00 FS:0000 GS:0000 SS:3E00 CF:0 ZF:1 SF:0 OF:0 AF:0 PF:1 IF:1
1688:000014E7  ret                                                    EAX:00000000 EBX:000019AF ECX:0000000A EDX:00000118 ESI:00001792 EDI:0000211E EBP:00007BD8 ESP:00007BB0 DS:3E00 ES:3E00 FS:0000 GS:0000 SS:3E00 CF:0 ZF:1 SF:0 OF:0 AF:0 PF:1 IF:1
1688:000019D8  push ds                                                EAX:00000000 EBX:000019AF ECX:0000000A EDX:00000118 ESI:00001792 EDI:0000211E EBP:00007BD8 ESP:00007BB2 DS:3E00 ES:3E00 FS:0000 GS:0000 SS:3E00 CF:0 ZF:1 SF:0 OF:0 AF:0 PF:1 IF:1
1688:000019D9  pop  es                                                EAX:00000000 EBX:000019AF ECX:0000000A EDX:00000118 ESI:00001792 EDI:0000211E EBP:00007BD8 ESP:00007BB0 DS:3E00 ES:3E00 FS:0000 GS:0000 SS:3E00 CF:0 ZF:1 SF:0 OF:0 AF:0 PF:1 IF:1
1688:000019DA  call 0000118D ($-850)                                  EAX:00000000 EBX:000019AF ECX:0000000A EDX:00000118 ESI:00001792 EDI:0000211E EBP:00007BD8 ESP:00007BB2 DS:3E00 ES:3E00 FS:0000 GS:0000 SS:3E00 CF:0 ZF:1 SF:0 OF:0 AF:0 PF:1 IF:1
1688:0000118D  push ax                                                EAX:00000000 EBX:000019AF ECX:0000000A EDX:00000118 ESI:00001792 EDI:0000211E EBP:00007BD8 ESP:00007BB0 DS:3E00 ES:3E00 FS:0000 GS:0000 SS:3E00 CF:0 ZF:1 SF:0 OF:0 AF:0 PF:1 IF:1
1688:0000118E  push bx                                                EAX:00000000 EBX:000019AF ECX:0000000A EDX:00000118 ESI:00001792 EDI:0000211E EBP:00007BD8 ESP:00007BAE DS:3E00 ES:3E00 FS:0000 GS:0000 SS:3E00 CF:0 ZF:1 SF:0 OF:0 AF:0 PF:1 IF:1
1688:0000118F  push cx                                                EAX:00000000 EBX:000019AF ECX:0000000A EDX:00000118 ESI:00001792 EDI:0000211E EBP:00007BD8 ESP:00007BAC DS:3E00 ES:3E00 FS:0000 GS:0000 SS:3E00 CF:0 ZF:1 SF:0 OF:0 AF:0 PF:1 IF:1
1688:00001190  push dx                                                EAX:00000000 EBX:000019AF ECX:0000000A EDX:00000118 ESI:00001792 EDI:0000211E EBP:00007BD8 ESP:00007BAA DS:3E00 ES:3E00 FS:0000 GS:0000 SS:3E00 CF:0 ZF:1 SF:0 OF:0 AF:0 PF:1 IF:1
1688:00001191  call 0000119C ($+8)                                    EAX:00000000 EBX:000019AF ECX:0000000A EDX:00000118 ESI:00001792 EDI:0000211E EBP:00007BD8 ESP:00007BA8 DS:3E00 ES:3E00 FS:0000 GS:0000 SS:3E00 CF:0 ZF:1 SF:0 OF:0 AF:0 PF:1 IF:1
1688:0000119C  xor  ax,ax                                             EAX:00000000 EBX:000019AF ECX:0000000A EDX:00000118 ESI:00001792 EDI:0000211E EBP:00007BD8 ESP:00007BA6 DS:3E00 ES:3E00 FS:0000 GS:0000 SS:3E00 CF:0 ZF:1 SF:0 OF:0 AF:0 PF:1 IF:1
1688:0000119E  cmp  es:[00C6],al               es:[00C6]=0000         EAX:00000000 EBX:000019AF ECX:0000000A EDX:00000118 ESI:00001792 EDI:0000211E EBP:00007BD8 ESP:00007BA6 DS:3E00 ES:3E00 FS:0000 GS:0000 SS:3E00 CF:0 ZF:1 SF:0 OF:0 AF:0 PF:1 IF:1
1688:000011A3  je   000011B4 ($+f)             (down)                 EAX:00000000 EBX:000019AF ECX:0000000A EDX:00000118 ESI:00001792 EDI:0000211E EBP:00007BD8 ESP:00007BA6 DS:3E00 ES:3E00 FS:0000 GS:0000 SS:3E00 CF:0 ZF:1 SF:0 OF:0 AF:0 PF:1 IF:1
1688:000011B4  mov  bx,FFFF                                           EAX:00000000 EBX:000019AF ECX:0000000A EDX:00000118 ESI:00001792 EDI:0000211E EBP:00007BD8 ESP:00007BA6 DS:3E00 ES:3E00 FS:0000 GS:0000 SS:3E00 CF:0 ZF:1 SF:0 OF:0 AF:0 PF:1 IF:1
1688:000011B7  xor  cx,cx                                             EAX:00000000 EBX:0000FFFF ECX:0000000A EDX:00000118 ESI:00001792 EDI:0000211E EBP:00007BD8 ESP:00007BA6 DS:3E00 ES:3E00 FS:0000 GS:0000 SS:3E00 CF:0 ZF:1 SF:0 OF:0 AF:0 PF:1 IF:1
1688:000011B9  push bp                                                EAX:00000000 EBX:0000FFFF ECX:00000000 EDX:00000118 ESI:00001792 EDI:0000211E EBP:00007BD8 ESP:00007BA6 DS:3E00 ES:3E00 FS:0000 GS:0000 SS:3E00 CF:0 ZF:1 SF:0 OF:0 AF:0 PF:1 IF:1
1688:000011BA  mov  bp,sp                                             EAX:00000000 EBX:0000FFFF ECX:00000000 EDX:00000118 ESI:00001792 EDI:0000211E EBP:00007BD8 ESP:00007BA4 DS:3E00 ES:3E00 FS:0000 GS:0000 SS:3E00 CF:0 ZF:1 SF:0 OF:0 AF:0 PF:1 IF:1
1688:000011BC  push di                                                EAX:00000000 EBX:0000FFFF ECX:00000000 EDX:00000118 ESI:00001792 EDI:0000211E EBP:00007BA4 ESP:00007BA4 DS:3E00 ES:3E00 FS:0000 GS:0000 SS:3E00 CF:0 ZF:1 SF:0 OF:0 AF:0 PF:1 IF:1
1688:000011BD  push cx                                                EAX:00000000 EBX:0000FFFF ECX:00000000 EDX:00000118 ESI:00001792 EDI:0000211E EBP:00007BA4 ESP:00007BA2 DS:3E00 ES:3E00 FS:0000 GS:0000 SS:3E00 CF:0 ZF:1 SF:0 OF:0 AF:0 PF:1 IF:1
1688:000011BE  push bx                                                EAX:00000000 EBX:0000FFFF ECX:00000000 EDX:00000118 ESI:00001792 EDI:0000211E EBP:00007BA4 ESP:00007BA0 DS:3E00 ES:3E00 FS:0000 GS:0000 SS:3E00 CF:0 ZF:1 SF:0 OF:0 AF:0 PF:1 IF:1
1688:000011BF  push ax                                                EAX:00000000 EBX:0000FFFF ECX:00000000 EDX:00000118 ESI:00001792 EDI:0000211E EBP:00007BA4 ESP:00007B9E DS:3E00 ES:3E00 FS:0000 GS:0000 SS:3E00 CF:0 ZF:1 SF:0 OF:0 AF:0 PF:1 IF:1
1688:000011C0  mov  di,sp                                             EAX:00000000 EBX:0000FFFF ECX:00000000 EDX:00000118 ESI:00001792 EDI:0000211E EBP:00007BA4 ESP:00007B9C DS:3E00 ES:3E00 FS:0000 GS:0000 SS:3E00 CF:0 ZF:1 SF:0 OF:0 AF:0 PF:1 IF:1
1688:000011C2  mov  cx,11CE                                           EAX:00000000 EBX:0000FFFF ECX:00000000 EDX:00000118 ESI:00001792 EDI:00007B9C EBP:00007BA4 ESP:00007B9C DS:3E00 ES:3E00 FS:0000 GS:0000 SS:3E00 CF:0 ZF:1 SF:0 OF:0 AF:0 PF:1 IF:1
1688:000011C5  call 000010E0 ($-e8)                                   EAX:00000000 EBX:0000FFFF ECX:000011CE EDX:00000118 ESI:00001792 EDI:00007B9C EBP:00007BA4 ESP:00007B9C DS:3E00 ES:3E00 FS:0000 GS:0000 SS:3E00 CF:0 ZF:1 SF:0 OF:0 AF:0 PF:1 IF:1
1688:000010E0  push dx                                                EAX:00000000 EBX:0000FFFF ECX:000011CE EDX:00000118 ESI:00001792 EDI:00007B9C EBP:00007BA4 ESP:00007B9A DS:3E00 ES:3E00 FS:0000 GS:0000 SS:3E00 CF:0 ZF:1 SF:0 OF:0 AF:0 PF:1 IF:1
1688:000010E1  push bx                                                EAX:00000000 EBX:0000FFFF ECX:000011CE EDX:00000118 ESI:00001792 EDI:00007B9C EBP:00007BA4 ESP:00007B98 DS:3E00 ES:3E00 FS:0000 GS:0000 SS:3E00 CF:0 ZF:1 SF:0 OF:0 AF:0 PF:1 IF:1
1688:000010E2  push si                                                EAX:00000000 EBX:0000FFFF ECX:000011CE EDX:00000118 ESI:00001792 EDI:00007B9C EBP:00007BA4 ESP:00007B96 DS:3E00 ES:3E00 FS:0000 GS:0000 SS:3E00 CF:0 ZF:1 SF:0 OF:0 AF:0 PF:1 IF:1
1688:000010E3  mov  si,[2196]                  ds:[2196]=FFFF         EAX:00000000 EBX:0000FFFF ECX:000011CE EDX:00000118 ESI:00001792 EDI:00007B9C EBP:00007BA4 ESP:00007B94 DS:3E00 ES:3E00 FS:0000 GS:0000 SS:3E00 CF:0 ZF:1 SF:0 OF:0 AF:0 PF:1 IF:1
1688:000010E7  cmp  si,[219A]                  ds:[219A]=FFFF         EAX:00000000 EBX:0000FFFF ECX:000011CE EDX:00000118 ESI:0000FFFF EDI:00007B9C EBP:00007BA4 ESP:00007B94 DS:3E00 ES:3E00 FS:0000 GS:0000 SS:3E00 CF:0 ZF:1 SF:0 OF:0 AF:0 PF:1 IF:1
1688:000010EB  jbe  000010F9 ($+c)             (down)                 EAX:00000000 EBX:0000FFFF ECX:000011CE EDX:00000118 ESI:0000FFFF EDI:00007B9C EBP:00007BA4 ESP:00007B94 DS:3E00 ES:3E00 FS:0000 GS:0000 SS:3E00 CF:0 ZF:1 SF:0 OF:0 AF:0 PF:1 IF:1
1688:000010F9  pop  si                                                EAX:00000000 EBX:0000FFFF ECX:000011CE EDX:00000118 ESI:0000FFFF EDI:00007B9C EBP:00007BA4 ESP:00007B94 DS:3E00 ES:3E00 FS:0000 GS:0000 SS:3E00 CF:0 ZF:1 SF:0 OF:0 AF:0 PF:1 IF:1
1688:000010FA  pop  bx                                                EAX:00000000 EBX:0000FFFF ECX:000011CE EDX:00000118 ESI:00001792 EDI:00007B9C EBP:00007BA4 ESP:00007B96 DS:3E00 ES:3E00 FS:0000 GS:0000 SS:3E00 CF:0 ZF:1 SF:0 OF:0 AF:0 PF:1 IF:1
1688:000010FB  pop  dx                                                EAX:00000000 EBX:0000FFFF ECX:000011CE EDX:00000118 ESI:00001792 EDI:00007B9C EBP:00007BA4 ESP:00007B98 DS:3E00 ES:3E00 FS:0000 GS:0000 SS:3E00 CF:0 ZF:1 SF:0 OF:0 AF:0 PF:1 IF:1
1688:000010FC  ret                                                    EAX:00000000 EBX:0000FFFF ECX:000011CE EDX:00000118 ESI:00001792 EDI:00007B9C EBP:00007BA4 ESP:00007B9A DS:3E00 ES:3E00 FS:0000 GS:0000 SS:3E00 CF:0 ZF:1 SF:0 OF:0 AF:0 PF:1 IF:1
1688:000011C8  pop  ax                                                EAX:00000000 EBX:0000FFFF ECX:000011CE EDX:00000118 ESI:00001792 EDI:00007B9C EBP:00007BA4 ESP:00007B9C DS:3E00 ES:3E00 FS:0000 GS:0000 SS:3E00 CF:0 ZF:1 SF:0 OF:0 AF:0 PF:1 IF:1
1688:000011C9  pop  bx                                                EAX:00000000 EBX:0000FFFF ECX:000011CE EDX:00000118 ESI:00001792 EDI:00007B9C EBP:00007BA4 ESP:00007B9E DS:3E00 ES:3E00 FS:0000 GS:0000 SS:3E00 CF:0 ZF:1 SF:0 OF:0 AF:0 PF:1 IF:1
1688:000011CA  pop  cx                                                EAX:00000000 EBX:0000FFFF ECX:000011CE EDX:00000118 ESI:00001792 EDI:00007B9C EBP:00007BA4 ESP:00007BA0 DS:3E00 ES:3E00 FS:0000 GS:0000 SS:3E00 CF:0 ZF:1 SF:0 OF:0 AF:0 PF:1 IF:1
1688:000011CB  pop  di                                                EAX:00000000 EBX:0000FFFF ECX:00000000 EDX:00000118 ESI:00001792 EDI:00007B9C EBP:00007BA4 ESP:00007BA2 DS:3E00 ES:3E00 FS:0000 GS:0000 SS:3E00 CF:0 ZF:1 SF:0 OF:0 AF:0 PF:1 IF:1
1688:000011CC  pop  bp                                                EAX:00000000 EBX:0000FFFF ECX:00000000 EDX:00000118 ESI:00001792 EDI:0000211E EBP:00007BA4 ESP:00007BA4 DS:3E00 ES:3E00 FS:0000 GS:0000 SS:3E00 CF:0 ZF:1 SF:0 OF:0 AF:0 PF:1 IF:1
1688:000011CD  ret                                                    EAX:00000000 EBX:0000FFFF ECX:00000000 EDX:00000118 ESI:00001792 EDI:0000211E EBP:00007BD8 ESP:00007BA6 DS:3E00 ES:3E00 FS:0000 GS:0000 SS:3E00 CF:0 ZF:1 SF:0 OF:0 AF:0 PF:1 IF:1
1688:00001194  call 00001661 ($+4ca)                                  EAX:00000000 EBX:0000FFFF ECX:00000000 EDX:00000118 ESI:00001792 EDI:0000211E EBP:00007BD8 ESP:00007BA8 DS:3E00 ES:3E00 FS:0000 GS:0000 SS:3E00 CF:0 ZF:1 SF:0 OF:0 AF:0 PF:1 IF:1
1688:00001661  xor  ax,ax                                             EAX:00000000 EBX:0000FFFF ECX:00000000 EDX:00000118 ESI:00001792 EDI:0000211E EBP:00007BD8 ESP:00007BA6 DS:3E00 ES:3E00 FS:0000 GS:0000 SS:3E00 CF:0 ZF:1 SF:0 OF:0 AF:0 PF:1 IF:1
1688:00001663  cmp  es:[00C6],al               es:[00C6]=0000         EAX:00000000 EBX:0000FFFF ECX:00000000 EDX:00000118 ESI:00001792 EDI:0000211E EBP:00007BD8 ESP:00007BA6 DS:3E00 ES:3E00 FS:0000 GS:0000 SS:3E00 CF:0 ZF:1 SF:0 OF:0 AF:0 PF:1 IF:1
1688:00001668  je   0000167B ($+11)            (down)                 EAX:00000000 EBX:0000FFFF ECX:00000000 EDX:00000118 ESI:00001792 EDI:0000211E EBP:00007BD8 ESP:00007BA6 DS:3E00 ES:3E00 FS:0000 GS:0000 SS:3E00 CF:0 ZF:1 SF:0 OF:0 AF:0 PF:1 IF:1
1688:0000167B  mov  bx,FFFF                                           EAX:00000000 EBX:0000FFFF ECX:00000000 EDX:00000118 ESI:00001792 EDI:0000211E EBP:00007BD8 ESP:00007BA6 DS:3E00 ES:3E00 FS:0000 GS:0000 SS:3E00 CF:0 ZF:1 SF:0 OF:0 AF:0 PF:1 IF:1
1688:0000167E  push si                                                EAX:00000000 EBX:0000FFFF ECX:00000000 EDX:00000118 ESI:00001792 EDI:0000211E EBP:00007BD8 ESP:00007BA6 DS:3E00 ES:3E00 FS:0000 GS:0000 SS:3E00 CF:0 ZF:1 SF:0 OF:0 AF:0 PF:1 IF:1
1688:0000167F  mov  si,es:[21B0]               es:[21B0]=7BE4         EAX:00000000 EBX:0000FFFF ECX:00000000 EDX:00000118 ESI:00001792 EDI:0000211E EBP:00007BD8 ESP:00007BA4 DS:3E00 ES:3E00 FS:0000 GS:0000 SS:3E00 CF:0 ZF:1 SF:0 OF:0 AF:0 PF:1 IF:1
1688:00001684  mov  cx,bx                                             EAX:00000000 EBX:0000FFFF ECX:00000000 EDX:00000118 ESI:00007BE4 EDI:0000211E EBP:00007BD8 ESP:00007BA4 DS:3E00 ES:3E00 FS:0000 GS:0000 SS:3E00 CF:0 ZF:1 SF:0 OF:0 AF:0 PF:1 IF:1
1688:00001686  mov  bx,[si]                    ds:[7BE4]=8413         EAX:00000000 EBX:0000FFFF ECX:0000FFFF EDX:00000118 ESI:00007BE4 EDI:0000211E EBP:00007BD8 ESP:00007BA4 DS:3E00 ES:3E00 FS:0000 GS:0000 SS:3E00 CF:0 ZF:1 SF:0 OF:0 AF:0 PF:1 IF:1
1688:00001688  test bl,01                                             EAX:00000000 EBX:00008413 ECX:0000FFFF EDX:00000118 ESI:00007BE4 EDI:0000211E EBP:00007BD8 ESP:00007BA4 DS:3E00 ES:3E00 FS:0000 GS:0000 SS:3E00 CF:0 ZF:1 SF:0 OF:0 AF:0 PF:1 IF:1
1688:0000168B  je   00001694 ($+7)             (no jmp)               EAX:00000000 EBX:00008413 ECX:0000FFFF EDX:00000118 ESI:00007BE4 EDI:0000211E EBP:00007BD8 ESP:00007BA4 DS:3E00 ES:3E00 FS:0000 GS:0000 SS:3E00 CF:0 ZF:0 SF:0 OF:0 AF:0 PF:0 IF:1
1688:0000168D  inc  bx                                                EAX:00000000 EBX:00008413 ECX:0000FFFF EDX:00000118 ESI:00007BE4 EDI:0000211E EBP:00007BD8 ESP:00007BA4 DS:3E00 ES:3E00 FS:0000 GS:0000 SS:3E00 CF:0 ZF:0 SF:0 OF:0 AF:0 PF:0 IF:1
1688:0000168E  je   000016D4 ($+44)            (no jmp)               EAX:00000000 EBX:00008414 ECX:0000FFFF EDX:00000118 ESI:00007BE4 EDI:0000211E EBP:00007BD8 ESP:00007BA4 DS:3E00 ES:3E00 FS:0000 GS:0000 SS:3E00 CF:0 ZF:0 SF:1 OF:0 AF:0 PF:1 IF:1
1688:00001690  add  si,bx                                             EAX:00000000 EBX:00008414 ECX:0000FFFF EDX:00000118 ESI:00007BE4 EDI:0000211E EBP:00007BD8 ESP:00007BA4 DS:3E00 ES:3E00 FS:0000 GS:0000 SS:3E00 CF:0 ZF:0 SF:1 OF:0 AF:0 PF:1 IF:1
1688:00001692  jmp  short 00001686 ($-e)       (up)                   EAX:00000000 EBX:00008414 ECX:0000FFFF EDX:00000118 ESI:0000FFF8 EDI:0000211E EBP:00007BD8 ESP:00007BA4 DS:3E00 ES:3E00 FS:0000 GS:0000 SS:3E00 CF:0 ZF:0 SF:1 OF:0 AF:0 PF:0 IF:1
1688:00001686  mov  bx,[si]                    ds:[FFF8]=FFFF         EAX:00000000 EBX:00008414 ECX:0000FFFF EDX:00000118 ESI:0000FFF8 EDI:0000211E EBP:00007BD8 ESP:00007BA4 DS:3E00 ES:3E00 FS:0000 GS:0000 SS:3E00 CF:0 ZF:0 SF:1 OF:0 AF:0 PF:0 IF:1
1688:00001688  test bl,01                                             EAX:00000000 EBX:0000FFFF ECX:0000FFFF EDX:00000118 ESI:0000FFF8 EDI:0000211E EBP:00007BD8 ESP:00007BA4 DS:3E00 ES:3E00 FS:0000 GS:0000 SS:3E00 CF:0 ZF:0 SF:1 OF:0 AF:0 PF:0 IF:1
1688:0000168B  je   00001694 ($+7)             (no jmp)               EAX:00000000 EBX:0000FFFF ECX:0000FFFF EDX:00000118 ESI:0000FFF8 EDI:0000211E EBP:00007BD8 ESP:00007BA4 DS:3E00 ES:3E00 FS:0000 GS:0000 SS:3E00 CF:0 ZF:0 SF:0 OF:0 AF:0 PF:0 IF:1
1688:0000168D  inc  bx                                                EAX:00000000 EBX:0000FFFF ECX:0000FFFF EDX:00000118 ESI:0000FFF8 EDI:0000211E EBP:00007BD8 ESP:00007BA4 DS:3E00 ES:3E00 FS:0000 GS:0000 SS:3E00 CF:0 ZF:0 SF:0 OF:0 AF:0 PF:0 IF:1
1688:0000168E  je   000016D4 ($+44)            (down)                 EAX:00000000 EBX:00000000 ECX:0000FFFF EDX:00000118 ESI:0000FFF8 EDI:0000211E EBP:00007BD8 ESP:00007BA4 DS:3E00 ES:3E00 FS:0000 GS:0000 SS:3E00 CF:0 ZF:1 SF:0 OF:0 AF:1 PF:1 IF:1
1688:000016D4  pop  si                                                EAX:00000000 EBX:00000000 ECX:0000FFFF EDX:00000118 ESI:0000FFF8 EDI:0000211E EBP:00007BD8 ESP:00007BA4 DS:3E00 ES:3E00 FS:0000 GS:0000 SS:3E00 CF:0 ZF:1 SF:0 OF:0 AF:1 PF:1 IF:1
1688:000016D5  ret                                                    EAX:00000000 EBX:00000000 ECX:0000FFFF EDX:00000118 ESI:00001792 EDI:0000211E EBP:00007BD8 ESP:00007BA6 DS:3E00 ES:3E00 FS:0000 GS:0000 SS:3E00 CF:0 ZF:1 SF:0 OF:0 AF:1 PF:1 IF:1
1688:00001197  pop  dx                                                EAX:00000000 EBX:00000000 ECX:0000FFFF EDX:00000118 ESI:00001792 EDI:0000211E EBP:00007BD8 ESP:00007BA8 DS:3E00 ES:3E00 FS:0000 GS:0000 SS:3E00 CF:0 ZF:1 SF:0 OF:0 AF:1 PF:1 IF:1
1688:00001198  pop  cx                                                EAX:00000000 EBX:00000000 ECX:0000FFFF EDX:00000118 ESI:00001792 EDI:0000211E EBP:00007BD8 ESP:00007BAA DS:3E00 ES:3E00 FS:0000 GS:0000 SS:3E00 CF:0 ZF:1 SF:0 OF:0 AF:1 PF:1 IF:1
1688:00001199  pop  bx                                                EAX:00000000 EBX:00000000 ECX:0000000A EDX:00000118 ESI:00001792 EDI:0000211E EBP:00007BD8 ESP:00007BAC DS:3E00 ES:3E00 FS:0000 GS:0000 SS:3E00 CF:0 ZF:1 SF:0 OF:0 AF:1 PF:1 IF:1
1688:0000119A  pop  ax                                                EAX:00000000 EBX:000019AF ECX:0000000A EDX:00000118 ESI:00001792 EDI:0000211E EBP:00007BD8 ESP:00007BAE DS:3E00 ES:3E00 FS:0000 GS:0000 SS:3E00 CF:0 ZF:1 SF:0 OF:0 AF:1 PF:1 IF:1
1688:0000119B  ret                                                    EAX:00000000 EBX:000019AF ECX:0000000A EDX:00000118 ESI:00001792 EDI:0000211E EBP:00007BD8 ESP:00007BB0 DS:3E00 ES:3E00 FS:0000 GS:0000 SS:3E00 CF:0 ZF:1 SF:0 OF:0 AF:1 PF:1 IF:1
1688:000019DD  call 00000DE0 ($-c00)                                  EAX:00000000 EBX:000019AF ECX:0000000A EDX:00000118 ESI:00001792 EDI:0000211E EBP:00007BD8 ESP:00007BB2 DS:3E00 ES:3E00 FS:0000 GS:0000 SS:3E00 CF:0 ZF:1 SF:0 OF:0 AF:1 PF:1 IF:1
1688:00000DE0  push si                                                EAX:00000000 EBX:000019AF ECX:0000000A EDX:00000118 ESI:00001792 EDI:0000211E EBP:00007BD8 ESP:00007BB0 DS:3E00 ES:3E00 FS:0000 GS:0000 SS:3E00 CF:0 ZF:1 SF:0 OF:0 AF:1 PF:1 IF:1
1688:00000DE1  call 00000F41 ($+15d)                                  EAX:00000000 EBX:000019AF ECX:0000000A EDX:00000118 ESI:00001792 EDI:0000211E EBP:00007BD8 ESP:00007BAE DS:3E00 ES:3E00 FS:0000 GS:0000 SS:3E00 CF:0 ZF:1 SF:0 OF:0 AF:1 PF:1 IF:1
1688:00000F41  push ax                                                EAX:00000000 EBX:000019AF ECX:0000000A EDX:00000118 ESI:00001792 EDI:0000211E EBP:00007BD8 ESP:00007BAC DS:3E00 ES:3E00 FS:0000 GS:0000 SS:3E00 CF:0 ZF:1 SF:0 OF:0 AF:1 PF:1 IF:1
1688:00000F42  push cx                                                EAX:00000000 EBX:000019AF ECX:0000000A EDX:00000118 ESI:00001792 EDI:0000211E EBP:00007BD8 ESP:00007BAA DS:3E00 ES:3E00 FS:0000 GS:0000 SS:3E00 CF:0 ZF:1 SF:0 OF:0 AF:1 PF:1 IF:1
1688:00000F43  push si                                                EAX:00000000 EBX:000019AF ECX:0000000A EDX:00000118 ESI:00001792 EDI:0000211E EBP:00007BD8 ESP:00007BA8 DS:3E00 ES:3E00 FS:0000 GS:0000 SS:3E00 CF:0 ZF:1 SF:0 OF:0 AF:1 PF:1 IF:1
1688:00000F44  push di                                                EAX:00000000 EBX:000019AF ECX:0000000A EDX:00000118 ESI:00001792 EDI:0000211E EBP:00007BD8 ESP:00007BA6 DS:3E00 ES:3E00 FS:0000 GS:0000 SS:3E00 CF:0 ZF:1 SF:0 OF:0 AF:1 PF:1 IF:1
1688:00000F45  push ds                                                EAX:00000000 EBX:000019AF ECX:0000000A EDX:00000118 ESI:00001792 EDI:0000211E EBP:00007BD8 ESP:00007BA4 DS:3E00 ES:3E00 FS:0000 GS:0000 SS:3E00 CF:0 ZF:1 SF:0 OF:0 AF:1 PF:1 IF:1
1688:00000F46  pop  es                                                EAX:00000000 EBX:000019AF ECX:0000000A EDX:00000118 ESI:00001792 EDI:0000211E EBP:00007BD8 ESP:00007BA2 DS:3E00 ES:3E00 FS:0000 GS:0000 SS:3E00 CF:0 ZF:1 SF:0 OF:0 AF:1 PF:1 IF:1
1688:00000F47  mov  cx,0004                                           EAX:00000000 EBX:000019AF ECX:0000000A EDX:00000118 ESI:00001792 EDI:0000211E EBP:00007BD8 ESP:00007BA4 DS:3E00 ES:3E00 FS:0000 GS:0000 SS:3E00 CF:0 ZF:1 SF:0 OF:0 AF:1 PF:1 IF:1
1688:00000F4A  mov  si,2196                                           EAX:00000000 EBX:000019AF ECX:00000004 EDX:00000118 ESI:00001792 EDI:0000211E EBP:00007BD8 ESP:00007BA4 DS:3E00 ES:3E00 FS:0000 GS:0000 SS:3E00 CF:0 ZF:1 SF:0 OF:0 AF:1 PF:1 IF:1
1688:00000F4D  mov  di,219E                                           EAX:00000000 EBX:000019AF ECX:00000004 EDX:00000118 ESI:00002196 EDI:0000211E EBP:00007BD8 ESP:00007BA4 DS:3E00 ES:3E00 FS:0000 GS:0000 SS:3E00 CF:0 ZF:1 SF:0 OF:0 AF:1 PF:1 IF:1
1688:00000F50  lodsw                                                  EAX:00000000 EBX:000019AF ECX:00000004 EDX:00000118 ESI:00002196 EDI:0000219E EBP:00007BD8 ESP:00007BA4 DS:3E00 ES:3E00 FS:0000 GS:0000 SS:3E00 CF:0 ZF:1 SF:0 OF:0 AF:1 PF:1 IF:1
1688:00000F51  xchg [di],ax                    ds:[219E]=7BE3         EAX:0000FFFF EBX:000019AF ECX:00000004 EDX:00000118 ESI:00002198 EDI:0000219E EBP:00007BD8 ESP:00007BA4 DS:3E00 ES:3E00 FS:0000 GS:0000 SS:3E00 CF:0 ZF:1 SF:0 OF:0 AF:1 PF:1 IF:1
1688:00000F53  mov  [si-02],ax                 ds:[2196]=FFFF         EAX:00007BE3 EBX:000019AF ECX:00000004 EDX:00000118 ESI:00002198 EDI:0000219E EBP:00007BD8 ESP:00007BA4 DS:3E00 ES:3E00 FS:0000 GS:0000 SS:3E00 CF:0 ZF:1 SF:0 OF:0 AF:1 PF:1 IF:1
1688:00000F56  inc  di                                                EAX:00007BE3 EBX:000019AF ECX:00000004 EDX:00000118 ESI:00002198 EDI:0000219E EBP:00007BD8 ESP:00007BA4 DS:3E00 ES:3E00 FS:0000 GS:0000 SS:3E00 CF:0 ZF:1 SF:0 OF:0 AF:1 PF:1 IF:1
1688:00000F57  inc  di                                                EAX:00007BE3 EBX:000019AF ECX:00000004 EDX:00000118 ESI:00002198 EDI:0000219F EBP:00007BD8 ESP:00007BA4 DS:3E00 ES:3E00 FS:0000 GS:0000 SS:3E00 CF:0 ZF:0 SF:0 OF:0 AF:0 PF:1 IF:1
1688:00000F58  loop 00000F50 ($-a)                                    EAX:00007BE3 EBX:000019AF ECX:00000004 EDX:00000118 ESI:00002198 EDI:000021A0 EBP:00007BD8 ESP:00007BA4 DS:3E00 ES:3E00 FS:0000 GS:0000 SS:3E00 CF:0 ZF:0 SF:0 OF:0 AF:1 PF:1 IF:1
1688:00000F50  lodsw                                                  EAX:00007BE3 EBX:000019AF ECX:00000003 EDX:00000118 ESI:00002198 EDI:000021A0 EBP:00007BD8 ESP:00007BA4 DS:3E00 ES:3E00 FS:0000 GS:0000 SS:3E00 CF:0 ZF:0 SF:0 OF:0 AF:1 PF:1 IF:1
1688:00000F51  xchg [di],ax                    ds:[21A0]=7BE3         EAX:0000FFFF EBX:000019AF ECX:00000003 EDX:00000118 ESI:0000219A EDI:000021A0 EBP:00007BD8 ESP:00007BA4 DS:3E00 ES:3E00 FS:0000 GS:0000 SS:3E00 CF:0 ZF:0 SF:0 OF:0 AF:1 PF:1 IF:1
1688:00000F53  mov  [si-02],ax                 ds:[2198]=FFFF         EAX:00007BE3 EBX:000019AF ECX:00000003 EDX:00000118 ESI:0000219A EDI:000021A0 EBP:00007BD8 ESP:00007BA4 DS:3E00 ES:3E00 FS:0000 GS:0000 SS:3E00 CF:0 ZF:0 SF:0 OF:0 AF:1 PF:1 IF:1
1688:00000F56  inc  di                                                EAX:00007BE3 EBX:000019AF ECX:00000003 EDX:00000118 ESI:0000219A EDI:000021A0 EBP:00007BD8 ESP:00007BA4 DS:3E00 ES:3E00 FS:0000 GS:0000 SS:3E00 CF:0 ZF:0 SF:0 OF:0 AF:1 PF:1 IF:1
1688:00000F57  inc  di                                                EAX:00007BE3 EBX:000019AF ECX:00000003 EDX:00000118 ESI:0000219A EDI:000021A1 EBP:00007BD8 ESP:00007BA4 DS:3E00 ES:3E00 FS:0000 GS:0000 SS:3E00 CF:0 ZF:0 SF:0 OF:0 AF:0 PF:0 IF:1
1688:00000F58  loop 00000F50 ($-a)                                    EAX:00007BE3 EBX:000019AF ECX:00000003 EDX:00000118 ESI:0000219A EDI:000021A2 EBP:00007BD8 ESP:00007BA4 DS:3E00 ES:3E00 FS:0000 GS:0000 SS:3E00 CF:0 ZF:0 SF:0 OF:0 AF:0 PF:0 IF:1
1688:00000F50  lodsw                                                  EAX:00007BE3 EBX:000019AF ECX:00000002 EDX:00000118 ESI:0000219A EDI:000021A2 EBP:00007BD8 ESP:00007BA4 DS:3E00 ES:3E00 FS:0000 GS:0000 SS:3E00 CF:0 ZF:0 SF:0 OF:0 AF:0 PF:0 IF:1
1688:00000F51  xchg [di],ax                    ds:[21A2]=7BE3         EAX:0000FFFF EBX:000019AF ECX:00000002 EDX:00000118 ESI:0000219C EDI:000021A2 EBP:00007BD8 ESP:00007BA4 DS:3E00 ES:3E00 FS:0000 GS:0000 SS:3E00 CF:0 ZF:0 SF:0 OF:0 AF:0 PF:0 IF:1
1688:00000F53  mov  [si-02],ax                 ds:[219A]=FFFF         EAX:00007BE3 EBX:000019AF ECX:00000002 EDX:00000118 ESI:0000219C EDI:000021A2 EBP:00007BD8 ESP:00007BA4 DS:3E00 ES:3E00 FS:0000 GS:0000 SS:3E00 CF:0 ZF:0 SF:0 OF:0 AF:0 PF:0 IF:1
1688:00000F56  inc  di                                                EAX:00007BE3 EBX:000019AF ECX:00000002 EDX:00000118 ESI:0000219C EDI:000021A2 EBP:00007BD8 ESP:00007BA4 DS:3E00 ES:3E00 FS:0000 GS:0000 SS:3E00 CF:0 ZF:0 SF:0 OF:0 AF:0 PF:0 IF:1
1688:00000F57  inc  di                                                EAX:00007BE3 EBX:000019AF ECX:00000002 EDX:00000118 ESI:0000219C EDI:000021A3 EBP:00007BD8 ESP:00007BA4 DS:3E00 ES:3E00 FS:0000 GS:0000 SS:3E00 CF:0 ZF:0 SF:0 OF:0 AF:0 PF:1 IF:1
1688:00000F58  loop 00000F50 ($-a)                                    EAX:00007BE3 EBX:000019AF ECX:00000002 EDX:00000118 ESI:0000219C EDI:000021A4 EBP:00007BD8 ESP:00007BA4 DS:3E00 ES:3E00 FS:0000 GS:0000 SS:3E00 CF:0 ZF:0 SF:0 OF:0 AF:0 PF:0 IF:1
1688:00000F50  lodsw                                                  EAX:00007BE3 EBX:000019AF ECX:00000001 EDX:00000118 ESI:0000219C EDI:000021A4 EBP:00007BD8 ESP:00007BA4 DS:3E00 ES:3E00 FS:0000 GS:0000 SS:3E00 CF:0 ZF:0 SF:0 OF:0 AF:0 PF:0 IF:1
1688:00000F51  xchg [di],ax                    ds:[21A4]=0D7D         EAX:000007BC EBX:000019AF ECX:00000001 EDX:00000118 ESI:0000219E EDI:000021A4 EBP:00007BD8 ESP:00007BA4 DS:3E00 ES:3E00 FS:0000 GS:0000 SS:3E00 CF:0 ZF:0 SF:0 OF:0 AF:0 PF:0 IF:1
1688:00000F53  mov  [si-02],ax                 ds:[219C]=07BC         EAX:00000D7D EBX:000019AF ECX:00000001 EDX:00000118 ESI:0000219E EDI:000021A4 EBP:00007BD8 ESP:00007BA4 DS:3E00 ES:3E00 FS:0000 GS:0000 SS:3E00 CF:0 ZF:0 SF:0 OF:0 AF:0 PF:0 IF:1
1688:00000F56  inc  di                                                EAX:00000D7D EBX:000019AF ECX:00000001 EDX:00000118 ESI:0000219E EDI:000021A4 EBP:00007BD8 ESP:00007BA4 DS:3E00 ES:3E00 FS:0000 GS:0000 SS:3E00 CF:0 ZF:0 SF:0 OF:0 AF:0 PF:0 IF:1
1688:00000F57  inc  di                                                EAX:00000D7D EBX:000019AF ECX:00000001 EDX:00000118 ESI:0000219E EDI:000021A5 EBP:00007BD8 ESP:00007BA4 DS:3E00 ES:3E00 FS:0000 GS:0000 SS:3E00 CF:0 ZF:0 SF:0 OF:0 AF:0 PF:1 IF:1
1688:00000F58  loop 00000F50 ($-a)                                    EAX:00000D7D EBX:000019AF ECX:00000001 EDX:00000118 ESI:0000219E EDI:000021A6 EBP:00007BD8 ESP:00007BA4 DS:3E00 ES:3E00 FS:0000 GS:0000 SS:3E00 CF:0 ZF:0 SF:0 OF:0 AF:0 PF:1 IF:1
1688:00000F5A  cmp  [21A6],cx                  ds:[21A6]=0000         EAX:00000D7D EBX:000019AF ECX:00000000 EDX:00000118 ESI:0000219E EDI:000021A6 EBP:00007BD8 ESP:00007BA4 DS:3E00 ES:3E00 FS:0000 GS:0000 SS:3E00 CF:0 ZF:0 SF:0 OF:0 AF:0 PF:1 IF:1
1688:00000F5E  jne  00000F61 ($+1)             (no jmp)               EAX:00000D7D EBX:000019AF ECX:00000000 EDX:00000118 ESI:0000219E EDI:000021A6 EBP:00007BD8 ESP:00007BA4 DS:3E00 ES:3E00 FS:0000 GS:0000 SS:3E00 CF:0 ZF:1 SF:0 OF:0 AF:0 PF:1 IF:1
1688:00000F60  inc  cx                                                EAX:00000D7D EBX:000019AF ECX:00000000 EDX:00000118 ESI:0000219E EDI:000021A6 EBP:00007BD8 ESP:00007BA4 DS:3E00 ES:3E00 FS:0000 GS:0000 SS:3E00 CF:0 ZF:1 SF:0 OF:0 AF:0 PF:1 IF:1
1688:00000F61  mov  [21A6],cx                  ds:[21A6]=0000         EAX:00000D7D EBX:000019AF ECX:00000001 EDX:00000118 ESI:0000219E EDI:000021A6 EBP:00007BD8 ESP:00007BA4 DS:3E00 ES:3E00 FS:0000 GS:0000 SS:3E00 CF:0 ZF:0 SF:0 OF:0 AF:0 PF:0 IF:1
1688:00000F65  pop  di                                                EAX:00000D7D EBX:000019AF ECX:00000001 EDX:00000118 ESI:0000219E EDI:000021A6 EBP:00007BD8 ESP:00007BA4 DS:3E00 ES:3E00 FS:0000 GS:0000 SS:3E00 CF:0 ZF:0 SF:0 OF:0 AF:0 PF:0 IF:1
1688:00000F66  pop  si                                                EAX:00000D7D EBX:000019AF ECX:00000001 EDX:00000118 ESI:0000219E EDI:0000211E EBP:00007BD8 ESP:00007BA6 DS:3E00 ES:3E00 FS:0000 GS:0000 SS:3E00 CF:0 ZF:0 SF:0 OF:0 AF:0 PF:0 IF:1
1688:00000F67  pop  cx                                                EAX:00000D7D EBX:000019AF ECX:00000001 EDX:00000118 ESI:00001792 EDI:0000211E EBP:00007BD8 ESP:00007BA8 DS:3E00 ES:3E00 FS:0000 GS:0000 SS:3E00 CF:0 ZF:0 SF:0 OF:0 AF:0 PF:0 IF:1
1688:00000F68  pop  ax                                                EAX:00000D7D EBX:000019AF ECX:0000000A EDX:00000118 ESI:00001792 EDI:0000211E EBP:00007BD8 ESP:00007BAA DS:3E00 ES:3E00 FS:0000 GS:0000 SS:3E00 CF:0 ZF:0 SF:0 OF:0 AF:0 PF:0 IF:1
1688:00000F69  ret                                                    EAX:00000000 EBX:000019AF ECX:0000000A EDX:00000118 ESI:00001792 EDI:0000211E EBP:00007BD8 ESP:00007BAC DS:3E00 ES:3E00 FS:0000 GS:0000 SS:3E00 CF:0 ZF:0 SF:0 OF:0 AF:0 PF:0 IF:1
1688:00000DE4  call 00001053 ($+26c)                                  EAX:00000000 EBX:000019AF ECX:0000000A EDX:00000118 ESI:00001792 EDI:0000211E EBP:00007BD8 ESP:00007BAE DS:3E00 ES:3E00 FS:0000 GS:0000 SS:3E00 CF:0 ZF:0 SF:0 OF:0 AF:0 PF:0 IF:1
1688:00001053  push cx                                                EAX:00000000 EBX:000019AF ECX:0000000A EDX:00000118 ESI:00001792 EDI:0000211E EBP:00007BD8 ESP:00007BAC DS:3E00 ES:3E00 FS:0000 GS:0000 SS:3E00 CF:0 ZF:0 SF:0 OF:0 AF:0 PF:0 IF:1
1688:00001054  push di                                                EAX:00000000 EBX:000019AF ECX:0000000A EDX:00000118 ESI:00001792 EDI:0000211E EBP:00007BD8 ESP:00007BAA DS:3E00 ES:3E00 FS:0000 GS:0000 SS:3E00 CF:0 ZF:0 SF:0 OF:0 AF:0 PF:0 IF:1
1688:00001055  push dx                                                EAX:00000000 EBX:000019AF ECX:0000000A EDX:00000118 ESI:00001792 EDI:0000211E EBP:00007BD8 ESP:00007BA8 DS:3E00 ES:3E00 FS:0000 GS:0000 SS:3E00 CF:0 ZF:0 SF:0 OF:0 AF:0 PF:0 IF:1
1688:00001056  mov  si,[219A]                  ds:[219A]=7BE3         EAX:00000000 EBX:000019AF ECX:0000000A EDX:00000118 ESI:00001792 EDI:0000211E EBP:00007BD8 ESP:00007BA6 DS:3E00 ES:3E00 FS:0000 GS:0000 SS:3E00 CF:0 ZF:0 SF:0 OF:0 AF:0 PF:0 IF:1
1688:0000105A  mov  [2198],si                  ds:[2198]=7BE3         EAX:00000000 EBX:000019AF ECX:0000000A EDX:00000118 ESI:00007BE3 EDI:0000211E EBP:00007BD8 ESP:00007BA6 DS:3E00 ES:3E00 FS:0000 GS:0000 SS:3E00 CF:0 ZF:0 SF:0 OF:0 AF:0 PF:0 IF:1
1688:0000105E  cmp  si,[2196]                  ds:[2196]=7BE3         EAX:00000000 EBX:000019AF ECX:0000000A EDX:00000118 ESI:00007BE3 EDI:0000211E EBP:00007BD8 ESP:00007BA6 DS:3E00 ES:3E00 FS:0000 GS:0000 SS:3E00 CF:0 ZF:0 SF:0 OF:0 AF:0 PF:0 IF:1
1688:00001062  je   00001077 ($+13)            (down)                 EAX:00000000 EBX:000019AF ECX:0000000A EDX:00000118 ESI:00007BE3 EDI:0000211E EBP:00007BD8 ESP:00007BA6 DS:3E00 ES:3E00 FS:0000 GS:0000 SS:3E00 CF:0 ZF:1 SF:0 OF:0 AF:0 PF:1 IF:1
1688:00001077  mov  si,[2196]                  ds:[2196]=7BE3         EAX:00000000 EBX:000019AF ECX:0000000A EDX:00000118 ESI:00007BE3 EDI:0000211E EBP:00007BD8 ESP:00007BA6 DS:3E00 ES:3E00 FS:0000 GS:0000 SS:3E00 CF:0 ZF:1 SF:0 OF:0 AF:0 PF:1 IF:1
1688:0000107B  pop  dx                                                EAX:00000000 EBX:000019AF ECX:0000000A EDX:00000118 ESI:00007BE3 EDI:0000211E EBP:00007BD8 ESP:00007BA6 DS:3E00 ES:3E00 FS:0000 GS:0000 SS:3E00 CF:0 ZF:1 SF:0 OF:0 AF:0 PF:1 IF:1
1688:0000107C  pop  di                                                EAX:00000000 EBX:000019AF ECX:0000000A EDX:00000118 ESI:00007BE3 EDI:0000211E EBP:00007BD8 ESP:00007BA8 DS:3E00 ES:3E00 FS:0000 GS:0000 SS:3E00 CF:0 ZF:1 SF:0 OF:0 AF:0 PF:1 IF:1
1688:0000107D  pop  cx                                                EAX:00000000 EBX:000019AF ECX:0000000A EDX:00000118 ESI:00007BE3 EDI:0000211E EBP:00007BD8 ESP:00007BAA DS:3E00 ES:3E00 FS:0000 GS:0000 SS:3E00 CF:0 ZF:1 SF:0 OF:0 AF:0 PF:1 IF:1
1688:0000107E  ret                                                    EAX:00000000 EBX:000019AF ECX:0000000A EDX:00000118 ESI:00007BE3 EDI:0000211E EBP:00007BD8 ESP:00007BAC DS:3E00 ES:3E00 FS:0000 GS:0000 SS:3E00 CF:0 ZF:1 SF:0 OF:0 AF:0 PF:1 IF:1
1688:00000DE7  inc  si                                                EAX:00000000 EBX:000019AF ECX:0000000A EDX:00000118 ESI:00007BE3 EDI:0000211E EBP:00007BD8 ESP:00007BAE DS:3E00 ES:3E00 FS:0000 GS:0000 SS:3E00 CF:0 ZF:1 SF:0 OF:0 AF:0 PF:1 IF:1
1688:00000DE8  call 00001396 ($+5ab)                                  EAX:00000000 EBX:000019AF ECX:0000000A EDX:00000118 ESI:00007BE4 EDI:0000211E EBP:00007BD8 ESP:00007BAE DS:3E00 ES:3E00 FS:0000 GS:0000 SS:3E00 CF:0 ZF:0 SF:0 OF:0 AF:0 PF:1 IF:1
1688:00001396  push ax                                                EAX:00000000 EBX:000019AF ECX:0000000A EDX:00000118 ESI:00007BE4 EDI:0000211E EBP:00007BD8 ESP:00007BAC DS:3E00 ES:3E00 FS:0000 GS:0000 SS:3E00 CF:0 ZF:0 SF:0 OF:0 AF:0 PF:1 IF:1
1688:00001397  push si                                                EAX:00000000 EBX:000019AF ECX:0000000A EDX:00000118 ESI:00007BE4 EDI:0000211E EBP:00007BD8 ESP:00007BAA DS:3E00 ES:3E00 FS:0000 GS:0000 SS:3E00 CF:0 ZF:0 SF:0 OF:0 AF:0 PF:1 IF:1
1688:00001398  mov  ax,[21B0]                  ds:[21B0]=7BE4         EAX:00000000 EBX:000019AF ECX:0000000A EDX:00000118 ESI:00007BE4 EDI:0000211E EBP:00007BD8 ESP:00007BA8 DS:3E00 ES:3E00 FS:0000 GS:0000 SS:3E00 CF:0 ZF:0 SF:0 OF:0 AF:0 PF:1 IF:1
1688:0000139B  cmp  si,ax                                             EAX:00007BE4 EBX:000019AF ECX:0000000A EDX:00000118 ESI:00007BE4 EDI:0000211E EBP:00007BD8 ESP:00007BA8 DS:3E00 ES:3E00 FS:0000 GS:0000 SS:3E00 CF:0 ZF:0 SF:0 OF:0 AF:0 PF:1 IF:1
1688:0000139D  je   000013B9 ($+1a)            (down)                 EAX:00007BE4 EBX:000019AF ECX:0000000A EDX:00000118 ESI:00007BE4 EDI:0000211E EBP:00007BD8 ESP:00007BA8 DS:3E00 ES:3E00 FS:0000 GS:0000 SS:3E00 CF:0 ZF:1 SF:0 OF:0 AF:0 PF:1 IF:1
1688:000013B9  call 0000132F ($-8d)                                   EAX:00007BE4 EBX:000019AF ECX:0000000A EDX:00000118 ESI:00007BE4 EDI:0000211E EBP:00007BD8 ESP:00007BA8 DS:3E00 ES:3E00 FS:0000 GS:0000 SS:3E00 CF:0 ZF:1 SF:0 OF:0 AF:0 PF:1 IF:1
1688:0000132F  push ax                                                EAX:00007BE4 EBX:000019AF ECX:0000000A EDX:00000118 ESI:00007BE4 EDI:0000211E EBP:00007BD8 ESP:00007BA6 DS:3E00 ES:3E00 FS:0000 GS:0000 SS:3E00 CF:0 ZF:1 SF:0 OF:0 AF:0 PF:1 IF:1
1688:00001330  push bx                                                EAX:00007BE4 EBX:000019AF ECX:0000000A EDX:00000118 ESI:00007BE4 EDI:0000211E EBP:00007BD8 ESP:00007BA4 DS:3E00 ES:3E00 FS:0000 GS:0000 SS:3E00 CF:0 ZF:1 SF:0 OF:0 AF:0 PF:1 IF:1
1688:00001331  push cx                                                EAX:00007BE4 EBX:000019AF ECX:0000000A EDX:00000118 ESI:00007BE4 EDI:0000211E EBP:00007BD8 ESP:00007BA2 DS:3E00 ES:3E00 FS:0000 GS:0000 SS:3E00 CF:0 ZF:1 SF:0 OF:0 AF:0 PF:1 IF:1
1688:00001332  push si                                                EAX:00007BE4 EBX:000019AF ECX:0000000A EDX:00000118 ESI:00007BE4 EDI:0000211E EBP:00007BD8 ESP:00007BA0 DS:3E00 ES:3E00 FS:0000 GS:0000 SS:3E00 CF:0 ZF:1 SF:0 OF:0 AF:0 PF:1 IF:1
1688:00001333  push di                                                EAX:00007BE4 EBX:000019AF ECX:0000000A EDX:00000118 ESI:00007BE4 EDI:0000211E EBP:00007BD8 ESP:00007B9E DS:3E00 ES:3E00 FS:0000 GS:0000 SS:3E00 CF:0 ZF:1 SF:0 OF:0 AF:0 PF:1 IF:1
1688:00001334  push es                                                EAX:00007BE4 EBX:000019AF ECX:0000000A EDX:00000118 ESI:00007BE4 EDI:0000211E EBP:00007BD8 ESP:00007B9C DS:3E00 ES:3E00 FS:0000 GS:0000 SS:3E00 CF:0 ZF:1 SF:0 OF:0 AF:0 PF:1 IF:1
1688:00001335  push ds                                                EAX:00007BE4 EBX:000019AF ECX:0000000A EDX:00000118 ESI:00007BE4 EDI:0000211E EBP:00007BD8 ESP:00007B9A DS:3E00 ES:3E00 FS:0000 GS:0000 SS:3E00 CF:0 ZF:1 SF:0 OF:0 AF:0 PF:1 IF:1
1688:00001336  pop  es                                                EAX:00007BE4 EBX:000019AF ECX:0000000A EDX:00000118 ESI:00007BE4 EDI:0000211E EBP:00007BD8 ESP:00007B98 DS:3E00 ES:3E00 FS:0000 GS:0000 SS:3E00 CF:0 ZF:1 SF:0 OF:0 AF:0 PF:1 IF:1
1688:00001337  mov  si,[21B0]                  ds:[21B0]=7BE4         EAX:00007BE4 EBX:000019AF ECX:0000000A EDX:00000118 ESI:00007BE4 EDI:0000211E EBP:00007BD8 ESP:00007B9A DS:3E00 ES:3E00 FS:0000 GS:0000 SS:3E00 CF:0 ZF:1 SF:0 OF:0 AF:0 PF:1 IF:1
1688:0000133B  mov  bx,[si]                    ds:[7BE4]=8413         EAX:00007BE4 EBX:000019AF ECX:0000000A EDX:00000118 ESI:00007BE4 EDI:0000211E EBP:00007BD8 ESP:00007B9A DS:3E00 ES:3E00 FS:0000 GS:0000 SS:3E00 CF:0 ZF:1 SF:0 OF:0 AF:0 PF:1 IF:1
1688:0000133D  test bl,01                                             EAX:00007BE4 EBX:00008413 ECX:0000000A EDX:00000118 ESI:00007BE4 EDI:0000211E EBP:00007BD8 ESP:00007B9A DS:3E00 ES:3E00 FS:0000 GS:0000 SS:3E00 CF:0 ZF:1 SF:0 OF:0 AF:0 PF:1 IF:1
1688:00001340  jne  00001356 ($+14)            (down)                 EAX:00007BE4 EBX:00008413 ECX:0000000A EDX:00000118 ESI:00007BE4 EDI:0000211E EBP:00007BD8 ESP:00007B9A DS:3E00 ES:3E00 FS:0000 GS:0000 SS:3E00 CF:0 ZF:0 SF:0 OF:0 AF:0 PF:0 IF:1
1688:00001356  mov  di,si                                             EAX:00007BE4 EBX:00008413 ECX:0000000A EDX:00000118 ESI:00007BE4 EDI:0000211E EBP:00007BD8 ESP:00007B9A DS:3E00 ES:3E00 FS:0000 GS:0000 SS:3E00 CF:0 ZF:0 SF:0 OF:0 AF:0 PF:0 IF:1
1688:00001358  inc  bx                                                EAX:00007BE4 EBX:00008413 ECX:0000000A EDX:00000118 ESI:00007BE4 EDI:00007BE4 EBP:00007BD8 ESP:00007B9A DS:3E00 ES:3E00 FS:0000 GS:0000 SS:3E00 CF:0 ZF:0 SF:0 OF:0 AF:0 PF:0 IF:1
1688:00001359  je   00001381 ($+26)            (no jmp)               EAX:00007BE4 EBX:00008414 ECX:0000000A EDX:00000118 ESI:00007BE4 EDI:00007BE4 EBP:00007BD8 ESP:00007B9A DS:3E00 ES:3E00 FS:0000 GS:0000 SS:3E00 CF:0 ZF:0 SF:1 OF:0 AF:0 PF:1 IF:1
1688:0000135B  add  si,bx                                             EAX:00007BE4 EBX:00008414 ECX:0000000A EDX:00000118 ESI:00007BE4 EDI:00007BE4 EBP:00007BD8 ESP:00007B9A DS:3E00 ES:3E00 FS:0000 GS:0000 SS:3E00 CF:0 ZF:0 SF:1 OF:0 AF:0 PF:1 IF:1
1688:0000135D  mov  bx,[si]                    ds:[FFF8]=FFFF         EAX:00007BE4 EBX:00008414 ECX:0000000A EDX:00000118 ESI:0000FFF8 EDI:00007BE4 EBP:00007BD8 ESP:00007B9A DS:3E00 ES:3E00 FS:0000 GS:0000 SS:3E00 CF:0 ZF:0 SF:1 OF:0 AF:0 PF:0 IF:1
1688:0000135F  test bl,01                                             EAX:00007BE4 EBX:0000FFFF ECX:0000000A EDX:00000118 ESI:0000FFF8 EDI:00007BE4 EBP:00007BD8 ESP:00007B9A DS:3E00 ES:3E00 FS:0000 GS:0000 SS:3E00 CF:0 ZF:0 SF:1 OF:0 AF:0 PF:0 IF:1
1688:00001362  jne  00001358 ($-c)             (up)                   EAX:00007BE4 EBX:0000FFFF ECX:0000000A EDX:00000118 ESI:0000FFF8 EDI:00007BE4 EBP:00007BD8 ESP:00007B9A DS:3E00 ES:3E00 FS:0000 GS:0000 SS:3E00 CF:0 ZF:0 SF:0 OF:0 AF:0 PF:0 IF:1
1688:00001358  inc  bx                                                EAX:00007BE4 EBX:0000FFFF ECX:0000000A EDX:00000118 ESI:0000FFF8 EDI:00007BE4 EBP:00007BD8 ESP:00007B9A DS:3E00 ES:3E00 FS:0000 GS:0000 SS:3E00 CF:0 ZF:0 SF:0 OF:0 AF:0 PF:0 IF:1
1688:00001359  je   00001381 ($+26)            (down)                 EAX:00007BE4 EBX:00000000 ECX:0000000A EDX:00000118 ESI:0000FFF8 EDI:00007BE4 EBP:00007BD8 ESP:00007B9A DS:3E00 ES:3E00 FS:0000 GS:0000 SS:3E00 CF:0 ZF:1 SF:0 OF:0 AF:1 PF:1 IF:1
1688:00001381  sub  si,di                                             EAX:00007BE4 EBX:00000000 ECX:0000000A EDX:00000118 ESI:0000FFF8 EDI:00007BE4 EBP:00007BD8 ESP:00007B9A DS:3E00 ES:3E00 FS:0000 GS:0000 SS:3E00 CF:0 ZF:1 SF:0 OF:0 AF:1 PF:1 IF:1
1688:00001383  je   00001388 ($+3)             (no jmp)               EAX:00007BE4 EBX:00000000 ECX:0000000A EDX:00000118 ESI:00008414 EDI:00007BE4 EBP:00007BD8 ESP:00007B9A DS:3E00 ES:3E00 FS:0000 GS:0000 SS:3E00 CF:0 ZF:0 SF:1 OF:0 AF:0 PF:1 IF:1
1688:00001385  dec  si                                                EAX:00007BE4 EBX:00000000 ECX:0000000A EDX:00000118 ESI:00008414 EDI:00007BE4 EBP:00007BD8 ESP:00007B9A DS:3E00 ES:3E00 FS:0000 GS:0000 SS:3E00 CF:0 ZF:0 SF:1 OF:0 AF:0 PF:1 IF:1
1688:00001386  mov  [di],si                    ds:[7BE4]=8413         EAX:00007BE4 EBX:00000000 ECX:0000000A EDX:00000118 ESI:00008413 EDI:00007BE4 EBP:00007BD8 ESP:00007B9A DS:3E00 ES:3E00 FS:0000 GS:0000 SS:3E00 CF:0 ZF:0 SF:1 OF:0 AF:0 PF:0 IF:1
1688:00001388  mov  [21B2],di                  ds:[21B2]=7BE4         EAX:00007BE4 EBX:00000000 ECX:0000000A EDX:00000118 ESI:00008413 EDI:00007BE4 EBP:00007BD8 ESP:00007B9A DS:3E00 ES:3E00 FS:0000 GS:0000 SS:3E00 CF:0 ZF:0 SF:1 OF:0 AF:0 PF:0 IF:1
1688:0000138C  pop  es                                                EAX:00007BE4 EBX:00000000 ECX:0000000A EDX:00000118 ESI:00008413 EDI:00007BE4 EBP:00007BD8 ESP:00007B9A DS:3E00 ES:3E00 FS:0000 GS:0000 SS:3E00 CF:0 ZF:0 SF:1 OF:0 AF:0 PF:0 IF:1
1688:0000138D  pop  di                                                EAX:00007BE4 EBX:00000000 ECX:0000000A EDX:00000118 ESI:00008413 EDI:00007BE4 EBP:00007BD8 ESP:00007B9C DS:3E00 ES:3E00 FS:0000 GS:0000 SS:3E00 CF:0 ZF:0 SF:1 OF:0 AF:0 PF:0 IF:1
1688:0000138E  pop  si                                                EAX:00007BE4 EBX:00000000 ECX:0000000A EDX:00000118 ESI:00008413 EDI:0000211E EBP:00007BD8 ESP:00007B9E DS:3E00 ES:3E00 FS:0000 GS:0000 SS:3E00 CF:0 ZF:0 SF:1 OF:0 AF:0 PF:0 IF:1
1688:0000138F  pop  cx                                                EAX:00007BE4 EBX:00000000 ECX:0000000A EDX:00000118 ESI:00007BE4 EDI:0000211E EBP:00007BD8 ESP:00007BA0 DS:3E00 ES:3E00 FS:0000 GS:0000 SS:3E00 CF:0 ZF:0 SF:1 OF:0 AF:0 PF:0 IF:1
1688:00001390  pop  bx                                                EAX:00007BE4 EBX:00000000 ECX:0000000A EDX:00000118 ESI:00007BE4 EDI:0000211E EBP:00007BD8 ESP:00007BA2 DS:3E00 ES:3E00 FS:0000 GS:0000 SS:3E00 CF:0 ZF:0 SF:1 OF:0 AF:0 PF:0 IF:1
1688:00001391  pop  ax                                                EAX:00007BE4 EBX:000019AF ECX:0000000A EDX:00000118 ESI:00007BE4 EDI:0000211E EBP:00007BD8 ESP:00007BA4 DS:3E00 ES:3E00 FS:0000 GS:0000 SS:3E00 CF:0 ZF:0 SF:1 OF:0 AF:0 PF:0 IF:1
1688:00001392  ret                                                    EAX:00007BE4 EBX:000019AF ECX:0000000A EDX:00000118 ESI:00007BE4 EDI:0000211E EBP:00007BD8 ESP:00007BA6 DS:3E00 ES:3E00 FS:0000 GS:0000 SS:3E00 CF:0 ZF:0 SF:1 OF:0 AF:0 PF:0 IF:1
1688:000013BC  call 000015A2 ($+1e3)                                  EAX:00007BE4 EBX:000019AF ECX:0000000A EDX:00000118 ESI:00007BE4 EDI:0000211E EBP:00007BD8 ESP:00007BA8 DS:3E00 ES:3E00 FS:0000 GS:0000 SS:3E00 CF:0 ZF:0 SF:1 OF:0 AF:0 PF:0 IF:1
1688:000015A2  push ax                                                EAX:00007BE4 EBX:000019AF ECX:0000000A EDX:00000118 ESI:00007BE4 EDI:0000211E EBP:00007BD8 ESP:00007BA6 DS:3E00 ES:3E00 FS:0000 GS:0000 SS:3E00 CF:0 ZF:0 SF:1 OF:0 AF:0 PF:0 IF:1
1688:000015A3  push si                                                EAX:00007BE4 EBX:000019AF ECX:0000000A EDX:00000118 ESI:00007BE4 EDI:0000211E EBP:00007BD8 ESP:00007BA4 DS:3E00 ES:3E00 FS:0000 GS:0000 SS:3E00 CF:0 ZF:0 SF:1 OF:0 AF:0 PF:0 IF:1
1688:000015A4  push di                                                EAX:00007BE4 EBX:000019AF ECX:0000000A EDX:00000118 ESI:00007BE4 EDI:0000211E EBP:00007BD8 ESP:00007BA2 DS:3E00 ES:3E00 FS:0000 GS:0000 SS:3E00 CF:0 ZF:0 SF:1 OF:0 AF:0 PF:0 IF:1
1688:000015A5  call 00000AEA ($-abe)                                  EAX:00007BE4 EBX:000019AF ECX:0000000A EDX:00000118 ESI:00007BE4 EDI:0000211E EBP:00007BD8 ESP:00007BA0 DS:3E00 ES:3E00 FS:0000 GS:0000 SS:3E00 CF:0 ZF:0 SF:1 OF:0 AF:0 PF:0 IF:1
1688:00000AEA  mov  di,[di-36]                 ds:[20E8]=0000         EAX:00007BE4 EBX:000019AF ECX:0000000A EDX:00000118 ESI:00007BE4 EDI:0000211E EBP:00007BD8 ESP:00007B9E DS:3E00 ES:3E00 FS:0000 GS:0000 SS:3E00 CF:0 ZF:0 SF:1 OF:0 AF:0 PF:0 IF:1
1688:00000AED  lds  si,bx                                             EAX:00007BE4 EBX:000019AF ECX:0000000A EDX:00000118 ESI:00007BE4 EDI:00000000 EBP:00007BD8 ESP:00007B9E DS:3E00 ES:3E00 FS:0000 GS:0000 SS:3E00 CF:0 ZF:0 SF:1 OF:0 AF:0 PF:0 IF:1
F000:00001060  callback 0003  (default)                               EAX:00007BE4 EBX:000019AF ECX:0000000A EDX:00000118 ESI:00007BE4 EDI:00000000 EBP:00007BD8 ESP:00007B98 DS:3E00 ES:3E00 FS:0000 GS:0000 SS:3E00 CF:0 ZF:0 SF:1 OF:0 AF:0 PF:0 IF:0
F000:00001064  iret                                                   EAX:00007BE4 EBX:000019AF ECX:0000000A EDX:00000118 ESI:00007BE4 EDI:00000000 EBP:00007BD8 ESP:00007B98 DS:3E00 ES:3E00 FS:0000 GS:0000 SS:3E00 CF:0 ZF:0 SF:1 OF:0 AF:0 PF:0 IF:0
1688:00000AED  lds  si,bx                                             EAX:00007BE4 EBX:000019AF ECX:0000000A EDX:00000118 ESI:00007BE4 EDI:00000000 EBP:00007BD8 ESP:00007B9E DS:3E00 ES:3E00 FS:0000 GS:0000 SS:3E00 CF:0 ZF:0 SF:1 OF:0 AF:0 PF:0 IF:1
F000:00001060  callback 0003  (default)                               EAX:00007BE4 EBX:000019AF ECX:0000000A EDX:00000118 ESI:00007BE4 EDI:00000000 EBP:00007BD8 ESP:00007B98 DS:3E00 ES:3E00 FS:0000 GS:0000 SS:3E00 CF:0 ZF:0 SF:1 OF:0 AF:0 PF:0 IF:0
F000:00001064  iret                                                   EAX:00007BE4 EBX:000019AF ECX:0000000A EDX:00000118 ESI:00007BE4 EDI:00000000 EBP:00007BD8 ESP:00007B98 DS:3E00 ES:3E00 FS:0000 GS:0000 SS:3E00 CF:0 ZF:0 SF:1 OF:0 AF:0 PF:0 IF:0
1688:00000AED  lds  si,bx                                             EAX:00007BE4 EBX:000019AF ECX:0000000A EDX:00000118 ESI:00007BE4 EDI:00000000 EBP:00007BD8 ESP:00007B9E DS:3E00 ES:3E00 FS:0000 GS:0000 SS:3E00 CF:0 ZF:0 SF:1 OF:0 AF:0 PF:0 IF:1
F000:00001060  callback 0003  (default)                               EAX:00007BE4 EBX:000019AF ECX:0000000A EDX:00000118 ESI:00007BE4 EDI:00000000 EBP:00007BD8 ESP:00007B98 DS:3E00 ES:3E00 FS:0000 GS:0000 SS:3E00 CF:0 ZF:0 SF:1 OF:0 AF:0 PF:0 IF:0
F000:00001064  iret                                                   EAX:00007BE4 EBX:000019AF ECX:0000000A EDX:00000118 ESI:00007BE4 EDI:00000000 EBP:00007BD8 ESP:00007B98 DS:3E00 ES:3E00 FS:0000 GS:0000 SS:3E00 CF:0 ZF:0 SF:1 OF:0 AF:0 PF:0 IF:0
1688:00000AED  lds  si,bx                                             EAX:00007BE4 EBX:000019AF ECX:0000000A EDX:00000118 ESI:00007BE4 EDI:00000000 EBP:00007BD8 ESP:00007B9E DS:3E00 ES:3E00 FS:0000 GS:0000 SS:3E00 CF:0 ZF:0 SF:1 OF:0 AF:0 PF:0 IF:1
F000:00001060  callback 0003  (default)                               EAX:00007BE4 EBX:000019AF ECX:0000000A EDX:00000118 ESI:00007BE4 EDI:00000000 EBP:00007BD8 ESP:00007B98 DS:3E00 ES:3E00 FS:0000 GS:0000 SS:3E00 CF:0 ZF:0 SF:1 OF:0 AF:0 PF:0 IF:0
F000:00001064  iret                                                   EAX:00007BE4 EBX:000019AF ECX:0000000A EDX:00000118 ESI:00007BE4 EDI:00000000 EBP:00007BD8 ESP:00007B98 DS:3E00 ES:3E00 FS:0000 GS:0000 SS:3E00 CF:0 ZF:0 SF:1 OF:0 AF:0 PF:0 IF:0
1688:00000AED  lds  si,bx                                             EAX:00007BE4 EBX:000019AF ECX:0000000A EDX:00000118 ESI:00007BE4 EDI:00000000 EBP:00007BD8 ESP:00007B9E DS:3E00 ES:3E00 FS:0000 GS:0000 SS:3E00 CF:0 ZF:0 SF:1 OF:0 AF:0 PF:0 IF:1
F000:00001060  callback 0003  (default)                               EAX:00007BE4 EBX:000019AF ECX:0000000A EDX:00000118 ESI:00007BE4 EDI:00000000 EBP:00007BD8 ESP:00007B98 DS:3E00 ES:3E00 FS:0000 GS:0000 SS:3E00 CF:0 ZF:0 SF:1 OF:0 AF:0 PF:0 IF:0
F000:00001064  iret                                                   EAX:00007BE4 EBX:000019AF ECX:0000000A EDX:00000118 ESI:00007BE4 EDI:00000000 EBP:00007BD8 ESP:00007B98 DS:3E00 ES:3E00 FS:0000 GS:0000 SS:3E00 CF:0 ZF:0 SF:1 OF:0 AF:0 PF:0 IF:0
1688:00000AED  lds  si,bx                                             EAX:00007BE4 EBX:000019AF ECX:0000000A EDX:00000118 ESI:00007BE4 EDI:00000000 EBP:00007BD8 ESP:00007B9E DS:3E00 ES:3E00 FS:0000 GS:0000 SS:3E00 CF:0 ZF:0 SF:1 OF:0 AF:0 PF:0 IF:1
F000:00001060  callback 0003  (default)                               EAX:00007BE4 EBX:000019AF ECX:0000000A EDX:00000118 ESI:00007BE4 EDI:00000000 EBP:00007BD8 ESP:00007B98 DS:3E00 ES:3E00 FS:0000 GS:0000 SS:3E00 CF:0 ZF:0 SF:1 OF:0 AF:0 PF:0 IF:0
F000:00001064  iret                                                   EAX:00007BE4 EBX:000019AF ECX:0000000A EDX:00000118 ESI:00007BE4 EDI:00000000 EBP:00007BD8 ESP:00007B98 DS:3E00 ES:3E00 FS:0000 GS:0000 SS:3E00 CF:0 ZF:0 SF:1 OF:0 AF:0 PF:0 IF:0
1688:00000AED  lds  si,bx                                             EAX:00007BE4 EBX:000019AF ECX:0000000A EDX:00000118 ESI:00007BE4 EDI:00000000 EBP:00007BD8 ESP:00007B9E DS:3E00 ES:3E00 FS:0000 GS:0000 SS:3E00 CF:0 ZF:0 SF:1 OF:0 AF:0 PF:0 IF:1
F000:00001060  callback 0003  (default)                               EAX:00007BE4 EBX:000019AF ECX:0000000A EDX:00000118 ESI:00007BE4 EDI:00000000 EBP:00007BD8 ESP:00007B98 DS:3E00 ES:3E00 FS:0000 GS:0000 SS:3E00 CF:0 ZF:0 SF:1 OF:0 AF:0 PF:0 IF:0
F000:00001064  iret                                                   EAX:00007BE4 EBX:000019AF ECX:0000000A EDX:00000118 ESI:00007BE4 EDI:00000000 EBP:00007BD8 ESP:00007B98 DS:3E00 ES:3E00 FS:0000 GS:0000 SS:3E00 CF:0 ZF:0 SF:1 OF:0 AF:0 PF:0 IF:0
1688:00000AED  lds  si,bx                                             EAX:00007BE4 EBX:000019AF ECX:0000000A EDX:00000118 ESI:00007BE4 EDI:00000000 EBP:00007BD8 ESP:00007B9E DS:3E00 ES:3E00 FS:0000 GS:0000 SS:3E00 CF:0 ZF:0 SF:1 OF:0 AF:0 PF:0 IF:1
F000:00001060  callback 0003  (default)                               EAX:00007BE4 EBX:000019AF ECX:0000000A EDX:00000118 ESI:00007BE4 EDI:00000000 EBP:00007BD8 ESP:00007B98 DS:3E00 ES:3E00 FS:0000 GS:0000 SS:3E00 CF:0 ZF:0 SF:1 OF:0 AF:0 PF:0 IF:0
F000:00001064  iret                                                   EAX:00007BE4 EBX:000019AF ECX:0000000A EDX:00000118 ESI:00007BE4 EDI:00000000 EBP:00007BD8 ESP:00007B98 DS:3E00 ES:3E00 FS:0000 GS:0000 SS:3E00 CF:0 ZF:0 SF:1 OF:0 AF:0 PF:0 IF:0
1688:00000AED  lds  si,bx                                             EAX:00007BE4 EBX:000019AF ECX:0000000A EDX:00000118 ESI:00007BE4 EDI:00000000 EBP:00007BD8 ESP:00007B9E DS:3E00 ES:3E00 FS:0000 GS:0000 SS:3E00 CF:0 ZF:0 SF:1 OF:0 AF:0 PF:0 IF:1
F000:00001060  callback 0003  (default)                               EAX:00007BE4 EBX:000019AF ECX:0000000A EDX:00000118 ESI:00007BE4 EDI:00000000 EBP:00007BD8 ESP:00007B98 DS:3E00 ES:3E00 FS:0000 GS:0000 SS:3E00 CF:0 ZF:0 SF:1 OF:0 AF:0 PF:0 IF:0
F000:00001064  iret                                                   EAX:00007BE4 EBX:000019AF ECX:0000000A EDX:00000118 ESI:00007BE4 EDI:00000000 EBP:00007BD8 ESP:00007B98 DS:3E00 ES:3E00 FS:0000 GS:0000 SS:3E00 CF:0 ZF:0 SF:1 OF:0 AF:0 PF:0 IF:0
1688:00000AED  lds  si,bx                                             EAX:00007BE4 EBX:000019AF ECX:0000000A EDX:00000118 ESI:00007BE4 EDI:00000000 EBP:00007BD8 ESP:00007B9E DS:3E00 ES:3E00 FS:0000 GS:0000 SS:3E00 CF:0 ZF:0 SF:1 OF:0 AF:0 PF:0 IF:1
F000:00001060  callback 0003  (default)                               EAX:00007BE4 EBX:000019AF ECX:0000000A EDX:00000118 ESI:00007BE4 EDI:00000000 EBP:00007BD8 ESP:00007B98 DS:3E00 ES:3E00 FS:0000 GS:0000 SS:3E00 CF:0 ZF:0 SF:1 OF:0 AF:0 PF:0 IF:0
F000:00001064  iret                                                   EAX:00007BE4 EBX:000019AF ECX:0000000A EDX:00000118 ESI:00007BE4 EDI:00000000 EBP:00007BD8 ESP:00007B98 DS:3E00 ES:3E00 FS:0000 GS:0000 SS:3E00 CF:0 ZF:0 SF:1 OF:0 AF:0 PF:0 IF:0
1688:00000AED  lds  si,bx                                             EAX:00007BE4 EBX:000019AF ECX:0000000A EDX:00000118 ESI:00007BE4 EDI:00000000 EBP:00007BD8 ESP:00007B9E DS:3E00 ES:3E00 FS:0000 GS:0000 SS:3E00 CF:0 ZF:0 SF:1 OF:0 AF:0 PF:0 IF:1
F000:00001060  callback 0003  (default)                               EAX:00007BE4 EBX:000019AF ECX:0000000A EDX:00000118 ESI:00007BE4 EDI:00000000 EBP:00007BD8 ESP:00007B98 DS:3E00 ES:3E00 FS:0000 GS:0000 SS:3E00 CF:0 ZF:0 SF:1 OF:0 AF:0 PF:0 IF:0
F000:00001064  iret                                                   EAX:00007BE4 EBX:000019AF ECX:0000000A EDX:00000118 ESI:00007BE4 EDI:00000000 EBP:00007BD8 ESP:00007B98 DS:3E00 ES:3E00 FS:0000 GS:0000 SS:3E00 CF:0 ZF:0 SF:1 OF:0 AF:0 PF:0 IF:0
1688:00000AED  lds  si,bx                                             EAX:00007BE4 EBX:000019AF ECX:0000000A EDX:00000118 ESI:00007BE4 EDI:00000000 EBP:00007BD8 ESP:00007B9E DS:3E00 ES:3E00 FS:0000 GS:0000 SS:3E00 CF:0 ZF:0 SF:1 OF:0 AF:0 PF:0 IF:1
F000:00001060  callback 0003  (default)                               EAX:00007BE4 EBX:000019AF ECX:0000000A EDX:00000118 ESI:00007BE4 EDI:00000000 EBP:00007BD8 ESP:00007B98 DS:3E00 ES:3E00 FS:0000 GS:0000 SS:3E00 CF:0 ZF:0 SF:1 OF:0 AF:0 PF:0 IF:0
F000:00001064  iret                                                   EAX:00007BE4 EBX:000019AF ECX:0000000A EDX:00000118 ESI:00007BE4 EDI:00000000 EBP:00007BD8 ESP:00007B98 DS:3E00 ES:3E00 FS:0000 GS:0000 SS:3E00 CF:0 ZF:0 SF:1 OF:0 AF:0 PF:0 IF:0
1688:00000AED  lds  si,bx                                             EAX:00007BE4 EBX:000019AF ECX:0000000A EDX:00000118 ESI:00007BE4 EDI:00000000 EBP:00007BD8 ESP:00007B9E DS:3E00 ES:3E00 FS:0000 GS:0000 SS:3E00 CF:0 ZF:0 SF:1 OF:0 AF:0 PF:0 IF:1
F000:00001060  callback 0003  (default)                               EAX:00007BE4 EBX:000019AF ECX:0000000A EDX:00000118 ESI:00007BE4 EDI:00000000 EBP:00007BD8 ESP:00007B98 DS:3E00 ES:3E00 FS:0000 GS:0000 SS:3E00 CF:0 ZF:0 SF:1 OF:0 AF:0 PF:0 IF:0
F000:00001064  iret                                                   EAX:00007BE4 EBX:000019AF ECX:0000000A EDX:00000118 ESI:00007BE4 EDI:00000000 EBP:00007BD8 ESP:00007B98 DS:3E00 ES:3E00 FS:0000 GS:0000 SS:3E00 CF:0 ZF:0 SF:1 OF:0 AF:0 PF:0 IF:0
1688:00000AED  lds  si,bx                                             EAX:00007BE4 EBX:000019AF ECX:0000000A EDX:00000118 ESI:00007BE4 EDI:00000000 EBP:00007BD8 ESP:00007B9E DS:3E00 ES:3E00 FS:0000 GS:0000 SS:3E00 CF:0 ZF:0 SF:1 OF:0 AF:0 PF:0 IF:1
F000:00001060  callback 0003  (default)                               EAX:00007BE4 EBX:000019AF ECX:0000000A EDX:00000118 ESI:00007BE4 EDI:00000000 EBP:00007BD8 ESP:00007B98 DS:3E00 ES:3E00 FS:0000 GS:0000 SS:3E00 CF:0 ZF:0 SF:1 OF:0 AF:0 PF:0 IF:0
F000:00001064  iret                                                   EAX:00007BE4 EBX:000019AF ECX:0000000A EDX:00000118 ESI:00007BE4 EDI:00000000 EBP:00007BD8 ESP:00007B98 DS:3E00 ES:3E00 FS:0000 GS:0000 SS:3E00 CF:0 ZF:0 SF:1 OF:0 AF:0 PF:0 IF:0
1688:00000AED  lds  si,bx                                             EAX:00007BE4 EBX:000019AF ECX:0000000A EDX:00000118 ESI:00007BE4 EDI:00000000 EBP:00007BD8 ESP:00007B9E DS:3E00 ES:3E00 FS:0000 GS:0000 SS:3E00 CF:0 ZF:0 SF:1 OF:0 AF:0 PF:0 IF:1
F000:00001060  callback 0003  (default)                               EAX:00007BE4 EBX:000019AF ECX:0000000A EDX:00000118 ESI:00007BE4 EDI:00000000 EBP:00007BD8 ESP:00007B98 DS:3E00 ES:3E00 FS:0000 GS:0000 SS:3E00 CF:0 ZF:0 SF:1 OF:0 AF:0 PF:0 IF:0
F000:00001064  iret                                                   EAX:00007BE4 EBX:000019AF ECX:0000000A EDX:00000118 ESI:00007BE4 EDI:00000000 EBP:00007BD8 ESP:00007B98 DS:3E00 ES:3E00 FS:0000 GS:0000 SS:3E00 CF:0 ZF:0 SF:1 OF:0 AF:0 PF:0 IF:0
1688:00000AED  lds  si,bx                                             EAX:00007BE4 EBX:000019AF ECX:0000000A EDX:00000118 ESI:00007BE4 EDI:00000000 EBP:00007BD8 ESP:00007B9E DS:3E00 ES:3E00 FS:0000 GS:0000 SS:3E00 CF:0 ZF:0 SF:1 OF:0 AF:0 PF:0 IF:1
F000:00001060  callback 0003  (default)                               EAX:00007BE4 EBX:000019AF ECX:0000000A EDX:00000118 ESI:00007BE4 EDI:00000000 EBP:00007BD8 ESP:00007B98 DS:3E00 ES:3E00 FS:0000 GS:0000 SS:3E00 CF:0 ZF:0 SF:1 OF:0 AF:0 PF:0 IF:0
F000:00001064  iret                                                   EAX:00007BE4 EBX:000019AF ECX:0000000A EDX:00000118 ESI:00007BE4 EDI:00000000 EBP:00007BD8 ESP:00007B98 DS:3E00 ES:3E00 FS:0000 GS:0000 SS:3E00 CF:0 ZF:0 SF:1 OF:0 AF:0 PF:0 IF:0
1688:00000AED  lds  si,bx                                             EAX:00007BE4 EBX:000019AF ECX:0000000A EDX:00000118 ESI:00007BE4 EDI:00000000 EBP:00007BD8 ESP:00007B9E DS:3E00 ES:3E00 FS:0000 GS:0000 SS:3E00 CF:0 ZF:0 SF:1 OF:0 AF:0 PF:0 IF:1
F000:00001060  callback 0003  (default)                               EAX:00007BE4 EBX:000019AF ECX:0000000A EDX:00000118 ESI:00007BE4 EDI:00000000 EBP:00007BD8 ESP:00007B98 DS:3E00 ES:3E00 FS:0000 GS:0000 SS:3E00 CF:0 ZF:0 SF:1 OF:0 AF:0 PF:0 IF:0
F000:00001064  iret                                                   EAX:00007BE4 EBX:000019AF ECX:0000000A EDX:00000118 ESI:00007BE4 EDI:00000000 EBP:00007BD8 ESP:00007B98 DS:3E00 ES:3E00 FS:0000 GS:0000 SS:3E00 CF:0 ZF:0 SF:1 OF:0 AF:0 PF:0 IF:0
1688:00000AED  lds  si,bx                                             EAX:00007BE4 EBX:000019AF ECX:0000000A EDX:00000118 ESI:00007BE4 EDI:00000000 EBP:00007BD8 ESP:00007B9E DS:3E00 ES:3E00 FS:0000 GS:0000 SS:3E00 CF:0 ZF:0 SF:1 OF:0 AF:0 PF:0 IF:1
F000:00001060  callback 0003  (default)                               EAX:00007BE4 EBX:000019AF ECX:0000000A EDX:00000118 ESI:00007BE4 EDI:00000000 EBP:00007BD8 ESP:00007B98 DS:3E00 ES:3E00 FS:0000 GS:0000 SS:3E00 CF:0 ZF:0 SF:1 OF:0 AF:0 PF:0 IF:0
F000:00001064  iret                                                   EAX:00007BE4 EBX:000019AF ECX:0000000A EDX:00000118 ESI:00007BE4 EDI:00000000 EBP:00007BD8 ESP:00007B98 DS:3E00 ES:3E00 FS:0000 GS:0000 SS:3E00 CF:0 ZF:0 SF:1 OF:0 AF:0 PF:0 IF:0
1688:00000AED  lds  si,bx                                             EAX:00007BE4 EBX:000019AF ECX:0000000A EDX:00000118 ESI:00007BE4 EDI:00000000 EBP:00007BD8 ESP:00007B9E DS:3E00 ES:3E00 FS:0000 GS:0000 SS:3E00 CF:0 ZF:0 SF:1 OF:0 AF:0 PF:0 IF:1
F000:00001060  callback 0003  (default)                               EAX:00007BE4 EBX:000019AF ECX:0000000A EDX:00000118 ESI:00007BE4 EDI:00000000 EBP:00007BD8 ESP:00007B98 DS:3E00 ES:3E00 FS:0000 GS:0000 SS:3E00 CF:0 ZF:0 SF:1 OF:0 AF:0 PF:0 IF:0
F000:00001064  iret                                                   EAX:00007BE4 EBX:000019AF ECX:0000000A EDX:00000118 ESI:00007BE4 EDI:00000000 EBP:00007BD8 ESP:00007B98 DS:3E00 ES:3E00 FS:0000 GS:0000 SS:3E00 CF:0 ZF:0 SF:1 OF:0 AF:0 PF:0 IF:0
1688:00000AED  lds  si,bx                                             EAX:00007BE4 EBX:000019AF ECX:0000000A EDX:00000118 ESI:00007BE4 EDI:00000000 EBP:00007BD8 ESP:00007B9E DS:3E00 ES:3E00 FS:0000 GS:0000 SS:3E00 CF:0 ZF:0 SF:1 OF:0 AF:0 PF:0 IF:1
F000:00001060  callback 0003  (default)                               EAX:00007BE4 EBX:000019AF ECX:0000000A EDX:00000118 ESI:00007BE4 EDI:00000000 EBP:00007BD8 ESP:00007B98 DS:3E00 ES:3E00 FS:0000 GS:0000 SS:3E00 CF:0 ZF:0 SF:1 OF:0 AF:0 PF:0 IF:0
F000:00001064  iret                                                   EAX:00007BE4 EBX:000019AF ECX:0000000A EDX:00000118 ESI:00007BE4 EDI:00000000 EBP:00007BD8 ESP:00007B98 DS:3E00 ES:3E00 FS:0000 GS:0000 SS:3E00 CF:0 ZF:0 SF:1 OF:0 AF:0 PF:0 IF:0
1688:00000AED  lds  si,bx                                             EAX:00007BE4 EBX:000019AF ECX:0000000A EDX:00000118 ESI:00007BE4 EDI:00000000 EBP:00007BD8 ESP:00007B9E DS:3E00 ES:3E00 FS:0000 GS:0000 SS:3E00 CF:0 ZF:0 SF:1 OF:0 AF:0 PF:0 IF:1
F000:00001060  callback 0003  (default)                               EAX:00007BE4 EBX:000019AF ECX:0000000A EDX:00000118 ESI:00007BE4 EDI:00000000 EBP:00007BD8 ESP:00007B98 DS:3E00 ES:3E00 FS:0000 GS:0000 SS:3E00 CF:0 ZF:0 SF:1 OF:0 AF:0 PF:0 IF:0
F000:00001064  iret                                                   EAX:00007BE4 EBX:000019AF ECX:0000000A EDX:00000118 ESI:00007BE4 EDI:00000000 EBP:00007BD8 ESP:00007B98 DS:3E00 ES:3E00 FS:0000 GS:0000 SS:3E00 CF:0 ZF:0 SF:1 OF:0 AF:0 PF:0 IF:0
1688:00000AED  lds  si,bx                                             EAX:00007BE4 EBX:000019AF ECX:0000000A EDX:00000118 ESI:00007BE4 EDI:00000000 EBP:00007BD8 ESP:00007B9E DS:3E00 ES:3E00 FS:0000 GS:0000 SS:3E00 CF:0 ZF:0 SF:1 OF:0 AF:0 PF:0 IF:1
F000:00001060  callback 0003  (default)                               EAX:00007BE4 EBX:000019AF ECX:0000000A EDX:00000118 ESI:00007BE4 EDI:00000000 EBP:00007BD8 ESP:00007B98 DS:3E00 ES:3E00 FS:0000 GS:0000 SS:3E00 CF:0 ZF:0 SF:1 OF:0 AF:0 PF:0 IF:0
F000:00001064  iret                                                   EAX:00007BE4 EBX:000019AF ECX:0000000A EDX:00000118 ESI:00007BE4 EDI:00000000 EBP:00007BD8 ESP:00007B98 DS:3E00 ES:3E00 FS:0000 GS:0000 SS:3E00 CF:0 ZF:0 SF:1 OF:0 AF:0 PF:0 IF:0
1688:00000AED  lds  si,bx                                             EAX:00007BE4 EBX:000019AF ECX:0000000A EDX:00000118 ESI:00007BE4 EDI:00000000 EBP:00007BD8 ESP:00007B9E DS:3E00 ES:3E00 FS:0000 GS:0000 SS:3E00 CF:0 ZF:0 SF:1 OF:0 AF:0 PF:0 IF:1
F000:00001060  callback 0003  (default)                               EAX:00007BE4 EBX:000019AF ECX:0000000A EDX:00000118 ESI:00007BE4 EDI:00000000 EBP:00007BD8 ESP:00007B98 DS:3E00 ES:3E00 FS:0000 GS:0000 SS:3E00 CF:0 ZF:0 SF:1 OF:0 AF:0 PF:0 IF:0
F000:00001064  iret                                                   EAX:00007BE4 EBX:000019AF ECX:0000000A EDX:00000118 ESI:00007BE4 EDI:00000000 EBP:00007BD8 ESP:00007B98 DS:3E00 ES:3E00 FS:0000 GS:0000 SS:3E00 CF:0 ZF:0 SF:1 OF:0 AF:0 PF:0 IF:0
1688:00000AED  lds  si,bx                                             EAX:00007BE4 EBX:000019AF ECX:0000000A EDX:00000118 ESI:00007BE4 EDI:00000000 EBP:00007BD8 ESP:00007B9E DS:3E00 ES:3E00 FS:0000 GS:0000 SS:3E00 CF:0 ZF:0 SF:1 OF:0 AF:0 PF:0 IF:1
F000:00001060  callback 0003  (default)                               EAX:00007BE4 EBX:000019AF ECX:0000000A EDX:00000118 ESI:00007BE4 EDI:00000000 EBP:00007BD8 ESP:00007B98 DS:3E00 ES:3E00 FS:0000 GS:0000 SS:3E00 CF:0 ZF:0 SF:1 OF:0 AF:0 PF:0 IF:0
F000:00001064  iret                                                   EAX:00007BE4 EBX:000019AF ECX:0000000A EDX:00000118 ESI:00007BE4 EDI:00000000 EBP:00007BD8 ESP:00007B98 DS:3E00 ES:3E00 FS:0000 GS:0000 SS:3E00 CF:0 ZF:0 SF:1 OF:0 AF:0 PF:0 IF:0
1688:00000AED  lds  si,bx                                             EAX:00007BE4 EBX:000019AF ECX:0000000A EDX:00000118 ESI:00007BE4 EDI:00000000 EBP:00007BD8 ESP:00007B9E DS:3E00 ES:3E00 FS:0000 GS:0000 SS:3E00 CF:0 ZF:0 SF:1 OF:0 AF:0 PF:0 IF:1
F000:00001060  callback 0003  (default)                               EAX:00007BE4 EBX:000019AF ECX:0000000A EDX:00000118 ESI:00007BE4 EDI:00000000 EBP:00007BD8 ESP:00007B98 DS:3E00 ES:3E00 FS:0000 GS:0000 SS:3E00 CF:0 ZF:0 SF:1 OF:0 AF:0 PF:0 IF:0
F000:00001064  iret                                                   EAX:00007BE4 EBX:000019AF ECX:0000000A EDX:00000118 ESI:00007BE4 EDI:00000000 EBP:00007BD8 ESP:00007B98 DS:3E00 ES:3E00 FS:0000 GS:0000 SS:3E00 CF:0 ZF:0 SF:1 OF:0 AF:0 PF:0 IF:0
1688:00000AED  lds  si,bx                                             EAX:00007BE4 EBX:000019AF ECX:0000000A EDX:00000118 ESI:00007BE4 EDI:00000000 EBP:00007BD8 ESP:00007B9E DS:3E00 ES:3E00 FS:0000 GS:0000 SS:3E00 CF:0 ZF:0 SF:1 OF:0 AF:0 PF:0 IF:1
F000:00001060  callback 0003  (default)                               EAX:00007BE4 EBX:000019AF ECX:0000000A EDX:00000118 ESI:00007BE4 EDI:00000000 EBP:00007BD8 ESP:00007B98 DS:3E00 ES:3E00 FS:0000 GS:0000 SS:3E00 CF:0 ZF:0 SF:1 OF:0 AF:0 PF:0 IF:0
F000:00001064  iret                                                   EAX:00007BE4 EBX:000019AF ECX:0000000A EDX:00000118 ESI:00007BE4 EDI:00000000 EBP:00007BD8 ESP:00007B98 DS:3E00 ES:3E00 FS:0000 GS:0000 SS:3E00 CF:0 ZF:0 SF:1 OF:0 AF:0 PF:0 IF:0
1688:00000AED  lds  si,bx                                             EAX:00007BE4 EBX:000019AF ECX:0000000A EDX:00000118 ESI:00007BE4 EDI:00000000 EBP:00007BD8 ESP:00007B9E DS:3E00 ES:3E00 FS:0000 GS:0000 SS:3E00 CF:0 ZF:0 SF:1 OF:0 AF:0 PF:0 IF:1
F000:00001060  callback 0003  (default)                               EAX:00007BE4 EBX:000019AF ECX:0000000A EDX:00000118 ESI:00007BE4 EDI:00000000 EBP:00007BD8 ESP:00007B98 DS:3E00 ES:3E00 FS:0000 GS:0000 SS:3E00 CF:0 ZF:0 SF:1 OF:0 AF:0 PF:0 IF:0
F000:00001064  iret                                                   EAX:00007BE4 EBX:000019AF ECX:0000000A EDX:00000118 ESI:00007BE4 EDI:00000000 EBP:00007BD8 ESP:00007B98 DS:3E00 ES:3E00 FS:0000 GS:0000 SS:3E00 CF:0 ZF:0 SF:1 OF:0 AF:0 PF:0 IF:0
1688:00000AED  lds  si,bx                                             EAX:00007BE4 EBX:000019AF ECX:0000000A EDX:00000118 ESI:00007BE4 EDI:00000000 EBP:00007BD8 ESP:00007B9E DS:3E00 ES:3E00 FS:0000 GS:0000 SS:3E00 CF:0 ZF:0 SF:1 OF:0 AF:0 PF:0 IF:1
F000:00001060  callback 0003  (default)                               EAX:00007BE4 EBX:000019AF ECX:0000000A EDX:00000118 ESI:00007BE4 EDI:00000000 EBP:00007BD8 ESP:00007B98 DS:3E00 ES:3E00 FS:0000 GS:0000 SS:3E00 CF:0 ZF:0 SF:1 OF:0 AF:0 PF:0 IF:0
F000:00001064  iret                                                   EAX:00007BE4 EBX:000019AF ECX:0000000A EDX:00000118 ESI:00007BE4 EDI:00000000 EBP:00007BD8 ESP:00007B98 DS:3E00 ES:3E00 FS:0000 GS:0000 SS:3E00 CF:0 ZF:0 SF:1 OF:0 AF:0 PF:0 IF:0
1688:00000AED  lds  si,bx                                             EAX:00007BE4 EBX:000019AF ECX:0000000A EDX:00000118 ESI:00007BE4 EDI:00000000 EBP:00007BD8 ESP:00007B9E DS:3E00 ES:3E00 FS:0000 GS:0000 SS:3E00 CF:0 ZF:0 SF:1 OF:0 AF:0 PF:0 IF:1
F000:00001060  callback 0003  (default)                               EAX:00007BE4 EBX:000019AF ECX:0000000A EDX:00000118 ESI:00007BE4 EDI:00000000 EBP:00007BD8 ESP:00007B98 DS:3E00 ES:3E00 FS:0000 GS:0000 SS:3E00 CF:0 ZF:0 SF:1 OF:0 AF:0 PF:0 IF:0
F000:00001064  iret                                                   EAX:00007BE4 EBX:000019AF ECX:0000000A EDX:00000118 ESI:00007BE4 EDI:00000000 EBP:00007BD8 ESP:00007B98 DS:3E00 ES:3E00 FS:0000 GS:0000 SS:3E00 CF:0 ZF:0 SF:1 OF:0 AF:0 PF:0 IF:0
1688:00000AED  lds  si,bx                                             EAX:00007BE4 EBX:000019AF ECX:0000000A EDX:00000118 ESI:00007BE4 EDI:00000000 EBP:00007BD8 ESP:00007B9E DS:3E00 ES:3E00 FS:0000 GS:0000 SS:3E00 CF:0 ZF:0 SF:1 OF:0 AF:0 PF:0 IF:1
F000:00001060  callback 0003  (default)                               EAX:00007BE4 EBX:000019AF ECX:0000000A EDX:00000118 ESI:00007BE4 EDI:00000000 EBP:00007BD8 ESP:00007B98 DS:3E00 ES:3E00 FS:0000 GS:0000 SS:3E00 CF:0 ZF:0 SF:1 OF:0 AF:0 PF:0 IF:0
F000:00001064  iret                                                   EAX:00007BE4 EBX:000019AF ECX:0000000A EDX:00000118 ESI:00007BE4 EDI:00000000 EBP:00007BD8 ESP:00007B98 DS:3E00 ES:3E00 FS:0000 GS:0000 SS:3E00 CF:0 ZF:0 SF:1 OF:0 AF:0 PF:0 IF:0
1688:00000AED  lds  si,bx                                             EAX:00007BE4 EBX:000019AF ECX:0000000A EDX:00000118 ESI:00007BE4 EDI:00000000 EBP:00007BD8 ESP:00007B9E DS:3E00 ES:3E00 FS:0000 GS:0000 SS:3E00 CF:0 ZF:0 SF:1 OF:0 AF:0 PF:0 IF:1
F000:00001060  callback 0003  (default)                               EAX:00007BE4 EBX:000019AF ECX:0000000A EDX:00000118 ESI:00007BE4 EDI:00000000 EBP:00007BD8 ESP:00007B98 DS:3E00 ES:3E00 FS:0000 GS:0000 SS:3E00 CF:0 ZF:0 SF:1 OF:0 AF:0 PF:0 IF:0
F000:00001064  iret                                                   EAX:00007BE4 EBX:000019AF ECX:0000000A EDX:00000118 ESI:00007BE4 EDI:00000000 EBP:00007BD8 ESP:00007B98 DS:3E00 ES:3E00 FS:0000 GS:0000 SS:3E00 CF:0 ZF:0 SF:1 OF:0 AF:0 PF:0 IF:0
1688:00000AED  lds  si,bx                                             EAX:00007BE4 EBX:000019AF ECX:0000000A EDX:00000118 ESI:00007BE4 EDI:00000000 EBP:00007BD8 ESP:00007B9E DS:3E00 ES:3E00 FS:0000 GS:0000 SS:3E00 CF:0 ZF:0 SF:1 OF:0 AF:0 PF:0 IF:1
F000:00001060  callback 0003  (default)                               EAX:00007BE4 EBX:000019AF ECX:0000000A EDX:00000118 ESI:00007BE4 EDI:00000000 EBP:00007BD8 ESP:00007B98 DS:3E00 ES:3E00 FS:0000 GS:0000 SS:3E00 CF:0 ZF:0 SF:1 OF:0 AF:0 PF:0 IF:0
F000:00001064  iret                                                   EAX:00007BE4 EBX:000019AF ECX:0000000A EDX:00000118 ESI:00007BE4 EDI:00000000 EBP:00007BD8 ESP:00007B98 DS:3E00 ES:3E00 FS:0000 GS:0000 SS:3E00 CF:0 ZF:0 SF:1 OF:0 AF:0 PF:0 IF:0
1688:00000AED  lds  si,bx                                             EAX:00007BE4 EBX:000019AF ECX:0000000A EDX:00000118 ESI:00007BE4 EDI:00000000 EBP:00007BD8 ESP:00007B9E DS:3E00 ES:3E00 FS:0000 GS:0000 SS:3E00 CF:0 ZF:0 SF:1 OF:0 AF:0 PF:0 IF:1
F000:00001060  callback 0003  (default)                               EAX:00007BE4 EBX:000019AF ECX:0000000A EDX:00000118 ESI:00007BE4 EDI:00000000 EBP:00007BD8 ESP:00007B98 DS:3E00 ES:3E00 FS:0000 GS:0000 SS:3E00 CF:0 ZF:0 SF:1 OF:0 AF:0 PF:0 IF:0
F000:00001064  iret                                                   EAX:00007BE4 EBX:000019AF ECX:0000000A EDX:00000118 ESI:00007BE4 EDI:00000000 EBP:00007BD8 ESP:00007B98 DS:3E00 ES:3E00 FS:0000 GS:0000 SS:3E00 CF:0 ZF:0 SF:1 OF:0 AF:0 PF:0 IF:0
1688:00000AED  lds  si,bx                                             EAX:00007BE4 EBX:000019AF ECX:0000000A EDX:00000118 ESI:00007BE4 EDI:00000000 EBP:00007BD8 ESP:00007B9E DS:3E00 ES:3E00 FS:0000 GS:0000 SS:3E00 CF:0 ZF:0 SF:1 OF:0 AF:0 PF:0 IF:1
F000:00001060  callback 0003  (default)                               EAX:00007BE4 EBX:000019AF ECX:0000000A EDX:00000118 ESI:00007BE4 EDI:00000000 EBP:00007BD8 ESP:00007B98 DS:3E00 ES:3E00 FS:0000 GS:0000 SS:3E00 CF:0 ZF:0 SF:1 OF:0 AF:0 PF:0 IF:0
F000:00001064  iret                                                   EAX:00007BE4 EBX:000019AF ECX:0000000A EDX:00000118 ESI:00007BE4 EDI:00000000 EBP:00007BD8 ESP:00007B98 DS:3E00 ES:3E00 FS:0000 GS:0000 SS:3E00 CF:0 ZF:0 SF:1 OF:0 AF:0 PF:0 IF:0
1688:00000AED  lds  si,bx                                             EAX:00007BE4 EBX:000019AF ECX:0000000A EDX:00000118 ESI:00007BE4 EDI:00000000 EBP:00007BD8 ESP:00007B9E DS:3E00 ES:3E00 FS:0000 GS:0000 SS:3E00 CF:0 ZF:0 SF:1 OF:0 AF:0 PF:0 IF:1
F000:00001060  callback 0003  (default)                               EAX:00007BE4 EBX:000019AF ECX:0000000A EDX:00000118 ESI:00007BE4 EDI:00000000 EBP:00007BD8 ESP:00007B98 DS:3E00 ES:3E00 FS:0000 GS:0000 SS:3E00 CF:0 ZF:0 SF:1 OF:0 AF:0 PF:0 IF:0
F000:00001064  iret                                                   EAX:00007BE4 EBX:000019AF ECX:0000000A EDX:00000118 ESI:00007BE4 EDI:00000000 EBP:00007BD8 ESP:00007B98 DS:3E00 ES:3E00 FS:0000 GS:0000 SS:3E00 CF:0 ZF:0 SF:1 OF:0 AF:0 PF:0 IF:0
1688:00000AED  lds  si,bx                                             EAX:00007BE4 EBX:000019AF ECX:0000000A EDX:00000118 ESI:00007BE4 EDI:00000000 EBP:00007BD8 ESP:00007B9E DS:3E00 ES:3E00 FS:0000 GS:0000 SS:3E00 CF:0 ZF:0 SF:1 OF:0 AF:0 PF:0 IF:1
F000:00001060  callback 0003  (default)                               EAX:00007BE4 EBX:000019AF ECX:0000000A EDX:00000118 ESI:00007BE4 EDI:00000000 EBP:00007BD8 ESP:00007B98 DS:3E00 ES:3E00 FS:0000 GS:0000 SS:3E00 CF:0 ZF:0 SF:1 OF:0 AF:0 PF:0 IF:0
F000:00001064  iret                                                   EAX:00007BE4 EBX:000019AF ECX:0000000A EDX:00000118 ESI:00007BE4 EDI:00000000 EBP:00007BD8 ESP:00007B98 DS:3E00 ES:3E00 FS:0000 GS:0000 SS:3E00 CF:0 ZF:0 SF:1 OF:0 AF:0 PF:0 IF:0
1688:00000AED  lds  si,bx                                             EAX:00007BE4 EBX:000019AF ECX:0000000A EDX:00000118 ESI:00007BE4 EDI:00000000 EBP:00007BD8 ESP:00007B9E DS:3E00 ES:3E00 FS:0000 GS:0000 SS:3E00 CF:0 ZF:0 SF:1 OF:0 AF:0 PF:0 IF:1
F000:00001060  callback 0003  (default)                               EAX:00007BE4 EBX:000019AF ECX:0000000A EDX:00000118 ESI:00007BE4 EDI:00000000 EBP:00007BD8 ESP:00007B98 DS:3E00 ES:3E00 FS:0000 GS:0000 SS:3E00 CF:0 ZF:0 SF:1 OF:0 AF:0 PF:0 IF:0
F000:00001064  iret                                                   EAX:00007BE4 EBX:000019AF ECX:0000000A EDX:00000118 ESI:00007BE4 EDI:00000000 EBP:00007BD8 ESP:00007B98 DS:3E00 ES:3E00 FS:0000 GS:0000 SS:3E00 CF:0 ZF:0 SF:1 OF:0 AF:0 PF:0 IF:0
1688:00000AED  lds  si,bx                                             EAX:00007BE4 EBX:000019AF ECX:0000000A EDX:00000118 ESI:00007BE4 EDI:00000000 EBP:00007BD8 ESP:00007B9E DS:3E00 ES:3E00 FS:0000 GS:0000 SS:3E00 CF:0 ZF:0 SF:1 OF:0 AF:0 PF:0 IF:1
F000:00001060  callback 0003  (default)                               EAX:00007BE4 EBX:000019AF ECX:0000000A EDX:00000118 ESI:00007BE4 EDI:00000000 EBP:00007BD8 ESP:00007B98 DS:3E00 ES:3E00 FS:0000 GS:0000 SS:3E00 CF:0 ZF:0 SF:1 OF:0 AF:0 PF:0 IF:0
F000:00001064  iret                                                   EAX:00007BE4 EBX:000019AF ECX:0000000A EDX:00000118 ESI:00007BE4 EDI:00000000 EBP:00007BD8 ESP:00007B98 DS:3E00 ES:3E00 FS:0000 GS:0000 SS:3E00 CF:0 ZF:0 SF:1 OF:0 AF:0 PF:0 IF:0
1688:00000AED  lds  si,bx                                             EAX:00007BE4 EBX:000019AF ECX:0000000A EDX:00000118 ESI:00007BE4 EDI:00000000 EBP:00007BD8 ESP:00007B9E DS:3E00 ES:3E00 FS:0000 GS:0000 SS:3E00 CF:0 ZF:0 SF:1 OF:0 AF:0 PF:0 IF:1
F000:00001060  callback 0003  (default)                               EAX:00007BE4 EBX:000019AF ECX:0000000A EDX:00000118 ESI:00007BE4 EDI:00000000 EBP:00007BD8 ESP:00007B98 DS:3E00 ES:3E00 FS:0000 GS:0000 SS:3E00 CF:0 ZF:0 SF:1 OF:0 AF:0 PF:0 IF:0
F000:00001064  iret                                                   EAX:00007BE4 EBX:000019AF ECX:0000000A EDX:00000118 ESI:00007BE4 EDI:00000000 EBP:00007BD8 ESP:00007B98 DS:3E00 ES:3E00 FS:0000 GS:0000 SS:3E00 CF:0 ZF:0 SF:1 OF:0 AF:0 PF:0 IF:0
1688:00000AED  lds  si,bx                                             EAX:00007BE4 EBX:000019AF ECX:0000000A EDX:00000118 ESI:00007BE4 EDI:00000000 EBP:00007BD8 ESP:00007B9E DS:3E00 ES:3E00 FS:0000 GS:0000 SS:3E00 CF:0 ZF:0 SF:1 OF:0 AF:0 PF:0 IF:1
F000:00001060  callback 0003  (default)                               EAX:00007BE4 EBX:000019AF ECX:0000000A EDX:00000118 ESI:00007BE4 EDI:00000000 EBP:00007BD8 ESP:00007B98 DS:3E00 ES:3E00 FS:0000 GS:0000 SS:3E00 CF:0 ZF:0 SF:1 OF:0 AF:0 PF:0 IF:0
F000:00001064  iret                                                   EAX:00007BE4 EBX:000019AF ECX:0000000A EDX:00000118 ESI:00007BE4 EDI:00000000 EBP:00007BD8 ESP:00007B98 DS:3E00 ES:3E00 FS:0000 GS:0000 SS:3E00 CF:0 ZF:0 SF:1 OF:0 AF:0 PF:0 IF:0
1688:00000AED  lds  si,bx                                             EAX:00007BE4 EBX:000019AF ECX:0000000A EDX:00000118 ESI:00007BE4 EDI:00000000 EBP:00007BD8 ESP:00007B9E DS:3E00 ES:3E00 FS:0000 GS:0000 SS:3E00 CF:0 ZF:0 SF:1 OF:0 AF:0 PF:0 IF:1
F000:00001060  callback 0003  (default)                               EAX:00007BE4 EBX:000019AF ECX:0000000A EDX:00000118 ESI:00007BE4 EDI:00000000 EBP:00007BD8 ESP:00007B98 DS:3E00 ES:3E00 FS:0000 GS:0000 SS:3E00 CF:0 ZF:0 SF:1 OF:0 AF:0 PF:0 IF:0
F000:00001064  iret                                                   EAX:00007BE4 EBX:000019AF ECX:0000000A EDX:00000118 ESI:00007BE4 EDI:00000000 EBP:00007BD8 ESP:00007B98 DS:3E00 ES:3E00 FS:0000 GS:0000 SS:3E00 CF:0 ZF:0 SF:1 OF:0 AF:0 PF:0 IF:0
1688:00000AED  lds  si,bx                                             EAX:00007BE4 EBX:000019AF ECX:0000000A EDX:00000118 ESI:00007BE4 EDI:00000000 EBP:00007BD8 ESP:00007B9E DS:3E00 ES:3E00 FS:0000 GS:0000 SS:3E00 CF:0 ZF:0 SF:1 OF:0 AF:0 PF:0 IF:1
F000:00001060  callback 0003  (default)                               EAX:00007BE4 EBX:000019AF ECX:0000000A EDX:00000118 ESI:00007BE4 EDI:00000000 EBP:00007BD8 ESP:00007B98 DS:3E00 ES:3E00 FS:0000 GS:0000 SS:3E00 CF:0 ZF:0 SF:1 OF:0 AF:0 PF:0 IF:0
F000:00001064  iret                                                   EAX:00007BE4 EBX:000019AF ECX:0000000A EDX:00000118 ESI:00007BE4 EDI:00000000 EBP:00007BD8 ESP:00007B98 DS:3E00 ES:3E00 FS:0000 GS:0000 SS:3E00 CF:0 ZF:0 SF:1 OF:0 AF:0 PF:0 IF:0
1688:00000AED  lds  si,bx                                             EAX:00007BE4 EBX:000019AF ECX:0000000A EDX:00000118 ESI:00007BE4 EDI:00000000 EBP:00007BD8 ESP:00007B9E DS:3E00 ES:3E00 FS:0000 GS:0000 SS:3E00 CF:0 ZF:0 SF:1 OF:0 AF:0 PF:0 IF:1
F000:00001060  callback 0003  (default)                               EAX:00007BE4 EBX:000019AF ECX:0000000A EDX:00000118 ESI:00007BE4 EDI:00000000 EBP:00007BD8 ESP:00007B98 DS:3E00 ES:3E00 FS:0000 GS:0000 SS:3E00 CF:0 ZF:0 SF:1 OF:0 AF:0 PF:0 IF:0
F000:00001064  iret                                                   EAX:00007BE4 EBX:000019AF ECX:0000000A EDX:00000118 ESI:00007BE4 EDI:00000000 EBP:00007BD8 ESP:00007B98 DS:3E00 ES:3E00 FS:0000 GS:0000 SS:3E00 CF:0 ZF:0 SF:1 OF:0 AF:0 PF:0 IF:0
1688:00000AED  lds  si,bx                                             EAX:00007BE4 EBX:000019AF ECX:0000000A EDX:00000118 ESI:00007BE4 EDI:00000000 EBP:00007BD8 ESP:00007B9E DS:3E00 ES:3E00 FS:0000 GS:0000 SS:3E00 CF:0 ZF:0 SF:1 OF:0 AF:0 PF:0 IF:1
F000:00001060  callback 0003  (default)                               EAX:00007BE4 EBX:000019AF ECX:0000000A EDX:00000118 ESI:00007BE4 EDI:00000000 EBP:00007BD8 ESP:00007B98 DS:3E00 ES:3E00 FS:0000 GS:0000 SS:3E00 CF:0 ZF:0 SF:1 OF:0 AF:0 PF:0 IF:0
F000:00001064  iret                                                   EAX:00007BE4 EBX:000019AF ECX:0000000A EDX:00000118 ESI:00007BE4 EDI:00000000 EBP:00007BD8 ESP:00007B98 DS:3E00 ES:3E00 FS:0000 GS:0000 SS:3E00 CF:0 ZF:0 SF:1 OF:0 AF:0 PF:0 IF:0
1688:00000AED  lds  si,bx                                             EAX:00007BE4 EBX:000019AF ECX:0000000A EDX:00000118 ESI:00007BE4 EDI:00000000 EBP:00007BD8 ESP:00007B9E DS:3E00 ES:3E00 FS:0000 GS:0000 SS:3E00 CF:0 ZF:0 SF:1 OF:0 AF:0 PF:0 IF:1
F000:00001060  callback 0003  (default)                               EAX:00007BE4 EBX:000019AF ECX:0000000A EDX:00000118 ESI:00007BE4 EDI:00000000 EBP:00007BD8 ESP:00007B98 DS:3E00 ES:3E00 FS:0000 GS:0000 SS:3E00 CF:0 ZF:0 SF:1 OF:0 AF:0 PF:0 IF:0
F000:00001064  iret                                                   EAX:00007BE4 EBX:000019AF ECX:0000000A EDX:00000118 ESI:00007BE4 EDI:00000000 EBP:00007BD8 ESP:00007B98 DS:3E00 ES:3E00 FS:0000 GS:0000 SS:3E00 CF:0 ZF:0 SF:1 OF:0 AF:0 PF:0 IF:0
1688:00000AED  lds  si,bx                                             EAX:00007BE4 EBX:000019AF ECX:0000000A EDX:00000118 ESI:00007BE4 EDI:00000000 EBP:00007BD8 ESP:00007B9E DS:3E00 ES:3E00 FS:0000 GS:0000 SS:3E00 CF:0 ZF:0 SF:1 OF:0 AF:0 PF:0 IF:1
F000:00001060  callback 0003  (default)                               EAX:00007BE4 EBX:000019AF ECX:0000000A EDX:00000118 ESI:00007BE4 EDI:00000000 EBP:00007BD8 ESP:00007B98 DS:3E00 ES:3E00 FS:0000 GS:0000 SS:3E00 CF:0 ZF:0 SF:1 OF:0 AF:0 PF:0 IF:0
F000:00001064  iret                                                   EAX:00007BE4 EBX:000019AF ECX:0000000A EDX:00000118 ESI:00007BE4 EDI:00000000 EBP:00007BD8 ESP:00007B98 DS:3E00 ES:3E00 FS:0000 GS:0000 SS:3E00 CF:0 ZF:0 SF:1 OF:0 AF:0 PF:0 IF:0
1688:00000AED  lds  si,bx                                             EAX:00007BE4 EBX:000019AF ECX:0000000A EDX:00000118 ESI:00007BE4 EDI:00000000 EBP:00007BD8 ESP:00007B9E DS:3E00 ES:3E00 FS:0000 GS:0000 SS:3E00 CF:0 ZF:0 SF:1 OF:0 AF:0 PF:0 IF:1
F000:00001060  callback 0003  (default)                               EAX:00007BE4 EBX:000019AF ECX:0000000A EDX:00000118 ESI:00007BE4 EDI:00000000 EBP:00007BD8 ESP:00007B98 DS:3E00 ES:3E00 FS:0000 GS:0000 SS:3E00 CF:0 ZF:0 SF:1 OF:0 AF:0 PF:0 IF:0
F000:00001064  iret                                                   EAX:00007BE4 EBX:000019AF ECX:0000000A EDX:00000118 ESI:00007BE4 EDI:00000000 EBP:00007BD8 ESP:00007B98 DS:3E00 ES:3E00 FS:0000 GS:0000 SS:3E00 CF:0 ZF:0 SF:1 OF:0 AF:0 PF:0 IF:0
1688:00000AED  lds  si,bx                                             EAX:00007BE4 EBX:000019AF ECX:0000000A EDX:00000118 ESI:00007BE4 EDI:00000000 EBP:00007BD8 ESP:00007B9E DS:3E00 ES:3E00 FS:0000 GS:0000 SS:3E00 CF:0 ZF:0 SF:1 OF:0 AF:0 PF:0 IF:1
F000:00001060  callback 0003  (default)                               EAX:00007BE4 EBX:000019AF ECX:0000000A EDX:00000118 ESI:00007BE4 EDI:00000000 EBP:00007BD8 ESP:00007B98 DS:3E00 ES:3E00 FS:0000 GS:0000 SS:3E00 CF:0 ZF:0 SF:1 OF:0 AF:0 PF:0 IF:0
F000:00001064  iret                                                   EAX:00007BE4 EBX:000019AF ECX:0000000A EDX:00000118 ESI:00007BE4 EDI:00000000 EBP:00007BD8 ESP:00007B98 DS:3E00 ES:3E00 FS:0000 GS:0000 SS:3E00 CF:0 ZF:0 SF:1 OF:0 AF:0 PF:0 IF:0
1688:00000AED  lds  si,bx                                             EAX:00007BE4 EBX:000019AF ECX:0000000A EDX:00000118 ESI:00007BE4 EDI:00000000 EBP:00007BD8 ESP:00007B9E DS:3E00 ES:3E00 FS:0000 GS:0000 SS:3E00 CF:0 ZF:0 SF:1 OF:0 AF:0 PF:0 IF:1
F000:00001060  callback 0003  (default)                               EAX:00007BE4 EBX:000019AF ECX:0000000A EDX:00000118 ESI:00007BE4 EDI:00000000 EBP:00007BD8 ESP:00007B98 DS:3E00 ES:3E00 FS:0000 GS:0000 SS:3E00 CF:0 ZF:0 SF:1 OF:0 AF:0 PF:0 IF:0
F000:00001064  iret                                                   EAX:00007BE4 EBX:000019AF ECX:0000000A EDX:00000118 ESI:00007BE4 EDI:00000000 EBP:00007BD8 ESP:00007B98 DS:3E00 ES:3E00 FS:0000 GS:0000 SS:3E00 CF:0 ZF:0 SF:1 OF:0 AF:0 PF:0 IF:0
1688:00000AED  lds  si,bx                                             EAX:00007BE4 EBX:000019AF ECX:0000000A EDX:00000118 ESI:00007BE4 EDI:00000000 EBP:00007BD8 ESP:00007B9E DS:3E00 ES:3E00 FS:0000 GS:0000 SS:3E00 CF:0 ZF:0 SF:1 OF:0 AF:0 PF:0 IF:1
F000:00001060  callback 0003  (default)                               EAX:00007BE4 EBX:000019AF ECX:0000000A EDX:00000118 ESI:00007BE4 EDI:00000000 EBP:00007BD8 ESP:00007B98 DS:3E00 ES:3E00 FS:0000 GS:0000 SS:3E00 CF:0 ZF:0 SF:1 OF:0 AF:0 PF:0 IF:0
F000:00001064  iret                                                   EAX:00007BE4 EBX:000019AF ECX:0000000A EDX:00000118 ESI:00007BE4 EDI:00000000 EBP:00007BD8 ESP:00007B98 DS:3E00 ES:3E00 FS:0000 GS:0000 SS:3E00 CF:0 ZF:0 SF:1 OF:0 AF:0 PF:0 IF:0
1688:00000AED  lds  si,bx                                             EAX:00007BE4 EBX:000019AF ECX:0000000A EDX:00000118 ESI:00007BE4 EDI:00000000 EBP:00007BD8 ESP:00007B9E DS:3E00 ES:3E00 FS:0000 GS:0000 SS:3E00 CF:0 ZF:0 SF:1 OF:0 AF:0 PF:0 IF:1
F000:00001060  callback 0003  (default)                               EAX:00007BE4 EBX:000019AF ECX:0000000A EDX:00000118 ESI:00007BE4 EDI:00000000 EBP:00007BD8 ESP:00007B98 DS:3E00 ES:3E00 FS:0000 GS:0000 SS:3E00 CF:0 ZF:0 SF:1 OF:0 AF:0 PF:0 IF:0
F000:00001064  iret                                                   EAX:00007BE4 EBX:000019AF ECX:0000000A EDX:00000118 ESI:00007BE4 EDI:00000000 EBP:00007BD8 ESP:00007B98 DS:3E00 ES:3E00 FS:0000 GS:0000 SS:3E00 CF:0 ZF:0 SF:1 OF:0 AF:0 PF:0 IF:0
1688:00000AED  lds  si,bx                                             EAX:00007BE4 EBX:000019AF ECX:0000000A EDX:00000118 ESI:00007BE4 EDI:00000000 EBP:00007BD8 ESP:00007B9E DS:3E00 ES:3E00 FS:0000 GS:0000 SS:3E00 CF:0 ZF:0 SF:1 OF:0 AF:0 PF:0 IF:1
F000:00001060  callback 0003  (default)                               EAX:00007BE4 EBX:000019AF ECX:0000000A EDX:00000118 ESI:00007BE4 EDI:00000000 EBP:00007BD8 ESP:00007B98 DS:3E00 ES:3E00 FS:0000 GS:0000 SS:3E00 CF:0 ZF:0 SF:1 OF:0 AF:0 PF:0 IF:0
F000:00001064  iret                                                   EAX:00007BE4 EBX:000019AF ECX:0000000A EDX:00000118 ESI:00007BE4 EDI:00000000 EBP:00007BD8 ESP:00007B98 DS:3E00 ES:3E00 FS:0000 GS:0000 SS:3E00 CF:0 ZF:0 SF:1 OF:0 AF:0 PF:0 IF:0
1688:00000AED  lds  si,bx                                             EAX:00007BE4 EBX:000019AF ECX:0000000A EDX:00000118 ESI:00007BE4 EDI:00000000 EBP:00007BD8 ESP:00007B9E DS:3E00 ES:3E00 FS:0000 GS:0000 SS:3E00 CF:0 ZF:0 SF:1 OF:0 AF:0 PF:0 IF:1
F000:00001060  callback 0003  (default)                               EAX:00007BE4 EBX:000019AF ECX:0000000A EDX:00000118 ESI:00007BE4 EDI:00000000 EBP:00007BD8 ESP:00007B98 DS:3E00 ES:3E00 FS:0000 GS:0000 SS:3E00 CF:0 ZF:0 SF:1 OF:0 AF:0 PF:0 IF:0
F000:00001064  iret                                                   EAX:00007BE4 EBX:000019AF ECX:0000000A EDX:00000118 ESI:00007BE4 EDI:00000000 EBP:00007BD8 ESP:00007B98 DS:3E00 ES:3E00 FS:0000 GS:0000 SS:3E00 CF:0 ZF:0 SF:1 OF:0 AF:0 PF:0 IF:0
1688:00000AED  lds  si,bx                                             EAX:00007BE4 EBX:000019AF ECX:0000000A EDX:00000118 ESI:00007BE4 EDI:00000000 EBP:00007BD8 ESP:00007B9E DS:3E00 ES:3E00 FS:0000 GS:0000 SS:3E00 CF:0 ZF:0 SF:1 OF:0 AF:0 PF:0 IF:1
F000:00001060  callback 0003  (default)                               EAX:00007BE4 EBX:000019AF ECX:0000000A EDX:00000118 ESI:00007BE4 EDI:00000000 EBP:00007BD8 ESP:00007B98 DS:3E00 ES:3E00 FS:0000 GS:0000 SS:3E00 CF:0 ZF:0 SF:1 OF:0 AF:0 PF:0 IF:0
F000:00001064  iret                                                   EAX:00007BE4 EBX:000019AF ECX:0000000A EDX:00000118 ESI:00007BE4 EDI:00000000 EBP:00007BD8 ESP:00007B98 DS:3E00 ES:3E00 FS:0000 GS:0000 SS:3E00 CF:0 ZF:0 SF:1 OF:0 AF:0 PF:0 IF:0
1688:00000AED  lds  si,bx                                             EAX:00007BE4 EBX:000019AF ECX:0000000A EDX:00000118 ESI:00007BE4 EDI:00000000 EBP:00007BD8 ESP:00007B9E DS:3E00 ES:3E00 FS:0000 GS:0000 SS:3E00 CF:0 ZF:0 SF:1 OF:0 AF:0 PF:0 IF:1
F000:00001060  callback 0003  (default)                               EAX:00007BE4 EBX:000019AF ECX:0000000A EDX:00000118 ESI:00007BE4 EDI:00000000 EBP:00007BD8 ESP:00007B98 DS:3E00 ES:3E00 FS:0000 GS:0000 SS:3E00 CF:0 ZF:0 SF:1 OF:0 AF:0 PF:0 IF:0
F000:00001064  iret                                                   EAX:00007BE4 EBX:000019AF ECX:0000000A EDX:00000118 ESI:00007BE4 EDI:00000000 EBP:00007BD8 ESP:00007B98 DS:3E00 ES:3E00 FS:0000 GS:0000 SS:3E00 CF:0 ZF:0 SF:1 OF:0 AF:0 PF:0 IF:0
1688:00000AED  lds  si,bx                                             EAX:00007BE4 EBX:000019AF ECX:0000000A EDX:00000118 ESI:00007BE4 EDI:00000000 EBP:00007BD8 ESP:00007B9E DS:3E00 ES:3E00 FS:0000 GS:0000 SS:3E00 CF:0 ZF:0 SF:1 OF:0 AF:0 PF:0 IF:1
F000:00001060  callback 0003  (default)                               EAX:00007BE4 EBX:000019AF ECX:0000000A EDX:00000118 ESI:00007BE4 EDI:00000000 EBP:00007BD8 ESP:00007B98 DS:3E00 ES:3E00 FS:0000 GS:0000 SS:3E00 CF:0 ZF:0 SF:1 OF:0 AF:0 PF:0 IF:0
F000:00001064  iret                                                   EAX:00007BE4 EBX:000019AF ECX:0000000A EDX:00000118 ESI:00007BE4 EDI:00000000 EBP:00007BD8 ESP:00007B98 DS:3E00 ES:3E00 FS:0000 GS:0000 SS:3E00 CF:0 ZF:0 SF:1 OF:0 AF:0 PF:0 IF:0
1688:00000AED  lds  si,bx                                             EAX:00007BE4 EBX:000019AF ECX:0000000A EDX:00000118 ESI:00007BE4 EDI:00000000 EBP:00007BD8 ESP:00007B9E DS:3E00 ES:3E00 FS:0000 GS:0000 SS:3E00 CF:0 ZF:0 SF:1 OF:0 AF:0 PF:0 IF:1
F000:00001060  callback 0003  (default)                               EAX:00007BE4 EBX:000019AF ECX:0000000A EDX:00000118 ESI:00007BE4 EDI:00000000 EBP:00007BD8 ESP:00007B98 DS:3E00 ES:3E00 FS:0000 GS:0000 SS:3E00 CF:0 ZF:0 SF:1 OF:0 AF:0 PF:0 IF:0
F000:00001064  iret                                                   EAX:00007BE4 EBX:000019AF ECX:0000000A EDX:00000118 ESI:00007BE4 EDI:00000000 EBP:00007BD8 ESP:00007B98 DS:3E00 ES:3E00 FS:0000 GS:0000 SS:3E00 CF:0 ZF:0 SF:1 OF:0 AF:0 PF:0 IF:0
1688:00000AED  lds  si,bx                                             EAX:00007BE4 EBX:000019AF ECX:0000000A EDX:00000118 ESI:00007BE4 EDI:00000000 EBP:00007BD8 ESP:00007B9E DS:3E00 ES:3E00 FS:0000 GS:0000 SS:3E00 CF:0 ZF:0 SF:1 OF:0 AF:0 PF:0 IF:1
F000:00001060  callback 0003  (default)                               EAX:00007BE4 EBX:000019AF ECX:0000000A EDX:00000118 ESI:00007BE4 EDI:00000000 EBP:00007BD8 ESP:00007B98 DS:3E00 ES:3E00 FS:0000 GS:0000 SS:3E00 CF:0 ZF:0 SF:1 OF:0 AF:0 PF:0 IF:0
F000:00001064  iret                                                   EAX:00007BE4 EBX:000019AF ECX:0000000A EDX:00000118 ESI:00007BE4 EDI:00000000 EBP:00007BD8 ESP:00007B98 DS:3E00 ES:3E00 FS:0000 GS:0000 SS:3E00 CF:0 ZF:0 SF:1 OF:0 AF:0 PF:0 IF:0
1688:00000AED  lds  si,bx                                             EAX:00007BE4 EBX:000019AF ECX:0000000A EDX:00000118 ESI:00007BE4 EDI:00000000 EBP:00007BD8 ESP:00007B9E DS:3E00 ES:3E00 FS:0000 GS:0000 SS:3E00 CF:0 ZF:0 SF:1 OF:0 AF:0 PF:0 IF:1
F000:00001060  callback 0003  (default)                               EAX:00007BE4 EBX:000019AF ECX:0000000A EDX:00000118 ESI:00007BE4 EDI:00000000 EBP:00007BD8 ESP:00007B98 DS:3E00 ES:3E00 FS:0000 GS:0000 SS:3E00 CF:0 ZF:0 SF:1 OF:0 AF:0 PF:0 IF:0
F000:00001064  iret                                                   EAX:00007BE4 EBX:000019AF ECX:0000000A EDX:00000118 ESI:00007BE4 EDI:00000000 EBP:00007BD8 ESP:00007B98 DS:3E00 ES:3E00 FS:0000 GS:0000 SS:3E00 CF:0 ZF:0 SF:1 OF:0 AF:0 PF:0 IF:0
1688:00000AED  lds  si,bx                                             EAX:00007BE4 EBX:000019AF ECX:0000000A EDX:00000118 ESI:00007BE4 EDI:00000000 EBP:00007BD8 ESP:00007B9E DS:3E00 ES:3E00 FS:0000 GS:0000 SS:3E00 CF:0 ZF:0 SF:1 OF:0 AF:0 PF:0 IF:1
F000:00001060  callback 0003  (default)                               EAX:00007BE4 EBX:000019AF ECX:0000000A EDX:00000118 ESI:00007BE4 EDI:00000000 EBP:00007BD8 ESP:00007B98 DS:3E00 ES:3E00 FS:0000 GS:0000 SS:3E00 CF:0 ZF:0 SF:1 OF:0 AF:0 PF:0 IF:0
F000:00001064  iret                                                   EAX:00007BE4 EBX:000019AF ECX:0000000A EDX:00000118 ESI:00007BE4 EDI:00000000 EBP:00007BD8 ESP:00007B98 DS:3E00 ES:3E00 FS:0000 GS:0000 SS:3E00 CF:0 ZF:0 SF:1 OF:0 AF:0 PF:0 IF:0
1688:00000AED  lds  si,bx                                             EAX:00007BE4 EBX:000019AF ECX:0000000A EDX:00000118 ESI:00007BE4 EDI:00000000 EBP:00007BD8 ESP:00007B9E DS:3E00 ES:3E00 FS:0000 GS:0000 SS:3E00 CF:0 ZF:0 SF:1 OF:0 AF:0 PF:0 IF:1
F000:00001060  callback 0003  (default)                               EAX:00007BE4 EBX:000019AF ECX:0000000A EDX:00000118 ESI:00007BE4 EDI:00000000 EBP:00007BD8 ESP:00007B98 DS:3E00 ES:3E00 FS:0000 GS:0000 SS:3E00 CF:0 ZF:0 SF:1 OF:0 AF:0 PF:0 IF:0
F000:00001064  iret                                                   EAX:00007BE4 EBX:000019AF ECX:0000000A EDX:00000118 ESI:00007BE4 EDI:00000000 EBP:00007BD8 ESP:00007B98 DS:3E00 ES:3E00 FS:0000 GS:0000 SS:3E00 CF:0 ZF:0 SF:1 OF:0 AF:0 PF:0 IF:0
1688:00000AED  lds  si,bx                                             EAX:00007BE4 EBX:000019AF ECX:0000000A EDX:00000118 ESI:00007BE4 EDI:00000000 EBP:00007BD8 ESP:00007B9E DS:3E00 ES:3E00 FS:0000 GS:0000 SS:3E00 CF:0 ZF:0 SF:1 OF:0 AF:0 PF:0 IF:1
F000:00001060  callback 0003  (default)                               EAX:00007BE4 EBX:000019AF ECX:0000000A EDX:00000118 ESI:00007BE4 EDI:00000000 EBP:00007BD8 ESP:00007B98 DS:3E00 ES:3E00 FS:0000 GS:0000 SS:3E00 CF:0 ZF:0 SF:1 OF:0 AF:0 PF:0 IF:0
F000:00001064  iret                                                   EAX:00007BE4 EBX:000019AF ECX:0000000A EDX:00000118 ESI:00007BE4 EDI:00000000 EBP:00007BD8 ESP:00007B98 DS:3E00 ES:3E00 FS:0000 GS:0000 SS:3E00 CF:0 ZF:0 SF:1 OF:0 AF:0 PF:0 IF:0
1688:00000AED  lds  si,bx                                             EAX:00007BE4 EBX:000019AF ECX:0000000A EDX:00000118 ESI:00007BE4 EDI:00000000 EBP:00007BD8 ESP:00007B9E DS:3E00 ES:3E00 FS:0000 GS:0000 SS:3E00 CF:0 ZF:0 SF:1 OF:0 AF:0 PF:0 IF:1
F000:00001060  callback 0003  (default)                               EAX:00007BE4 EBX:000019AF ECX:0000000A EDX:00000118 ESI:00007BE4 EDI:00000000 EBP:00007BD8 ESP:00007B98 DS:3E00 ES:3E00 FS:0000 GS:0000 SS:3E00 CF:0 ZF:0 SF:1 OF:0 AF:0 PF:0 IF:0
F000:00001064  iret                                                   EAX:00007BE4 EBX:000019AF ECX:0000000A EDX:00000118 ESI:00007BE4 EDI:00000000 EBP:00007BD8 ESP:00007B98 DS:3E00 ES:3E00 FS:0000 GS:0000 SS:3E00 CF:0 ZF:0 SF:1 OF:0 AF:0 PF:0 IF:0
1688:00000AED  lds  si,bx                                             EAX:00007BE4 EBX:000019AF ECX:0000000A EDX:00000118 ESI:00007BE4 EDI:00000000 EBP:00007BD8 ESP:00007B9E DS:3E00 ES:3E00 FS:0000 GS:0000 SS:3E00 CF:0 ZF:0 SF:1 OF:0 AF:0 PF:0 IF:1
F000:00001060  callback 0003  (default)                               EAX:00007BE4 EBX:000019AF ECX:0000000A EDX:00000118 ESI:00007BE4 EDI:00000000 EBP:00007BD8 ESP:00007B98 DS:3E00 ES:3E00 FS:0000 GS:0000 SS:3E00 CF:0 ZF:0 SF:1 OF:0 AF:0 PF:0 IF:0
F000:00001064  iret                                                   EAX:00007BE4 EBX:000019AF ECX:0000000A EDX:00000118 ESI:00007BE4 EDI:00000000 EBP:00007BD8 ESP:00007B98 DS:3E00 ES:3E00 FS:0000 GS:0000 SS:3E00 CF:0 ZF:0 SF:1 OF:0 AF:0 PF:0 IF:0
1688:00000AED  lds  si,bx                                             EAX:00007BE4 EBX:000019AF ECX:0000000A EDX:00000118 ESI:00007BE4 EDI:00000000 EBP:00007BD8 ESP:00007B9E DS:3E00 ES:3E00 FS:0000 GS:0000 SS:3E00 CF:0 ZF:0 SF:1 OF:0 AF:0 PF:0 IF:1
F000:00001060  callback 0003  (default)                               EAX:00007BE4 EBX:000019AF ECX:0000000A EDX:00000118 ESI:00007BE4 EDI:00000000 EBP:00007BD8 ESP:00007B98 DS:3E00 ES:3E00 FS:0000 GS:0000 SS:3E00 CF:0 ZF:0 SF:1 OF:0 AF:0 PF:0 IF:0
F000:00001064  iret                                                   EAX:00007BE4 EBX:000019AF ECX:0000000A EDX:00000118 ESI:00007BE4 EDI:00000000 EBP:00007BD8 ESP:00007B98 DS:3E00 ES:3E00 FS:0000 GS:0000 SS:3E00 CF:0 ZF:0 SF:1 OF:0 AF:0 PF:0 IF:0
1688:00000AED  lds  si,bx                                             EAX:00007BE4 EBX:000019AF ECX:0000000A EDX:00000118 ESI:00007BE4 EDI:00000000 EBP:00007BD8 ESP:00007B9E DS:3E00 ES:3E00 FS:0000 GS:0000 SS:3E00 CF:0 ZF:0 SF:1 OF:0 AF:0 PF:0 IF:1
F000:00001060  callback 0003  (default)                               EAX:00007BE4 EBX:000019AF ECX:0000000A EDX:00000118 ESI:00007BE4 EDI:00000000 EBP:00007BD8 ESP:00007B98 DS:3E00 ES:3E00 FS:0000 GS:0000 SS:3E00 CF:0 ZF:0 SF:1 OF:0 AF:0 PF:0 IF:0
F000:00001064  iret                                                   EAX:00007BE4 EBX:000019AF ECX:0000000A EDX:00000118 ESI:00007BE4 EDI:00000000 EBP:00007BD8 ESP:00007B98 DS:3E00 ES:3E00 FS:0000 GS:0000 SS:3E00 CF:0 ZF:0 SF:1 OF:0 AF:0 PF:0 IF:0
1688:00000AED  lds  si,bx                                             EAX:00007BE4 EBX:000019AF ECX:0000000A EDX:00000118 ESI:00007BE4 EDI:00000000 EBP:00007BD8 ESP:00007B9E DS:3E00 ES:3E00 FS:0000 GS:0000 SS:3E00 CF:0 ZF:0 SF:1 OF:0 AF:0 PF:0 IF:1
F000:00001060  callback 0003  (default)                               EAX:00007BE4 EBX:000019AF ECX:0000000A EDX:00000118 ESI:00007BE4 EDI:00000000 EBP:00007BD8 ESP:00007B98 DS:3E00 ES:3E00 FS:0000 GS:0000 SS:3E00 CF:0 ZF:0 SF:1 OF:0 AF:0 PF:0 IF:0
F000:00001064  iret                                                   EAX:00007BE4 EBX:000019AF ECX:0000000A EDX:00000118 ESI:00007BE4 EDI:00000000 EBP:00007BD8 ESP:00007B98 DS:3E00 ES:3E00 FS:0000 GS:0000 SS:3E00 CF:0 ZF:0 SF:1 OF:0 AF:0 PF:0 IF:0
1688:00000AED  lds  si,bx                                             EAX:00007BE4 EBX:000019AF ECX:0000000A EDX:00000118 ESI:00007BE4 EDI:00000000 EBP:00007BD8 ESP:00007B9E DS:3E00 ES:3E00 FS:0000 GS:0000 SS:3E00 CF:0 ZF:0 SF:1 OF:0 AF:0 PF:0 IF:1
F000:00001060  callback 0003  (default)                               EAX:00007BE4 EBX:000019AF ECX:0000000A EDX:00000118 ESI:00007BE4 EDI:00000000 EBP:00007BD8 ESP:00007B98 DS:3E00 ES:3E00 FS:0000 GS:0000 SS:3E00 CF:0 ZF:0 SF:1 OF:0 AF:0 PF:0 IF:0
F000:00001064  iret                                                   EAX:00007BE4 EBX:000019AF ECX:0000000A EDX:00000118 ESI:00007BE4 EDI:00000000 EBP:00007BD8 ESP:00007B98 DS:3E00 ES:3E00 FS:0000 GS:0000 SS:3E00 CF:0 ZF:0 SF:1 OF:0 AF:0 PF:0 IF:0
1688:00000AED  lds  si,bx                                             EAX:00007BE4 EBX:000019AF ECX:0000000A EDX:00000118 ESI:00007BE4 EDI:00000000 EBP:00007BD8 ESP:00007B9E DS:3E00 ES:3E00 FS:0000 GS:0000 SS:3E00 CF:0 ZF:0 SF:1 OF:0 AF:0 PF:0 IF:1
F000:00001060  callback 0003  (default)                               EAX:00007BE4 EBX:000019AF ECX:0000000A EDX:00000118 ESI:00007BE4 EDI:00000000 EBP:00007BD8 ESP:00007B98 DS:3E00 ES:3E00 FS:0000 GS:0000 SS:3E00 CF:0 ZF:0 SF:1 OF:0 AF:0 PF:0 IF:0
F000:00001064  iret                                                   EAX:00007BE4 EBX:000019AF ECX:0000000A EDX:00000118 ESI:00007BE4 EDI:00000000 EBP:00007BD8 ESP:00007B98 DS:3E00 ES:3E00 FS:0000 GS:0000 SS:3E00 CF:0 ZF:0 SF:1 OF:0 AF:0 PF:0 IF:0
1688:00000AED  lds  si,bx                                             EAX:00007BE4 EBX:000019AF ECX:0000000A EDX:00000118 ESI:00007BE4 EDI:00000000 EBP:00007BD8 ESP:00007B9E DS:3E00 ES:3E00 FS:0000 GS:0000 SS:3E00 CF:0 ZF:0 SF:1 OF:0 AF:0 PF:0 IF:1
F000:00001060  callback 0003  (default)                               EAX:00007BE4 EBX:000019AF ECX:0000000A EDX:00000118 ESI:00007BE4 EDI:00000000 EBP:00007BD8 ESP:00007B98 DS:3E00 ES:3E00 FS:0000 GS:0000 SS:3E00 CF:0 ZF:0 SF:1 OF:0 AF:0 PF:0 IF:0
F000:00001064  iret                                                   EAX:00007BE4 EBX:000019AF ECX:0000000A EDX:00000118 ESI:00007BE4 EDI:00000000 EBP:00007BD8 ESP:00007B98 DS:3E00 ES:3E00 FS:0000 GS:0000 SS:3E00 CF:0 ZF:0 SF:1 OF:0 AF:0 PF:0 IF:0
1688:00000AED  lds  si,bx                                             EAX:00007BE4 EBX:000019AF ECX:0000000A EDX:00000118 ESI:00007BE4 EDI:00000000 EBP:00007BD8 ESP:00007B9E DS:3E00 ES:3E00 FS:0000 GS:0000 SS:3E00 CF:0 ZF:0 SF:1 OF:0 AF:0 PF:0 IF:1
F000:00001060  callback 0003  (default)                               EAX:00007BE4 EBX:000019AF ECX:0000000A EDX:00000118 ESI:00007BE4 EDI:00000000 EBP:00007BD8 ESP:00007B98 DS:3E00 ES:3E00 FS:0000 GS:0000 SS:3E00 CF:0 ZF:0 SF:1 OF:0 AF:0 PF:0 IF:0
F000:00001064  iret                                                   EAX:00007BE4 EBX:000019AF ECX:0000000A EDX:00000118 ESI:00007BE4 EDI:00000000 EBP:00007BD8 ESP:00007B98 DS:3E00 ES:3E00 FS:0000 GS:0000 SS:3E00 CF:0 ZF:0 SF:1 OF:0 AF:0 PF:0 IF:0
1688:00000AED  lds  si,bx                                             EAX:00007BE4 EBX:000019AF ECX:0000000A EDX:00000118 ESI:00007BE4 EDI:00000000 EBP:00007BD8 ESP:00007B9E DS:3E00 ES:3E00 FS:0000 GS:0000 SS:3E00 CF:0 ZF:0 SF:1 OF:0 AF:0 PF:0 IF:1
F000:00001060  callback 0003  (default)                               EAX:00007BE4 EBX:000019AF ECX:0000000A EDX:00000118 ESI:00007BE4 EDI:00000000 EBP:00007BD8 ESP:00007B98 DS:3E00 ES:3E00 FS:0000 GS:0000 SS:3E00 CF:0 ZF:0 SF:1 OF:0 AF:0 PF:0 IF:0
F000:00001064  iret                                                   EAX:00007BE4 EBX:000019AF ECX:0000000A EDX:00000118 ESI:00007BE4 EDI:00000000 EBP:00007BD8 ESP:00007B98 DS:3E00 ES:3E00 FS:0000 GS:0000 SS:3E00 CF:0 ZF:0 SF:1 OF:0 AF:0 PF:0 IF:0
1688:00000AED  lds  si,bx                                             EAX:00007BE4 EBX:000019AF ECX:0000000A EDX:00000118 ESI:00007BE4 EDI:00000000 EBP:00007BD8 ESP:00007B9E DS:3E00 ES:3E00 FS:0000 GS:0000 SS:3E00 CF:0 ZF:0 SF:1 OF:0 AF:0 PF:0 IF:1
F000:00001060  callback 0003  (default)                               EAX:00007BE4 EBX:000019AF ECX:0000000A EDX:00000118 ESI:00007BE4 EDI:00000000 EBP:00007BD8 ESP:00007B98 DS:3E00 ES:3E00 FS:0000 GS:0000 SS:3E00 CF:0 ZF:0 SF:1 OF:0 AF:0 PF:0 IF:0
F000:00001064  iret                                                   EAX:00007BE4 EBX:000019AF ECX:0000000A EDX:00000118 ESI:00007BE4 EDI:00000000 EBP:00007BD8 ESP:00007B98 DS:3E00 ES:3E00 FS:0000 GS:0000 SS:3E00 CF:0 ZF:0 SF:1 OF:0 AF:0 PF:0 IF:0
1688:00000AED  lds  si,bx                                             EAX:00007BE4 EBX:000019AF ECX:0000000A EDX:00000118 ESI:00007BE4 EDI:00000000 EBP:00007BD8 ESP:00007B9E DS:3E00 ES:3E00 FS:0000 GS:0000 SS:3E00 CF:0 ZF:0 SF:1 OF:0 AF:0 PF:0 IF:1
F000:00001060  callback 0003  (default)                               EAX:00007BE4 EBX:000019AF ECX:0000000A EDX:00000118 ESI:00007BE4 EDI:00000000 EBP:00007BD8 ESP:00007B98 DS:3E00 ES:3E00 FS:0000 GS:0000 SS:3E00 CF:0 ZF:0 SF:1 OF:0 AF:0 PF:0 IF:0
F000:00001064  iret                                                   EAX:00007BE4 EBX:000019AF ECX:0000000A EDX:00000118 ESI:00007BE4 EDI:00000000 EBP:00007BD8 ESP:00007B98 DS:3E00 ES:3E00 FS:0000 GS:0000 SS:3E00 CF:0 ZF:0 SF:1 OF:0 AF:0 PF:0 IF:0
1688:00000AED  lds  si,bx                                             EAX:00007BE4 EBX:000019AF ECX:0000000A EDX:00000118 ESI:00007BE4 EDI:00000000 EBP:00007BD8 ESP:00007B9E DS:3E00 ES:3E00 FS:0000 GS:0000 SS:3E00 CF:0 ZF:0 SF:1 OF:0 AF:0 PF:0 IF:1
F000:00001060  callback 0003  (default)                               EAX:00007BE4 EBX:000019AF ECX:0000000A EDX:00000118 ESI:00007BE4 EDI:00000000 EBP:00007BD8 ESP:00007B98 DS:3E00 ES:3E00 FS:0000 GS:0000 SS:3E00 CF:0 ZF:0 SF:1 OF:0 AF:0 PF:0 IF:0
F000:00001064  iret                                                   EAX:00007BE4 EBX:000019AF ECX:0000000A EDX:00000118 ESI:00007BE4 EDI:00000000 EBP:00007BD8 ESP:00007B98 DS:3E00 ES:3E00 FS:0000 GS:0000 SS:3E00 CF:0 ZF:0 SF:1 OF:0 AF:0 PF:0 IF:0
1688:00000AED  lds  si,bx                                             EAX:00007BE4 EBX:000019AF ECX:0000000A EDX:00000118 ESI:00007BE4 EDI:00000000 EBP:00007BD8 ESP:00007B9E DS:3E00 ES:3E00 FS:0000 GS:0000 SS:3E00 CF:0 ZF:0 SF:1 OF:0 AF:0 PF:0 IF:1
F000:00001060  callback 0003  (default)                               EAX:00007BE4 EBX:000019AF ECX:0000000A EDX:00000118 ESI:00007BE4 EDI:00000000 EBP:00007BD8 ESP:00007B98 DS:3E00 ES:3E00 FS:0000 GS:0000 SS:3E00 CF:0 ZF:0 SF:1 OF:0 AF:0 PF:0 IF:0
F000:00001064  iret                                                   EAX:00007BE4 EBX:000019AF ECX:0000000A EDX:00000118 ESI:00007BE4 EDI:00000000 EBP:00007BD8 ESP:00007B98 DS:3E00 ES:3E00 FS:0000 GS:0000 SS:3E00 CF:0 ZF:0 SF:1 OF:0 AF:0 PF:0 IF:0
1688:00000AED  lds  si,bx                                             EAX:00007BE4 EBX:000019AF ECX:0000000A EDX:00000118 ESI:00007BE4 EDI:00000000 EBP:00007BD8 ESP:00007B9E DS:3E00 ES:3E00 FS:0000 GS:0000 SS:3E00 CF:0 ZF:0 SF:1 OF:0 AF:0 PF:0 IF:1
F000:00001060  callback 0003  (default)                               EAX:00007BE4 EBX:000019AF ECX:0000000A EDX:00000118 ESI:00007BE4 EDI:00000000 EBP:00007BD8 ESP:00007B98 DS:3E00 ES:3E00 FS:0000 GS:0000 SS:3E00 CF:0 ZF:0 SF:1 OF:0 AF:0 PF:0 IF:0
F000:00001064  iret                                                   EAX:00007BE4 EBX:000019AF ECX:0000000A EDX:00000118 ESI:00007BE4 EDI:00000000 EBP:00007BD8 ESP:00007B98 DS:3E00 ES:3E00 FS:0000 GS:0000 SS:3E00 CF:0 ZF:0 SF:1 OF:0 AF:0 PF:0 IF:0
1688:00000AED  lds  si,bx                                             EAX:00007BE4 EBX:000019AF ECX:0000000A EDX:00000118 ESI:00007BE4 EDI:00000000 EBP:00007BD8 ESP:00007B9E DS:3E00 ES:3E00 FS:0000 GS:0000 SS:3E00 CF:0 ZF:0 SF:1 OF:0 AF:0 PF:0 IF:1
F000:00001060  callback 0003  (default)                               EAX:00007BE4 EBX:000019AF ECX:0000000A EDX:00000118 ESI:00007BE4 EDI:00000000 EBP:00007BD8 ESP:00007B98 DS:3E00 ES:3E00 FS:0000 GS:0000 SS:3E00 CF:0 ZF:0 SF:1 OF:0 AF:0 PF:0 IF:0
F000:00001064  iret                                                   EAX:00007BE4 EBX:000019AF ECX:0000000A EDX:00000118 ESI:00007BE4 EDI:00000000 EBP:00007BD8 ESP:00007B98 DS:3E00 ES:3E00 FS:0000 GS:0000 SS:3E00 CF:0 ZF:0 SF:1 OF:0 AF:0 PF:0 IF:0
1688:00000AED  lds  si,bx                                             EAX:00007BE4 EBX:000019AF ECX:0000000A EDX:00000118 ESI:00007BE4 EDI:00000000 EBP:00007BD8 ESP:00007B9E DS:3E00 ES:3E00 FS:0000 GS:0000 SS:3E00 CF:0 ZF:0 SF:1 OF:0 AF:0 PF:0 IF:1
F000:00001060  callback 0003  (default)                               EAX:00007BE4 EBX:000019AF ECX:0000000A EDX:00000118 ESI:00007BE4 EDI:00000000 EBP:00007BD8 ESP:00007B98 DS:3E00 ES:3E00 FS:0000 GS:0000 SS:3E00 CF:0 ZF:0 SF:1 OF:0 AF:0 PF:0 IF:0
F000:00001064  iret                                                   EAX:00007BE4 EBX:000019AF ECX:0000000A EDX:00000118 ESI:00007BE4 EDI:00000000 EBP:00007BD8 ESP:00007B98 DS:3E00 ES:3E00 FS:0000 GS:0000 SS:3E00 CF:0 ZF:0 SF:1 OF:0 AF:0 PF:0 IF:0
1688:00000AED  lds  si,bx                                             EAX:00007BE4 EBX:000019AF ECX:0000000A EDX:00000118 ESI:00007BE4 EDI:00000000 EBP:00007BD8 ESP:00007B9E DS:3E00 ES:3E00 FS:0000 GS:0000 SS:3E00 CF:0 ZF:0 SF:1 OF:0 AF:0 PF:0 IF:1
F000:00001060  callback 0003  (default)                               EAX:00007BE4 EBX:000019AF ECX:0000000A EDX:00000118 ESI:00007BE4 EDI:00000000 EBP:00007BD8 ESP:00007B98 DS:3E00 ES:3E00 FS:0000 GS:0000 SS:3E00 CF:0 ZF:0 SF:1 OF:0 AF:0 PF:0 IF:0
F000:00001064  iret                                                   EAX:00007BE4 EBX:000019AF ECX:0000000A EDX:00000118 ESI:00007BE4 EDI:00000000 EBP:00007BD8 ESP:00007B98 DS:3E00 ES:3E00 FS:0000 GS:0000 SS:3E00 CF:0 ZF:0 SF:1 OF:0 AF:0 PF:0 IF:0
1688:00000AED  lds  si,bx                                             EAX:00007BE4 EBX:000019AF ECX:0000000A EDX:00000118 ESI:00007BE4 EDI:00000000 EBP:00007BD8 ESP:00007B9E DS:3E00 ES:3E00 FS:0000 GS:0000 SS:3E00 CF:0 ZF:0 SF:1 OF:0 AF:0 PF:0 IF:1
F000:00001060  callback 0003  (default)                               EAX:00007BE4 EBX:000019AF ECX:0000000A EDX:00000118 ESI:00007BE4 EDI:00000000 EBP:00007BD8 ESP:00007B98 DS:3E00 ES:3E00 FS:0000 GS:0000 SS:3E00 CF:0 ZF:0 SF:1 OF:0 AF:0 PF:0 IF:0
F000:00001064  iret                                                   EAX:00007BE4 EBX:000019AF ECX:0000000A EDX:00000118 ESI:00007BE4 EDI:00000000 EBP:00007BD8 ESP:00007B98 DS:3E00 ES:3E00 FS:0000 GS:0000 SS:3E00 CF:0 ZF:0 SF:1 OF:0 AF:0 PF:0 IF:0
1688:00000AED  lds  si,bx                                             EAX:00007BE4 EBX:000019AF ECX:0000000A EDX:00000118 ESI:00007BE4 EDI:00000000 EBP:00007BD8 ESP:00007B9E DS:3E00 ES:3E00 FS:0000 GS:0000 SS:3E00 CF:0 ZF:0 SF:1 OF:0 AF:0 PF:0 IF:1
F000:00001060  callback 0003  (default)                               EAX:00007BE4 EBX:000019AF ECX:0000000A EDX:00000118 ESI:00007BE4 EDI:00000000 EBP:00007BD8 ESP:00007B98 DS:3E00 ES:3E00 FS:0000 GS:0000 SS:3E00 CF:0 ZF:0 SF:1 OF:0 AF:0 PF:0 IF:0
F000:00001064  iret                                                   EAX:00007BE4 EBX:000019AF ECX:0000000A EDX:00000118 ESI:00007BE4 EDI:00000000 EBP:00007BD8 ESP:00007B98 DS:3E00 ES:3E00 FS:0000 GS:0000 SS:3E00 CF:0 ZF:0 SF:1 OF:0 AF:0 PF:0 IF:0
1688:00000AED  lds  si,bx                                             EAX:00007BE4 EBX:000019AF ECX:0000000A EDX:00000118 ESI:00007BE4 EDI:00000000 EBP:00007BD8 ESP:00007B9E DS:3E00 ES:3E00 FS:0000 GS:0000 SS:3E00 CF:0 ZF:0 SF:1 OF:0 AF:0 PF:0 IF:1
F000:00001060  callback 0003  (default)                               EAX:00007BE4 EBX:000019AF ECX:0000000A EDX:00000118 ESI:00007BE4 EDI:00000000 EBP:00007BD8 ESP:00007B98 DS:3E00 ES:3E00 FS:0000 GS:0000 SS:3E00 CF:0 ZF:0 SF:1 OF:0 AF:0 PF:0 IF:0
F000:00001064  iret                                                   EAX:00007BE4 EBX:000019AF ECX:0000000A EDX:00000118 ESI:00007BE4 EDI:00000000 EBP:00007BD8 ESP:00007B98 DS:3E00 ES:3E00 FS:0000 GS:0000 SS:3E00 CF:0 ZF:0 SF:1 OF:0 AF:0 PF:0 IF:0
1688:00000AED  lds  si,bx                                             EAX:00007BE4 EBX:000019AF ECX:0000000A EDX:00000118 ESI:00007BE4 EDI:00000000 EBP:00007BD8 ESP:00007B9E DS:3E00 ES:3E00 FS:0000 GS:0000 SS:3E00 CF:0 ZF:0 SF:1 OF:0 AF:0 PF:0 IF:1
F000:00001060  callback 0003  (default)                               EAX:00007BE4 EBX:000019AF ECX:0000000A EDX:00000118 ESI:00007BE4 EDI:00000000 EBP:00007BD8 ESP:00007B98 DS:3E00 ES:3E00 FS:0000 GS:0000 SS:3E00 CF:0 ZF:0 SF:1 OF:0 AF:0 PF:0 IF:0
F000:00001064  iret                                                   EAX:00007BE4 EBX:000019AF ECX:0000000A EDX:00000118 ESI:00007BE4 EDI:00000000 EBP:00007BD8 ESP:00007B98 DS:3E00 ES:3E00 FS:0000 GS:0000 SS:3E00 CF:0 ZF:0 SF:1 OF:0 AF:0 PF:0 IF:0
1688:00000AED  lds  si,bx                                             EAX:00007BE4 EBX:000019AF ECX:0000000A EDX:00000118 ESI:00007BE4 EDI:00000000 EBP:00007BD8 ESP:00007B9E DS:3E00 ES:3E00 FS:0000 GS:0000 SS:3E00 CF:0 ZF:0 SF:1 OF:0 AF:0 PF:0 IF:1
F000:00001060  callback 0003  (default)                               EAX:00007BE4 EBX:000019AF ECX:0000000A EDX:00000118 ESI:00007BE4 EDI:00000000 EBP:00007BD8 ESP:00007B98 DS:3E00 ES:3E00 FS:0000 GS:0000 SS:3E00 CF:0 ZF:0 SF:1 OF:0 AF:0 PF:0 IF:0
F000:00001064  iret                                                   EAX:00007BE4 EBX:000019AF ECX:0000000A EDX:00000118 ESI:00007BE4 EDI:00000000 EBP:00007BD8 ESP:00007B98 DS:3E00 ES:3E00 FS:0000 GS:0000 SS:3E00 CF:0 ZF:0 SF:1 OF:0 AF:0 PF:0 IF:0
1688:00000AED  lds  si,bx                                             EAX:00007BE4 EBX:000019AF ECX:0000000A EDX:00000118 ESI:00007BE4 EDI:00000000 EBP:00007BD8 ESP:00007B9E DS:3E00 ES:3E00 FS:0000 GS:0000 SS:3E00 CF:0 ZF:0 SF:1 OF:0 AF:0 PF:0 IF:1
F000:00001060  callback 0003  (default)                               EAX:00007BE4 EBX:000019AF ECX:0000000A EDX:00000118 ESI:00007BE4 EDI:00000000 EBP:00007BD8 ESP:00007B98 DS:3E00 ES:3E00 FS:0000 GS:0000 SS:3E00 CF:0 ZF:0 SF:1 OF:0 AF:0 PF:0 IF:0
F000:00001064  iret                                                   EAX:00007BE4 EBX:000019AF ECX:0000000A EDX:00000118 ESI:00007BE4 EDI:00000000 EBP:00007BD8 ESP:00007B98 DS:3E00 ES:3E00 FS:0000 GS:0000 SS:3E00 CF:0 ZF:0 SF:1 OF:0 AF:0 PF:0 IF:0
1688:00000AED  lds  si,bx                                             EAX:00007BE4 EBX:000019AF ECX:0000000A EDX:00000118 ESI:00007BE4 EDI:00000000 EBP:00007BD8 ESP:00007B9E DS:3E00 ES:3E00 FS:0000 GS:0000 SS:3E00 CF:0 ZF:0 SF:1 OF:0 AF:0 PF:0 IF:1
F000:00001060  callback 0003  (default)                               EAX:00007BE4 EBX:000019AF ECX:0000000A EDX:00000118 ESI:00007BE4 EDI:00000000 EBP:00007BD8 ESP:00007B98 DS:3E00 ES:3E00 FS:0000 GS:0000 SS:3E00 CF:0 ZF:0 SF:1 OF:0 AF:0 PF:0 IF:0
F000:00001064  iret                                                   EAX:00007BE4 EBX:000019AF ECX:0000000A EDX:00000118 ESI:00007BE4 EDI:00000000 EBP:00007BD8 ESP:00007B98 DS:3E00 ES:3E00 FS:0000 GS:0000 SS:3E00 CF:0 ZF:0 SF:1 OF:0 AF:0 PF:0 IF:0
1688:00000AED  lds  si,bx                                             EAX:00007BE4 EBX:000019AF ECX:0000000A EDX:00000118 ESI:00007BE4 EDI:00000000 EBP:00007BD8 ESP:00007B9E DS:3E00 ES:3E00 FS:0000 GS:0000 SS:3E00 CF:0 ZF:0 SF:1 OF:0 AF:0 PF:0 IF:1
F000:00001060  callback 0003  (default)                               EAX:00007BE4 EBX:000019AF ECX:0000000A EDX:00000118 ESI:00007BE4 EDI:00000000 EBP:00007BD8 ESP:00007B98 DS:3E00 ES:3E00 FS:0000 GS:0000 SS:3E00 CF:0 ZF:0 SF:1 OF:0 AF:0 PF:0 IF:0
F000:00001064  iret                                                   EAX:00007BE4 EBX:000019AF ECX:0000000A EDX:00000118 ESI:00007BE4 EDI:00000000 EBP:00007BD8 ESP:00007B98 DS:3E00 ES:3E00 FS:0000 GS:0000 SS:3E00 CF:0 ZF:0 SF:1 OF:0 AF:0 PF:0 IF:0
1688:00000AED  lds  si,bx                                             EAX:00007BE4 EBX:000019AF ECX:0000000A EDX:00000118 ESI:00007BE4 EDI:00000000 EBP:00007BD8 ESP:00007B9E DS:3E00 ES:3E00 FS:0000 GS:0000 SS:3E00 CF:0 ZF:0 SF:1 OF:0 AF:0 PF:0 IF:1
F000:00001060  callback 0003  (default)                               EAX:00007BE4 EBX:000019AF ECX:0000000A EDX:00000118 ESI:00007BE4 EDI:00000000 EBP:00007BD8 ESP:00007B98 DS:3E00 ES:3E00 FS:0000 GS:0000 SS:3E00 CF:0 ZF:0 SF:1 OF:0 AF:0 PF:0 IF:0
F000:00001064  iret                                                   EAX:00007BE4 EBX:000019AF ECX:0000000A EDX:00000118 ESI:00007BE4 EDI:00000000 EBP:00007BD8 ESP:00007B98 DS:3E00 ES:3E00 FS:0000 GS:0000 SS:3E00 CF:0 ZF:0 SF:1 OF:0 AF:0 PF:0 IF:0
1688:00000AED  lds  si,bx                                             EAX:00007BE4 EBX:000019AF ECX:0000000A EDX:00000118 ESI:00007BE4 EDI:00000000 EBP:00007BD8 ESP:00007B9E DS:3E00 ES:3E00 FS:0000 GS:0000 SS:3E00 CF:0 ZF:0 SF:1 OF:0 AF:0 PF:0 IF:1
F000:00001060  callback 0003  (default)                               EAX:00007BE4 EBX:000019AF ECX:0000000A EDX:00000118 ESI:00007BE4 EDI:00000000 EBP:00007BD8 ESP:00007B98 DS:3E00 ES:3E00 FS:0000 GS:0000 SS:3E00 CF:0 ZF:0 SF:1 OF:0 AF:0 PF:0 IF:0
F000:00001064  iret                                                   EAX:00007BE4 EBX:000019AF ECX:0000000A EDX:00000118 ESI:00007BE4 EDI:00000000 EBP:00007BD8 ESP:00007B98 DS:3E00 ES:3E00 FS:0000 GS:0000 SS:3E00 CF:0 ZF:0 SF:1 OF:0 AF:0 PF:0 IF:0
1688:00000AED  lds  si,bx                                             EAX:00007BE4 EBX:000019AF ECX:0000000A EDX:00000118 ESI:00007BE4 EDI:00000000 EBP:00007BD8 ESP:00007B9E DS:3E00 ES:3E00 FS:0000 GS:0000 SS:3E00 CF:0 ZF:0 SF:1 OF:0 AF:0 PF:0 IF:1
F000:00001060  callback 0003  (default)                               EAX:00007BE4 EBX:000019AF ECX:0000000A EDX:00000118 ESI:00007BE4 EDI:00000000 EBP:00007BD8 ESP:00007B98 DS:3E00 ES:3E00 FS:0000 GS:0000 SS:3E00 CF:0 ZF:0 SF:1 OF:0 AF:0 PF:0 IF:0
F000:00001064  iret                                                   EAX:00007BE4 EBX:000019AF ECX:0000000A EDX:00000118 ESI:00007BE4 EDI:00000000 EBP:00007BD8 ESP:00007B98 DS:3E00 ES:3E00 FS:0000 GS:0000 SS:3E00 CF:0 ZF:0 SF:1 OF:0 AF:0 PF:0 IF:0
1688:00000AED  lds  si,bx                                             EAX:00007BE4 EBX:000019AF ECX:0000000A EDX:00000118 ESI:00007BE4 EDI:00000000 EBP:00007BD8 ESP:00007B9E DS:3E00 ES:3E00 FS:0000 GS:0000 SS:3E00 CF:0 ZF:0 SF:1 OF:0 AF:0 PF:0 IF:1
F000:00001060  callback 0003  (default)                               EAX:00007BE4 EBX:000019AF ECX:0000000A EDX:00000118 ESI:00007BE4 EDI:00000000 EBP:00007BD8 ESP:00007B98 DS:3E00 ES:3E00 FS:0000 GS:0000 SS:3E00 CF:0 ZF:0 SF:1 OF:0 AF:0 PF:0 IF:0
F000:00001064  iret                                                   EAX:00007BE4 EBX:000019AF ECX:0000000A EDX:00000118 ESI:00007BE4 EDI:00000000 EBP:00007BD8 ESP:00007B98 DS:3E00 ES:3E00 FS:0000 GS:0000 SS:3E00 CF:0 ZF:0 SF:1 OF:0 AF:0 PF:0 IF:0
1688:00000AED  lds  si,bx                                             EAX:00007BE4 EBX:000019AF ECX:0000000A EDX:00000118 ESI:00007BE4 EDI:00000000 EBP:00007BD8 ESP:00007B9E DS:3E00 ES:3E00 FS:0000 GS:0000 SS:3E00 CF:0 ZF:0 SF:1 OF:0 AF:0 PF:0 IF:1
F000:00001060  callback 0003  (default)                               EAX:00007BE4 EBX:000019AF ECX:0000000A EDX:00000118 ESI:00007BE4 EDI:00000000 EBP:00007BD8 ESP:00007B98 DS:3E00 ES:3E00 FS:0000 GS:0000 SS:3E00 CF:0 ZF:0 SF:1 OF:0 AF:0 PF:0 IF:0
F000:00001064  iret                                                   EAX:00007BE4 EBX:000019AF ECX:0000000A EDX:00000118 ESI:00007BE4 EDI:00000000 EBP:00007BD8 ESP:00007B98 DS:3E00 ES:3E00 FS:0000 GS:0000 SS:3E00 CF:0 ZF:0 SF:1 OF:0 AF:0 PF:0 IF:0
1688:00000AED  lds  si,bx                                             EAX:00007BE4 EBX:000019AF ECX:0000000A EDX:00000118 ESI:00007BE4 EDI:00000000 EBP:00007BD8 ESP:00007B9E DS:3E00 ES:3E00 FS:0000 GS:0000 SS:3E00 CF:0 ZF:0 SF:1 OF:0 AF:0 PF:0 IF:1
F000:00001060  callback 0003  (default)                               EAX:00007BE4 EBX:000019AF ECX:0000000A EDX:00000118 ESI:00007BE4 EDI:00000000 EBP:00007BD8 ESP:00007B98 DS:3E00 ES:3E00 FS:0000 GS:0000 SS:3E00 CF:0 ZF:0 SF:1 OF:0 AF:0 PF:0 IF:0
F000:00001064  iret                                                   EAX:00007BE4 EBX:000019AF ECX:0000000A EDX:00000118 ESI:00007BE4 EDI:00000000 EBP:00007BD8 ESP:00007B98 DS:3E00 ES:3E00 FS:0000 GS:0000 SS:3E00 CF:0 ZF:0 SF:1 OF:0 AF:0 PF:0 IF:0
1688:00000AED  lds  si,bx                                             EAX:00007BE4 EBX:000019AF ECX:0000000A EDX:00000118 ESI:00007BE4 EDI:00000000 EBP:00007BD8 ESP:00007B9E DS:3E00 ES:3E00 FS:0000 GS:0000 SS:3E00 CF:0 ZF:0 SF:1 OF:0 AF:0 PF:0 IF:1
F000:00001060  callback 0003  (default)                               EAX:00007BE4 EBX:000019AF ECX:0000000A EDX:00000118 ESI:00007BE4 EDI:00000000 EBP:00007BD8 ESP:00007B98 DS:3E00 ES:3E00 FS:0000 GS:0000 SS:3E00 CF:0 ZF:0 SF:1 OF:0 AF:0 PF:0 IF:0
F000:00001064  iret                                                   EAX:00007BE4 EBX:000019AF ECX:0000000A EDX:00000118 ESI:00007BE4 EDI:00000000 EBP:00007BD8 ESP:00007B98 DS:3E00 ES:3E00 FS:0000 GS:0000 SS:3E00 CF:0 ZF:0 SF:1 OF:0 AF:0 PF:0 IF:0
1688:00000AED  lds  si,bx                                             EAX:00007BE4 EBX:000019AF ECX:0000000A EDX:00000118 ESI:00007BE4 EDI:00000000 EBP:00007BD8 ESP:00007B9E DS:3E00 ES:3E00 FS:0000 GS:0000 SS:3E00 CF:0 ZF:0 SF:1 OF:0 AF:0 PF:0 IF:1
F000:00001060  callback 0003  (default)                               EAX:00007BE4 EBX:000019AF ECX:0000000A EDX:00000118 ESI:00007BE4 EDI:00000000 EBP:00007BD8 ESP:00007B98 DS:3E00 ES:3E00 FS:0000 GS:0000 SS:3E00 CF:0 ZF:0 SF:1 OF:0 AF:0 PF:0 IF:0
F000:00001064  iret                                                   EAX:00007BE4 EBX:000019AF ECX:0000000A EDX:00000118 ESI:00007BE4 EDI:00000000 EBP:00007BD8 ESP:00007B98 DS:3E00 ES:3E00 FS:0000 GS:0000 SS:3E00 CF:0 ZF:0 SF:1 OF:0 AF:0 PF:0 IF:0
1688:00000AED  lds  si,bx                                             EAX:00007BE4 EBX:000019AF ECX:0000000A EDX:00000118 ESI:00007BE4 EDI:00000000 EBP:00007BD8 ESP:00007B9E DS:3E00 ES:3E00 FS:0000 GS:0000 SS:3E00 CF:0 ZF:0 SF:1 OF:0 AF:0 PF:0 IF:1
F000:00001060  callback 0003  (default)                               EAX:00007BE4 EBX:000019AF ECX:0000000A EDX:00000118 ESI:00007BE4 EDI:00000000 EBP:00007BD8 ESP:00007B98 DS:3E00 ES:3E00 FS:0000 GS:0000 SS:3E00 CF:0 ZF:0 SF:1 OF:0 AF:0 PF:0 IF:0
F000:00001064  iret                                                   EAX:00007BE4 EBX:000019AF ECX:0000000A EDX:00000118 ESI:00007BE4 EDI:00000000 EBP:00007BD8 ESP:00007B98 DS:3E00 ES:3E00 FS:0000 GS:0000 SS:3E00 CF:0 ZF:0 SF:1 OF:0 AF:0 PF:0 IF:0
1688:00000AED  lds  si,bx                                             EAX:00007BE4 EBX:000019AF ECX:0000000A EDX:00000118 ESI:00007BE4 EDI:00000000 EBP:00007BD8 ESP:00007B9E DS:3E00 ES:3E00 FS:0000 GS:0000 SS:3E00 CF:0 ZF:0 SF:1 OF:0 AF:0 PF:0 IF:1
F000:00001060  callback 0003  (default)                               EAX:00007BE4 EBX:000019AF ECX:0000000A EDX:00000118 ESI:00007BE4 EDI:00000000 EBP:00007BD8 ESP:00007B98 DS:3E00 ES:3E00 FS:0000 GS:0000 SS:3E00 CF:0 ZF:0 SF:1 OF:0 AF:0 PF:0 IF:0
F000:00001064  iret                                                   EAX:00007BE4 EBX:000019AF ECX:0000000A EDX:00000118 ESI:00007BE4 EDI:00000000 EBP:00007BD8 ESP:00007B98 DS:3E00 ES:3E00 FS:0000 GS:0000 SS:3E00 CF:0 ZF:0 SF:1 OF:0 AF:0 PF:0 IF:0
1688:00000AED  lds  si,bx                                             EAX:00007BE4 EBX:000019AF ECX:0000000A EDX:00000118 ESI:00007BE4 EDI:00000000 EBP:00007BD8 ESP:00007B9E DS:3E00 ES:3E00 FS:0000 GS:0000 SS:3E00 CF:0 ZF:0 SF:1 OF:0 AF:0 PF:0 IF:1
F000:00001060  callback 0003  (default)                               EAX:00007BE4 EBX:000019AF ECX:0000000A EDX:00000118 ESI:00007BE4 EDI:00000000 EBP:00007BD8 ESP:00007B98 DS:3E00 ES:3E00 FS:0000 GS:0000 SS:3E00 CF:0 ZF:0 SF:1 OF:0 AF:0 PF:0 IF:0
F000:00001064  iret                                                   EAX:00007BE4 EBX:000019AF ECX:0000000A EDX:00000118 ESI:00007BE4 EDI:00000000 EBP:00007BD8 ESP:00007B98 DS:3E00 ES:3E00 FS:0000 GS:0000 SS:3E00 CF:0 ZF:0 SF:1 OF:0 AF:0 PF:0 IF:0
1688:00000AED  lds  si,bx                                             EAX:00007BE4 EBX:000019AF ECX:0000000A EDX:00000118 ESI:00007BE4 EDI:00000000 EBP:00007BD8 ESP:00007B9E DS:3E00 ES:3E00 FS:0000 GS:0000 SS:3E00 CF:0 ZF:0 SF:1 OF:0 AF:0 PF:0 IF:1
F000:00001060  callback 0003  (default)                               EAX:00007BE4 EBX:000019AF ECX:0000000A EDX:00000118 ESI:00007BE4 EDI:00000000 EBP:00007BD8 ESP:00007B98 DS:3E00 ES:3E00 FS:0000 GS:0000 SS:3E00 CF:0 ZF:0 SF:1 OF:0 AF:0 PF:0 IF:0
F000:00001064  iret                                                   EAX:00007BE4 EBX:000019AF ECX:0000000A EDX:00000118 ESI:00007BE4 EDI:00000000 EBP:00007BD8 ESP:00007B98 DS:3E00 ES:3E00 FS:0000 GS:0000 SS:3E00 CF:0 ZF:0 SF:1 OF:0 AF:0 PF:0 IF:0
1688:00000AED  lds  si,bx                                             EAX:00007BE4 EBX:000019AF ECX:0000000A EDX:00000118 ESI:00007BE4 EDI:00000000 EBP:00007BD8 ESP:00007B9E DS:3E00 ES:3E00 FS:0000 GS:0000 SS:3E00 CF:0 ZF:0 SF:1 OF:0 AF:0 PF:0 IF:1
F000:00001060  callback 0003  (default)                               EAX:00007BE4 EBX:000019AF ECX:0000000A EDX:00000118 ESI:00007BE4 EDI:00000000 EBP:00007BD8 ESP:00007B98 DS:3E00 ES:3E00 FS:0000 GS:0000 SS:3E00 CF:0 ZF:0 SF:1 OF:0 AF:0 PF:0 IF:0
F000:00001064  iret                                                   EAX:00007BE4 EBX:000019AF ECX:0000000A EDX:00000118 ESI:00007BE4 EDI:00000000 EBP:00007BD8 ESP:00007B98 DS:3E00 ES:3E00 FS:0000 GS:0000 SS:3E00 CF:0 ZF:0 SF:1 OF:0 AF:0 PF:0 IF:0
1688:00000AED  lds  si,bx                                             EAX:00007BE4 EBX:000019AF ECX:0000000A EDX:00000118 ESI:00007BE4 EDI:00000000 EBP:00007BD8 ESP:00007B9E DS:3E00 ES:3E00 FS:0000 GS:0000 SS:3E00 CF:0 ZF:0 SF:1 OF:0 AF:0 PF:0 IF:1
F000:00001060  callback 0003  (default)                               EAX:00007BE4 EBX:000019AF ECX:0000000A EDX:00000118 ESI:00007BE4 EDI:00000000 EBP:00007BD8 ESP:00007B98 DS:3E00 ES:3E00 FS:0000 GS:0000 SS:3E00 CF:0 ZF:0 SF:1 OF:0 AF:0 PF:0 IF:0
F000:00001064  iret                                                   EAX:00007BE4 EBX:000019AF ECX:0000000A EDX:00000118 ESI:00007BE4 EDI:00000000 EBP:00007BD8 ESP:00007B98 DS:3E00 ES:3E00 FS:0000 GS:0000 SS:3E00 CF:0 ZF:0 SF:1 OF:0 AF:0 PF:0 IF:0
1688:00000AED  lds  si,bx                                             EAX:00007BE4 EBX:000019AF ECX:0000000A EDX:00000118 ESI:00007BE4 EDI:00000000 EBP:00007BD8 ESP:00007B9E DS:3E00 ES:3E00 FS:0000 GS:0000 SS:3E00 CF:0 ZF:0 SF:1 OF:0 AF:0 PF:0 IF:1
F000:00001060  callback 0003  (default)                               EAX:00007BE4 EBX:000019AF ECX:0000000A EDX:00000118 ESI:00007BE4 EDI:00000000 EBP:00007BD8 ESP:00007B98 DS:3E00 ES:3E00 FS:0000 GS:0000 SS:3E00 CF:0 ZF:0 SF:1 OF:0 AF:0 PF:0 IF:0
F000:00001064  iret                                                   EAX:00007BE4 EBX:000019AF ECX:0000000A EDX:00000118 ESI:00007BE4 EDI:00000000 EBP:00007BD8 ESP:00007B98 DS:3E00 ES:3E00 FS:0000 GS:0000 SS:3E00 CF:0 ZF:0 SF:1 OF:0 AF:0 PF:0 IF:0
1688:00000AED  lds  si,bx                                             EAX:00007BE4 EBX:000019AF ECX:0000000A EDX:00000118 ESI:00007BE4 EDI:00000000 EBP:00007BD8 ESP:00007B9E DS:3E00 ES:3E00 FS:0000 GS:0000 SS:3E00 CF:0 ZF:0 SF:1 OF:0 AF:0 PF:0 IF:1
F000:00001060  callback 0003  (default)                               EAX:00007BE4 EBX:000019AF ECX:0000000A EDX:00000118 ESI:00007BE4 EDI:00000000 EBP:00007BD8 ESP:00007B98 DS:3E00 ES:3E00 FS:0000 GS:0000 SS:3E00 CF:0 ZF:0 SF:1 OF:0 AF:0 PF:0 IF:0
F000:00001064  iret                                                   EAX:00007BE4 EBX:000019AF ECX:0000000A EDX:00000118 ESI:00007BE4 EDI:00000000 EBP:00007BD8 ESP:00007B98 DS:3E00 ES:3E00 FS:0000 GS:0000 SS:3E00 CF:0 ZF:0 SF:1 OF:0 AF:0 PF:0 IF:0
1688:00000AED  lds  si,bx                                             EAX:00007BE4 EBX:000019AF ECX:0000000A EDX:00000118 ESI:00007BE4 EDI:00000000 EBP:00007BD8 ESP:00007B9E DS:3E00 ES:3E00 FS:0000 GS:0000 SS:3E00 CF:0 ZF:0 SF:1 OF:0 AF:0 PF:0 IF:1
F000:00001060  callback 0003  (default)                               EAX:00007BE4 EBX:000019AF ECX:0000000A EDX:00000118 ESI:00007BE4 EDI:00000000 EBP:00007BD8 ESP:00007B98 DS:3E00 ES:3E00 FS:0000 GS:0000 SS:3E00 CF:0 ZF:0 SF:1 OF:0 AF:0 PF:0 IF:0
F000:00001064  iret                                                   EAX:00007BE4 EBX:000019AF ECX:0000000A EDX:00000118 ESI:00007BE4 EDI:00000000 EBP:00007BD8 ESP:00007B98 DS:3E00 ES:3E00 FS:0000 GS:0000 SS:3E00 CF:0 ZF:0 SF:1 OF:0 AF:0 PF:0 IF:0
1688:00000AED  lds  si,bx                                             EAX:00007BE4 EBX:000019AF ECX:0000000A EDX:00000118 ESI:00007BE4 EDI:00000000 EBP:00007BD8 ESP:00007B9E DS:3E00 ES:3E00 FS:0000 GS:0000 SS:3E00 CF:0 ZF:0 SF:1 OF:0 AF:0 PF:0 IF:1
F000:00001060  callback 0003  (default)                               EAX:00007BE4 EBX:000019AF ECX:0000000A EDX:00000118 ESI:00007BE4 EDI:00000000 EBP:00007BD8 ESP:00007B98 DS:3E00 ES:3E00 FS:0000 GS:0000 SS:3E00 CF:0 ZF:0 SF:1 OF:0 AF:0 PF:0 IF:0
F000:00001064  iret                                                   EAX:00007BE4 EBX:000019AF ECX:0000000A EDX:00000118 ESI:00007BE4 EDI:00000000 EBP:00007BD8 ESP:00007B98 DS:3E00 ES:3E00 FS:0000 GS:0000 SS:3E00 CF:0 ZF:0 SF:1 OF:0 AF:0 PF:0 IF:0
1688:00000AED  lds  si,bx                                             EAX:00007BE4 EBX:000019AF ECX:0000000A EDX:00000118 ESI:00007BE4 EDI:00000000 EBP:00007BD8 ESP:00007B9E DS:3E00 ES:3E00 FS:0000 GS:0000 SS:3E00 CF:0 ZF:0 SF:1 OF:0 AF:0 PF:0 IF:1
F000:00001060  callback 0003  (default)                               EAX:00007BE4 EBX:000019AF ECX:0000000A EDX:00000118 ESI:00007BE4 EDI:00000000 EBP:00007BD8 ESP:00007B98 DS:3E00 ES:3E00 FS:0000 GS:0000 SS:3E00 CF:0 ZF:0 SF:1 OF:0 AF:0 PF:0 IF:0
F000:00001064  iret                                                   EAX:00007BE4 EBX:000019AF ECX:0000000A EDX:00000118 ESI:00007BE4 EDI:00000000 EBP:00007BD8 ESP:00007B98 DS:3E00 ES:3E00 FS:0000 GS:0000 SS:3E00 CF:0 ZF:0 SF:1 OF:0 AF:0 PF:0 IF:0
1688:00000AED  lds  si,bx                                             EAX:00007BE4 EBX:000019AF ECX:0000000A EDX:00000118 ESI:00007BE4 EDI:00000000 EBP:00007BD8 ESP:00007B9E DS:3E00 ES:3E00 FS:0000 GS:0000 SS:3E00 CF:0 ZF:0 SF:1 OF:0 AF:0 PF:0 IF:1
F000:00001060  callback 0003  (default)                               EAX:00007BE4 EBX:000019AF ECX:0000000A EDX:00000118 ESI:00007BE4 EDI:00000000 EBP:00007BD8 ESP:00007B98 DS:3E00 ES:3E00 FS:0000 GS:0000 SS:3E00 CF:0 ZF:0 SF:1 OF:0 AF:0 PF:0 IF:0
F000:00001064  iret                                                   EAX:00007BE4 EBX:000019AF ECX:0000000A EDX:00000118 ESI:00007BE4 EDI:00000000 EBP:00007BD8 ESP:00007B98 DS:3E00 ES:3E00 FS:0000 GS:0000 SS:3E00 CF:0 ZF:0 SF:1 OF:0 AF:0 PF:0 IF:0
1688:00000AED  lds  si,bx                                             EAX:00007BE4 EBX:000019AF ECX:0000000A EDX:00000118 ESI:00007BE4 EDI:00000000 EBP:00007BD8 ESP:00007B9E DS:3E00 ES:3E00 FS:0000 GS:0000 SS:3E00 CF:0 ZF:0 SF:1 OF:0 AF:0 PF:0 IF:1
F000:00001060  callback 0003  (default)                               EAX:00007BE4 EBX:000019AF ECX:0000000A EDX:00000118 ESI:00007BE4 EDI:00000000 EBP:00007BD8 ESP:00007B98 DS:3E00 ES:3E00 FS:0000 GS:0000 SS:3E00 CF:0 ZF:0 SF:1 OF:0 AF:0 PF:0 IF:0
F000:00001064  iret                                                   EAX:00007BE4 EBX:000019AF ECX:0000000A EDX:00000118 ESI:00007BE4 EDI:00000000 EBP:00007BD8 ESP:00007B98 DS:3E00 ES:3E00 FS:0000 GS:0000 SS:3E00 CF:0 ZF:0 SF:1 OF:0 AF:0 PF:0 IF:0
1688:00000AED  lds  si,bx                                             EAX:00007BE4 EBX:000019AF ECX:0000000A EDX:00000118 ESI:00007BE4 EDI:00000000 EBP:00007BD8 ESP:00007B9E DS:3E00 ES:3E00 FS:0000 GS:0000 SS:3E00 CF:0 ZF:0 SF:1 OF:0 AF:0 PF:0 IF:1
F000:00001060  callback 0003  (default)                               EAX:00007BE4 EBX:000019AF ECX:0000000A EDX:00000118 ESI:00007BE4 EDI:00000000 EBP:00007BD8 ESP:00007B98 DS:3E00 ES:3E00 FS:0000 GS:0000 SS:3E00 CF:0 ZF:0 SF:1 OF:0 AF:0 PF:0 IF:0
F000:00001064  iret                                                   EAX:00007BE4 EBX:000019AF ECX:0000000A EDX:00000118 ESI:00007BE4 EDI:00000000 EBP:00007BD8 ESP:00007B98 DS:3E00 ES:3E00 FS:0000 GS:0000 SS:3E00 CF:0 ZF:0 SF:1 OF:0 AF:0 PF:0 IF:0
1688:00000AED  lds  si,bx                                             EAX:00007BE4 EBX:000019AF ECX:0000000A EDX:00000118 ESI:00007BE4 EDI:00000000 EBP:00007BD8 ESP:00007B9E DS:3E00 ES:3E00 FS:0000 GS:0000 SS:3E00 CF:0 ZF:0 SF:1 OF:0 AF:0 PF:0 IF:1
F000:00001060  callback 0003  (default)                               EAX:00007BE4 EBX:000019AF ECX:0000000A EDX:00000118 ESI:00007BE4 EDI:00000000 EBP:00007BD8 ESP:00007B98 DS:3E00 ES:3E00 FS:0000 GS:0000 SS:3E00 CF:0 ZF:0 SF:1 OF:0 AF:0 PF:0 IF:0
F000:00001064  iret                                                   EAX:00007BE4 EBX:000019AF ECX:0000000A EDX:00000118 ESI:00007BE4 EDI:00000000 EBP:00007BD8 ESP:00007B98 DS:3E00 ES:3E00 FS:0000 GS:0000 SS:3E00 CF:0 ZF:0 SF:1 OF:0 AF:0 PF:0 IF:0
1688:00000AED  lds  si,bx                                             EAX:00007BE4 EBX:000019AF ECX:0000000A EDX:00000118 ESI:00007BE4 EDI:00000000 EBP:00007BD8 ESP:00007B9E DS:3E00 ES:3E00 FS:0000 GS:0000 SS:3E00 CF:0 ZF:0 SF:1 OF:0 AF:0 PF:0 IF:1
F000:00001060  callback 0003  (default)                               EAX:00007BE4 EBX:000019AF ECX:0000000A EDX:00000118 ESI:00007BE4 EDI:00000000 EBP:00007BD8 ESP:00007B98 DS:3E00 ES:3E00 FS:0000 GS:0000 SS:3E00 CF:0 ZF:0 SF:1 OF:0 AF:0 PF:0 IF:0
F000:00001064  iret                                                   EAX:00007BE4 EBX:000019AF ECX:0000000A EDX:00000118 ESI:00007BE4 EDI:00000000 EBP:00007BD8 ESP:00007B98 DS:3E00 ES:3E00 FS:0000 GS:0000 SS:3E00 CF:0 ZF:0 SF:1 OF:0 AF:0 PF:0 IF:0
1688:00000AED  lds  si,bx                                             EAX:00007BE4 EBX:000019AF ECX:0000000A EDX:00000118 ESI:00007BE4 EDI:00000000 EBP:00007BD8 ESP:00007B9E DS:3E00 ES:3E00 FS:0000 GS:0000 SS:3E00 CF:0 ZF:0 SF:1 OF:0 AF:0 PF:0 IF:1
F000:00001060  callback 0003  (default)                               EAX:00007BE4 EBX:000019AF ECX:0000000A EDX:00000118 ESI:00007BE4 EDI:00000000 EBP:00007BD8 ESP:00007B98 DS:3E00 ES:3E00 FS:0000 GS:0000 SS:3E00 CF:0 ZF:0 SF:1 OF:0 AF:0 PF:0 IF:0
F000:00001064  iret                                                   EAX:00007BE4 EBX:000019AF ECX:0000000A EDX:00000118 ESI:00007BE4 EDI:00000000 EBP:00007BD8 ESP:00007B98 DS:3E00 ES:3E00 FS:0000 GS:0000 SS:3E00 CF:0 ZF:0 SF:1 OF:0 AF:0 PF:0 IF:0
1688:00000AED  lds  si,bx                                             EAX:00007BE4 EBX:000019AF ECX:0000000A EDX:00000118 ESI:00007BE4 EDI:00000000 EBP:00007BD8 ESP:00007B9E DS:3E00 ES:3E00 FS:0000 GS:0000 SS:3E00 CF:0 ZF:0 SF:1 OF:0 AF:0 PF:0 IF:1
F000:00001060  callback 0003  (default)                               EAX:00007BE4 EBX:000019AF ECX:0000000A EDX:00000118 ESI:00007BE4 EDI:00000000 EBP:00007BD8 ESP:00007B98 DS:3E00 ES:3E00 FS:0000 GS:0000 SS:3E00 CF:0 ZF:0 SF:1 OF:0 AF:0 PF:0 IF:0
F000:00001064  iret                                                   EAX:00007BE4 EBX:000019AF ECX:0000000A EDX:00000118 ESI:00007BE4 EDI:00000000 EBP:00007BD8 ESP:00007B98 DS:3E00 ES:3E00 FS:0000 GS:0000 SS:3E00 CF:0 ZF:0 SF:1 OF:0 AF:0 PF:0 IF:0
1688:00000AED  lds  si,bx                                             EAX:00007BE4 EBX:000019AF ECX:0000000A EDX:00000118 ESI:00007BE4 EDI:00000000 EBP:00007BD8 ESP:00007B9E DS:3E00 ES:3E00 FS:0000 GS:0000 SS:3E00 CF:0 ZF:0 SF:1 OF:0 AF:0 PF:0 IF:1
F000:00001060  callback 0003  (default)                               EAX:00007BE4 EBX:000019AF ECX:0000000A EDX:00000118 ESI:00007BE4 EDI:00000000 EBP:00007BD8 ESP:00007B98 DS:3E00 ES:3E00 FS:0000 GS:0000 SS:3E00 CF:0 ZF:0 SF:1 OF:0 AF:0 PF:0 IF:0
F000:00001064  iret                                                   EAX:00007BE4 EBX:000019AF ECX:0000000A EDX:00000118 ESI:00007BE4 EDI:00000000 EBP:00007BD8 ESP:00007B98 DS:3E00 ES:3E00 FS:0000 GS:0000 SS:3E00 CF:0 ZF:0 SF:1 OF:0 AF:0 PF:0 IF:0
1688:00000AED  lds  si,bx                                             EAX:00007BE4 EBX:000019AF ECX:0000000A EDX:00000118 ESI:00007BE4 EDI:00000000 EBP:00007BD8 ESP:00007B9E DS:3E00 ES:3E00 FS:0000 GS:0000 SS:3E00 CF:0 ZF:0 SF:1 OF:0 AF:0 PF:0 IF:1
F000:00001060  callback 0003  (default)                               EAX:00007BE4 EBX:000019AF ECX:0000000A EDX:00000118 ESI:00007BE4 EDI:00000000 EBP:00007BD8 ESP:00007B98 DS:3E00 ES:3E00 FS:0000 GS:0000 SS:3E00 CF:0 ZF:0 SF:1 OF:0 AF:0 PF:0 IF:0
F000:00001064  iret                                                   EAX:00007BE4 EBX:000019AF ECX:0000000A EDX:00000118 ESI:00007BE4 EDI:00000000 EBP:00007BD8 ESP:00007B98 DS:3E00 ES:3E00 FS:0000 GS:0000 SS:3E00 CF:0 ZF:0 SF:1 OF:0 AF:0 PF:0 IF:0
1688:00000AED  lds  si,bx                                             EAX:00007BE4 EBX:000019AF ECX:0000000A EDX:00000118 ESI:00007BE4 EDI:00000000 EBP:00007BD8 ESP:00007B9E DS:3E00 ES:3E00 FS:0000 GS:0000 SS:3E00 CF:0 ZF:0 SF:1 OF:0 AF:0 PF:0 IF:1
F000:00001060  callback 0003  (default)                               EAX:00007BE4 EBX:000019AF ECX:0000000A EDX:00000118 ESI:00007BE4 EDI:00000000 EBP:00007BD8 ESP:00007B98 DS:3E00 ES:3E00 FS:0000 GS:0000 SS:3E00 CF:0 ZF:0 SF:1 OF:0 AF:0 PF:0 IF:0
F000:00001064  iret                                                   EAX:00007BE4 EBX:000019AF ECX:0000000A EDX:00000118 ESI:00007BE4 EDI:00000000 EBP:00007BD8 ESP:00007B98 DS:3E00 ES:3E00 FS:0000 GS:0000 SS:3E00 CF:0 ZF:0 SF:1 OF:0 AF:0 PF:0 IF:0
1688:00000AED  lds  si,bx                                             EAX:00007BE4 EBX:000019AF ECX:0000000A EDX:00000118 ESI:00007BE4 EDI:00000000 EBP:00007BD8 ESP:00007B9E DS:3E00 ES:3E00 FS:0000 GS:0000 SS:3E00 CF:0 ZF:0 SF:1 OF:0 AF:0 PF:0 IF:1
F000:00001060  callback 0003  (default)                               EAX:00007BE4 EBX:000019AF ECX:0000000A EDX:00000118 ESI:00007BE4 EDI:00000000 EBP:00007BD8 ESP:00007B98 DS:3E00 ES:3E00 FS:0000 GS:0000 SS:3E00 CF:0 ZF:0 SF:1 OF:0 AF:0 PF:0 IF:0
F000:00001064  iret                                                   EAX:00007BE4 EBX:000019AF ECX:0000000A EDX:00000118 ESI:00007BE4 EDI:00000000 EBP:00007BD8 ESP:00007B98 DS:3E00 ES:3E00 FS:0000 GS:0000 SS:3E00 CF:0 ZF:0 SF:1 OF:0 AF:0 PF:0 IF:0
1688:00000AED  lds  si,bx                                             EAX:00007BE4 EBX:000019AF ECX:0000000A EDX:00000118 ESI:00007BE4 EDI:00000000 EBP:00007BD8 ESP:00007B9E DS:3E00 ES:3E00 FS:0000 GS:0000 SS:3E00 CF:0 ZF:0 SF:1 OF:0 AF:0 PF:0 IF:1
F000:00001060  callback 0003  (default)                               EAX:00007BE4 EBX:000019AF ECX:0000000A EDX:00000118 ESI:00007BE4 EDI:00000000 EBP:00007BD8 ESP:00007B98 DS:3E00 ES:3E00 FS:0000 GS:0000 SS:3E00 CF:0 ZF:0 SF:1 OF:0 AF:0 PF:0 IF:0
F000:00001064  iret                                                   EAX:00007BE4 EBX:000019AF ECX:0000000A EDX:00000118 ESI:00007BE4 EDI:00000000 EBP:00007BD8 ESP:00007B98 DS:3E00 ES:3E00 FS:0000 GS:0000 SS:3E00 CF:0 ZF:0 SF:1 OF:0 AF:0 PF:0 IF:0
1688:00000AED  lds  si,bx                                             EAX:00007BE4 EBX:000019AF ECX:0000000A EDX:00000118 ESI:00007BE4 EDI:00000000 EBP:00007BD8 ESP:00007B9E DS:3E00 ES:3E00 FS:0000 GS:0000 SS:3E00 CF:0 ZF:0 SF:1 OF:0 AF:0 PF:0 IF:1
F000:00001060  callback 0003  (default)                               EAX:00007BE4 EBX:000019AF ECX:0000000A EDX:00000118 ESI:00007BE4 EDI:00000000 EBP:00007BD8 ESP:00007B98 DS:3E00 ES:3E00 FS:0000 GS:0000 SS:3E00 CF:0 ZF:0 SF:1 OF:0 AF:0 PF:0 IF:0
F000:00001064  iret                                                   EAX:00007BE4 EBX:000019AF ECX:0000000A EDX:00000118 ESI:00007BE4 EDI:00000000 EBP:00007BD8 ESP:00007B98 DS:3E00 ES:3E00 FS:0000 GS:0000 SS:3E00 CF:0 ZF:0 SF:1 OF:0 AF:0 PF:0 IF:0
1688:00000AED  lds  si,bx                                             EAX:00007BE4 EBX:000019AF ECX:0000000A EDX:00000118 ESI:00007BE4 EDI:00000000 EBP:00007BD8 ESP:00007B9E DS:3E00 ES:3E00 FS:0000 GS:0000 SS:3E00 CF:0 ZF:0 SF:1 OF:0 AF:0 PF:0 IF:1
F000:00001060  callback 0003  (default)                               EAX:00007BE4 EBX:000019AF ECX:0000000A EDX:00000118 ESI:00007BE4 EDI:00000000 EBP:00007BD8 ESP:00007B98 DS:3E00 ES:3E00 FS:0000 GS:0000 SS:3E00 CF:0 ZF:0 SF:1 OF:0 AF:0 PF:0 IF:0
F000:00001064  iret                                                   EAX:00007BE4 EBX:000019AF ECX:0000000A EDX:00000118 ESI:00007BE4 EDI:00000000 EBP:00007BD8 ESP:00007B98 DS:3E00 ES:3E00 FS:0000 GS:0000 SS:3E00 CF:0 ZF:0 SF:1 OF:0 AF:0 PF:0 IF:0
1688:00000AED  lds  si,bx                                             EAX:00007BE4 EBX:000019AF ECX:0000000A EDX:00000118 ESI:00007BE4 EDI:00000000 EBP:00007BD8 ESP:00007B9E DS:3E00 ES:3E00 FS:0000 GS:0000 SS:3E00 CF:0 ZF:0 SF:1 OF:0 AF:0 PF:0 IF:1
F000:00001060  callback 0003  (default)                               EAX:00007BE4 EBX:000019AF ECX:0000000A EDX:00000118 ESI:00007BE4 EDI:00000000 EBP:00007BD8 ESP:00007B98 DS:3E00 ES:3E00 FS:0000 GS:0000 SS:3E00 CF:0 ZF:0 SF:1 OF:0 AF:0 PF:0 IF:0
F000:00001064  iret                                                   EAX:00007BE4 EBX:000019AF ECX:0000000A EDX:00000118 ESI:00007BE4 EDI:00000000 EBP:00007BD8 ESP:00007B98 DS:3E00 ES:3E00 FS:0000 GS:0000 SS:3E00 CF:0 ZF:0 SF:1 OF:0 AF:0 PF:0 IF:0
1688:00000AED  lds  si,bx                                             EAX:00007BE4 EBX:000019AF ECX:0000000A EDX:00000118 ESI:00007BE4 EDI:00000000 EBP:00007BD8 ESP:00007B9E DS:3E00 ES:3E00 FS:0000 GS:0000 SS:3E00 CF:0 ZF:0 SF:1 OF:0 AF:0 PF:0 IF:1
F000:00001060  callback 0003  (default)                               EAX:00007BE4 EBX:000019AF ECX:0000000A EDX:00000118 ESI:00007BE4 EDI:00000000 EBP:00007BD8 ESP:00007B98 DS:3E00 ES:3E00 FS:0000 GS:0000 SS:3E00 CF:0 ZF:0 SF:1 OF:0 AF:0 PF:0 IF:0
F000:00001064  iret                                                   EAX:00007BE4 EBX:000019AF ECX:0000000A EDX:00000118 ESI:00007BE4 EDI:00000000 EBP:00007BD8 ESP:00007B98 DS:3E00 ES:3E00 FS:0000 GS:0000 SS:3E00 CF:0 ZF:0 SF:1 OF:0 AF:0 PF:0 IF:0
1688:00000AED  lds  si,bx                                             EAX:00007BE4 EBX:000019AF ECX:0000000A EDX:00000118 ESI:00007BE4 EDI:00000000 EBP:00007BD8 ESP:00007B9E DS:3E00 ES:3E00 FS:0000 GS:0000 SS:3E00 CF:0 ZF:0 SF:1 OF:0 AF:0 PF:0 IF:1
F000:00001060  callback 0003  (default)                               EAX:00007BE4 EBX:000019AF ECX:0000000A EDX:00000118 ESI:00007BE4 EDI:00000000 EBP:00007BD8 ESP:00007B98 DS:3E00 ES:3E00 FS:0000 GS:0000 SS:3E00 CF:0 ZF:0 SF:1 OF:0 AF:0 PF:0 IF:0
F000:00001064  iret                                                   EAX:00007BE4 EBX:000019AF ECX:0000000A EDX:00000118 ESI:00007BE4 EDI:00000000 EBP:00007BD8 ESP:00007B98 DS:3E00 ES:3E00 FS:0000 GS:0000 SS:3E00 CF:0 ZF:0 SF:1 OF:0 AF:0 PF:0 IF:0
1688:00000AED  lds  si,bx                                             EAX:00007BE4 EBX:000019AF ECX:0000000A EDX:00000118 ESI:00007BE4 EDI:00000000 EBP:00007BD8 ESP:00007B9E DS:3E00 ES:3E00 FS:0000 GS:0000 SS:3E00 CF:0 ZF:0 SF:1 OF:0 AF:0 PF:0 IF:1
F000:00001060  callback 0003  (default)                               EAX:00007BE4 EBX:000019AF ECX:0000000A EDX:00000118 ESI:00007BE4 EDI:00000000 EBP:00007BD8 ESP:00007B98 DS:3E00 ES:3E00 FS:0000 GS:0000 SS:3E00 CF:0 ZF:0 SF:1 OF:0 AF:0 PF:0 IF:0
F000:00001064  iret                                                   EAX:00007BE4 EBX:000019AF ECX:0000000A EDX:00000118 ESI:00007BE4 EDI:00000000 EBP:00007BD8 ESP:00007B98 DS:3E00 ES:3E00 FS:0000 GS:0000 SS:3E00 CF:0 ZF:0 SF:1 OF:0 AF:0 PF:0 IF:0
1688:00000AED  lds  si,bx                                             EAX:00007BE4 EBX:000019AF ECX:0000000A EDX:00000118 ESI:00007BE4 EDI:00000000 EBP:00007BD8 ESP:00007B9E DS:3E00 ES:3E00 FS:0000 GS:0000 SS:3E00 CF:0 ZF:0 SF:1 OF:0 AF:0 PF:0 IF:1
F000:00001060  callback 0003  (default)                               EAX:00007BE4 EBX:000019AF ECX:0000000A EDX:00000118 ESI:00007BE4 EDI:00000000 EBP:00007BD8 ESP:00007B98 DS:3E00 ES:3E00 FS:0000 GS:0000 SS:3E00 CF:0 ZF:0 SF:1 OF:0 AF:0 PF:0 IF:0
F000:00001064  iret                                                   EAX:00007BE4 EBX:000019AF ECX:0000000A EDX:00000118 ESI:00007BE4 EDI:00000000 EBP:00007BD8 ESP:00007B98 DS:3E00 ES:3E00 FS:0000 GS:0000 SS:3E00 CF:0 ZF:0 SF:1 OF:0 AF:0 PF:0 IF:0
1688:00000AED  lds  si,bx                                             EAX:00007BE4 EBX:000019AF ECX:0000000A EDX:00000118 ESI:00007BE4 EDI:00000000 EBP:00007BD8 ESP:00007B9E DS:3E00 ES:3E00 FS:0000 GS:0000 SS:3E00 CF:0 ZF:0 SF:1 OF:0 AF:0 PF:0 IF:1
F000:00001060  callback 0003  (default)                               EAX:00007BE4 EBX:000019AF ECX:0000000A EDX:00000118 ESI:00007BE4 EDI:00000000 EBP:00007BD8 ESP:00007B98 DS:3E00 ES:3E00 FS:0000 GS:0000 SS:3E00 CF:0 ZF:0 SF:1 OF:0 AF:0 PF:0 IF:0
F000:00001064  iret                                                   EAX:00007BE4 EBX:000019AF ECX:0000000A EDX:00000118 ESI:00007BE4 EDI:00000000 EBP:00007BD8 ESP:00007B98 DS:3E00 ES:3E00 FS:0000 GS:0000 SS:3E00 CF:0 ZF:0 SF:1 OF:0 AF:0 PF:0 IF:0
1688:00000AED  lds  si,bx                                             EAX:00007BE4 EBX:000019AF ECX:0000000A EDX:00000118 ESI:00007BE4 EDI:00000000 EBP:00007BD8 ESP:00007B9E DS:3E00 ES:3E00 FS:0000 GS:0000 SS:3E00 CF:0 ZF:0 SF:1 OF:0 AF:0 PF:0 IF:1
F000:00001060  callback 0003  (default)                               EAX:00007BE4 EBX:000019AF ECX:0000000A EDX:00000118 ESI:00007BE4 EDI:00000000 EBP:00007BD8 ESP:00007B98 DS:3E00 ES:3E00 FS:0000 GS:0000 SS:3E00 CF:0 ZF:0 SF:1 OF:0 AF:0 PF:0 IF:0
F000:00001064  iret                                                   EAX:00007BE4 EBX:000019AF ECX:0000000A EDX:00000118 ESI:00007BE4 EDI:00000000 EBP:00007BD8 ESP:00007B98 DS:3E00 ES:3E00 FS:0000 GS:0000 SS:3E00 CF:0 ZF:0 SF:1 OF:0 AF:0 PF:0 IF:0
1688:00000AED  lds  si,bx                                             EAX:00007BE4 EBX:000019AF ECX:0000000A EDX:00000118 ESI:00007BE4 EDI:00000000 EBP:00007BD8 ESP:00007B9E DS:3E00 ES:3E00 FS:0000 GS:0000 SS:3E00 CF:0 ZF:0 SF:1 OF:0 AF:0 PF:0 IF:1
F000:00001060  callback 0003  (default)                               EAX:00007BE4 EBX:000019AF ECX:0000000A EDX:00000118 ESI:00007BE4 EDI:00000000 EBP:00007BD8 ESP:00007B98 DS:3E00 ES:3E00 FS:0000 GS:0000 SS:3E00 CF:0 ZF:0 SF:1 OF:0 AF:0 PF:0 IF:0
F000:00001064  iret                                                   EAX:00007BE4 EBX:000019AF ECX:0000000A EDX:00000118 ESI:00007BE4 EDI:00000000 EBP:00007BD8 ESP:00007B98 DS:3E00 ES:3E00 FS:0000 GS:0000 SS:3E00 CF:0 ZF:0 SF:1 OF:0 AF:0 PF:0 IF:0
1688:00000AED  lds  si,bx                                             EAX:00007BE4 EBX:000019AF ECX:0000000A EDX:00000118 ESI:00007BE4 EDI:00000000 EBP:00007BD8 ESP:00007B9E DS:3E00 ES:3E00 FS:0000 GS:0000 SS:3E00 CF:0 ZF:0 SF:1 OF:0 AF:0 PF:0 IF:1
F000:00001060  callback 0003  (default)                               EAX:00007BE4 EBX:000019AF ECX:0000000A EDX:00000118 ESI:00007BE4 EDI:00000000 EBP:00007BD8 ESP:00007B98 DS:3E00 ES:3E00 FS:0000 GS:0000 SS:3E00 CF:0 ZF:0 SF:1 OF:0 AF:0 PF:0 IF:0
F000:00001064  iret                                                   EAX:00007BE4 EBX:000019AF ECX:0000000A EDX:00000118 ESI:00007BE4 EDI:00000000 EBP:00007BD8 ESP:00007B98 DS:3E00 ES:3E00 FS:0000 GS:0000 SS:3E00 CF:0 ZF:0 SF:1 OF:0 AF:0 PF:0 IF:0
1688:00000AED  lds  si,bx                                             EAX:00007BE4 EBX:000019AF ECX:0000000A EDX:00000118 ESI:00007BE4 EDI:00000000 EBP:00007BD8 ESP:00007B9E DS:3E00 ES:3E00 FS:0000 GS:0000 SS:3E00 CF:0 ZF:0 SF:1 OF:0 AF:0 PF:0 IF:1
F000:00001060  callback 0003  (default)                               EAX:00007BE4 EBX:000019AF ECX:0000000A EDX:00000118 ESI:00007BE4 EDI:00000000 EBP:00007BD8 ESP:00007B98 DS:3E00 ES:3E00 FS:0000 GS:0000 SS:3E00 CF:0 ZF:0 SF:1 OF:0 AF:0 PF:0 IF:0
F000:00001064  iret                                                   EAX:00007BE4 EBX:000019AF ECX:0000000A EDX:00000118 ESI:00007BE4 EDI:00000000 EBP:00007BD8 ESP:00007B98 DS:3E00 ES:3E00 FS:0000 GS:0000 SS:3E00 CF:0 ZF:0 SF:1 OF:0 AF:0 PF:0 IF:0
1688:00000AED  lds  si,bx                                             EAX:00007BE4 EBX:000019AF ECX:0000000A EDX:00000118 ESI:00007BE4 EDI:00000000 EBP:00007BD8 ESP:00007B9E DS:3E00 ES:3E00 FS:0000 GS:0000 SS:3E00 CF:0 ZF:0 SF:1 OF:0 AF:0 PF:0 IF:1
F000:00001060  callback 0003  (default)                               EAX:00007BE4 EBX:000019AF ECX:0000000A EDX:00000118 ESI:00007BE4 EDI:00000000 EBP:00007BD8 ESP:00007B98 DS:3E00 ES:3E00 FS:0000 GS:0000 SS:3E00 CF:0 ZF:0 SF:1 OF:0 AF:0 PF:0 IF:0
F000:00001064  iret                                                   EAX:00007BE4 EBX:000019AF ECX:0000000A EDX:00000118 ESI:00007BE4 EDI:00000000 EBP:00007BD8 ESP:00007B98 DS:3E00 ES:3E00 FS:0000 GS:0000 SS:3E00 CF:0 ZF:0 SF:1 OF:0 AF:0 PF:0 IF:0
1688:00000AED  lds  si,bx                                             EAX:00007BE4 EBX:000019AF ECX:0000000A EDX:00000118 ESI:00007BE4 EDI:00000000 EBP:00007BD8 ESP:00007B9E DS:3E00 ES:3E00 FS:0000 GS:0000 SS:3E00 CF:0 ZF:0 SF:1 OF:0 AF:0 PF:0 IF:1
F000:00001060  callback 0003  (default)                               EAX:00007BE4 EBX:000019AF ECX:0000000A EDX:00000118 ESI:00007BE4 EDI:00000000 EBP:00007BD8 ESP:00007B98 DS:3E00 ES:3E00 FS:0000 GS:0000 SS:3E00 CF:0 ZF:0 SF:1 OF:0 AF:0 PF:0 IF:0
F000:00001064  iret                                                   EAX:00007BE4 EBX:000019AF ECX:0000000A EDX:00000118 ESI:00007BE4 EDI:00000000 EBP:00007BD8 ESP:00007B98 DS:3E00 ES:3E00 FS:0000 GS:0000 SS:3E00 CF:0 ZF:0 SF:1 OF:0 AF:0 PF:0 IF:0
1688:00000AED  lds  si,bx                                             EAX:00007BE4 EBX:000019AF ECX:0000000A EDX:00000118 ESI:00007BE4 EDI:00000000 EBP:00007BD8 ESP:00007B9E DS:3E00 ES:3E00 FS:0000 GS:0000 SS:3E00 CF:0 ZF:0 SF:1 OF:0 AF:0 PF:0 IF:1
F000:00001060  callback 0003  (default)                               EAX:00007BE4 EBX:000019AF ECX:0000000A EDX:00000118 ESI:00007BE4 EDI:00000000 EBP:00007BD8 ESP:00007B98 DS:3E00 ES:3E00 FS:0000 GS:0000 SS:3E00 CF:0 ZF:0 SF:1 OF:0 AF:0 PF:0 IF:0
F000:00001064  iret                                                   EAX:00007BE4 EBX:000019AF ECX:0000000A EDX:00000118 ESI:00007BE4 EDI:00000000 EBP:00007BD8 ESP:00007B98 DS:3E00 ES:3E00 FS:0000 GS:0000 SS:3E00 CF:0 ZF:0 SF:1 OF:0 AF:0 PF:0 IF:0
1688:00000AED  lds  si,bx                                             EAX:00007BE4 EBX:000019AF ECX:0000000A EDX:00000118 ESI:00007BE4 EDI:00000000 EBP:00007BD8 ESP:00007B9E DS:3E00 ES:3E00 FS:0000 GS:0000 SS:3E00 CF:0 ZF:0 SF:1 OF:0 AF:0 PF:0 IF:1
F000:00001060  callback 0003  (default)                               EAX:00007BE4 EBX:000019AF ECX:0000000A EDX:00000118 ESI:00007BE4 EDI:00000000 EBP:00007BD8 ESP:00007B98 DS:3E00 ES:3E00 FS:0000 GS:0000 SS:3E00 CF:0 ZF:0 SF:1 OF:0 AF:0 PF:0 IF:0
F000:00001064  iret                                                   EAX:00007BE4 EBX:000019AF ECX:0000000A EDX:00000118 ESI:00007BE4 EDI:00000000 EBP:00007BD8 ESP:00007B98 DS:3E00 ES:3E00 FS:0000 GS:0000 SS:3E00 CF:0 ZF:0 SF:1 OF:0 AF:0 PF:0 IF:0
1688:00000AED  lds  si,bx                                             EAX:00007BE4 EBX:000019AF ECX:0000000A EDX:00000118 ESI:00007BE4 EDI:00000000 EBP:00007BD8 ESP:00007B9E DS:3E00 ES:3E00 FS:0000 GS:0000 SS:3E00 CF:0 ZF:0 SF:1 OF:0 AF:0 PF:0 IF:1
F000:00001060  callback 0003  (default)                               EAX:00007BE4 EBX:000019AF ECX:0000000A EDX:00000118 ESI:00007BE4 EDI:00000000 EBP:00007BD8 ESP:00007B98 DS:3E00 ES:3E00 FS:0000 GS:0000 SS:3E00 CF:0 ZF:0 SF:1 OF:0 AF:0 PF:0 IF:0
F000:00001064  iret                                                   EAX:00007BE4 EBX:000019AF ECX:0000000A EDX:00000118 ESI:00007BE4 EDI:00000000 EBP:00007BD8 ESP:00007B98 DS:3E00 ES:3E00 FS:0000 GS:0000 SS:3E00 CF:0 ZF:0 SF:1 OF:0 AF:0 PF:0 IF:0
1688:00000AED  lds  si,bx                                             EAX:00007BE4 EBX:000019AF ECX:0000000A EDX:00000118 ESI:00007BE4 EDI:00000000 EBP:00007BD8 ESP:00007B9E DS:3E00 ES:3E00 FS:0000 GS:0000 SS:3E00 CF:0 ZF:0 SF:1 OF:0 AF:0 PF:0 IF:1
F000:00001060  callback 0003  (default)                               EAX:00007BE4 EBX:000019AF ECX:0000000A EDX:00000118 ESI:00007BE4 EDI:00000000 EBP:00007BD8 ESP:00007B98 DS:3E00 ES:3E00 FS:0000 GS:0000 SS:3E00 CF:0 ZF:0 SF:1 OF:0 AF:0 PF:0 IF:0
F000:00001064  iret                                                   EAX:00007BE4 EBX:000019AF ECX:0000000A EDX:00000118 ESI:00007BE4 EDI:00000000 EBP:00007BD8 ESP:00007B98 DS:3E00 ES:3E00 FS:0000 GS:0000 SS:3E00 CF:0 ZF:0 SF:1 OF:0 AF:0 PF:0 IF:0
1688:00000AED  lds  si,bx                                             EAX:00007BE4 EBX:000019AF ECX:0000000A EDX:00000118 ESI:00007BE4 EDI:00000000 EBP:00007BD8 ESP:00007B9E DS:3E00 ES:3E00 FS:0000 GS:0000 SS:3E00 CF:0 ZF:0 SF:1 OF:0 AF:0 PF:0 IF:1
F000:00001060  callback 0003  (default)                               EAX:00007BE4 EBX:000019AF ECX:0000000A EDX:00000118 ESI:00007BE4 EDI:00000000 EBP:00007BD8 ESP:00007B98 DS:3E00 ES:3E00 FS:0000 GS:0000 SS:3E00 CF:0 ZF:0 SF:1 OF:0 AF:0 PF:0 IF:0
F000:00001064  iret                                                   EAX:00007BE4 EBX:000019AF ECX:0000000A EDX:00000118 ESI:00007BE4 EDI:00000000 EBP:00007BD8 ESP:00007B98 DS:3E00 ES:3E00 FS:0000 GS:0000 SS:3E00 CF:0 ZF:0 SF:1 OF:0 AF:0 PF:0 IF:0
1688:00000AED  lds  si,bx                                             EAX:00007BE4 EBX:000019AF ECX:0000000A EDX:00000118 ESI:00007BE4 EDI:00000000 EBP:00007BD8 ESP:00007B9E DS:3E00 ES:3E00 FS:0000 GS:0000 SS:3E00 CF:0 ZF:0 SF:1 OF:0 AF:0 PF:0 IF:1
F000:00001060  callback 0003  (default)                               EAX:00007BE4 EBX:000019AF ECX:0000000A EDX:00000118 ESI:00007BE4 EDI:00000000 EBP:00007BD8 ESP:00007B98 DS:3E00 ES:3E00 FS:0000 GS:0000 SS:3E00 CF:0 ZF:0 SF:1 OF:0 AF:0 PF:0 IF:0
F000:00001064  iret                                                   EAX:00007BE4 EBX:000019AF ECX:0000000A EDX:00000118 ESI:00007BE4 EDI:00000000 EBP:00007BD8 ESP:00007B98 DS:3E00 ES:3E00 FS:0000 GS:0000 SS:3E00 CF:0 ZF:0 SF:1 OF:0 AF:0 PF:0 IF:0
1688:00000AED  lds  si,bx                                             EAX:00007BE4 EBX:000019AF ECX:0000000A EDX:00000118 ESI:00007BE4 EDI:00000000 EBP:00007BD8 ESP:00007B9E DS:3E00 ES:3E00 FS:0000 GS:0000 SS:3E00 CF:0 ZF:0 SF:1 OF:0 AF:0 PF:0 IF:1
F000:00001060  callback 0003  (default)                               EAX:00007BE4 EBX:000019AF ECX:0000000A EDX:00000118 ESI:00007BE4 EDI:00000000 EBP:00007BD8 ESP:00007B98 DS:3E00 ES:3E00 FS:0000 GS:0000 SS:3E00 CF:0 ZF:0 SF:1 OF:0 AF:0 PF:0 IF:0
F000:00001064  iret                                                   EAX:00007BE4 EBX:000019AF ECX:0000000A EDX:00000118 ESI:00007BE4 EDI:00000000 EBP:00007BD8 ESP:00007B98 DS:3E00 ES:3E00 FS:0000 GS:0000 SS:3E00 CF:0 ZF:0 SF:1 OF:0 AF:0 PF:0 IF:0
1688:00000AED  lds  si,bx                                             EAX:00007BE4 EBX:000019AF ECX:0000000A EDX:00000118 ESI:00007BE4 EDI:00000000 EBP:00007BD8 ESP:00007B9E DS:3E00 ES:3E00 FS:0000 GS:0000 SS:3E00 CF:0 ZF:0 SF:1 OF:0 AF:0 PF:0 IF:1
F000:00001060  callback 0003  (default)                               EAX:00007BE4 EBX:000019AF ECX:0000000A EDX:00000118 ESI:00007BE4 EDI:00000000 EBP:00007BD8 ESP:00007B98 DS:3E00 ES:3E00 FS:0000 GS:0000 SS:3E00 CF:0 ZF:0 SF:1 OF:0 AF:0 PF:0 IF:0
F000:00001064  iret                                                   EAX:00007BE4 EBX:000019AF ECX:0000000A EDX:00000118 ESI:00007BE4 EDI:00000000 EBP:00007BD8 ESP:00007B98 DS:3E00 ES:3E00 FS:0000 GS:0000 SS:3E00 CF:0 ZF:0 SF:1 OF:0 AF:0 PF:0 IF:0
1688:00000AED  lds  si,bx                                             EAX:00007BE4 EBX:000019AF ECX:0000000A EDX:00000118 ESI:00007BE4 EDI:00000000 EBP:00007BD8 ESP:00007B9E DS:3E00 ES:3E00 FS:0000 GS:0000 SS:3E00 CF:0 ZF:0 SF:1 OF:0 AF:0 PF:0 IF:1
F000:00001060  callback 0003  (default)                               EAX:00007BE4 EBX:000019AF ECX:0000000A EDX:00000118 ESI:00007BE4 EDI:00000000 EBP:00007BD8 ESP:00007B98 DS:3E00 ES:3E00 FS:0000 GS:0000 SS:3E00 CF:0 ZF:0 SF:1 OF:0 AF:0 PF:0 IF:0
F000:00001064  iret                                                   EAX:00007BE4 EBX:000019AF ECX:0000000A EDX:00000118 ESI:00007BE4 EDI:00000000 EBP:00007BD8 ESP:00007B98 DS:3E00 ES:3E00 FS:0000 GS:0000 SS:3E00 CF:0 ZF:0 SF:1 OF:0 AF:0 PF:0 IF:0
1688:00000AED  lds  si,bx                                             EAX:00007BE4 EBX:000019AF ECX:0000000A EDX:00000118 ESI:00007BE4 EDI:00000000 EBP:00007BD8 ESP:00007B9E DS:3E00 ES:3E00 FS:0000 GS:0000 SS:3E00 CF:0 ZF:0 SF:1 OF:0 AF:0 PF:0 IF:1
F000:00001060  callback 0003  (default)                               EAX:00007BE4 EBX:000019AF ECX:0000000A EDX:00000118 ESI:00007BE4 EDI:00000000 EBP:00007BD8 ESP:00007B98 DS:3E00 ES:3E00 FS:0000 GS:0000 SS:3E00 CF:0 ZF:0 SF:1 OF:0 AF:0 PF:0 IF:0
F000:00001064  iret                                                   EAX:00007BE4 EBX:000019AF ECX:0000000A EDX:00000118 ESI:00007BE4 EDI:00000000 EBP:00007BD8 ESP:00007B98 DS:3E00 ES:3E00 FS:0000 GS:0000 SS:3E00 CF:0 ZF:0 SF:1 OF:0 AF:0 PF:0 IF:0
1688:00000AED  lds  si,bx                                             EAX:00007BE4 EBX:000019AF ECX:0000000A EDX:00000118 ESI:00007BE4 EDI:00000000 EBP:00007BD8 ESP:00007B9E DS:3E00 ES:3E00 FS:0000 GS:0000 SS:3E00 CF:0 ZF:0 SF:1 OF:0 AF:0 PF:0 IF:1
F000:00001060  callback 0003  (default)                               EAX:00007BE4 EBX:000019AF ECX:0000000A EDX:00000118 ESI:00007BE4 EDI:00000000 EBP:00007BD8 ESP:00007B98 DS:3E00 ES:3E00 FS:0000 GS:0000 SS:3E00 CF:0 ZF:0 SF:1 OF:0 AF:0 PF:0 IF:0
F000:00001064  iret                                                   EAX:00007BE4 EBX:000019AF ECX:0000000A EDX:00000118 ESI:00007BE4 EDI:00000000 EBP:00007BD8 ESP:00007B98 DS:3E00 ES:3E00 FS:0000 GS:0000 SS:3E00 CF:0 ZF:0 SF:1 OF:0 AF:0 PF:0 IF:0
1688:00000AED  lds  si,bx                                             EAX:00007BE4 EBX:000019AF ECX:0000000A EDX:00000118 ESI:00007BE4 EDI:00000000 EBP:00007BD8 ESP:00007B9E DS:3E00 ES:3E00 FS:0000 GS:0000 SS:3E00 CF:0 ZF:0 SF:1 OF:0 AF:0 PF:0 IF:1
F000:00001060  callback 0003  (default)                               EAX:00007BE4 EBX:000019AF ECX:0000000A EDX:00000118 ESI:00007BE4 EDI:00000000 EBP:00007BD8 ESP:00007B98 DS:3E00 ES:3E00 FS:0000 GS:0000 SS:3E00 CF:0 ZF:0 SF:1 OF:0 AF:0 PF:0 IF:0
F000:00001064  iret                                                   EAX:00007BE4 EBX:000019AF ECX:0000000A EDX:00000118 ESI:00007BE4 EDI:00000000 EBP:00007BD8 ESP:00007B98 DS:3E00 ES:3E00 FS:0000 GS:0000 SS:3E00 CF:0 ZF:0 SF:1 OF:0 AF:0 PF:0 IF:0
1688:00000AED  lds  si,bx                                             EAX:00007BE4 EBX:000019AF ECX:0000000A EDX:00000118 ESI:00007BE4 EDI:00000000 EBP:00007BD8 ESP:00007B9E DS:3E00 ES:3E00 FS:0000 GS:0000 SS:3E00 CF:0 ZF:0 SF:1 OF:0 AF:0 PF:0 IF:1
F000:00001060  callback 0003  (default)                               EAX:00007BE4 EBX:000019AF ECX:0000000A EDX:00000118 ESI:00007BE4 EDI:00000000 EBP:00007BD8 ESP:00007B98 DS:3E00 ES:3E00 FS:0000 GS:0000 SS:3E00 CF:0 ZF:0 SF:1 OF:0 AF:0 PF:0 IF:0
F000:00001064  iret                                                   EAX:00007BE4 EBX:000019AF ECX:0000000A EDX:00000118 ESI:00007BE4 EDI:00000000 EBP:00007BD8 ESP:00007B98 DS:3E00 ES:3E00 FS:0000 GS:0000 SS:3E00 CF:0 ZF:0 SF:1 OF:0 AF:0 PF:0 IF:0
1688:00000AED  lds  si,bx                                             EAX:00007BE4 EBX:000019AF ECX:0000000A EDX:00000118 ESI:00007BE4 EDI:00000000 EBP:00007BD8 ESP:00007B9E DS:3E00 ES:3E00 FS:0000 GS:0000 SS:3E00 CF:0 ZF:0 SF:1 OF:0 AF:0 PF:0 IF:1
F000:00001060  callback 0003  (default)                               EAX:00007BE4 EBX:000019AF ECX:0000000A EDX:00000118 ESI:00007BE4 EDI:00000000 EBP:00007BD8 ESP:00007B98 DS:3E00 ES:3E00 FS:0000 GS:0000 SS:3E00 CF:0 ZF:0 SF:1 OF:0 AF:0 PF:0 IF:0
F000:00001064  iret                                                   EAX:00007BE4 EBX:000019AF ECX:0000000A EDX:00000118 ESI:00007BE4 EDI:00000000 EBP:00007BD8 ESP:00007B98 DS:3E00 ES:3E00 FS:0000 GS:0000 SS:3E00 CF:0 ZF:0 SF:1 OF:0 AF:0 PF:0 IF:0
1688:00000AED  lds  si,bx                                             EAX:00007BE4 EBX:000019AF ECX:0000000A EDX:00000118 ESI:00007BE4 EDI:00000000 EBP:00007BD8 ESP:00007B9E DS:3E00 ES:3E00 FS:0000 GS:0000 SS:3E00 CF:0 ZF:0 SF:1 OF:0 AF:0 PF:0 IF:1
F000:00001060  callback 0003  (default)                               EAX:00007BE4 EBX:000019AF ECX:0000000A EDX:00000118 ESI:00007BE4 EDI:00000000 EBP:00007BD8 ESP:00007B98 DS:3E00 ES:3E00 FS:0000 GS:0000 SS:3E00 CF:0 ZF:0 SF:1 OF:0 AF:0 PF:0 IF:0
F000:00001064  iret                                                   EAX:00007BE4 EBX:000019AF ECX:0000000A EDX:00000118 ESI:00007BE4 EDI:00000000 EBP:00007BD8 ESP:00007B98 DS:3E00 ES:3E00 FS:0000 GS:0000 SS:3E00 CF:0 ZF:0 SF:1 OF:0 AF:0 PF:0 IF:0
1688:00000AED  lds  si,bx                                             EAX:00007BE4 EBX:000019AF ECX:0000000A EDX:00000118 ESI:00007BE4 EDI:00000000 EBP:00007BD8 ESP:00007B9E DS:3E00 ES:3E00 FS:0000 GS:0000 SS:3E00 CF:0 ZF:0 SF:1 OF:0 AF:0 PF:0 IF:1
F000:00001060  callback 0003  (default)                               EAX:00007BE4 EBX:000019AF ECX:0000000A EDX:00000118 ESI:00007BE4 EDI:00000000 EBP:00007BD8 ESP:00007B98 DS:3E00 ES:3E00 FS:0000 GS:0000 SS:3E00 CF:0 ZF:0 SF:1 OF:0 AF:0 PF:0 IF:0
F000:00001064  iret                                                   EAX:00007BE4 EBX:000019AF ECX:0000000A EDX:00000118 ESI:00007BE4 EDI:00000000 EBP:00007BD8 ESP:00007B98 DS:3E00 ES:3E00 FS:0000 GS:0000 SS:3E00 CF:0 ZF:0 SF:1 OF:0 AF:0 PF:0 IF:0
1688:00000AED  lds  si,bx                                             EAX:00007BE4 EBX:000019AF ECX:0000000A EDX:00000118 ESI:00007BE4 EDI:00000000 EBP:00007BD8 ESP:00007B9E DS:3E00 ES:3E00 FS:0000 GS:0000 SS:3E00 CF:0 ZF:0 SF:1 OF:0 AF:0 PF:0 IF:1
F000:00001060  callback 0003  (default)                               EAX:00007BE4 EBX:000019AF ECX:0000000A EDX:00000118 ESI:00007BE4 EDI:00000000 EBP:00007BD8 ESP:00007B98 DS:3E00 ES:3E00 FS:0000 GS:0000 SS:3E00 CF:0 ZF:0 SF:1 OF:0 AF:0 PF:0 IF:0
F000:00001064  iret                                                   EAX:00007BE4 EBX:000019AF ECX:0000000A EDX:00000118 ESI:00007BE4 EDI:00000000 EBP:00007BD8 ESP:00007B98 DS:3E00 ES:3E00 FS:0000 GS:0000 SS:3E00 CF:0 ZF:0 SF:1 OF:0 AF:0 PF:0 IF:0
1688:00000AED  lds  si,bx                                             EAX:00007BE4 EBX:000019AF ECX:0000000A EDX:00000118 ESI:00007BE4 EDI:00000000 EBP:00007BD8 ESP:00007B9E DS:3E00 ES:3E00 FS:0000 GS:0000 SS:3E00 CF:0 ZF:0 SF:1 OF:0 AF:0 PF:0 IF:1
F000:00001060  callback 0003  (default)                               EAX:00007BE4 EBX:000019AF ECX:0000000A EDX:00000118 ESI:00007BE4 EDI:00000000 EBP:00007BD8 ESP:00007B98 DS:3E00 ES:3E00 FS:0000 GS:0000 SS:3E00 CF:0 ZF:0 SF:1 OF:0 AF:0 PF:0 IF:0
F000:00001064  iret                                                   EAX:00007BE4 EBX:000019AF ECX:0000000A EDX:00000118 ESI:00007BE4 EDI:00000000 EBP:00007BD8 ESP:00007B98 DS:3E00 ES:3E00 FS:0000 GS:0000 SS:3E00 CF:0 ZF:0 SF:1 OF:0 AF:0 PF:0 IF:0
1688:00000AED  lds  si,bx                                             EAX:00007BE4 EBX:000019AF ECX:0000000A EDX:00000118 ESI:00007BE4 EDI:00000000 EBP:00007BD8 ESP:00007B9E DS:3E00 ES:3E00 FS:0000 GS:0000 SS:3E00 CF:0 ZF:0 SF:1 OF:0 AF:0 PF:0 IF:1
F000:00001060  callback 0003  (default)                               EAX:00007BE4 EBX:000019AF ECX:0000000A EDX:00000118 ESI:00007BE4 EDI:00000000 EBP:00007BD8 ESP:00007B98 DS:3E00 ES:3E00 FS:0000 GS:0000 SS:3E00 CF:0 ZF:0 SF:1 OF:0 AF:0 PF:0 IF:0
F000:00001064  iret                                                   EAX:00007BE4 EBX:000019AF ECX:0000000A EDX:00000118 ESI:00007BE4 EDI:00000000 EBP:00007BD8 ESP:00007B98 DS:3E00 ES:3E00 FS:0000 GS:0000 SS:3E00 CF:0 ZF:0 SF:1 OF:0 AF:0 PF:0 IF:0
1688:00000AED  lds  si,bx                                             EAX:00007BE4 EBX:000019AF ECX:0000000A EDX:00000118 ESI:00007BE4 EDI:00000000 EBP:00007BD8 ESP:00007B9E DS:3E00 ES:3E00 FS:0000 GS:0000 SS:3E00 CF:0 ZF:0 SF:1 OF:0 AF:0 PF:0 IF:1
F000:00001060  callback 0003  (default)                               EAX:00007BE4 EBX:000019AF ECX:0000000A EDX:00000118 ESI:00007BE4 EDI:00000000 EBP:00007BD8 ESP:00007B98 DS:3E00 ES:3E00 FS:0000 GS:0000 SS:3E00 CF:0 ZF:0 SF:1 OF:0 AF:0 PF:0 IF:0
F000:00001064  iret                                                   EAX:00007BE4 EBX:000019AF ECX:0000000A EDX:00000118 ESI:00007BE4 EDI:00000000 EBP:00007BD8 ESP:00007B98 DS:3E00 ES:3E00 FS:0000 GS:0000 SS:3E00 CF:0 ZF:0 SF:1 OF:0 AF:0 PF:0 IF:0
1688:00000AED  lds  si,bx                                             EAX:00007BE4 EBX:000019AF ECX:0000000A EDX:00000118 ESI:00007BE4 EDI:00000000 EBP:00007BD8 ESP:00007B9E DS:3E00 ES:3E00 FS:0000 GS:0000 SS:3E00 CF:0 ZF:0 SF:1 OF:0 AF:0 PF:0 IF:1
F000:00001060  callback 0003  (default)                               EAX:00007BE4 EBX:000019AF ECX:0000000A EDX:00000118 ESI:00007BE4 EDI:00000000 EBP:00007BD8 ESP:00007B98 DS:3E00 ES:3E00 FS:0000 GS:0000 SS:3E00 CF:0 ZF:0 SF:1 OF:0 AF:0 PF:0 IF:0
F000:00001064  iret                                                   EAX:00007BE4 EBX:000019AF ECX:0000000A EDX:00000118 ESI:00007BE4 EDI:00000000 EBP:00007BD8 ESP:00007B98 DS:3E00 ES:3E00 FS:0000 GS:0000 SS:3E00 CF:0 ZF:0 SF:1 OF:0 AF:0 PF:0 IF:0
1688:00000AED  lds  si,bx                                             EAX:00007BE4 EBX:000019AF ECX:0000000A EDX:00000118 ESI:00007BE4 EDI:00000000 EBP:00007BD8 ESP:00007B9E DS:3E00 ES:3E00 FS:0000 GS:0000 SS:3E00 CF:0 ZF:0 SF:1 OF:0 AF:0 PF:0 IF:1
F000:00001060  callback 0003  (default)                               EAX:00007BE4 EBX:000019AF ECX:0000000A EDX:00000118 ESI:00007BE4 EDI:00000000 EBP:00007BD8 ESP:00007B98 DS:3E00 ES:3E00 FS:0000 GS:0000 SS:3E00 CF:0 ZF:0 SF:1 OF:0 AF:0 PF:0 IF:0
F000:00001064  iret                                                   EAX:00007BE4 EBX:000019AF ECX:0000000A EDX:00000118 ESI:00007BE4 EDI:00000000 EBP:00007BD8 ESP:00007B98 DS:3E00 ES:3E00 FS:0000 GS:0000 SS:3E00 CF:0 ZF:0 SF:1 OF:0 AF:0 PF:0 IF:0
1688:00000AED  lds  si,bx                                             EAX:00007BE4 EBX:000019AF ECX:0000000A EDX:00000118 ESI:00007BE4 EDI:00000000 EBP:00007BD8 ESP:00007B9E DS:3E00 ES:3E00 FS:0000 GS:0000 SS:3E00 CF:0 ZF:0 SF:1 OF:0 AF:0 PF:0 IF:1
F000:00001060  callback 0003  (default)                               EAX:00007BE4 EBX:000019AF ECX:0000000A EDX:00000118 ESI:00007BE4 EDI:00000000 EBP:00007BD8 ESP:00007B98 DS:3E00 ES:3E00 FS:0000 GS:0000 SS:3E00 CF:0 ZF:0 SF:1 OF:0 AF:0 PF:0 IF:0
F000:00001064  iret                                                   EAX:00007BE4 EBX:000019AF ECX:0000000A EDX:00000118 ESI:00007BE4 EDI:00000000 EBP:00007BD8 ESP:00007B98 DS:3E00 ES:3E00 FS:0000 GS:0000 SS:3E00 CF:0 ZF:0 SF:1 OF:0 AF:0 PF:0 IF:0
1688:00000AED  lds  si,bx                                             EAX:00007BE4 EBX:000019AF ECX:0000000A EDX:00000118 ESI:00007BE4 EDI:00000000 EBP:00007BD8 ESP:00007B9E DS:3E00 ES:3E00 FS:0000 GS:0000 SS:3E00 CF:0 ZF:0 SF:1 OF:0 AF:0 PF:0 IF:1
F000:00001060  callback 0003  (default)                               EAX:00007BE4 EBX:000019AF ECX:0000000A EDX:00000118 ESI:00007BE4 EDI:00000000 EBP:00007BD8 ESP:00007B98 DS:3E00 ES:3E00 FS:0000 GS:0000 SS:3E00 CF:0 ZF:0 SF:1 OF:0 AF:0 PF:0 IF:0
F000:00001064  iret                                                   EAX:00007BE4 EBX:000019AF ECX:0000000A EDX:00000118 ESI:00007BE4 EDI:00000000 EBP:00007BD8 ESP:00007B98 DS:3E00 ES:3E00 FS:0000 GS:0000 SS:3E00 CF:0 ZF:0 SF:1 OF:0 AF:0 PF:0 IF:0
1688:00000AED  lds  si,bx                                             EAX:00007BE4 EBX:000019AF ECX:0000000A EDX:00000118 ESI:00007BE4 EDI:00000000 EBP:00007BD8 ESP:00007B9E DS:3E00 ES:3E00 FS:0000 GS:0000 SS:3E00 CF:0 ZF:0 SF:1 OF:0 AF:0 PF:0 IF:1
F000:00001060  callback 0003  (default)                               EAX:00007BE4 EBX:000019AF ECX:0000000A EDX:00000118 ESI:00007BE4 EDI:00000000 EBP:00007BD8 ESP:00007B98 DS:3E00 ES:3E00 FS:0000 GS:0000 SS:3E00 CF:0 ZF:0 SF:1 OF:0 AF:0 PF:0 IF:0
F000:00001064  iret                                                   EAX:00007BE4 EBX:000019AF ECX:0000000A EDX:00000118 ESI:00007BE4 EDI:00000000 EBP:00007BD8 ESP:00007B98 DS:3E00 ES:3E00 FS:0000 GS:0000 SS:3E00 CF:0 ZF:0 SF:1 OF:0 AF:0 PF:0 IF:0
1688:00000AED  lds  si,bx                                             EAX:00007BE4 EBX:000019AF ECX:0000000A EDX:00000118 ESI:00007BE4 EDI:00000000 EBP:00007BD8 ESP:00007B9E DS:3E00 ES:3E00 FS:0000 GS:0000 SS:3E00 CF:0 ZF:0 SF:1 OF:0 AF:0 PF:0 IF:1
F000:00001060  callback 0003  (default)                               EAX:00007BE4 EBX:000019AF ECX:0000000A EDX:00000118 ESI:00007BE4 EDI:00000000 EBP:00007BD8 ESP:00007B98 DS:3E00 ES:3E00 FS:0000 GS:0000 SS:3E00 CF:0 ZF:0 SF:1 OF:0 AF:0 PF:0 IF:0
F000:00001064  iret                                                   EAX:00007BE4 EBX:000019AF ECX:0000000A EDX:00000118 ESI:00007BE4 EDI:00000000 EBP:00007BD8 ESP:00007B98 DS:3E00 ES:3E00 FS:0000 GS:0000 SS:3E00 CF:0 ZF:0 SF:1 OF:0 AF:0 PF:0 IF:0
1688:00000AED  lds  si,bx                                             EAX:00007BE4 EBX:000019AF ECX:0000000A EDX:00000118 ESI:00007BE4 EDI:00000000 EBP:00007BD8 ESP:00007B9E DS:3E00 ES:3E00 FS:0000 GS:0000 SS:3E00 CF:0 ZF:0 SF:1 OF:0 AF:0 PF:0 IF:1
F000:00001060  callback 0003  (default)                               EAX:00007BE4 EBX:000019AF ECX:0000000A EDX:00000118 ESI:00007BE4 EDI:00000000 EBP:00007BD8 ESP:00007B98 DS:3E00 ES:3E00 FS:0000 GS:0000 SS:3E00 CF:0 ZF:0 SF:1 OF:0 AF:0 PF:0 IF:0
F000:00001064  iret                                                   EAX:00007BE4 EBX:000019AF ECX:0000000A EDX:00000118 ESI:00007BE4 EDI:00000000 EBP:00007BD8 ESP:00007B98 DS:3E00 ES:3E00 FS:0000 GS:0000 SS:3E00 CF:0 ZF:0 SF:1 OF:0 AF:0 PF:0 IF:0
1688:00000AED  lds  si,bx                                             EAX:00007BE4 EBX:000019AF ECX:0000000A EDX:00000118 ESI:00007BE4 EDI:00000000 EBP:00007BD8 ESP:00007B9E DS:3E00 ES:3E00 FS:0000 GS:0000 SS:3E00 CF:0 ZF:0 SF:1 OF:0 AF:0 PF:0 IF:1
F000:00001060  callback 0003  (default)                               EAX:00007BE4 EBX:000019AF ECX:0000000A EDX:00000118 ESI:00007BE4 EDI:00000000 EBP:00007BD8 ESP:00007B98 DS:3E00 ES:3E00 FS:0000 GS:0000 SS:3E00 CF:0 ZF:0 SF:1 OF:0 AF:0 PF:0 IF:0
F000:00001064  iret                                                   EAX:00007BE4 EBX:000019AF ECX:0000000A EDX:00000118 ESI:00007BE4 EDI:00000000 EBP:00007BD8 ESP:00007B98 DS:3E00 ES:3E00 FS:0000 GS:0000 SS:3E00 CF:0 ZF:0 SF:1 OF:0 AF:0 PF:0 IF:0
1688:00000AED  lds  si,bx                                             EAX:00007BE4 EBX:000019AF ECX:0000000A EDX:00000118 ESI:00007BE4 EDI:00000000 EBP:00007BD8 ESP:00007B9E DS:3E00 ES:3E00 FS:0000 GS:0000 SS:3E00 CF:0 ZF:0 SF:1 OF:0 AF:0 PF:0 IF:1
F000:00001060  callback 0003  (default)                               EAX:00007BE4 EBX:000019AF ECX:0000000A EDX:00000118 ESI:00007BE4 EDI:00000000 EBP:00007BD8 ESP:00007B98 DS:3E00 ES:3E00 FS:0000 GS:0000 SS:3E00 CF:0 ZF:0 SF:1 OF:0 AF:0 PF:0 IF:0
F000:00001064  iret                                                   EAX:00007BE4 EBX:000019AF ECX:0000000A EDX:00000118 ESI:00007BE4 EDI:00000000 EBP:00007BD8 ESP:00007B98 DS:3E00 ES:3E00 FS:0000 GS:0000 SS:3E00 CF:0 ZF:0 SF:1 OF:0 AF:0 PF:0 IF:0
1688:00000AED  lds  si,bx                                             EAX:00007BE4 EBX:000019AF ECX:0000000A EDX:00000118 ESI:00007BE4 EDI:00000000 EBP:00007BD8 ESP:00007B9E DS:3E00 ES:3E00 FS:0000 GS:0000 SS:3E00 CF:0 ZF:0 SF:1 OF:0 AF:0 PF:0 IF:1
F000:00001060  callback 0003  (default)                               EAX:00007BE4 EBX:000019AF ECX:0000000A EDX:00000118 ESI:00007BE4 EDI:00000000 EBP:00007BD8 ESP:00007B98 DS:3E00 ES:3E00 FS:0000 GS:0000 SS:3E00 CF:0 ZF:0 SF:1 OF:0 AF:0 PF:0 IF:0
F000:00001064  iret                                                   EAX:00007BE4 EBX:000019AF ECX:0000000A EDX:00000118 ESI:00007BE4 EDI:00000000 EBP:00007BD8 ESP:00007B98 DS:3E00 ES:3E00 FS:0000 GS:0000 SS:3E00 CF:0 ZF:0 SF:1 OF:0 AF:0 PF:0 IF:0
1688:00000AED  lds  si,bx                                             EAX:00007BE4 EBX:000019AF ECX:0000000A EDX:00000118 ESI:00007BE4 EDI:00000000 EBP:00007BD8 ESP:00007B9E DS:3E00 ES:3E00 FS:0000 GS:0000 SS:3E00 CF:0 ZF:0 SF:1 OF:0 AF:0 PF:0 IF:1
F000:00001060  callback 0003  (default)                               EAX:00007BE4 EBX:000019AF ECX:0000000A EDX:00000118 ESI:00007BE4 EDI:00000000 EBP:00007BD8 ESP:00007B98 DS:3E00 ES:3E00 FS:0000 GS:0000 SS:3E00 CF:0 ZF:0 SF:1 OF:0 AF:0 PF:0 IF:0
F000:00001064  iret                                                   EAX:00007BE4 EBX:000019AF ECX:0000000A EDX:00000118 ESI:00007BE4 EDI:00000000 EBP:00007BD8 ESP:00007B98 DS:3E00 ES:3E00 FS:0000 GS:0000 SS:3E00 CF:0 ZF:0 SF:1 OF:0 AF:0 PF:0 IF:0
1688:00000AED  lds  si,bx                                             EAX:00007BE4 EBX:000019AF ECX:0000000A EDX:00000118 ESI:00007BE4 EDI:00000000 EBP:00007BD8 ESP:00007B9E DS:3E00 ES:3E00 FS:0000 GS:0000 SS:3E00 CF:0 ZF:0 SF:1 OF:0 AF:0 PF:0 IF:1
F000:00001060  callback 0003  (default)                               EAX:00007BE4 EBX:000019AF ECX:0000000A EDX:00000118 ESI:00007BE4 EDI:00000000 EBP:00007BD8 ESP:00007B98 DS:3E00 ES:3E00 FS:0000 GS:0000 SS:3E00 CF:0 ZF:0 SF:1 OF:0 AF:0 PF:0 IF:0
F000:00001064  iret                                                   EAX:00007BE4 EBX:000019AF ECX:0000000A EDX:00000118 ESI:00007BE4 EDI:00000000 EBP:00007BD8 ESP:00007B98 DS:3E00 ES:3E00 FS:0000 GS:0000 SS:3E00 CF:0 ZF:0 SF:1 OF:0 AF:0 PF:0 IF:0
1688:00000AED  lds  si,bx                                             EAX:00007BE4 EBX:000019AF ECX:0000000A EDX:00000118 ESI:00007BE4 EDI:00000000 EBP:00007BD8 ESP:00007B9E DS:3E00 ES:3E00 FS:0000 GS:0000 SS:3E00 CF:0 ZF:0 SF:1 OF:0 AF:0 PF:0 IF:1
F000:00001060  callback 0003  (default)                               EAX:00007BE4 EBX:000019AF ECX:0000000A EDX:00000118 ESI:00007BE4 EDI:00000000 EBP:00007BD8 ESP:00007B98 DS:3E00 ES:3E00 FS:0000 GS:0000 SS:3E00 CF:0 ZF:0 SF:1 OF:0 AF:0 PF:0 IF:0
F000:00001064  iret                                                   EAX:00007BE4 EBX:000019AF ECX:0000000A EDX:00000118 ESI:00007BE4 EDI:00000000 EBP:00007BD8 ESP:00007B98 DS:3E00 ES:3E00 FS:0000 GS:0000 SS:3E00 CF:0 ZF:0 SF:1 OF:0 AF:0 PF:0 IF:0
1688:00000AED  lds  si,bx                                             EAX:00007BE4 EBX:000019AF ECX:0000000A EDX:00000118 ESI:00007BE4 EDI:00000000 EBP:00007BD8 ESP:00007B9E DS:3E00 ES:3E00 FS:0000 GS:0000 SS:3E00 CF:0 ZF:0 SF:1 OF:0 AF:0 PF:0 IF:1
F000:00001060  callback 0003  (default)                               EAX:00007BE4 EBX:000019AF ECX:0000000A EDX:00000118 ESI:00007BE4 EDI:00000000 EBP:00007BD8 ESP:00007B98 DS:3E00 ES:3E00 FS:0000 GS:0000 SS:3E00 CF:0 ZF:0 SF:1 OF:0 AF:0 PF:0 IF:0
F000:00001064  iret                                                   EAX:00007BE4 EBX:000019AF ECX:0000000A EDX:00000118 ESI:00007BE4 EDI:00000000 EBP:00007BD8 ESP:00007B98 DS:3E00 ES:3E00 FS:0000 GS:0000 SS:3E00 CF:0 ZF:0 SF:1 OF:0 AF:0 PF:0 IF:0
1688:00000AED  lds  si,bx                                             EAX:00007BE4 EBX:000019AF ECX:0000000A EDX:00000118 ESI:00007BE4 EDI:00000000 EBP:00007BD8 ESP:00007B9E DS:3E00 ES:3E00 FS:0000 GS:0000 SS:3E00 CF:0 ZF:0 SF:1 OF:0 AF:0 PF:0 IF:1
F000:00001060  callback 0003  (default)                               EAX:00007BE4 EBX:000019AF ECX:0000000A EDX:00000118 ESI:00007BE4 EDI:00000000 EBP:00007BD8 ESP:00007B98 DS:3E00 ES:3E00 FS:0000 GS:0000 SS:3E00 CF:0 ZF:0 SF:1 OF:0 AF:0 PF:0 IF:0
F000:00001064  iret                                                   EAX:00007BE4 EBX:000019AF ECX:0000000A EDX:00000118 ESI:00007BE4 EDI:00000000 EBP:00007BD8 ESP:00007B98 DS:3E00 ES:3E00 FS:0000 GS:0000 SS:3E00 CF:0 ZF:0 SF:1 OF:0 AF:0 PF:0 IF:0
1688:00000AED  lds  si,bx                                             EAX:00007BE4 EBX:000019AF ECX:0000000A EDX:00000118 ESI:00007BE4 EDI:00000000 EBP:00007BD8 ESP:00007B9E DS:3E00 ES:3E00 FS:0000 GS:0000 SS:3E00 CF:0 ZF:0 SF:1 OF:0 AF:0 PF:0 IF:1
F000:00001060  callback 0003  (default)                               EAX:00007BE4 EBX:000019AF ECX:0000000A EDX:00000118 ESI:00007BE4 EDI:00000000 EBP:00007BD8 ESP:00007B98 DS:3E00 ES:3E00 FS:0000 GS:0000 SS:3E00 CF:0 ZF:0 SF:1 OF:0 AF:0 PF:0 IF:0
F000:00001064  iret                                                   EAX:00007BE4 EBX:000019AF ECX:0000000A EDX:00000118 ESI:00007BE4 EDI:00000000 EBP:00007BD8 ESP:00007B98 DS:3E00 ES:3E00 FS:0000 GS:0000 SS:3E00 CF:0 ZF:0 SF:1 OF:0 AF:0 PF:0 IF:0
1688:00000AED  lds  si,bx                                             EAX:00007BE4 EBX:000019AF ECX:0000000A EDX:00000118 ESI:00007BE4 EDI:00000000 EBP:00007BD8 ESP:00007B9E DS:3E00 ES:3E00 FS:0000 GS:0000 SS:3E00 CF:0 ZF:0 SF:1 OF:0 AF:0 PF:0 IF:1
F000:00001060  callback 0003  (default)                               EAX:00007BE4 EBX:000019AF ECX:0000000A EDX:00000118 ESI:00007BE4 EDI:00000000 EBP:00007BD8 ESP:00007B98 DS:3E00 ES:3E00 FS:0000 GS:0000 SS:3E00 CF:0 ZF:0 SF:1 OF:0 AF:0 PF:0 IF:0
F000:00001064  iret                                                   EAX:00007BE4 EBX:000019AF ECX:0000000A EDX:00000118 ESI:00007BE4 EDI:00000000 EBP:00007BD8 ESP:00007B98 DS:3E00 ES:3E00 FS:0000 GS:0000 SS:3E00 CF:0 ZF:0 SF:1 OF:0 AF:0 PF:0 IF:0
1688:00000AED  lds  si,bx                                             EAX:00007BE4 EBX:000019AF ECX:0000000A EDX:00000118 ESI:00007BE4 EDI:00000000 EBP:00007BD8 ESP:00007B9E DS:3E00 ES:3E00 FS:0000 GS:0000 SS:3E00 CF:0 ZF:0 SF:1 OF:0 AF:0 PF:0 IF:1
F000:00001060  callback 0003  (default)                               EAX:00007BE4 EBX:000019AF ECX:0000000A EDX:00000118 ESI:00007BE4 EDI:00000000 EBP:00007BD8 ESP:00007B98 DS:3E00 ES:3E00 FS:0000 GS:0000 SS:3E00 CF:0 ZF:0 SF:1 OF:0 AF:0 PF:0 IF:0
F000:00001064  iret                                                   EAX:00007BE4 EBX:000019AF ECX:0000000A EDX:00000118 ESI:00007BE4 EDI:00000000 EBP:00007BD8 ESP:00007B98 DS:3E00 ES:3E00 FS:0000 GS:0000 SS:3E00 CF:0 ZF:0 SF:1 OF:0 AF:0 PF:0 IF:0
1688:00000AED  lds  si,bx                                             EAX:00007BE4 EBX:000019AF ECX:0000000A EDX:00000118 ESI:00007BE4 EDI:00000000 EBP:00007BD8 ESP:00007B9E DS:3E00 ES:3E00 FS:0000 GS:0000 SS:3E00 CF:0 ZF:0 SF:1 OF:0 AF:0 PF:0 IF:1
F000:00001060  callback 0003  (default)                               EAX:00007BE4 EBX:000019AF ECX:0000000A EDX:00000118 ESI:00007BE4 EDI:00000000 EBP:00007BD8 ESP:00007B98 DS:3E00 ES:3E00 FS:0000 GS:0000 SS:3E00 CF:0 ZF:0 SF:1 OF:0 AF:0 PF:0 IF:0
F000:00001064  iret                                                   EAX:00007BE4 EBX:000019AF ECX:0000000A EDX:00000118 ESI:00007BE4 EDI:00000000 EBP:00007BD8 ESP:00007B98 DS:3E00 ES:3E00 FS:0000 GS:0000 SS:3E00 CF:0 ZF:0 SF:1 OF:0 AF:0 PF:0 IF:0
1688:00000AED  lds  si,bx                                             EAX:00007BE4 EBX:000019AF ECX:0000000A EDX:00000118 ESI:00007BE4 EDI:00000000 EBP:00007BD8 ESP:00007B9E DS:3E00 ES:3E00 FS:0000 GS:0000 SS:3E00 CF:0 ZF:0 SF:1 OF:0 AF:0 PF:0 IF:1
F000:00001060  callback 0003  (default)                               EAX:00007BE4 EBX:000019AF ECX:0000000A EDX:00000118 ESI:00007BE4 EDI:00000000 EBP:00007BD8 ESP:00007B98 DS:3E00 ES:3E00 FS:0000 GS:0000 SS:3E00 CF:0 ZF:0 SF:1 OF:0 AF:0 PF:0 IF:0
F000:00001064  iret                                                   EAX:00007BE4 EBX:000019AF ECX:0000000A EDX:00000118 ESI:00007BE4 EDI:00000000 EBP:00007BD8 ESP:00007B98 DS:3E00 ES:3E00 FS:0000 GS:0000 SS:3E00 CF:0 ZF:0 SF:1 OF:0 AF:0 PF:0 IF:0
1688:00000AED  lds  si,bx                                             EAX:00007BE4 EBX:000019AF ECX:0000000A EDX:00000118 ESI:00007BE4 EDI:00000000 EBP:00007BD8 ESP:00007B9E DS:3E00 ES:3E00 FS:0000 GS:0000 SS:3E00 CF:0 ZF:0 SF:1 OF:0 AF:0 PF:0 IF:1
F000:00001060  callback 0003  (default)                               EAX:00007BE4 EBX:000019AF ECX:0000000A EDX:00000118 ESI:00007BE4 EDI:00000000 EBP:00007BD8 ESP:00007B98 DS:3E00 ES:3E00 FS:0000 GS:0000 SS:3E00 CF:0 ZF:0 SF:1 OF:0 AF:0 PF:0 IF:0
F000:00001064  iret                                                   EAX:00007BE4 EBX:000019AF ECX:0000000A EDX:00000118 ESI:00007BE4 EDI:00000000 EBP:00007BD8 ESP:00007B98 DS:3E00 ES:3E00 FS:0000 GS:0000 SS:3E00 CF:0 ZF:0 SF:1 OF:0 AF:0 PF:0 IF:0
1688:00000AED  lds  si,bx                                             EAX:00007BE4 EBX:000019AF ECX:0000000A EDX:00000118 ESI:00007BE4 EDI:00000000 EBP:00007BD8 ESP:00007B9E DS:3E00 ES:3E00 FS:0000 GS:0000 SS:3E00 CF:0 ZF:0 SF:1 OF:0 AF:0 PF:0 IF:1
F000:00001060  callback 0003  (default)                               EAX:00007BE4 EBX:000019AF ECX:0000000A EDX:00000118 ESI:00007BE4 EDI:00000000 EBP:00007BD8 ESP:00007B98 DS:3E00 ES:3E00 FS:0000 GS:0000 SS:3E00 CF:0 ZF:0 SF:1 OF:0 AF:0 PF:0 IF:0
F000:00001064  iret                                                   EAX:00007BE4 EBX:000019AF ECX:0000000A EDX:00000118 ESI:00007BE4 EDI:00000000 EBP:00007BD8 ESP:00007B98 DS:3E00 ES:3E00 FS:0000 GS:0000 SS:3E00 CF:0 ZF:0 SF:1 OF:0 AF:0 PF:0 IF:0
1688:00000AED  lds  si,bx                                             EAX:00007BE4 EBX:000019AF ECX:0000000A EDX:00000118 ESI:00007BE4 EDI:00000000 EBP:00007BD8 ESP:00007B9E DS:3E00 ES:3E00 FS:0000 GS:0000 SS:3E00 CF:0 ZF:0 SF:1 OF:0 AF:0 PF:0 IF:1
F000:00001060  callback 0003  (default)                               EAX:00007BE4 EBX:000019AF ECX:0000000A EDX:00000118 ESI:00007BE4 EDI:00000000 EBP:00007BD8 ESP:00007B98 DS:3E00 ES:3E00 FS:0000 GS:0000 SS:3E00 CF:0 ZF:0 SF:1 OF:0 AF:0 PF:0 IF:0
F000:00001064  iret                                                   EAX:00007BE4 EBX:000019AF ECX:0000000A EDX:00000118 ESI:00007BE4 EDI:00000000 EBP:00007BD8 ESP:00007B98 DS:3E00 ES:3E00 FS:0000 GS:0000 SS:3E00 CF:0 ZF:0 SF:1 OF:0 AF:0 PF:0 IF:0
1688:00000AED  lds  si,bx                                             EAX:00007BE4 EBX:000019AF ECX:0000000A EDX:00000118 ESI:00007BE4 EDI:00000000 EBP:00007BD8 ESP:00007B9E DS:3E00 ES:3E00 FS:0000 GS:0000 SS:3E00 CF:0 ZF:0 SF:1 OF:0 AF:0 PF:0 IF:1
F000:00001060  callback 0003  (default)                               EAX:00007BE4 EBX:000019AF ECX:0000000A EDX:00000118 ESI:00007BE4 EDI:00000000 EBP:00007BD8 ESP:00007B98 DS:3E00 ES:3E00 FS:0000 GS:0000 SS:3E00 CF:0 ZF:0 SF:1 OF:0 AF:0 PF:0 IF:0
F000:00001064  iret                                                   EAX:00007BE4 EBX:000019AF ECX:0000000A EDX:00000118 ESI:00007BE4 EDI:00000000 EBP:00007BD8 ESP:00007B98 DS:3E00 ES:3E00 FS:0000 GS:0000 SS:3E00 CF:0 ZF:0 SF:1 OF:0 AF:0 PF:0 IF:0
1688:00000AED  lds  si,bx                                             EAX:00007BE4 EBX:000019AF ECX:0000000A EDX:00000118 ESI:00007BE4 EDI:00000000 EBP:00007BD8 ESP:00007B9E DS:3E00 ES:3E00 FS:0000 GS:0000 SS:3E00 CF:0 ZF:0 SF:1 OF:0 AF:0 PF:0 IF:1
F000:00001060  callback 0003  (default)                               EAX:00007BE4 EBX:000019AF ECX:0000000A EDX:00000118 ESI:00007BE4 EDI:00000000 EBP:00007BD8 ESP:00007B98 DS:3E00 ES:3E00 FS:0000 GS:0000 SS:3E00 CF:0 ZF:0 SF:1 OF:0 AF:0 PF:0 IF:0
F000:00001064  iret                                                   EAX:00007BE4 EBX:000019AF ECX:0000000A EDX:00000118 ESI:00007BE4 EDI:00000000 EBP:00007BD8 ESP:00007B98 DS:3E00 ES:3E00 FS:0000 GS:0000 SS:3E00 CF:0 ZF:0 SF:1 OF:0 AF:0 PF:0 IF:0
1688:00000AED  lds  si,bx                                             EAX:00007BE4 EBX:000019AF ECX:0000000A EDX:00000118 ESI:00007BE4 EDI:00000000 EBP:00007BD8 ESP:00007B9E DS:3E00 ES:3E00 FS:0000 GS:0000 SS:3E00 CF:0 ZF:0 SF:1 OF:0 AF:0 PF:0 IF:1
F000:00001060  callback 0003  (default)                               EAX:00007BE4 EBX:000019AF ECX:0000000A EDX:00000118 ESI:00007BE4 EDI:00000000 EBP:00007BD8 ESP:00007B98 DS:3E00 ES:3E00 FS:0000 GS:0000 SS:3E00 CF:0 ZF:0 SF:1 OF:0 AF:0 PF:0 IF:0
F000:00001064  iret                                                   EAX:00007BE4 EBX:000019AF ECX:0000000A EDX:00000118 ESI:00007BE4 EDI:00000000 EBP:00007BD8 ESP:00007B98 DS:3E00 ES:3E00 FS:0000 GS:0000 SS:3E00 CF:0 ZF:0 SF:1 OF:0 AF:0 PF:0 IF:0
1688:00000AED  lds  si,bx                                             EAX:00007BE4 EBX:000019AF ECX:0000000A EDX:00000118 ESI:00007BE4 EDI:00000000 EBP:00007BD8 ESP:00007B9E DS:3E00 ES:3E00 FS:0000 GS:0000 SS:3E00 CF:0 ZF:0 SF:1 OF:0 AF:0 PF:0 IF:1
F000:00001060  callback 0003  (default)                               EAX:00007BE4 EBX:000019AF ECX:0000000A EDX:00000118 ESI:00007BE4 EDI:00000000 EBP:00007BD8 ESP:00007B98 DS:3E00 ES:3E00 FS:0000 GS:0000 SS:3E00 CF:0 ZF:0 SF:1 OF:0 AF:0 PF:0 IF:0
F000:00001064  iret                                                   EAX:00007BE4 EBX:000019AF ECX:0000000A EDX:00000118 ESI:00007BE4 EDI:00000000 EBP:00007BD8 ESP:00007B98 DS:3E00 ES:3E00 FS:0000 GS:0000 SS:3E00 CF:0 ZF:0 SF:1 OF:0 AF:0 PF:0 IF:0
1688:00000AED  lds  si,bx                                             EAX:00007BE4 EBX:000019AF ECX:0000000A EDX:00000118 ESI:00007BE4 EDI:00000000 EBP:00007BD8 ESP:00007B9E DS:3E00 ES:3E00 FS:0000 GS:0000 SS:3E00 CF:0 ZF:0 SF:1 OF:0 AF:0 PF:0 IF:1
F000:00001060  callback 0003  (default)                               EAX:00007BE4 EBX:000019AF ECX:0000000A EDX:00000118 ESI:00007BE4 EDI:00000000 EBP:00007BD8 ESP:00007B98 DS:3E00 ES:3E00 FS:0000 GS:0000 SS:3E00 CF:0 ZF:0 SF:1 OF:0 AF:0 PF:0 IF:0
F000:00001064  iret                                                   EAX:00007BE4 EBX:000019AF ECX:0000000A EDX:00000118 ESI:00007BE4 EDI:00000000 EBP:00007BD8 ESP:00007B98 DS:3E00 ES:3E00 FS:0000 GS:0000 SS:3E00 CF:0 ZF:0 SF:1 OF:0 AF:0 PF:0 IF:0
1688:00000AED  lds  si,bx                                             EAX:00007BE4 EBX:000019AF ECX:0000000A EDX:00000118 ESI:00007BE4 EDI:00000000 EBP:00007BD8 ESP:00007B9E DS:3E00 ES:3E00 FS:0000 GS:0000 SS:3E00 CF:0 ZF:0 SF:1 OF:0 AF:0 PF:0 IF:1
F000:00001060  callback 0003  (default)                               EAX:00007BE4 EBX:000019AF ECX:0000000A EDX:00000118 ESI:00007BE4 EDI:00000000 EBP:00007BD8 ESP:00007B98 DS:3E00 ES:3E00 FS:0000 GS:0000 SS:3E00 CF:0 ZF:0 SF:1 OF:0 AF:0 PF:0 IF:0
F000:00001064  iret                                                   EAX:00007BE4 EBX:000019AF ECX:0000000A EDX:00000118 ESI:00007BE4 EDI:00000000 EBP:00007BD8 ESP:00007B98 DS:3E00 ES:3E00 FS:0000 GS:0000 SS:3E00 CF:0 ZF:0 SF:1 OF:0 AF:0 PF:0 IF:0
1688:00000AED  lds  si,bx                                             EAX:00007BE4 EBX:000019AF ECX:0000000A EDX:00000118 ESI:00007BE4 EDI:00000000 EBP:00007BD8 ESP:00007B9E DS:3E00 ES:3E00 FS:0000 GS:0000 SS:3E00 CF:0 ZF:0 SF:1 OF:0 AF:0 PF:0 IF:1
F000:00001060  callback 0003  (default)                               EAX:00007BE4 EBX:000019AF ECX:0000000A EDX:00000118 ESI:00007BE4 EDI:00000000 EBP:00007BD8 ESP:00007B98 DS:3E00 ES:3E00 FS:0000 GS:0000 SS:3E00 CF:0 ZF:0 SF:1 OF:0 AF:0 PF:0 IF:0
F000:00001064  iret                                                   EAX:00007BE4 EBX:000019AF ECX:0000000A EDX:00000118 ESI:00007BE4 EDI:00000000 EBP:00007BD8 ESP:00007B98 DS:3E00 ES:3E00 FS:0000 GS:0000 SS:3E00 CF:0 ZF:0 SF:1 OF:0 AF:0 PF:0 IF:0
1688:00000AED  lds  si,bx                                             EAX:00007BE4 EBX:000019AF ECX:0000000A EDX:00000118 ESI:00007BE4 EDI:00000000 EBP:00007BD8 ESP:00007B9E DS:3E00 ES:3E00 FS:0000 GS:0000 SS:3E00 CF:0 ZF:0 SF:1 OF:0 AF:0 PF:0 IF:1
F000:00001060  callback 0003  (default)                               EAX:00007BE4 EBX:000019AF ECX:0000000A EDX:00000118 ESI:00007BE4 EDI:00000000 EBP:00007BD8 ESP:00007B98 DS:3E00 ES:3E00 FS:0000 GS:0000 SS:3E00 CF:0 ZF:0 SF:1 OF:0 AF:0 PF:0 IF:0
F000:00001064  iret                                                   EAX:00007BE4 EBX:000019AF ECX:0000000A EDX:00000118 ESI:00007BE4 EDI:00000000 EBP:00007BD8 ESP:00007B98 DS:3E00 ES:3E00 FS:0000 GS:0000 SS:3E00 CF:0 ZF:0 SF:1 OF:0 AF:0 PF:0 IF:0
1688:00000AED  lds  si,bx                                             EAX:00007BE4 EBX:000019AF ECX:0000000A EDX:00000118 ESI:00007BE4 EDI:00000000 EBP:00007BD8 ESP:00007B9E DS:3E00 ES:3E00 FS:0000 GS:0000 SS:3E00 CF:0 ZF:0 SF:1 OF:0 AF:0 PF:0 IF:1
F000:00001060  callback 0003  (default)                               EAX:00007BE4 EBX:000019AF ECX:0000000A EDX:00000118 ESI:00007BE4 EDI:00000000 EBP:00007BD8 ESP:00007B98 DS:3E00 ES:3E00 FS:0000 GS:0000 SS:3E00 CF:0 ZF:0 SF:1 OF:0 AF:0 PF:0 IF:0
F000:00001064  iret                                                   EAX:00007BE4 EBX:000019AF ECX:0000000A EDX:00000118 ESI:00007BE4 EDI:00000000 EBP:00007BD8 ESP:00007B98 DS:3E00 ES:3E00 FS:0000 GS:0000 SS:3E00 CF:0 ZF:0 SF:1 OF:0 AF:0 PF:0 IF:0
1688:00000AED  lds  si,bx                                             EAX:00007BE4 EBX:000019AF ECX:0000000A EDX:00000118 ESI:00007BE4 EDI:00000000 EBP:00007BD8 ESP:00007B9E DS:3E00 ES:3E00 FS:0000 GS:0000 SS:3E00 CF:0 ZF:0 SF:1 OF:0 AF:0 PF:0 IF:1
F000:00001060  callback 0003  (default)                               EAX:00007BE4 EBX:000019AF ECX:0000000A EDX:00000118 ESI:00007BE4 EDI:00000000 EBP:00007BD8 ESP:00007B98 DS:3E00 ES:3E00 FS:0000 GS:0000 SS:3E00 CF:0 ZF:0 SF:1 OF:0 AF:0 PF:0 IF:0
F000:00001064  iret                                                   EAX:00007BE4 EBX:000019AF ECX:0000000A EDX:00000118 ESI:00007BE4 EDI:00000000 EBP:00007BD8 ESP:00007B98 DS:3E00 ES:3E00 FS:0000 GS:0000 SS:3E00 CF:0 ZF:0 SF:1 OF:0 AF:0 PF:0 IF:0
1688:00000AED  lds  si,bx                                             EAX:00007BE4 EBX:000019AF ECX:0000000A EDX:00000118 ESI:00007BE4 EDI:00000000 EBP:00007BD8 ESP:00007B9E DS:3E00 ES:3E00 FS:0000 GS:0000 SS:3E00 CF:0 ZF:0 SF:1 OF:0 AF:0 PF:0 IF:1
F000:00001060  callback 0003  (default)                               EAX:00007BE4 EBX:000019AF ECX:0000000A EDX:00000118 ESI:00007BE4 EDI:00000000 EBP:00007BD8 ESP:00007B98 DS:3E00 ES:3E00 FS:0000 GS:0000 SS:3E00 CF:0 ZF:0 SF:1 OF:0 AF:0 PF:0 IF:0
F000:00001064  iret                                                   EAX:00007BE4 EBX:000019AF ECX:0000000A EDX:00000118 ESI:00007BE4 EDI:00000000 EBP:00007BD8 ESP:00007B98 DS:3E00 ES:3E00 FS:0000 GS:0000 SS:3E00 CF:0 ZF:0 SF:1 OF:0 AF:0 PF:0 IF:0
1688:00000AED  lds  si,bx                                             EAX:00007BE4 EBX:000019AF ECX:0000000A EDX:00000118 ESI:00007BE4 EDI:00000000 EBP:00007BD8 ESP:00007B9E DS:3E00 ES:3E00 FS:0000 GS:0000 SS:3E00 CF:0 ZF:0 SF:1 OF:0 AF:0 PF:0 IF:1
F000:00001060  callback 0003  (default)                               EAX:00007BE4 EBX:000019AF ECX:0000000A EDX:00000118 ESI:00007BE4 EDI:00000000 EBP:00007BD8 ESP:00007B98 DS:3E00 ES:3E00 FS:0000 GS:0000 SS:3E00 CF:0 ZF:0 SF:1 OF:0 AF:0 PF:0 IF:0
F000:00001064  iret                                                   EAX:00007BE4 EBX:000019AF ECX:0000000A EDX:00000118 ESI:00007BE4 EDI:00000000 EBP:00007BD8 ESP:00007B98 DS:3E00 ES:3E00 FS:0000 GS:0000 SS:3E00 CF:0 ZF:0 SF:1 OF:0 AF:0 PF:0 IF:0
1688:00000AED  lds  si,bx                                             EAX:00007BE4 EBX:000019AF ECX:0000000A EDX:00000118 ESI:00007BE4 EDI:00000000 EBP:00007BD8 ESP:00007B9E DS:3E00 ES:3E00 FS:0000 GS:0000 SS:3E00 CF:0 ZF:0 SF:1 OF:0 AF:0 PF:0 IF:1
F000:00001060  callback 0003  (default)                               EAX:00007BE4 EBX:000019AF ECX:0000000A EDX:00000118 ESI:00007BE4 EDI:00000000 EBP:00007BD8 ESP:00007B98 DS:3E00 ES:3E00 FS:0000 GS:0000 SS:3E00 CF:0 ZF:0 SF:1 OF:0 AF:0 PF:0 IF:0
F000:00001064  iret                                                   EAX:00007BE4 EBX:000019AF ECX:0000000A EDX:00000118 ESI:00007BE4 EDI:00000000 EBP:00007BD8 ESP:00007B98 DS:3E00 ES:3E00 FS:0000 GS:0000 SS:3E00 CF:0 ZF:0 SF:1 OF:0 AF:0 PF:0 IF:0
1688:00000AED  lds  si,bx                                             EAX:00007BE4 EBX:000019AF ECX:0000000A EDX:00000118 ESI:00007BE4 EDI:00000000 EBP:00007BD8 ESP:00007B9E DS:3E00 ES:3E00 FS:0000 GS:0000 SS:3E00 CF:0 ZF:0 SF:1 OF:0 AF:0 PF:0 IF:1
F000:00001060  callback 0003  (default)                               EAX:00007BE4 EBX:000019AF ECX:0000000A EDX:00000118 ESI:00007BE4 EDI:00000000 EBP:00007BD8 ESP:00007B98 DS:3E00 ES:3E00 FS:0000 GS:0000 SS:3E00 CF:0 ZF:0 SF:1 OF:0 AF:0 PF:0 IF:0
F000:00001064  iret                                                   EAX:00007BE4 EBX:000019AF ECX:0000000A EDX:00000118 ESI:00007BE4 EDI:00000000 EBP:00007BD8 ESP:00007B98 DS:3E00 ES:3E00 FS:0000 GS:0000 SS:3E00 CF:0 ZF:0 SF:1 OF:0 AF:0 PF:0 IF:0
1688:00000AED  lds  si,bx                                             EAX:00007BE4 EBX:000019AF ECX:0000000A EDX:00000118 ESI:00007BE4 EDI:00000000 EBP:00007BD8 ESP:00007B9E DS:3E00 ES:3E00 FS:0000 GS:0000 SS:3E00 CF:0 ZF:0 SF:1 OF:0 AF:0 PF:0 IF:1
F000:00001060  callback 0003  (default)                               EAX:00007BE4 EBX:000019AF ECX:0000000A EDX:00000118 ESI:00007BE4 EDI:00000000 EBP:00007BD8 ESP:00007B98 DS:3E00 ES:3E00 FS:0000 GS:0000 SS:3E00 CF:0 ZF:0 SF:1 OF:0 AF:0 PF:0 IF:0
F000:00001064  iret                                                   EAX:00007BE4 EBX:000019AF ECX:0000000A EDX:00000118 ESI:00007BE4 EDI:00000000 EBP:00007BD8 ESP:00007B98 DS:3E00 ES:3E00 FS:0000 GS:0000 SS:3E00 CF:0 ZF:0 SF:1 OF:0 AF:0 PF:0 IF:0
1688:00000AED  lds  si,bx                                             EAX:00007BE4 EBX:000019AF ECX:0000000A EDX:00000118 ESI:00007BE4 EDI:00000000 EBP:00007BD8 ESP:00007B9E DS:3E00 ES:3E00 FS:0000 GS:0000 SS:3E00 CF:0 ZF:0 SF:1 OF:0 AF:0 PF:0 IF:1
F000:00001060  callback 0003  (default)                               EAX:00007BE4 EBX:000019AF ECX:0000000A EDX:00000118 ESI:00007BE4 EDI:00000000 EBP:00007BD8 ESP:00007B98 DS:3E00 ES:3E00 FS:0000 GS:0000 SS:3E00 CF:0 ZF:0 SF:1 OF:0 AF:0 PF:0 IF:0
F000:00001064  iret                                                   EAX:00007BE4 EBX:000019AF ECX:0000000A EDX:00000118 ESI:00007BE4 EDI:00000000 EBP:00007BD8 ESP:00007B98 DS:3E00 ES:3E00 FS:0000 GS:0000 SS:3E00 CF:0 ZF:0 SF:1 OF:0 AF:0 PF:0 IF:0
1688:00000AED  lds  si,bx                                             EAX:00007BE4 EBX:000019AF ECX:0000000A EDX:00000118 ESI:00007BE4 EDI:00000000 EBP:00007BD8 ESP:00007B9E DS:3E00 ES:3E00 FS:0000 GS:0000 SS:3E00 CF:0 ZF:0 SF:1 OF:0 AF:0 PF:0 IF:1
F000:00001060  callback 0003  (default)                               EAX:00007BE4 EBX:000019AF ECX:0000000A EDX:00000118 ESI:00007BE4 EDI:00000000 EBP:00007BD8 ESP:00007B98 DS:3E00 ES:3E00 FS:0000 GS:0000 SS:3E00 CF:0 ZF:0 SF:1 OF:0 AF:0 PF:0 IF:0
F000:00001064  iret                                                   EAX:00007BE4 EBX:000019AF ECX:0000000A EDX:00000118 ESI:00007BE4 EDI:00000000 EBP:00007BD8 ESP:00007B98 DS:3E00 ES:3E00 FS:0000 GS:0000 SS:3E00 CF:0 ZF:0 SF:1 OF:0 AF:0 PF:0 IF:0
1688:00000AED  lds  si,bx                                             EAX:00007BE4 EBX:000019AF ECX:0000000A EDX:00000118 ESI:00007BE4 EDI:00000000 EBP:00007BD8 ESP:00007B9E DS:3E00 ES:3E00 FS:0000 GS:0000 SS:3E00 CF:0 ZF:0 SF:1 OF:0 AF:0 PF:0 IF:1
F000:00001060  callback 0003  (default)                               EAX:00007BE4 EBX:000019AF ECX:0000000A EDX:00000118 ESI:00007BE4 EDI:00000000 EBP:00007BD8 ESP:00007B98 DS:3E00 ES:3E00 FS:0000 GS:0000 SS:3E00 CF:0 ZF:0 SF:1 OF:0 AF:0 PF:0 IF:0
F000:00001064  iret                                                   EAX:00007BE4 EBX:000019AF ECX:0000000A EDX:00000118 ESI:00007BE4 EDI:00000000 EBP:00007BD8 ESP:00007B98 DS:3E00 ES:3E00 FS:0000 GS:0000 SS:3E00 CF:0 ZF:0 SF:1 OF:0 AF:0 PF:0 IF:0
1688:00000AED  lds  si,bx                                             EAX:00007BE4 EBX:000019AF ECX:0000000A EDX:00000118 ESI:00007BE4 EDI:00000000 EBP:00007BD8 ESP:00007B9E DS:3E00 ES:3E00 FS:0000 GS:0000 SS:3E00 CF:0 ZF:0 SF:1 OF:0 AF:0 PF:0 IF:1
F000:00001060  callback 0003  (default)                               EAX:00007BE4 EBX:000019AF ECX:0000000A EDX:00000118 ESI:00007BE4 EDI:00000000 EBP:00007BD8 ESP:00007B98 DS:3E00 ES:3E00 FS:0000 GS:0000 SS:3E00 CF:0 ZF:0 SF:1 OF:0 AF:0 PF:0 IF:0
F000:00001064  iret                                                   EAX:00007BE4 EBX:000019AF ECX:0000000A EDX:00000118 ESI:00007BE4 EDI:00000000 EBP:00007BD8 ESP:00007B98 DS:3E00 ES:3E00 FS:0000 GS:0000 SS:3E00 CF:0 ZF:0 SF:1 OF:0 AF:0 PF:0 IF:0
1688:00000AED  lds  si,bx                                             EAX:00007BE4 EBX:000019AF ECX:0000000A EDX:00000118 ESI:00007BE4 EDI:00000000 EBP:00007BD8 ESP:00007B9E DS:3E00 ES:3E00 FS:0000 GS:0000 SS:3E00 CF:0 ZF:0 SF:1 OF:0 AF:0 PF:0 IF:1
F000:00001060  callback 0003  (default)                               EAX:00007BE4 EBX:000019AF ECX:0000000A EDX:00000118 ESI:00007BE4 EDI:00000000 EBP:00007BD8 ESP:00007B98 DS:3E00 ES:3E00 FS:0000 GS:0000 SS:3E00 CF:0 ZF:0 SF:1 OF:0 AF:0 PF:0 IF:0
F000:00001064  iret                                                   EAX:00007BE4 EBX:000019AF ECX:0000000A EDX:00000118 ESI:00007BE4 EDI:00000000 EBP:00007BD8 ESP:00007B98 DS:3E00 ES:3E00 FS:0000 GS:0000 SS:3E00 CF:0 ZF:0 SF:1 OF:0 AF:0 PF:0 IF:0
1688:00000AED  lds  si,bx                                             EAX:00007BE4 EBX:000019AF ECX:0000000A EDX:00000118 ESI:00007BE4 EDI:00000000 EBP:00007BD8 ESP:00007B9E DS:3E00 ES:3E00 FS:0000 GS:0000 SS:3E00 CF:0 ZF:0 SF:1 OF:0 AF:0 PF:0 IF:1
F000:00001060  callback 0003  (default)                               EAX:00007BE4 EBX:000019AF ECX:0000000A EDX:00000118 ESI:00007BE4 EDI:00000000 EBP:00007BD8 ESP:00007B98 DS:3E00 ES:3E00 FS:0000 GS:0000 SS:3E00 CF:0 ZF:0 SF:1 OF:0 AF:0 PF:0 IF:0
F000:00001064  iret                                                   EAX:00007BE4 EBX:000019AF ECX:0000000A EDX:00000118 ESI:00007BE4 EDI:00000000 EBP:00007BD8 ESP:00007B98 DS:3E00 ES:3E00 FS:0000 GS:0000 SS:3E00 CF:0 ZF:0 SF:1 OF:0 AF:0 PF:0 IF:0
1688:00000AED  lds  si,bx                                             EAX:00007BE4 EBX:000019AF ECX:0000000A EDX:00000118 ESI:00007BE4 EDI:00000000 EBP:00007BD8 ESP:00007B9E DS:3E00 ES:3E00 FS:0000 GS:0000 SS:3E00 CF:0 ZF:0 SF:1 OF:0 AF:0 PF:0 IF:1
F000:00001060  callback 0003  (default)                               EAX:00007BE4 EBX:000019AF ECX:0000000A EDX:00000118 ESI:00007BE4 EDI:00000000 EBP:00007BD8 ESP:00007B98 DS:3E00 ES:3E00 FS:0000 GS:0000 SS:3E00 CF:0 ZF:0 SF:1 OF:0 AF:0 PF:0 IF:0
F000:00001064  iret                                                   EAX:00007BE4 EBX:000019AF ECX:0000000A EDX:00000118 ESI:00007BE4 EDI:00000000 EBP:00007BD8 ESP:00007B98 DS:3E00 ES:3E00 FS:0000 GS:0000 SS:3E00 CF:0 ZF:0 SF:1 OF:0 AF:0 PF:0 IF:0
1688:00000AED  lds  si,bx                                             EAX:00007BE4 EBX:000019AF ECX:0000000A EDX:00000118 ESI:00007BE4 EDI:00000000 EBP:00007BD8 ESP:00007B9E DS:3E00 ES:3E00 FS:0000 GS:0000 SS:3E00 CF:0 ZF:0 SF:1 OF:0 AF:0 PF:0 IF:1
F000:00001060  callback 0003  (default)                               EAX:00007BE4 EBX:000019AF ECX:0000000A EDX:00000118 ESI:00007BE4 EDI:00000000 EBP:00007BD8 ESP:00007B98 DS:3E00 ES:3E00 FS:0000 GS:0000 SS:3E00 CF:0 ZF:0 SF:1 OF:0 AF:0 PF:0 IF:0
F000:00001064  iret                                                   EAX:00007BE4 EBX:000019AF ECX:0000000A EDX:00000118 ESI:00007BE4 EDI:00000000 EBP:00007BD8 ESP:00007B98 DS:3E00 ES:3E00 FS:0000 GS:0000 SS:3E00 CF:0 ZF:0 SF:1 OF:0 AF:0 PF:0 IF:0
1688:00000AED  lds  si,bx                                             EAX:00007BE4 EBX:000019AF ECX:0000000A EDX:00000118 ESI:00007BE4 EDI:00000000 EBP:00007BD8 ESP:00007B9E DS:3E00 ES:3E00 FS:0000 GS:0000 SS:3E00 CF:0 ZF:0 SF:1 OF:0 AF:0 PF:0 IF:1
F000:00001060  callback 0003  (default)                               EAX:00007BE4 EBX:000019AF ECX:0000000A EDX:00000118 ESI:00007BE4 EDI:00000000 EBP:00007BD8 ESP:00007B98 DS:3E00 ES:3E00 FS:0000 GS:0000 SS:3E00 CF:0 ZF:0 SF:1 OF:0 AF:0 PF:0 IF:0
F000:00001064  iret                                                   EAX:00007BE4 EBX:000019AF ECX:0000000A EDX:00000118 ESI:00007BE4 EDI:00000000 EBP:00007BD8 ESP:00007B98 DS:3E00 ES:3E00 FS:0000 GS:0000 SS:3E00 CF:0 ZF:0 SF:1 OF:0 AF:0 PF:0 IF:0
1688:00000AED  lds  si,bx                                             EAX:00007BE4 EBX:000019AF ECX:0000000A EDX:00000118 ESI:00007BE4 EDI:00000000 EBP:00007BD8 ESP:00007B9E DS:3E00 ES:3E00 FS:0000 GS:0000 SS:3E00 CF:0 ZF:0 SF:1 OF:0 AF:0 PF:0 IF:1
F000:00001060  callback 0003  (default)                               EAX:00007BE4 EBX:000019AF ECX:0000000A EDX:00000118 ESI:00007BE4 EDI:00000000 EBP:00007BD8 ESP:00007B98 DS:3E00 ES:3E00 FS:0000 GS:0000 SS:3E00 CF:0 ZF:0 SF:1 OF:0 AF:0 PF:0 IF:0
F000:00001064  iret                                                   EAX:00007BE4 EBX:000019AF ECX:0000000A EDX:00000118 ESI:00007BE4 EDI:00000000 EBP:00007BD8 ESP:00007B98 DS:3E00 ES:3E00 FS:0000 GS:0000 SS:3E00 CF:0 ZF:0 SF:1 OF:0 AF:0 PF:0 IF:0
1688:00000AED  lds  si,bx                                             EAX:00007BE4 EBX:000019AF ECX:0000000A EDX:00000118 ESI:00007BE4 EDI:00000000 EBP:00007BD8 ESP:00007B9E DS:3E00 ES:3E00 FS:0000 GS:0000 SS:3E00 CF:0 ZF:0 SF:1 OF:0 AF:0 PF:0 IF:1
F000:00001060  callback 0003  (default)                               EAX:00007BE4 EBX:000019AF ECX:0000000A EDX:00000118 ESI:00007BE4 EDI:00000000 EBP:00007BD8 ESP:00007B98 DS:3E00 ES:3E00 FS:0000 GS:0000 SS:3E00 CF:0 ZF:0 SF:1 OF:0 AF:0 PF:0 IF:0
F000:00001064  iret                                                   EAX:00007BE4 EBX:000019AF ECX:0000000A EDX:00000118 ESI:00007BE4 EDI:00000000 EBP:00007BD8 ESP:00007B98 DS:3E00 ES:3E00 FS:0000 GS:0000 SS:3E00 CF:0 ZF:0 SF:1 OF:0 AF:0 PF:0 IF:0
1688:00000AED  lds  si,bx                                             EAX:00007BE4 EBX:000019AF ECX:0000000A EDX:00000118 ESI:00007BE4 EDI:00000000 EBP:00007BD8 ESP:00007B9E DS:3E00 ES:3E00 FS:0000 GS:0000 SS:3E00 CF:0 ZF:0 SF:1 OF:0 AF:0 PF:0 IF:1
F000:00001060  callback 0003  (default)                               EAX:00007BE4 EBX:000019AF ECX:0000000A EDX:00000118 ESI:00007BE4 EDI:00000000 EBP:00007BD8 ESP:00007B98 DS:3E00 ES:3E00 FS:0000 GS:0000 SS:3E00 CF:0 ZF:0 SF:1 OF:0 AF:0 PF:0 IF:0
F000:00001064  iret                                                   EAX:00007BE4 EBX:000019AF ECX:0000000A EDX:00000118 ESI:00007BE4 EDI:00000000 EBP:00007BD8 ESP:00007B98 DS:3E00 ES:3E00 FS:0000 GS:0000 SS:3E00 CF:0 ZF:0 SF:1 OF:0 AF:0 PF:0 IF:0
1688:00000AED  lds  si,bx                                             EAX:00007BE4 EBX:000019AF ECX:0000000A EDX:00000118 ESI:00007BE4 EDI:00000000 EBP:00007BD8 ESP:00007B9E DS:3E00 ES:3E00 FS:0000 GS:0000 SS:3E00 CF:0 ZF:0 SF:1 OF:0 AF:0 PF:0 IF:1
F000:00001060  callback 0003  (default)                               EAX:00007BE4 EBX:000019AF ECX:0000000A EDX:00000118 ESI:00007BE4 EDI:00000000 EBP:00007BD8 ESP:00007B98 DS:3E00 ES:3E00 FS:0000 GS:0000 SS:3E00 CF:0 ZF:0 SF:1 OF:0 AF:0 PF:0 IF:0
F000:00001064  iret                                                   EAX:00007BE4 EBX:000019AF ECX:0000000A EDX:00000118 ESI:00007BE4 EDI:00000000 EBP:00007BD8 ESP:00007B98 DS:3E00 ES:3E00 FS:0000 GS:0000 SS:3E00 CF:0 ZF:0 SF:1 OF:0 AF:0 PF:0 IF:0
1688:00000AED  lds  si,bx                                             EAX:00007BE4 EBX:000019AF ECX:0000000A EDX:00000118 ESI:00007BE4 EDI:00000000 EBP:00007BD8 ESP:00007B9E DS:3E00 ES:3E00 FS:0000 GS:0000 SS:3E00 CF:0 ZF:0 SF:1 OF:0 AF:0 PF:0 IF:1
F000:00001060  callback 0003  (default)                               EAX:00007BE4 EBX:000019AF ECX:0000000A EDX:00000118 ESI:00007BE4 EDI:00000000 EBP:00007BD8 ESP:00007B98 DS:3E00 ES:3E00 FS:0000 GS:0000 SS:3E00 CF:0 ZF:0 SF:1 OF:0 AF:0 PF:0 IF:0
F000:00001064  iret                                                   EAX:00007BE4 EBX:000019AF ECX:0000000A EDX:00000118 ESI:00007BE4 EDI:00000000 EBP:00007BD8 ESP:00007B98 DS:3E00 ES:3E00 FS:0000 GS:0000 SS:3E00 CF:0 ZF:0 SF:1 OF:0 AF:0 PF:0 IF:0
1688:00000AED  lds  si,bx                                             EAX:00007BE4 EBX:000019AF ECX:0000000A EDX:00000118 ESI:00007BE4 EDI:00000000 EBP:00007BD8 ESP:00007B9E DS:3E00 ES:3E00 FS:0000 GS:0000 SS:3E00 CF:0 ZF:0 SF:1 OF:0 AF:0 PF:0 IF:1
F000:00001060  callback 0003  (default)                               EAX:00007BE4 EBX:000019AF ECX:0000000A EDX:00000118 ESI:00007BE4 EDI:00000000 EBP:00007BD8 ESP:00007B98 DS:3E00 ES:3E00 FS:0000 GS:0000 SS:3E00 CF:0 ZF:0 SF:1 OF:0 AF:0 PF:0 IF:0
F000:00001064  iret                                                   EAX:00007BE4 EBX:000019AF ECX:0000000A EDX:00000118 ESI:00007BE4 EDI:00000000 EBP:00007BD8 ESP:00007B98 DS:3E00 ES:3E00 FS:0000 GS:0000 SS:3E00 CF:0 ZF:0 SF:1 OF:0 AF:0 PF:0 IF:0
1688:00000AED  lds  si,bx                                             EAX:00007BE4 EBX:000019AF ECX:0000000A EDX:00000118 ESI:00007BE4 EDI:00000000 EBP:00007BD8 ESP:00007B9E DS:3E00 ES:3E00 FS:0000 GS:0000 SS:3E00 CF:0 ZF:0 SF:1 OF:0 AF:0 PF:0 IF:1
F000:00001060  callback 0003  (default)                               EAX:00007BE4 EBX:000019AF ECX:0000000A EDX:00000118 ESI:00007BE4 EDI:00000000 EBP:00007BD8 ESP:00007B98 DS:3E00 ES:3E00 FS:0000 GS:0000 SS:3E00 CF:0 ZF:0 SF:1 OF:0 AF:0 PF:0 IF:0
F000:00001064  iret                                                   EAX:00007BE4 EBX:000019AF ECX:0000000A EDX:00000118 ESI:00007BE4 EDI:00000000 EBP:00007BD8 ESP:00007B98 DS:3E00 ES:3E00 FS:0000 GS:0000 SS:3E00 CF:0 ZF:0 SF:1 OF:0 AF:0 PF:0 IF:0
1688:00000AED  lds  si,bx                                             EAX:00007BE4 EBX:000019AF ECX:0000000A EDX:00000118 ESI:00007BE4 EDI:00000000 EBP:00007BD8 ESP:00007B9E DS:3E00 ES:3E00 FS:0000 GS:0000 SS:3E00 CF:0 ZF:0 SF:1 OF:0 AF:0 PF:0 IF:1
F000:00001060  callback 0003  (default)                               EAX:00007BE4 EBX:000019AF ECX:0000000A EDX:00000118 ESI:00007BE4 EDI:00000000 EBP:00007BD8 ESP:00007B98 DS:3E00 ES:3E00 FS:0000 GS:0000 SS:3E00 CF:0 ZF:0 SF:1 OF:0 AF:0 PF:0 IF:0
F000:00001064  iret                                                   EAX:00007BE4 EBX:000019AF ECX:0000000A EDX:00000118 ESI:00007BE4 EDI:00000000 EBP:00007BD8 ESP:00007B98 DS:3E00 ES:3E00 FS:0000 GS:0000 SS:3E00 CF:0 ZF:0 SF:1 OF:0 AF:0 PF:0 IF:0
1688:00000AED  lds  si,bx                                             EAX:00007BE4 EBX:000019AF ECX:0000000A EDX:00000118 ESI:00007BE4 EDI:00000000 EBP:00007BD8 ESP:00007B9E DS:3E00 ES:3E00 FS:0000 GS:0000 SS:3E00 CF:0 ZF:0 SF:1 OF:0 AF:0 PF:0 IF:1
F000:00001060  callback 0003  (default)                               EAX:00007BE4 EBX:000019AF ECX:0000000A EDX:00000118 ESI:00007BE4 EDI:00000000 EBP:00007BD8 ESP:00007B98 DS:3E00 ES:3E00 FS:0000 GS:0000 SS:3E00 CF:0 ZF:0 SF:1 OF:0 AF:0 PF:0 IF:0
F000:00001064  iret                                                   EAX:00007BE4 EBX:000019AF ECX:0000000A EDX:00000118 ESI:00007BE4 EDI:00000000 EBP:00007BD8 ESP:00007B98 DS:3E00 ES:3E00 FS:0000 GS:0000 SS:3E00 CF:0 ZF:0 SF:1 OF:0 AF:0 PF:0 IF:0
1688:00000AED  lds  si,bx                                             EAX:00007BE4 EBX:000019AF ECX:0000000A EDX:00000118 ESI:00007BE4 EDI:00000000 EBP:00007BD8 ESP:00007B9E DS:3E00 ES:3E00 FS:0000 GS:0000 SS:3E00 CF:0 ZF:0 SF:1 OF:0 AF:0 PF:0 IF:1
F000:00001060  callback 0003  (default)                               EAX:00007BE4 EBX:000019AF ECX:0000000A EDX:00000118 ESI:00007BE4 EDI:00000000 EBP:00007BD8 ESP:00007B98 DS:3E00 ES:3E00 FS:0000 GS:0000 SS:3E00 CF:0 ZF:0 SF:1 OF:0 AF:0 PF:0 IF:0
F000:00001064  iret                                                   EAX:00007BE4 EBX:000019AF ECX:0000000A EDX:00000118 ESI:00007BE4 EDI:00000000 EBP:00007BD8 ESP:00007B98 DS:3E00 ES:3E00 FS:0000 GS:0000 SS:3E00 CF:0 ZF:0 SF:1 OF:0 AF:0 PF:0 IF:0
1688:00000AED  lds  si,bx                                             EAX:00007BE4 EBX:000019AF ECX:0000000A EDX:00000118 ESI:00007BE4 EDI:00000000 EBP:00007BD8 ESP:00007B9E DS:3E00 ES:3E00 FS:0000 GS:0000 SS:3E00 CF:0 ZF:0 SF:1 OF:0 AF:0 PF:0 IF:1
F000:00001060  callback 0003  (default)                               EAX:00007BE4 EBX:000019AF ECX:0000000A EDX:00000118 ESI:00007BE4 EDI:00000000 EBP:00007BD8 ESP:00007B98 DS:3E00 ES:3E00 FS:0000 GS:0000 SS:3E00 CF:0 ZF:0 SF:1 OF:0 AF:0 PF:0 IF:0
F000:00001064  iret                                                   EAX:00007BE4 EBX:000019AF ECX:0000000A EDX:00000118 ESI:00007BE4 EDI:00000000 EBP:00007BD8 ESP:00007B98 DS:3E00 ES:3E00 FS:0000 GS:0000 SS:3E00 CF:0 ZF:0 SF:1 OF:0 AF:0 PF:0 IF:0
1688:00000AED  lds  si,bx                                             EAX:00007BE4 EBX:000019AF ECX:0000000A EDX:00000118 ESI:00007BE4 EDI:00000000 EBP:00007BD8 ESP:00007B9E DS:3E00 ES:3E00 FS:0000 GS:0000 SS:3E00 CF:0 ZF:0 SF:1 OF:0 AF:0 PF:0 IF:1
F000:00001060  callback 0003  (default)                               EAX:00007BE4 EBX:000019AF ECX:0000000A EDX:00000118 ESI:00007BE4 EDI:00000000 EBP:00007BD8 ESP:00007B98 DS:3E00 ES:3E00 FS:0000 GS:0000 SS:3E00 CF:0 ZF:0 SF:1 OF:0 AF:0 PF:0 IF:0
F000:00001064  iret                                                   EAX:00007BE4 EBX:000019AF ECX:0000000A EDX:00000118 ESI:00007BE4 EDI:00000000 EBP:00007BD8 ESP:00007B98 DS:3E00 ES:3E00 FS:0000 GS:0000 SS:3E00 CF:0 ZF:0 SF:1 OF:0 AF:0 PF:0 IF:0
1688:00000AED  lds  si,bx                                             EAX:00007BE4 EBX:000019AF ECX:0000000A EDX:00000118 ESI:00007BE4 EDI:00000000 EBP:00007BD8 ESP:00007B9E DS:3E00 ES:3E00 FS:0000 GS:0000 SS:3E00 CF:0 ZF:0 SF:1 OF:0 AF:0 PF:0 IF:1
F000:00001060  callback 0003  (default)                               EAX:00007BE4 EBX:000019AF ECX:0000000A EDX:00000118 ESI:00007BE4 EDI:00000000 EBP:00007BD8 ESP:00007B98 DS:3E00 ES:3E00 FS:0000 GS:0000 SS:3E00 CF:0 ZF:0 SF:1 OF:0 AF:0 PF:0 IF:0
F000:00001064  iret                                                   EAX:00007BE4 EBX:000019AF ECX:0000000A EDX:00000118 ESI:00007BE4 EDI:00000000 EBP:00007BD8 ESP:00007B98 DS:3E00 ES:3E00 FS:0000 GS:0000 SS:3E00 CF:0 ZF:0 SF:1 OF:0 AF:0 PF:0 IF:0
1688:00000AED  lds  si,bx                                             EAX:00007BE4 EBX:000019AF ECX:0000000A EDX:00000118 ESI:00007BE4 EDI:00000000 EBP:00007BD8 ESP:00007B9E DS:3E00 ES:3E00 FS:0000 GS:0000 SS:3E00 CF:0 ZF:0 SF:1 OF:0 AF:0 PF:0 IF:1
F000:00001060  callback 0003  (default)                               EAX:00007BE4 EBX:000019AF ECX:0000000A EDX:00000118 ESI:00007BE4 EDI:00000000 EBP:00007BD8 ESP:00007B98 DS:3E00 ES:3E00 FS:0000 GS:0000 SS:3E00 CF:0 ZF:0 SF:1 OF:0 AF:0 PF:0 IF:0
F000:00001064  iret                                                   EAX:00007BE4 EBX:000019AF ECX:0000000A EDX:00000118 ESI:00007BE4 EDI:00000000 EBP:00007BD8 ESP:00007B98 DS:3E00 ES:3E00 FS:0000 GS:0000 SS:3E00 CF:0 ZF:0 SF:1 OF:0 AF:0 PF:0 IF:0
1688:00000AED  lds  si,bx                                             EAX:00007BE4 EBX:000019AF ECX:0000000A EDX:00000118 ESI:00007BE4 EDI:00000000 EBP:00007BD8 ESP:00007B9E DS:3E00 ES:3E00 FS:0000 GS:0000 SS:3E00 CF:0 ZF:0 SF:1 OF:0 AF:0 PF:0 IF:1
F000:00001060  callback 0003  (default)                               EAX:00007BE4 EBX:000019AF ECX:0000000A EDX:00000118 ESI:00007BE4 EDI:00000000 EBP:00007BD8 ESP:00007B98 DS:3E00 ES:3E00 FS:0000 GS:0000 SS:3E00 CF:0 ZF:0 SF:1 OF:0 AF:0 PF:0 IF:0
F000:00001064  iret                                                   EAX:00007BE4 EBX:000019AF ECX:0000000A EDX:00000118 ESI:00007BE4 EDI:00000000 EBP:00007BD8 ESP:00007B98 DS:3E00 ES:3E00 FS:0000 GS:0000 SS:3E00 CF:0 ZF:0 SF:1 OF:0 AF:0 PF:0 IF:0
1688:00000AED  lds  si,bx                                             EAX:00007BE4 EBX:000019AF ECX:0000000A EDX:00000118 ESI:00007BE4 EDI:00000000 EBP:00007BD8 ESP:00007B9E DS:3E00 ES:3E00 FS:0000 GS:0000 SS:3E00 CF:0 ZF:0 SF:1 OF:0 AF:0 PF:0 IF:1
F000:00001060  callback 0003  (default)                               EAX:00007BE4 EBX:000019AF ECX:0000000A EDX:00000118 ESI:00007BE4 EDI:00000000 EBP:00007BD8 ESP:00007B98 DS:3E00 ES:3E00 FS:0000 GS:0000 SS:3E00 CF:0 ZF:0 SF:1 OF:0 AF:0 PF:0 IF:0
F000:00001064  iret                                                   EAX:00007BE4 EBX:000019AF ECX:0000000A EDX:00000118 ESI:00007BE4 EDI:00000000 EBP:00007BD8 ESP:00007B98 DS:3E00 ES:3E00 FS:0000 GS:0000 SS:3E00 CF:0 ZF:0 SF:1 OF:0 AF:0 PF:0 IF:0
1688:00000AED  lds  si,bx                                             EAX:00007BE4 EBX:000019AF ECX:0000000A EDX:00000118 ESI:00007BE4 EDI:00000000 EBP:00007BD8 ESP:00007B9E DS:3E00 ES:3E00 FS:0000 GS:0000 SS:3E00 CF:0 ZF:0 SF:1 OF:0 AF:0 PF:0 IF:1
F000:00001060  callback 0003  (default)                               EAX:00007BE4 EBX:000019AF ECX:0000000A EDX:00000118 ESI:00007BE4 EDI:00000000 EBP:00007BD8 ESP:00007B98 DS:3E00 ES:3E00 FS:0000 GS:0000 SS:3E00 CF:0 ZF:0 SF:1 OF:0 AF:0 PF:0 IF:0
F000:00001064  iret                                                   EAX:00007BE4 EBX:000019AF ECX:0000000A EDX:00000118 ESI:00007BE4 EDI:00000000 EBP:00007BD8 ESP:00007B98 DS:3E00 ES:3E00 FS:0000 GS:0000 SS:3E00 CF:0 ZF:0 SF:1 OF:0 AF:0 PF:0 IF:0
1688:00000AED  lds  si,bx                                             EAX:00007BE4 EBX:000019AF ECX:0000000A EDX:00000118 ESI:00007BE4 EDI:00000000 EBP:00007BD8 ESP:00007B9E DS:3E00 ES:3E00 FS:0000 GS:0000 SS:3E00 CF:0 ZF:0 SF:1 OF:0 AF:0 PF:0 IF:1
F000:00001060  callback 0003  (default)                               EAX:00007BE4 EBX:000019AF ECX:0000000A EDX:00000118 ESI:00007BE4 EDI:00000000 EBP:00007BD8 ESP:00007B98 DS:3E00 ES:3E00 FS:0000 GS:0000 SS:3E00 CF:0 ZF:0 SF:1 OF:0 AF:0 PF:0 IF:0
F000:00001064  iret                                                   EAX:00007BE4 EBX:000019AF ECX:0000000A EDX:00000118 ESI:00007BE4 EDI:00000000 EBP:00007BD8 ESP:00007B98 DS:3E00 ES:3E00 FS:0000 GS:0000 SS:3E00 CF:0 ZF:0 SF:1 OF:0 AF:0 PF:0 IF:0
1688:00000AED  lds  si,bx                                             EAX:00007BE4 EBX:000019AF ECX:0000000A EDX:00000118 ESI:00007BE4 EDI:00000000 EBP:00007BD8 ESP:00007B9E DS:3E00 ES:3E00 FS:0000 GS:0000 SS:3E00 CF:0 ZF:0 SF:1 OF:0 AF:0 PF:0 IF:1
F000:00001060  callback 0003  (default)                               EAX:00007BE4 EBX:000019AF ECX:0000000A EDX:00000118 ESI:00007BE4 EDI:00000000 EBP:00007BD8 ESP:00007B98 DS:3E00 ES:3E00 FS:0000 GS:0000 SS:3E00 CF:0 ZF:0 SF:1 OF:0 AF:0 PF:0 IF:0
F000:00001064  iret                                                   EAX:00007BE4 EBX:000019AF ECX:0000000A EDX:00000118 ESI:00007BE4 EDI:00000000 EBP:00007BD8 ESP:00007B98 DS:3E00 ES:3E00 FS:0000 GS:0000 SS:3E00 CF:0 ZF:0 SF:1 OF:0 AF:0 PF:0 IF:0
1688:00000AED  lds  si,bx                                             EAX:00007BE4 EBX:000019AF ECX:0000000A EDX:00000118 ESI:00007BE4 EDI:00000000 EBP:00007BD8 ESP:00007B9E DS:3E00 ES:3E00 FS:0000 GS:0000 SS:3E00 CF:0 ZF:0 SF:1 OF:0 AF:0 PF:0 IF:1
F000:00001060  callback 0003  (default)                               EAX:00007BE4 EBX:000019AF ECX:0000000A EDX:00000118 ESI:00007BE4 EDI:00000000 EBP:00007BD8 ESP:00007B98 DS:3E00 ES:3E00 FS:0000 GS:0000 SS:3E00 CF:0 ZF:0 SF:1 OF:0 AF:0 PF:0 IF:0
F000:00001064  iret                                                   EAX:00007BE4 EBX:000019AF ECX:0000000A EDX:00000118 ESI:00007BE4 EDI:00000000 EBP:00007BD8 ESP:00007B98 DS:3E00 ES:3E00 FS:0000 GS:0000 SS:3E00 CF:0 ZF:0 SF:1 OF:0 AF:0 PF:0 IF:0
1688:00000AED  lds  si,bx                                             EAX:00007BE4 EBX:000019AF ECX:0000000A EDX:00000118 ESI:00007BE4 EDI:00000000 EBP:00007BD8 ESP:00007B9E DS:3E00 ES:3E00 FS:0000 GS:0000 SS:3E00 CF:0 ZF:0 SF:1 OF:0 AF:0 PF:0 IF:1
F000:00001060  callback 0003  (default)                               EAX:00007BE4 EBX:000019AF ECX:0000000A EDX:00000118 ESI:00007BE4 EDI:00000000 EBP:00007BD8 ESP:00007B98 DS:3E00 ES:3E00 FS:0000 GS:0000 SS:3E00 CF:0 ZF:0 SF:1 OF:0 AF:0 PF:0 IF:0
F000:00001064  iret                                                   EAX:00007BE4 EBX:000019AF ECX:0000000A EDX:00000118 ESI:00007BE4 EDI:00000000 EBP:00007BD8 ESP:00007B98 DS:3E00 ES:3E00 FS:0000 GS:0000 SS:3E00 CF:0 ZF:0 SF:1 OF:0 AF:0 PF:0 IF:0
1688:00000AED  lds  si,bx                                             EAX:00007BE4 EBX:000019AF ECX:0000000A EDX:00000118 ESI:00007BE4 EDI:00000000 EBP:00007BD8 ESP:00007B9E DS:3E00 ES:3E00 FS:0000 GS:0000 SS:3E00 CF:0 ZF:0 SF:1 OF:0 AF:0 PF:0 IF:1
F000:00001060  callback 0003  (default)                               EAX:00007BE4 EBX:000019AF ECX:0000000A EDX:00000118 ESI:00007BE4 EDI:00000000 EBP:00007BD8 ESP:00007B98 DS:3E00 ES:3E00 FS:0000 GS:0000 SS:3E00 CF:0 ZF:0 SF:1 OF:0 AF:0 PF:0 IF:0
F000:00001064  iret                                                   EAX:00007BE4 EBX:000019AF ECX:0000000A EDX:00000118 ESI:00007BE4 EDI:00000000 EBP:00007BD8 ESP:00007B98 DS:3E00 ES:3E00 FS:0000 GS:0000 SS:3E00 CF:0 ZF:0 SF:1 OF:0 AF:0 PF:0 IF:0
1688:00000AED  lds  si,bx                                             EAX:00007BE4 EBX:000019AF ECX:0000000A EDX:00000118 ESI:00007BE4 EDI:00000000 EBP:00007BD8 ESP:00007B9E DS:3E00 ES:3E00 FS:0000 GS:0000 SS:3E00 CF:0 ZF:0 SF:1 OF:0 AF:0 PF:0 IF:1
F000:00001060  callback 0003  (default)                               EAX:00007BE4 EBX:000019AF ECX:0000000A EDX:00000118 ESI:00007BE4 EDI:00000000 EBP:00007BD8 ESP:00007B98 DS:3E00 ES:3E00 FS:0000 GS:0000 SS:3E00 CF:0 ZF:0 SF:1 OF:0 AF:0 PF:0 IF:0
F000:00001064  iret                                                   EAX:00007BE4 EBX:000019AF ECX:0000000A EDX:00000118 ESI:00007BE4 EDI:00000000 EBP:00007BD8 ESP:00007B98 DS:3E00 ES:3E00 FS:0000 GS:0000 SS:3E00 CF:0 ZF:0 SF:1 OF:0 AF:0 PF:0 IF:0
1688:00000AED  lds  si,bx                                             EAX:00007BE4 EBX:000019AF ECX:0000000A EDX:00000118 ESI:00007BE4 EDI:00000000 EBP:00007BD8 ESP:00007B9E DS:3E00 ES:3E00 FS:0000 GS:0000 SS:3E00 CF:0 ZF:0 SF:1 OF:0 AF:0 PF:0 IF:1
F000:00001060  callback 0003  (default)                               EAX:00007BE4 EBX:000019AF ECX:0000000A EDX:00000118 ESI:00007BE4 EDI:00000000 EBP:00007BD8 ESP:00007B98 DS:3E00 ES:3E00 FS:0000 GS:0000 SS:3E00 CF:0 ZF:0 SF:1 OF:0 AF:0 PF:0 IF:0
F000:00001064  iret                                                   EAX:00007BE4 EBX:000019AF ECX:0000000A EDX:00000118 ESI:00007BE4 EDI:00000000 EBP:00007BD8 ESP:00007B98 DS:3E00 ES:3E00 FS:0000 GS:0000 SS:3E00 CF:0 ZF:0 SF:1 OF:0 AF:0 PF:0 IF:0
1688:00000AED  lds  si,bx                                             EAX:00007BE4 EBX:000019AF ECX:0000000A EDX:00000118 ESI:00007BE4 EDI:00000000 EBP:00007BD8 ESP:00007B9E DS:3E00 ES:3E00 FS:0000 GS:0000 SS:3E00 CF:0 ZF:0 SF:1 OF:0 AF:0 PF:0 IF:1
F000:00001060  callback 0003  (default)                               EAX:00007BE4 EBX:000019AF ECX:0000000A EDX:00000118 ESI:00007BE4 EDI:00000000 EBP:00007BD8 ESP:00007B98 DS:3E00 ES:3E00 FS:0000 GS:0000 SS:3E00 CF:0 ZF:0 SF:1 OF:0 AF:0 PF:0 IF:0
F000:00001064  iret                                                   EAX:00007BE4 EBX:000019AF ECX:0000000A EDX:00000118 ESI:00007BE4 EDI:00000000 EBP:00007BD8 ESP:00007B98 DS:3E00 ES:3E00 FS:0000 GS:0000 SS:3E00 CF:0 ZF:0 SF:1 OF:0 AF:0 PF:0 IF:0
1688:00000AED  lds  si,bx                                             EAX:00007BE4 EBX:000019AF ECX:0000000A EDX:00000118 ESI:00007BE4 EDI:00000000 EBP:00007BD8 ESP:00007B9E DS:3E00 ES:3E00 FS:0000 GS:0000 SS:3E00 CF:0 ZF:0 SF:1 OF:0 AF:0 PF:0 IF:1
F000:00001060  callback 0003  (default)                               EAX:00007BE4 EBX:000019AF ECX:0000000A EDX:00000118 ESI:00007BE4 EDI:00000000 EBP:00007BD8 ESP:00007B98 DS:3E00 ES:3E00 FS:0000 GS:0000 SS:3E00 CF:0 ZF:0 SF:1 OF:0 AF:0 PF:0 IF:0
F000:00001064  iret                                                   EAX:00007BE4 EBX:000019AF ECX:0000000A EDX:00000118 ESI:00007BE4 EDI:00000000 EBP:00007BD8 ESP:00007B98 DS:3E00 ES:3E00 FS:0000 GS:0000 SS:3E00 CF:0 ZF:0 SF:1 OF:0 AF:0 PF:0 IF:0
1688:00000AED  lds  si,bx                                             EAX:00007BE4 EBX:000019AF ECX:0000000A EDX:00000118 ESI:00007BE4 EDI:00000000 EBP:00007BD8 ESP:00007B9E DS:3E00 ES:3E00 FS:0000 GS:0000 SS:3E00 CF:0 ZF:0 SF:1 OF:0 AF:0 PF:0 IF:1
F000:00001060  callback 0003  (default)                               EAX:00007BE4 EBX:000019AF ECX:0000000A EDX:00000118 ESI:00007BE4 EDI:00000000 EBP:00007BD8 ESP:00007B98 DS:3E00 ES:3E00 FS:0000 GS:0000 SS:3E00 CF:0 ZF:0 SF:1 OF:0 AF:0 PF:0 IF:0
F000:00001064  iret                                                   EAX:00007BE4 EBX:000019AF ECX:0000000A EDX:00000118 ESI:00007BE4 EDI:00000000 EBP:00007BD8 ESP:00007B98 DS:3E00 ES:3E00 FS:0000 GS:0000 SS:3E00 CF:0 ZF:0 SF:1 OF:0 AF:0 PF:0 IF:0
1688:00000AED  lds  si,bx                                             EAX:00007BE4 EBX:000019AF ECX:0000000A EDX:00000118 ESI:00007BE4 EDI:00000000 EBP:00007BD8 ESP:00007B9E DS:3E00 ES:3E00 FS:0000 GS:0000 SS:3E00 CF:0 ZF:0 SF:1 OF:0 AF:0 PF:0 IF:1
F000:00001060  callback 0003  (default)                               EAX:00007BE4 EBX:000019AF ECX:0000000A EDX:00000118 ESI:00007BE4 EDI:00000000 EBP:00007BD8 ESP:00007B98 DS:3E00 ES:3E00 FS:0000 GS:0000 SS:3E00 CF:0 ZF:0 SF:1 OF:0 AF:0 PF:0 IF:0
F000:00001064  iret                                                   EAX:00007BE4 EBX:000019AF ECX:0000000A EDX:00000118 ESI:00007BE4 EDI:00000000 EBP:00007BD8 ESP:00007B98 DS:3E00 ES:3E00 FS:0000 GS:0000 SS:3E00 CF:0 ZF:0 SF:1 OF:0 AF:0 PF:0 IF:0
1688:00000AED  lds  si,bx                                             EAX:00007BE4 EBX:000019AF ECX:0000000A EDX:00000118 ESI:00007BE4 EDI:00000000 EBP:00007BD8 ESP:00007B9E DS:3E00 ES:3E00 FS:0000 GS:0000 SS:3E00 CF:0 ZF:0 SF:1 OF:0 AF:0 PF:0 IF:1
F000:00001060  callback 0003  (default)                               EAX:00007BE4 EBX:000019AF ECX:0000000A EDX:00000118 ESI:00007BE4 EDI:00000000 EBP:00007BD8 ESP:00007B98 DS:3E00 ES:3E00 FS:0000 GS:0000 SS:3E00 CF:0 ZF:0 SF:1 OF:0 AF:0 PF:0 IF:0
F000:00001064  iret                                                   EAX:00007BE4 EBX:000019AF ECX:0000000A EDX:00000118 ESI:00007BE4 EDI:00000000 EBP:00007BD8 ESP:00007B98 DS:3E00 ES:3E00 FS:0000 GS:0000 SS:3E00 CF:0 ZF:0 SF:1 OF:0 AF:0 PF:0 IF:0
1688:00000AED  lds  si,bx                                             EAX:00007BE4 EBX:000019AF ECX:0000000A EDX:00000118 ESI:00007BE4 EDI:00000000 EBP:00007BD8 ESP:00007B9E DS:3E00 ES:3E00 FS:0000 GS:0000 SS:3E00 CF:0 ZF:0 SF:1 OF:0 AF:0 PF:0 IF:1
F000:00001060  callback 0003  (default)                               EAX:00007BE4 EBX:000019AF ECX:0000000A EDX:00000118 ESI:00007BE4 EDI:00000000 EBP:00007BD8 ESP:00007B98 DS:3E00 ES:3E00 FS:0000 GS:0000 SS:3E00 CF:0 ZF:0 SF:1 OF:0 AF:0 PF:0 IF:0
F000:00001064  iret                                                   EAX:00007BE4 EBX:000019AF ECX:0000000A EDX:00000118 ESI:00007BE4 EDI:00000000 EBP:00007BD8 ESP:00007B98 DS:3E00 ES:3E00 FS:0000 GS:0000 SS:3E00 CF:0 ZF:0 SF:1 OF:0 AF:0 PF:0 IF:0
1688:00000AED  lds  si,bx                                             EAX:00007BE4 EBX:000019AF ECX:0000000A EDX:00000118 ESI:00007BE4 EDI:00000000 EBP:00007BD8 ESP:00007B9E DS:3E00 ES:3E00 FS:0000 GS:0000 SS:3E00 CF:0 ZF:0 SF:1 OF:0 AF:0 PF:0 IF:1
F000:00001060  callback 0003  (default)                               EAX:00007BE4 EBX:000019AF ECX:0000000A EDX:00000118 ESI:00007BE4 EDI:00000000 EBP:00007BD8 ESP:00007B98 DS:3E00 ES:3E00 FS:0000 GS:0000 SS:3E00 CF:0 ZF:0 SF:1 OF:0 AF:0 PF:0 IF:0
F000:00001064  iret                                                   EAX:00007BE4 EBX:000019AF ECX:0000000A EDX:00000118 ESI:00007BE4 EDI:00000000 EBP:00007BD8 ESP:00007B98 DS:3E00 ES:3E00 FS:0000 GS:0000 SS:3E00 CF:0 ZF:0 SF:1 OF:0 AF:0 PF:0 IF:0
1688:00000AED  lds  si,bx                                             EAX:00007BE4 EBX:000019AF ECX:0000000A EDX:00000118 ESI:00007BE4 EDI:00000000 EBP:00007BD8 ESP:00007B9E DS:3E00 ES:3E00 FS:0000 GS:0000 SS:3E00 CF:0 ZF:0 SF:1 OF:0 AF:0 PF:0 IF:1
F000:00001060  callback 0003  (default)                               EAX:00007BE4 EBX:000019AF ECX:0000000A EDX:00000118 ESI:00007BE4 EDI:00000000 EBP:00007BD8 ESP:00007B98 DS:3E00 ES:3E00 FS:0000 GS:0000 SS:3E00 CF:0 ZF:0 SF:1 OF:0 AF:0 PF:0 IF:0
F000:00001064  iret                                                   EAX:00007BE4 EBX:000019AF ECX:0000000A EDX:00000118 ESI:00007BE4 EDI:00000000 EBP:00007BD8 ESP:00007B98 DS:3E00 ES:3E00 FS:0000 GS:0000 SS:3E00 CF:0 ZF:0 SF:1 OF:0 AF:0 PF:0 IF:0
1688:00000AED  lds  si,bx                                             EAX:00007BE4 EBX:000019AF ECX:0000000A EDX:00000118 ESI:00007BE4 EDI:00000000 EBP:00007BD8 ESP:00007B9E DS:3E00 ES:3E00 FS:0000 GS:0000 SS:3E00 CF:0 ZF:0 SF:1 OF:0 AF:0 PF:0 IF:1
F000:00001060  callback 0003  (default)                               EAX:00007BE4 EBX:000019AF ECX:0000000A EDX:00000118 ESI:00007BE4 EDI:00000000 EBP:00007BD8 ESP:00007B98 DS:3E00 ES:3E00 FS:0000 GS:0000 SS:3E00 CF:0 ZF:0 SF:1 OF:0 AF:0 PF:0 IF:0
F000:00001064  iret                                                   EAX:00007BE4 EBX:000019AF ECX:0000000A EDX:00000118 ESI:00007BE4 EDI:00000000 EBP:00007BD8 ESP:00007B98 DS:3E00 ES:3E00 FS:0000 GS:0000 SS:3E00 CF:0 ZF:0 SF:1 OF:0 AF:0 PF:0 IF:0
1688:00000AED  lds  si,bx                                             EAX:00007BE4 EBX:000019AF ECX:0000000A EDX:00000118 ESI:00007BE4 EDI:00000000 EBP:00007BD8 ESP:00007B9E DS:3E00 ES:3E00 FS:0000 GS:0000 SS:3E00 CF:0 ZF:0 SF:1 OF:0 AF:0 PF:0 IF:1
F000:00001060  callback 0003  (default)                               EAX:00007BE4 EBX:000019AF ECX:0000000A EDX:00000118 ESI:00007BE4 EDI:00000000 EBP:00007BD8 ESP:00007B98 DS:3E00 ES:3E00 FS:0000 GS:0000 SS:3E00 CF:0 ZF:0 SF:1 OF:0 AF:0 PF:0 IF:0
F000:00001064  iret                                                   EAX:00007BE4 EBX:000019AF ECX:0000000A EDX:00000118 ESI:00007BE4 EDI:00000000 EBP:00007BD8 ESP:00007B98 DS:3E00 ES:3E00 FS:0000 GS:0000 SS:3E00 CF:0 ZF:0 SF:1 OF:0 AF:0 PF:0 IF:0
1688:00000AED  lds  si,bx                                             EAX:00007BE4 EBX:000019AF ECX:0000000A EDX:00000118 ESI:00007BE4 EDI:00000000 EBP:00007BD8 ESP:00007B9E DS:3E00 ES:3E00 FS:0000 GS:0000 SS:3E00 CF:0 ZF:0 SF:1 OF:0 AF:0 PF:0 IF:1
F000:00001060  callback 0003  (default)                               EAX:00007BE4 EBX:000019AF ECX:0000000A EDX:00000118 ESI:00007BE4 EDI:00000000 EBP:00007BD8 ESP:00007B98 DS:3E00 ES:3E00 FS:0000 GS:0000 SS:3E00 CF:0 ZF:0 SF:1 OF:0 AF:0 PF:0 IF:0
F000:00001064  iret                                                   EAX:00007BE4 EBX:000019AF ECX:0000000A EDX:00000118 ESI:00007BE4 EDI:00000000 EBP:00007BD8 ESP:00007B98 DS:3E00 ES:3E00 FS:0000 GS:0000 SS:3E00 CF:0 ZF:0 SF:1 OF:0 AF:0 PF:0 IF:0
1688:00000AED  lds  si,bx                                             EAX:00007BE4 EBX:000019AF ECX:0000000A EDX:00000118 ESI:00007BE4 EDI:00000000 EBP:00007BD8 ESP:00007B9E DS:3E00 ES:3E00 FS:0000 GS:0000 SS:3E00 CF:0 ZF:0 SF:1 OF:0 AF:0 PF:0 IF:1
F000:00001060  callback 0003  (default)                               EAX:00007BE4 EBX:000019AF ECX:0000000A EDX:00000118 ESI:00007BE4 EDI:00000000 EBP:00007BD8 ESP:00007B98 DS:3E00 ES:3E00 FS:0000 GS:0000 SS:3E00 CF:0 ZF:0 SF:1 OF:0 AF:0 PF:0 IF:0
F000:00001064  iret                                                   EAX:00007BE4 EBX:000019AF ECX:0000000A EDX:00000118 ESI:00007BE4 EDI:00000000 EBP:00007BD8 ESP:00007B98 DS:3E00 ES:3E00 FS:0000 GS:0000 SS:3E00 CF:0 ZF:0 SF:1 OF:0 AF:0 PF:0 IF:0
1688:00000AED  lds  si,bx                                             EAX:00007BE4 EBX:000019AF ECX:0000000A EDX:00000118 ESI:00007BE4 EDI:00000000 EBP:00007BD8 ESP:00007B9E DS:3E00 ES:3E00 FS:0000 GS:0000 SS:3E00 CF:0 ZF:0 SF:1 OF:0 AF:0 PF:0 IF:1
F000:00001060  callback 0003  (default)                               EAX:00007BE4 EBX:000019AF ECX:0000000A EDX:00000118 ESI:00007BE4 EDI:00000000 EBP:00007BD8 ESP:00007B98 DS:3E00 ES:3E00 FS:0000 GS:0000 SS:3E00 CF:0 ZF:0 SF:1 OF:0 AF:0 PF:0 IF:0
F000:00001064  iret                                                   EAX:00007BE4 EBX:000019AF ECX:0000000A EDX:00000118 ESI:00007BE4 EDI:00000000 EBP:00007BD8 ESP:00007B98 DS:3E00 ES:3E00 FS:0000 GS:0000 SS:3E00 CF:0 ZF:0 SF:1 OF:0 AF:0 PF:0 IF:0
1688:00000AED  lds  si,bx                                             EAX:00007BE4 EBX:000019AF ECX:0000000A EDX:00000118 ESI:00007BE4 EDI:00000000 EBP:00007BD8 ESP:00007B9E DS:3E00 ES:3E00 FS:0000 GS:0000 SS:3E00 CF:0 ZF:0 SF:1 OF:0 AF:0 PF:0 IF:1
F000:00001060  callback 0003  (default)                               EAX:00007BE4 EBX:000019AF ECX:0000000A EDX:00000118 ESI:00007BE4 EDI:00000000 EBP:00007BD8 ESP:00007B98 DS:3E00 ES:3E00 FS:0000 GS:0000 SS:3E00 CF:0 ZF:0 SF:1 OF:0 AF:0 PF:0 IF:0
F000:00001064  iret                                                   EAX:00007BE4 EBX:000019AF ECX:0000000A EDX:00000118 ESI:00007BE4 EDI:00000000 EBP:00007BD8 ESP:00007B98 DS:3E00 ES:3E00 FS:0000 GS:0000 SS:3E00 CF:0 ZF:0 SF:1 OF:0 AF:0 PF:0 IF:0
1688:00000AED  lds  si,bx                                             EAX:00007BE4 EBX:000019AF ECX:0000000A EDX:00000118 ESI:00007BE4 EDI:00000000 EBP:00007BD8 ESP:00007B9E DS:3E00 ES:3E00 FS:0000 GS:0000 SS:3E00 CF:0 ZF:0 SF:1 OF:0 AF:0 PF:0 IF:1
F000:00001060  callback 0003  (default)                               EAX:00007BE4 EBX:000019AF ECX:0000000A EDX:00000118 ESI:00007BE4 EDI:00000000 EBP:00007BD8 ESP:00007B98 DS:3E00 ES:3E00 FS:0000 GS:0000 SS:3E00 CF:0 ZF:0 SF:1 OF:0 AF:0 PF:0 IF:0
F000:00001064  iret                                                   EAX:00007BE4 EBX:000019AF ECX:0000000A EDX:00000118 ESI:00007BE4 EDI:00000000 EBP:00007BD8 ESP:00007B98 DS:3E00 ES:3E00 FS:0000 GS:0000 SS:3E00 CF:0 ZF:0 SF:1 OF:0 AF:0 PF:0 IF:0
1688:00000AED  lds  si,bx                                             EAX:00007BE4 EBX:000019AF ECX:0000000A EDX:00000118 ESI:00007BE4 EDI:00000000 EBP:00007BD8 ESP:00007B9E DS:3E00 ES:3E00 FS:0000 GS:0000 SS:3E00 CF:0 ZF:0 SF:1 OF:0 AF:0 PF:0 IF:1
F000:00001060  callback 0003  (default)                               EAX:00007BE4 EBX:000019AF ECX:0000000A EDX:00000118 ESI:00007BE4 EDI:00000000 EBP:00007BD8 ESP:00007B98 DS:3E00 ES:3E00 FS:0000 GS:0000 SS:3E00 CF:0 ZF:0 SF:1 OF:0 AF:0 PF:0 IF:0
F000:00001064  iret                                                   EAX:00007BE4 EBX:000019AF ECX:0000000A EDX:00000118 ESI:00007BE4 EDI:00000000 EBP:00007BD8 ESP:00007B98 DS:3E00 ES:3E00 FS:0000 GS:0000 SS:3E00 CF:0 ZF:0 SF:1 OF:0 AF:0 PF:0 IF:0
1688:00000AED  lds  si,bx                                             EAX:00007BE4 EBX:000019AF ECX:0000000A EDX:00000118 ESI:00007BE4 EDI:00000000 EBP:00007BD8 ESP:00007B9E DS:3E00 ES:3E00 FS:0000 GS:0000 SS:3E00 CF:0 ZF:0 SF:1 OF:0 AF:0 PF:0 IF:1
F000:00001060  callback 0003  (default)                               EAX:00007BE4 EBX:000019AF ECX:0000000A EDX:00000118 ESI:00007BE4 EDI:00000000 EBP:00007BD8 ESP:00007B98 DS:3E00 ES:3E00 FS:0000 GS:0000 SS:3E00 CF:0 ZF:0 SF:1 OF:0 AF:0 PF:0 IF:0
F000:00001064  iret                                                   EAX:00007BE4 EBX:000019AF ECX:0000000A EDX:00000118 ESI:00007BE4 EDI:00000000 EBP:00007BD8 ESP:00007B98 DS:3E00 ES:3E00 FS:0000 GS:0000 SS:3E00 CF:0 ZF:0 SF:1 OF:0 AF:0 PF:0 IF:0
1688:00000AED  lds  si,bx                                             EAX:00007BE4 EBX:000019AF ECX:0000000A EDX:00000118 ESI:00007BE4 EDI:00000000 EBP:00007BD8 ESP:00007B9E DS:3E00 ES:3E00 FS:0000 GS:0000 SS:3E00 CF:0 ZF:0 SF:1 OF:0 AF:0 PF:0 IF:1
F000:00001060  callback 0003  (default)                               EAX:00007BE4 EBX:000019AF ECX:0000000A EDX:00000118 ESI:00007BE4 EDI:00000000 EBP:00007BD8 ESP:00007B98 DS:3E00 ES:3E00 FS:0000 GS:0000 SS:3E00 CF:0 ZF:0 SF:1 OF:0 AF:0 PF:0 IF:0
F000:00001064  iret                                                   EAX:00007BE4 EBX:000019AF ECX:0000000A EDX:00000118 ESI:00007BE4 EDI:00000000 EBP:00007BD8 ESP:00007B98 DS:3E00 ES:3E00 FS:0000 GS:0000 SS:3E00 CF:0 ZF:0 SF:1 OF:0 AF:0 PF:0 IF:0
1688:00000AED  lds  si,bx                                             EAX:00007BE4 EBX:000019AF ECX:0000000A EDX:00000118 ESI:00007BE4 EDI:00000000 EBP:00007BD8 ESP:00007B9E DS:3E00 ES:3E00 FS:0000 GS:0000 SS:3E00 CF:0 ZF:0 SF:1 OF:0 AF:0 PF:0 IF:1
F000:00001060  callback 0003  (default)                               EAX:00007BE4 EBX:000019AF ECX:0000000A EDX:00000118 ESI:00007BE4 EDI:00000000 EBP:00007BD8 ESP:00007B98 DS:3E00 ES:3E00 FS:0000 GS:0000 SS:3E00 CF:0 ZF:0 SF:1 OF:0 AF:0 PF:0 IF:0
F000:00001064  iret                                                   EAX:00007BE4 EBX:000019AF ECX:0000000A EDX:00000118 ESI:00007BE4 EDI:00000000 EBP:00007BD8 ESP:00007B98 DS:3E00 ES:3E00 FS:0000 GS:0000 SS:3E00 CF:0 ZF:0 SF:1 OF:0 AF:0 PF:0 IF:0
1688:00000AED  lds  si,bx                                             EAX:00007BE4 EBX:000019AF ECX:0000000A EDX:00000118 ESI:00007BE4 EDI:00000000 EBP:00007BD8 ESP:00007B9E DS:3E00 ES:3E00 FS:0000 GS:0000 SS:3E00 CF:0 ZF:0 SF:1 OF:0 AF:0 PF:0 IF:1
F000:00001060  callback 0003  (default)                               EAX:00007BE4 EBX:000019AF ECX:0000000A EDX:00000118 ESI:00007BE4 EDI:00000000 EBP:00007BD8 ESP:00007B98 DS:3E00 ES:3E00 FS:0000 GS:0000 SS:3E00 CF:0 ZF:0 SF:1 OF:0 AF:0 PF:0 IF:0
F000:00001064  iret                                                   EAX:00007BE4 EBX:000019AF ECX:0000000A EDX:00000118 ESI:00007BE4 EDI:00000000 EBP:00007BD8 ESP:00007B98 DS:3E00 ES:3E00 FS:0000 GS:0000 SS:3E00 CF:0 ZF:0 SF:1 OF:0 AF:0 PF:0 IF:0
1688:00000AED  lds  si,bx                                             EAX:00007BE4 EBX:000019AF ECX:0000000A EDX:00000118 ESI:00007BE4 EDI:00000000 EBP:00007BD8 ESP:00007B9E DS:3E00 ES:3E00 FS:0000 GS:0000 SS:3E00 CF:0 ZF:0 SF:1 OF:0 AF:0 PF:0 IF:1
F000:00001060  callback 0003  (default)                               EAX:00007BE4 EBX:000019AF ECX:0000000A EDX:00000118 ESI:00007BE4 EDI:00000000 EBP:00007BD8 ESP:00007B98 DS:3E00 ES:3E00 FS:0000 GS:0000 SS:3E00 CF:0 ZF:0 SF:1 OF:0 AF:0 PF:0 IF:0
F000:00001064  iret                                                   EAX:00007BE4 EBX:000019AF ECX:0000000A EDX:00000118 ESI:00007BE4 EDI:00000000 EBP:00007BD8 ESP:00007B98 DS:3E00 ES:3E00 FS:0000 GS:0000 SS:3E00 CF:0 ZF:0 SF:1 OF:0 AF:0 PF:0 IF:0
1688:00000AED  lds  si,bx                                             EAX:00007BE4 EBX:000019AF ECX:0000000A EDX:00000118 ESI:00007BE4 EDI:00000000 EBP:00007BD8 ESP:00007B9E DS:3E00 ES:3E00 FS:0000 GS:0000 SS:3E00 CF:0 ZF:0 SF:1 OF:0 AF:0 PF:0 IF:1
F000:00001060  callback 0003  (default)                               EAX:00007BE4 EBX:000019AF ECX:0000000A EDX:00000118 ESI:00007BE4 EDI:00000000 EBP:00007BD8 ESP:00007B98 DS:3E00 ES:3E00 FS:0000 GS:0000 SS:3E00 CF:0 ZF:0 SF:1 OF:0 AF:0 PF:0 IF:0
F000:00001064  iret                                                   EAX:00007BE4 EBX:000019AF ECX:0000000A EDX:00000118 ESI:00007BE4 EDI:00000000 EBP:00007BD8 ESP:00007B98 DS:3E00 ES:3E00 FS:0000 GS:0000 SS:3E00 CF:0 ZF:0 SF:1 OF:0 AF:0 PF:0 IF:0
1688:00000AED  lds  si,bx                                             EAX:00007BE4 EBX:000019AF ECX:0000000A EDX:00000118 ESI:00007BE4 EDI:00000000 EBP:00007BD8 ESP:00007B9E DS:3E00 ES:3E00 FS:0000 GS:0000 SS:3E00 CF:0 ZF:0 SF:1 OF:0 AF:0 PF:0 IF:1
F000:00001060  callback 0003  (default)                               EAX:00007BE4 EBX:000019AF ECX:0000000A EDX:00000118 ESI:00007BE4 EDI:00000000 EBP:00007BD8 ESP:00007B98 DS:3E00 ES:3E00 FS:0000 GS:0000 SS:3E00 CF:0 ZF:0 SF:1 OF:0 AF:0 PF:0 IF:0
F000:00001064  iret                                                   EAX:00007BE4 EBX:000019AF ECX:0000000A EDX:00000118 ESI:00007BE4 EDI:00000000 EBP:00007BD8 ESP:00007B98 DS:3E00 ES:3E00 FS:0000 GS:0000 SS:3E00 CF:0 ZF:0 SF:1 OF:0 AF:0 PF:0 IF:0
1688:00000AED  lds  si,bx                                             EAX:00007BE4 EBX:000019AF ECX:0000000A EDX:00000118 ESI:00007BE4 EDI:00000000 EBP:00007BD8 ESP:00007B9E DS:3E00 ES:3E00 FS:0000 GS:0000 SS:3E00 CF:0 ZF:0 SF:1 OF:0 AF:0 PF:0 IF:1
F000:00001060  callback 0003  (default)                               EAX:00007BE4 EBX:000019AF ECX:0000000A EDX:00000118 ESI:00007BE4 EDI:00000000 EBP:00007BD8 ESP:00007B98 DS:3E00 ES:3E00 FS:0000 GS:0000 SS:3E00 CF:0 ZF:0 SF:1 OF:0 AF:0 PF:0 IF:0
F000:00001064  iret                                                   EAX:00007BE4 EBX:000019AF ECX:0000000A EDX:00000118 ESI:00007BE4 EDI:00000000 EBP:00007BD8 ESP:00007B98 DS:3E00 ES:3E00 FS:0000 GS:0000 SS:3E00 CF:0 ZF:0 SF:1 OF:0 AF:0 PF:0 IF:0
1688:00000AED  lds  si,bx                                             EAX:00007BE4 EBX:000019AF ECX:0000000A EDX:00000118 ESI:00007BE4 EDI:00000000 EBP:00007BD8 ESP:00007B9E DS:3E00 ES:3E00 FS:0000 GS:0000 SS:3E00 CF:0 ZF:0 SF:1 OF:0 AF:0 PF:0 IF:1
F000:00001060  callback 0003  (default)                               EAX:00007BE4 EBX:000019AF ECX:0000000A EDX:00000118 ESI:00007BE4 EDI:00000000 EBP:00007BD8 ESP:00007B98 DS:3E00 ES:3E00 FS:0000 GS:0000 SS:3E00 CF:0 ZF:0 SF:1 OF:0 AF:0 PF:0 IF:0
F000:00001064  iret                                                   EAX:00007BE4 EBX:000019AF ECX:0000000A EDX:00000118 ESI:00007BE4 EDI:00000000 EBP:00007BD8 ESP:00007B98 DS:3E00 ES:3E00 FS:0000 GS:0000 SS:3E00 CF:0 ZF:0 SF:1 OF:0 AF:0 PF:0 IF:0
1688:00000AED  lds  si,bx                                             EAX:00007BE4 EBX:000019AF ECX:0000000A EDX:00000118 ESI:00007BE4 EDI:00000000 EBP:00007BD8 ESP:00007B9E DS:3E00 ES:3E00 FS:0000 GS:0000 SS:3E00 CF:0 ZF:0 SF:1 OF:0 AF:0 PF:0 IF:1
F000:00001060  callback 0003  (default)                               EAX:00007BE4 EBX:000019AF ECX:0000000A EDX:00000118 ESI:00007BE4 EDI:00000000 EBP:00007BD8 ESP:00007B98 DS:3E00 ES:3E00 FS:0000 GS:0000 SS:3E00 CF:0 ZF:0 SF:1 OF:0 AF:0 PF:0 IF:0
F000:00001064  iret                                                   EAX:00007BE4 EBX:000019AF ECX:0000000A EDX:00000118 ESI:00007BE4 EDI:00000000 EBP:00007BD8 ESP:00007B98 DS:3E00 ES:3E00 FS:0000 GS:0000 SS:3E00 CF:0 ZF:0 SF:1 OF:0 AF:0 PF:0 IF:0
1688:00000AED  lds  si,bx                                             EAX:00007BE4 EBX:000019AF ECX:0000000A EDX:00000118 ESI:00007BE4 EDI:00000000 EBP:00007BD8 ESP:00007B9E DS:3E00 ES:3E00 FS:0000 GS:0000 SS:3E00 CF:0 ZF:0 SF:1 OF:0 AF:0 PF:0 IF:1
F000:00001060  callback 0003  (default)                               EAX:00007BE4 EBX:000019AF ECX:0000000A EDX:00000118 ESI:00007BE4 EDI:00000000 EBP:00007BD8 ESP:00007B98 DS:3E00 ES:3E00 FS:0000 GS:0000 SS:3E00 CF:0 ZF:0 SF:1 OF:0 AF:0 PF:0 IF:0
F000:00001064  iret                                                   EAX:00007BE4 EBX:000019AF ECX:0000000A EDX:00000118 ESI:00007BE4 EDI:00000000 EBP:00007BD8 ESP:00007B98 DS:3E00 ES:3E00 FS:0000 GS:0000 SS:3E00 CF:0 ZF:0 SF:1 OF:0 AF:0 PF:0 IF:0
1688:00000AED  lds  si,bx                                             EAX:00007BE4 EBX:000019AF ECX:0000000A EDX:00000118 ESI:00007BE4 EDI:00000000 EBP:00007BD8 ESP:00007B9E DS:3E00 ES:3E00 FS:0000 GS:0000 SS:3E00 CF:0 ZF:0 SF:1 OF:0 AF:0 PF:0 IF:1
F000:00001060  callback 0003  (default)                               EAX:00007BE4 EBX:000019AF ECX:0000000A EDX:00000118 ESI:00007BE4 EDI:00000000 EBP:00007BD8 ESP:00007B98 DS:3E00 ES:3E00 FS:0000 GS:0000 SS:3E00 CF:0 ZF:0 SF:1 OF:0 AF:0 PF:0 IF:0
F000:00001064  iret                                                   EAX:00007BE4 EBX:000019AF ECX:0000000A EDX:00000118 ESI:00007BE4 EDI:00000000 EBP:00007BD8 ESP:00007B98 DS:3E00 ES:3E00 FS:0000 GS:0000 SS:3E00 CF:0 ZF:0 SF:1 OF:0 AF:0 PF:0 IF:0
1688:00000AED  lds  si,bx                                             EAX:00007BE4 EBX:000019AF ECX:0000000A EDX:00000118 ESI:00007BE4 EDI:00000000 EBP:00007BD8 ESP:00007B9E DS:3E00 ES:3E00 FS:0000 GS:0000 SS:3E00 CF:0 ZF:0 SF:1 OF:0 AF:0 PF:0 IF:1
F000:00001060  callback 0003  (default)                               EAX:00007BE4 EBX:000019AF ECX:0000000A EDX:00000118 ESI:00007BE4 EDI:00000000 EBP:00007BD8 ESP:00007B98 DS:3E00 ES:3E00 FS:0000 GS:0000 SS:3E00 CF:0 ZF:0 SF:1 OF:0 AF:0 PF:0 IF:0
F000:00001064  iret                                                   EAX:00007BE4 EBX:000019AF ECX:0000000A EDX:00000118 ESI:00007BE4 EDI:00000000 EBP:00007BD8 ESP:00007B98 DS:3E00 ES:3E00 FS:0000 GS:0000 SS:3E00 CF:0 ZF:0 SF:1 OF:0 AF:0 PF:0 IF:0
1688:00000AED  lds  si,bx                                             EAX:00007BE4 EBX:000019AF ECX:0000000A EDX:00000118 ESI:00007BE4 EDI:00000000 EBP:00007BD8 ESP:00007B9E DS:3E00 ES:3E00 FS:0000 GS:0000 SS:3E00 CF:0 ZF:0 SF:1 OF:0 AF:0 PF:0 IF:1
F000:00001060  callback 0003  (default)                               EAX:00007BE4 EBX:000019AF ECX:0000000A EDX:00000118 ESI:00007BE4 EDI:00000000 EBP:00007BD8 ESP:00007B98 DS:3E00 ES:3E00 FS:0000 GS:0000 SS:3E00 CF:0 ZF:0 SF:1 OF:0 AF:0 PF:0 IF:0
F000:00001064  iret                                                   EAX:00007BE4 EBX:000019AF ECX:0000000A EDX:00000118 ESI:00007BE4 EDI:00000000 EBP:00007BD8 ESP:00007B98 DS:3E00 ES:3E00 FS:0000 GS:0000 SS:3E00 CF:0 ZF:0 SF:1 OF:0 AF:0 PF:0 IF:0
1688:00000AED  lds  si,bx                                             EAX:00007BE4 EBX:000019AF ECX:0000000A EDX:00000118 ESI:00007BE4 EDI:00000000 EBP:00007BD8 ESP:00007B9E DS:3E00 ES:3E00 FS:0000 GS:0000 SS:3E00 CF:0 ZF:0 SF:1 OF:0 AF:0 PF:0 IF:1
F000:00001060  callback 0003  (default)                               EAX:00007BE4 EBX:000019AF ECX:0000000A EDX:00000118 ESI:00007BE4 EDI:00000000 EBP:00007BD8 ESP:00007B98 DS:3E00 ES:3E00 FS:0000 GS:0000 SS:3E00 CF:0 ZF:0 SF:1 OF:0 AF:0 PF:0 IF:0
F000:00001064  iret                                                   EAX:00007BE4 EBX:000019AF ECX:0000000A EDX:00000118 ESI:00007BE4 EDI:00000000 EBP:00007BD8 ESP:00007B98 DS:3E00 ES:3E00 FS:0000 GS:0000 SS:3E00 CF:0 ZF:0 SF:1 OF:0 AF:0 PF:0 IF:0
1688:00000AED  lds  si,bx                                             EAX:00007BE4 EBX:000019AF ECX:0000000A EDX:00000118 ESI:00007BE4 EDI:00000000 EBP:00007BD8 ESP:00007B9E DS:3E00 ES:3E00 FS:0000 GS:0000 SS:3E00 CF:0 ZF:0 SF:1 OF:0 AF:0 PF:0 IF:1
F000:00001060  callback 0003  (default)                               EAX:00007BE4 EBX:000019AF ECX:0000000A EDX:00000118 ESI:00007BE4 EDI:00000000 EBP:00007BD8 ESP:00007B98 DS:3E00 ES:3E00 FS:0000 GS:0000 SS:3E00 CF:0 ZF:0 SF:1 OF:0 AF:0 PF:0 IF:0
F000:00001064  iret                                                   EAX:00007BE4 EBX:000019AF ECX:0000000A EDX:00000118 ESI:00007BE4 EDI:00000000 EBP:00007BD8 ESP:00007B98 DS:3E00 ES:3E00 FS:0000 GS:0000 SS:3E00 CF:0 ZF:0 SF:1 OF:0 AF:0 PF:0 IF:0
1688:00000AED  lds  si,bx                                             EAX:00007BE4 EBX:000019AF ECX:0000000A EDX:00000118 ESI:00007BE4 EDI:00000000 EBP:00007BD8 ESP:00007B9E DS:3E00 ES:3E00 FS:0000 GS:0000 SS:3E00 CF:0 ZF:0 SF:1 OF:0 AF:0 PF:0 IF:1
F000:00001060  callback 0003  (default)                               EAX:00007BE4 EBX:000019AF ECX:0000000A EDX:00000118 ESI:00007BE4 EDI:00000000 EBP:00007BD8 ESP:00007B98 DS:3E00 ES:3E00 FS:0000 GS:0000 SS:3E00 CF:0 ZF:0 SF:1 OF:0 AF:0 PF:0 IF:0
F000:00001064  iret                                                   EAX:00007BE4 EBX:000019AF ECX:0000000A EDX:00000118 ESI:00007BE4 EDI:00000000 EBP:00007BD8 ESP:00007B98 DS:3E00 ES:3E00 FS:0000 GS:0000 SS:3E00 CF:0 ZF:0 SF:1 OF:0 AF:0 PF:0 IF:0
1688:00000AED  lds  si,bx                                             EAX:00007BE4 EBX:000019AF ECX:0000000A EDX:00000118 ESI:00007BE4 EDI:00000000 EBP:00007BD8 ESP:00007B9E DS:3E00 ES:3E00 FS:0000 GS:0000 SS:3E00 CF:0 ZF:0 SF:1 OF:0 AF:0 PF:0 IF:1
F000:00001060  callback 0003  (default)                               EAX:00007BE4 EBX:000019AF ECX:0000000A EDX:00000118 ESI:00007BE4 EDI:00000000 EBP:00007BD8 ESP:00007B98 DS:3E00 ES:3E00 FS:0000 GS:0000 SS:3E00 CF:0 ZF:0 SF:1 OF:0 AF:0 PF:0 IF:0
F000:00001064  iret                                                   EAX:00007BE4 EBX:000019AF ECX:0000000A EDX:00000118 ESI:00007BE4 EDI:00000000 EBP:00007BD8 ESP:00007B98 DS:3E00 ES:3E00 FS:0000 GS:0000 SS:3E00 CF:0 ZF:0 SF:1 OF:0 AF:0 PF:0 IF:0
1688:00000AED  lds  si,bx                                             EAX:00007BE4 EBX:000019AF ECX:0000000A EDX:00000118 ESI:00007BE4 EDI:00000000 EBP:00007BD8 ESP:00007B9E DS:3E00 ES:3E00 FS:0000 GS:0000 SS:3E00 CF:0 ZF:0 SF:1 OF:0 AF:0 PF:0 IF:1
F000:00001060  callback 0003  (default)                               EAX:00007BE4 EBX:000019AF ECX:0000000A EDX:00000118 ESI:00007BE4 EDI:00000000 EBP:00007BD8 ESP:00007B98 DS:3E00 ES:3E00 FS:0000 GS:0000 SS:3E00 CF:0 ZF:0 SF:1 OF:0 AF:0 PF:0 IF:0
F000:00001064  iret                                                   EAX:00007BE4 EBX:000019AF ECX:0000000A EDX:00000118 ESI:00007BE4 EDI:00000000 EBP:00007BD8 ESP:00007B98 DS:3E00 ES:3E00 FS:0000 GS:0000 SS:3E00 CF:0 ZF:0 SF:1 OF:0 AF:0 PF:0 IF:0
1688:00000AED  lds  si,bx                                             EAX:00007BE4 EBX:000019AF ECX:0000000A EDX:00000118 ESI:00007BE4 EDI:00000000 EBP:00007BD8 ESP:00007B9E DS:3E00 ES:3E00 FS:0000 GS:0000 SS:3E00 CF:0 ZF:0 SF:1 OF:0 AF:0 PF:0 IF:1
F000:00001060  callback 0003  (default)                               EAX:00007BE4 EBX:000019AF ECX:0000000A EDX:00000118 ESI:00007BE4 EDI:00000000 EBP:00007BD8 ESP:00007B98 DS:3E00 ES:3E00 FS:0000 GS:0000 SS:3E00 CF:0 ZF:0 SF:1 OF:0 AF:0 PF:0 IF:0
F000:00001064  iret                                                   EAX:00007BE4 EBX:000019AF ECX:0000000A EDX:00000118 ESI:00007BE4 EDI:00000000 EBP:00007BD8 ESP:00007B98 DS:3E00 ES:3E00 FS:0000 GS:0000 SS:3E00 CF:0 ZF:0 SF:1 OF:0 AF:0 PF:0 IF:0
1688:00000AED  lds  si,bx                                             EAX:00007BE4 EBX:000019AF ECX:0000000A EDX:00000118 ESI:00007BE4 EDI:00000000 EBP:00007BD8 ESP:00007B9E DS:3E00 ES:3E00 FS:0000 GS:0000 SS:3E00 CF:0 ZF:0 SF:1 OF:0 AF:0 PF:0 IF:1
F000:00001060  callback 0003  (default)                               EAX:00007BE4 EBX:000019AF ECX:0000000A EDX:00000118 ESI:00007BE4 EDI:00000000 EBP:00007BD8 ESP:00007B98 DS:3E00 ES:3E00 FS:0000 GS:0000 SS:3E00 CF:0 ZF:0 SF:1 OF:0 AF:0 PF:0 IF:0
F000:00001064  iret                                                   EAX:00007BE4 EBX:000019AF ECX:0000000A EDX:00000118 ESI:00007BE4 EDI:00000000 EBP:00007BD8 ESP:00007B98 DS:3E00 ES:3E00 FS:0000 GS:0000 SS:3E00 CF:0 ZF:0 SF:1 OF:0 AF:0 PF:0 IF:0
1688:00000AED  lds  si,bx                                             EAX:00007BE4 EBX:000019AF ECX:0000000A EDX:00000118 ESI:00007BE4 EDI:00000000 EBP:00007BD8 ESP:00007B9E DS:3E00 ES:3E00 FS:0000 GS:0000 SS:3E00 CF:0 ZF:0 SF:1 OF:0 AF:0 PF:0 IF:1
F000:00001060  callback 0003  (default)                               EAX:00007BE4 EBX:000019AF ECX:0000000A EDX:00000118 ESI:00007BE4 EDI:00000000 EBP:00007BD8 ESP:00007B98 DS:3E00 ES:3E00 FS:0000 GS:0000 SS:3E00 CF:0 ZF:0 SF:1 OF:0 AF:0 PF:0 IF:0
F000:00001064  iret                                                   EAX:00007BE4 EBX:000019AF ECX:0000000A EDX:00000118 ESI:00007BE4 EDI:00000000 EBP:00007BD8 ESP:00007B98 DS:3E00 ES:3E00 FS:0000 GS:0000 SS:3E00 CF:0 ZF:0 SF:1 OF:0 AF:0 PF:0 IF:0
1688:00000AED  lds  si,bx                                             EAX:00007BE4 EBX:000019AF ECX:0000000A EDX:00000118 ESI:00007BE4 EDI:00000000 EBP:00007BD8 ESP:00007B9E DS:3E00 ES:3E00 FS:0000 GS:0000 SS:3E00 CF:0 ZF:0 SF:1 OF:0 AF:0 PF:0 IF:1
F000:00001060  callback 0003  (default)                               EAX:00007BE4 EBX:000019AF ECX:0000000A EDX:00000118 ESI:00007BE4 EDI:00000000 EBP:00007BD8 ESP:00007B98 DS:3E00 ES:3E00 FS:0000 GS:0000 SS:3E00 CF:0 ZF:0 SF:1 OF:0 AF:0 PF:0 IF:0
F000:00001064  iret                                                   EAX:00007BE4 EBX:000019AF ECX:0000000A EDX:00000118 ESI:00007BE4 EDI:00000000 EBP:00007BD8 ESP:00007B98 DS:3E00 ES:3E00 FS:0000 GS:0000 SS:3E00 CF:0 ZF:0 SF:1 OF:0 AF:0 PF:0 IF:0
1688:00000AED  lds  si,bx                                             EAX:00007BE4 EBX:000019AF ECX:0000000A EDX:00000118 ESI:00007BE4 EDI:00000000 EBP:00007BD8 ESP:00007B9E DS:3E00 ES:3E00 FS:0000 GS:0000 SS:3E00 CF:0 ZF:0 SF:1 OF:0 AF:0 PF:0 IF:1
F000:00001060  callback 0003  (default)                               EAX:00007BE4 EBX:000019AF ECX:0000000A EDX:00000118 ESI:00007BE4 EDI:00000000 EBP:00007BD8 ESP:00007B98 DS:3E00 ES:3E00 FS:0000 GS:0000 SS:3E00 CF:0 ZF:0 SF:1 OF:0 AF:0 PF:0 IF:0
F000:00001064  iret                                                   EAX:00007BE4 EBX:000019AF ECX:0000000A EDX:00000118 ESI:00007BE4 EDI:00000000 EBP:00007BD8 ESP:00007B98 DS:3E00 ES:3E00 FS:0000 GS:0000 SS:3E00 CF:0 ZF:0 SF:1 OF:0 AF:0 PF:0 IF:0
1688:00000AED  lds  si,bx                                             EAX:00007BE4 EBX:000019AF ECX:0000000A EDX:00000118 ESI:00007BE4 EDI:00000000 EBP:00007BD8 ESP:00007B9E DS:3E00 ES:3E00 FS:0000 GS:0000 SS:3E00 CF:0 ZF:0 SF:1 OF:0 AF:0 PF:0 IF:1
F000:00001060  callback 0003  (default)                               EAX:00007BE4 EBX:000019AF ECX:0000000A EDX:00000118 ESI:00007BE4 EDI:00000000 EBP:00007BD8 ESP:00007B98 DS:3E00 ES:3E00 FS:0000 GS:0000 SS:3E00 CF:0 ZF:0 SF:1 OF:0 AF:0 PF:0 IF:0
F000:00001064  iret                                                   EAX:00007BE4 EBX:000019AF ECX:0000000A EDX:00000118 ESI:00007BE4 EDI:00000000 EBP:00007BD8 ESP:00007B98 DS:3E00 ES:3E00 FS:0000 GS:0000 SS:3E00 CF:0 ZF:0 SF:1 OF:0 AF:0 PF:0 IF:0
1688:00000AED  lds  si,bx                                             EAX:00007BE4 EBX:000019AF ECX:0000000A EDX:00000118 ESI:00007BE4 EDI:00000000 EBP:00007BD8 ESP:00007B9E DS:3E00 ES:3E00 FS:0000 GS:0000 SS:3E00 CF:0 ZF:0 SF:1 OF:0 AF:0 PF:0 IF:1
F000:00001060  callback 0003  (default)                               EAX:00007BE4 EBX:000019AF ECX:0000000A EDX:00000118 ESI:00007BE4 EDI:00000000 EBP:00007BD8 ESP:00007B98 DS:3E00 ES:3E00 FS:0000 GS:0000 SS:3E00 CF:0 ZF:0 SF:1 OF:0 AF:0 PF:0 IF:0
F000:00001064  iret                                                   EAX:00007BE4 EBX:000019AF ECX:0000000A EDX:00000118 ESI:00007BE4 EDI:00000000 EBP:00007BD8 ESP:00007B98 DS:3E00 ES:3E00 FS:0000 GS:0000 SS:3E00 CF:0 ZF:0 SF:1 OF:0 AF:0 PF:0 IF:0
1688:00000AED  lds  si,bx                                             EAX:00007BE4 EBX:000019AF ECX:0000000A EDX:00000118 ESI:00007BE4 EDI:00000000 EBP:00007BD8 ESP:00007B9E DS:3E00 ES:3E00 FS:0000 GS:0000 SS:3E00 CF:0 ZF:0 SF:1 OF:0 AF:0 PF:0 IF:1
F000:00001060  callback 0003  (default)                               EAX:00007BE4 EBX:000019AF ECX:0000000A EDX:00000118 ESI:00007BE4 EDI:00000000 EBP:00007BD8 ESP:00007B98 DS:3E00 ES:3E00 FS:0000 GS:0000 SS:3E00 CF:0 ZF:0 SF:1 OF:0 AF:0 PF:0 IF:0
F000:00001064  iret                                                   EAX:00007BE4 EBX:000019AF ECX:0000000A EDX:00000118 ESI:00007BE4 EDI:00000000 EBP:00007BD8 ESP:00007B98 DS:3E00 ES:3E00 FS:0000 GS:0000 SS:3E00 CF:0 ZF:0 SF:1 OF:0 AF:0 PF:0 IF:0
1688:00000AED  lds  si,bx                                             EAX:00007BE4 EBX:000019AF ECX:0000000A EDX:00000118 ESI:00007BE4 EDI:00000000 EBP:00007BD8 ESP:00007B9E DS:3E00 ES:3E00 FS:0000 GS:0000 SS:3E00 CF:0 ZF:0 SF:1 OF:0 AF:0 PF:0 IF:1
F000:00001060  callback 0003  (default)                               EAX:00007BE4 EBX:000019AF ECX:0000000A EDX:00000118 ESI:00007BE4 EDI:00000000 EBP:00007BD8 ESP:00007B98 DS:3E00 ES:3E00 FS:0000 GS:0000 SS:3E00 CF:0 ZF:0 SF:1 OF:0 AF:0 PF:0 IF:0
F000:00001064  iret                                                   EAX:00007BE4 EBX:000019AF ECX:0000000A EDX:00000118 ESI:00007BE4 EDI:00000000 EBP:00007BD8 ESP:00007B98 DS:3E00 ES:3E00 FS:0000 GS:0000 SS:3E00 CF:0 ZF:0 SF:1 OF:0 AF:0 PF:0 IF:0
1688:00000AED  lds  si,bx                                             EAX:00007BE4 EBX:000019AF ECX:0000000A EDX:00000118 ESI:00007BE4 EDI:00000000 EBP:00007BD8 ESP:00007B9E DS:3E00 ES:3E00 FS:0000 GS:0000 SS:3E00 CF:0 ZF:0 SF:1 OF:0 AF:0 PF:0 IF:1
F000:00001060  callback 0003  (default)                               EAX:00007BE4 EBX:000019AF ECX:0000000A EDX:00000118 ESI:00007BE4 EDI:00000000 EBP:00007BD8 ESP:00007B98 DS:3E00 ES:3E00 FS:0000 GS:0000 SS:3E00 CF:0 ZF:0 SF:1 OF:0 AF:0 PF:0 IF:0
F000:00001064  iret                                                   EAX:00007BE4 EBX:000019AF ECX:0000000A EDX:00000118 ESI:00007BE4 EDI:00000000 EBP:00007BD8 ESP:00007B98 DS:3E00 ES:3E00 FS:0000 GS:0000 SS:3E00 CF:0 ZF:0 SF:1 OF:0 AF:0 PF:0 IF:0
1688:00000AED  lds  si,bx                                             EAX:00007BE4 EBX:000019AF ECX:0000000A EDX:00000118 ESI:00007BE4 EDI:00000000 EBP:00007BD8 ESP:00007B9E DS:3E00 ES:3E00 FS:0000 GS:0000 SS:3E00 CF:0 ZF:0 SF:1 OF:0 AF:0 PF:0 IF:1
F000:00001060  callback 0003  (default)                               EAX:00007BE4 EBX:000019AF ECX:0000000A EDX:00000118 ESI:00007BE4 EDI:00000000 EBP:00007BD8 ESP:00007B98 DS:3E00 ES:3E00 FS:0000 GS:0000 SS:3E00 CF:0 ZF:0 SF:1 OF:0 AF:0 PF:0 IF:0
F000:00001064  iret                                                   EAX:00007BE4 EBX:000019AF ECX:0000000A EDX:00000118 ESI:00007BE4 EDI:00000000 EBP:00007BD8 ESP:00007B98 DS:3E00 ES:3E00 FS:0000 GS:0000 SS:3E00 CF:0 ZF:0 SF:1 OF:0 AF:0 PF:0 IF:0
1688:00000AED  lds  si,bx                                             EAX:00007BE4 EBX:000019AF ECX:0000000A EDX:00000118 ESI:00007BE4 EDI:00000000 EBP:00007BD8 ESP:00007B9E DS:3E00 ES:3E00 FS:0000 GS:0000 SS:3E00 CF:0 ZF:0 SF:1 OF:0 AF:0 PF:0 IF:1
F000:00001060  callback 0003  (default)                               EAX:00007BE4 EBX:000019AF ECX:0000000A EDX:00000118 ESI:00007BE4 EDI:00000000 EBP:00007BD8 ESP:00007B98 DS:3E00 ES:3E00 FS:0000 GS:0000 SS:3E00 CF:0 ZF:0 SF:1 OF:0 AF:0 PF:0 IF:0
F000:00001064  iret                                                   EAX:00007BE4 EBX:000019AF ECX:0000000A EDX:00000118 ESI:00007BE4 EDI:00000000 EBP:00007BD8 ESP:00007B98 DS:3E00 ES:3E00 FS:0000 GS:0000 SS:3E00 CF:0 ZF:0 SF:1 OF:0 AF:0 PF:0 IF:0
1688:00000AED  lds  si,bx                                             EAX:00007BE4 EBX:000019AF ECX:0000000A EDX:00000118 ESI:00007BE4 EDI:00000000 EBP:00007BD8 ESP:00007B9E DS:3E00 ES:3E00 FS:0000 GS:0000 SS:3E00 CF:0 ZF:0 SF:1 OF:0 AF:0 PF:0 IF:1
F000:00001060  callback 0003  (default)                               EAX:00007BE4 EBX:000019AF ECX:0000000A EDX:00000118 ESI:00007BE4 EDI:00000000 EBP:00007BD8 ESP:00007B98 DS:3E00 ES:3E00 FS:0000 GS:0000 SS:3E00 CF:0 ZF:0 SF:1 OF:0 AF:0 PF:0 IF:0
F000:00001064  iret                                                   EAX:00007BE4 EBX:000019AF ECX:0000000A EDX:00000118 ESI:00007BE4 EDI:00000000 EBP:00007BD8 ESP:00007B98 DS:3E00 ES:3E00 FS:0000 GS:0000 SS:3E00 CF:0 ZF:0 SF:1 OF:0 AF:0 PF:0 IF:0
1688:00000AED  lds  si,bx                                             EAX:00007BE4 EBX:000019AF ECX:0000000A EDX:00000118 ESI:00007BE4 EDI:00000000 EBP:00007BD8 ESP:00007B9E DS:3E00 ES:3E00 FS:0000 GS:0000 SS:3E00 CF:0 ZF:0 SF:1 OF:0 AF:0 PF:0 IF:1
F000:00001060  callback 0003  (default)                               EAX:00007BE4 EBX:000019AF ECX:0000000A EDX:00000118 ESI:00007BE4 EDI:00000000 EBP:00007BD8 ESP:00007B98 DS:3E00 ES:3E00 FS:0000 GS:0000 SS:3E00 CF:0 ZF:0 SF:1 OF:0 AF:0 PF:0 IF:0
F000:00001064  iret                                                   EAX:00007BE4 EBX:000019AF ECX:0000000A EDX:00000118 ESI:00007BE4 EDI:00000000 EBP:00007BD8 ESP:00007B98 DS:3E00 ES:3E00 FS:0000 GS:0000 SS:3E00 CF:0 ZF:0 SF:1 OF:0 AF:0 PF:0 IF:0
1688:00000AED  lds  si,bx                                             EAX:00007BE4 EBX:000019AF ECX:0000000A EDX:00000118 ESI:00007BE4 EDI:00000000 EBP:00007BD8 ESP:00007B9E DS:3E00 ES:3E00 FS:0000 GS:0000 SS:3E00 CF:0 ZF:0 SF:1 OF:0 AF:0 PF:0 IF:1
F000:00001060  callback 0003  (default)                               EAX:00007BE4 EBX:000019AF ECX:0000000A EDX:00000118 ESI:00007BE4 EDI:00000000 EBP:00007BD8 ESP:00007B98 DS:3E00 ES:3E00 FS:0000 GS:0000 SS:3E00 CF:0 ZF:0 SF:1 OF:0 AF:0 PF:0 IF:0
F000:00001064  iret                                                   EAX:00007BE4 EBX:000019AF ECX:0000000A EDX:00000118 ESI:00007BE4 EDI:00000000 EBP:00007BD8 ESP:00007B98 DS:3E00 ES:3E00 FS:0000 GS:0000 SS:3E00 CF:0 ZF:0 SF:1 OF:0 AF:0 PF:0 IF:0
1688:00000AED  lds  si,bx                                             EAX:00007BE4 EBX:000019AF ECX:0000000A EDX:00000118 ESI:00007BE4 EDI:00000000 EBP:00007BD8 ESP:00007B9E DS:3E00 ES:3E00 FS:0000 GS:0000 SS:3E00 CF:0 ZF:0 SF:1 OF:0 AF:0 PF:0 IF:1
F000:00001060  callback 0003  (default)                               EAX:00007BE4 EBX:000019AF ECX:0000000A EDX:00000118 ESI:00007BE4 EDI:00000000 EBP:00007BD8 ESP:00007B98 DS:3E00 ES:3E00 FS:0000 GS:0000 SS:3E00 CF:0 ZF:0 SF:1 OF:0 AF:0 PF:0 IF:0
F000:00001064  iret                                                   EAX:00007BE4 EBX:000019AF ECX:0000000A EDX:00000118 ESI:00007BE4 EDI:00000000 EBP:00007BD8 ESP:00007B98 DS:3E00 ES:3E00 FS:0000 GS:0000 SS:3E00 CF:0 ZF:0 SF:1 OF:0 AF:0 PF:0 IF:0
1688:00000AED  lds  si,bx                                             EAX:00007BE4 EBX:000019AF ECX:0000000A EDX:00000118 ESI:00007BE4 EDI:00000000 EBP:00007BD8 ESP:00007B9E DS:3E00 ES:3E00 FS:0000 GS:0000 SS:3E00 CF:0 ZF:0 SF:1 OF:0 AF:0 PF:0 IF:1
F000:00001060  callback 0003  (default)                               EAX:00007BE4 EBX:000019AF ECX:0000000A EDX:00000118 ESI:00007BE4 EDI:00000000 EBP:00007BD8 ESP:00007B98 DS:3E00 ES:3E00 FS:0000 GS:0000 SS:3E00 CF:0 ZF:0 SF:1 OF:0 AF:0 PF:0 IF:0
F000:00001064  iret                                                   EAX:00007BE4 EBX:000019AF ECX:0000000A EDX:00000118 ESI:00007BE4 EDI:00000000 EBP:00007BD8 ESP:00007B98 DS:3E00 ES:3E00 FS:0000 GS:0000 SS:3E00 CF:0 ZF:0 SF:1 OF:0 AF:0 PF:0 IF:0
1688:00000AED  lds  si,bx                                             EAX:00007BE4 EBX:000019AF ECX:0000000A EDX:00000118 ESI:00007BE4 EDI:00000000 EBP:00007BD8 ESP:00007B9E DS:3E00 ES:3E00 FS:0000 GS:0000 SS:3E00 CF:0 ZF:0 SF:1 OF:0 AF:0 PF:0 IF:1
F000:00001060  callback 0003  (default)                               EAX:00007BE4 EBX:000019AF ECX:0000000A EDX:00000118 ESI:00007BE4 EDI:00000000 EBP:00007BD8 ESP:00007B98 DS:3E00 ES:3E00 FS:0000 GS:0000 SS:3E00 CF:0 ZF:0 SF:1 OF:0 AF:0 PF:0 IF:0
F000:00001064  iret                                                   EAX:00007BE4 EBX:000019AF ECX:0000000A EDX:00000118 ESI:00007BE4 EDI:00000000 EBP:00007BD8 ESP:00007B98 DS:3E00 ES:3E00 FS:0000 GS:0000 SS:3E00 CF:0 ZF:0 SF:1 OF:0 AF:0 PF:0 IF:0
1688:00000AED  lds  si,bx                                             EAX:00007BE4 EBX:000019AF ECX:0000000A EDX:00000118 ESI:00007BE4 EDI:00000000 EBP:00007BD8 ESP:00007B9E DS:3E00 ES:3E00 FS:0000 GS:0000 SS:3E00 CF:0 ZF:0 SF:1 OF:0 AF:0 PF:0 IF:1
F000:00001060  callback 0003  (default)                               EAX:00007BE4 EBX:000019AF ECX:0000000A EDX:00000118 ESI:00007BE4 EDI:00000000 EBP:00007BD8 ESP:00007B98 DS:3E00 ES:3E00 FS:0000 GS:0000 SS:3E00 CF:0 ZF:0 SF:1 OF:0 AF:0 PF:0 IF:0
F000:00001064  iret                                                   EAX:00007BE4 EBX:000019AF ECX:0000000A EDX:00000118 ESI:00007BE4 EDI:00000000 EBP:00007BD8 ESP:00007B98 DS:3E00 ES:3E00 FS:0000 GS:0000 SS:3E00 CF:0 ZF:0 SF:1 OF:0 AF:0 PF:0 IF:0
1688:00000AED  lds  si,bx                                             EAX:00007BE4 EBX:000019AF ECX:0000000A EDX:00000118 ESI:00007BE4 EDI:00000000 EBP:00007BD8 ESP:00007B9E DS:3E00 ES:3E00 FS:0000 GS:0000 SS:3E00 CF:0 ZF:0 SF:1 OF:0 AF:0 PF:0 IF:1
F000:00001060  callback 0003  (default)                               EAX:00007BE4 EBX:000019AF ECX:0000000A EDX:00000118 ESI:00007BE4 EDI:00000000 EBP:00007BD8 ESP:00007B98 DS:3E00 ES:3E00 FS:0000 GS:0000 SS:3E00 CF:0 ZF:0 SF:1 OF:0 AF:0 PF:0 IF:0
F000:00001064  iret                                                   EAX:00007BE4 EBX:000019AF ECX:0000000A EDX:00000118 ESI:00007BE4 EDI:00000000 EBP:00007BD8 ESP:00007B98 DS:3E00 ES:3E00 FS:0000 GS:0000 SS:3E00 CF:0 ZF:0 SF:1 OF:0 AF:0 PF:0 IF:0
1688:00000AED  lds  si,bx                                             EAX:00007BE4 EBX:000019AF ECX:0000000A EDX:00000118 ESI:00007BE4 EDI:00000000 EBP:00007BD8 ESP:00007B9E DS:3E00 ES:3E00 FS:0000 GS:0000 SS:3E00 CF:0 ZF:0 SF:1 OF:0 AF:0 PF:0 IF:1
F000:00001060  callback 0003  (default)                               EAX:00007BE4 EBX:000019AF ECX:0000000A EDX:00000118 ESI:00007BE4 EDI:00000000 EBP:00007BD8 ESP:00007B98 DS:3E00 ES:3E00 FS:0000 GS:0000 SS:3E00 CF:0 ZF:0 SF:1 OF:0 AF:0 PF:0 IF:0
F000:00001064  iret                                                   EAX:00007BE4 EBX:000019AF ECX:0000000A EDX:00000118 ESI:00007BE4 EDI:00000000 EBP:00007BD8 ESP:00007B98 DS:3E00 ES:3E00 FS:0000 GS:0000 SS:3E00 CF:0 ZF:0 SF:1 OF:0 AF:0 PF:0 IF:0
1688:00000AED  lds  si,bx                                             EAX:00007BE4 EBX:000019AF ECX:0000000A EDX:00000118 ESI:00007BE4 EDI:00000000 EBP:00007BD8 ESP:00007B9E DS:3E00 ES:3E00 FS:0000 GS:0000 SS:3E00 CF:0 ZF:0 SF:1 OF:0 AF:0 PF:0 IF:1
F000:00001060  callback 0003  (default)                               EAX:00007BE4 EBX:000019AF ECX:0000000A EDX:00000118 ESI:00007BE4 EDI:00000000 EBP:00007BD8 ESP:00007B98 DS:3E00 ES:3E00 FS:0000 GS:0000 SS:3E00 CF:0 ZF:0 SF:1 OF:0 AF:0 PF:0 IF:0
F000:00001064  iret                                                   EAX:00007BE4 EBX:000019AF ECX:0000000A EDX:00000118 ESI:00007BE4 EDI:00000000 EBP:00007BD8 ESP:00007B98 DS:3E00 ES:3E00 FS:0000 GS:0000 SS:3E00 CF:0 ZF:0 SF:1 OF:0 AF:0 PF:0 IF:0
1688:00000AED  lds  si,bx                                             EAX:00007BE4 EBX:000019AF ECX:0000000A EDX:00000118 ESI:00007BE4 EDI:00000000 EBP:00007BD8 ESP:00007B9E DS:3E00 ES:3E00 FS:0000 GS:0000 SS:3E00 CF:0 ZF:0 SF:1 OF:0 AF:0 PF:0 IF:1
F000:00001060  callback 0003  (default)                               EAX:00007BE4 EBX:000019AF ECX:0000000A EDX:00000118 ESI:00007BE4 EDI:00000000 EBP:00007BD8 ESP:00007B98 DS:3E00 ES:3E00 FS:0000 GS:0000 SS:3E00 CF:0 ZF:0 SF:1 OF:0 AF:0 PF:0 IF:0
F000:00001064  iret                                                   EAX:00007BE4 EBX:000019AF ECX:0000000A EDX:00000118 ESI:00007BE4 EDI:00000000 EBP:00007BD8 ESP:00007B98 DS:3E00 ES:3E00 FS:0000 GS:0000 SS:3E00 CF:0 ZF:0 SF:1 OF:0 AF:0 PF:0 IF:0
1688:00000AED  lds  si,bx                                             EAX:00007BE4 EBX:000019AF ECX:0000000A EDX:00000118 ESI:00007BE4 EDI:00000000 EBP:00007BD8 ESP:00007B9E DS:3E00 ES:3E00 FS:0000 GS:0000 SS:3E00 CF:0 ZF:0 SF:1 OF:0 AF:0 PF:0 IF:1
F000:00001060  callback 0003  (default)                               EAX:00007BE4 EBX:000019AF ECX:0000000A EDX:00000118 ESI:00007BE4 EDI:00000000 EBP:00007BD8 ESP:00007B98 DS:3E00 ES:3E00 FS:0000 GS:0000 SS:3E00 CF:0 ZF:0 SF:1 OF:0 AF:0 PF:0 IF:0
F000:00001064  iret                                                   EAX:00007BE4 EBX:000019AF ECX:0000000A EDX:00000118 ESI:00007BE4 EDI:00000000 EBP:00007BD8 ESP:00007B98 DS:3E00 ES:3E00 FS:0000 GS:0000 SS:3E00 CF:0 ZF:0 SF:1 OF:0 AF:0 PF:0 IF:0
1688:00000AED  lds  si,bx                                             EAX:00007BE4 EBX:000019AF ECX:0000000A EDX:00000118 ESI:00007BE4 EDI:00000000 EBP:00007BD8 ESP:00007B9E DS:3E00 ES:3E00 FS:0000 GS:0000 SS:3E00 CF:0 ZF:0 SF:1 OF:0 AF:0 PF:0 IF:1
F000:00001060  callback 0003  (default)                               EAX:00007BE4 EBX:000019AF ECX:0000000A EDX:00000118 ESI:00007BE4 EDI:00000000 EBP:00007BD8 ESP:00007B98 DS:3E00 ES:3E00 FS:0000 GS:0000 SS:3E00 CF:0 ZF:0 SF:1 OF:0 AF:0 PF:0 IF:0
F000:00001064  iret                                                   EAX:00007BE4 EBX:000019AF ECX:0000000A EDX:00000118 ESI:00007BE4 EDI:00000000 EBP:00007BD8 ESP:00007B98 DS:3E00 ES:3E00 FS:0000 GS:0000 SS:3E00 CF:0 ZF:0 SF:1 OF:0 AF:0 PF:0 IF:0
1688:00000AED  lds  si,bx                                             EAX:00007BE4 EBX:000019AF ECX:0000000A EDX:00000118 ESI:00007BE4 EDI:00000000 EBP:00007BD8 ESP:00007B9E DS:3E00 ES:3E00 FS:0000 GS:0000 SS:3E00 CF:0 ZF:0 SF:1 OF:0 AF:0 PF:0 IF:1
F000:00001060  callback 0003  (default)                               EAX:00007BE4 EBX:000019AF ECX:0000000A EDX:00000118 ESI:00007BE4 EDI:00000000 EBP:00007BD8 ESP:00007B98 DS:3E00 ES:3E00 FS:0000 GS:0000 SS:3E00 CF:0 ZF:0 SF:1 OF:0 AF:0 PF:0 IF:0
F000:00001064  iret                                                   EAX:00007BE4 EBX:000019AF ECX:0000000A EDX:00000118 ESI:00007BE4 EDI:00000000 EBP:00007BD8 ESP:00007B98 DS:3E00 ES:3E00 FS:0000 GS:0000 SS:3E00 CF:0 ZF:0 SF:1 OF:0 AF:0 PF:0 IF:0
1688:00000AED  lds  si,bx                                             EAX:00007BE4 EBX:000019AF ECX:0000000A EDX:00000118 ESI:00007BE4 EDI:00000000 EBP:00007BD8 ESP:00007B9E DS:3E00 ES:3E00 FS:0000 GS:0000 SS:3E00 CF:0 ZF:0 SF:1 OF:0 AF:0 PF:0 IF:1
F000:00001060  callback 0003  (default)                               EAX:00007BE4 EBX:000019AF ECX:0000000A EDX:00000118 ESI:00007BE4 EDI:00000000 EBP:00007BD8 ESP:00007B98 DS:3E00 ES:3E00 FS:0000 GS:0000 SS:3E00 CF:0 ZF:0 SF:1 OF:0 AF:0 PF:0 IF:0
F000:00001064  iret                                                   EAX:00007BE4 EBX:000019AF ECX:0000000A EDX:00000118 ESI:00007BE4 EDI:00000000 EBP:00007BD8 ESP:00007B98 DS:3E00 ES:3E00 FS:0000 GS:0000 SS:3E00 CF:0 ZF:0 SF:1 OF:0 AF:0 PF:0 IF:0
1688:00000AED  lds  si,bx                                             EAX:00007BE4 EBX:000019AF ECX:0000000A EDX:00000118 ESI:00007BE4 EDI:00000000 EBP:00007BD8 ESP:00007B9E DS:3E00 ES:3E00 FS:0000 GS:0000 SS:3E00 CF:0 ZF:0 SF:1 OF:0 AF:0 PF:0 IF:1
F000:00001060  callback 0003  (default)                               EAX:00007BE4 EBX:000019AF ECX:0000000A EDX:00000118 ESI:00007BE4 EDI:00000000 EBP:00007BD8 ESP:00007B98 DS:3E00 ES:3E00 FS:0000 GS:0000 SS:3E00 CF:0 ZF:0 SF:1 OF:0 AF:0 PF:0 IF:0
F000:00001064  iret                                                   EAX:00007BE4 EBX:000019AF ECX:0000000A EDX:00000118 ESI:00007BE4 EDI:00000000 EBP:00007BD8 ESP:00007B98 DS:3E00 ES:3E00 FS:0000 GS:0000 SS:3E00 CF:0 ZF:0 SF:1 OF:0 AF:0 PF:0 IF:0
1688:00000AED  lds  si,bx                                             EAX:00007BE4 EBX:000019AF ECX:0000000A EDX:00000118 ESI:00007BE4 EDI:00000000 EBP:00007BD8 ESP:00007B9E DS:3E00 ES:3E00 FS:0000 GS:0000 SS:3E00 CF:0 ZF:0 SF:1 OF:0 AF:0 PF:0 IF:1
F000:00001060  callback 0003  (default)                               EAX:00007BE4 EBX:000019AF ECX:0000000A EDX:00000118 ESI:00007BE4 EDI:00000000 EBP:00007BD8 ESP:00007B98 DS:3E00 ES:3E00 FS:0000 GS:0000 SS:3E00 CF:0 ZF:0 SF:1 OF:0 AF:0 PF:0 IF:0
F000:00001064  iret                                                   EAX:00007BE4 EBX:000019AF ECX:0000000A EDX:00000118 ESI:00007BE4 EDI:00000000 EBP:00007BD8 ESP:00007B98 DS:3E00 ES:3E00 FS:0000 GS:0000 SS:3E00 CF:0 ZF:0 SF:1 OF:0 AF:0 PF:0 IF:0
1688:00000AED  lds  si,bx                                             EAX:00007BE4 EBX:000019AF ECX:0000000A EDX:00000118 ESI:00007BE4 EDI:00000000 EBP:00007BD8 ESP:00007B9E DS:3E00 ES:3E00 FS:0000 GS:0000 SS:3E00 CF:0 ZF:0 SF:1 OF:0 AF:0 PF:0 IF:1
F000:00001060  callback 0003  (default)                               EAX:00007BE4 EBX:000019AF ECX:0000000A EDX:00000118 ESI:00007BE4 EDI:00000000 EBP:00007BD8 ESP:00007B98 DS:3E00 ES:3E00 FS:0000 GS:0000 SS:3E00 CF:0 ZF:0 SF:1 OF:0 AF:0 PF:0 IF:0
F000:00001064  iret                                                   EAX:00007BE4 EBX:000019AF ECX:0000000A EDX:00000118 ESI:00007BE4 EDI:00000000 EBP:00007BD8 ESP:00007B98 DS:3E00 ES:3E00 FS:0000 GS:0000 SS:3E00 CF:0 ZF:0 SF:1 OF:0 AF:0 PF:0 IF:0
1688:00000AED  lds  si,bx                                             EAX:00007BE4 EBX:000019AF ECX:0000000A EDX:00000118 ESI:00007BE4 EDI:00000000 EBP:00007BD8 ESP:00007B9E DS:3E00 ES:3E00 FS:0000 GS:0000 SS:3E00 CF:0 ZF:0 SF:1 OF:0 AF:0 PF:0 IF:1
F000:00001060  callback 0003  (default)                               EAX:00007BE4 EBX:000019AF ECX:0000000A EDX:00000118 ESI:00007BE4 EDI:00000000 EBP:00007BD8 ESP:00007B98 DS:3E00 ES:3E00 FS:0000 GS:0000 SS:3E00 CF:0 ZF:0 SF:1 OF:0 AF:0 PF:0 IF:0
F000:00001064  iret                                                   EAX:00007BE4 EBX:000019AF ECX:0000000A EDX:00000118 ESI:00007BE4 EDI:00000000 EBP:00007BD8 ESP:00007B98 DS:3E00 ES:3E00 FS:0000 GS:0000 SS:3E00 CF:0 ZF:0 SF:1 OF:0 AF:0 PF:0 IF:0
1688:00000AED  lds  si,bx                                             EAX:00007BE4 EBX:000019AF ECX:0000000A EDX:00000118 ESI:00007BE4 EDI:00000000 EBP:00007BD8 ESP:00007B9E DS:3E00 ES:3E00 FS:0000 GS:0000 SS:3E00 CF:0 ZF:0 SF:1 OF:0 AF:0 PF:0 IF:1
F000:00001060  callback 0003  (default)                               EAX:00007BE4 EBX:000019AF ECX:0000000A EDX:00000118 ESI:00007BE4 EDI:00000000 EBP:00007BD8 ESP:00007B98 DS:3E00 ES:3E00 FS:0000 GS:0000 SS:3E00 CF:0 ZF:0 SF:1 OF:0 AF:0 PF:0 IF:0
F000:00001064  iret                                                   EAX:00007BE4 EBX:000019AF ECX:0000000A EDX:00000118 ESI:00007BE4 EDI:00000000 EBP:00007BD8 ESP:00007B98 DS:3E00 ES:3E00 FS:0000 GS:0000 SS:3E00 CF:0 ZF:0 SF:1 OF:0 AF:0 PF:0 IF:0
1688:00000AED  lds  si,bx                                             EAX:00007BE4 EBX:000019AF ECX:0000000A EDX:00000118 ESI:00007BE4 EDI:00000000 EBP:00007BD8 ESP:00007B9E DS:3E00 ES:3E00 FS:0000 GS:0000 SS:3E00 CF:0 ZF:0 SF:1 OF:0 AF:0 PF:0 IF:1
F000:00001060  callback 0003  (default)                               EAX:00007BE4 EBX:000019AF ECX:0000000A EDX:00000118 ESI:00007BE4 EDI:00000000 EBP:00007BD8 ESP:00007B98 DS:3E00 ES:3E00 FS:0000 GS:0000 SS:3E00 CF:0 ZF:0 SF:1 OF:0 AF:0 PF:0 IF:0
F000:00001064  iret                                                   EAX:00007BE4 EBX:000019AF ECX:0000000A EDX:00000118 ESI:00007BE4 EDI:00000000 EBP:00007BD8 ESP:00007B98 DS:3E00 ES:3E00 FS:0000 GS:0000 SS:3E00 CF:0 ZF:0 SF:1 OF:0 AF:0 PF:0 IF:0
1688:00000AED  lds  si,bx                                             EAX:00007BE4 EBX:000019AF ECX:0000000A EDX:00000118 ESI:00007BE4 EDI:00000000 EBP:00007BD8 ESP:00007B9E DS:3E00 ES:3E00 FS:0000 GS:0000 SS:3E00 CF:0 ZF:0 SF:1 OF:0 AF:0 PF:0 IF:1
F000:00001060  callback 0003  (default)                               EAX:00007BE4 EBX:000019AF ECX:0000000A EDX:00000118 ESI:00007BE4 EDI:00000000 EBP:00007BD8 ESP:00007B98 DS:3E00 ES:3E00 FS:0000 GS:0000 SS:3E00 CF:0 ZF:0 SF:1 OF:0 AF:0 PF:0 IF:0
F000:00001064  iret                                                   EAX:00007BE4 EBX:000019AF ECX:0000000A EDX:00000118 ESI:00007BE4 EDI:00000000 EBP:00007BD8 ESP:00007B98 DS:3E00 ES:3E00 FS:0000 GS:0000 SS:3E00 CF:0 ZF:0 SF:1 OF:0 AF:0 PF:0 IF:0
1688:00000AED  lds  si,bx                                             EAX:00007BE4 EBX:000019AF ECX:0000000A EDX:00000118 ESI:00007BE4 EDI:00000000 EBP:00007BD8 ESP:00007B9E DS:3E00 ES:3E00 FS:0000 GS:0000 SS:3E00 CF:0 ZF:0 SF:1 OF:0 AF:0 PF:0 IF:1
F000:00001060  callback 0003  (default)                               EAX:00007BE4 EBX:000019AF ECX:0000000A EDX:00000118 ESI:00007BE4 EDI:00000000 EBP:00007BD8 ESP:00007B98 DS:3E00 ES:3E00 FS:0000 GS:0000 SS:3E00 CF:0 ZF:0 SF:1 OF:0 AF:0 PF:0 IF:0
F000:00001064  iret                                                   EAX:00007BE4 EBX:000019AF ECX:0000000A EDX:00000118 ESI:00007BE4 EDI:00000000 EBP:00007BD8 ESP:00007B98 DS:3E00 ES:3E00 FS:0000 GS:0000 SS:3E00 CF:0 ZF:0 SF:1 OF:0 AF:0 PF:0 IF:0
1688:00000AED  lds  si,bx                                             EAX:00007BE4 EBX:000019AF ECX:0000000A EDX:00000118 ESI:00007BE4 EDI:00000000 EBP:00007BD8 ESP:00007B9E DS:3E00 ES:3E00 FS:0000 GS:0000 SS:3E00 CF:0 ZF:0 SF:1 OF:0 AF:0 PF:0 IF:1
F000:00001060  callback 0003  (default)                               EAX:00007BE4 EBX:000019AF ECX:0000000A EDX:00000118 ESI:00007BE4 EDI:00000000 EBP:00007BD8 ESP:00007B98 DS:3E00 ES:3E00 FS:0000 GS:0000 SS:3E00 CF:0 ZF:0 SF:1 OF:0 AF:0 PF:0 IF:0
F000:00001064  iret                                                   EAX:00007BE4 EBX:000019AF ECX:0000000A EDX:00000118 ESI:00007BE4 EDI:00000000 EBP:00007BD8 ESP:00007B98 DS:3E00 ES:3E00 FS:0000 GS:0000 SS:3E00 CF:0 ZF:0 SF:1 OF:0 AF:0 PF:0 IF:0
1688:00000AED  lds  si,bx                                             EAX:00007BE4 EBX:000019AF ECX:0000000A EDX:00000118 ESI:00007BE4 EDI:00000000 EBP:00007BD8 ESP:00007B9E DS:3E00 ES:3E00 FS:0000 GS:0000 SS:3E00 CF:0 ZF:0 SF:1 OF:0 AF:0 PF:0 IF:1
F000:00001060  callback 0003  (default)                               EAX:00007BE4 EBX:000019AF ECX:0000000A EDX:00000118 ESI:00007BE4 EDI:00000000 EBP:00007BD8 ESP:00007B98 DS:3E00 ES:3E00 FS:0000 GS:0000 SS:3E00 CF:0 ZF:0 SF:1 OF:0 AF:0 PF:0 IF:0
F000:00001064  iret                                                   EAX:00007BE4 EBX:000019AF ECX:0000000A EDX:00000118 ESI:00007BE4 EDI:00000000 EBP:00007BD8 ESP:00007B98 DS:3E00 ES:3E00 FS:0000 GS:0000 SS:3E00 CF:0 ZF:0 SF:1 OF:0 AF:0 PF:0 IF:0
1688:00000AED  lds  si,bx                                             EAX:00007BE4 EBX:000019AF ECX:0000000A EDX:00000118 ESI:00007BE4 EDI:00000000 EBP:00007BD8 ESP:00007B9E DS:3E00 ES:3E00 FS:0000 GS:0000 SS:3E00 CF:0 ZF:0 SF:1 OF:0 AF:0 PF:0 IF:1
F000:00001060  callback 0003  (default)                               EAX:00007BE4 EBX:000019AF ECX:0000000A EDX:00000118 ESI:00007BE4 EDI:00000000 EBP:00007BD8 ESP:00007B98 DS:3E00 ES:3E00 FS:0000 GS:0000 SS:3E00 CF:0 ZF:0 SF:1 OF:0 AF:0 PF:0 IF:0
F000:00001064  iret                                                   EAX:00007BE4 EBX:000019AF ECX:0000000A EDX:00000118 ESI:00007BE4 EDI:00000000 EBP:00007BD8 ESP:00007B98 DS:3E00 ES:3E00 FS:0000 GS:0000 SS:3E00 CF:0 ZF:0 SF:1 OF:0 AF:0 PF:0 IF:0
1688:00000AED  lds  si,bx                                             EAX:00007BE4 EBX:000019AF ECX:0000000A EDX:00000118 ESI:00007BE4 EDI:00000000 EBP:00007BD8 ESP:00007B9E DS:3E00 ES:3E00 FS:0000 GS:0000 SS:3E00 CF:0 ZF:0 SF:1 OF:0 AF:0 PF:0 IF:1
F000:00001060  callback 0003  (default)                               EAX:00007BE4 EBX:000019AF ECX:0000000A EDX:00000118 ESI:00007BE4 EDI:00000000 EBP:00007BD8 ESP:00007B98 DS:3E00 ES:3E00 FS:0000 GS:0000 SS:3E00 CF:0 ZF:0 SF:1 OF:0 AF:0 PF:0 IF:0
F000:00001064  iret                                                   EAX:00007BE4 EBX:000019AF ECX:0000000A EDX:00000118 ESI:00007BE4 EDI:00000000 EBP:00007BD8 ESP:00007B98 DS:3E00 ES:3E00 FS:0000 GS:0000 SS:3E00 CF:0 ZF:0 SF:1 OF:0 AF:0 PF:0 IF:0
1688:00000AED  lds  si,bx                                             EAX:00007BE4 EBX:000019AF ECX:0000000A EDX:00000118 ESI:00007BE4 EDI:00000000 EBP:00007BD8 ESP:00007B9E DS:3E00 ES:3E00 FS:0000 GS:0000 SS:3E00 CF:0 ZF:0 SF:1 OF:0 AF:0 PF:0 IF:1
F000:00001060  callback 0003  (default)                               EAX:00007BE4 EBX:000019AF ECX:0000000A EDX:00000118 ESI:00007BE4 EDI:00000000 EBP:00007BD8 ESP:00007B98 DS:3E00 ES:3E00 FS:0000 GS:0000 SS:3E00 CF:0 ZF:0 SF:1 OF:0 AF:0 PF:0 IF:0
F000:00001064  iret                                                   EAX:00007BE4 EBX:000019AF ECX:0000000A EDX:00000118 ESI:00007BE4 EDI:00000000 EBP:00007BD8 ESP:00007B98 DS:3E00 ES:3E00 FS:0000 GS:0000 SS:3E00 CF:0 ZF:0 SF:1 OF:0 AF:0 PF:0 IF:0
1688:00000AED  lds  si,bx                                             EAX:00007BE4 EBX:000019AF ECX:0000000A EDX:00000118 ESI:00007BE4 EDI:00000000 EBP:00007BD8 ESP:00007B9E DS:3E00 ES:3E00 FS:0000 GS:0000 SS:3E00 CF:0 ZF:0 SF:1 OF:0 AF:0 PF:0 IF:1
F000:00001060  callback 0003  (default)                               EAX:00007BE4 EBX:000019AF ECX:0000000A EDX:00000118 ESI:00007BE4 EDI:00000000 EBP:00007BD8 ESP:00007B98 DS:3E00 ES:3E00 FS:0000 GS:0000 SS:3E00 CF:0 ZF:0 SF:1 OF:0 AF:0 PF:0 IF:0
F000:00001064  iret                                                   EAX:00007BE4 EBX:000019AF ECX:0000000A EDX:00000118 ESI:00007BE4 EDI:00000000 EBP:00007BD8 ESP:00007B98 DS:3E00 ES:3E00 FS:0000 GS:0000 SS:3E00 CF:0 ZF:0 SF:1 OF:0 AF:0 PF:0 IF:0
1688:00000AED  lds  si,bx                                             EAX:00007BE4 EBX:000019AF ECX:0000000A EDX:00000118 ESI:00007BE4 EDI:00000000 EBP:00007BD8 ESP:00007B9E DS:3E00 ES:3E00 FS:0000 GS:0000 SS:3E00 CF:0 ZF:0 SF:1 OF:0 AF:0 PF:0 IF:1
F000:00001060  callback 0003  (default)                               EAX:00007BE4 EBX:000019AF ECX:0000000A EDX:00000118 ESI:00007BE4 EDI:00000000 EBP:00007BD8 ESP:00007B98 DS:3E00 ES:3E00 FS:0000 GS:0000 SS:3E00 CF:0 ZF:0 SF:1 OF:0 AF:0 PF:0 IF:0
F000:00001064  iret                                                   EAX:00007BE4 EBX:000019AF ECX:0000000A EDX:00000118 ESI:00007BE4 EDI:00000000 EBP:00007BD8 ESP:00007B98 DS:3E00 ES:3E00 FS:0000 GS:0000 SS:3E00 CF:0 ZF:0 SF:1 OF:0 AF:0 PF:0 IF:0
1688:00000AED  lds  si,bx                                             EAX:00007BE4 EBX:000019AF ECX:0000000A EDX:00000118 ESI:00007BE4 EDI:00000000 EBP:00007BD8 ESP:00007B9E DS:3E00 ES:3E00 FS:0000 GS:0000 SS:3E00 CF:0 ZF:0 SF:1 OF:0 AF:0 PF:0 IF:1
F000:00001060  callback 0003  (default)                               EAX:00007BE4 EBX:000019AF ECX:0000000A EDX:00000118 ESI:00007BE4 EDI:00000000 EBP:00007BD8 ESP:00007B98 DS:3E00 ES:3E00 FS:0000 GS:0000 SS:3E00 CF:0 ZF:0 SF:1 OF:0 AF:0 PF:0 IF:0
F000:00001064  iret                                                   EAX:00007BE4 EBX:000019AF ECX:0000000A EDX:00000118 ESI:00007BE4 EDI:00000000 EBP:00007BD8 ESP:00007B98 DS:3E00 ES:3E00 FS:0000 GS:0000 SS:3E00 CF:0 ZF:0 SF:1 OF:0 AF:0 PF:0 IF:0
1688:00000AED  lds  si,bx                                             EAX:00007BE4 EBX:000019AF ECX:0000000A EDX:00000118 ESI:00007BE4 EDI:00000000 EBP:00007BD8 ESP:00007B9E DS:3E00 ES:3E00 FS:0000 GS:0000 SS:3E00 CF:0 ZF:0 SF:1 OF:0 AF:0 PF:0 IF:1
F000:00001060  callback 0003  (default)                               EAX:00007BE4 EBX:000019AF ECX:0000000A EDX:00000118 ESI:00007BE4 EDI:00000000 EBP:00007BD8 ESP:00007B98 DS:3E00 ES:3E00 FS:0000 GS:0000 SS:3E00 CF:0 ZF:0 SF:1 OF:0 AF:0 PF:0 IF:0
F000:00001064  iret                                                   EAX:00007BE4 EBX:000019AF ECX:0000000A EDX:00000118 ESI:00007BE4 EDI:00000000 EBP:00007BD8 ESP:00007B98 DS:3E00 ES:3E00 FS:0000 GS:0000 SS:3E00 CF:0 ZF:0 SF:1 OF:0 AF:0 PF:0 IF:0
1688:00000AED  lds  si,bx                                             EAX:00007BE4 EBX:000019AF ECX:0000000A EDX:00000118 ESI:00007BE4 EDI:00000000 EBP:00007BD8 ESP:00007B9E DS:3E00 ES:3E00 FS:0000 GS:0000 SS:3E00 CF:0 ZF:0 SF:1 OF:0 AF:0 PF:0 IF:1
F000:00001060  callback 0003  (default)                               EAX:00007BE4 EBX:000019AF ECX:0000000A EDX:00000118 ESI:00007BE4 EDI:00000000 EBP:00007BD8 ESP:00007B98 DS:3E00 ES:3E00 FS:0000 GS:0000 SS:3E00 CF:0 ZF:0 SF:1 OF:0 AF:0 PF:0 IF:0
F000:00001064  iret                                                   EAX:00007BE4 EBX:000019AF ECX:0000000A EDX:00000118 ESI:00007BE4 EDI:00000000 EBP:00007BD8 ESP:00007B98 DS:3E00 ES:3E00 FS:0000 GS:0000 SS:3E00 CF:0 ZF:0 SF:1 OF:0 AF:0 PF:0 IF:0
1688:00000AED  lds  si,bx                                             EAX:00007BE4 EBX:000019AF ECX:0000000A EDX:00000118 ESI:00007BE4 EDI:00000000 EBP:00007BD8 ESP:00007B9E DS:3E00 ES:3E00 FS:0000 GS:0000 SS:3E00 CF:0 ZF:0 SF:1 OF:0 AF:0 PF:0 IF:1
